2023-08-10 08:24:31,876 [INFO] Activator:176 - 


2023-08-10 08:24:31,881 [INFO] Activator:177 - !SESSION log4j initialized
2023-08-10 08:24:39,578 [INFO] LogOutputStream:77 - [STDOUT_REDIRECT] 
2023-08-10 08:24:42,657 [ERROR] ConfigurationRetriever:142 - IOException on connection: connect timed out
2023-08-10 08:24:44,670 [ERROR] ConfigurationRetriever:142 - IOException on connection: connect timed out
2023-08-10 08:24:46,673 [ERROR] ConfigurationRetriever:142 - IOException on connection: connect timed out
2023-08-10 08:25:01,825 [ERROR] LogOutputStream:75 - [STDERR_REDIRECT] SLF4J: Failed to load class "org.slf4j.impl.StaticLoggerBinder".
2023-08-10 08:25:01,825 [ERROR] LogOutputStream:75 - [STDERR_REDIRECT] SLF4J: Defaulting to no-operation (NOP) logger implementation
2023-08-10 08:25:01,827 [ERROR] LogOutputStream:75 - [STDERR_REDIRECT] SLF4J: See http://www.slf4j.org/codes.html#StaticLoggerBinder for further details.
2023-08-10 08:49:39,045 [ERROR] ConfigurationRetriever:142 - IOException on connection: connect timed out
2023-08-10 08:49:41,064 [ERROR] ConfigurationRetriever:142 - IOException on connection: connect timed out
2023-08-10 08:49:43,069 [ERROR] ConfigurationRetriever:142 - IOException on connection: connect timed out
2023-08-10 08:52:07,688 [INFO] ApplicationProperties:184 - Using Application install path: C:\ST\STM32CubeIDE_1.12.1\STM32CubeIDE\plugins\com.st.stm32cube.common.mx_6.8.1.202304191431
2023-08-10 08:52:07,707 [INFO] DbMcusXml:78 - Set database path to: C:\ST\STM32CubeIDE_1.12.1\STM32CubeIDE\plugins\com.st.stm32cube.common.mx_6.8.1.202304191431\\db\/mcu/
2023-08-10 08:52:07,717 [INFO] ApiDb:274 - Set plugin database path to: C:\ST\STM32CubeIDE_1.12.1\STM32CubeIDE\plugins\com.st.stm32cube.common.mx_6.8.1.202304191431\\db\/plugins/boardmanager/
2023-08-10 08:52:07,718 [WARN] ApiDb:259 - Overriding images path with different value:  => C:\ST\STM32CubeIDE_1.12.1\STM32CubeIDE\plugins\com.st.stm32cube.common.mx_6.8.1.202304191431\\db\/plugins/mcufinder/images/
2023-08-10 08:52:07,733 [INFO] ApiDb:250 - Set database path to: C:\Users\KDS-LTP-0415\.stmcufinder\plugins\mcufinder//mcu/
2023-08-10 08:52:07,737 [INFO] DbMcusAds:125 - Set database path to: C:\Users\KDS-LTP-0415\.stmcufinder\plugins\mcufinder//mcu/
2023-08-10 08:52:08,188 [INFO] CrossReferenceDbSqlite:203 - Set database path to: C:\Users\KDS-LTP-0415\.stmcufinder\plugins\mcufinder//mcu/cs/
2023-08-10 08:52:08,308 [INFO] RulesReader:64 - Compatibility file has been processed (293 Rules)
2023-08-10 08:52:08,411 [INFO] DbMcusXml:78 - Set database path to: C:\ST\STM32CubeIDE_1.12.1\STM32CubeIDE\plugins\com.st.stm32cube.common.mx_6.8.1.202304191431\\db\/mcu/
2023-08-10 08:52:08,411 [INFO] ApiDb:274 - Set plugin database path to: C:\ST\STM32CubeIDE_1.12.1\STM32CubeIDE\plugins\com.st.stm32cube.common.mx_6.8.1.202304191431\\db\/plugins/boardmanager/
2023-08-10 08:52:08,411 [INFO] ApiDb:261 - Set plugin images path to: C:\ST\STM32CubeIDE_1.12.1\STM32CubeIDE\plugins\com.st.stm32cube.common.mx_6.8.1.202304191431\\db\/plugins/mcufinder/images/
2023-08-10 08:52:08,411 [WARN] DbFile:41 - Overriding database path with different value: C:\Users\KDS-LTP-0415\.stmcufinder\plugins\mcufinder/ => C:\Users\KDS-LTP-0415\.stmcufinder\plugins\mcufinder
2023-08-10 08:52:08,411 [INFO] ApiDb:250 - Set database path to: C:\Users\KDS-LTP-0415\.stmcufinder\plugins\mcufinder//mcu/
2023-08-10 08:52:08,411 [WARN] DbFile:41 - Overriding database path with different value: C:\Users\KDS-LTP-0415\.stmcufinder\plugins\mcufinder/ => C:\Users\KDS-LTP-0415\.stmcufinder\plugins\mcufinder
2023-08-10 08:52:08,411 [INFO] DbMcusAds:125 - Set database path to: C:\Users\KDS-LTP-0415\.stmcufinder\plugins\mcufinder//mcu/
2023-08-10 08:52:08,411 [WARN] DbFile:41 - Overriding database path with different value: C:\Users\KDS-LTP-0415\.stmcufinder\plugins\mcufinder/ => C:\Users\KDS-LTP-0415\.stmcufinder\plugins\mcufinder
2023-08-10 08:52:08,411 [WARN] DbFile:41 - Overriding database path with different value: C:\Users\KDS-LTP-0415\.stmcufinder\plugins\mcufinder/ => C:\Users\KDS-LTP-0415\.stmcufinder\plugins\mcufinder
2023-08-10 08:52:08,418 [INFO] CrossReferenceDbSqlite:203 - Set database path to: C:\Users\KDS-LTP-0415\.stmcufinder\plugins\mcufinder//mcu/cs/
2023-08-10 08:52:08,507 [INFO] MainPanel:253 - HeapMemory: 505413632
2023-08-10 08:52:08,677 [INFO] DbMcusXml:78 - Set database path to: C:\ST\STM32CubeIDE_1.12.1\STM32CubeIDE\plugins\com.st.stm32cube.common.mx_6.8.1.202304191431\\db\/mcu/
2023-08-10 08:52:08,677 [INFO] ApiDb:274 - Set plugin database path to: C:\ST\STM32CubeIDE_1.12.1\STM32CubeIDE\plugins\com.st.stm32cube.common.mx_6.8.1.202304191431\\db\/plugins/boardmanager/
2023-08-10 08:52:08,677 [INFO] ApiDb:261 - Set plugin images path to: C:\ST\STM32CubeIDE_1.12.1\STM32CubeIDE\plugins\com.st.stm32cube.common.mx_6.8.1.202304191431\\db\/plugins/mcufinder/images/
2023-08-10 08:52:08,685 [WARN] DbFile:41 - Overriding database path with different value: C:\Users\KDS-LTP-0415\.stmcufinder\plugins\mcufinder/ => C:\Users\KDS-LTP-0415\.stmcufinder\plugins\mcufinder
2023-08-10 08:52:08,685 [INFO] ApiDb:250 - Set database path to: C:\Users\KDS-LTP-0415\.stmcufinder\plugins\mcufinder//mcu/
2023-08-10 08:52:08,685 [WARN] DbFile:41 - Overriding database path with different value: C:\Users\KDS-LTP-0415\.stmcufinder\plugins\mcufinder/ => C:\Users\KDS-LTP-0415\.stmcufinder\plugins\mcufinder
2023-08-10 08:52:08,685 [INFO] DbMcusAds:125 - Set database path to: C:\Users\KDS-LTP-0415\.stmcufinder\plugins\mcufinder//mcu/
2023-08-10 08:52:08,687 [WARN] DbFile:41 - Overriding database path with different value: C:\Users\KDS-LTP-0415\.stmcufinder\plugins\mcufinder/ => C:\Users\KDS-LTP-0415\.stmcufinder\plugins\mcufinder
2023-08-10 08:52:08,687 [WARN] DbFile:41 - Overriding database path with different value: C:\Users\KDS-LTP-0415\.stmcufinder\plugins\mcufinder/ => C:\Users\KDS-LTP-0415\.stmcufinder\plugins\mcufinder
2023-08-10 08:52:08,687 [INFO] CrossReferenceDbSqlite:203 - Set database path to: C:\Users\KDS-LTP-0415\.stmcufinder\plugins\mcufinder//mcu/cs/
2023-08-10 08:52:08,708 [INFO] ApplicationProperties:184 - Using Application install path: C:\ST\STM32CubeIDE_1.12.1\STM32CubeIDE\plugins\com.st.stm32cube.common.mx_6.8.1.202304191431
2023-08-10 08:52:08,718 [INFO] PluginManage:196 - Search for loadable plugins [exclusion list=, ]
2023-08-10 08:52:08,718 [INFO] PluginManage:310 - Check plugin analytics
2023-08-10 08:52:09,037 [INFO] AnalyticsPlugin:253 - Accepted Software Licenses: STM32CubeMX.6.2.1,STM32CubeMX.6.6.1,STM32CubeMX.6.7.0,STM32CubeMX.6.8.1
2023-08-10 08:52:09,037 [INFO] AnalyticsPlugin:255 - Accepted CMSIS Pack Licenses: EdgeImpulse.osugiw-project-1.1.0.1
2023-08-10 08:52:09,037 [INFO] AnalyticsPlugin:257 - Accepted Firmware Licenses: FW.G0.1.6.0,FW.WB.1.16.0
2023-08-10 08:52:09,047 [INFO] PluginManage:359 - Loaded plugin analytics (category:tool,tabindex:-1)
2023-08-10 08:52:09,047 [INFO] PluginManage:310 - Check plugin cadmodel
2023-08-10 08:52:09,052 [INFO] CADModel:105 - Init CAD model plugin
2023-08-10 08:52:09,057 [INFO] PluginManage:359 - Loaded plugin cadmodel (category:power,tabindex:5)
2023-08-10 08:52:09,057 [INFO] PluginManage:310 - Check plugin clock
2023-08-10 08:52:09,067 [INFO] PluginManage:359 - Loaded plugin clock (category:base,tabindex:2)
2023-08-10 08:52:09,067 [INFO] PluginManage:310 - Check plugin ddr
2023-08-10 08:52:09,067 [INFO] PluginManage:359 - Loaded plugin ddr (category:tool,tabindex:6)
2023-08-10 08:52:09,067 [INFO] PluginManage:310 - Check plugin filemanager
2023-08-10 08:52:09,227 [INFO] PluginManage:359 - Loaded plugin filemanager (category:base,tabindex:10)
2023-08-10 08:52:09,227 [INFO] PluginManage:310 - Check plugin ipmanager
2023-08-10 08:52:09,241 [INFO] PluginManage:359 - Loaded plugin ipmanager (category:base,tabindex:5)
2023-08-10 08:52:09,241 [INFO] PluginManage:310 - Check plugin lpbam
2023-08-10 08:52:09,253 [INFO] PluginManage:359 - Loaded plugin lpbam (category:base,tabindex:0)
2023-08-10 08:52:09,253 [INFO] PluginManage:310 - Check plugin pinoutandconfiguration
2023-08-10 08:52:09,258 [INFO] PluginManage:359 - Loaded plugin pinoutandconfiguration (category:base,tabindex:1)
2023-08-10 08:52:09,258 [INFO] PluginManage:310 - Check plugin pinoutconfig
2023-08-10 08:52:09,357 [WARN] SupportedApi:132 - Cannot load RTOS API schema: s4s-elt-must-match.1: The content of 'definitions' must match (annotation?, (simpleType | complexType)?, (unique | key | keyref)*)). A problem was found starting at: attribute.
2023-08-10 08:52:09,492 [INFO] PluginManage:359 - Loaded plugin pinoutconfig (category:base,tabindex:0)
2023-08-10 08:52:09,492 [INFO] PluginManage:310 - Check plugin power
2023-08-10 08:52:09,508 [INFO] PluginManage:359 - Loaded plugin power (category:power,tabindex:4)
2023-08-10 08:52:09,508 [INFO] PluginManage:310 - Check plugin projectmanager
2023-08-10 08:52:09,527 [INFO] PluginManage:359 - Loaded plugin projectmanager (category:projectmanager,tabindex:3)
2023-08-10 08:52:09,527 [INFO] PluginManage:310 - Check plugin thirdparty
2023-08-10 08:52:09,658 [WARN] IntegrityCheckThread:84 - waiting for thirdparty lock release [integrity check]
2023-08-10 08:52:09,658 [INFO] PluginManage:359 - Loaded plugin thirdparty (category:base,tabindex:-1)
2023-08-10 08:52:09,660 [INFO] IntegrityCheckThread:86 - entering critical section [integrity check]
2023-08-10 08:52:09,660 [INFO] PluginManage:310 - Check plugin tools
2023-08-10 08:52:09,660 [INFO] ThirdPartyUpdaterWithRetryManager:70 - Updater plugin not ready yet. [1/15]
2023-08-10 08:52:09,660 [INFO] PluginManage:359 - Loaded plugin tools (category:base,tabindex:7)
2023-08-10 08:52:09,660 [INFO] PluginManage:310 - Check plugin tutovideos
2023-08-10 08:52:09,899 [INFO] PluginManage:359 - Loaded plugin tutovideos (category:base,tabindex:-1)
2023-08-10 08:52:09,899 [INFO] PluginManage:310 - Check plugin updater
2023-08-10 08:52:09,928 [INFO] PluginManage:359 - Loaded plugin updater (category:base,tabindex:12)
2023-08-10 08:52:09,928 [INFO] PluginManage:283 - PluginManage : Loaded plugins [15]
2023-08-10 08:52:10,249 [INFO] PinOutPanel:1499 - setPackage(No Configuration,No Configuration)
2023-08-10 08:52:10,327 [INFO] CADModel:165 - CPN selected for project level
2023-08-10 08:52:10,327 [INFO] CADModel:114 - Register for checkConnection events
2023-08-10 08:52:10,347 [INFO] IPUIPlugin:80 - create IPUIPlugin
2023-08-10 08:52:10,347 [INFO] PluginManager:220 - loadIPPluginJar : add adc
2023-08-10 08:52:10,357 [INFO] IPUIPlugin:80 - create IPUIPlugin
2023-08-10 08:52:10,357 [INFO] PluginManager:220 - loadIPPluginJar : add aes
2023-08-10 08:52:10,361 [INFO] IPUIPlugin:80 - create IPUIPlugin
2023-08-10 08:52:10,361 [INFO] PluginManager:220 - loadIPPluginJar : add can
2023-08-10 08:52:10,361 [INFO] IPUIPlugin:80 - create IPUIPlugin
2023-08-10 08:52:10,361 [INFO] PluginManager:220 - loadIPPluginJar : add comp
2023-08-10 08:52:10,367 [INFO] IPUIPlugin:80 - create IPUIPlugin
2023-08-10 08:52:10,367 [INFO] PluginManager:220 - loadIPPluginJar : add cryp
2023-08-10 08:52:10,367 [INFO] IPUIPlugin:80 - create IPUIPlugin
2023-08-10 08:52:10,367 [INFO] PluginManager:220 - loadIPPluginJar : add dfsdm
2023-08-10 08:52:10,377 [INFO] IPUIPlugin:80 - create IPUIPlugin
2023-08-10 08:52:10,378 [INFO] PluginManager:220 - loadIPPluginJar : add dma
2023-08-10 08:52:10,378 [INFO] IPUIPlugin:80 - create IPUIPlugin
2023-08-10 08:52:10,378 [INFO] PluginManager:220 - loadIPPluginJar : add dma3
2023-08-10 08:52:10,378 [INFO] IPUIPlugin:80 - create IPUIPlugin
2023-08-10 08:52:10,378 [INFO] PluginManager:220 - loadIPPluginJar : add fatfs
2023-08-10 08:52:10,387 [INFO] IPUIPlugin:80 - create IPUIPlugin
2023-08-10 08:52:10,387 [INFO] PluginManager:220 - loadIPPluginJar : add fmc
2023-08-10 08:52:10,393 [INFO] IPUIPlugin:80 - create IPUIPlugin
2023-08-10 08:52:10,393 [INFO] PluginManager:220 - loadIPPluginJar : add freertos
2023-08-10 08:52:10,393 [INFO] IPUIPlugin:80 - create IPUIPlugin
2023-08-10 08:52:10,397 [INFO] PluginManager:220 - loadIPPluginJar : add genericplugin
2023-08-10 08:52:10,397 [INFO] IPUIPlugin:80 - create IPUIPlugin
2023-08-10 08:52:10,397 [INFO] PluginManager:220 - loadIPPluginJar : add gfxmmu
2023-08-10 08:52:10,397 [INFO] IPUIPlugin:80 - create IPUIPlugin
2023-08-10 08:52:10,397 [INFO] PluginManager:220 - loadIPPluginJar : add gic
2023-08-10 08:52:10,409 [INFO] IPUIPlugin:80 - create IPUIPlugin
2023-08-10 08:52:10,409 [INFO] PluginManager:220 - loadIPPluginJar : add gpio
2023-08-10 08:52:10,409 [INFO] IPUIPlugin:80 - create IPUIPlugin
2023-08-10 08:52:10,409 [INFO] PluginManager:220 - loadIPPluginJar : add gtzc
2023-08-10 08:52:10,427 [INFO] IPUIPlugin:80 - create IPUIPlugin
2023-08-10 08:52:10,427 [INFO] PluginManager:220 - loadIPPluginJar : add hash
2023-08-10 08:52:10,438 [INFO] IPUIPlugin:80 - create IPUIPlugin
2023-08-10 08:52:10,438 [INFO] PluginManager:220 - loadIPPluginJar : add i2c
2023-08-10 08:52:10,441 [INFO] IPUIPlugin:80 - create IPUIPlugin
2023-08-10 08:52:10,441 [INFO] PluginManager:220 - loadIPPluginJar : add i2s
2023-08-10 08:52:10,441 [INFO] IPUIPlugin:80 - create IPUIPlugin
2023-08-10 08:52:10,441 [INFO] PluginManager:220 - loadIPPluginJar : add i3c
2023-08-10 08:52:10,448 [INFO] IPUIPlugin:80 - create IPUIPlugin
2023-08-10 08:52:10,448 [INFO] PluginManager:220 - loadIPPluginJar : add ipddr
2023-08-10 08:52:10,457 [INFO] IPUIPlugin:80 - create IPUIPlugin
2023-08-10 08:52:10,457 [INFO] PluginManager:220 - loadIPPluginJar : add linkedlist
2023-08-10 08:52:10,457 [INFO] IPUIPlugin:80 - create IPUIPlugin
2023-08-10 08:52:10,457 [INFO] PluginManager:220 - loadIPPluginJar : add lorawan
2023-08-10 08:52:10,457 [INFO] IPUIPlugin:80 - create IPUIPlugin
2023-08-10 08:52:10,457 [INFO] PluginManager:220 - loadIPPluginJar : add ltdc
2023-08-10 08:52:10,467 [INFO] IPUIPlugin:80 - create IPUIPlugin
2023-08-10 08:52:10,467 [INFO] PluginManager:220 - loadIPPluginJar : add mdma
2023-08-10 08:52:10,472 [INFO] IPUIPlugin:80 - create IPUIPlugin
2023-08-10 08:52:10,472 [INFO] PluginManager:220 - loadIPPluginJar : add nvic
2023-08-10 08:52:10,472 [INFO] IPUIPlugin:80 - create IPUIPlugin
2023-08-10 08:52:10,477 [INFO] PluginManager:220 - loadIPPluginJar : add opamp
2023-08-10 08:52:10,477 [INFO] IPUIPlugin:80 - create IPUIPlugin
2023-08-10 08:52:10,477 [INFO] PluginManager:220 - loadIPPluginJar : add openamp
2023-08-10 08:52:10,477 [INFO] IPUIPlugin:80 - create IPUIPlugin
2023-08-10 08:52:10,477 [INFO] PluginManager:220 - loadIPPluginJar : add pdm2pcm
2023-08-10 08:52:10,488 [INFO] IPUIPlugin:80 - create IPUIPlugin
2023-08-10 08:52:10,492 [INFO] PluginManager:220 - loadIPPluginJar : add plateformsettings
2023-08-10 08:52:10,492 [INFO] IPUIPlugin:80 - create IPUIPlugin
2023-08-10 08:52:10,492 [INFO] PluginManager:220 - loadIPPluginJar : add quadspi
2023-08-10 08:52:10,497 [INFO] IPUIPlugin:80 - create IPUIPlugin
2023-08-10 08:52:10,497 [INFO] PluginManager:220 - loadIPPluginJar : add resmgrutility
2023-08-10 08:52:10,504 [INFO] IPUIPlugin:80 - create IPUIPlugin
2023-08-10 08:52:10,504 [INFO] PluginManager:220 - loadIPPluginJar : add sai
2023-08-10 08:52:10,507 [INFO] IPUIPlugin:80 - create IPUIPlugin
2023-08-10 08:52:10,507 [INFO] PluginManager:220 - loadIPPluginJar : add spi
2023-08-10 08:52:10,507 [INFO] IPUIPlugin:80 - create IPUIPlugin
2023-08-10 08:52:10,507 [INFO] PluginManager:220 - loadIPPluginJar : add stm32_wpan
2023-08-10 08:52:10,507 [INFO] IPUIPlugin:80 - create IPUIPlugin
2023-08-10 08:52:10,507 [INFO] PluginManager:220 - loadIPPluginJar : add tim
2023-08-10 08:52:10,517 [INFO] IPUIPlugin:80 - create IPUIPlugin
2023-08-10 08:52:10,517 [INFO] PluginManager:220 - loadIPPluginJar : add touchsensing
2023-08-10 08:52:10,520 [INFO] IPUIPlugin:80 - create IPUIPlugin
2023-08-10 08:52:10,520 [INFO] PluginManager:220 - loadIPPluginJar : add tracer_emb
2023-08-10 08:52:10,520 [INFO] IPUIPlugin:80 - create IPUIPlugin
2023-08-10 08:52:10,520 [INFO] PluginManager:220 - loadIPPluginJar : add ts
2023-08-10 08:52:10,520 [INFO] IPUIPlugin:80 - create IPUIPlugin
2023-08-10 08:52:10,520 [INFO] PluginManager:220 - loadIPPluginJar : add tsc
2023-08-10 08:52:10,528 [INFO] IPUIPlugin:80 - create IPUIPlugin
2023-08-10 08:52:10,528 [INFO] PluginManager:220 - loadIPPluginJar : add ucpd
2023-08-10 08:52:10,528 [INFO] IPUIPlugin:80 - create IPUIPlugin
2023-08-10 08:52:10,528 [INFO] PluginManager:220 - loadIPPluginJar : add usart
2023-08-10 08:52:10,528 [INFO] IPUIPlugin:80 - create IPUIPlugin
2023-08-10 08:52:10,528 [INFO] PluginManager:220 - loadIPPluginJar : add usbx
2023-08-10 08:52:10,658 [INFO] CADModel:165 - CPN selected for project level
2023-08-10 08:52:10,658 [INFO] CADModel:114 - Register for checkConnection events
2023-08-10 08:52:10,658 [FATAL] Updater:308 - Updater called before beeing initialized
2023-08-10 08:52:10,658 [ERROR] CADModel:125 - Updater not yet initialized, retry later 
2023-08-10 08:52:10,908 [INFO] CADModel:165 - CPN selected for project level
2023-08-10 08:52:10,908 [INFO] CADModel:114 - Register for checkConnection events
2023-08-10 08:52:10,908 [FATAL] Updater:308 - Updater called before beeing initialized
2023-08-10 08:52:10,908 [ERROR] CADModel:125 - Updater not yet initialized, retry later 
2023-08-10 08:52:10,917 [FATAL] Updater:308 - Updater called before beeing initialized
2023-08-10 08:52:11,067 [FATAL] Updater:308 - Updater called before beeing initialized
2023-08-10 08:52:11,077 [INFO] DbMcusAds:53 - JSON generation date=Tue Mar 07 15:50:55 ICT 2023 (1678179055114)
2023-08-10 08:52:11,081 [FATAL] Updater:308 - Updater called before beeing initialized
2023-08-10 08:52:11,117 [WARN] DetailPanel:346 - Failed to get advertising image, set to default
2023-08-10 08:52:11,228 [FATAL] Updater:308 - Updater called before beeing initialized
2023-08-10 08:52:11,228 [FATAL] Updater:308 - Updater called before beeing initialized
2023-08-10 08:52:11,228 [FATAL] Updater:308 - Updater called before beeing initialized
2023-08-10 08:52:11,228 [WARN] DetailPanel:346 - Failed to get advertising image, set to default
2023-08-10 08:52:11,228 [FATAL] Updater:308 - Updater called before beeing initialized
2023-08-10 08:52:11,289 [ERROR] Updater:1120 - MainUpdater not yet initialized. External WinMGr cannot be set.
2023-08-10 08:52:11,289 [INFO] Updater:1056 - Updater Version found : 6.8.1
2023-08-10 08:52:11,312 [INFO] ApplicationProperties:184 - Using Application install path: C:\ST\STM32CubeIDE_1.12.1\STM32CubeIDE\plugins\com.st.stm32cube.common.mx_6.8.1.202304191431
2023-08-10 08:52:11,449 [INFO] MainUpdater:2854 - connection check result : 10
2023-08-10 08:52:11,498 [INFO] MainUpdater:283 - Updater Check For Update Now.
2023-08-10 08:52:11,498 [INFO] MicroXplorer:498 - Change Database Version : DB.6.0.81
2023-08-10 08:52:11,677 [INFO] CheckServerUpdateThread:120 - End of CheckServer Thread
2023-08-10 08:52:11,723 [INFO] MainUpdater:2854 - connection check result : 10
2023-08-10 08:52:11,778 [INFO] MicroXplorer:468 - Change Database Path : 
2023-08-10 08:52:11,778 [INFO] MicroXplorer:498 - Change Database Version : DB.6.0.81
2023-08-10 08:52:11,778 [WARN] ThirdParty:871 - waiting for thirdparty lock release [close project]
2023-08-10 08:52:12,980 [WARN] PackLoader:240 - Cannot read IP mode file for STMicroelectronics.X-CUBE-SMBUS.2.1.0
2023-08-10 08:52:13,047 [WARN] PackLoader:240 - Cannot read IP mode file for STMicroelectronics.X-CUBE-AZRTOS-F7.1.1.0
2023-08-10 08:52:13,057 [ERROR] RealEvaluatedCondition:428 - Found unsupported composite condition: GROUP='STM32_MetaDataManager' CLASS='Data Exchange'
2023-08-10 08:52:13,057 [ERROR] RealEvaluatedCondition:428 - Found unsupported composite condition: GROUP='STM32_MetaDataManager' CLASS='Data Exchange'
2023-08-10 08:52:13,059 [WARN] PackLoader:240 - Cannot read IP mode file for STMicroelectronics.FP-SNS-MOTENV1.4.3.0
2023-08-10 08:52:13,067 [WARN] PackLoader:240 - Cannot read IP mode file for STMicroelectronics.FP-SNS-MOTENV1.4.3.2
2023-08-10 08:52:13,071 [WARN] PackLoader:240 - Cannot read IP mode file for STMicroelectronics.FP-SNS-FLIGHT1.5.0.0
2023-08-10 08:52:13,077 [ERROR] RealEvaluatedCondition:428 - Found unsupported composite condition: CLASS='Data Exchange' GROUP='STM32_MetaDataManager'
2023-08-10 08:52:13,077 [ERROR] RealEvaluatedCondition:428 - Found unsupported composite condition: CLASS='Data Exchange' GROUP='STM32_MetaDataManager'
2023-08-10 08:52:13,082 [WARN] PackLoader:240 - Cannot read IP mode file for STMicroelectronics.FP-SNS-MOTENV1.4.3.1
2023-08-10 08:52:13,090 [WARN] PackLoader:240 - Cannot read IP mode file for STMicroelectronics.FP-SNS-FLIGHT1.5.0.1
2023-08-10 08:52:13,097 [WARN] PackLoader:240 - Cannot read IP mode file for STMicroelectronics.X-CUBE-BLE1.6.2.3
2023-08-10 08:52:13,097 [WARN] PackLoader:240 - Cannot read IP mode file for STMicroelectronics.X-CUBE-BLE1.6.2.4
2023-08-10 08:52:13,107 [WARN] PackLoader:240 - Cannot read IP mode file for STMicroelectronics.FP-SNS-FLIGHT1.5.0.2
2023-08-10 08:52:13,117 [WARN] PackLoader:240 - Cannot read IP mode file for STMicroelectronics.X-CUBE-TOF1.3.1.0
2023-08-10 08:52:13,133 [WARN] PackLoader:240 - Cannot read IP mode file for STMicroelectronics.X-CUBE-DISPLAY.3.0.0
2023-08-10 08:52:13,155 [WARN] PackLoader:240 - Cannot read IP mode file for emotas.I-CUBE-CANOPEN.1.3.0
2023-08-10 08:52:13,157 [WARN] PackLoader:240 - Cannot read IP mode file for STMicroelectronics.X-CUBE-TOUCHGFX.4.22.0
2023-08-10 08:52:13,232 [WARN] PackLoader:240 - Cannot read IP mode file for STMicroelectronics.X-CUBE-MEMS1.9.3.0
2023-08-10 08:52:13,427 [WARN] PackLoader:240 - Cannot read IP mode file for STMicroelectronics.X-CUBE-AI.7.2.0
2023-08-10 08:52:13,437 [INFO] LogOutputStream:77 - [STDOUT_REDIRECT] 1 : Invalid condition id : UX_CORESTACK_Condition cause : null
2023-08-10 08:52:13,437 [INFO] LogOutputStream:77 - [STDOUT_REDIRECT] 1 : Invalid condition id : UX_CORESTACK_Condition cause : null
2023-08-10 08:52:13,437 [INFO] LogOutputStream:77 - [STDOUT_REDIRECT] 1 : Invalid condition id : UX_CORESTACK_Condition cause : null
2023-08-10 08:52:13,440 [INFO] LogOutputStream:77 - [STDOUT_REDIRECT] 1 : Invalid condition id : UX_CORESTACK_Condition cause : null
2023-08-10 08:52:13,440 [INFO] LogOutputStream:77 - [STDOUT_REDIRECT] 1 : Invalid condition id : UX_CORESTACK_Condition cause : null
2023-08-10 08:52:13,440 [WARN] PackLoader:240 - Cannot read IP mode file for STMicroelectronics.X-CUBE-AZRTOS-WL.2.0.0
2023-08-10 08:52:13,452 [WARN] PackLoader:240 - Cannot read IP mode file for WES.I-CUBE-Cesium.1.3.0
2023-08-10 08:52:13,457 [WARN] PackLoader:240 - Cannot read IP mode file for STMicroelectronics.X-CUBE-BLE2.3.3.0
2023-08-10 08:52:13,463 [WARN] PackLoader:240 - Cannot read IP mode file for STMicroelectronics.X-CUBE-DISPLAY.2.2.0
2023-08-10 08:52:13,472 [WARN] PackLoader:240 - Cannot read IP mode file for STMicroelectronics.X-CUBE-TOF1.3.2.0
2023-08-10 08:52:13,482 [WARN] PackLoader:240 - Cannot read IP mode file for STMicroelectronics.X-CUBE-ISPU.1.0.0
2023-08-10 08:52:13,519 [WARN] PackLoader:240 - Cannot read IP mode file for STMicroelectronics.X-CUBE-AZRTOS-H7.2.1.0
2023-08-10 08:52:13,519 [WARN] PackLoader:240 - Cannot read IP mode file for STMicroelectronics.X-CUBE-TOUCHGFX.4.21.1
2023-08-10 08:52:13,527 [WARN] PackLoader:240 - Cannot read IP mode file for STMicroelectronics.X-CUBE-TOUCHGFX.4.21.3
2023-08-10 08:52:13,527 [WARN] PackLoader:240 - Cannot read IP mode file for STMicroelectronics.X-CUBE-TOUCHGFX.4.21.4
2023-08-10 08:52:13,572 [WARN] PackLoader:240 - Cannot read IP mode file for STMicroelectronics.X-CUBE-MEMS1.9.4.0
2023-08-10 08:52:13,689 [WARN] PackLoader:240 - Cannot read IP mode file for STMicroelectronics.X-CUBE-AI.7.3.0
2023-08-10 08:52:13,762 [WARN] PackLoader:240 - Cannot read IP mode file for STMicroelectronics.X-CUBE-ALGOBUILD.1.3.0
2023-08-10 08:52:13,782 [WARN] PackLoader:240 - Cannot read IP mode file for STMicroelectronics.X-CUBE-AZRTOS-G0.1.1.0
2023-08-10 08:52:13,789 [WARN] PackLoader:240 - Cannot read IP mode file for STMicroelectronics.X-CUBE-NFC4.3.0.0
2023-08-10 08:52:13,832 [WARN] PackLoader:240 - Cannot read IP mode file for SEGGER.I-CUBE-embOS.1.2.0
2023-08-10 08:52:13,872 [WARN] PackLoader:240 - Cannot read IP mode file for STMicroelectronics.X-CUBE-BLEMGR.1.3.0
2023-08-10 08:52:13,877 [WARN] PackLoader:240 - Cannot read IP mode file for STMicroelectronics.FP-ATR-SIGFOX1.3.2.0
2023-08-10 08:52:13,882 [WARN] PackLoader:240 - Cannot read IP mode file for emotas.I-CUBE-CANOPEN.1.1.2
2023-08-10 08:52:13,882 [WARN] PackLoader:240 - Cannot read IP mode file for STMicroelectronics.X-CUBE-TOUCHGFX.4.20.0
2023-08-10 08:52:13,922 [WARN] PackLoader:240 - Cannot read IP mode file for STMicroelectronics.X-CUBE-MEMS1.9.5.0
2023-08-10 08:52:14,098 [WARN] PackLoader:240 - Cannot read IP mode file for SEGGER.I-CUBE-embOS.1.3.1
2023-08-10 08:52:14,122 [WARN] PackLoader:240 - Cannot read IP mode file for STMicroelectronics.X-CUBE-GNSS1.6.0.0
2023-08-10 08:52:14,138 [WARN] PackLoader:240 - Cannot read IP mode file for STMicroelectronics.X-CUBE-AZRTOS-F4.1.1.0
2023-08-10 08:52:14,148 [WARN] PackLoader:240 - Cannot read IP mode file for wolfSSL.I-CUBE-wolfSSL.5.6.3
2023-08-10 08:52:14,148 [WARN] PackLoader:240 - Cannot read IP mode file for wolfSSL.I-CUBE-wolfSSL.5.6.0
2023-08-10 08:52:14,161 [WARN] PackLoader:240 - Cannot read IP mode file for STMicroelectronics.X-CUBE-BLEMGR.1.2.0
2023-08-10 08:52:14,193 [WARN] PackLoader:240 - Cannot read IP mode file for STMicroelectronics.X-CUBE-MEMS1.9.6.0
2023-08-10 08:52:14,321 [WARN] PackLoader:240 - Cannot read IP mode file for emotas.I-CUBE-CANOPEN.1.1.3
2023-08-10 08:52:14,327 [WARN] PackLoader:240 - Cannot read IP mode file for STMicroelectronics.X-CUBE-BLEMGR.2.0.0
2023-08-10 08:52:14,332 [WARN] PackLoader:240 - Cannot read IP mode file for STMicroelectronics.X-CUBE-NFC4.2.0.5
2023-08-10 08:52:14,337 [WARN] PackLoader:240 - Cannot read IP mode file for STMicroelectronics.X-CUBE-NFC4.2.0.4
2023-08-10 08:52:14,358 [WARN] ConditionMgr:438 - getConditionDescription Invalid condition id : UX DEVICE CLASS RTOS Condition cause : null
2023-08-10 08:52:14,358 [WARN] ConditionMgr:438 - getConditionDescription Invalid condition id : UX DEVICE CLASS RTOS Condition cause : null
2023-08-10 08:52:14,363 [WARN] PackLoader:240 - Cannot read IP mode file for STMicroelectronics.X-CUBE-AZRTOS-H7.3.1.0
2023-08-10 08:52:14,363 [WARN] ConditionMgr:1039 - genDependencies : Invalid condition id : UX DEVICE CLASS RTOS Condition cause : null
2023-08-10 08:52:14,368 [WARN] ConditionMgr:1039 - genDependencies : Invalid condition id : UX DEVICE CLASS RTOS Condition cause : null
2023-08-10 08:52:14,368 [WARN] ConditionMgr:1039 - genDependencies : Invalid condition id : UX DEVICE CLASS RTOS Condition cause : null
2023-08-10 08:52:14,369 [WARN] ConditionMgr:1039 - genDependencies : Invalid condition id : UX DEVICE CLASS RTOS Condition cause : null
2023-08-10 08:52:14,369 [WARN] ConditionMgr:1039 - genDependencies : Invalid condition id : UX DEVICE CLASS RTOS Condition cause : null
2023-08-10 08:52:14,369 [WARN] PackLoader:240 - Cannot read IP mode file for STMicroelectronics.X-CUBE-NFC7.1.0.1
2023-08-10 08:52:14,378 [WARN] PackLoader:240 - Cannot read IP mode file for STMicroelectronics.X-CUBE-NFC7.1.0.0
2023-08-10 08:52:14,387 [WARN] PackLoader:240 - Cannot read IP mode file for STMicroelectronics.X-CUBE-EEPRMA1.4.1.0
2023-08-10 08:52:14,389 [WARN] PackLoader:240 - Cannot read IP mode file for STMicroelectronics.X-CUBE-AI.8.1.0
2023-08-10 08:52:14,407 [WARN] ConditionMgr:438 - getConditionDescription Invalid condition id : LAN8742 Phy interface Condition cause : null
2023-08-10 08:52:14,407 [WARN] PackLoader:240 - Cannot read IP mode file for STMicroelectronics.X-CUBE-AZRTOS-L4.2.0.0
2023-08-10 08:52:14,407 [WARN] ConditionMgr:1039 - genDependencies : Invalid condition id : LAN8742 Phy interface Condition cause : null
2023-08-10 08:52:14,407 [WARN] ConditionMgr:1039 - genDependencies : Invalid condition id : LAN8742 Phy interface Condition cause : null
2023-08-10 08:52:14,407 [WARN] ConditionMgr:1039 - genDependencies : Invalid condition id : LAN8742 Phy interface Condition cause : null
2023-08-10 08:52:14,422 [WARN] PackLoader:240 - Cannot read IP mode file for STMicroelectronics.X-CUBE-SFXS2LP1.4.0.0
2023-08-10 08:52:14,447 [WARN] PackLoader:240 - Cannot read IP mode file for STMicroelectronics.X-CUBE-AZRTOS-H7.3.0.0
2023-08-10 08:52:14,458 [WARN] PackLoader:240 - Cannot read IP mode file for STMicroelectronics.X-CUBE-ISPU.1.1.0
2023-08-10 08:52:14,468 [WARN] PackLoader:240 - Cannot read IP mode file for RoweBots.I-CUBE-UNISONRTOS.5.5.0-4
2023-08-10 08:52:14,468 [WARN] PackLoader:240 - Cannot read IP mode file for wolfSSL.I-CUBE-wolfSSL.5.4.0
2023-08-10 08:52:14,468 [WARN] PackLoader:240 - Cannot read IP mode file for STMicroelectronics.X-CUBE-AI.8.0.0
2023-08-10 08:52:14,478 [WARN] PackLoader:240 - Cannot read IP mode file for STMicroelectronics.X-CUBE-FREERTOS.1.0.0
2023-08-10 08:52:14,479 [WARN] PackLoader:240 - Cannot read IP mode file for STMicroelectronics.X-CUBE-FREERTOS.1.0.1
2023-08-10 08:52:14,488 [WARN] PackLoader:240 - Cannot read IP mode file for STMicroelectronics.X-CUBE-BLEMGR.1.0.0
2023-08-10 08:52:14,497 [WARN] PackLoader:240 - Cannot read IP mode file for STMicroelectronics.X-CUBE-AZRTOS-L5.1.1.0
2023-08-10 08:52:14,507 [WARN] PackLoader:240 - Cannot read IP mode file for STMicroelectronics.X-CUBE-AI.8.0.1
2023-08-10 08:52:14,518 [WARN] PackLoader:240 - Cannot read IP mode file for STMicroelectronics.X-CUBE-SUBG2.5.0.0
2023-08-10 08:52:14,528 [WARN] PackLoader:240 - Cannot read IP mode file for STMicroelectronics.X-CUBE-TOF1.3.3.1
2023-08-10 08:52:14,563 [WARN] PackLoader:240 - Cannot read IP mode file for STMicroelectronics.X-CUBE-AZRTOS-G4.2.0.0
2023-08-10 08:52:14,575 [WARN] PackLoader:240 - Cannot read IP mode file for STMicroelectronics.X-CUBE-TOF1.3.3.0
2023-08-10 08:52:14,598 [WARN] PackLoader:240 - Cannot read IP mode file for STMicroelectronics.FP-ATR-ASTRA1.1.1.1
2023-08-10 08:52:14,608 [WARN] PackLoader:240 - Cannot read IP mode file for STMicroelectronics.FP-ATR-ASTRA1.1.1.0
2023-08-10 08:52:14,617 [WARN] PackLoader:240 - Cannot read IP mode file for STMicroelectronics.X-CUBE-AZRTOS-G4.1.0.0
2023-08-10 08:52:14,632 [WARN] PackLoader:240 - Cannot read IP mode file for STMicroelectronics.X-CUBE-AZRTOS-L4.1.0.0
2023-08-10 08:52:14,643 [WARN] PackLoader:240 - Cannot read IP mode file for STMicroelectronics.X-CUBE-AZRTOS-WL.1.0.0
2023-08-10 08:52:14,648 [WARN] PackLoader:240 - Cannot read IP mode file for portGmbH.I-Cube-SoM-uGOAL.1.1.0
2023-08-10 08:52:14,648 [WARN] PackLoader:240 - Cannot read IP mode file for STMicroelectronics.X-CUBE-ALS.1.0.1
2023-08-10 08:52:14,659 [WARN] PackLoader:240 - Cannot read IP mode file for STMicroelectronics.X-CUBE-AZRTOS-WB.1.1.0
2023-08-10 08:52:14,675 [WARN] PackLoader:240 - Cannot read IP mode file for STMicroelectronics.X-CUBE-AZRTOS-L5.1.0.0
2023-08-10 08:52:14,677 [WARN] PackLoader:240 - Cannot read IP mode file for STMicroelectronics.X-CUBE-EEPRMA1.3.1.1
2023-08-10 08:52:14,690 [WARN] PackLoader:240 - Cannot read IP mode file for STMicroelectronics.FP-ATR-ASTRA1.2.0.0
2023-08-10 08:52:14,690 [INFO] ThirdParty:978 - Integrity check success = true
2023-08-10 08:52:14,690 [INFO] IntegrityCheckThread:100 - exiting critical section [integrity check]
2023-08-10 08:52:14,690 [INFO] IntegrityCheckThread:103 - End integrity checks thread
2023-08-10 08:52:14,690 [INFO] ThirdParty:873 - entering critical section [close project]
2023-08-10 08:52:14,690 [INFO] ThirdParty:883 - exiting critical section [close project]
2023-08-10 08:52:14,697 [INFO] PinOutPanel:1499 - setPackage(No Configuration,No Configuration)
2023-08-10 08:52:14,708 [INFO] UtilMem:75 - Begin LoadConfig() Used Memory: 505362256 Bytes (668991488)
2023-08-10 08:52:14,708 [INFO] MicroXplorer:468 - Change Database Path : 
2023-08-10 08:52:14,708 [INFO] MicroXplorer:498 - Change Database Version : DB.6.0.81
2023-08-10 08:52:14,708 [INFO] OpenFileManager:308 - Change cursor
2023-08-10 08:52:14,784 [INFO] Mcu:1937 - Initializing MCU STM32G030K(6-8)Tx STM32G030K6Tx STM32G030K6T6
2023-08-10 08:52:38,391 [INFO] Context:659 - Trying to add GPIOservice into a context  which must be forbidden
2023-08-10 08:52:39,017 [INFO] RtosManager:555 - Registered RTOS mode: class=CMSIS, group=RTOS, mode=CMSIS_V1, owner=FREERTOS
2023-08-10 08:52:39,017 [INFO] RtosManager:555 - Registered RTOS mode: class=CMSIS, group=RTOS2, mode=CMSIS_V2, owner=FREERTOS
2023-08-10 08:52:39,017 [INFO] RtosManager:555 - Registered RTOS mode: class=RTOS, group=Core, mode=CMSIS_V1, owner=FREERTOS
2023-08-10 08:52:39,017 [INFO] RtosManager:555 - Registered RTOS mode: class=RTOS, group=Core, mode=CMSIS_V2, owner=FREERTOS
2023-08-10 08:52:39,017 [WARN] ModelIntegratedComponent:184 - Missing modes for component STMicroelectronics:FreeRTOS:0.0.1:STMicroelectronics:RTOS:FreeRTOS:Core:::10.2.0:
2023-08-10 08:52:39,027 [WARN] ModelIntegratedComponent:63 - No mode defined for component null
2023-08-10 08:52:39,027 [WARN] ModelIntegratedComponent:63 - No mode defined for component null
2023-08-10 08:52:39,027 [WARN] ModelIntegratedComponent:63 - No mode defined for component null
2023-08-10 08:52:39,027 [WARN] ModelIntegratedComponent:63 - No mode defined for component null
2023-08-10 08:52:39,027 [WARN] ModelIntegratedComponent:63 - No mode defined for component null
2023-08-10 08:52:39,027 [WARN] ModelIntegratedComponent:63 - No mode defined for component null
2023-08-10 08:52:39,027 [WARN] ModelIntegratedComponent:63 - No mode defined for component null
2023-08-10 08:52:39,027 [WARN] ModelIntegratedComponent:63 - No mode defined for component null
2023-08-10 08:52:39,027 [WARN] ModelIntegratedComponent:63 - No mode defined for component null
2023-08-10 08:52:39,027 [WARN] ModelIntegratedComponent:63 - No mode defined for component null
2023-08-10 08:52:39,027 [WARN] ModelIntegratedComponent:63 - No mode defined for component null
2023-08-10 08:52:39,027 [WARN] ModelIntegratedComponent:63 - No mode defined for component null
2023-08-10 08:52:39,027 [WARN] ModelIntegratedComponent:63 - No mode defined for component null
2023-08-10 08:52:39,027 [WARN] ModelIntegratedComponent:63 - No mode defined for component null
2023-08-10 08:52:39,027 [WARN] ModelIntegratedComponent:63 - No mode defined for component null
2023-08-10 08:52:39,027 [WARN] ModelIntegratedComponent:63 - No mode defined for component null
2023-08-10 08:52:39,027 [WARN] ModelIntegratedComponent:63 - No mode defined for component null
2023-08-10 08:52:39,027 [WARN] ModelIntegratedComponent:63 - No mode defined for component null
2023-08-10 08:52:39,027 [WARN] ModelIntegratedComponent:63 - No mode defined for component null
2023-08-10 08:52:39,027 [WARN] ModelIntegratedComponent:63 - No mode defined for component null
2023-08-10 08:52:39,027 [WARN] ModelIntegratedComponent:63 - No mode defined for component null
2023-08-10 08:52:39,027 [WARN] ModelIntegratedComponent:63 - No mode defined for component null
2023-08-10 08:52:39,027 [WARN] ModelIntegratedComponent:63 - No mode defined for component null
2023-08-10 08:52:39,027 [WARN] ModelIntegratedComponent:63 - No mode defined for component null
2023-08-10 08:52:39,027 [WARN] ModelIntegratedComponent:63 - No mode defined for component null
2023-08-10 08:52:39,027 [WARN] ModelIntegratedComponent:63 - No mode defined for component null
2023-08-10 08:52:39,027 [WARN] ModelIntegratedComponent:63 - No mode defined for component null
2023-08-10 08:52:39,027 [WARN] ModelIntegratedComponent:63 - No mode defined for component null
2023-08-10 08:52:39,027 [WARN] ModelIntegratedComponent:63 - No mode defined for component null
2023-08-10 08:52:39,027 [WARN] ModelIntegratedComponent:63 - No mode defined for component null
2023-08-10 08:52:39,027 [WARN] ModelIntegratedComponent:63 - No mode defined for component null
2023-08-10 08:52:39,027 [WARN] ModelIntegratedComponent:63 - No mode defined for component null
2023-08-10 08:52:39,027 [WARN] ModelIntegratedComponent:63 - No mode defined for component null
2023-08-10 08:52:39,218 [INFO] ThirdPartyModel:298 - Start build external matchings
2023-08-10 08:52:39,958 [INFO] ThirdPartyModel:316 - End build external matchings
2023-08-10 08:52:39,998 [INFO] ImportTextPane:194 - (OptionalMessage_ERROR) IP (DMA) : Parameter (Instance) has Id (ADC1) currently not set
2023-08-10 08:52:40,004 [INFO] ImportTextPane:194 - (OptionalMessage_ERROR) IP (DMA) : Parameter (Request) has Id (ADC1) currently not set
2023-08-10 08:52:40,004 [INFO] ImportTextPane:194 - (OptionalMessage_ERROR) IP (DMA) : Parameter (Direction) has Id (ADC1) currently not set
2023-08-10 08:52:40,004 [INFO] ImportTextPane:194 - (OptionalMessage_ERROR) IP (DMA) : Parameter (PeriphInc) has Id (ADC1) currently not set
2023-08-10 08:52:40,004 [INFO] ImportTextPane:194 - (OptionalMessage_ERROR) IP (DMA) : Parameter (MemInc) has Id (ADC1) currently not set
2023-08-10 08:52:40,004 [INFO] ImportTextPane:194 - (OptionalMessage_ERROR) IP (DMA) : Parameter (PeriphDataAlignment) has Id (ADC1) currently not set
2023-08-10 08:52:40,004 [INFO] ImportTextPane:194 - (OptionalMessage_ERROR) IP (DMA) : Parameter (MemDataAlignment) has Id (ADC1) currently not set
2023-08-10 08:52:40,004 [INFO] ImportTextPane:194 - (OptionalMessage_ERROR) IP (DMA) : Parameter (Mode) has Id (ADC1) currently not set
2023-08-10 08:52:40,004 [INFO] ImportTextPane:194 - (OptionalMessage_ERROR) IP (DMA) : Parameter (Priority) has Id (ADC1) currently not set
2023-08-10 08:52:40,004 [INFO] ImportTextPane:194 - (OptionalMessage_ERROR) IP (DMA) : Parameter (SignalID) has Id (ADC1) currently not set
2023-08-10 08:52:40,004 [INFO] ImportTextPane:194 - (OptionalMessage_ERROR) IP (DMA) : Parameter (Polarity) has Id (ADC1) currently not set
2023-08-10 08:52:40,004 [INFO] ImportTextPane:194 - (OptionalMessage_ERROR) IP (DMA) : Parameter (RequestNumber) has Id (ADC1) currently not set
2023-08-10 08:52:40,004 [INFO] ImportTextPane:194 - (OptionalMessage_ERROR) IP (DMA) : Parameter (SyncSignalID) has Id (ADC1) currently not set
2023-08-10 08:52:40,004 [INFO] ImportTextPane:194 - (OptionalMessage_ERROR) IP (DMA) : Parameter (SyncPolarity) has Id (ADC1) currently not set
2023-08-10 08:52:40,004 [INFO] ImportTextPane:194 - (OptionalMessage_ERROR) IP (DMA) : Parameter (SyncEnable) has Id (ADC1) currently not set
2023-08-10 08:52:40,004 [INFO] ImportTextPane:194 - (OptionalMessage_ERROR) IP (DMA) : Parameter (EventEnable) has Id (ADC1) currently not set
2023-08-10 08:52:40,004 [INFO] ImportTextPane:194 - (OptionalMessage_ERROR) IP (DMA) : Parameter (SyncRequestNumber) has Id (ADC1) currently not set
2023-08-10 08:52:40,042 [WARN] IP:2113 - FIFOMode not found: check if there is a RefParameter without a condition.
2023-08-10 08:52:40,042 [WARN] IP:2113 - TXFIFOThreshold not found: check if there is a RefParameter without a condition.
2023-08-10 08:52:40,042 [WARN] IP:2113 - RXFIFOThreshold not found: check if there is a RefParameter without a condition.
2023-08-10 08:52:40,042 [WARN] IP:2113 - AutoBaudRateEnableParam not found: check if there is a RefParameter without a condition.
2023-08-10 08:52:41,938 [INFO] UtilMem:75 - End LoadConfig() Used Memory: 548248096 Bytes (711983104)
2023-08-10 08:52:43,247 [INFO] ApiDb:581 - Connected to CubeFinder SQLite database (C:\Users\KDS-LTP-0415\.stmcufinder\plugins\mcufinder\mcu\cube-finder-db.db)
2023-08-10 08:52:43,327 [INFO] ApiDb:668 - CubeFinder database Data Model version=2.1
2023-08-10 08:52:43,327 [INFO] ApiDb:669 - CubeFinder database Configuration version=3.0.37
2023-08-10 08:52:43,327 [INFO] ApiDb:670 - CubeFinder database generation date=2023-06-26 (1687786131)
2023-08-10 08:52:43,327 [INFO] ApiDb:671 - CubeFinder database FW Pack versions=[FP-ATR-ASTRA1_V2.0.0, FP-SNS-FLIGHT1_V5.0.1, FP-SNS-MOTENV1_V4.3.1, STM32Cube_FW_C0_V1.1.0, STM32Cube_FW_F4_V1.27.1, STM32Cube_FW_F7_V1.17.0, STM32Cube_FW_G0_V1.6.1, STM32Cube_FW_G4_V1.5.1, STM32Cube_FW_H5_V0.5.1, STM32Cube_FW_H5_V1.1.0, STM32Cube_FW_H7_V1.11.0, STM32Cube_FW_L0_V1.12.2, STM32Cube_FW_L5_V1.5.0, STM32Cube_FW_U5_V1.3.0, STM32Cube_FW_U5_V1.3.0RC4, STM32Cube_FW_WBA_V1.0.0RC1, STM32Cube_FW_WBA_V1.1.0, STM32Cube_FW_WBA_V1.1.0RC1, STM32Cube_FW_WB_V1.15.0RC1, STM32Cube_FW_WB_V1.16.0, STM32Cube_FW_WB_V1.16.0RC2, STM32Cube_FW_WB_V1.17.0, STM32Cube_FW_WL_V1.3.0, X-CUBE-ALGOBUILD_V1.3.0, X-CUBE-ALS_V1.0.1, X-CUBE-AZRTOS-F4_V1.1.0, X-CUBE-AZRTOS-F7_V1.1.0, X-CUBE-AZRTOS-G0_V1.1.0, X-CUBE-AZRTOS-G4_V2.0.0, X-CUBE-AZRTOS-H7_V3.1.0, X-CUBE-AZRTOS-L4_V1.0.0, X-CUBE-AZRTOS-L4_V2.0.0, X-CUBE-AZRTOS-L5_V1.1.0, X-CUBE-AZRTOS-WB_V1.1.0, X-CUBE-AZRTOS-WL_V2.0.0, X-CUBE-BLE1_V6.2.4, X-CUBE-BLE2_V3.3.0, X-CUBE-BLEMGR_V2.0.0, X-CUBE-EEPRMA1_V4.1.0, X-CUBE-FREERTOS_V1.0.1, X-CUBE-GNSS1_V6.0.0, X-CUBE-MEMS1_V9.1.0, X-CUBE-MEMS1_V9.4.0, X-CUBE-MEMS1_V9.6.0, X-CUBE-NFC4_V3.0.0, X-CUBE-NFC7_V1.0.0, X-CUBE-SFXS2LP1_V4.0.0, X-CUBE-SUBG2_V5.0.0]
2023-08-10 08:52:45,517 [INFO] ApiDb:240 - Found 297 in-development CPN: [B-G473E-ZEST1S, B-WB1M-WPAN1, B-WL5M-SUBG1, NUCLEO-C031C6, NUCLEO-H503RB, NUCLEO-H563ZI, NUCLEO-U545RE-Q, NUCLEO-U5A5ZJ-Q, NUCLEO-WBA52CG, STEVAL-PROTEUS1, STEVAL-STWINBX1, STM320518-EVAL, STM32C0116-DK, STM32C011D6Y3TR, STM32C011D6Y6TR, STM32C011F4P3, STM32C011F4P6, STM32C011F4U3, STM32C011F4U6TR, STM32C011F6P3, STM32C011F6P6, STM32C011F6U3, STM32C011F6U6TR, STM32C011J4M3, STM32C011J4M6, STM32C011J6M3, STM32C011J6M6, STM32C0316-DK, STM32C031C4T3, STM32C031C4T6, STM32C031C4U3, STM32C031C4U6, STM32C031C6T3, STM32C031C6T6, STM32C031C6U3, STM32C031C6U6, STM32C031F4P3, STM32C031F4P6, STM32C031F6P3, STM32C031F6P6, STM32C031G4U3, STM32C031G4U6, STM32C031G6U3, STM32C031G6U6, STM32C031K4T3, STM32C031K4T6, STM32C031K4U3, STM32C031K4U6, STM32C031K6T3, STM32C031K6T6, STM32C031K6U3, STM32C031K6U6, STM32G071K8TXN, STM32G071K8UXN, STM32G081GBU6N, STM32G081KBT6N, STM32G081KBUXN, STM32G0B1CCT6N, STM32G0B1KCT6, STM32G0B1NEY6TR, STM32G0B1RCT6N, STM32G0C1CCT6, STM32G0C1CCT6N, STM32G0C1CCU6N, STM32G0C1CET6N, STM32G0C1CEU6N, STM32G0C1KCT6, STM32G0C1NEY6TR, STM32G0C1RCI6N, STM32G0C1RCT6N, STM32G0C1REI6N, STM32G0C1RET6N, STM32G0C1VCI6, STM32G0C1VEI6, STM32G471CCT6, STM32G471CCU6, STM32G471CET3, STM32G471CET6, STM32G471CEU3, STM32G471CEU6, STM32G471MCT6, STM32G471MET3, STM32G471MET6, STM32G471MEY6TR, STM32G471QCT6, STM32G471QET3, STM32G471RCT6, STM32G471RET3, STM32G471RET6, STM32G471VCH6, STM32G471VCI6, STM32G471VCT6, STM32G471VEH3, STM32G471VEH6, STM32G471VEI3, STM32G471VEI6, STM32G471VET3, STM32G471VET6, STM32G474CCT6, STM32H503CBT6, STM32H503CBU6, STM32H503EBY6TR, STM32H503KBU6, STM32H503RBT6, STM32H562AGI6, STM32H562AII6, STM32H562IGK6, STM32H562IGT6, STM32H562IIK6, STM32H562IIT6, STM32H562RGT6, STM32H562RGV6, STM32H562RIT6, STM32H562RIV6, STM32H562VGT6, STM32H562VIT6, STM32H562ZGT6, STM32H562ZIT6, STM32H563AGI6, STM32H563AII3Q, STM32H563AII6, STM32H563IGK6, STM32H563IGT6, STM32H563IIK3Q, STM32H563IIK6, STM32H563IIT3Q, STM32H563IIT6, STM32H563MIY3QTR, STM32H563RGT6, STM32H563RGV6, STM32H563RIT6, STM32H563RIV6, STM32H563VGT6, STM32H563VIT3Q, STM32H563VIT6, STM32H563ZGT6, STM32H563ZIT3Q, STM32H563ZIT6, STM32H573AII3Q, STM32H573AII6, STM32H573I-DK, STM32H573IIK3Q, STM32H573IIK6, STM32H573IIT3Q, STM32H573IIT6, STM32H573MIY3QTR, STM32H573RIT6, STM32H573RIV6, STM32H573VIT3Q, STM32H573VIT6, STM32H573ZIT3Q, STM32H573ZIT6, STM32L4R5QGI6STR, STM32MP131AAE3, STM32MP131AAF3, STM32MP131AAG3, STM32MP131CAE3, STM32MP131CAF3, STM32MP131CAG3, STM32MP131DAE7, STM32MP131DAF7, STM32MP131DAG7, STM32MP131FAE7, STM32MP131FAF7, STM32MP131FAG7, STM32MP133AAE3, STM32MP133AAF3, STM32MP133AAG3, STM32MP133CAE3, STM32MP133CAF3, STM32MP133CAG3, STM32MP133DAE7, STM32MP133DAF7, STM32MP133DAG7, STM32MP133FAE7, STM32MP133FAF7, STM32MP133FAG7, STM32MP135AAE3, STM32MP135AAF3, STM32MP135AAG3, STM32MP135CAE3, STM32MP135CAF3, STM32MP135CAG3, STM32MP135DAE7, STM32MP135DAF7, STM32MP135DAG7, STM32MP135F-DK, STM32MP135FAE7, STM32MP135FAF7, STM32MP135FAF7T, STM32MP135FAF7U, STM32MP135FAG7, STM32U535CBT6, STM32U535CBT6Q, STM32U535CBU6, STM32U535CBU6Q, STM32U535CCT6, STM32U535CCT6Q, STM32U535CCU6, STM32U535CCU6Q, STM32U535CET6, STM32U535CET6Q, STM32U535CEU6, STM32U535CEU6Q, STM32U535JEY6QTR, STM32U535NCY6QTR, STM32U535NEY6QTR, STM32U535RBI6, STM32U535RBI6Q, STM32U535RBT6, STM32U535RBT6Q, STM32U535RCI6, STM32U535RCI6Q, STM32U535RCT6, STM32U535RCT6Q, STM32U535REI6, STM32U535REI6Q, STM32U535RET6, STM32U535RET6Q, STM32U535VCI6, STM32U535VCI6Q, STM32U535VCT6, STM32U535VCT6Q, STM32U535VEI6, STM32U535VEI6Q, STM32U535VET6, STM32U535VET6Q, STM32U545CET6, STM32U545CET6Q, STM32U545CEU6, STM32U545CEU6Q, STM32U545JEY6QTR, STM32U545NEY6QTR, STM32U545REI6, STM32U545REI6Q, STM32U545RET6, STM32U545RET6Q, STM32U545VEI6, STM32U545VEI6Q, STM32U545VET6, STM32U545VET6Q, STM32U595AIH6, STM32U595AIH6Q, STM32U595AJH6, STM32U595AJH6Q, STM32U595QII6, STM32U595QII6Q, STM32U595QJI6, STM32U595QJI6Q, STM32U595RIT6, STM32U595RIT6Q, STM32U595RJT6, STM32U595RJT6Q, STM32U595VIT6, STM32U595VIT6Q, STM32U595VJT6, STM32U595VJT6Q, STM32U595ZIT6, STM32U595ZIT6Q, STM32U595ZIY6QTR, STM32U595ZJT6, STM32U595ZJT6Q, STM32U595ZJY6QTR, STM32U599BJY6QTR, STM32U599NIH6Q, STM32U599NJH6Q, STM32U599VIT6Q, STM32U599VJT6, STM32U599VJT6Q, STM32U599ZIT6Q, STM32U599ZIY6QTR, STM32U599ZJT6Q, STM32U599ZJY6QTR, STM32U5A5AJH6, STM32U5A5AJH6Q, STM32U5A5QJI6, STM32U5A5QJI6Q, STM32U5A5RJT6, STM32U5A5RJT6Q, STM32U5A5VJT6, STM32U5A5VJT6Q, STM32U5A5ZJT6, STM32U5A5ZJT6Q, STM32U5A5ZJY6QTR, STM32U5A9BJY6QTR, STM32U5A9J-DK, STM32U5A9NJH6Q, STM32U5A9VJT6Q, STM32U5A9ZJT6Q, STM32U5A9ZJY6QTR, STM32WB1MMCH6, STM32WBA52CEU6, STM32WBA52CEU6T, STM32WBA52CGU6, STM32WBA52CGU6T, STM32WL5MOCH6, STM32WL5MOCH6TR]
2023-08-10 08:52:45,517 [INFO] DbMcus:216 - Found 3825 MCUs, 3825 are supported
2023-08-10 08:52:45,517 [INFO] ApiDb:423 - Load user favorites file C:\Users\KDS-LTP-0415/.stm32cubeide/favorites.mcus.txt: 0 item(s)
2023-08-10 08:52:45,517 [INFO] ApiDb:427 - User favorites MCUs=[]
2023-08-10 08:52:45,517 [INFO] DbMcus:222 - Set 0 / 0 favorites MCUs
2023-08-10 08:52:45,897 [WARN] ThirdParty:833 - waiting for thirdparty lock release [change project]
2023-08-10 08:52:45,897 [INFO] ThirdParty:835 - entering critical section [change project]
2023-08-10 08:52:45,897 [INFO] ThirdParty:1030 - CMSIS Pack Vendor :STMicroelectronics X-CUBE-GNSS1 6.0.0
2023-08-10 08:52:45,897 [INFO] ThirdParty:1030 - CMSIS Pack Vendor :STMicroelectronics USB_HOST 2.0.0
2023-08-10 08:52:45,897 [INFO] ThirdParty:1030 - CMSIS Pack Vendor :STMicroelectronics X-CUBE-AZRTOS-F4 1.1.0
2023-08-10 08:52:45,897 [INFO] ThirdParty:1030 - CMSIS Pack Vendor :STMicroelectronics LIBJPEG 8.0.0
2023-08-10 08:52:45,897 [INFO] ThirdParty:1030 - CMSIS Pack Vendor :wolfSSL I-CUBE-wolfSSL 5.6.3
2023-08-10 08:52:45,897 [INFO] ThirdParty:1030 - CMSIS Pack Vendor :STMicroelectronics X-CUBE-SMBUS 2.1.0
2023-08-10 08:52:45,897 [INFO] ThirdParty:1030 - CMSIS Pack Vendor :wolfSSL I-CUBE-wolfSSL 5.6.0
2023-08-10 08:52:45,897 [INFO] ThirdParty:1030 - CMSIS Pack Vendor :STMicroelectronics X-CUBE-BLEMGR 1.2.0
2023-08-10 08:52:45,897 [INFO] ThirdParty:1030 - CMSIS Pack Vendor :STMicroelectronics X-CUBE-AZRTOS-F7 1.1.0
2023-08-10 08:52:45,897 [INFO] ThirdParty:1030 - CMSIS Pack Vendor :STMicroelectronics USB_DEVICE 2.0.0
2023-08-10 08:52:45,897 [INFO] ThirdParty:1030 - CMSIS Pack Vendor :STMicroelectronics X-CUBE-MEMS1 9.6.0
2023-08-10 08:52:45,897 [INFO] ThirdParty:1030 - CMSIS Pack Vendor :STMicroelectronics FP-SNS-MOTENV1 4.3.0
2023-08-10 08:52:45,897 [INFO] ThirdParty:1030 - CMSIS Pack Vendor :STMicroelectronics FP-SNS-MOTENV1 4.3.2
2023-08-10 08:52:45,897 [INFO] ThirdParty:1030 - CMSIS Pack Vendor :STMicroelectronics FP-SNS-FLIGHT1 5.0.0
2023-08-10 08:52:45,897 [INFO] ThirdParty:1030 - CMSIS Pack Vendor :STMicroelectronics FP-SNS-MOTENV1 4.3.1
2023-08-10 08:52:45,897 [INFO] ThirdParty:1030 - CMSIS Pack Vendor :STMicroelectronics FP-SNS-FLIGHT1 5.0.1
2023-08-10 08:52:45,897 [INFO] ThirdParty:1030 - CMSIS Pack Vendor :STMicroelectronics X-CUBE-BLE1 6.2.3
2023-08-10 08:52:45,897 [INFO] ThirdParty:1030 - CMSIS Pack Vendor :STMicroelectronics X-CUBE-BLE1 6.2.4
2023-08-10 08:52:45,897 [INFO] ThirdParty:1030 - CMSIS Pack Vendor :STMicroelectronics FreeRTOS 0.0.1
2023-08-10 08:52:45,897 [INFO] ThirdParty:1030 - CMSIS Pack Vendor :emotas I-CUBE-CANOPEN 1.1.3
2023-08-10 08:52:45,897 [INFO] ThirdParty:1030 - CMSIS Pack Vendor :STMicroelectronics X-CUBE-BLEMGR 2.0.0
2023-08-10 08:52:45,897 [INFO] ThirdParty:1030 - CMSIS Pack Vendor :STMicroelectronics FP-SNS-FLIGHT1 5.0.2
2023-08-10 08:52:45,897 [INFO] ThirdParty:1030 - CMSIS Pack Vendor :STMicroelectronics X-CUBE-NFC4 2.0.5
2023-08-10 08:52:45,897 [INFO] ThirdParty:1030 - CMSIS Pack Vendor :STMicroelectronics X-CUBE-NFC4 2.0.4
2023-08-10 08:52:45,897 [INFO] ThirdParty:1030 - CMSIS Pack Vendor :STMicroelectronics X-CUBE-AZRTOS-H7 3.1.0
2023-08-10 08:52:45,897 [INFO] ThirdParty:1030 - CMSIS Pack Vendor :STMicroelectronics PDM2PCM 3.3.0
2023-08-10 08:52:45,897 [INFO] ThirdParty:1030 - CMSIS Pack Vendor :STMicroelectronics X-CUBE-TOF1 3.1.0
2023-08-10 08:52:45,897 [INFO] ThirdParty:1030 - CMSIS Pack Vendor :STMicroelectronics X-CUBE-DISPLAY 3.0.0
2023-08-10 08:52:45,897 [INFO] ThirdParty:1030 - CMSIS Pack Vendor :STMicroelectronics HAL Drivers 0.0.0
2023-08-10 08:52:45,897 [INFO] ThirdParty:1030 - CMSIS Pack Vendor :emotas I-CUBE-CANOPEN 1.3.0
2023-08-10 08:52:45,897 [INFO] ThirdParty:1030 - CMSIS Pack Vendor :STMicroelectronics X-CUBE-TOUCHGFX 4.22.0
2023-08-10 08:52:45,897 [INFO] ThirdParty:1030 - CMSIS Pack Vendor :STMicroelectronics X-CUBE-NFC7 1.0.1
2023-08-10 08:52:45,897 [INFO] ThirdParty:1030 - CMSIS Pack Vendor :STMicroelectronics MBEDTLS 2.14.1
2023-08-10 08:52:45,897 [INFO] ThirdParty:1030 - CMSIS Pack Vendor :STMicroelectronics X-CUBE-NFC7 1.0.0
2023-08-10 08:52:45,897 [INFO] ThirdParty:1030 - CMSIS Pack Vendor :STMicroelectronics X-CUBE-MEMS1 9.3.0
2023-08-10 08:52:45,897 [INFO] ThirdParty:1030 - CMSIS Pack Vendor :STMicroelectronics X-CUBE-EEPRMA1 4.1.0
2023-08-10 08:52:45,897 [INFO] ThirdParty:1030 - CMSIS Pack Vendor :STMicroelectronics X-CUBE-AI 7.2.0
2023-08-10 08:52:45,897 [INFO] ThirdParty:1030 - CMSIS Pack Vendor :STMicroelectronics X-CUBE-AZRTOS-WL 2.0.0
2023-08-10 08:52:45,897 [INFO] ThirdParty:1030 - CMSIS Pack Vendor :STMicroelectronics USB_DEVICE 1.0.0
2023-08-10 08:52:45,897 [INFO] ThirdParty:1030 - CMSIS Pack Vendor :STMicroelectronics X-CUBE-AI 8.1.0
2023-08-10 08:52:45,897 [INFO] ThirdParty:1030 - CMSIS Pack Vendor :STMicroelectronics X-CUBE-AZRTOS-L4 2.0.0
2023-08-10 08:52:45,897 [INFO] ThirdParty:1030 - CMSIS Pack Vendor :STMicroelectronics ThreadX 0.0.2
2023-08-10 08:52:45,897 [INFO] ThirdParty:1030 - CMSIS Pack Vendor :WES I-CUBE-Cesium 1.3.0
2023-08-10 08:52:45,897 [INFO] ThirdParty:1030 - CMSIS Pack Vendor :STMicroelectronics lwIP 2.1.2
2023-08-10 08:52:45,897 [INFO] ThirdParty:1030 - CMSIS Pack Vendor :STMicroelectronics X-CUBE-SFXS2LP1 4.0.0
2023-08-10 08:52:45,897 [INFO] ThirdParty:1030 - CMSIS Pack Vendor :STMicroelectronics X-CUBE-BLE2 3.3.0
2023-08-10 08:52:45,897 [INFO] ThirdParty:1030 - CMSIS Pack Vendor :STMicroelectronics X-CUBE-DISPLAY 2.2.0
2023-08-10 08:52:45,897 [INFO] ThirdParty:1030 - CMSIS Pack Vendor :STMicroelectronics X-CUBE-TOF1 3.2.0
2023-08-10 08:52:45,897 [INFO] ThirdParty:1030 - CMSIS Pack Vendor :STMicroelectronics PDM2PCM 3.2.0
2023-08-10 08:52:45,897 [INFO] ThirdParty:1030 - CMSIS Pack Vendor :STMicroelectronics X-CUBE-AZRTOS-H7 3.0.0
2023-08-10 08:52:45,897 [INFO] ThirdParty:1030 - CMSIS Pack Vendor :STMicroelectronics X-CUBE-ISPU 1.0.0
2023-08-10 08:52:45,897 [INFO] ThirdParty:1030 - CMSIS Pack Vendor :STMicroelectronics X-CUBE-ISPU 1.1.0
2023-08-10 08:52:45,897 [INFO] ThirdParty:1030 - CMSIS Pack Vendor :RoweBots I-CUBE-UNISONRTOS 5.5.0-4
2023-08-10 08:52:45,897 [INFO] ThirdParty:1030 - CMSIS Pack Vendor :STMicroelectronics X-CUBE-AZRTOS-H7 2.1.0
2023-08-10 08:52:45,897 [INFO] ThirdParty:1030 - CMSIS Pack Vendor :wolfSSL I-CUBE-wolfSSL 5.4.0
2023-08-10 08:52:45,897 [INFO] ThirdParty:1030 - CMSIS Pack Vendor :STMicroelectronics USB_DEVICE 3.0.0
2023-08-10 08:52:45,897 [INFO] ThirdParty:1030 - CMSIS Pack Vendor :STMicroelectronics X-CUBE-AI 8.0.0
2023-08-10 08:52:45,897 [INFO] ThirdParty:1030 - CMSIS Pack Vendor :STMicroelectronics X-CUBE-FREERTOS 1.0.0
2023-08-10 08:52:45,897 [INFO] ThirdParty:1030 - CMSIS Pack Vendor :STMicroelectronics X-CUBE-FREERTOS 1.0.1
2023-08-10 08:52:45,897 [INFO] ThirdParty:1030 - CMSIS Pack Vendor :STMicroelectronics X-CUBE-TOUCHGFX 4.21.1
2023-08-10 08:52:45,897 [INFO] ThirdParty:1030 - CMSIS Pack Vendor :STMicroelectronics X-CUBE-TOUCHGFX 4.21.3
2023-08-10 08:52:45,897 [INFO] ThirdParty:1030 - CMSIS Pack Vendor :STMicroelectronics X-CUBE-BLEMGR 1.0.0
2023-08-10 08:52:45,897 [INFO] ThirdParty:1030 - CMSIS Pack Vendor :STMicroelectronics X-CUBE-TOUCHGFX 4.21.4
2023-08-10 08:52:45,897 [INFO] ThirdParty:1030 - CMSIS Pack Vendor :STMicroelectronics X-CUBE-MEMS1 9.4.0
2023-08-10 08:52:45,897 [INFO] ThirdParty:1030 - CMSIS Pack Vendor :STMicroelectronics X-CUBE-AI 7.3.0
2023-08-10 08:52:45,897 [INFO] ThirdParty:1030 - CMSIS Pack Vendor :EdgeImpulse osugiw-project-1 1.0.1
2023-08-10 08:52:45,897 [INFO] ThirdParty:1030 - CMSIS Pack Vendor :STMicroelectronics X-CUBE-ALGOBUILD 1.3.0
2023-08-10 08:52:45,897 [INFO] ThirdParty:1030 - CMSIS Pack Vendor :STMicroelectronics X-CUBE-AZRTOS-L5 1.1.0
2023-08-10 08:52:45,897 [INFO] ThirdParty:1030 - CMSIS Pack Vendor :STMicroelectronics X-CUBE-AZRTOS-G0 1.1.0
2023-08-10 08:52:45,897 [INFO] ThirdParty:1030 - CMSIS Pack Vendor :STMicroelectronics X-CUBE-AI 8.0.1
2023-08-10 08:52:45,897 [INFO] ThirdParty:1030 - CMSIS Pack Vendor :STMicroelectronics X-CUBE-NFC4 3.0.0
2023-08-10 08:52:45,897 [INFO] ThirdParty:1030 - CMSIS Pack Vendor :SEGGER I-CUBE-embOS 1.2.0
2023-08-10 08:52:45,897 [INFO] ThirdParty:1030 - CMSIS Pack Vendor :STMicroelectronics X-CUBE-SUBG2 5.0.0
2023-08-10 08:52:45,897 [INFO] ThirdParty:1030 - CMSIS Pack Vendor :STMicroelectronics STM32_WPAN 1.0.0
2023-08-10 08:52:45,897 [INFO] ThirdParty:1030 - CMSIS Pack Vendor :STMicroelectronics lwIP 2.0.3
2023-08-10 08:52:45,897 [INFO] ThirdParty:1030 - CMSIS Pack Vendor :STMicroelectronics USB_HOST 1.0.0
2023-08-10 08:52:45,897 [INFO] ThirdParty:1030 - CMSIS Pack Vendor :STMicroelectronics X-CUBE-TOF1 3.3.1
2023-08-10 08:52:45,897 [INFO] ThirdParty:1030 - CMSIS Pack Vendor :STMicroelectronics X-CUBE-AZRTOS-G4 2.0.0
2023-08-10 08:52:45,897 [INFO] ThirdParty:1030 - CMSIS Pack Vendor :STMicroelectronics PDM2PCM 3.1.0
2023-08-10 08:52:45,897 [INFO] ThirdParty:1030 - CMSIS Pack Vendor :STMicroelectronics X-CUBE-TOF1 3.3.0
2023-08-10 08:52:45,897 [INFO] ThirdParty:1030 - CMSIS Pack Vendor :STMicroelectronics FP-ATR-ASTRA1 1.1.1
2023-08-10 08:52:45,897 [INFO] ThirdParty:1030 - CMSIS Pack Vendor :STMicroelectronics FP-ATR-ASTRA1 1.1.0
2023-08-10 08:52:45,897 [INFO] ThirdParty:1030 - CMSIS Pack Vendor :STMicroelectronics X-CUBE-BLEMGR 1.3.0
2023-08-10 08:52:45,897 [INFO] ThirdParty:1030 - CMSIS Pack Vendor :STMicroelectronics FP-ATR-SIGFOX1 3.2.0
2023-08-10 08:52:45,897 [INFO] ThirdParty:1030 - CMSIS Pack Vendor :STMicroelectronics X-CUBE-AZRTOS-G4 1.0.0
2023-08-10 08:52:45,897 [INFO] ThirdParty:1030 - CMSIS Pack Vendor :STMicroelectronics X-CUBE-AZRTOS-L4 1.0.0
2023-08-10 08:52:45,897 [INFO] ThirdParty:1030 - CMSIS Pack Vendor :STMicroelectronics MBEDTLS 2.16.2
2023-08-10 08:52:45,897 [INFO] ThirdParty:1030 - CMSIS Pack Vendor :emotas I-CUBE-CANOPEN 1.1.2
2023-08-10 08:52:45,897 [INFO] ThirdParty:1030 - CMSIS Pack Vendor :STMicroelectronics X-CUBE-TOUCHGFX 4.20.0
2023-08-10 08:52:45,897 [INFO] ThirdParty:1030 - CMSIS Pack Vendor :STMicroelectronics X-CUBE-AZRTOS-WL 1.0.0
2023-08-10 08:52:45,897 [INFO] ThirdParty:1030 - CMSIS Pack Vendor :portGmbH I-Cube-SoM-uGOAL 1.1.0
2023-08-10 08:52:45,907 [INFO] ThirdParty:1030 - CMSIS Pack Vendor :STMicroelectronics X-CUBE-ALS 1.0.1
2023-08-10 08:52:45,907 [INFO] ThirdParty:1030 - CMSIS Pack Vendor :STMicroelectronics X-CUBE-MEMS1 9.5.0
2023-08-10 08:52:45,907 [INFO] ThirdParty:1030 - CMSIS Pack Vendor :STMicroelectronics ThreadX 1.0.0
2023-08-10 08:52:45,907 [INFO] ThirdParty:1030 - CMSIS Pack Vendor :STMicroelectronics X-CUBE-AZRTOS-WB 1.1.0
2023-08-10 08:52:45,907 [INFO] ThirdParty:1030 - CMSIS Pack Vendor :SEGGER I-CUBE-embOS 1.3.1
2023-08-10 08:52:45,907 [INFO] ThirdParty:1030 - CMSIS Pack Vendor :STMicroelectronics X-CUBE-AZRTOS-L5 1.0.0
2023-08-10 08:52:45,907 [INFO] ThirdParty:1030 - CMSIS Pack Vendor :STMicroelectronics X-CUBE-EEPRMA1 3.1.1
2023-08-10 08:52:45,907 [INFO] ThirdParty:1030 - CMSIS Pack Vendor :STMicroelectronics FP-ATR-ASTRA1 2.0.0
2023-08-10 08:52:45,907 [INFO] ThirdParty:841 - exiting critical section [change project]
2023-08-10 08:52:46,215 [INFO] PinOutPanel:1499 - setPackage(No Configuration,No Configuration)
2023-08-10 08:52:46,217 [INFO] PinOutPanel:1499 - setPackage(STM32G030K6Tx,LQFP32)
2023-08-10 08:52:46,697 [INFO] UtilMem:75 - Before build in PCC Used Memory: 533596912 Bytes (711983104)
2023-08-10 08:52:47,647 [INFO] UtilMem:75 - After build in PCC Used Memory: 592861440 Bytes (711983104)
2023-08-10 08:52:47,678 [INFO] IPUIPlugin:80 - create IPUIPlugin
2023-08-10 08:52:47,679 [INFO] IPUIPlugin:80 - create IPUIPlugin
2023-08-10 08:52:47,679 [INFO] IPUIPlugin:80 - create IPUIPlugin
2023-08-10 08:52:47,679 [INFO] IPUIPlugin:80 - create IPUIPlugin
2023-08-10 08:52:47,679 [INFO] IPUIPlugin:80 - create IPUIPlugin
2023-08-10 08:52:47,679 [INFO] IPUIPlugin:80 - create IPUIPlugin
2023-08-10 08:52:47,679 [INFO] IPUIPlugin:80 - create IPUIPlugin
2023-08-10 08:52:47,679 [INFO] IPUIPlugin:80 - create IPUIPlugin
2023-08-10 08:52:47,679 [INFO] IPUIPlugin:80 - create IPUIPlugin
2023-08-10 08:52:47,679 [INFO] IPUIPlugin:80 - create IPUIPlugin
2023-08-10 08:52:47,679 [INFO] IPUIPlugin:80 - create IPUIPlugin
2023-08-10 08:52:47,679 [INFO] IPUIPlugin:80 - create IPUIPlugin
2023-08-10 08:52:47,679 [INFO] IPUIPlugin:80 - create IPUIPlugin
2023-08-10 08:52:47,679 [INFO] IPUIPlugin:80 - create IPUIPlugin
2023-08-10 08:52:47,679 [INFO] IPUIPlugin:80 - create IPUIPlugin
2023-08-10 08:52:47,679 [INFO] IPUIPlugin:80 - create IPUIPlugin
2023-08-10 08:52:47,679 [INFO] IPUIPlugin:80 - create IPUIPlugin
2023-08-10 08:52:47,679 [INFO] IPUIPlugin:80 - create IPUIPlugin
2023-08-10 08:52:47,679 [INFO] IPUIPlugin:80 - create IPUIPlugin
2023-08-10 08:52:47,679 [INFO] IPUIPlugin:80 - create IPUIPlugin
2023-08-10 08:52:47,679 [INFO] IPUIPlugin:80 - create IPUIPlugin
2023-08-10 08:52:47,679 [INFO] IPUIPlugin:80 - create IPUIPlugin
2023-08-10 08:52:47,679 [INFO] IPUIPlugin:80 - create IPUIPlugin
2023-08-10 08:52:47,679 [INFO] IPUIPlugin:80 - create IPUIPlugin
2023-08-10 08:52:47,679 [INFO] IPUIPlugin:80 - create IPUIPlugin
2023-08-10 08:52:47,697 [WARN] IP:2113 - FIFOMode not found: check if there is a RefParameter without a condition.
2023-08-10 08:52:47,697 [WARN] IP:2113 - TXFIFOThreshold not found: check if there is a RefParameter without a condition.
2023-08-10 08:52:47,697 [WARN] IP:2113 - RXFIFOThreshold not found: check if there is a RefParameter without a condition.
2023-08-10 08:52:47,697 [WARN] IP:2113 - AutoBaudRateEnableParam not found: check if there is a RefParameter without a condition.
2023-08-10 08:52:47,933 [INFO] CADModel:165 - CPN selected for project levelSTM32G030K6T6
2023-08-10 08:52:47,933 [INFO] CADModel:114 - Register for checkConnection events
2023-08-10 08:52:47,998 [INFO] OpenFileManager:328 - Restore cursor
2023-08-10 08:52:48,127 [WARN] IP:2113 - FIFOMode not found: check if there is a RefParameter without a condition.
2023-08-10 08:52:48,127 [WARN] IP:2113 - TXFIFOThreshold not found: check if there is a RefParameter without a condition.
2023-08-10 08:52:48,127 [WARN] IP:2113 - RXFIFOThreshold not found: check if there is a RefParameter without a condition.
2023-08-10 08:52:48,127 [WARN] IP:2113 - AutoBaudRateEnableParam not found: check if there is a RefParameter without a condition.
2023-08-10 08:52:48,127 [WARN] IP:2113 - FIFOMode not found: check if there is a RefParameter without a condition.
2023-08-10 08:52:48,127 [WARN] IP:2113 - TXFIFOThreshold not found: check if there is a RefParameter without a condition.
2023-08-10 08:52:48,127 [WARN] IP:2113 - RXFIFOThreshold not found: check if there is a RefParameter without a condition.
2023-08-10 08:52:48,127 [WARN] IP:2113 - AutoBaudRateEnableParam not found: check if there is a RefParameter without a condition.
2023-08-10 09:00:28,988 [INFO] NvicIntPanel:101 - NVIC parent = com.st.microxplorer.plugins.ip.nvic.MultiNvicIntPanel[,0,0,0x0,invalid,layout=javax.swing.BoxLayout,alignmentX=0.0,alignmentY=0.0,border=,flags=9,maximumSize=,minimumSize=,preferredSize=]
2023-08-10 09:00:38,718 [INFO] NvicIntPanel:101 - NVIC parent = com.st.microxplorer.plugins.ip.nvic.MultiNvicIntPanel[,0,0,0x0,invalid,layout=javax.swing.BoxLayout,alignmentX=0.0,alignmentY=0.0,border=,flags=9,maximumSize=,minimumSize=,preferredSize=]
2023-08-10 09:06:41,693 [INFO] NvicIntPanel:101 - NVIC parent = com.st.microxplorer.plugins.ip.nvic.MultiNvicIntPanel[,0,0,0x0,invalid,layout=javax.swing.BoxLayout,alignmentX=0.0,alignmentY=0.0,border=,flags=9,maximumSize=,minimumSize=,preferredSize=]
2023-08-10 09:06:45,985 [INFO] NvicIntPanel:101 - NVIC parent = com.st.microxplorer.plugins.ip.nvic.MultiNvicIntPanel[,0,0,0x0,invalid,layout=javax.swing.BoxLayout,alignmentX=0.0,alignmentY=0.0,border=,flags=9,maximumSize=,minimumSize=,preferredSize=]
2023-08-10 09:06:50,298 [INFO] NvicIntPanel:101 - NVIC parent = com.st.microxplorer.plugins.ip.nvic.MultiNvicIntPanel[,0,0,0x0,invalid,layout=javax.swing.BoxLayout,alignmentX=0.0,alignmentY=0.0,border=,flags=9,maximumSize=,minimumSize=,preferredSize=]
2023-08-10 09:06:59,728 [INFO] UtilMem:75 - End SaveConfig() Used Memory: 575446664 Bytes (711983104)
2023-08-10 09:06:59,840 [INFO] UtilMem:75 - End SaveConfig() Used Memory: 585370960 Bytes (711983104)
2023-08-10 09:07:00,531 [INFO] UtilMem:75 - End SaveConfig() Used Memory: 540833912 Bytes (711983104)
2023-08-10 09:07:01,148 [INFO] BlockDiagram:2759 - set Specific Code input for plugin: NVIC
2023-08-10 09:07:01,148 [INFO] BlockDiagram:2759 - set Specific Code input for plugin: USART
2023-08-10 09:07:01,148 [INFO] BlockDiagram:2759 - set Specific Code input for plugin: DMA
2023-08-10 09:07:01,148 [INFO] BlockDiagram:2759 - set Specific Code input for plugin: TIM1_8G0
2023-08-10 09:07:01,148 [INFO] BlockDiagram:2759 - set Specific Code input for plugin: TIM1_8G0
2023-08-10 09:07:01,148 [INFO] BlockDiagram:2759 - set Specific Code input for plugin: TIM1_8G0
2023-08-10 09:07:01,148 [INFO] BlockDiagram:2759 - set Specific Code input for plugin: SYS
2023-08-10 09:07:01,148 [INFO] BlockDiagram:2759 - set Specific Code input for plugin: GPIO
2023-08-10 09:07:01,148 [INFO] BlockDiagram:2759 - set Specific Code input for plugin: ADC
2023-08-10 09:07:01,148 [INFO] BlockDiagram:2759 - set Specific Code input for plugin: RCC
2023-08-10 09:07:01,153 [INFO] CodeGenerator:793 - code generatio: config db path: C:\ST\STM32CubeIDE_1.12.1\STM32CubeIDE\plugins\com.st.stm32cube.common.mx_6.8.1.202304191431\\db\
2023-08-10 09:07:01,188 [WARN] IP:2113 - FIFOMode not found: check if there is a RefParameter without a condition.
2023-08-10 09:07:01,188 [WARN] IP:2113 - TXFIFOThreshold not found: check if there is a RefParameter without a condition.
2023-08-10 09:07:01,193 [WARN] IP:2113 - RXFIFOThreshold not found: check if there is a RefParameter without a condition.
2023-08-10 09:07:01,193 [WARN] IP:2113 - AutoBaudRateEnableParam not found: check if there is a RefParameter without a condition.
2023-08-10 09:07:01,783 [INFO] CodeEngine:255 - oldGeneratedFile, D:\Project\Rice Cooker\RiceCooker_v0\CubeIDE\MXTmpFiles\license.tmp_save
2023-08-10 09:07:03,094 [INFO] CodeEngine:279 - Generated code: D:\Project\Rice Cooker\RiceCooker_v0\CubeIDE\MXTmpFiles\license.tmp
2023-08-10 09:07:03,432 [INFO] CodeEngine:255 - oldGeneratedFile, D:\Project\Rice Cooker\RiceCooker_v0\CubeIDE\MXTmpFiles\gpio.tmp_save
2023-08-10 09:07:03,579 [INFO] CodeEngine:279 - Generated code: D:\Project\Rice Cooker\RiceCooker_v0\CubeIDE\MXTmpFiles\gpio.tmp
2023-08-10 09:07:04,843 [ERROR] ConfigurationRetriever:142 - IOException on connection: connect timed out
2023-08-10 09:07:04,958 [INFO] CodeEngine:255 - oldGeneratedFile, D:\Project\Rice Cooker\RiceCooker_v0\CubeIDE\MXTmpFiles\dma.tmp_save
2023-08-10 09:07:05,049 [INFO] CodeEngine:279 - Generated code: D:\Project\Rice Cooker\RiceCooker_v0\CubeIDE\MXTmpFiles\dma.tmp
2023-08-10 09:07:05,049 [INFO] CodeEngine:255 - oldGeneratedFile, D:\Project\Rice Cooker\RiceCooker_v0\CubeIDE\MXTmpFiles\dma_GV.tmp_save
2023-08-10 09:07:05,143 [INFO] CodeEngine:279 - Generated code: D:\Project\Rice Cooker\RiceCooker_v0\CubeIDE\MXTmpFiles\dma_GV.tmp
2023-08-10 09:07:05,158 [INFO] CodeEngine:255 - oldGeneratedFile, D:\Project\Rice Cooker\RiceCooker_v0\CubeIDE\Core\Src\stm32g0xx_it.c_save
2023-08-10 09:07:05,298 [INFO] CodeEngine:279 - Generated code: D:\Project\Rice Cooker\RiceCooker_v0\CubeIDE\Core\Src\stm32g0xx_it.c
2023-08-10 09:07:05,305 [INFO] CodeEngine:255 - oldGeneratedFile, D:\Project\Rice Cooker\RiceCooker_v0\CubeIDE\Core\Inc\stm32g0xx_it.h_save
2023-08-10 09:07:05,388 [INFO] CodeEngine:279 - Generated code: D:\Project\Rice Cooker\RiceCooker_v0\CubeIDE\Core\Inc\stm32g0xx_it.h
2023-08-10 09:07:05,407 [INFO] CodeEngine:255 - oldGeneratedFile, D:\Project\Rice Cooker\RiceCooker_v0\CubeIDE\Core\Src\stm32g0xx_hal_msp.c_save
2023-08-10 09:07:05,538 [INFO] CodeEngine:279 - Generated code: D:\Project\Rice Cooker\RiceCooker_v0\CubeIDE\Core\Src\stm32g0xx_hal_msp.c
2023-08-10 09:07:05,538 [INFO] CodeEngine:255 - oldGeneratedFile, D:\Project\Rice Cooker\RiceCooker_v0\CubeIDE\MXTmpFiles\system.tmp_save
2023-08-10 09:07:05,642 [INFO] CodeEngine:279 - Generated code: D:\Project\Rice Cooker\RiceCooker_v0\CubeIDE\MXTmpFiles\system.tmp
2023-08-10 09:07:05,658 [INFO] CodeEngine:311 - oldGeneratedFile, D:\Project\Rice Cooker\RiceCooker_v0\CubeIDE\Core\Inc\stm32g0xx_hal_conf.h_save
2023-08-10 09:07:05,755 [INFO] CodeEngine:335 - Generated code: D:\Project\Rice Cooker\RiceCooker_v0\CubeIDE\Core\Inc\stm32g0xx_hal_conf.h
2023-08-10 09:07:05,788 [WARN] IPConfigManager:3431 - IP not found : TIM
2023-08-10 09:07:05,790 [WARN] CodeGenerator:3754 - IP not found : null
2023-08-10 09:07:05,799 [INFO] CodeEngine:255 - oldGeneratedFile, D:\Project\Rice Cooker\RiceCooker_v0\CubeIDE\Core\Inc\main.h_save
2023-08-10 09:07:05,908 [INFO] CodeEngine:279 - Generated code: D:\Project\Rice Cooker\RiceCooker_v0\CubeIDE\Core\Inc\main.h
2023-08-10 09:07:05,913 [INFO] CodeEngine:255 - oldGeneratedFile, D:\Project\Rice Cooker\RiceCooker_v0\CubeIDE\Core\Src\main.c_save
2023-08-10 09:07:06,208 [INFO] CodeEngine:279 - Generated code: D:\Project\Rice Cooker\RiceCooker_v0\CubeIDE\Core\Src\main.c
2023-08-10 09:07:07,183 [INFO] ProjectBuilder:2996 - Time for Copy HAL[1] : 265mS.
2023-08-10 09:07:07,207 [INFO] ProjectBuilder:4304 - Project Generator version: 3.19.2
2023-08-10 09:07:07,598 [INFO] ConfigFileManager:1483 - The Die is : DIE466
2023-08-10 09:07:07,608 [INFO] ApiDbMcu:507 - Load IP Config File for FATFS
2023-08-10 09:07:07,620 [INFO] ApiDbMcu:507 - Load IP Config File for FREERTOS
2023-08-10 09:07:08,617 [INFO] LogOutputStream:77 - [STDOUT_REDIRECT] 
2023-08-10 09:07:09,856 [ERROR] ConfigurationRetriever:142 - IOException on connection: connect timed out
2023-08-10 09:07:10,032 [INFO] ProjectBuilder:4505 - Time for Generating toolchain IDE Files: 2825mS.
2023-08-10 09:07:10,038 [INFO] ProjectBuilder:2867 - Time for Copy CMSIS : 6mS.
2023-08-10 09:07:10,038 [INFO] ProjectBuilder:2867 - Time for Copy CMSIS : 0mS.
2023-08-10 09:07:14,857 [ERROR] ConfigurationRetriever:142 - IOException on connection: connect timed out
2023-08-10 13:15:54,574 [ERROR] ConfigurationRetriever:142 - IOException on connection: connect timed out
2023-08-10 13:15:56,591 [ERROR] ConfigurationRetriever:142 - IOException on connection: connect timed out
2023-08-10 13:15:58,603 [ERROR] ConfigurationRetriever:142 - IOException on connection: connect timed out
2023-08-10 13:22:23,056 [ERROR] ConfigurationRetriever:142 - IOException on connection: connect timed out
2023-08-10 13:22:25,072 [ERROR] ConfigurationRetriever:142 - IOException on connection: connect timed out
2023-08-10 13:22:27,085 [ERROR] ConfigurationRetriever:142 - IOException on connection: connect timed out
2023-08-10 13:22:38,198 [ERROR] ConfigurationRetriever:142 - IOException on connection: connect timed out
2023-08-10 13:22:40,214 [ERROR] ConfigurationRetriever:142 - IOException on connection: connect timed out
2023-08-10 13:22:42,214 [ERROR] ConfigurationRetriever:142 - IOException on connection: connect timed out
2023-08-10 13:35:40,146 [ERROR] ConfigurationRetriever:142 - IOException on connection: connect timed out
2023-08-10 13:35:42,160 [ERROR] ConfigurationRetriever:142 - IOException on connection: connect timed out
2023-08-10 13:35:44,176 [ERROR] ConfigurationRetriever:142 - IOException on connection: connect timed out
2023-08-10 13:35:46,210 [ERROR] ConfigurationRetriever:142 - IOException on connection: connect timed out
2023-08-10 13:35:48,215 [ERROR] ConfigurationRetriever:142 - IOException on connection: connect timed out
2023-08-10 13:35:50,221 [ERROR] ConfigurationRetriever:142 - IOException on connection: connect timed out
2023-08-10 13:36:47,592 [ERROR] ConfigurationRetriever:142 - IOException on connection: connect timed out
2023-08-10 13:36:49,606 [ERROR] ConfigurationRetriever:142 - IOException on connection: connect timed out
2023-08-10 13:36:51,606 [ERROR] ConfigurationRetriever:142 - IOException on connection: connect timed out
2023-08-10 13:36:53,636 [ERROR] ConfigurationRetriever:142 - IOException on connection: connect timed out
2023-08-10 13:36:55,651 [ERROR] ConfigurationRetriever:142 - IOException on connection: connect timed out
2023-08-10 13:36:57,661 [ERROR] ConfigurationRetriever:142 - IOException on connection: connect timed out
2023-08-10 13:52:21,827 [ERROR] ConfigurationRetriever:142 - IOException on connection: connect timed out
2023-08-10 13:52:23,837 [ERROR] ConfigurationRetriever:142 - IOException on connection: connect timed out
2023-08-10 13:52:25,852 [ERROR] ConfigurationRetriever:142 - IOException on connection: connect timed out
2023-08-10 13:52:28,286 [ERROR] ConfigurationRetriever:142 - IOException on connection: connect timed out
2023-08-10 13:52:30,299 [ERROR] ConfigurationRetriever:142 - IOException on connection: connect timed out
2023-08-10 13:52:32,312 [ERROR] ConfigurationRetriever:142 - IOException on connection: connect timed out
2023-08-10 14:05:56,117 [ERROR] ConfigurationRetriever:142 - IOException on connection: connect timed out
2023-08-10 14:05:58,127 [ERROR] ConfigurationRetriever:142 - IOException on connection: connect timed out
2023-08-10 14:06:00,131 [ERROR] ConfigurationRetriever:142 - IOException on connection: connect timed out
2023-08-10 14:08:00,828 [ERROR] ConfigurationRetriever:142 - IOException on connection: connect timed out
2023-08-10 14:28:15,586 [ERROR] ConfigurationRetriever:142 - IOException on connection: connect timed out
2023-08-10 14:28:17,597 [ERROR] ConfigurationRetriever:142 - IOException on connection: connect timed out
2023-08-10 14:28:19,603 [ERROR] ConfigurationRetriever:142 - IOException on connection: connect timed out
2023-08-10 14:28:21,643 [ERROR] ConfigurationRetriever:142 - IOException on connection: connect timed out
2023-08-10 14:28:23,650 [ERROR] ConfigurationRetriever:142 - IOException on connection: connect timed out
2023-08-10 14:28:25,657 [ERROR] ConfigurationRetriever:142 - IOException on connection: connect timed out
2023-08-10 14:40:44,254 [ERROR] ConfigurationRetriever:142 - IOException on connection: connect timed out
2023-08-10 14:40:46,264 [ERROR] ConfigurationRetriever:142 - IOException on connection: connect timed out
2023-08-10 14:40:48,272 [ERROR] ConfigurationRetriever:142 - IOException on connection: connect timed out
2023-08-10 14:40:50,297 [ERROR] ConfigurationRetriever:142 - IOException on connection: connect timed out
2023-08-10 14:40:52,311 [ERROR] ConfigurationRetriever:142 - IOException on connection: connect timed out
2023-08-10 14:40:54,321 [ERROR] ConfigurationRetriever:142 - IOException on connection: connect timed out
2023-08-10 14:44:15,367 [ERROR] ConfigurationRetriever:142 - IOException on connection: connect timed out
2023-08-10 14:44:17,376 [ERROR] ConfigurationRetriever:142 - IOException on connection: connect timed out
2023-08-10 14:44:19,385 [ERROR] ConfigurationRetriever:142 - IOException on connection: connect timed out
2023-08-10 14:44:27,668 [ERROR] ConfigurationRetriever:142 - IOException on connection: connect timed out
2023-08-10 14:44:29,677 [ERROR] ConfigurationRetriever:142 - IOException on connection: connect timed out
2023-08-10 14:44:31,681 [ERROR] ConfigurationRetriever:142 - IOException on connection: connect timed out
2023-08-10 14:52:41,945 [ERROR] ConfigurationRetriever:142 - IOException on connection: connect timed out
2023-08-10 14:52:43,958 [ERROR] ConfigurationRetriever:142 - IOException on connection: connect timed out
2023-08-10 14:52:45,961 [ERROR] ConfigurationRetriever:142 - IOException on connection: connect timed out
2023-08-10 16:12:37,208 [ERROR] ConfigurationRetriever:142 - IOException on connection: connect timed out
2023-08-10 16:12:39,224 [ERROR] ConfigurationRetriever:142 - IOException on connection: connect timed out
2023-08-10 16:12:41,229 [ERROR] ConfigurationRetriever:142 - IOException on connection: connect timed out
2023-08-10 16:39:45,742 [ERROR] ConfigurationRetriever:142 - IOException on connection: connect timed out
2023-08-10 16:39:47,756 [ERROR] ConfigurationRetriever:142 - IOException on connection: connect timed out
2023-08-10 16:39:49,765 [ERROR] ConfigurationRetriever:142 - IOException on connection: connect timed out
2023-08-10 17:00:48,898 [ERROR] ConfigurationRetriever:142 - IOException on connection: connect timed out
2023-08-10 17:00:50,903 [ERROR] ConfigurationRetriever:142 - IOException on connection: connect timed out
2023-08-10 17:00:52,909 [ERROR] ConfigurationRetriever:142 - IOException on connection: connect timed out
