2024-05-03 08:24:41,512 [INFO] Activator:176 - 


2024-05-03 08:24:41,519 [INFO] Activator:177 - !SESSION log4j initialized
2024-05-03 08:24:48,052 [INFO] LogOutputStream:77 - [STDOUT_REDIRECT] 
2024-05-03 08:25:09,902 [ERROR] LogOutputStream:75 - [STDERR_REDIRECT] SLF4J: Failed to load class "org.slf4j.impl.StaticLoggerBinder".
2024-05-03 08:25:09,902 [ERROR] LogOutputStream:75 - [STDERR_REDIRECT] SLF4J: Defaulting to no-operation (NOP) logger implementation
2024-05-03 08:25:09,908 [ERROR] LogOutputStream:75 - [STDERR_REDIRECT] SLF4J: See http://www.slf4j.org/codes.html#StaticLoggerBinder for further details.
2024-05-03 09:24:15,829 [ERROR] ConfigurationRetriever:142 - IOException on connection: connect timed out
2024-05-03 09:24:17,838 [ERROR] ConfigurationRetriever:142 - IOException on connection: connect timed out
2024-05-03 09:24:19,839 [ERROR] ConfigurationRetriever:142 - IOException on connection: connect timed out
2024-05-03 09:24:21,871 [ERROR] ConfigurationRetriever:142 - IOException on connection: connect timed out
2024-05-03 09:24:23,871 [ERROR] ConfigurationRetriever:142 - IOException on connection: connect timed out
2024-05-03 09:24:25,888 [ERROR] ConfigurationRetriever:142 - IOException on connection: connect timed out
2024-05-03 09:24:47,788 [ERROR] ConfigurationRetriever:142 - IOException on connection: connect timed out
2024-05-03 09:24:49,789 [ERROR] ConfigurationRetriever:142 - IOException on connection: connect timed out
2024-05-03 09:24:51,804 [ERROR] ConfigurationRetriever:142 - IOException on connection: connect timed out
2024-05-03 09:24:53,838 [ERROR] ConfigurationRetriever:142 - IOException on connection: connect timed out
2024-05-03 09:24:55,839 [ERROR] ConfigurationRetriever:142 - IOException on connection: connect timed out
2024-05-03 09:24:57,839 [ERROR] ConfigurationRetriever:142 - IOException on connection: connect timed out
2024-05-03 11:08:32,993 [ERROR] ConfigurationRetriever:142 - IOException on connection: connect timed out
2024-05-03 11:08:35,009 [ERROR] ConfigurationRetriever:142 - IOException on connection: connect timed out
2024-05-03 11:08:37,025 [ERROR] ConfigurationRetriever:142 - IOException on connection: connect timed out
2024-05-03 11:08:39,058 [ERROR] ConfigurationRetriever:142 - IOException on connection: connect timed out
2024-05-03 11:08:41,075 [ERROR] ConfigurationRetriever:142 - IOException on connection: connect timed out
2024-05-03 11:08:43,093 [ERROR] ConfigurationRetriever:142 - IOException on connection: connect timed out
2024-05-03 16:31:46,045 [ERROR] ConfigurationRetriever:142 - IOException on connection: connect timed out
2024-05-03 16:31:48,052 [ERROR] ConfigurationRetriever:142 - IOException on connection: connect timed out
2024-05-03 16:31:50,067 [ERROR] ConfigurationRetriever:142 - IOException on connection: connect timed out
2024-05-03 16:31:52,097 [ERROR] ConfigurationRetriever:142 - IOException on connection: connect timed out
2024-05-03 16:31:54,105 [ERROR] ConfigurationRetriever:142 - IOException on connection: connect timed out
2024-05-03 16:31:56,109 [ERROR] ConfigurationRetriever:142 - IOException on connection: connect timed out
2024-05-03 16:33:58,781 [ERROR] ConfigurationRetriever:142 - IOException on connection: connect timed out
2024-05-03 16:34:00,785 [ERROR] ConfigurationRetriever:142 - IOException on connection: connect timed out
2024-05-03 16:34:02,793 [ERROR] ConfigurationRetriever:142 - IOException on connection: connect timed out
2024-05-03 16:34:04,824 [ERROR] ConfigurationRetriever:142 - IOException on connection: connect timed out
2024-05-03 16:34:06,837 [ERROR] ConfigurationRetriever:142 - IOException on connection: connect timed out
2024-05-03 16:34:08,838 [ERROR] ConfigurationRetriever:142 - IOException on connection: connect timed out
2024-05-03 16:34:44,186 [ERROR] ConfigurationRetriever:142 - IOException on connection: Read timed out
2024-05-03 16:47:33,821 [ERROR] ConfigurationRetriever:142 - IOException on connection: connect timed out
2024-05-03 16:47:35,833 [ERROR] ConfigurationRetriever:142 - IOException on connection: connect timed out
2024-05-03 16:47:37,844 [ERROR] ConfigurationRetriever:142 - IOException on connection: connect timed out
2024-05-03 16:47:39,866 [ERROR] ConfigurationRetriever:142 - IOException on connection: connect timed out
2024-05-03 16:47:41,881 [ERROR] ConfigurationRetriever:142 - IOException on connection: connect timed out
2024-05-03 16:47:43,896 [ERROR] ConfigurationRetriever:142 - IOException on connection: connect timed out
2024-05-03 16:55:06,822 [ERROR] ConfigurationRetriever:142 - IOException on connection: connect timed out
2024-05-03 16:55:08,835 [ERROR] ConfigurationRetriever:142 - IOException on connection: connect timed out
2024-05-03 16:55:10,843 [ERROR] ConfigurationRetriever:142 - IOException on connection: connect timed out
2024-05-03 16:55:12,890 [ERROR] ConfigurationRetriever:142 - IOException on connection: connect timed out
2024-05-03 16:55:14,901 [ERROR] ConfigurationRetriever:142 - IOException on connection: connect timed out
2024-05-03 16:55:16,916 [ERROR] ConfigurationRetriever:142 - IOException on connection: connect timed out
2024-05-03 16:55:45,516 [ERROR] ConfigurationRetriever:142 - IOException on connection: connect timed out
2024-05-03 16:55:47,519 [ERROR] ConfigurationRetriever:142 - IOException on connection: connect timed out
2024-05-03 16:55:49,527 [ERROR] ConfigurationRetriever:142 - IOException on connection: connect timed out
2024-05-03 16:55:51,559 [ERROR] ConfigurationRetriever:142 - IOException on connection: connect timed out
2024-05-03 16:55:53,572 [ERROR] ConfigurationRetriever:142 - IOException on connection: connect timed out
2024-05-03 16:55:55,587 [ERROR] ConfigurationRetriever:142 - IOException on connection: connect timed out
2024-05-03 17:04:18,036 [ERROR] ConfigurationRetriever:142 - IOException on connection: connect timed out
2024-05-03 17:04:20,047 [ERROR] ConfigurationRetriever:142 - IOException on connection: connect timed out
2024-05-03 17:04:22,047 [ERROR] ConfigurationRetriever:142 - IOException on connection: connect timed out
2024-05-03 17:04:24,075 [ERROR] ConfigurationRetriever:142 - IOException on connection: connect timed out
2024-05-03 17:04:26,077 [ERROR] ConfigurationRetriever:142 - IOException on connection: connect timed out
2024-05-03 17:04:28,091 [ERROR] ConfigurationRetriever:142 - IOException on connection: connect timed out
2024-05-03 17:06:20,357 [ERROR] ConfigurationRetriever:142 - IOException on connection: connect timed out
2024-05-03 17:06:22,367 [ERROR] ConfigurationRetriever:142 - IOException on connection: connect timed out
2024-05-03 17:06:24,379 [ERROR] ConfigurationRetriever:142 - IOException on connection: connect timed out
2024-05-03 17:06:26,406 [ERROR] ConfigurationRetriever:142 - IOException on connection: connect timed out
2024-05-03 17:06:28,418 [ERROR] ConfigurationRetriever:142 - IOException on connection: connect timed out
2024-05-03 17:06:30,432 [ERROR] ConfigurationRetriever:142 - IOException on connection: connect timed out
2024-05-03 17:11:16,607 [ERROR] ConfigurationRetriever:142 - IOException on connection: connect timed out
2024-05-03 17:11:18,622 [ERROR] ConfigurationRetriever:142 - IOException on connection: connect timed out
2024-05-03 17:11:20,622 [ERROR] ConfigurationRetriever:142 - IOException on connection: connect timed out
2024-05-03 17:11:22,655 [ERROR] ConfigurationRetriever:142 - IOException on connection: connect timed out
2024-05-03 17:11:24,657 [ERROR] ConfigurationRetriever:142 - IOException on connection: connect timed out
2024-05-03 17:11:26,672 [ERROR] ConfigurationRetriever:142 - IOException on connection: connect timed out
