2023-12-01 08:26:00,740 [INFO] Activator:176 - 


2023-12-01 08:26:00,751 [INFO] Activator:177 - !SESSION log4j initialized
2023-12-01 08:26:08,924 [INFO] LogOutputStream:77 - [STDOUT_REDIRECT] 
2023-12-01 08:26:31,191 [ERROR] LogOutputStream:75 - [STDERR_REDIRECT] SLF4J: Failed to load class "org.slf4j.impl.StaticLoggerBinder".
2023-12-01 08:26:31,191 [ERROR] LogOutputStream:75 - [STDERR_REDIRECT] SLF4J: Defaulting to no-operation (NOP) logger implementation
2023-12-01 08:26:31,191 [ERROR] LogOutputStream:75 - [STDERR_REDIRECT] SLF4J: See http://www.slf4j.org/codes.html#StaticLoggerBinder for further details.
2023-12-01 08:57:00,053 [ERROR] ConfigurationRetriever:142 - IOException on connection: sw-center.st.com
2023-12-01 08:57:00,060 [ERROR] ConfigurationRetriever:142 - IOException on connection: sw-center.st.com
2023-12-01 08:57:00,060 [ERROR] ConfigurationRetriever:142 - IOException on connection: sw-center.st.com
2023-12-01 08:57:02,291 [ERROR] ConfigurationRetriever:142 - IOException on connection: sw-center.st.com
2023-12-01 08:57:02,291 [ERROR] ConfigurationRetriever:142 - IOException on connection: sw-center.st.com
2023-12-01 08:57:02,291 [ERROR] ConfigurationRetriever:142 - IOException on connection: sw-center.st.com
2023-12-01 09:00:02,002 [ERROR] ConfigurationRetriever:142 - IOException on connection: No route to host: connect
2023-12-01 09:00:02,018 [ERROR] ConfigurationRetriever:142 - IOException on connection: No route to host: connect
2023-12-01 09:00:02,019 [ERROR] ConfigurationRetriever:142 - IOException on connection: No route to host: connect
2023-12-01 09:01:27,429 [ERROR] ConfigurationRetriever:142 - IOException on connection: sw-center.st.com
2023-12-01 09:01:27,429 [ERROR] ConfigurationRetriever:142 - IOException on connection: sw-center.st.com
2023-12-01 09:01:27,429 [ERROR] ConfigurationRetriever:142 - IOException on connection: sw-center.st.com
2023-12-01 14:38:25,130 [INFO] ApplicationProperties:184 - Using Application install path: C:\ST\STM32CubeIDE_1.12.1\STM32CubeIDE\plugins\com.st.stm32cube.common.mx_6.8.1.202304191431
2023-12-01 14:38:25,157 [INFO] DbMcusXml:78 - Set database path to: C:\ST\STM32CubeIDE_1.12.1\STM32CubeIDE\plugins\com.st.stm32cube.common.mx_6.8.1.202304191431\\db\/mcu/
2023-12-01 14:38:25,157 [INFO] ApiDb:274 - Set plugin database path to: C:\ST\STM32CubeIDE_1.12.1\STM32CubeIDE\plugins\com.st.stm32cube.common.mx_6.8.1.202304191431\\db\/plugins/boardmanager/
2023-12-01 14:38:25,157 [WARN] ApiDb:259 - Overriding images path with different value:  => C:\ST\STM32CubeIDE_1.12.1\STM32CubeIDE\plugins\com.st.stm32cube.common.mx_6.8.1.202304191431\\db\/plugins/mcufinder/images/
2023-12-01 14:38:25,185 [INFO] ApiDb:250 - Set database path to: C:\Users\KDS-LTP-0415\.stmcufinder\plugins\mcufinder//mcu/
2023-12-01 14:38:25,185 [INFO] DbMcusAds:125 - Set database path to: C:\Users\KDS-LTP-0415\.stmcufinder\plugins\mcufinder//mcu/
2023-12-01 14:38:25,241 [INFO] CrossReferenceDbSqlite:203 - Set database path to: C:\Users\KDS-LTP-0415\.stmcufinder\plugins\mcufinder//mcu/cs/
2023-12-01 14:38:25,370 [INFO] RulesReader:64 - Compatibility file has been processed (293 Rules)
2023-12-01 14:38:25,481 [INFO] DbMcusXml:78 - Set database path to: C:\ST\STM32CubeIDE_1.12.1\STM32CubeIDE\plugins\com.st.stm32cube.common.mx_6.8.1.202304191431\\db\/mcu/
2023-12-01 14:38:25,481 [INFO] ApiDb:274 - Set plugin database path to: C:\ST\STM32CubeIDE_1.12.1\STM32CubeIDE\plugins\com.st.stm32cube.common.mx_6.8.1.202304191431\\db\/plugins/boardmanager/
2023-12-01 14:38:25,481 [INFO] ApiDb:261 - Set plugin images path to: C:\ST\STM32CubeIDE_1.12.1\STM32CubeIDE\plugins\com.st.stm32cube.common.mx_6.8.1.202304191431\\db\/plugins/mcufinder/images/
2023-12-01 14:38:25,481 [WARN] DbFile:41 - Overriding database path with different value: C:\Users\KDS-LTP-0415\.stmcufinder\plugins\mcufinder/ => C:\Users\KDS-LTP-0415\.stmcufinder\plugins\mcufinder
2023-12-01 14:38:25,481 [INFO] ApiDb:250 - Set database path to: C:\Users\KDS-LTP-0415\.stmcufinder\plugins\mcufinder//mcu/
2023-12-01 14:38:25,481 [WARN] DbFile:41 - Overriding database path with different value: C:\Users\KDS-LTP-0415\.stmcufinder\plugins\mcufinder/ => C:\Users\KDS-LTP-0415\.stmcufinder\plugins\mcufinder
2023-12-01 14:38:25,481 [INFO] DbMcusAds:125 - Set database path to: C:\Users\KDS-LTP-0415\.stmcufinder\plugins\mcufinder//mcu/
2023-12-01 14:38:25,481 [WARN] DbFile:41 - Overriding database path with different value: C:\Users\KDS-LTP-0415\.stmcufinder\plugins\mcufinder/ => C:\Users\KDS-LTP-0415\.stmcufinder\plugins\mcufinder
2023-12-01 14:38:25,481 [WARN] DbFile:41 - Overriding database path with different value: C:\Users\KDS-LTP-0415\.stmcufinder\plugins\mcufinder/ => C:\Users\KDS-LTP-0415\.stmcufinder\plugins\mcufinder
2023-12-01 14:38:25,481 [INFO] CrossReferenceDbSqlite:203 - Set database path to: C:\Users\KDS-LTP-0415\.stmcufinder\plugins\mcufinder//mcu/cs/
2023-12-01 14:38:25,580 [INFO] MainPanel:253 - HeapMemory: 736100352
2023-12-01 14:38:25,730 [INFO] DbMcusXml:78 - Set database path to: C:\ST\STM32CubeIDE_1.12.1\STM32CubeIDE\plugins\com.st.stm32cube.common.mx_6.8.1.202304191431\\db\/mcu/
2023-12-01 14:38:25,730 [INFO] ApiDb:274 - Set plugin database path to: C:\ST\STM32CubeIDE_1.12.1\STM32CubeIDE\plugins\com.st.stm32cube.common.mx_6.8.1.202304191431\\db\/plugins/boardmanager/
2023-12-01 14:38:25,730 [INFO] ApiDb:261 - Set plugin images path to: C:\ST\STM32CubeIDE_1.12.1\STM32CubeIDE\plugins\com.st.stm32cube.common.mx_6.8.1.202304191431\\db\/plugins/mcufinder/images/
2023-12-01 14:38:25,730 [WARN] DbFile:41 - Overriding database path with different value: C:\Users\KDS-LTP-0415\.stmcufinder\plugins\mcufinder/ => C:\Users\KDS-LTP-0415\.stmcufinder\plugins\mcufinder
2023-12-01 14:38:25,730 [INFO] ApiDb:250 - Set database path to: C:\Users\KDS-LTP-0415\.stmcufinder\plugins\mcufinder//mcu/
2023-12-01 14:38:25,730 [WARN] DbFile:41 - Overriding database path with different value: C:\Users\KDS-LTP-0415\.stmcufinder\plugins\mcufinder/ => C:\Users\KDS-LTP-0415\.stmcufinder\plugins\mcufinder
2023-12-01 14:38:25,730 [INFO] DbMcusAds:125 - Set database path to: C:\Users\KDS-LTP-0415\.stmcufinder\plugins\mcufinder//mcu/
2023-12-01 14:38:25,730 [WARN] DbFile:41 - Overriding database path with different value: C:\Users\KDS-LTP-0415\.stmcufinder\plugins\mcufinder/ => C:\Users\KDS-LTP-0415\.stmcufinder\plugins\mcufinder
2023-12-01 14:38:25,730 [WARN] DbFile:41 - Overriding database path with different value: C:\Users\KDS-LTP-0415\.stmcufinder\plugins\mcufinder/ => C:\Users\KDS-LTP-0415\.stmcufinder\plugins\mcufinder
2023-12-01 14:38:25,730 [INFO] CrossReferenceDbSqlite:203 - Set database path to: C:\Users\KDS-LTP-0415\.stmcufinder\plugins\mcufinder//mcu/cs/
2023-12-01 14:38:25,751 [INFO] ApplicationProperties:184 - Using Application install path: C:\ST\STM32CubeIDE_1.12.1\STM32CubeIDE\plugins\com.st.stm32cube.common.mx_6.8.1.202304191431
2023-12-01 14:38:25,751 [INFO] PluginManage:196 - Search for loadable plugins [exclusion list=, ]
2023-12-01 14:38:25,751 [INFO] PluginManage:310 - Check plugin analytics
2023-12-01 14:38:25,984 [INFO] AnalyticsPlugin:253 - Accepted Software Licenses: STM32CubeMX.6.2.1,STM32CubeMX.6.6.1,STM32CubeMX.6.7.0,STM32CubeMX.6.8.1,STM32CubeMX.6.9.1
2023-12-01 14:38:25,984 [INFO] AnalyticsPlugin:255 - Accepted CMSIS Pack Licenses: EdgeImpulse.osugiw-project-1.1.0.1
2023-12-01 14:38:25,984 [INFO] AnalyticsPlugin:257 - Accepted Firmware Licenses: FW.G0.1.6.0,FW.WB.1.16.0
2023-12-01 14:38:25,991 [INFO] PluginManage:359 - Loaded plugin analytics (category:tool,tabindex:-1)
2023-12-01 14:38:25,991 [INFO] PluginManage:310 - Check plugin cadmodel
2023-12-01 14:38:26,010 [INFO] CADModel:105 - Init CAD model plugin
2023-12-01 14:38:26,010 [INFO] PluginManage:359 - Loaded plugin cadmodel (category:power,tabindex:5)
2023-12-01 14:38:26,010 [INFO] PluginManage:310 - Check plugin clock
2023-12-01 14:38:26,032 [INFO] PluginManage:359 - Loaded plugin clock (category:base,tabindex:2)
2023-12-01 14:38:26,032 [INFO] PluginManage:310 - Check plugin ddr
2023-12-01 14:38:26,032 [INFO] PluginManage:359 - Loaded plugin ddr (category:tool,tabindex:6)
2023-12-01 14:38:26,032 [INFO] PluginManage:310 - Check plugin filemanager
2023-12-01 14:38:26,246 [INFO] PluginManage:359 - Loaded plugin filemanager (category:base,tabindex:10)
2023-12-01 14:38:26,246 [INFO] PluginManage:310 - Check plugin ipmanager
2023-12-01 14:38:26,254 [INFO] PluginManage:359 - Loaded plugin ipmanager (category:base,tabindex:5)
2023-12-01 14:38:26,254 [INFO] PluginManage:310 - Check plugin lpbam
2023-12-01 14:38:26,501 [INFO] PluginManage:359 - Loaded plugin lpbam (category:base,tabindex:0)
2023-12-01 14:38:26,501 [INFO] PluginManage:310 - Check plugin pinoutandconfiguration
2023-12-01 14:38:26,510 [INFO] PluginManage:359 - Loaded plugin pinoutandconfiguration (category:base,tabindex:1)
2023-12-01 14:38:26,510 [INFO] PluginManage:310 - Check plugin pinoutconfig
2023-12-01 14:38:26,680 [WARN] SupportedApi:132 - Cannot load RTOS API schema: s4s-elt-must-match.1: The content of 'definitions' must match (annotation?, (simpleType | complexType)?, (unique | key | keyref)*)). A problem was found starting at: attribute.
2023-12-01 14:38:26,810 [INFO] PluginManage:359 - Loaded plugin pinoutconfig (category:base,tabindex:0)
2023-12-01 14:38:26,810 [INFO] PluginManage:310 - Check plugin power
2023-12-01 14:38:26,860 [INFO] PluginManage:359 - Loaded plugin power (category:power,tabindex:4)
2023-12-01 14:38:26,860 [INFO] PluginManage:310 - Check plugin projectmanager
2023-12-01 14:38:26,880 [INFO] PluginManage:359 - Loaded plugin projectmanager (category:projectmanager,tabindex:3)
2023-12-01 14:38:26,880 [INFO] PluginManage:310 - Check plugin thirdparty
2023-12-01 14:38:27,145 [INFO] PluginManage:359 - Loaded plugin thirdparty (category:base,tabindex:-1)
2023-12-01 14:38:27,145 [WARN] IntegrityCheckThread:84 - waiting for thirdparty lock release [integrity check]
2023-12-01 14:38:27,145 [INFO] PluginManage:310 - Check plugin tools
2023-12-01 14:38:27,145 [INFO] IntegrityCheckThread:86 - entering critical section [integrity check]
2023-12-01 14:38:27,147 [INFO] ThirdPartyUpdaterWithRetryManager:70 - Updater plugin not ready yet. [1/15]
2023-12-01 14:38:27,171 [INFO] PluginManage:359 - Loaded plugin tools (category:base,tabindex:7)
2023-12-01 14:38:27,171 [INFO] PluginManage:310 - Check plugin tutovideos
2023-12-01 14:38:27,441 [INFO] PluginManage:359 - Loaded plugin tutovideos (category:base,tabindex:-1)
2023-12-01 14:38:27,441 [INFO] PluginManage:310 - Check plugin updater
2023-12-01 14:38:27,450 [INFO] PluginManage:359 - Loaded plugin updater (category:base,tabindex:12)
2023-12-01 14:38:27,450 [INFO] PluginManage:283 - PluginManage : Loaded plugins [15]
2023-12-01 14:38:27,684 [INFO] PinOutPanel:1499 - setPackage(No Configuration,No Configuration)
2023-12-01 14:38:27,771 [INFO] CADModel:165 - CPN selected for project level
2023-12-01 14:38:27,771 [INFO] CADModel:114 - Register for checkConnection events
2023-12-01 14:38:27,851 [INFO] IPUIPlugin:80 - create IPUIPlugin
2023-12-01 14:38:27,851 [INFO] PluginManager:220 - loadIPPluginJar : add adc
2023-12-01 14:38:27,875 [INFO] IPUIPlugin:80 - create IPUIPlugin
2023-12-01 14:38:27,875 [INFO] PluginManager:220 - loadIPPluginJar : add aes
2023-12-01 14:38:27,911 [INFO] IPUIPlugin:80 - create IPUIPlugin
2023-12-01 14:38:27,911 [INFO] PluginManager:220 - loadIPPluginJar : add can
2023-12-01 14:38:27,930 [INFO] IPUIPlugin:80 - create IPUIPlugin
2023-12-01 14:38:27,930 [INFO] PluginManager:220 - loadIPPluginJar : add comp
2023-12-01 14:38:27,954 [INFO] IPUIPlugin:80 - create IPUIPlugin
2023-12-01 14:38:27,954 [INFO] PluginManager:220 - loadIPPluginJar : add cryp
2023-12-01 14:38:27,980 [INFO] IPUIPlugin:80 - create IPUIPlugin
2023-12-01 14:38:27,980 [INFO] PluginManager:220 - loadIPPluginJar : add dfsdm
2023-12-01 14:38:28,051 [INFO] IPUIPlugin:80 - create IPUIPlugin
2023-12-01 14:38:28,051 [INFO] PluginManager:220 - loadIPPluginJar : add dma
2023-12-01 14:38:28,083 [INFO] IPUIPlugin:80 - create IPUIPlugin
2023-12-01 14:38:28,083 [INFO] PluginManager:220 - loadIPPluginJar : add dma3
2023-12-01 14:38:28,101 [INFO] IPUIPlugin:80 - create IPUIPlugin
2023-12-01 14:38:28,101 [INFO] PluginManager:220 - loadIPPluginJar : add fatfs
2023-12-01 14:38:28,131 [INFO] IPUIPlugin:80 - create IPUIPlugin
2023-12-01 14:38:28,131 [INFO] PluginManager:220 - loadIPPluginJar : add fmc
2023-12-01 14:38:28,141 [INFO] IPUIPlugin:80 - create IPUIPlugin
2023-12-01 14:38:28,141 [INFO] PluginManager:220 - loadIPPluginJar : add freertos
2023-12-01 14:38:28,156 [INFO] IPUIPlugin:80 - create IPUIPlugin
2023-12-01 14:38:28,156 [INFO] PluginManager:220 - loadIPPluginJar : add genericplugin
2023-12-01 14:38:28,221 [INFO] IPUIPlugin:80 - create IPUIPlugin
2023-12-01 14:38:28,221 [INFO] PluginManager:220 - loadIPPluginJar : add gfxmmu
2023-12-01 14:38:28,310 [INFO] IPUIPlugin:80 - create IPUIPlugin
2023-12-01 14:38:28,310 [INFO] PluginManager:220 - loadIPPluginJar : add gic
2023-12-01 14:38:28,470 [INFO] IPUIPlugin:80 - create IPUIPlugin
2023-12-01 14:38:28,470 [INFO] PluginManager:220 - loadIPPluginJar : add gpio
2023-12-01 14:38:28,511 [INFO] IPUIPlugin:80 - create IPUIPlugin
2023-12-01 14:38:28,511 [INFO] PluginManager:220 - loadIPPluginJar : add gtzc
2023-12-01 14:38:28,536 [INFO] IPUIPlugin:80 - create IPUIPlugin
2023-12-01 14:38:28,536 [INFO] PluginManager:220 - loadIPPluginJar : add hash
2023-12-01 14:38:28,575 [INFO] IPUIPlugin:80 - create IPUIPlugin
2023-12-01 14:38:28,575 [INFO] PluginManager:220 - loadIPPluginJar : add i2c
2023-12-01 14:38:28,601 [INFO] IPUIPlugin:80 - create IPUIPlugin
2023-12-01 14:38:28,601 [INFO] PluginManager:220 - loadIPPluginJar : add i2s
2023-12-01 14:38:28,640 [INFO] IPUIPlugin:80 - create IPUIPlugin
2023-12-01 14:38:28,640 [INFO] PluginManager:220 - loadIPPluginJar : add i3c
2023-12-01 14:38:28,691 [INFO] IPUIPlugin:80 - create IPUIPlugin
2023-12-01 14:38:28,691 [INFO] PluginManager:220 - loadIPPluginJar : add ipddr
2023-12-01 14:38:28,761 [INFO] IPUIPlugin:80 - create IPUIPlugin
2023-12-01 14:38:28,761 [INFO] PluginManager:220 - loadIPPluginJar : add linkedlist
2023-12-01 14:38:28,781 [INFO] IPUIPlugin:80 - create IPUIPlugin
2023-12-01 14:38:28,781 [INFO] PluginManager:220 - loadIPPluginJar : add lorawan
2023-12-01 14:38:28,806 [INFO] IPUIPlugin:80 - create IPUIPlugin
2023-12-01 14:38:28,811 [INFO] PluginManager:220 - loadIPPluginJar : add ltdc
2023-12-01 14:38:28,941 [INFO] IPUIPlugin:80 - create IPUIPlugin
2023-12-01 14:38:28,941 [INFO] PluginManager:220 - loadIPPluginJar : add mdma
2023-12-01 14:38:29,083 [INFO] IPUIPlugin:80 - create IPUIPlugin
2023-12-01 14:38:29,083 [INFO] PluginManager:220 - loadIPPluginJar : add nvic
2023-12-01 14:38:29,114 [INFO] IPUIPlugin:80 - create IPUIPlugin
2023-12-01 14:38:29,114 [INFO] PluginManager:220 - loadIPPluginJar : add opamp
2023-12-01 14:38:29,151 [INFO] IPUIPlugin:80 - create IPUIPlugin
2023-12-01 14:38:29,151 [INFO] PluginManager:220 - loadIPPluginJar : add openamp
2023-12-01 14:38:29,181 [INFO] IPUIPlugin:80 - create IPUIPlugin
2023-12-01 14:38:29,181 [INFO] PluginManager:220 - loadIPPluginJar : add pdm2pcm
2023-12-01 14:38:29,331 [INFO] IPUIPlugin:80 - create IPUIPlugin
2023-12-01 14:38:29,331 [INFO] PluginManager:220 - loadIPPluginJar : add plateformsettings
2023-12-01 14:38:29,346 [INFO] IPUIPlugin:80 - create IPUIPlugin
2023-12-01 14:38:29,346 [INFO] PluginManager:220 - loadIPPluginJar : add quadspi
2023-12-01 14:38:29,360 [INFO] IPUIPlugin:80 - create IPUIPlugin
2023-12-01 14:38:29,360 [INFO] PluginManager:220 - loadIPPluginJar : add resmgrutility
2023-12-01 14:38:29,386 [INFO] IPUIPlugin:80 - create IPUIPlugin
2023-12-01 14:38:29,386 [INFO] PluginManager:220 - loadIPPluginJar : add sai
2023-12-01 14:38:29,411 [INFO] IPUIPlugin:80 - create IPUIPlugin
2023-12-01 14:38:29,411 [INFO] PluginManager:220 - loadIPPluginJar : add spi
2023-12-01 14:38:29,441 [INFO] IPUIPlugin:80 - create IPUIPlugin
2023-12-01 14:38:29,441 [INFO] PluginManager:220 - loadIPPluginJar : add stm32_wpan
2023-12-01 14:38:29,461 [INFO] IPUIPlugin:80 - create IPUIPlugin
2023-12-01 14:38:29,461 [INFO] PluginManager:220 - loadIPPluginJar : add tim
2023-12-01 14:38:29,497 [INFO] IPUIPlugin:80 - create IPUIPlugin
2023-12-01 14:38:29,497 [INFO] PluginManager:220 - loadIPPluginJar : add touchsensing
2023-12-01 14:38:29,513 [INFO] IPUIPlugin:80 - create IPUIPlugin
2023-12-01 14:38:29,513 [INFO] PluginManager:220 - loadIPPluginJar : add tracer_emb
2023-12-01 14:38:29,529 [INFO] IPUIPlugin:80 - create IPUIPlugin
2023-12-01 14:38:29,529 [INFO] PluginManager:220 - loadIPPluginJar : add ts
2023-12-01 14:38:29,545 [INFO] IPUIPlugin:80 - create IPUIPlugin
2023-12-01 14:38:29,545 [INFO] PluginManager:220 - loadIPPluginJar : add tsc
2023-12-01 14:38:29,561 [INFO] IPUIPlugin:80 - create IPUIPlugin
2023-12-01 14:38:29,561 [INFO] PluginManager:220 - loadIPPluginJar : add ucpd
2023-12-01 14:38:29,591 [INFO] IPUIPlugin:80 - create IPUIPlugin
2023-12-01 14:38:29,591 [INFO] PluginManager:220 - loadIPPluginJar : add usart
2023-12-01 14:38:29,621 [INFO] IPUIPlugin:80 - create IPUIPlugin
2023-12-01 14:38:29,621 [INFO] PluginManager:220 - loadIPPluginJar : add usbx
2023-12-01 14:38:29,762 [INFO] CADModel:165 - CPN selected for project level
2023-12-01 14:38:29,762 [INFO] CADModel:114 - Register for checkConnection events
2023-12-01 14:38:29,762 [FATAL] Updater:308 - Updater called before beeing initialized
2023-12-01 14:38:29,762 [ERROR] CADModel:125 - Updater not yet initialized, retry later 
2023-12-01 14:38:29,975 [INFO] CADModel:165 - CPN selected for project level
2023-12-01 14:38:29,975 [INFO] CADModel:114 - Register for checkConnection events
2023-12-01 14:38:29,975 [FATAL] Updater:308 - Updater called before beeing initialized
2023-12-01 14:38:29,975 [ERROR] CADModel:125 - Updater not yet initialized, retry later 
2023-12-01 14:38:29,983 [FATAL] Updater:308 - Updater called before beeing initialized
2023-12-01 14:38:30,101 [FATAL] Updater:308 - Updater called before beeing initialized
2023-12-01 14:38:30,120 [INFO] DbMcusAds:53 - JSON generation date=Tue Mar 07 15:50:55 ICT 2023 (1678179055335)
2023-12-01 14:38:30,120 [FATAL] Updater:308 - Updater called before beeing initialized
2023-12-01 14:38:30,159 [INFO] ThirdPartyUpdaterWithRetryManager:70 - Updater plugin not ready yet. [2/15]
2023-12-01 14:38:30,181 [WARN] DetailPanel:346 - Failed to get advertising image, set to default
2023-12-01 14:38:30,360 [FATAL] Updater:308 - Updater called before beeing initialized
2023-12-01 14:38:30,365 [FATAL] Updater:308 - Updater called before beeing initialized
2023-12-01 14:38:30,365 [FATAL] Updater:308 - Updater called before beeing initialized
2023-12-01 14:38:30,365 [WARN] DetailPanel:346 - Failed to get advertising image, set to default
2023-12-01 14:38:30,365 [FATAL] Updater:308 - Updater called before beeing initialized
2023-12-01 14:38:30,426 [ERROR] Updater:1120 - MainUpdater not yet initialized. External WinMGr cannot be set.
2023-12-01 14:38:30,436 [INFO] Updater:1056 - Updater Version found : 6.8.1
2023-12-01 14:38:30,461 [INFO] ApplicationProperties:184 - Using Application install path: C:\ST\STM32CubeIDE_1.12.1\STM32CubeIDE\plugins\com.st.stm32cube.common.mx_6.8.1.202304191431
2023-12-01 14:38:31,341 [INFO] MainUpdater:2854 - connection check result : 10
2023-12-01 14:38:31,376 [INFO] MainUpdater:283 - Updater Check For Update Now.
2023-12-01 14:38:31,376 [INFO] MicroXplorer:498 - Change Database Version : DB.6.0.81
2023-12-01 14:38:31,606 [INFO] MainUpdater:2854 - connection check result : 10
2023-12-01 14:38:31,610 [INFO] CheckServerUpdateThread:120 - End of CheckServer Thread
2023-12-01 14:38:31,800 [INFO] MicroXplorer:468 - Change Database Path : 
2023-12-01 14:38:31,800 [INFO] MicroXplorer:498 - Change Database Version : DB.6.0.81
2023-12-01 14:38:31,800 [WARN] ThirdParty:871 - waiting for thirdparty lock release [close project]
2023-12-01 14:38:33,467 [WARN] PackLoader:240 - Cannot read IP mode file for STMicroelectronics.X-CUBE-SMBUS.2.1.0
2023-12-01 14:38:33,501 [WARN] PackLoader:240 - Cannot read IP mode file for STMicroelectronics.X-CUBE-AZRTOS-F7.1.1.0
2023-12-01 14:38:33,515 [ERROR] RealEvaluatedCondition:428 - Found unsupported composite condition: CLASS='Data Exchange' GROUP='STM32_MetaDataManager'
2023-12-01 14:38:33,515 [ERROR] RealEvaluatedCondition:428 - Found unsupported composite condition: GROUP='STM32_MetaDataManager' CLASS='Data Exchange'
2023-12-01 14:38:33,516 [WARN] PackLoader:240 - Cannot read IP mode file for STMicroelectronics.FP-SNS-MOTENV1.4.3.0
2023-12-01 14:38:33,531 [WARN] PackLoader:240 - Cannot read IP mode file for STMicroelectronics.FP-SNS-MOTENV1.4.3.2
2023-12-01 14:38:33,547 [WARN] PackLoader:240 - Cannot read IP mode file for STMicroelectronics.FP-SNS-FLIGHT1.5.0.0
2023-12-01 14:38:33,560 [ERROR] RealEvaluatedCondition:428 - Found unsupported composite condition: GROUP='STM32_MetaDataManager' CLASS='Data Exchange'
2023-12-01 14:38:33,560 [ERROR] RealEvaluatedCondition:428 - Found unsupported composite condition: CLASS='Data Exchange' GROUP='STM32_MetaDataManager'
2023-12-01 14:38:33,562 [WARN] PackLoader:240 - Cannot read IP mode file for STMicroelectronics.FP-SNS-MOTENV1.4.3.1
2023-12-01 14:38:33,578 [WARN] PackLoader:240 - Cannot read IP mode file for STMicroelectronics.FP-SNS-FLIGHT1.5.0.1
2023-12-01 14:38:33,595 [WARN] PackLoader:240 - Cannot read IP mode file for STMicroelectronics.X-CUBE-BLE1.6.2.3
2023-12-01 14:38:33,611 [WARN] PackLoader:240 - Cannot read IP mode file for STMicroelectronics.X-CUBE-BLE1.6.2.4
2023-12-01 14:38:33,621 [WARN] PackLoader:240 - Cannot read IP mode file for STMicroelectronics.FP-SNS-FLIGHT1.5.0.2
2023-12-01 14:38:33,636 [WARN] PackLoader:240 - Cannot read IP mode file for STMicroelectronics.X-CUBE-TOF1.3.1.0
2023-12-01 14:38:33,654 [WARN] PackLoader:240 - Cannot read IP mode file for STMicroelectronics.X-CUBE-DISPLAY.3.0.0
2023-12-01 14:38:33,680 [WARN] PackLoader:240 - Cannot read IP mode file for STMicroelectronics.X-CUBE-BLE1.7.0.0
2023-12-01 14:38:33,696 [WARN] PackLoader:240 - Cannot read IP mode file for emotas.I-CUBE-CANOPEN.1.3.0
2023-12-01 14:38:33,711 [WARN] PackLoader:240 - Cannot read IP mode file for STMicroelectronics.X-CUBE-TOUCHGFX.4.22.0
2023-12-01 14:38:33,721 [WARN] PackLoader:240 - Cannot read IP mode file for STMicroelectronics.X-CUBE-TOUCHGFX.4.22.1
2023-12-01 14:38:33,840 [WARN] PackLoader:240 - Cannot read IP mode file for STMicroelectronics.X-CUBE-MEMS1.9.3.0
2023-12-01 14:38:34,073 [WARN] PackLoader:240 - Cannot read IP mode file for STMicroelectronics.X-CUBE-AI.7.2.0
2023-12-01 14:38:34,090 [WARN] PackLoader:240 - Cannot read IP mode file for STMicroelectronics.FP-SNS-SMARTAG2.1.2.0
2023-12-01 14:38:34,118 [INFO] LogOutputStream:77 - [STDOUT_REDIRECT] 1 : Invalid condition id : UX_CORESTACK_Condition cause : null
2023-12-01 14:38:34,119 [INFO] LogOutputStream:77 - [STDOUT_REDIRECT] 1 : Invalid condition id : UX_CORESTACK_Condition cause : null
2023-12-01 14:38:34,122 [INFO] LogOutputStream:77 - [STDOUT_REDIRECT] 1 : Invalid condition id : UX_CORESTACK_Condition cause : null
2023-12-01 14:38:34,123 [INFO] LogOutputStream:77 - [STDOUT_REDIRECT] 1 : Invalid condition id : UX_CORESTACK_Condition cause : null
2023-12-01 14:38:34,125 [INFO] LogOutputStream:77 - [STDOUT_REDIRECT] 1 : Invalid condition id : UX_CORESTACK_Condition cause : null
2023-12-01 14:38:34,133 [WARN] PackLoader:240 - Cannot read IP mode file for STMicroelectronics.X-CUBE-AZRTOS-WL.2.0.0
2023-12-01 14:38:34,152 [WARN] PackLoader:240 - Cannot read IP mode file for WES.I-CUBE-Cesium.1.3.0
2023-12-01 14:38:34,167 [WARN] PackLoader:240 - Cannot read IP mode file for STMicroelectronics.X-CUBE-BLE2.3.3.0
2023-12-01 14:38:34,183 [WARN] PackLoader:240 - Cannot read IP mode file for STMicroelectronics.X-CUBE-DISPLAY.2.2.0
2023-12-01 14:38:34,207 [WARN] PackLoader:240 - Cannot read IP mode file for STMicroelectronics.X-CUBE-TOF1.3.2.0
2023-12-01 14:38:34,235 [WARN] PackLoader:240 - Cannot read IP mode file for STMicroelectronics.X-CUBE-ISPU.1.0.0
2023-12-01 14:38:34,294 [WARN] PackLoader:240 - Cannot read IP mode file for STMicroelectronics.X-CUBE-AZRTOS-H7.2.1.0
2023-12-01 14:38:34,318 [WARN] PackLoader:240 - Cannot read IP mode file for STMicroelectronics.X-CUBE-TOUCHGFX.4.21.1
2023-12-01 14:38:34,332 [WARN] PackLoader:240 - Cannot read IP mode file for STMicroelectronics.X-CUBE-TOUCHGFX.4.21.3
2023-12-01 14:38:34,341 [WARN] PackLoader:240 - Cannot read IP mode file for STMicroelectronics.X-CUBE-TOUCHGFX.4.21.4
2023-12-01 14:38:34,417 [WARN] PackLoader:240 - Cannot read IP mode file for STMicroelectronics.X-CUBE-MEMS1.9.4.0
2023-12-01 14:38:35,181 [WARN] PackLoader:240 - Cannot read IP mode file for STMicroelectronics.X-CUBE-AI.7.3.0
2023-12-01 14:38:35,266 [WARN] PackLoader:240 - Cannot read IP mode file for STMicroelectronics.X-CUBE-ALGOBUILD.1.3.0
2023-12-01 14:38:35,294 [WARN] PackLoader:240 - Cannot read IP mode file for STMicroelectronics.X-CUBE-AZRTOS-G0.1.1.0
2023-12-01 14:38:35,313 [WARN] PackLoader:240 - Cannot read IP mode file for STMicroelectronics.X-CUBE-NFC4.3.0.0
2023-12-01 14:38:35,369 [WARN] PackLoader:240 - Cannot read IP mode file for SEGGER.I-CUBE-embOS.1.2.0
2023-12-01 14:38:35,450 [WARN] PackLoader:240 - Cannot read IP mode file for STMicroelectronics.X-CUBE-BLEMGR.3.0.0
2023-12-01 14:38:35,468 [WARN] PackLoader:240 - Cannot read IP mode file for STMicroelectronics.X-CUBE-BLEMGR.1.3.0
2023-12-01 14:38:35,480 [WARN] PackLoader:240 - Cannot read IP mode file for STMicroelectronics.FP-ATR-SIGFOX1.3.2.0
2023-12-01 14:38:35,497 [WARN] PackLoader:240 - Cannot read IP mode file for emotas.I-CUBE-CANOPEN.1.1.2
2023-12-01 14:38:35,508 [WARN] PackLoader:240 - Cannot read IP mode file for STMicroelectronics.X-CUBE-TOUCHGFX.4.20.0
2023-12-01 14:38:35,571 [WARN] PackLoader:240 - Cannot read IP mode file for STMicroelectronics.X-CUBE-MEMS1.9.5.0
2023-12-01 14:38:35,711 [WARN] PackLoader:240 - Cannot read IP mode file for SEGGER.I-CUBE-embOS.1.3.1
2023-12-01 14:38:35,757 [WARN] PackLoader:240 - Cannot read IP mode file for STMicroelectronics.X-CUBE-GNSS1.6.0.0
2023-12-01 14:38:35,783 [WARN] PackLoader:240 - Cannot read IP mode file for STMicroelectronics.X-CUBE-AZRTOS-F4.1.1.0
2023-12-01 14:38:35,797 [WARN] PackLoader:240 - Cannot read IP mode file for wolfSSL.I-CUBE-wolfSSL.5.6.3
2023-12-01 14:38:35,807 [WARN] PackLoader:240 - Cannot read IP mode file for wolfSSL.I-CUBE-wolfSSL.5.6.0
2023-12-01 14:38:35,822 [WARN] PackLoader:240 - Cannot read IP mode file for STMicroelectronics.X-CUBE-BLEMGR.1.2.0
2023-12-01 14:38:35,848 [WARN] PackLoader:240 - Cannot read IP mode file for STMicroelectronics.X-CUBE-AZRTOS-L5.2.0.0
2023-12-01 14:38:35,888 [WARN] PackLoader:240 - Cannot read IP mode file for STMicroelectronics.X-CUBE-MEMS1.9.6.0
2023-12-01 14:38:36,023 [WARN] PackLoader:240 - Cannot read IP mode file for STMicroelectronics.X-CUBE-EEPRMA1.4.2.0
2023-12-01 14:38:36,036 [WARN] PackLoader:240 - Cannot read IP mode file for ITTIA_DB.I-CUBE-ITTIADB.8.8.0
2023-12-01 14:38:36,057 [WARN] PackLoader:240 - Cannot read IP mode file for emotas.I-CUBE-CANOPEN.1.1.3
2023-12-01 14:38:36,074 [WARN] PackLoader:240 - Cannot read IP mode file for STMicroelectronics.X-CUBE-BLEMGR.2.0.0
2023-12-01 14:38:36,090 [WARN] PackLoader:240 - Cannot read IP mode file for STMicroelectronics.X-CUBE-NFC4.2.0.5
2023-12-01 14:38:36,112 [WARN] PackLoader:240 - Cannot read IP mode file for STMicroelectronics.X-CUBE-NFC4.2.0.4
2023-12-01 14:38:36,162 [WARN] ConditionMgr:438 - getConditionDescription Invalid condition id : UX DEVICE CLASS RTOS Condition cause : null
2023-12-01 14:38:36,162 [WARN] ConditionMgr:438 - getConditionDescription Invalid condition id : UX DEVICE CLASS RTOS Condition cause : null
2023-12-01 14:38:36,166 [WARN] PackLoader:240 - Cannot read IP mode file for STMicroelectronics.X-CUBE-AZRTOS-H7.3.1.0
2023-12-01 14:38:36,167 [WARN] ConditionMgr:1039 - genDependencies : Invalid condition id : UX DEVICE CLASS RTOS Condition cause : null
2023-12-01 14:38:36,170 [WARN] ConditionMgr:1039 - genDependencies : Invalid condition id : UX DEVICE CLASS RTOS Condition cause : null
2023-12-01 14:38:36,172 [WARN] ConditionMgr:1039 - genDependencies : Invalid condition id : UX DEVICE CLASS RTOS Condition cause : null
2023-12-01 14:38:36,172 [WARN] ConditionMgr:1039 - genDependencies : Invalid condition id : UX DEVICE CLASS RTOS Condition cause : null
2023-12-01 14:38:36,172 [WARN] ConditionMgr:1039 - genDependencies : Invalid condition id : UX DEVICE CLASS RTOS Condition cause : null
2023-12-01 14:38:36,198 [WARN] PackLoader:240 - Cannot read IP mode file for STMicroelectronics.X-CUBE-NFC7.1.0.1
2023-12-01 14:38:36,218 [WARN] PackLoader:240 - Cannot read IP mode file for STMicroelectronics.X-CUBE-NFC7.1.0.0
2023-12-01 14:38:36,240 [WARN] PackLoader:240 - Cannot read IP mode file for STMicroelectronics.X-CUBE-NFC6.3.0.0
2023-12-01 14:38:36,255 [WARN] PackLoader:240 - Cannot read IP mode file for STMicroelectronics.X-CUBE-EEPRMA1.4.1.0
2023-12-01 14:38:36,274 [WARN] PackLoader:240 - Cannot read IP mode file for STMicroelectronics.X-CUBE-AI.8.1.0
2023-12-01 14:38:36,307 [WARN] ConditionMgr:438 - getConditionDescription Invalid condition id : LAN8742 Phy interface Condition cause : null
2023-12-01 14:38:36,307 [WARN] PackLoader:240 - Cannot read IP mode file for STMicroelectronics.X-CUBE-AZRTOS-L4.2.0.0
2023-12-01 14:38:36,308 [WARN] ConditionMgr:1039 - genDependencies : Invalid condition id : LAN8742 Phy interface Condition cause : null
2023-12-01 14:38:36,308 [WARN] ConditionMgr:1039 - genDependencies : Invalid condition id : LAN8742 Phy interface Condition cause : null
2023-12-01 14:38:36,308 [WARN] ConditionMgr:1039 - genDependencies : Invalid condition id : LAN8742 Phy interface Condition cause : null
2023-12-01 14:38:36,325 [WARN] PackLoader:240 - Cannot read IP mode file for STMicroelectronics.X-CUBE-SFXS2LP1.4.0.0
2023-12-01 14:38:36,379 [WARN] PackLoader:240 - Cannot read IP mode file for STMicroelectronics.X-CUBE-AZRTOS-H7.3.0.0
2023-12-01 14:38:36,396 [WARN] PackLoader:240 - Cannot read IP mode file for STMicroelectronics.X-CUBE-ISPU.1.1.0
2023-12-01 14:38:36,418 [WARN] PackLoader:240 - Cannot read IP mode file for RoweBots.I-CUBE-UNISONRTOS.5.5.0-4
2023-12-01 14:38:36,440 [WARN] PackLoader:240 - Cannot read IP mode file for wolfSSL.I-CUBE-wolfSSL.5.4.0
2023-12-01 14:38:36,451 [WARN] PackLoader:240 - Cannot read IP mode file for STMicroelectronics.X-CUBE-AI.8.0.0
2023-12-01 14:38:36,501 [WARN] ConditionMgr:438 - getConditionDescription Invalid condition id : UX DEVICE CLASS RTOS Condition cause : null
2023-12-01 14:38:36,501 [WARN] ConditionMgr:438 - getConditionDescription Invalid condition id : UX DEVICE CLASS RTOS Condition cause : null
2023-12-01 14:38:36,506 [WARN] PackLoader:240 - Cannot read IP mode file for STMicroelectronics.X-CUBE-AZRTOS-WB.2.0.0
2023-12-01 14:38:36,506 [WARN] ConditionMgr:1039 - genDependencies : Invalid condition id : UX DEVICE CLASS RTOS Condition cause : null
2023-12-01 14:38:36,506 [WARN] ConditionMgr:1039 - genDependencies : Invalid condition id : UX DEVICE CLASS RTOS Condition cause : null
2023-12-01 14:38:36,506 [WARN] ConditionMgr:1039 - genDependencies : Invalid condition id : UX DEVICE CLASS RTOS Condition cause : null
2023-12-01 14:38:36,506 [WARN] ConditionMgr:1039 - genDependencies : Invalid condition id : UX DEVICE CLASS RTOS Condition cause : null
2023-12-01 14:38:36,506 [WARN] ConditionMgr:1039 - genDependencies : Invalid condition id : UX DEVICE CLASS RTOS Condition cause : null
2023-12-01 14:38:36,525 [WARN] PackLoader:240 - Cannot read IP mode file for STMicroelectronics.X-CUBE-FREERTOS.1.0.0
2023-12-01 14:38:36,540 [WARN] PackLoader:240 - Cannot read IP mode file for STMicroelectronics.X-CUBE-FREERTOS.1.0.1
2023-12-01 14:38:36,555 [WARN] PackLoader:240 - Cannot read IP mode file for STMicroelectronics.X-CUBE-BLEMGR.1.0.0
2023-12-01 14:38:36,590 [WARN] PackLoader:240 - Cannot read IP mode file for STMicroelectronics.X-CUBE-AZRTOS-L5.1.1.0
2023-12-01 14:38:36,607 [WARN] PackLoader:240 - Cannot read IP mode file for STMicroelectronics.X-CUBE-AI.8.0.1
2023-12-01 14:38:36,625 [WARN] PackLoader:240 - Cannot read IP mode file for STMicroelectronics.X-CUBE-SUBG2.5.0.0
2023-12-01 14:38:36,652 [WARN] PackLoader:240 - Cannot read IP mode file for STMicroelectronics.X-CUBE-TOF1.3.3.1
2023-12-01 14:38:36,685 [WARN] PackLoader:240 - Cannot read IP mode file for STMicroelectronics.X-CUBE-AZRTOS-G4.2.0.0
2023-12-01 14:38:36,699 [WARN] PackLoader:240 - Cannot read IP mode file for STMicroelectronics.X-CUBE-TOF1.3.3.0
2023-12-01 14:38:36,717 [WARN] PackLoader:240 - Cannot read IP mode file for STMicroelectronics.FP-ATR-ASTRA1.1.1.1
2023-12-01 14:38:36,740 [WARN] PackLoader:240 - Cannot read IP mode file for Infineon.AIROC-Wi-Fi-Bluetooth-STM32.1.5.1
2023-12-01 14:38:36,756 [WARN] PackLoader:240 - Cannot read IP mode file for STMicroelectronics.FP-ATR-ASTRA1.1.1.0
2023-12-01 14:38:36,769 [WARN] PackLoader:240 - Cannot read IP mode file for STMicroelectronics.FP-SNS-MOTENVWB1.1.3.0
2023-12-01 14:38:36,791 [WARN] PackLoader:240 - Cannot read IP mode file for STMicroelectronics.X-CUBE-AZRTOS-G4.1.0.0
2023-12-01 14:38:36,814 [WARN] PackLoader:240 - Cannot read IP mode file for STMicroelectronics.X-CUBE-AZRTOS-L4.1.0.0
2023-12-01 14:38:36,859 [WARN] PackLoader:240 - Cannot read IP mode file for STMicroelectronics.X-CUBE-MEMS1.10.0.0
2023-12-01 14:38:37,000 [WARN] PackLoader:240 - Cannot read IP mode file for STMicroelectronics.X-CUBE-FREERTOS.1.1.0
2023-12-01 14:38:37,033 [WARN] PackLoader:240 - Cannot read IP mode file for STMicroelectronics.X-CUBE-AZRTOS-WL.1.0.0
2023-12-01 14:38:37,049 [WARN] PackLoader:240 - Cannot read IP mode file for portGmbH.I-Cube-SoM-uGOAL.1.1.0
2023-12-01 14:38:37,065 [WARN] PackLoader:240 - Cannot read IP mode file for STMicroelectronics.X-CUBE-ALS.1.0.1
2023-12-01 14:38:37,091 [WARN] PackLoader:240 - Cannot read IP mode file for STMicroelectronics.X-CUBE-AZRTOS-WB.1.1.0
2023-12-01 14:38:37,112 [WARN] PackLoader:240 - Cannot read IP mode file for STMicroelectronics.X-CUBE-AZRTOS-L5.1.0.0
2023-12-01 14:38:37,132 [WARN] PackLoader:240 - Cannot read IP mode file for STMicroelectronics.X-CUBE-EEPRMA1.3.1.1
2023-12-01 14:38:37,140 [WARN] PackLoader:240 - Cannot read IP mode file for STMicroelectronics.FP-ATR-ASTRA1.2.0.0
2023-12-01 14:38:37,160 [WARN] PackLoader:240 - Cannot read IP mode file for STMicroelectronics.X-CUBE-TOF1.3.4.0
2023-12-01 14:38:37,171 [INFO] ThirdParty:978 - Integrity check success = true
2023-12-01 14:38:37,171 [INFO] IntegrityCheckThread:100 - exiting critical section [integrity check]
2023-12-01 14:38:37,171 [INFO] IntegrityCheckThread:103 - End integrity checks thread
2023-12-01 14:38:37,172 [INFO] ThirdParty:873 - entering critical section [close project]
2023-12-01 14:38:37,173 [INFO] ThirdParty:883 - exiting critical section [close project]
2023-12-01 14:38:37,178 [INFO] PinOutPanel:1499 - setPackage(No Configuration,No Configuration)
2023-12-01 14:38:37,185 [INFO] UtilMem:75 - Begin LoadConfig() Used Memory: 605613768 Bytes (736100352)
2023-12-01 14:38:37,185 [INFO] MicroXplorer:468 - Change Database Path : 
2023-12-01 14:38:37,185 [INFO] MicroXplorer:498 - Change Database Version : DB.6.0.81
2023-12-01 14:38:37,185 [INFO] OpenFileManager:308 - Change cursor
2023-12-01 14:38:37,441 [INFO] Mcu:1937 - Initializing MCU STM32G030C(6-8)Tx STM32G030C8Tx STM32G031K8T6
2023-12-01 14:39:08,081 [INFO] Context:659 - Trying to add GPIOservice into a context  which must be forbidden
2023-12-01 14:39:08,711 [INFO] RtosManager:555 - Registered RTOS mode: class=CMSIS, group=RTOS, mode=CMSIS_V1, owner=FREERTOS
2023-12-01 14:39:08,711 [INFO] RtosManager:555 - Registered RTOS mode: class=CMSIS, group=RTOS2, mode=CMSIS_V2, owner=FREERTOS
2023-12-01 14:39:08,711 [INFO] RtosManager:555 - Registered RTOS mode: class=RTOS, group=Core, mode=CMSIS_V1, owner=FREERTOS
2023-12-01 14:39:08,711 [INFO] RtosManager:555 - Registered RTOS mode: class=RTOS, group=Core, mode=CMSIS_V2, owner=FREERTOS
2023-12-01 14:39:08,711 [WARN] ModelIntegratedComponent:184 - Missing modes for component STMicroelectronics:FreeRTOS:0.0.1:STMicroelectronics:RTOS:FreeRTOS:Core:::10.2.0:
2023-12-01 14:39:08,721 [WARN] ModelIntegratedComponent:63 - No mode defined for component null
2023-12-01 14:39:08,721 [WARN] ModelIntegratedComponent:63 - No mode defined for component null
2023-12-01 14:39:08,721 [WARN] ModelIntegratedComponent:63 - No mode defined for component null
2023-12-01 14:39:08,721 [WARN] ModelIntegratedComponent:63 - No mode defined for component null
2023-12-01 14:39:08,721 [WARN] ModelIntegratedComponent:63 - No mode defined for component null
2023-12-01 14:39:08,721 [WARN] ModelIntegratedComponent:63 - No mode defined for component null
2023-12-01 14:39:08,721 [WARN] ModelIntegratedComponent:63 - No mode defined for component null
2023-12-01 14:39:08,721 [WARN] ModelIntegratedComponent:63 - No mode defined for component null
2023-12-01 14:39:08,721 [WARN] ModelIntegratedComponent:63 - No mode defined for component null
2023-12-01 14:39:08,721 [WARN] ModelIntegratedComponent:63 - No mode defined for component null
2023-12-01 14:39:08,721 [WARN] ModelIntegratedComponent:63 - No mode defined for component null
2023-12-01 14:39:08,721 [WARN] ModelIntegratedComponent:63 - No mode defined for component null
2023-12-01 14:39:08,721 [WARN] ModelIntegratedComponent:63 - No mode defined for component null
2023-12-01 14:39:08,721 [WARN] ModelIntegratedComponent:63 - No mode defined for component null
2023-12-01 14:39:08,721 [WARN] ModelIntegratedComponent:63 - No mode defined for component null
2023-12-01 14:39:08,721 [WARN] ModelIntegratedComponent:63 - No mode defined for component null
2023-12-01 14:39:08,721 [WARN] ModelIntegratedComponent:63 - No mode defined for component null
2023-12-01 14:39:08,721 [WARN] ModelIntegratedComponent:63 - No mode defined for component null
2023-12-01 14:39:08,721 [WARN] ModelIntegratedComponent:63 - No mode defined for component null
2023-12-01 14:39:08,721 [WARN] ModelIntegratedComponent:63 - No mode defined for component null
2023-12-01 14:39:08,721 [WARN] ModelIntegratedComponent:63 - No mode defined for component null
2023-12-01 14:39:08,721 [WARN] ModelIntegratedComponent:63 - No mode defined for component null
2023-12-01 14:39:08,721 [WARN] ModelIntegratedComponent:63 - No mode defined for component null
2023-12-01 14:39:08,721 [WARN] ModelIntegratedComponent:63 - No mode defined for component null
2023-12-01 14:39:08,721 [WARN] ModelIntegratedComponent:63 - No mode defined for component null
2023-12-01 14:39:08,721 [WARN] ModelIntegratedComponent:63 - No mode defined for component null
2023-12-01 14:39:08,721 [WARN] ModelIntegratedComponent:63 - No mode defined for component null
2023-12-01 14:39:08,721 [WARN] ModelIntegratedComponent:63 - No mode defined for component null
2023-12-01 14:39:08,721 [WARN] ModelIntegratedComponent:63 - No mode defined for component null
2023-12-01 14:39:08,721 [WARN] ModelIntegratedComponent:63 - No mode defined for component null
2023-12-01 14:39:08,721 [WARN] ModelIntegratedComponent:63 - No mode defined for component null
2023-12-01 14:39:08,721 [WARN] ModelIntegratedComponent:63 - No mode defined for component null
2023-12-01 14:39:08,721 [WARN] ModelIntegratedComponent:63 - No mode defined for component null
2023-12-01 14:39:09,035 [INFO] ThirdPartyModel:298 - Start build external matchings
2023-12-01 14:39:10,281 [INFO] ThirdPartyModel:316 - End build external matchings
2023-12-01 14:39:10,411 [INFO] ImportTextPane:194 - (OptionalMessage_ERROR) IP (DMA) : Parameter (Instance) has Id (ADC1) currently not set
2023-12-01 14:39:10,411 [INFO] ImportTextPane:194 - (OptionalMessage_ERROR) IP (DMA) : Parameter (Request) has Id (ADC1) currently not set
2023-12-01 14:39:10,411 [INFO] ImportTextPane:194 - (OptionalMessage_ERROR) IP (DMA) : Parameter (Direction) has Id (ADC1) currently not set
2023-12-01 14:39:10,411 [INFO] ImportTextPane:194 - (OptionalMessage_ERROR) IP (DMA) : Parameter (PeriphInc) has Id (ADC1) currently not set
2023-12-01 14:39:10,411 [INFO] ImportTextPane:194 - (OptionalMessage_ERROR) IP (DMA) : Parameter (MemInc) has Id (ADC1) currently not set
2023-12-01 14:39:10,411 [INFO] ImportTextPane:194 - (OptionalMessage_ERROR) IP (DMA) : Parameter (PeriphDataAlignment) has Id (ADC1) currently not set
2023-12-01 14:39:10,411 [INFO] ImportTextPane:194 - (OptionalMessage_ERROR) IP (DMA) : Parameter (MemDataAlignment) has Id (ADC1) currently not set
2023-12-01 14:39:10,411 [INFO] ImportTextPane:194 - (OptionalMessage_ERROR) IP (DMA) : Parameter (Mode) has Id (ADC1) currently not set
2023-12-01 14:39:10,411 [INFO] ImportTextPane:194 - (OptionalMessage_ERROR) IP (DMA) : Parameter (Priority) has Id (ADC1) currently not set
2023-12-01 14:39:10,411 [INFO] ImportTextPane:194 - (OptionalMessage_ERROR) IP (DMA) : Parameter (SignalID) has Id (ADC1) currently not set
2023-12-01 14:39:10,411 [INFO] ImportTextPane:194 - (OptionalMessage_ERROR) IP (DMA) : Parameter (Polarity) has Id (ADC1) currently not set
2023-12-01 14:39:10,411 [INFO] ImportTextPane:194 - (OptionalMessage_ERROR) IP (DMA) : Parameter (RequestNumber) has Id (ADC1) currently not set
2023-12-01 14:39:10,411 [INFO] ImportTextPane:194 - (OptionalMessage_ERROR) IP (DMA) : Parameter (SyncSignalID) has Id (ADC1) currently not set
2023-12-01 14:39:10,411 [INFO] ImportTextPane:194 - (OptionalMessage_ERROR) IP (DMA) : Parameter (SyncPolarity) has Id (ADC1) currently not set
2023-12-01 14:39:10,411 [INFO] ImportTextPane:194 - (OptionalMessage_ERROR) IP (DMA) : Parameter (SyncEnable) has Id (ADC1) currently not set
2023-12-01 14:39:10,411 [INFO] ImportTextPane:194 - (OptionalMessage_ERROR) IP (DMA) : Parameter (EventEnable) has Id (ADC1) currently not set
2023-12-01 14:39:10,411 [INFO] ImportTextPane:194 - (OptionalMessage_ERROR) IP (DMA) : Parameter (SyncRequestNumber) has Id (ADC1) currently not set
2023-12-01 14:39:10,442 [WARN] IP:2113 - FIFOMode not found: check if there is a RefParameter without a condition.
2023-12-01 14:39:10,442 [WARN] IP:2113 - TXFIFOThreshold not found: check if there is a RefParameter without a condition.
2023-12-01 14:39:10,442 [WARN] IP:2113 - RXFIFOThreshold not found: check if there is a RefParameter without a condition.
2023-12-01 14:39:10,442 [WARN] IP:2113 - AutoBaudRateEnableParam not found: check if there is a RefParameter without a condition.
2023-12-01 14:39:12,671 [INFO] UtilMem:75 - End LoadConfig() Used Memory: 609517872 Bytes (736100352)
2023-12-01 14:39:12,911 [INFO] ApiDb:581 - Connected to CubeFinder SQLite database (C:\Users\KDS-LTP-0415\.stmcufinder\plugins\mcufinder\mcu\cube-finder-db.db)
2023-12-01 14:39:12,975 [INFO] ApiDb:668 - CubeFinder database Data Model version=2.1
2023-12-01 14:39:12,975 [INFO] ApiDb:669 - CubeFinder database Configuration version=3.0.37
2023-12-01 14:39:12,975 [INFO] ApiDb:670 - CubeFinder database generation date=2023-08-09 (1691586011)
2023-12-01 14:39:12,975 [INFO] ApiDb:671 - CubeFinder database FW Pack versions=[FP-ATR-ASTRA1_V2.0.0, FP-SNS-FLIGHT1_V5.0.1, FP-SNS-FLIGHT1_V5.0.2, FP-SNS-MOTENV1_V4.3.1, FP-SNS-MOTENV1_V4.3.2, STM32Cube_FW_C0_V1.1.0, STM32Cube_FW_F4_V1.27.1, STM32Cube_FW_F7_V1.17.0, STM32Cube_FW_G0_V1.6.1, STM32Cube_FW_G4_V1.5.1, STM32Cube_FW_H5_V0.5.1, STM32Cube_FW_H5_V1.1.0, STM32Cube_FW_H7_V1.11.0, STM32Cube_FW_L0_V1.12.2, STM32Cube_FW_L5_V1.5.0, STM32Cube_FW_U5_V1.3.0, STM32Cube_FW_U5_V1.3.0RC4, STM32Cube_FW_WBA_V1.0.0RC1, STM32Cube_FW_WBA_V1.1.0, STM32Cube_FW_WBA_V1.1.0RC1, STM32Cube_FW_WB_V1.15.0RC1, STM32Cube_FW_WB_V1.16.0, STM32Cube_FW_WB_V1.16.0RC2, STM32Cube_FW_WB_V1.17.0, STM32Cube_FW_WL_V1.3.0, X-CUBE-ALGOBUILD_V1.3.0, X-CUBE-ALS_V1.0.1, X-CUBE-AZRTOS-F4_V1.1.0, X-CUBE-AZRTOS-F7_V1.1.0, X-CUBE-AZRTOS-G0_V1.1.0, X-CUBE-AZRTOS-G4_V2.0.0, X-CUBE-AZRTOS-H7_V3.1.0, X-CUBE-AZRTOS-L4_V1.0.0, X-CUBE-AZRTOS-L4_V2.0.0, X-CUBE-AZRTOS-L5_V1.1.0, X-CUBE-AZRTOS-WB_V1.1.0, X-CUBE-AZRTOS-WL_V2.0.0, X-CUBE-BLE1_V7.0.0, X-CUBE-BLE2_V3.3.0, X-CUBE-BLEMGR_V2.0.0, X-CUBE-EEPRMA1_V4.1.0, X-CUBE-FREERTOS_V1.1.0, X-CUBE-GNSS1_V6.0.0, X-CUBE-MEMS1_V9.1.0, X-CUBE-MEMS1_V9.4.0, X-CUBE-MEMS1_V9.6.0, X-CUBE-NFC4_V3.0.0, X-CUBE-NFC7_V1.0.0, X-CUBE-SFXS2LP1_V4.0.0, X-CUBE-SUBG2_V5.0.0, X-CUBE-TOF1_V3.3.1]
2023-12-01 14:39:15,391 [INFO] ApiDb:240 - Found 297 in-development CPN: [B-G473E-ZEST1S, B-WB1M-WPAN1, B-WL5M-SUBG1, NUCLEO-C031C6, NUCLEO-H503RB, NUCLEO-H563ZI, NUCLEO-U545RE-Q, NUCLEO-U5A5ZJ-Q, NUCLEO-WBA52CG, STEVAL-PROTEUS1, STEVAL-STWINBX1, STM320518-EVAL, STM32C0116-DK, STM32C011D6Y3TR, STM32C011D6Y6TR, STM32C011F4P3, STM32C011F4P6, STM32C011F4U3, STM32C011F4U6TR, STM32C011F6P3, STM32C011F6P6, STM32C011F6U3, STM32C011F6U6TR, STM32C011J4M3, STM32C011J4M6, STM32C011J6M3, STM32C011J6M6, STM32C0316-DK, STM32C031C4T3, STM32C031C4T6, STM32C031C4U3, STM32C031C4U6, STM32C031C6T3, STM32C031C6T6, STM32C031C6U3, STM32C031C6U6, STM32C031F4P3, STM32C031F4P6, STM32C031F6P3, STM32C031F6P6, STM32C031G4U3, STM32C031G4U6, STM32C031G6U3, STM32C031G6U6, STM32C031K4T3, STM32C031K4T6, STM32C031K4U3, STM32C031K4U6, STM32C031K6T3, STM32C031K6T6, STM32C031K6U3, STM32C031K6U6, STM32G071K8TXN, STM32G071K8UXN, STM32G081GBU6N, STM32G081KBT6N, STM32G081KBUXN, STM32G0B1CCT6N, STM32G0B1KCT6, STM32G0B1NEY6TR, STM32G0B1RCT6N, STM32G0C1CCT6, STM32G0C1CCT6N, STM32G0C1CCU6N, STM32G0C1CET6N, STM32G0C1CEU6N, STM32G0C1KCT6, STM32G0C1NEY6TR, STM32G0C1RCI6N, STM32G0C1RCT6N, STM32G0C1REI6N, STM32G0C1RET6N, STM32G0C1VCI6, STM32G0C1VEI6, STM32G471CCT6, STM32G471CCU6, STM32G471CET3, STM32G471CET6, STM32G471CEU3, STM32G471CEU6, STM32G471MCT6, STM32G471MET3, STM32G471MET6, STM32G471MEY6TR, STM32G471QCT6, STM32G471QET3, STM32G471RCT6, STM32G471RET3, STM32G471RET6, STM32G471VCH6, STM32G471VCI6, STM32G471VCT6, STM32G471VEH3, STM32G471VEH6, STM32G471VEI3, STM32G471VEI6, STM32G471VET3, STM32G471VET6, STM32G474CCT6, STM32H503CBT6, STM32H503CBU6, STM32H503EBY6TR, STM32H503KBU6, STM32H503RBT6, STM32H562AGI6, STM32H562AII6, STM32H562IGK6, STM32H562IGT6, STM32H562IIK6, STM32H562IIT6, STM32H562RGT6, STM32H562RGV6, STM32H562RIT6, STM32H562RIV6, STM32H562VGT6, STM32H562VIT6, STM32H562ZGT6, STM32H562ZIT6, STM32H563AGI6, STM32H563AII3Q, STM32H563AII6, STM32H563IGK6, STM32H563IGT6, STM32H563IIK3Q, STM32H563IIK6, STM32H563IIT3Q, STM32H563IIT6, STM32H563MIY3QTR, STM32H563RGT6, STM32H563RGV6, STM32H563RIT6, STM32H563RIV6, STM32H563VGT6, STM32H563VIT3Q, STM32H563VIT6, STM32H563ZGT6, STM32H563ZIT3Q, STM32H563ZIT6, STM32H573AII3Q, STM32H573AII6, STM32H573I-DK, STM32H573IIK3Q, STM32H573IIK6, STM32H573IIT3Q, STM32H573IIT6, STM32H573MIY3QTR, STM32H573RIT6, STM32H573RIV6, STM32H573VIT3Q, STM32H573VIT6, STM32H573ZIT3Q, STM32H573ZIT6, STM32L4R5QGI6STR, STM32MP131AAE3, STM32MP131AAF3, STM32MP131AAG3, STM32MP131CAE3, STM32MP131CAF3, STM32MP131CAG3, STM32MP131DAE7, STM32MP131DAF7, STM32MP131DAG7, STM32MP131FAE7, STM32MP131FAF7, STM32MP131FAG7, STM32MP133AAE3, STM32MP133AAF3, STM32MP133AAG3, STM32MP133CAE3, STM32MP133CAF3, STM32MP133CAG3, STM32MP133DAE7, STM32MP133DAF7, STM32MP133DAG7, STM32MP133FAE7, STM32MP133FAF7, STM32MP133FAG7, STM32MP135AAE3, STM32MP135AAF3, STM32MP135AAG3, STM32MP135CAE3, STM32MP135CAF3, STM32MP135CAG3, STM32MP135DAE7, STM32MP135DAF7, STM32MP135DAG7, STM32MP135F-DK, STM32MP135FAE7, STM32MP135FAF7, STM32MP135FAF7T, STM32MP135FAF7U, STM32MP135FAG7, STM32U535CBT6, STM32U535CBT6Q, STM32U535CBU6, STM32U535CBU6Q, STM32U535CCT6, STM32U535CCT6Q, STM32U535CCU6, STM32U535CCU6Q, STM32U535CET6, STM32U535CET6Q, STM32U535CEU6, STM32U535CEU6Q, STM32U535JEY6QTR, STM32U535NCY6QTR, STM32U535NEY6QTR, STM32U535RBI6, STM32U535RBI6Q, STM32U535RBT6, STM32U535RBT6Q, STM32U535RCI6, STM32U535RCI6Q, STM32U535RCT6, STM32U535RCT6Q, STM32U535REI6, STM32U535REI6Q, STM32U535RET6, STM32U535RET6Q, STM32U535VCI6, STM32U535VCI6Q, STM32U535VCT6, STM32U535VCT6Q, STM32U535VEI6, STM32U535VEI6Q, STM32U535VET6, STM32U535VET6Q, STM32U545CET6, STM32U545CET6Q, STM32U545CEU6, STM32U545CEU6Q, STM32U545JEY6QTR, STM32U545NEY6QTR, STM32U545REI6, STM32U545REI6Q, STM32U545RET6, STM32U545RET6Q, STM32U545VEI6, STM32U545VEI6Q, STM32U545VET6, STM32U545VET6Q, STM32U595AIH6, STM32U595AIH6Q, STM32U595AJH6, STM32U595AJH6Q, STM32U595QII6, STM32U595QII6Q, STM32U595QJI6, STM32U595QJI6Q, STM32U595RIT6, STM32U595RIT6Q, STM32U595RJT6, STM32U595RJT6Q, STM32U595VIT6, STM32U595VIT6Q, STM32U595VJT6, STM32U595VJT6Q, STM32U595ZIT6, STM32U595ZIT6Q, STM32U595ZIY6QTR, STM32U595ZJT6, STM32U595ZJT6Q, STM32U595ZJY6QTR, STM32U599BJY6QTR, STM32U599NIH6Q, STM32U599NJH6Q, STM32U599VIT6Q, STM32U599VJT6, STM32U599VJT6Q, STM32U599ZIT6Q, STM32U599ZIY6QTR, STM32U599ZJT6Q, STM32U599ZJY6QTR, STM32U5A5AJH6, STM32U5A5AJH6Q, STM32U5A5QJI6, STM32U5A5QJI6Q, STM32U5A5RJT6, STM32U5A5RJT6Q, STM32U5A5VJT6, STM32U5A5VJT6Q, STM32U5A5ZJT6, STM32U5A5ZJT6Q, STM32U5A5ZJY6QTR, STM32U5A9BJY6QTR, STM32U5A9J-DK, STM32U5A9NJH6Q, STM32U5A9VJT6Q, STM32U5A9ZJT6Q, STM32U5A9ZJY6QTR, STM32WB1MMCH6, STM32WBA52CEU6, STM32WBA52CEU6T, STM32WBA52CGU6, STM32WBA52CGU6T, STM32WL5MOCH6, STM32WL5MOCH6TR]
2023-12-01 14:39:15,398 [INFO] DbMcus:216 - Found 3825 MCUs, 3825 are supported
2023-12-01 14:39:15,401 [INFO] ApiDb:423 - Load user favorites file C:\Users\KDS-LTP-0415/.stm32cubeide/favorites.mcus.txt: 0 item(s)
2023-12-01 14:39:15,401 [INFO] ApiDb:427 - User favorites MCUs=[]
2023-12-01 14:39:15,401 [INFO] DbMcus:222 - Set 0 / 0 favorites MCUs
2023-12-01 14:39:15,717 [WARN] ThirdParty:833 - waiting for thirdparty lock release [change project]
2023-12-01 14:39:15,717 [INFO] ThirdParty:835 - entering critical section [change project]
2023-12-01 14:39:15,717 [INFO] ThirdParty:1030 - CMSIS Pack Vendor :STMicroelectronics X-CUBE-GNSS1 6.0.0
2023-12-01 14:39:15,717 [INFO] ThirdParty:1030 - CMSIS Pack Vendor :STMicroelectronics USB_HOST 2.0.0
2023-12-01 14:39:15,717 [INFO] ThirdParty:1030 - CMSIS Pack Vendor :STMicroelectronics X-CUBE-AZRTOS-F4 1.1.0
2023-12-01 14:39:15,717 [INFO] ThirdParty:1030 - CMSIS Pack Vendor :STMicroelectronics LIBJPEG 8.0.0
2023-12-01 14:39:15,717 [INFO] ThirdParty:1030 - CMSIS Pack Vendor :wolfSSL I-CUBE-wolfSSL 5.6.3
2023-12-01 14:39:15,717 [INFO] ThirdParty:1030 - CMSIS Pack Vendor :STMicroelectronics X-CUBE-SMBUS 2.1.0
2023-12-01 14:39:15,717 [INFO] ThirdParty:1030 - CMSIS Pack Vendor :wolfSSL I-CUBE-wolfSSL 5.6.0
2023-12-01 14:39:15,717 [INFO] ThirdParty:1030 - CMSIS Pack Vendor :STMicroelectronics X-CUBE-BLEMGR 1.2.0
2023-12-01 14:39:15,717 [INFO] ThirdParty:1030 - CMSIS Pack Vendor :STMicroelectronics X-CUBE-AZRTOS-F7 1.1.0
2023-12-01 14:39:15,717 [INFO] ThirdParty:1030 - CMSIS Pack Vendor :STMicroelectronics X-CUBE-AZRTOS-L5 2.0.0
2023-12-01 14:39:15,717 [INFO] ThirdParty:1030 - CMSIS Pack Vendor :STMicroelectronics USB_DEVICE 2.0.0
2023-12-01 14:39:15,717 [INFO] ThirdParty:1030 - CMSIS Pack Vendor :STMicroelectronics X-CUBE-MEMS1 9.6.0
2023-12-01 14:39:15,717 [INFO] ThirdParty:1030 - CMSIS Pack Vendor :STMicroelectronics X-CUBE-EEPRMA1 4.2.0
2023-12-01 14:39:15,717 [INFO] ThirdParty:1030 - CMSIS Pack Vendor :ITTIA_DB I-CUBE-ITTIADB 8.8.0
2023-12-01 14:39:15,717 [INFO] ThirdParty:1030 - CMSIS Pack Vendor :STMicroelectronics FP-SNS-MOTENV1 4.3.0
2023-12-01 14:39:15,717 [INFO] ThirdParty:1030 - CMSIS Pack Vendor :STMicroelectronics FP-SNS-MOTENV1 4.3.2
2023-12-01 14:39:15,717 [INFO] ThirdParty:1030 - CMSIS Pack Vendor :STMicroelectronics FP-SNS-FLIGHT1 5.0.0
2023-12-01 14:39:15,717 [INFO] ThirdParty:1030 - CMSIS Pack Vendor :STMicroelectronics FP-SNS-MOTENV1 4.3.1
2023-12-01 14:39:15,717 [INFO] ThirdParty:1030 - CMSIS Pack Vendor :STMicroelectronics FP-SNS-FLIGHT1 5.0.1
2023-12-01 14:39:15,717 [INFO] ThirdParty:1030 - CMSIS Pack Vendor :STMicroelectronics X-CUBE-BLE1 6.2.3
2023-12-01 14:39:15,717 [INFO] ThirdParty:1030 - CMSIS Pack Vendor :STMicroelectronics X-CUBE-BLE1 6.2.4
2023-12-01 14:39:15,717 [INFO] ThirdParty:1030 - CMSIS Pack Vendor :STMicroelectronics FreeRTOS 0.0.1
2023-12-01 14:39:15,717 [INFO] ThirdParty:1030 - CMSIS Pack Vendor :emotas I-CUBE-CANOPEN 1.1.3
2023-12-01 14:39:15,717 [INFO] ThirdParty:1030 - CMSIS Pack Vendor :STMicroelectronics X-CUBE-BLEMGR 2.0.0
2023-12-01 14:39:15,717 [INFO] ThirdParty:1030 - CMSIS Pack Vendor :STMicroelectronics FP-SNS-FLIGHT1 5.0.2
2023-12-01 14:39:15,717 [INFO] ThirdParty:1030 - CMSIS Pack Vendor :STMicroelectronics X-CUBE-NFC4 2.0.5
2023-12-01 14:39:15,717 [INFO] ThirdParty:1030 - CMSIS Pack Vendor :STMicroelectronics X-CUBE-NFC4 2.0.4
2023-12-01 14:39:15,717 [INFO] ThirdParty:1030 - CMSIS Pack Vendor :STMicroelectronics X-CUBE-AZRTOS-H7 3.1.0
2023-12-01 14:39:15,717 [INFO] ThirdParty:1030 - CMSIS Pack Vendor :STMicroelectronics PDM2PCM 3.3.0
2023-12-01 14:39:15,717 [INFO] ThirdParty:1030 - CMSIS Pack Vendor :STMicroelectronics X-CUBE-TOF1 3.1.0
2023-12-01 14:39:15,717 [INFO] ThirdParty:1030 - CMSIS Pack Vendor :STMicroelectronics X-CUBE-DISPLAY 3.0.0
2023-12-01 14:39:15,717 [INFO] ThirdParty:1030 - CMSIS Pack Vendor :STMicroelectronics X-CUBE-BLE1 7.0.0
2023-12-01 14:39:15,717 [INFO] ThirdParty:1030 - CMSIS Pack Vendor :STMicroelectronics HAL Drivers 0.0.0
2023-12-01 14:39:15,717 [INFO] ThirdParty:1030 - CMSIS Pack Vendor :emotas I-CUBE-CANOPEN 1.3.0
2023-12-01 14:39:15,717 [INFO] ThirdParty:1030 - CMSIS Pack Vendor :STMicroelectronics X-CUBE-TOUCHGFX 4.22.0
2023-12-01 14:39:15,717 [INFO] ThirdParty:1030 - CMSIS Pack Vendor :STMicroelectronics X-CUBE-NFC7 1.0.1
2023-12-01 14:39:15,717 [INFO] ThirdParty:1030 - CMSIS Pack Vendor :STMicroelectronics MBEDTLS 2.14.1
2023-12-01 14:39:15,717 [INFO] ThirdParty:1030 - CMSIS Pack Vendor :STMicroelectronics X-CUBE-NFC7 1.0.0
2023-12-01 14:39:15,721 [INFO] ThirdParty:1030 - CMSIS Pack Vendor :STMicroelectronics X-CUBE-TOUCHGFX 4.22.1
2023-12-01 14:39:15,721 [INFO] ThirdParty:1030 - CMSIS Pack Vendor :STMicroelectronics X-CUBE-NFC6 3.0.0
2023-12-01 14:39:15,721 [INFO] ThirdParty:1030 - CMSIS Pack Vendor :STMicroelectronics X-CUBE-MEMS1 9.3.0
2023-12-01 14:39:15,721 [INFO] ThirdParty:1030 - CMSIS Pack Vendor :STMicroelectronics X-CUBE-EEPRMA1 4.1.0
2023-12-01 14:39:15,721 [INFO] ThirdParty:1030 - CMSIS Pack Vendor :STMicroelectronics X-CUBE-AI 7.2.0
2023-12-01 14:39:15,721 [INFO] ThirdParty:1030 - CMSIS Pack Vendor :STMicroelectronics FP-SNS-SMARTAG2 1.2.0
2023-12-01 14:39:15,721 [INFO] ThirdParty:1030 - CMSIS Pack Vendor :STMicroelectronics X-CUBE-AZRTOS-WL 2.0.0
2023-12-01 14:39:15,721 [INFO] ThirdParty:1030 - CMSIS Pack Vendor :STMicroelectronics USB_DEVICE 1.0.0
2023-12-01 14:39:15,721 [INFO] ThirdParty:1030 - CMSIS Pack Vendor :STMicroelectronics X-CUBE-AI 8.1.0
2023-12-01 14:39:15,721 [INFO] ThirdParty:1030 - CMSIS Pack Vendor :STMicroelectronics X-CUBE-AZRTOS-L4 2.0.0
2023-12-01 14:39:15,721 [INFO] ThirdParty:1030 - CMSIS Pack Vendor :STMicroelectronics ThreadX 0.0.2
2023-12-01 14:39:15,721 [INFO] ThirdParty:1030 - CMSIS Pack Vendor :WES I-CUBE-Cesium 1.3.0
2023-12-01 14:39:15,721 [INFO] ThirdParty:1030 - CMSIS Pack Vendor :STMicroelectronics lwIP 2.1.2
2023-12-01 14:39:15,721 [INFO] ThirdParty:1030 - CMSIS Pack Vendor :STMicroelectronics X-CUBE-SFXS2LP1 4.0.0
2023-12-01 14:39:15,721 [INFO] ThirdParty:1030 - CMSIS Pack Vendor :STMicroelectronics X-CUBE-BLE2 3.3.0
2023-12-01 14:39:15,721 [INFO] ThirdParty:1030 - CMSIS Pack Vendor :STMicroelectronics X-CUBE-DISPLAY 2.2.0
2023-12-01 14:39:15,721 [INFO] ThirdParty:1030 - CMSIS Pack Vendor :STMicroelectronics X-CUBE-TOF1 3.2.0
2023-12-01 14:39:15,721 [INFO] ThirdParty:1030 - CMSIS Pack Vendor :STMicroelectronics PDM2PCM 3.2.0
2023-12-01 14:39:15,721 [INFO] ThirdParty:1030 - CMSIS Pack Vendor :STMicroelectronics X-CUBE-AZRTOS-H7 3.0.0
2023-12-01 14:39:15,721 [INFO] ThirdParty:1030 - CMSIS Pack Vendor :STMicroelectronics X-CUBE-ISPU 1.0.0
2023-12-01 14:39:15,721 [INFO] ThirdParty:1030 - CMSIS Pack Vendor :STMicroelectronics X-CUBE-ISPU 1.1.0
2023-12-01 14:39:15,721 [INFO] ThirdParty:1030 - CMSIS Pack Vendor :RoweBots I-CUBE-UNISONRTOS 5.5.0-4
2023-12-01 14:39:15,721 [INFO] ThirdParty:1030 - CMSIS Pack Vendor :STMicroelectronics X-CUBE-AZRTOS-H7 2.1.0
2023-12-01 14:39:15,721 [INFO] ThirdParty:1030 - CMSIS Pack Vendor :wolfSSL I-CUBE-wolfSSL 5.4.0
2023-12-01 14:39:15,721 [INFO] ThirdParty:1030 - CMSIS Pack Vendor :STMicroelectronics USB_DEVICE 3.0.0
2023-12-01 14:39:15,721 [INFO] ThirdParty:1030 - CMSIS Pack Vendor :STMicroelectronics X-CUBE-AI 8.0.0
2023-12-01 14:39:15,721 [INFO] ThirdParty:1030 - CMSIS Pack Vendor :STMicroelectronics X-CUBE-AZRTOS-WB 2.0.0
2023-12-01 14:39:15,721 [INFO] ThirdParty:1030 - CMSIS Pack Vendor :STMicroelectronics X-CUBE-FREERTOS 1.0.0
2023-12-01 14:39:15,721 [INFO] ThirdParty:1030 - CMSIS Pack Vendor :STMicroelectronics X-CUBE-FREERTOS 1.0.1
2023-12-01 14:39:15,721 [INFO] ThirdParty:1030 - CMSIS Pack Vendor :STMicroelectronics X-CUBE-TOUCHGFX 4.21.1
2023-12-01 14:39:15,721 [INFO] ThirdParty:1030 - CMSIS Pack Vendor :STMicroelectronics X-CUBE-TOUCHGFX 4.21.3
2023-12-01 14:39:15,721 [INFO] ThirdParty:1030 - CMSIS Pack Vendor :STMicroelectronics X-CUBE-BLEMGR 1.0.0
2023-12-01 14:39:15,721 [INFO] ThirdParty:1030 - CMSIS Pack Vendor :STMicroelectronics X-CUBE-TOUCHGFX 4.21.4
2023-12-01 14:39:15,721 [INFO] ThirdParty:1030 - CMSIS Pack Vendor :STMicroelectronics X-CUBE-MEMS1 9.4.0
2023-12-01 14:39:15,721 [INFO] ThirdParty:1030 - CMSIS Pack Vendor :STMicroelectronics X-CUBE-AI 7.3.0
2023-12-01 14:39:15,721 [INFO] ThirdParty:1030 - CMSIS Pack Vendor :EdgeImpulse osugiw-project-1 1.0.1
2023-12-01 14:39:15,721 [INFO] ThirdParty:1030 - CMSIS Pack Vendor :STMicroelectronics X-CUBE-ALGOBUILD 1.3.0
2023-12-01 14:39:15,721 [INFO] ThirdParty:1030 - CMSIS Pack Vendor :STMicroelectronics X-CUBE-AZRTOS-L5 1.1.0
2023-12-01 14:39:15,721 [INFO] ThirdParty:1030 - CMSIS Pack Vendor :STMicroelectronics X-CUBE-AZRTOS-G0 1.1.0
2023-12-01 14:39:15,721 [INFO] ThirdParty:1030 - CMSIS Pack Vendor :STMicroelectronics X-CUBE-AI 8.0.1
2023-12-01 14:39:15,721 [INFO] ThirdParty:1030 - CMSIS Pack Vendor :STMicroelectronics X-CUBE-NFC4 3.0.0
2023-12-01 14:39:15,721 [INFO] ThirdParty:1030 - CMSIS Pack Vendor :SEGGER I-CUBE-embOS 1.2.0
2023-12-01 14:39:15,721 [INFO] ThirdParty:1030 - CMSIS Pack Vendor :STMicroelectronics X-CUBE-SUBG2 5.0.0
2023-12-01 14:39:15,721 [INFO] ThirdParty:1030 - CMSIS Pack Vendor :STMicroelectronics STM32_WPAN 1.0.0
2023-12-01 14:39:15,721 [INFO] ThirdParty:1030 - CMSIS Pack Vendor :STMicroelectronics lwIP 2.0.3
2023-12-01 14:39:15,721 [INFO] ThirdParty:1030 - CMSIS Pack Vendor :STMicroelectronics USB_HOST 1.0.0
2023-12-01 14:39:15,721 [INFO] ThirdParty:1030 - CMSIS Pack Vendor :STMicroelectronics X-CUBE-TOF1 3.3.1
2023-12-01 14:39:15,721 [INFO] ThirdParty:1030 - CMSIS Pack Vendor :STMicroelectronics X-CUBE-AZRTOS-G4 2.0.0
2023-12-01 14:39:15,721 [INFO] ThirdParty:1030 - CMSIS Pack Vendor :STMicroelectronics PDM2PCM 3.1.0
2023-12-01 14:39:15,721 [INFO] ThirdParty:1030 - CMSIS Pack Vendor :STMicroelectronics X-CUBE-TOF1 3.3.0
2023-12-01 14:39:15,721 [INFO] ThirdParty:1030 - CMSIS Pack Vendor :STMicroelectronics FP-ATR-ASTRA1 1.1.1
2023-12-01 14:39:15,721 [INFO] ThirdParty:1030 - CMSIS Pack Vendor :Infineon AIROC-Wi-Fi-Bluetooth-STM32 1.5.1
2023-12-01 14:39:15,721 [INFO] ThirdParty:1030 - CMSIS Pack Vendor :STMicroelectronics X-CUBE-BLEMGR 3.0.0
2023-12-01 14:39:15,721 [INFO] ThirdParty:1030 - CMSIS Pack Vendor :STMicroelectronics FP-ATR-ASTRA1 1.1.0
2023-12-01 14:39:15,721 [INFO] ThirdParty:1030 - CMSIS Pack Vendor :STMicroelectronics X-CUBE-BLEMGR 1.3.0
2023-12-01 14:39:15,721 [INFO] ThirdParty:1030 - CMSIS Pack Vendor :STMicroelectronics FP-SNS-MOTENVWB1 1.3.0
2023-12-01 14:39:15,721 [INFO] ThirdParty:1030 - CMSIS Pack Vendor :STMicroelectronics FP-ATR-SIGFOX1 3.2.0
2023-12-01 14:39:15,721 [INFO] ThirdParty:1030 - CMSIS Pack Vendor :STMicroelectronics X-CUBE-AZRTOS-G4 1.0.0
2023-12-01 14:39:15,721 [INFO] ThirdParty:1030 - CMSIS Pack Vendor :STMicroelectronics X-CUBE-AZRTOS-L4 1.0.0
2023-12-01 14:39:15,721 [INFO] ThirdParty:1030 - CMSIS Pack Vendor :STMicroelectronics MBEDTLS 2.16.2
2023-12-01 14:39:15,721 [INFO] ThirdParty:1030 - CMSIS Pack Vendor :emotas I-CUBE-CANOPEN 1.1.2
2023-12-01 14:39:15,721 [INFO] ThirdParty:1030 - CMSIS Pack Vendor :STMicroelectronics X-CUBE-TOUCHGFX 4.20.0
2023-12-01 14:39:15,721 [INFO] ThirdParty:1030 - CMSIS Pack Vendor :STMicroelectronics X-CUBE-MEMS1 10.0.0
2023-12-01 14:39:15,721 [INFO] ThirdParty:1030 - CMSIS Pack Vendor :STMicroelectronics X-CUBE-FREERTOS 1.1.0
2023-12-01 14:39:15,721 [INFO] ThirdParty:1030 - CMSIS Pack Vendor :STMicroelectronics X-CUBE-AZRTOS-WL 1.0.0
2023-12-01 14:39:15,721 [INFO] ThirdParty:1030 - CMSIS Pack Vendor :portGmbH I-Cube-SoM-uGOAL 1.1.0
2023-12-01 14:39:15,721 [INFO] ThirdParty:1030 - CMSIS Pack Vendor :STMicroelectronics X-CUBE-ALS 1.0.1
2023-12-01 14:39:15,721 [INFO] ThirdParty:1030 - CMSIS Pack Vendor :STMicroelectronics X-CUBE-MEMS1 9.5.0
2023-12-01 14:39:15,731 [INFO] ThirdParty:1030 - CMSIS Pack Vendor :STMicroelectronics ThreadX 1.0.0
2023-12-01 14:39:15,731 [INFO] ThirdParty:1030 - CMSIS Pack Vendor :STMicroelectronics X-CUBE-AZRTOS-WB 1.1.0
2023-12-01 14:39:15,731 [INFO] ThirdParty:1030 - CMSIS Pack Vendor :SEGGER I-CUBE-embOS 1.3.1
2023-12-01 14:39:15,731 [INFO] ThirdParty:1030 - CMSIS Pack Vendor :STMicroelectronics X-CUBE-AZRTOS-L5 1.0.0
2023-12-01 14:39:15,731 [INFO] ThirdParty:1030 - CMSIS Pack Vendor :STMicroelectronics X-CUBE-EEPRMA1 3.1.1
2023-12-01 14:39:15,731 [INFO] ThirdParty:1030 - CMSIS Pack Vendor :STMicroelectronics FP-ATR-ASTRA1 2.0.0
2023-12-01 14:39:15,731 [INFO] ThirdParty:1030 - CMSIS Pack Vendor :STMicroelectronics X-CUBE-TOF1 3.4.0
2023-12-01 14:39:15,731 [INFO] ThirdParty:841 - exiting critical section [change project]
2023-12-01 14:39:16,021 [INFO] PinOutPanel:1499 - setPackage(No Configuration,No Configuration)
2023-12-01 14:39:16,021 [INFO] PinOutPanel:1499 - setPackage(STM32G030C8Tx,LQFP48)
2023-12-01 14:39:16,511 [INFO] UtilMem:75 - Before build in PCC Used Memory: 614747192 Bytes (736100352)
2023-12-01 14:39:17,526 [INFO] UtilMem:75 - After build in PCC Used Memory: 627641632 Bytes (736100352)
2023-12-01 14:39:17,556 [INFO] IPUIPlugin:80 - create IPUIPlugin
2023-12-01 14:39:17,556 [INFO] IPUIPlugin:80 - create IPUIPlugin
2023-12-01 14:39:17,556 [INFO] IPUIPlugin:80 - create IPUIPlugin
2023-12-01 14:39:17,556 [INFO] IPUIPlugin:80 - create IPUIPlugin
2023-12-01 14:39:17,556 [INFO] IPUIPlugin:80 - create IPUIPlugin
2023-12-01 14:39:17,556 [INFO] IPUIPlugin:80 - create IPUIPlugin
2023-12-01 14:39:17,556 [INFO] IPUIPlugin:80 - create IPUIPlugin
2023-12-01 14:39:17,556 [INFO] IPUIPlugin:80 - create IPUIPlugin
2023-12-01 14:39:17,556 [INFO] IPUIPlugin:80 - create IPUIPlugin
2023-12-01 14:39:17,556 [INFO] IPUIPlugin:80 - create IPUIPlugin
2023-12-01 14:39:17,556 [INFO] IPUIPlugin:80 - create IPUIPlugin
2023-12-01 14:39:17,556 [INFO] IPUIPlugin:80 - create IPUIPlugin
2023-12-01 14:39:17,556 [INFO] IPUIPlugin:80 - create IPUIPlugin
2023-12-01 14:39:17,556 [INFO] IPUIPlugin:80 - create IPUIPlugin
2023-12-01 14:39:17,556 [INFO] IPUIPlugin:80 - create IPUIPlugin
2023-12-01 14:39:17,556 [INFO] IPUIPlugin:80 - create IPUIPlugin
2023-12-01 14:39:17,556 [INFO] IPUIPlugin:80 - create IPUIPlugin
2023-12-01 14:39:17,556 [INFO] IPUIPlugin:80 - create IPUIPlugin
2023-12-01 14:39:17,556 [INFO] IPUIPlugin:80 - create IPUIPlugin
2023-12-01 14:39:17,556 [INFO] IPUIPlugin:80 - create IPUIPlugin
2023-12-01 14:39:17,556 [INFO] IPUIPlugin:80 - create IPUIPlugin
2023-12-01 14:39:17,561 [INFO] IPUIPlugin:80 - create IPUIPlugin
2023-12-01 14:39:17,561 [INFO] IPUIPlugin:80 - create IPUIPlugin
2023-12-01 14:39:17,561 [INFO] IPUIPlugin:80 - create IPUIPlugin
2023-12-01 14:39:17,561 [INFO] IPUIPlugin:80 - create IPUIPlugin
2023-12-01 14:39:17,571 [WARN] IP:2113 - FIFOMode not found: check if there is a RefParameter without a condition.
2023-12-01 14:39:17,571 [WARN] IP:2113 - TXFIFOThreshold not found: check if there is a RefParameter without a condition.
2023-12-01 14:39:17,571 [WARN] IP:2113 - RXFIFOThreshold not found: check if there is a RefParameter without a condition.
2023-12-01 14:39:17,571 [WARN] IP:2113 - AutoBaudRateEnableParam not found: check if there is a RefParameter without a condition.
2023-12-01 14:39:17,851 [INFO] CADModel:165 - CPN selected for project levelSTM32G031K8T6
2023-12-01 14:39:17,851 [INFO] CADModel:114 - Register for checkConnection events
2023-12-01 14:39:17,913 [INFO] OpenFileManager:328 - Restore cursor
2023-12-01 14:39:18,051 [WARN] IP:2113 - FIFOMode not found: check if there is a RefParameter without a condition.
2023-12-01 14:39:18,051 [WARN] IP:2113 - TXFIFOThreshold not found: check if there is a RefParameter without a condition.
2023-12-01 14:39:18,051 [WARN] IP:2113 - RXFIFOThreshold not found: check if there is a RefParameter without a condition.
2023-12-01 14:39:18,051 [WARN] IP:2113 - AutoBaudRateEnableParam not found: check if there is a RefParameter without a condition.
2023-12-01 14:39:18,051 [WARN] IP:2113 - FIFOMode not found: check if there is a RefParameter without a condition.
2023-12-01 14:39:18,056 [WARN] IP:2113 - TXFIFOThreshold not found: check if there is a RefParameter without a condition.
2023-12-01 14:39:18,056 [WARN] IP:2113 - RXFIFOThreshold not found: check if there is a RefParameter without a condition.
2023-12-01 14:39:18,056 [WARN] IP:2113 - AutoBaudRateEnableParam not found: check if there is a RefParameter without a condition.
2023-12-01 14:39:27,891 [INFO] Gpio:273 - dependency for GPIO [ADC1, SYS, USART2]
2023-12-01 14:42:06,544 [INFO] UtilMem:75 - End SaveConfig() Used Memory: 640322304 Bytes (736100352)
2023-12-01 14:42:06,641 [INFO] UtilMem:75 - End SaveConfig() Used Memory: 588750240 Bytes (736100352)
2023-12-01 14:42:07,391 [INFO] UtilMem:75 - End SaveConfig() Used Memory: 613572512 Bytes (736100352)
2023-12-01 14:42:08,207 [INFO] BlockDiagram:2759 - set Specific Code input for plugin: NVIC
2023-12-01 14:42:08,207 [INFO] BlockDiagram:2759 - set Specific Code input for plugin: USART
2023-12-01 14:42:08,207 [INFO] BlockDiagram:2759 - set Specific Code input for plugin: DMA
2023-12-01 14:42:08,207 [INFO] BlockDiagram:2759 - set Specific Code input for plugin: TIM1_8G0
2023-12-01 14:42:08,207 [INFO] BlockDiagram:2759 - set Specific Code input for plugin: TIM1_8G0
2023-12-01 14:42:08,207 [INFO] BlockDiagram:2759 - set Specific Code input for plugin: TIM1_8G0
2023-12-01 14:42:08,207 [INFO] BlockDiagram:2759 - set Specific Code input for plugin: TIM1_8G0
2023-12-01 14:42:08,207 [INFO] BlockDiagram:2759 - set Specific Code input for plugin: SYS
2023-12-01 14:42:08,207 [INFO] BlockDiagram:2759 - set Specific Code input for plugin: GPIO
2023-12-01 14:42:08,207 [INFO] BlockDiagram:2759 - set Specific Code input for plugin: ADC
2023-12-01 14:42:08,207 [INFO] BlockDiagram:2759 - set Specific Code input for plugin: RCC
2023-12-01 14:42:08,211 [INFO] CodeGenerator:793 - code generatio: config db path: C:\ST\STM32CubeIDE_1.12.1\STM32CubeIDE\plugins\com.st.stm32cube.common.mx_6.8.1.202304191431\\db\
2023-12-01 14:42:08,254 [WARN] IP:2113 - FIFOMode not found: check if there is a RefParameter without a condition.
2023-12-01 14:42:08,254 [WARN] IP:2113 - TXFIFOThreshold not found: check if there is a RefParameter without a condition.
2023-12-01 14:42:08,254 [WARN] IP:2113 - RXFIFOThreshold not found: check if there is a RefParameter without a condition.
2023-12-01 14:42:08,254 [WARN] IP:2113 - AutoBaudRateEnableParam not found: check if there is a RefParameter without a condition.
2023-12-01 14:42:08,627 [INFO] CodeEngine:255 - oldGeneratedFile, D:\Project\Rice Cooker\RiceCooker_v1\RiceCooker_v1_CubeIDE\MXTmpFiles\license.tmp_save
2023-12-01 14:42:09,320 [INFO] CodeEngine:279 - Generated code: D:\Project\Rice Cooker\RiceCooker_v1\RiceCooker_v1_CubeIDE\MXTmpFiles\license.tmp
2023-12-01 14:42:09,640 [INFO] CodeEngine:255 - oldGeneratedFile, D:\Project\Rice Cooker\RiceCooker_v1\RiceCooker_v1_CubeIDE\MXTmpFiles\gpio.tmp_save
2023-12-01 14:42:09,790 [INFO] CodeEngine:279 - Generated code: D:\Project\Rice Cooker\RiceCooker_v1\RiceCooker_v1_CubeIDE\MXTmpFiles\gpio.tmp
2023-12-01 14:42:11,491 [INFO] CodeEngine:255 - oldGeneratedFile, D:\Project\Rice Cooker\RiceCooker_v1\RiceCooker_v1_CubeIDE\MXTmpFiles\dma.tmp_save
2023-12-01 14:42:11,595 [INFO] CodeEngine:279 - Generated code: D:\Project\Rice Cooker\RiceCooker_v1\RiceCooker_v1_CubeIDE\MXTmpFiles\dma.tmp
2023-12-01 14:42:11,605 [INFO] CodeEngine:255 - oldGeneratedFile, D:\Project\Rice Cooker\RiceCooker_v1\RiceCooker_v1_CubeIDE\MXTmpFiles\dma_GV.tmp_save
2023-12-01 14:42:11,676 [INFO] CodeEngine:279 - Generated code: D:\Project\Rice Cooker\RiceCooker_v1\RiceCooker_v1_CubeIDE\MXTmpFiles\dma_GV.tmp
2023-12-01 14:42:11,698 [INFO] CodeEngine:255 - oldGeneratedFile, D:\Project\Rice Cooker\RiceCooker_v1\RiceCooker_v1_CubeIDE\Core\Src\stm32g0xx_it.c_save
2023-12-01 14:42:11,890 [INFO] CodeEngine:279 - Generated code: D:\Project\Rice Cooker\RiceCooker_v1\RiceCooker_v1_CubeIDE\Core\Src\stm32g0xx_it.c
2023-12-01 14:42:11,905 [INFO] CodeEngine:255 - oldGeneratedFile, D:\Project\Rice Cooker\RiceCooker_v1\RiceCooker_v1_CubeIDE\Core\Inc\stm32g0xx_it.h_save
2023-12-01 14:42:11,984 [INFO] CodeEngine:279 - Generated code: D:\Project\Rice Cooker\RiceCooker_v1\RiceCooker_v1_CubeIDE\Core\Inc\stm32g0xx_it.h
2023-12-01 14:42:12,006 [INFO] CodeEngine:255 - oldGeneratedFile, D:\Project\Rice Cooker\RiceCooker_v1\RiceCooker_v1_CubeIDE\Core\Src\stm32g0xx_hal_msp.c_save
2023-12-01 14:42:12,174 [INFO] CodeEngine:279 - Generated code: D:\Project\Rice Cooker\RiceCooker_v1\RiceCooker_v1_CubeIDE\Core\Src\stm32g0xx_hal_msp.c
2023-12-01 14:42:12,185 [INFO] CodeEngine:255 - oldGeneratedFile, D:\Project\Rice Cooker\RiceCooker_v1\RiceCooker_v1_CubeIDE\MXTmpFiles\system.tmp_save
2023-12-01 14:42:12,253 [INFO] CodeEngine:279 - Generated code: D:\Project\Rice Cooker\RiceCooker_v1\RiceCooker_v1_CubeIDE\MXTmpFiles\system.tmp
2023-12-01 14:42:12,269 [INFO] CodeEngine:311 - oldGeneratedFile, D:\Project\Rice Cooker\RiceCooker_v1\RiceCooker_v1_CubeIDE\Core\Inc\stm32g0xx_hal_conf.h_save
2023-12-01 14:42:12,341 [INFO] CodeEngine:335 - Generated code: D:\Project\Rice Cooker\RiceCooker_v1\RiceCooker_v1_CubeIDE\Core\Inc\stm32g0xx_hal_conf.h
2023-12-01 14:42:12,364 [WARN] IPConfigManager:3431 - IP not found : TIM
2023-12-01 14:42:12,370 [WARN] CodeGenerator:3754 - IP not found : null
2023-12-01 14:42:12,380 [INFO] CodeEngine:255 - oldGeneratedFile, D:\Project\Rice Cooker\RiceCooker_v1\RiceCooker_v1_CubeIDE\Core\Inc\main.h_save
2023-12-01 14:42:12,480 [INFO] CodeEngine:279 - Generated code: D:\Project\Rice Cooker\RiceCooker_v1\RiceCooker_v1_CubeIDE\Core\Inc\main.h
2023-12-01 14:42:12,496 [INFO] CodeEngine:255 - oldGeneratedFile, D:\Project\Rice Cooker\RiceCooker_v1\RiceCooker_v1_CubeIDE\Core\Src\main.c_save
2023-12-01 14:42:12,730 [INFO] CodeEngine:279 - Generated code: D:\Project\Rice Cooker\RiceCooker_v1\RiceCooker_v1_CubeIDE\Core\Src\main.c
2023-12-01 14:42:13,551 [INFO] ProjectBuilder:2996 - Time for Copy HAL[1] : 201mS.
2023-12-01 14:42:13,566 [INFO] ProjectBuilder:4304 - Project Generator version: 3.19.2
2023-12-01 14:42:14,010 [INFO] ConfigFileManager:1483 - The Die is : DIE466
2023-12-01 14:42:14,026 [INFO] ApiDbMcu:507 - Load IP Config File for FATFS
2023-12-01 14:42:14,041 [INFO] ApiDbMcu:507 - Load IP Config File for FREERTOS
2023-12-01 14:42:15,390 [INFO] LogOutputStream:77 - [STDOUT_REDIRECT] 
2023-12-01 14:42:18,356 [INFO] ProjectBuilder:4505 - Time for Generating toolchain IDE Files: 4785mS.
2023-12-01 14:42:18,356 [INFO] ProjectBuilder:2867 - Time for Copy CMSIS : 0mS.
2023-12-01 14:42:18,356 [INFO] ProjectBuilder:2867 - Time for Copy CMSIS : 0mS.
2023-12-01 14:45:09,601 [INFO] UtilMem:75 - End SaveConfig() Used Memory: 672685568 Bytes (956301312)
2023-12-01 14:45:09,680 [INFO] UtilMem:75 - End SaveConfig() Used Memory: 683171328 Bytes (956301312)
2023-12-01 14:45:10,321 [INFO] UtilMem:75 - End SaveConfig() Used Memory: 666560912 Bytes (956301312)
2023-12-01 14:45:10,700 [INFO] BlockDiagram:2759 - set Specific Code input for plugin: NVIC
2023-12-01 14:45:10,700 [INFO] BlockDiagram:2759 - set Specific Code input for plugin: USART
2023-12-01 14:45:10,700 [INFO] BlockDiagram:2759 - set Specific Code input for plugin: DMA
2023-12-01 14:45:10,700 [INFO] BlockDiagram:2759 - set Specific Code input for plugin: TIM1_8G0
2023-12-01 14:45:10,700 [INFO] BlockDiagram:2759 - set Specific Code input for plugin: TIM1_8G0
2023-12-01 14:45:10,700 [INFO] BlockDiagram:2759 - set Specific Code input for plugin: TIM1_8G0
2023-12-01 14:45:10,700 [INFO] BlockDiagram:2759 - set Specific Code input for plugin: TIM1_8G0
2023-12-01 14:45:10,700 [INFO] BlockDiagram:2759 - set Specific Code input for plugin: SYS
2023-12-01 14:45:10,700 [INFO] BlockDiagram:2759 - set Specific Code input for plugin: GPIO
2023-12-01 14:45:10,700 [INFO] BlockDiagram:2759 - set Specific Code input for plugin: ADC
2023-12-01 14:45:10,700 [INFO] BlockDiagram:2759 - set Specific Code input for plugin: RCC
2023-12-01 14:45:10,700 [INFO] CodeGenerator:793 - code generatio: config db path: C:\ST\STM32CubeIDE_1.12.1\STM32CubeIDE\plugins\com.st.stm32cube.common.mx_6.8.1.202304191431\\db\
2023-12-01 14:45:10,710 [INFO] Argument:319 - Argument : hdmavalue: null
2023-12-01 14:45:10,710 [INFO] Argument:321 - 	 sub Args: 
2023-12-01 14:45:10,710 [INFO] Argument:319 - Argument : Instancevalue: DMA1_Channel1
2023-12-01 14:45:10,710 [INFO] Argument:329 - Argument : Instancevalue: DMA1_Channel1
2023-12-01 14:45:10,710 [INFO] Argument:319 - Argument : Initvalue: null
2023-12-01 14:45:10,710 [INFO] Argument:321 - 	 sub Args: 
2023-12-01 14:45:10,710 [INFO] Argument:319 - Argument : Requestvalue: DMA_REQUEST_ADC1
2023-12-01 14:45:10,710 [INFO] Argument:329 - Argument : Requestvalue: DMA_REQUEST_ADC1
2023-12-01 14:45:10,710 [INFO] Argument:319 - Argument : Directionvalue: DMA_PERIPH_TO_MEMORY
2023-12-01 14:45:10,710 [INFO] Argument:329 - Argument : Directionvalue: DMA_PERIPH_TO_MEMORY
2023-12-01 14:45:10,710 [INFO] Argument:319 - Argument : PeriphIncvalue: DMA_PINC_DISABLE
2023-12-01 14:45:10,710 [INFO] Argument:329 - Argument : PeriphIncvalue: DMA_PINC_DISABLE
2023-12-01 14:45:10,710 [INFO] Argument:319 - Argument : MemIncvalue: DMA_MINC_ENABLE
2023-12-01 14:45:10,710 [INFO] Argument:329 - Argument : MemIncvalue: DMA_MINC_ENABLE
2023-12-01 14:45:10,710 [INFO] Argument:319 - Argument : PeriphDataAlignmentvalue: DMA_PDATAALIGN_WORD
2023-12-01 14:45:10,710 [INFO] Argument:329 - Argument : PeriphDataAlignmentvalue: DMA_PDATAALIGN_WORD
2023-12-01 14:45:10,710 [INFO] Argument:319 - Argument : MemDataAlignmentvalue: DMA_MDATAALIGN_WORD
2023-12-01 14:45:10,710 [INFO] Argument:329 - Argument : MemDataAlignmentvalue: DMA_MDATAALIGN_WORD
2023-12-01 14:45:10,710 [INFO] Argument:319 - Argument : Modevalue: DMA_CIRCULAR
2023-12-01 14:45:10,710 [INFO] Argument:329 - Argument : Modevalue: DMA_CIRCULAR
2023-12-01 14:45:10,710 [INFO] Argument:319 - Argument : Priorityvalue: DMA_PRIORITY_LOW
2023-12-01 14:45:10,710 [INFO] Argument:329 - Argument : Priorityvalue: DMA_PRIORITY_LOW
2023-12-01 14:45:10,715 [INFO] Argument:319 - Argument : Lockvalue: null
2023-12-01 14:45:10,715 [INFO] Argument:329 - Argument : Lockvalue: null
2023-12-01 14:45:10,715 [INFO] Argument:319 - Argument : Statevalue: null
2023-12-01 14:45:10,715 [INFO] Argument:329 - Argument : Statevalue: null
2023-12-01 14:45:10,715 [INFO] Argument:319 - Argument : Parentvalue: null
2023-12-01 14:45:10,715 [INFO] Argument:329 - Argument : Parentvalue: null
2023-12-01 14:45:10,715 [INFO] Argument:319 - Argument : XferCpltCallbackvalue: null
2023-12-01 14:45:10,715 [INFO] Argument:329 - Argument : XferCpltCallbackvalue: null
2023-12-01 14:45:10,715 [INFO] Argument:319 - Argument : XferHalfCpltCallbackvalue: null
2023-12-01 14:45:10,715 [INFO] Argument:329 - Argument : XferHalfCpltCallbackvalue: null
2023-12-01 14:45:10,715 [INFO] Argument:319 - Argument : XferErrorCallbackvalue: null
2023-12-01 14:45:10,715 [INFO] Argument:329 - Argument : XferErrorCallbackvalue: null
2023-12-01 14:45:10,715 [INFO] Argument:319 - Argument : XferAbortCallbackvalue: null
2023-12-01 14:45:10,715 [INFO] Argument:329 - Argument : XferAbortCallbackvalue: null
2023-12-01 14:45:10,715 [INFO] Argument:319 - Argument : ErrorCodevalue: null
2023-12-01 14:45:10,715 [INFO] Argument:329 - Argument : ErrorCodevalue: null
2023-12-01 14:45:10,715 [INFO] Argument:319 - Argument : ChannelIndexvalue: null
2023-12-01 14:45:10,715 [INFO] Argument:329 - Argument : ChannelIndexvalue: null
2023-12-01 14:45:10,715 [INFO] Argument:319 - Argument : DMAmuxChannelvalue: null
2023-12-01 14:45:10,715 [INFO] Argument:329 - Argument : DMAmuxChannelvalue: null
2023-12-01 14:45:10,715 [INFO] Argument:319 - Argument : DMAmuxChannelStatusvalue: null
2023-12-01 14:45:10,715 [INFO] Argument:329 - Argument : DMAmuxChannelStatusvalue: null
2023-12-01 14:45:10,715 [INFO] Argument:319 - Argument : DMAmuxChannelStatusMaskvalue: null
2023-12-01 14:45:10,715 [INFO] Argument:329 - Argument : DMAmuxChannelStatusMaskvalue: null
2023-12-01 14:45:10,715 [INFO] Argument:319 - Argument : DMAmuxRequestGenvalue: null
2023-12-01 14:45:10,715 [INFO] Argument:329 - Argument : DMAmuxRequestGenvalue: null
2023-12-01 14:45:10,715 [INFO] Argument:319 - Argument : DMAmuxRequestGenStatusvalue: null
2023-12-01 14:45:10,715 [INFO] Argument:329 - Argument : DMAmuxRequestGenStatusvalue: null
2023-12-01 14:45:10,715 [INFO] Argument:319 - Argument : DMAmuxRequestGenStatusMaskvalue: null
2023-12-01 14:45:10,715 [INFO] Argument:329 - Argument : DMAmuxRequestGenStatusMaskvalue: null
2023-12-01 14:45:10,741 [WARN] IP:2113 - FIFOMode not found: check if there is a RefParameter without a condition.
2023-12-01 14:45:10,741 [WARN] IP:2113 - TXFIFOThreshold not found: check if there is a RefParameter without a condition.
2023-12-01 14:45:10,741 [WARN] IP:2113 - RXFIFOThreshold not found: check if there is a RefParameter without a condition.
2023-12-01 14:45:10,741 [WARN] IP:2113 - AutoBaudRateEnableParam not found: check if there is a RefParameter without a condition.
2023-12-01 14:45:10,870 [INFO] CodeEngine:255 - oldGeneratedFile, D:\Project\Rice Cooker\RiceCooker_v1\RiceCooker_v1_CubeIDE\MXTmpFiles\license.tmp_save
2023-12-01 14:45:11,011 [INFO] CodeEngine:279 - Generated code: D:\Project\Rice Cooker\RiceCooker_v1\RiceCooker_v1_CubeIDE\MXTmpFiles\license.tmp
2023-12-01 14:45:11,161 [INFO] CodeEngine:255 - oldGeneratedFile, D:\Project\Rice Cooker\RiceCooker_v1\RiceCooker_v1_CubeIDE\MXTmpFiles\gpio.tmp_save
2023-12-01 14:45:11,241 [INFO] CodeEngine:279 - Generated code: D:\Project\Rice Cooker\RiceCooker_v1\RiceCooker_v1_CubeIDE\MXTmpFiles\gpio.tmp
2023-12-01 14:45:12,381 [INFO] CodeEngine:255 - oldGeneratedFile, D:\Project\Rice Cooker\RiceCooker_v1\RiceCooker_v1_CubeIDE\MXTmpFiles\dma.tmp_save
2023-12-01 14:45:12,441 [INFO] CodeEngine:279 - Generated code: D:\Project\Rice Cooker\RiceCooker_v1\RiceCooker_v1_CubeIDE\MXTmpFiles\dma.tmp
2023-12-01 14:45:12,441 [INFO] CodeEngine:255 - oldGeneratedFile, D:\Project\Rice Cooker\RiceCooker_v1\RiceCooker_v1_CubeIDE\MXTmpFiles\dma_GV.tmp_save
2023-12-01 14:45:12,493 [INFO] CodeEngine:279 - Generated code: D:\Project\Rice Cooker\RiceCooker_v1\RiceCooker_v1_CubeIDE\MXTmpFiles\dma_GV.tmp
2023-12-01 14:45:12,500 [INFO] CodeEngine:255 - oldGeneratedFile, D:\Project\Rice Cooker\RiceCooker_v1\RiceCooker_v1_CubeIDE\Core\Src\stm32g0xx_it.c_save
2023-12-01 14:45:12,560 [INFO] CodeEngine:279 - Generated code: D:\Project\Rice Cooker\RiceCooker_v1\RiceCooker_v1_CubeIDE\Core\Src\stm32g0xx_it.c
2023-12-01 14:45:12,560 [INFO] CodeEngine:255 - oldGeneratedFile, D:\Project\Rice Cooker\RiceCooker_v1\RiceCooker_v1_CubeIDE\Core\Inc\stm32g0xx_it.h_save
2023-12-01 14:45:12,611 [INFO] CodeEngine:279 - Generated code: D:\Project\Rice Cooker\RiceCooker_v1\RiceCooker_v1_CubeIDE\Core\Inc\stm32g0xx_it.h
2023-12-01 14:45:12,620 [INFO] CodeEngine:255 - oldGeneratedFile, D:\Project\Rice Cooker\RiceCooker_v1\RiceCooker_v1_CubeIDE\Core\Src\stm32g0xx_hal_msp.c_save
2023-12-01 14:45:12,700 [INFO] CodeEngine:279 - Generated code: D:\Project\Rice Cooker\RiceCooker_v1\RiceCooker_v1_CubeIDE\Core\Src\stm32g0xx_hal_msp.c
2023-12-01 14:45:12,700 [INFO] CodeEngine:255 - oldGeneratedFile, D:\Project\Rice Cooker\RiceCooker_v1\RiceCooker_v1_CubeIDE\MXTmpFiles\system.tmp_save
2023-12-01 14:45:12,762 [INFO] CodeEngine:279 - Generated code: D:\Project\Rice Cooker\RiceCooker_v1\RiceCooker_v1_CubeIDE\MXTmpFiles\system.tmp
2023-12-01 14:45:12,762 [INFO] CodeEngine:311 - oldGeneratedFile, D:\Project\Rice Cooker\RiceCooker_v1\RiceCooker_v1_CubeIDE\Core\Inc\stm32g0xx_hal_conf.h_save
2023-12-01 14:45:12,821 [INFO] CodeEngine:335 - Generated code: D:\Project\Rice Cooker\RiceCooker_v1\RiceCooker_v1_CubeIDE\Core\Inc\stm32g0xx_hal_conf.h
2023-12-01 14:45:12,830 [WARN] IPConfigManager:3431 - IP not found : TIM
2023-12-01 14:45:12,830 [WARN] CodeGenerator:3754 - IP not found : null
2023-12-01 14:45:12,830 [INFO] CodeEngine:255 - oldGeneratedFile, D:\Project\Rice Cooker\RiceCooker_v1\RiceCooker_v1_CubeIDE\Core\Inc\main.h_save
2023-12-01 14:45:12,881 [INFO] CodeEngine:279 - Generated code: D:\Project\Rice Cooker\RiceCooker_v1\RiceCooker_v1_CubeIDE\Core\Inc\main.h
2023-12-01 14:45:12,881 [INFO] CodeEngine:255 - oldGeneratedFile, D:\Project\Rice Cooker\RiceCooker_v1\RiceCooker_v1_CubeIDE\Core\Src\main.c_save
2023-12-01 14:45:13,028 [INFO] CodeEngine:279 - Generated code: D:\Project\Rice Cooker\RiceCooker_v1\RiceCooker_v1_CubeIDE\Core\Src\main.c
2023-12-01 14:45:13,530 [INFO] ProjectBuilder:2996 - Time for Copy HAL[1] : 110mS.
2023-12-01 14:45:13,530 [INFO] ProjectBuilder:4304 - Project Generator version: 3.19.2
2023-12-01 14:45:13,936 [INFO] ConfigFileManager:1483 - The Die is : DIE466
2023-12-01 14:45:15,800 [INFO] ProjectBuilder:4505 - Time for Generating toolchain IDE Files: 2270mS.
2023-12-01 14:45:15,809 [INFO] ProjectBuilder:2867 - Time for Copy CMSIS : 0mS.
2023-12-01 14:45:15,810 [INFO] ProjectBuilder:2867 - Time for Copy CMSIS : 0mS.
2023-12-01 14:46:53,111 [INFO] UtilMem:75 - End SaveConfig() Used Memory: 702410912 Bytes (1004535808)
2023-12-01 14:46:53,188 [INFO] UtilMem:75 - End SaveConfig() Used Memory: 712770264 Bytes (1004535808)
2023-12-01 14:46:53,652 [INFO] UtilMem:75 - End SaveConfig() Used Memory: 659238768 Bytes (1004535808)
2023-12-01 14:46:53,941 [INFO] BlockDiagram:2759 - set Specific Code input for plugin: NVIC
2023-12-01 14:46:53,941 [INFO] BlockDiagram:2759 - set Specific Code input for plugin: USART
2023-12-01 14:46:53,941 [INFO] BlockDiagram:2759 - set Specific Code input for plugin: DMA
2023-12-01 14:46:53,941 [INFO] BlockDiagram:2759 - set Specific Code input for plugin: TIM1_8G0
2023-12-01 14:46:53,941 [INFO] BlockDiagram:2759 - set Specific Code input for plugin: TIM1_8G0
2023-12-01 14:46:53,941 [INFO] BlockDiagram:2759 - set Specific Code input for plugin: TIM1_8G0
2023-12-01 14:46:53,941 [INFO] BlockDiagram:2759 - set Specific Code input for plugin: TIM1_8G0
2023-12-01 14:46:53,941 [INFO] BlockDiagram:2759 - set Specific Code input for plugin: SYS
2023-12-01 14:46:53,941 [INFO] BlockDiagram:2759 - set Specific Code input for plugin: GPIO
2023-12-01 14:46:53,941 [INFO] BlockDiagram:2759 - set Specific Code input for plugin: ADC
2023-12-01 14:46:53,941 [INFO] BlockDiagram:2759 - set Specific Code input for plugin: RCC
2023-12-01 14:46:53,950 [INFO] CodeGenerator:793 - code generatio: config db path: C:\ST\STM32CubeIDE_1.12.1\STM32CubeIDE\plugins\com.st.stm32cube.common.mx_6.8.1.202304191431\\db\
2023-12-01 14:46:53,953 [INFO] Argument:319 - Argument : hdmavalue: null
2023-12-01 14:46:53,953 [INFO] Argument:321 - 	 sub Args: 
2023-12-01 14:46:53,953 [INFO] Argument:319 - Argument : Instancevalue: DMA1_Channel1
2023-12-01 14:46:53,953 [INFO] Argument:329 - Argument : Instancevalue: DMA1_Channel1
2023-12-01 14:46:53,953 [INFO] Argument:319 - Argument : Initvalue: null
2023-12-01 14:46:53,953 [INFO] Argument:321 - 	 sub Args: 
2023-12-01 14:46:53,953 [INFO] Argument:319 - Argument : Requestvalue: DMA_REQUEST_ADC1
2023-12-01 14:46:53,953 [INFO] Argument:329 - Argument : Requestvalue: DMA_REQUEST_ADC1
2023-12-01 14:46:53,953 [INFO] Argument:319 - Argument : Directionvalue: DMA_PERIPH_TO_MEMORY
2023-12-01 14:46:53,953 [INFO] Argument:329 - Argument : Directionvalue: DMA_PERIPH_TO_MEMORY
2023-12-01 14:46:53,953 [INFO] Argument:319 - Argument : PeriphIncvalue: DMA_PINC_DISABLE
2023-12-01 14:46:53,953 [INFO] Argument:329 - Argument : PeriphIncvalue: DMA_PINC_DISABLE
2023-12-01 14:46:53,953 [INFO] Argument:319 - Argument : MemIncvalue: DMA_MINC_ENABLE
2023-12-01 14:46:53,953 [INFO] Argument:329 - Argument : MemIncvalue: DMA_MINC_ENABLE
2023-12-01 14:46:53,953 [INFO] Argument:319 - Argument : PeriphDataAlignmentvalue: DMA_PDATAALIGN_WORD
2023-12-01 14:46:53,953 [INFO] Argument:329 - Argument : PeriphDataAlignmentvalue: DMA_PDATAALIGN_WORD
2023-12-01 14:46:53,953 [INFO] Argument:319 - Argument : MemDataAlignmentvalue: DMA_MDATAALIGN_WORD
2023-12-01 14:46:53,953 [INFO] Argument:329 - Argument : MemDataAlignmentvalue: DMA_MDATAALIGN_WORD
2023-12-01 14:46:53,953 [INFO] Argument:319 - Argument : Modevalue: DMA_CIRCULAR
2023-12-01 14:46:53,953 [INFO] Argument:329 - Argument : Modevalue: DMA_CIRCULAR
2023-12-01 14:46:53,953 [INFO] Argument:319 - Argument : Priorityvalue: DMA_PRIORITY_LOW
2023-12-01 14:46:53,953 [INFO] Argument:329 - Argument : Priorityvalue: DMA_PRIORITY_LOW
2023-12-01 14:46:53,953 [INFO] Argument:319 - Argument : Lockvalue: null
2023-12-01 14:46:53,953 [INFO] Argument:329 - Argument : Lockvalue: null
2023-12-01 14:46:53,953 [INFO] Argument:319 - Argument : Statevalue: null
2023-12-01 14:46:53,953 [INFO] Argument:329 - Argument : Statevalue: null
2023-12-01 14:46:53,953 [INFO] Argument:319 - Argument : Parentvalue: null
2023-12-01 14:46:53,953 [INFO] Argument:329 - Argument : Parentvalue: null
2023-12-01 14:46:53,953 [INFO] Argument:319 - Argument : XferCpltCallbackvalue: null
2023-12-01 14:46:53,953 [INFO] Argument:329 - Argument : XferCpltCallbackvalue: null
2023-12-01 14:46:53,953 [INFO] Argument:319 - Argument : XferHalfCpltCallbackvalue: null
2023-12-01 14:46:53,953 [INFO] Argument:329 - Argument : XferHalfCpltCallbackvalue: null
2023-12-01 14:46:53,953 [INFO] Argument:319 - Argument : XferErrorCallbackvalue: null
2023-12-01 14:46:53,953 [INFO] Argument:329 - Argument : XferErrorCallbackvalue: null
2023-12-01 14:46:53,953 [INFO] Argument:319 - Argument : XferAbortCallbackvalue: null
2023-12-01 14:46:53,953 [INFO] Argument:329 - Argument : XferAbortCallbackvalue: null
2023-12-01 14:46:53,953 [INFO] Argument:319 - Argument : ErrorCodevalue: null
2023-12-01 14:46:53,953 [INFO] Argument:329 - Argument : ErrorCodevalue: null
2023-12-01 14:46:53,953 [INFO] Argument:319 - Argument : ChannelIndexvalue: null
2023-12-01 14:46:53,953 [INFO] Argument:329 - Argument : ChannelIndexvalue: null
2023-12-01 14:46:53,953 [INFO] Argument:319 - Argument : DMAmuxChannelvalue: null
2023-12-01 14:46:53,953 [INFO] Argument:329 - Argument : DMAmuxChannelvalue: null
2023-12-01 14:46:53,953 [INFO] Argument:319 - Argument : DMAmuxChannelStatusvalue: null
2023-12-01 14:46:53,953 [INFO] Argument:329 - Argument : DMAmuxChannelStatusvalue: null
2023-12-01 14:46:53,953 [INFO] Argument:319 - Argument : DMAmuxChannelStatusMaskvalue: null
2023-12-01 14:46:53,953 [INFO] Argument:329 - Argument : DMAmuxChannelStatusMaskvalue: null
2023-12-01 14:46:53,953 [INFO] Argument:319 - Argument : DMAmuxRequestGenvalue: null
2023-12-01 14:46:53,953 [INFO] Argument:329 - Argument : DMAmuxRequestGenvalue: null
2023-12-01 14:46:53,953 [INFO] Argument:319 - Argument : DMAmuxRequestGenStatusvalue: null
2023-12-01 14:46:53,953 [INFO] Argument:329 - Argument : DMAmuxRequestGenStatusvalue: null
2023-12-01 14:46:53,953 [INFO] Argument:319 - Argument : DMAmuxRequestGenStatusMaskvalue: null
2023-12-01 14:46:53,953 [INFO] Argument:329 - Argument : DMAmuxRequestGenStatusMaskvalue: null
2023-12-01 14:46:53,985 [WARN] IP:2113 - FIFOMode not found: check if there is a RefParameter without a condition.
2023-12-01 14:46:53,985 [WARN] IP:2113 - TXFIFOThreshold not found: check if there is a RefParameter without a condition.
2023-12-01 14:46:53,985 [WARN] IP:2113 - RXFIFOThreshold not found: check if there is a RefParameter without a condition.
2023-12-01 14:46:53,985 [WARN] IP:2113 - AutoBaudRateEnableParam not found: check if there is a RefParameter without a condition.
2023-12-01 14:46:54,210 [INFO] CodeEngine:255 - oldGeneratedFile, D:\Project\Rice Cooker\RiceCooker_v1\RiceCooker_v1_CubeIDE\MXTmpFiles\license.tmp_save
2023-12-01 14:46:54,265 [INFO] CodeEngine:279 - Generated code: D:\Project\Rice Cooker\RiceCooker_v1\RiceCooker_v1_CubeIDE\MXTmpFiles\license.tmp
2023-12-01 14:46:54,340 [INFO] CodeEngine:255 - oldGeneratedFile, D:\Project\Rice Cooker\RiceCooker_v1\RiceCooker_v1_CubeIDE\MXTmpFiles\gpio.tmp_save
2023-12-01 14:46:54,431 [INFO] CodeEngine:279 - Generated code: D:\Project\Rice Cooker\RiceCooker_v1\RiceCooker_v1_CubeIDE\MXTmpFiles\gpio.tmp
2023-12-01 14:46:55,405 [INFO] CodeEngine:255 - oldGeneratedFile, D:\Project\Rice Cooker\RiceCooker_v1\RiceCooker_v1_CubeIDE\MXTmpFiles\dma.tmp_save
2023-12-01 14:46:55,455 [INFO] CodeEngine:279 - Generated code: D:\Project\Rice Cooker\RiceCooker_v1\RiceCooker_v1_CubeIDE\MXTmpFiles\dma.tmp
2023-12-01 14:46:55,455 [INFO] CodeEngine:255 - oldGeneratedFile, D:\Project\Rice Cooker\RiceCooker_v1\RiceCooker_v1_CubeIDE\MXTmpFiles\dma_GV.tmp_save
2023-12-01 14:46:55,511 [INFO] CodeEngine:279 - Generated code: D:\Project\Rice Cooker\RiceCooker_v1\RiceCooker_v1_CubeIDE\MXTmpFiles\dma_GV.tmp
2023-12-01 14:46:55,521 [INFO] CodeEngine:255 - oldGeneratedFile, D:\Project\Rice Cooker\RiceCooker_v1\RiceCooker_v1_CubeIDE\Core\Src\stm32g0xx_it.c_save
2023-12-01 14:46:55,581 [INFO] CodeEngine:279 - Generated code: D:\Project\Rice Cooker\RiceCooker_v1\RiceCooker_v1_CubeIDE\Core\Src\stm32g0xx_it.c
2023-12-01 14:46:55,581 [INFO] CodeEngine:255 - oldGeneratedFile, D:\Project\Rice Cooker\RiceCooker_v1\RiceCooker_v1_CubeIDE\Core\Inc\stm32g0xx_it.h_save
2023-12-01 14:46:55,636 [INFO] CodeEngine:279 - Generated code: D:\Project\Rice Cooker\RiceCooker_v1\RiceCooker_v1_CubeIDE\Core\Inc\stm32g0xx_it.h
2023-12-01 14:46:55,641 [INFO] CodeEngine:255 - oldGeneratedFile, D:\Project\Rice Cooker\RiceCooker_v1\RiceCooker_v1_CubeIDE\Core\Src\stm32g0xx_hal_msp.c_save
2023-12-01 14:46:55,700 [INFO] CodeEngine:279 - Generated code: D:\Project\Rice Cooker\RiceCooker_v1\RiceCooker_v1_CubeIDE\Core\Src\stm32g0xx_hal_msp.c
2023-12-01 14:46:55,710 [INFO] CodeEngine:255 - oldGeneratedFile, D:\Project\Rice Cooker\RiceCooker_v1\RiceCooker_v1_CubeIDE\MXTmpFiles\system.tmp_save
2023-12-01 14:46:55,755 [INFO] CodeEngine:279 - Generated code: D:\Project\Rice Cooker\RiceCooker_v1\RiceCooker_v1_CubeIDE\MXTmpFiles\system.tmp
2023-12-01 14:46:55,760 [INFO] CodeEngine:311 - oldGeneratedFile, D:\Project\Rice Cooker\RiceCooker_v1\RiceCooker_v1_CubeIDE\Core\Inc\stm32g0xx_hal_conf.h_save
2023-12-01 14:46:55,811 [INFO] CodeEngine:335 - Generated code: D:\Project\Rice Cooker\RiceCooker_v1\RiceCooker_v1_CubeIDE\Core\Inc\stm32g0xx_hal_conf.h
2023-12-01 14:46:55,855 [WARN] IPConfigManager:3431 - IP not found : TIM
2023-12-01 14:46:55,855 [WARN] CodeGenerator:3754 - IP not found : null
2023-12-01 14:46:55,860 [INFO] CodeEngine:255 - oldGeneratedFile, D:\Project\Rice Cooker\RiceCooker_v1\RiceCooker_v1_CubeIDE\Core\Inc\main.h_save
2023-12-01 14:46:55,920 [INFO] CodeEngine:279 - Generated code: D:\Project\Rice Cooker\RiceCooker_v1\RiceCooker_v1_CubeIDE\Core\Inc\main.h
2023-12-01 14:46:55,922 [INFO] CodeEngine:255 - oldGeneratedFile, D:\Project\Rice Cooker\RiceCooker_v1\RiceCooker_v1_CubeIDE\Core\Src\main.c_save
2023-12-01 14:46:56,060 [INFO] CodeEngine:279 - Generated code: D:\Project\Rice Cooker\RiceCooker_v1\RiceCooker_v1_CubeIDE\Core\Src\main.c
2023-12-01 14:46:56,560 [INFO] ProjectBuilder:2996 - Time for Copy HAL[1] : 100mS.
2023-12-01 14:46:56,570 [INFO] ProjectBuilder:4304 - Project Generator version: 3.19.2
2023-12-01 14:46:56,886 [INFO] ConfigFileManager:1483 - The Die is : DIE466
2023-12-01 14:46:58,532 [INFO] ProjectBuilder:4505 - Time for Generating toolchain IDE Files: 1972mS.
2023-12-01 14:46:58,532 [INFO] ProjectBuilder:2867 - Time for Copy CMSIS : 0mS.
2023-12-01 14:46:58,541 [INFO] ProjectBuilder:2867 - Time for Copy CMSIS : 0mS.
