2024-08-22 08:15:53,834 [INFO] Activator:176 - 


2024-08-22 08:15:53,840 [INFO] Activator:177 - !SESSION log4j initialized
2024-08-22 08:16:03,929 [INFO] LogOutputStream:77 - [STDOUT_REDIRECT] 
2024-08-22 08:16:06,724 [INFO] ApplicationProperties:184 - Using Application install path: C:\ST\STM32CubeIDE_1.15.1\STM32CubeIDE\plugins\com.st.stm32cube.common.mx_6.11.1.202404110753
2024-08-22 08:16:06,741 [INFO] DbMcusXml:78 - Set database path to: C:\ST\STM32CubeIDE_1.15.1\STM32CubeIDE\plugins\com.st.stm32cube.common.mx_6.11.1.202404110753\\db\/mcu/
2024-08-22 08:16:06,741 [INFO] ApiDb:274 - Set plugin database path to: C:\ST\STM32CubeIDE_1.15.1\STM32CubeIDE\plugins\com.st.stm32cube.common.mx_6.11.1.202404110753\\db\/plugins/boardmanager/
2024-08-22 08:16:06,742 [WARN] ApiDb:259 - Overriding images path with different value:  => C:\ST\STM32CubeIDE_1.15.1\STM32CubeIDE\plugins\com.st.stm32cube.common.mx_6.11.1.202404110753\\db\/plugins/mcufinder/images/
2024-08-22 08:16:06,754 [INFO] ApiDb:250 - Set database path to: C:\Users\KDS-LTP-0415\.stmcufinder\plugins\mcufinder//mcu/
2024-08-22 08:16:06,755 [INFO] DbMcusAds:125 - Set database path to: C:\Users\KDS-LTP-0415\.stmcufinder\plugins\mcufinder//mcu/
2024-08-22 08:16:06,757 [INFO] CrossReferenceDbSqlite:203 - Set database path to: C:\Users\KDS-LTP-0415\.stmcufinder\plugins\mcufinder//mcu/cs/
2024-08-22 08:16:06,870 [INFO] RulesReader:64 - Compatibility file has been processed (297 Rules)
2024-08-22 08:16:06,957 [INFO] DbMcusXml:78 - Set database path to: C:\ST\STM32CubeIDE_1.15.1\STM32CubeIDE\plugins\com.st.stm32cube.common.mx_6.11.1.202404110753\\db\/mcu/
2024-08-22 08:16:06,957 [INFO] ApiDb:274 - Set plugin database path to: C:\ST\STM32CubeIDE_1.15.1\STM32CubeIDE\plugins\com.st.stm32cube.common.mx_6.11.1.202404110753\\db\/plugins/boardmanager/
2024-08-22 08:16:06,957 [INFO] ApiDb:261 - Set plugin images path to: C:\ST\STM32CubeIDE_1.15.1\STM32CubeIDE\plugins\com.st.stm32cube.common.mx_6.11.1.202404110753\\db\/plugins/mcufinder/images/
2024-08-22 08:16:06,957 [WARN] DbFile:41 - Overriding database path with different value: C:\Users\KDS-LTP-0415\.stmcufinder\plugins\mcufinder/ => C:\Users\KDS-LTP-0415\.stmcufinder\plugins\mcufinder
2024-08-22 08:16:06,957 [INFO] ApiDb:250 - Set database path to: C:\Users\KDS-LTP-0415\.stmcufinder\plugins\mcufinder//mcu/
2024-08-22 08:16:06,958 [WARN] DbFile:41 - Overriding database path with different value: C:\Users\KDS-LTP-0415\.stmcufinder\plugins\mcufinder/ => C:\Users\KDS-LTP-0415\.stmcufinder\plugins\mcufinder
2024-08-22 08:16:06,958 [INFO] DbMcusAds:125 - Set database path to: C:\Users\KDS-LTP-0415\.stmcufinder\plugins\mcufinder//mcu/
2024-08-22 08:16:06,958 [WARN] DbFile:41 - Overriding database path with different value: C:\Users\KDS-LTP-0415\.stmcufinder\plugins\mcufinder/ => C:\Users\KDS-LTP-0415\.stmcufinder\plugins\mcufinder
2024-08-22 08:16:06,958 [WARN] DbFile:41 - Overriding database path with different value: C:\Users\KDS-LTP-0415\.stmcufinder\plugins\mcufinder/ => C:\Users\KDS-LTP-0415\.stmcufinder\plugins\mcufinder
2024-08-22 08:16:06,958 [INFO] CrossReferenceDbSqlite:203 - Set database path to: C:\Users\KDS-LTP-0415\.stmcufinder\plugins\mcufinder//mcu/cs/
2024-08-22 08:16:07,036 [INFO] MainPanel:264 - HeapMemory: 268435456
2024-08-22 08:16:07,132 [INFO] DbMcusXml:78 - Set database path to: C:\ST\STM32CubeIDE_1.15.1\STM32CubeIDE\plugins\com.st.stm32cube.common.mx_6.11.1.202404110753\\db\/mcu/
2024-08-22 08:16:07,132 [INFO] ApiDb:274 - Set plugin database path to: C:\ST\STM32CubeIDE_1.15.1\STM32CubeIDE\plugins\com.st.stm32cube.common.mx_6.11.1.202404110753\\db\/plugins/boardmanager/
2024-08-22 08:16:07,132 [INFO] ApiDb:261 - Set plugin images path to: C:\ST\STM32CubeIDE_1.15.1\STM32CubeIDE\plugins\com.st.stm32cube.common.mx_6.11.1.202404110753\\db\/plugins/mcufinder/images/
2024-08-22 08:16:07,132 [WARN] DbFile:41 - Overriding database path with different value: C:\Users\KDS-LTP-0415\.stmcufinder\plugins\mcufinder/ => C:\Users\KDS-LTP-0415\.stmcufinder\plugins\mcufinder
2024-08-22 08:16:07,133 [INFO] ApiDb:250 - Set database path to: C:\Users\KDS-LTP-0415\.stmcufinder\plugins\mcufinder//mcu/
2024-08-22 08:16:07,133 [WARN] DbFile:41 - Overriding database path with different value: C:\Users\KDS-LTP-0415\.stmcufinder\plugins\mcufinder/ => C:\Users\KDS-LTP-0415\.stmcufinder\plugins\mcufinder
2024-08-22 08:16:07,133 [INFO] DbMcusAds:125 - Set database path to: C:\Users\KDS-LTP-0415\.stmcufinder\plugins\mcufinder//mcu/
2024-08-22 08:16:07,133 [WARN] DbFile:41 - Overriding database path with different value: C:\Users\KDS-LTP-0415\.stmcufinder\plugins\mcufinder/ => C:\Users\KDS-LTP-0415\.stmcufinder\plugins\mcufinder
2024-08-22 08:16:07,133 [WARN] DbFile:41 - Overriding database path with different value: C:\Users\KDS-LTP-0415\.stmcufinder\plugins\mcufinder/ => C:\Users\KDS-LTP-0415\.stmcufinder\plugins\mcufinder
2024-08-22 08:16:07,133 [INFO] CrossReferenceDbSqlite:203 - Set database path to: C:\Users\KDS-LTP-0415\.stmcufinder\plugins\mcufinder//mcu/cs/
2024-08-22 08:16:07,150 [INFO] ApplicationProperties:184 - Using Application install path: C:\ST\STM32CubeIDE_1.15.1\STM32CubeIDE\plugins\com.st.stm32cube.common.mx_6.11.1.202404110753
2024-08-22 08:16:07,151 [INFO] PluginManage:196 - Search for loadable plugins [exclusion list=, ]
2024-08-22 08:16:07,153 [INFO] PluginManage:310 - Check plugin analytics
2024-08-22 08:16:07,301 [INFO] AnalyticsPlugin:253 - Accepted Software Licenses: 
2024-08-22 08:16:07,302 [INFO] AnalyticsPlugin:255 - Accepted CMSIS Pack Licenses: STMicroelectronics.X-CUBE-TOF1.3.4.1
2024-08-22 08:16:07,302 [INFO] AnalyticsPlugin:257 - Accepted Firmware Licenses: FW.F4.1.28.0,FW.H7.1.11.0,FW.G0.1.6.0,FW.WB.1.19.0
2024-08-22 08:16:07,304 [INFO] PluginManage:359 - Loaded plugin analytics (category:tool,tabindex:-1)
2024-08-22 08:16:07,305 [INFO] PluginManage:310 - Check plugin cadmodel
2024-08-22 08:16:07,321 [INFO] CADModel:105 - Init CAD model plugin
2024-08-22 08:16:07,321 [INFO] PluginManage:359 - Loaded plugin cadmodel (category:power,tabindex:5)
2024-08-22 08:16:07,322 [INFO] PluginManage:310 - Check plugin clock
2024-08-22 08:16:07,334 [INFO] PluginManage:359 - Loaded plugin clock (category:base,tabindex:2)
2024-08-22 08:16:07,334 [INFO] PluginManage:310 - Check plugin ddr
2024-08-22 08:16:07,336 [INFO] PluginManage:359 - Loaded plugin ddr (category:tool,tabindex:6)
2024-08-22 08:16:07,336 [INFO] PluginManage:310 - Check plugin filemanager
2024-08-22 08:16:07,462 [INFO] PluginManage:359 - Loaded plugin filemanager (category:base,tabindex:10)
2024-08-22 08:16:07,462 [INFO] PluginManage:310 - Check plugin ipmanager
2024-08-22 08:16:07,467 [INFO] PluginManage:359 - Loaded plugin ipmanager (category:base,tabindex:5)
2024-08-22 08:16:07,467 [INFO] PluginManage:310 - Check plugin lpbam
2024-08-22 08:16:07,633 [INFO] PluginManage:359 - Loaded plugin lpbam (category:base,tabindex:0)
2024-08-22 08:16:07,633 [INFO] PluginManage:310 - Check plugin memorymap
2024-08-22 08:16:07,780 [INFO] PluginManage:359 - Loaded plugin memorymap (category:base,tabindex:4)
2024-08-22 08:16:07,780 [INFO] PluginManage:310 - Check plugin pinoutandconfiguration
2024-08-22 08:16:07,791 [INFO] PluginManage:359 - Loaded plugin pinoutandconfiguration (category:base,tabindex:1)
2024-08-22 08:16:07,792 [INFO] PluginManage:310 - Check plugin pinoutconfig
2024-08-22 08:16:07,876 [WARN] SupportedApi:132 - Cannot load RTOS API schema: s4s-elt-must-match.1: The content of 'definitions' must match (annotation?, (simpleType | complexType)?, (unique | key | keyref)*)). A problem was found starting at: attribute.
2024-08-22 08:16:07,981 [INFO] PluginManage:359 - Loaded plugin pinoutconfig (category:base,tabindex:0)
2024-08-22 08:16:07,981 [INFO] PluginManage:310 - Check plugin power
2024-08-22 08:16:08,030 [INFO] PluginManage:359 - Loaded plugin power (category:power,tabindex:4)
2024-08-22 08:16:08,031 [INFO] PluginManage:310 - Check plugin projectmanager
2024-08-22 08:16:08,044 [INFO] PluginManage:359 - Loaded plugin projectmanager (category:projectmanager,tabindex:3)
2024-08-22 08:16:08,045 [INFO] PluginManage:310 - Check plugin thirdparty
2024-08-22 08:16:08,277 [INFO] PluginManage:359 - Loaded plugin thirdparty (category:base,tabindex:-1)
2024-08-22 08:16:08,277 [WARN] IntegrityCheckThread:84 - waiting for thirdparty lock release [integrity check]
2024-08-22 08:16:08,278 [INFO] PluginManage:310 - Check plugin tools
2024-08-22 08:16:08,278 [INFO] IntegrityCheckThread:86 - entering critical section [integrity check]
2024-08-22 08:16:08,278 [INFO] ThirdPartyUpdaterWithRetryManager:70 - Updater plugin not ready yet. [1/15]
2024-08-22 08:16:08,295 [INFO] PluginManage:359 - Loaded plugin tools (category:base,tabindex:7)
2024-08-22 08:16:08,295 [INFO] PluginManage:310 - Check plugin tutovideos
2024-08-22 08:16:08,495 [INFO] PluginManage:359 - Loaded plugin tutovideos (category:base,tabindex:-1)
2024-08-22 08:16:08,496 [INFO] PluginManage:310 - Check plugin updater
2024-08-22 08:16:08,505 [INFO] PluginManage:359 - Loaded plugin updater (category:base,tabindex:12)
2024-08-22 08:16:08,505 [INFO] PluginManage:310 - Check plugin userauth
2024-08-22 08:16:08,510 [INFO] UserAuth:114 - Init User Auth plugin
2024-08-22 08:16:08,510 [INFO] PluginManage:359 - Loaded plugin userauth (category:base,tabindex:14)
2024-08-22 08:16:08,510 [INFO] PluginManage:283 - PluginManage : Loaded plugins [17]
2024-08-22 08:16:08,713 [INFO] PinOutPanel:1561 - setPackage(No Configuration,No Configuration)
2024-08-22 08:16:08,802 [INFO] CADModel:165 - CPN selected for project level
2024-08-22 08:16:08,802 [INFO] CADModel:114 - Register for checkConnection events
2024-08-22 08:16:08,878 [INFO] IPUIPlugin:80 - create IPUIPlugin
2024-08-22 08:16:08,878 [INFO] PluginManager:220 - loadIPPluginJar : add adc
2024-08-22 08:16:08,896 [INFO] IPUIPlugin:80 - create IPUIPlugin
2024-08-22 08:16:08,896 [INFO] PluginManager:220 - loadIPPluginJar : add aes
2024-08-22 08:16:08,929 [INFO] IPUIPlugin:80 - create IPUIPlugin
2024-08-22 08:16:08,930 [INFO] PluginManager:220 - loadIPPluginJar : add can
2024-08-22 08:16:08,943 [INFO] IPUIPlugin:80 - create IPUIPlugin
2024-08-22 08:16:08,943 [INFO] PluginManager:220 - loadIPPluginJar : add comp
2024-08-22 08:16:08,968 [INFO] IPUIPlugin:80 - create IPUIPlugin
2024-08-22 08:16:08,968 [INFO] PluginManager:220 - loadIPPluginJar : add cryp
2024-08-22 08:16:08,985 [INFO] IPUIPlugin:80 - create IPUIPlugin
2024-08-22 08:16:08,986 [INFO] PluginManager:220 - loadIPPluginJar : add dfsdm
2024-08-22 08:16:09,041 [INFO] IPUIPlugin:80 - create IPUIPlugin
2024-08-22 08:16:09,041 [INFO] PluginManager:220 - loadIPPluginJar : add dma
2024-08-22 08:16:09,072 [INFO] IPUIPlugin:80 - create IPUIPlugin
2024-08-22 08:16:09,072 [INFO] PluginManager:220 - loadIPPluginJar : add dma3
2024-08-22 08:16:09,091 [INFO] IPUIPlugin:80 - create IPUIPlugin
2024-08-22 08:16:09,091 [INFO] PluginManager:220 - loadIPPluginJar : add extmemmanager
2024-08-22 08:16:09,106 [INFO] IPUIPlugin:80 - create IPUIPlugin
2024-08-22 08:16:09,106 [INFO] PluginManager:220 - loadIPPluginJar : add fatfs
2024-08-22 08:16:09,130 [INFO] IPUIPlugin:80 - create IPUIPlugin
2024-08-22 08:16:09,130 [INFO] PluginManager:220 - loadIPPluginJar : add fmc
2024-08-22 08:16:09,140 [INFO] IPUIPlugin:80 - create IPUIPlugin
2024-08-22 08:16:09,140 [INFO] PluginManager:220 - loadIPPluginJar : add freertos
2024-08-22 08:16:09,151 [INFO] IPUIPlugin:80 - create IPUIPlugin
2024-08-22 08:16:09,151 [INFO] PluginManager:220 - loadIPPluginJar : add genericplugin
2024-08-22 08:16:09,207 [INFO] IPUIPlugin:80 - create IPUIPlugin
2024-08-22 08:16:09,207 [INFO] PluginManager:220 - loadIPPluginJar : add gfxmmu
2024-08-22 08:16:09,262 [INFO] IPUIPlugin:80 - create IPUIPlugin
2024-08-22 08:16:09,262 [INFO] PluginManager:220 - loadIPPluginJar : add gic
2024-08-22 08:16:09,360 [INFO] IPUIPlugin:80 - create IPUIPlugin
2024-08-22 08:16:09,360 [INFO] PluginManager:220 - loadIPPluginJar : add gpio
2024-08-22 08:16:09,398 [INFO] IPUIPlugin:80 - create IPUIPlugin
2024-08-22 08:16:09,398 [INFO] PluginManager:220 - loadIPPluginJar : add gtzc
2024-08-22 08:16:09,418 [INFO] IPUIPlugin:80 - create IPUIPlugin
2024-08-22 08:16:09,418 [INFO] PluginManager:220 - loadIPPluginJar : add hash
2024-08-22 08:16:09,442 [INFO] IPUIPlugin:80 - create IPUIPlugin
2024-08-22 08:16:09,442 [INFO] PluginManager:220 - loadIPPluginJar : add i2c
2024-08-22 08:16:09,459 [INFO] IPUIPlugin:80 - create IPUIPlugin
2024-08-22 08:16:09,460 [INFO] PluginManager:220 - loadIPPluginJar : add i2s
2024-08-22 08:16:09,480 [INFO] IPUIPlugin:80 - create IPUIPlugin
2024-08-22 08:16:09,480 [INFO] PluginManager:220 - loadIPPluginJar : add i3c
2024-08-22 08:16:09,512 [INFO] IPUIPlugin:80 - create IPUIPlugin
2024-08-22 08:16:09,512 [INFO] PluginManager:220 - loadIPPluginJar : add ipddr
2024-08-22 08:16:09,551 [INFO] IPUIPlugin:80 - create IPUIPlugin
2024-08-22 08:16:09,551 [INFO] PluginManager:220 - loadIPPluginJar : add linkedlist
2024-08-22 08:16:09,573 [INFO] IPUIPlugin:80 - create IPUIPlugin
2024-08-22 08:16:09,573 [INFO] PluginManager:220 - loadIPPluginJar : add lorawan
2024-08-22 08:16:09,590 [INFO] IPUIPlugin:80 - create IPUIPlugin
2024-08-22 08:16:09,590 [INFO] PluginManager:220 - loadIPPluginJar : add ltdc
2024-08-22 08:16:09,668 [INFO] IPUIPlugin:80 - create IPUIPlugin
2024-08-22 08:16:09,668 [INFO] PluginManager:220 - loadIPPluginJar : add mdma
2024-08-22 08:16:09,769 [INFO] IPUIPlugin:80 - create IPUIPlugin
2024-08-22 08:16:09,769 [INFO] PluginManager:220 - loadIPPluginJar : add nvic
2024-08-22 08:16:09,785 [INFO] IPUIPlugin:80 - create IPUIPlugin
2024-08-22 08:16:09,786 [INFO] PluginManager:220 - loadIPPluginJar : add opamp
2024-08-22 08:16:09,820 [INFO] IPUIPlugin:80 - create IPUIPlugin
2024-08-22 08:16:09,820 [INFO] PluginManager:220 - loadIPPluginJar : add openamp
2024-08-22 08:16:09,844 [INFO] IPUIPlugin:80 - create IPUIPlugin
2024-08-22 08:16:09,844 [INFO] PluginManager:220 - loadIPPluginJar : add pdm2pcm
2024-08-22 08:16:09,945 [INFO] IPUIPlugin:80 - create IPUIPlugin
2024-08-22 08:16:09,948 [INFO] PluginManager:220 - loadIPPluginJar : add plateformsettings
2024-08-22 08:16:09,962 [INFO] IPUIPlugin:80 - create IPUIPlugin
2024-08-22 08:16:09,962 [INFO] PluginManager:220 - loadIPPluginJar : add quadspi
2024-08-22 08:16:09,971 [INFO] IPUIPlugin:80 - create IPUIPlugin
2024-08-22 08:16:09,971 [INFO] PluginManager:220 - loadIPPluginJar : add resmgrutility
2024-08-22 08:16:09,990 [INFO] IPUIPlugin:80 - create IPUIPlugin
2024-08-22 08:16:09,990 [INFO] PluginManager:220 - loadIPPluginJar : add sai
2024-08-22 08:16:10,008 [INFO] IPUIPlugin:80 - create IPUIPlugin
2024-08-22 08:16:10,008 [INFO] PluginManager:220 - loadIPPluginJar : add spi
2024-08-22 08:16:10,036 [INFO] IPUIPlugin:80 - create IPUIPlugin
2024-08-22 08:16:10,036 [INFO] PluginManager:220 - loadIPPluginJar : add stm32_wpan
2024-08-22 08:16:10,050 [INFO] IPUIPlugin:80 - create IPUIPlugin
2024-08-22 08:16:10,050 [INFO] PluginManager:220 - loadIPPluginJar : add tim
2024-08-22 08:16:10,079 [INFO] IPUIPlugin:80 - create IPUIPlugin
2024-08-22 08:16:10,079 [INFO] PluginManager:220 - loadIPPluginJar : add touchsensing
2024-08-22 08:16:10,090 [INFO] IPUIPlugin:80 - create IPUIPlugin
2024-08-22 08:16:10,090 [INFO] PluginManager:220 - loadIPPluginJar : add tracer_emb
2024-08-22 08:16:10,101 [INFO] IPUIPlugin:80 - create IPUIPlugin
2024-08-22 08:16:10,102 [INFO] PluginManager:220 - loadIPPluginJar : add ts
2024-08-22 08:16:10,113 [INFO] IPUIPlugin:80 - create IPUIPlugin
2024-08-22 08:16:10,113 [INFO] PluginManager:220 - loadIPPluginJar : add tsc
2024-08-22 08:16:10,127 [INFO] IPUIPlugin:80 - create IPUIPlugin
2024-08-22 08:16:10,127 [INFO] PluginManager:220 - loadIPPluginJar : add ucpd
2024-08-22 08:16:10,145 [INFO] IPUIPlugin:80 - create IPUIPlugin
2024-08-22 08:16:10,145 [INFO] PluginManager:220 - loadIPPluginJar : add usart
2024-08-22 08:16:10,167 [INFO] IPUIPlugin:80 - create IPUIPlugin
2024-08-22 08:16:10,167 [INFO] PluginManager:220 - loadIPPluginJar : add usbx
2024-08-22 08:16:10,291 [INFO] CADModel:165 - CPN selected for project level
2024-08-22 08:16:10,291 [INFO] CADModel:114 - Register for checkConnection events
2024-08-22 08:16:10,291 [FATAL] Updater:308 - Updater called before beeing initialized
2024-08-22 08:16:10,291 [ERROR] CADModel:125 - Updater not yet initialized, retry later 
2024-08-22 08:16:10,435 [INFO] CADModel:165 - CPN selected for project level
2024-08-22 08:16:10,436 [INFO] CADModel:114 - Register for checkConnection events
2024-08-22 08:16:10,436 [FATAL] Updater:308 - Updater called before beeing initialized
2024-08-22 08:16:10,436 [ERROR] CADModel:125 - Updater not yet initialized, retry later 
2024-08-22 08:16:10,439 [FATAL] Updater:308 - Updater called before beeing initialized
2024-08-22 08:16:10,544 [FATAL] Updater:308 - Updater called before beeing initialized
2024-08-22 08:16:10,551 [INFO] DbMcusAds:53 - JSON generation date=Thu May 16 16:22:00 WIB 2024 (1715851320667)
2024-08-22 08:16:10,551 [FATAL] Updater:308 - Updater called before beeing initialized
2024-08-22 08:16:10,627 [WARN] DetailPanel:346 - Failed to get advertising image, set to default
2024-08-22 08:16:10,708 [FATAL] Updater:308 - Updater called before beeing initialized
2024-08-22 08:16:10,709 [FATAL] Updater:308 - Updater called before beeing initialized
2024-08-22 08:16:10,709 [FATAL] Updater:308 - Updater called before beeing initialized
2024-08-22 08:16:10,710 [WARN] DetailPanel:346 - Failed to get advertising image, set to default
2024-08-22 08:16:10,710 [FATAL] Updater:308 - Updater called before beeing initialized
2024-08-22 08:16:10,770 [ERROR] Updater:1120 - MainUpdater not yet initialized. External WinMGr cannot be set.
2024-08-22 08:16:10,776 [INFO] Updater:1056 - Updater Version found : 6.11.1
2024-08-22 08:16:10,790 [INFO] ApplicationProperties:184 - Using Application install path: C:\ST\STM32CubeIDE_1.15.1\STM32CubeIDE\plugins\com.st.stm32cube.common.mx_6.11.1.202404110753
2024-08-22 08:16:11,202 [INFO] MainUpdater:2873 - connection check result : 10
2024-08-22 08:16:11,203 [INFO] MainUpdater:3567 - Updater definition file requires update
2024-08-22 08:16:11,204 [INFO] MainUpdater:290 - Updater Check For Update Now.
2024-08-22 08:16:11,204 [INFO] MicroXplorer:498 - Change Database Version : DB.6.0.111
2024-08-22 08:16:11,214 [INFO] McuFinderGlobals:63 - Set McuFinder mode to 2 (CubeIDE integrated)
2024-08-22 08:16:11,227 [INFO] UserAuth:415 - Internet connection configuration mode: 1
2024-08-22 08:16:11,239 [INFO] ServerAccessManage:473 - Download File updaters.zip
2024-08-22 08:16:11,247 [INFO] JxBrowserEngine:152 - Initiate JxBrowser Engine with user profile folder
2024-08-22 08:16:11,281 [WARN] MainUpdater:1194 - Updater busy. Cannot search thirdparties
2024-08-22 08:16:11,281 [INFO] ThirdPartyUpdaterWithRetryManager:96 - Updater plugin is busy. [1/15]
2024-08-22 08:16:11,311 [INFO] FileExtend:240 - Unzip File : updaters.zip
2024-08-22 08:16:11,311 [INFO] FileExtend:255 - Standard Zip Deflate
2024-08-22 08:16:11,683 [INFO] ServerAccessManage:473 - Download File PacksControlFlags.xml
2024-08-22 08:16:11,770 [INFO] ServerAccessManage:473 - Download File cubemx.pidx
2024-08-22 08:16:12,682 [INFO] ServerAccessManage:473 - Download File STMicroelectronics.X-CUBE-MEMS1.pdsc
2024-08-22 08:16:14,284 [WARN] MainUpdater:1194 - Updater busy. Cannot search thirdparties
2024-08-22 08:16:14,284 [INFO] ThirdPartyUpdaterWithRetryManager:96 - Updater plugin is busy. [2/15]
2024-08-22 08:16:14,621 [INFO] WebApp:161 - Instantiating new browser for Auth
2024-08-22 08:16:15,199 [WARN] PackLoader:240 - Cannot read IP mode file for STMicroelectronics.X-CUBE-MEMS1.11.0.0
2024-08-22 08:16:15,252 [INFO] CheckServerUpdateThread:120 - End of CheckServer Thread
2024-08-22 08:16:15,481 [INFO] PopulateThirdPartyThread:66 - Ending populate Thread
2024-08-22 08:16:15,483 [INFO] ThirdParty:1030 - CMSIS Pack Vendor :STMicroelectronics X-CUBE-MEMS1 11.0.0
2024-08-22 08:16:15,483 [INFO] LoadServerUpdatesThread:375 - End of LoadServerUpdate Thread
2024-08-22 08:16:15,849 [INFO] WebApp:779 - Register for checkConnection events
2024-08-22 08:16:15,849 [INFO] WebApp:414 - Apply proxy settings
2024-08-22 08:16:15,850 [INFO] WebApp:499 - Chromium requires no authentication
2024-08-22 08:16:15,865 [INFO] WebApp:442 - Direct internet connection detected
2024-08-22 08:16:16,184 [INFO] WebApp:192 - Starting web application
2024-08-22 08:16:16,184 [INFO] WebApp:544 - Web application path used C:\ST\STM32CubeIDE_1.15.1\STM32CubeIDE\plugins\com.st.stm32cube.common.mx_6.11.1.202404110753\db\plugins\mcufinder\reactClient1\index.html
2024-08-22 08:16:17,690 [WARN] PackLoader:240 - Cannot read IP mode file for STMicroelectronics.FP-SNS-MOTENVWB1.1.4.0
2024-08-22 08:16:17,706 [WARN] PackLoader:240 - Cannot read IP mode file for STMicroelectronics.X-CUBE-SMBUS.2.1.0
2024-08-22 08:16:17,719 [WARN] PackLoader:240 - Cannot read IP mode file for STMicroelectronics.X-CUBE-TOUCHGFX.4.23.0
2024-08-22 08:16:17,727 [WARN] PackLoader:240 - Cannot read IP mode file for STMicroelectronics.X-CUBE-TOUCHGFX.4.23.2
2024-08-22 08:16:17,765 [WARN] PackLoader:240 - Cannot read IP mode file for STMicroelectronics.X-CUBE-AZRTOS-F7.1.1.0
2024-08-22 08:16:17,781 [ERROR] RealEvaluatedCondition:428 - Found unsupported composite condition: GROUP='STM32_MetaDataManager' CLASS='Data Exchange'
2024-08-22 08:16:17,781 [ERROR] RealEvaluatedCondition:428 - Found unsupported composite condition: GROUP='STM32_MetaDataManager' CLASS='Data Exchange'
2024-08-22 08:16:17,782 [WARN] PackLoader:240 - Cannot read IP mode file for STMicroelectronics.FP-SNS-MOTENV1.4.3.0
2024-08-22 08:16:17,799 [WARN] PackLoader:240 - Cannot read IP mode file for STMicroelectronics.FP-SNS-MOTENV1.4.3.2
2024-08-22 08:16:17,812 [WARN] PackLoader:240 - Cannot read IP mode file for STMicroelectronics.FP-SNS-FLIGHT1.5.0.0
2024-08-22 08:16:17,825 [ERROR] RealEvaluatedCondition:428 - Found unsupported composite condition: CLASS='Data Exchange' GROUP='STM32_MetaDataManager'
2024-08-22 08:16:17,826 [ERROR] RealEvaluatedCondition:428 - Found unsupported composite condition: CLASS='Data Exchange' GROUP='STM32_MetaDataManager'
2024-08-22 08:16:17,827 [WARN] PackLoader:240 - Cannot read IP mode file for STMicroelectronics.FP-SNS-MOTENV1.4.3.1
2024-08-22 08:16:17,841 [WARN] PackLoader:240 - Cannot read IP mode file for STMicroelectronics.FP-SNS-FLIGHT1.5.0.1
2024-08-22 08:16:17,857 [WARN] PackLoader:240 - Cannot read IP mode file for STMicroelectronics.X-CUBE-BLE1.6.2.3
2024-08-22 08:16:17,910 [WARN] PackLoader:240 - Cannot read IP mode file for STMicroelectronics.X-CUBE-MEMS1.11.0.0
2024-08-22 08:16:18,072 [WARN] PackLoader:240 - Cannot read IP mode file for STMicroelectronics.X-CUBE-BLE1.6.2.4
2024-08-22 08:16:18,084 [WARN] PackLoader:240 - Cannot read IP mode file for STMicroelectronics.FP-SNS-FLIGHT1.5.0.2
2024-08-22 08:16:18,108 [WARN] PackLoader:240 - Cannot read IP mode file for STMicroelectronics.X-CUBE-TOF1.3.1.0
2024-08-22 08:16:18,140 [WARN] PackLoader:240 - Cannot read IP mode file for STMicroelectronics.X-CUBE-DISPLAY.3.0.0
2024-08-22 08:16:18,278 [WARN] PackLoader:240 - Cannot read IP mode file for STMicroelectronics.X-CUBE-BLE1.7.0.0
2024-08-22 08:16:18,294 [WARN] PackLoader:240 - Cannot read IP mode file for emotas.I-CUBE-CANOPEN.1.3.0
2024-08-22 08:16:18,307 [WARN] PackLoader:240 - Cannot read IP mode file for STMicroelectronics.X-CUBE-TOUCHGFX.4.22.0
2024-08-22 08:16:18,319 [WARN] PackLoader:240 - Cannot read IP mode file for STMicroelectronics.X-CUBE-TOUCHGFX.4.22.1
2024-08-22 08:16:18,382 [WARN] PackLoader:240 - Cannot read IP mode file for STMicroelectronics.X-CUBE-MEMS1.9.3.0
2024-08-22 08:16:18,515 [WARN] PackLoader:240 - Cannot read IP mode file for STMicroelectronics.X-CUBE-AI.7.2.0
2024-08-22 08:16:18,535 [WARN] PackLoader:240 - Cannot read IP mode file for STMicroelectronics.X-CUBE-BLEMGR.3.1.0
2024-08-22 08:16:18,551 [WARN] PackLoader:240 - Cannot read IP mode file for STMicroelectronics.FP-SNS-SMARTAG2.1.2.0
2024-08-22 08:16:18,578 [INFO] LogOutputStream:77 - [STDOUT_REDIRECT] 1 : Invalid condition id : UX_CORESTACK_Condition cause : null
2024-08-22 08:16:18,579 [INFO] LogOutputStream:77 - [STDOUT_REDIRECT] 1 : Invalid condition id : UX_CORESTACK_Condition cause : null
2024-08-22 08:16:18,582 [INFO] LogOutputStream:77 - [STDOUT_REDIRECT] 1 : Invalid condition id : UX_CORESTACK_Condition cause : null
2024-08-22 08:16:18,583 [INFO] LogOutputStream:77 - [STDOUT_REDIRECT] 1 : Invalid condition id : UX_CORESTACK_Condition cause : null
2024-08-22 08:16:18,585 [INFO] LogOutputStream:77 - [STDOUT_REDIRECT] 1 : Invalid condition id : UX_CORESTACK_Condition cause : null
2024-08-22 08:16:18,589 [WARN] PackLoader:240 - Cannot read IP mode file for STMicroelectronics.X-CUBE-AZRTOS-WL.2.0.0
2024-08-22 08:16:18,604 [WARN] PackLoader:240 - Cannot read IP mode file for STMicroelectronics.FP-SNS-MOTENV1.5.0.0
2024-08-22 08:16:18,617 [WARN] PackLoader:240 - Cannot read IP mode file for wolfSSL.I-CUBE-wolfMQTT.1.19.0
2024-08-22 08:16:18,632 [WARN] PackLoader:240 - Cannot read IP mode file for WES.I-CUBE-Cesium.1.3.0
2024-08-22 08:16:18,646 [WARN] PackLoader:240 - Cannot read IP mode file for STMicroelectronics.X-CUBE-BLE2.3.3.0
2024-08-22 08:16:18,661 [WARN] PackLoader:240 - Cannot read IP mode file for STMicroelectronics.X-CUBE-DISPLAY.2.2.0
2024-08-22 08:16:18,685 [WARN] PackLoader:240 - Cannot read IP mode file for STMicroelectronics.X-CUBE-TOF1.3.2.0
2024-08-22 08:16:18,701 [WARN] PackLoader:240 - Cannot read IP mode file for STMicroelectronics.X-CUBE-ISPU.1.0.0
2024-08-22 08:16:18,746 [WARN] PackLoader:240 - Cannot read IP mode file for STMicroelectronics.X-CUBE-AZRTOS-H7.2.1.0
2024-08-22 08:16:18,764 [WARN] PackLoader:240 - Cannot read IP mode file for STMicroelectronics.X-CUBE-TCPP.4.1.0
2024-08-22 08:16:18,776 [WARN] PackLoader:240 - Cannot read IP mode file for STMicroelectronics.X-CUBE-TOUCHGFX.4.21.1
2024-08-22 08:16:18,786 [WARN] PackLoader:240 - Cannot read IP mode file for STMicroelectronics.X-CUBE-TOUCHGFX.4.21.3
2024-08-22 08:16:18,797 [WARN] PackLoader:240 - Cannot read IP mode file for STMicroelectronics.X-CUBE-TOUCHGFX.4.21.4
2024-08-22 08:16:18,860 [WARN] PackLoader:240 - Cannot read IP mode file for STMicroelectronics.X-CUBE-MEMS1.9.4.0
2024-08-22 08:16:19,001 [WARN] PackLoader:240 - Cannot read IP mode file for STMicroelectronics.X-CUBE-AI.7.3.0
2024-08-22 08:16:19,019 [WARN] PackLoader:240 - Cannot read IP mode file for STMicroelectronics.X-CUBE-ALGOBUILD.1.3.0
2024-08-22 08:16:19,062 [WARN] PackLoader:240 - Cannot read IP mode file for STMicroelectronics.X-CUBE-AZRTOS-G0.1.1.0
2024-08-22 08:16:19,080 [WARN] PackLoader:240 - Cannot read IP mode file for STMicroelectronics.X-CUBE-SAFEA1.1.2.2
2024-08-22 08:16:19,097 [WARN] PackLoader:240 - Cannot read IP mode file for STMicroelectronics.X-CUBE-NFC4.3.0.0
2024-08-22 08:16:19,151 [WARN] PackLoader:240 - Cannot read IP mode file for SEGGER.I-CUBE-embOS.1.2.0
2024-08-22 08:16:19,209 [WARN] PackLoader:240 - Cannot read IP mode file for EmbeddedOffice.I-CUBE-FS-RTOS.1.0.1
2024-08-22 08:16:19,210 [ERROR] ConditionMgr:805 - Attr not supported : Dmpu
2024-08-22 08:16:19,210 [ERROR] ConditionMgr:805 - Attr not supported : Dmpu
2024-08-22 08:16:19,210 [ERROR] ConditionMgr:805 - Attr not supported : Dmpu
2024-08-22 08:16:19,210 [ERROR] ConditionMgr:805 - Attr not supported : Dmpu
2024-08-22 08:16:19,210 [ERROR] ConditionMgr:805 - Attr not supported : Dmpu
2024-08-22 08:16:19,210 [ERROR] ConditionMgr:805 - Attr not supported : Dmpu
2024-08-22 08:16:19,210 [ERROR] ConditionMgr:805 - Attr not supported : Dmpu
2024-08-22 08:16:19,210 [ERROR] ConditionMgr:805 - Attr not supported : Dmpu
2024-08-22 08:16:19,210 [ERROR] ConditionMgr:805 - Attr not supported : Dmpu
2024-08-22 08:16:19,210 [ERROR] ConditionMgr:805 - Attr not supported : Dmpu
2024-08-22 08:16:19,211 [ERROR] ConditionMgr:805 - Attr not supported : Dmpu
2024-08-22 08:16:19,211 [ERROR] ConditionMgr:805 - Attr not supported : Dmpu
2024-08-22 08:16:19,211 [ERROR] ConditionMgr:805 - Attr not supported : Dmpu
2024-08-22 08:16:19,211 [ERROR] ConditionMgr:805 - Attr not supported : Dmpu
2024-08-22 08:16:19,211 [ERROR] ConditionMgr:805 - Attr not supported : Dmpu
2024-08-22 08:16:19,211 [ERROR] ConditionMgr:805 - Attr not supported : Dmpu
2024-08-22 08:16:19,211 [ERROR] ConditionMgr:805 - Attr not supported : Dmpu
2024-08-22 08:16:19,211 [ERROR] ConditionMgr:805 - Attr not supported : Dmpu
2024-08-22 08:16:19,211 [ERROR] ConditionMgr:805 - Attr not supported : Dmpu
2024-08-22 08:16:19,211 [ERROR] ConditionMgr:805 - Attr not supported : Dmpu
2024-08-22 08:16:19,211 [ERROR] ConditionMgr:805 - Attr not supported : Dmpu
2024-08-22 08:16:19,211 [ERROR] ConditionMgr:805 - Attr not supported : Dmpu
2024-08-22 08:16:19,211 [ERROR] ConditionMgr:805 - Attr not supported : Dmpu
2024-08-22 08:16:19,211 [ERROR] ConditionMgr:805 - Attr not supported : Dmpu
2024-08-22 08:16:19,212 [ERROR] ConditionMgr:805 - Attr not supported : Dmpu
2024-08-22 08:16:19,212 [ERROR] ConditionMgr:805 - Attr not supported : Dmpu
2024-08-22 08:16:19,212 [ERROR] ConditionMgr:805 - Attr not supported : Dmpu
2024-08-22 08:16:19,212 [ERROR] ConditionMgr:805 - Attr not supported : Dmpu
2024-08-22 08:16:19,212 [ERROR] ConditionMgr:805 - Attr not supported : Dmpu
2024-08-22 08:16:19,212 [ERROR] ConditionMgr:805 - Attr not supported : Dmpu
2024-08-22 08:16:19,212 [ERROR] ConditionMgr:805 - Attr not supported : Dmpu
2024-08-22 08:16:19,212 [ERROR] ConditionMgr:805 - Attr not supported : Dmpu
2024-08-22 08:16:19,212 [ERROR] ConditionMgr:805 - Attr not supported : Dmpu
2024-08-22 08:16:19,212 [ERROR] ConditionMgr:805 - Attr not supported : Dmpu
2024-08-22 08:16:19,212 [ERROR] ConditionMgr:805 - Attr not supported : Dmpu
2024-08-22 08:16:19,212 [ERROR] ConditionMgr:805 - Attr not supported : Dmpu
2024-08-22 08:16:19,212 [ERROR] ConditionMgr:805 - Attr not supported : Dmpu
2024-08-22 08:16:19,212 [ERROR] ConditionMgr:805 - Attr not supported : Dmpu
2024-08-22 08:16:19,213 [ERROR] ConditionMgr:805 - Attr not supported : Dmpu
2024-08-22 08:16:19,213 [ERROR] ConditionMgr:805 - Attr not supported : Dmpu
2024-08-22 08:16:19,213 [ERROR] ConditionMgr:805 - Attr not supported : Dmpu
2024-08-22 08:16:19,213 [ERROR] ConditionMgr:805 - Attr not supported : Dmpu
2024-08-22 08:16:19,213 [ERROR] ConditionMgr:805 - Attr not supported : Dmpu
2024-08-22 08:16:19,213 [ERROR] ConditionMgr:805 - Attr not supported : Dmpu
2024-08-22 08:16:19,213 [ERROR] ConditionMgr:805 - Attr not supported : Dmpu
2024-08-22 08:16:19,213 [ERROR] ConditionMgr:805 - Attr not supported : Dmpu
2024-08-22 08:16:19,213 [ERROR] ConditionMgr:805 - Attr not supported : Dmpu
2024-08-22 08:16:19,213 [ERROR] ConditionMgr:805 - Attr not supported : Dmpu
2024-08-22 08:16:19,213 [ERROR] ConditionMgr:805 - Attr not supported : Dmpu
2024-08-22 08:16:19,213 [ERROR] ConditionMgr:805 - Attr not supported : Dmpu
2024-08-22 08:16:19,214 [ERROR] ConditionMgr:805 - Attr not supported : Dmpu
2024-08-22 08:16:19,214 [ERROR] ConditionMgr:805 - Attr not supported : Dmpu
2024-08-22 08:16:19,214 [ERROR] ConditionMgr:805 - Attr not supported : Dmpu
2024-08-22 08:16:19,214 [ERROR] ConditionMgr:805 - Attr not supported : Dmpu
2024-08-22 08:16:19,214 [ERROR] ConditionMgr:805 - Attr not supported : Dmpu
2024-08-22 08:16:19,214 [ERROR] ConditionMgr:805 - Attr not supported : Dmpu
2024-08-22 08:16:19,214 [ERROR] ConditionMgr:805 - Attr not supported : Dmpu
2024-08-22 08:16:19,214 [ERROR] ConditionMgr:805 - Attr not supported : Dmpu
2024-08-22 08:16:19,214 [ERROR] ConditionMgr:805 - Attr not supported : Dmpu
2024-08-22 08:16:19,214 [ERROR] ConditionMgr:805 - Attr not supported : Dmpu
2024-08-22 08:16:19,214 [ERROR] ConditionMgr:805 - Attr not supported : Dmpu
2024-08-22 08:16:19,214 [ERROR] ConditionMgr:805 - Attr not supported : Dmpu
2024-08-22 08:16:19,215 [ERROR] ConditionMgr:805 - Attr not supported : Dmpu
2024-08-22 08:16:19,215 [ERROR] ConditionMgr:805 - Attr not supported : Dmpu
2024-08-22 08:16:19,235 [WARN] PackLoader:240 - Cannot read IP mode file for STMicroelectronics.X-CUBE-BLEMGR.3.0.0
2024-08-22 08:16:19,263 [WARN] PackLoader:240 - Cannot read IP mode file for STMicroelectronics.X-CUBE-BLEMGR.1.3.0
2024-08-22 08:16:19,294 [WARN] PackLoader:240 - Cannot read IP mode file for RealThread.X-CUBE-RT-Thread_Nano.4.1.1
2024-08-22 08:16:19,311 [WARN] PackLoader:240 - Cannot read IP mode file for STMicroelectronics.FP-ATR-SIGFOX1.3.2.0
2024-08-22 08:16:19,326 [WARN] PackLoader:240 - Cannot read IP mode file for STMicroelectronics.X-CUBE-EEPRMA1.5.1.0
2024-08-22 08:16:19,346 [WARN] PackLoader:240 - Cannot read IP mode file for emotas.I-CUBE-CANOPEN.1.1.2
2024-08-22 08:16:19,358 [WARN] PackLoader:240 - Cannot read IP mode file for STMicroelectronics.X-CUBE-TOUCHGFX.4.20.0
2024-08-22 08:16:19,425 [WARN] PackLoader:240 - Cannot read IP mode file for STMicroelectronics.X-CUBE-MEMS1.9.5.0
2024-08-22 08:16:19,644 [WARN] PackLoader:240 - Cannot read IP mode file for SEGGER.I-CUBE-embOS.1.3.1
2024-08-22 08:16:19,682 [WARN] PackLoader:240 - Cannot read IP mode file for STMicroelectronics.X-CUBE-ALGOBUILD.1.4.0
2024-08-22 08:16:19,697 [WARN] PackLoader:240 - Cannot read IP mode file for STMicroelectronics.X-CUBE-GNSS1.6.0.0
2024-08-22 08:16:19,734 [WARN] PackLoader:240 - Cannot read IP mode file for STMicroelectronics.X-CUBE-AZRTOS-F4.1.1.0
2024-08-22 08:16:19,748 [WARN] PackLoader:240 - Cannot read IP mode file for wolfSSL.I-CUBE-wolfSSL.5.6.3
2024-08-22 08:16:19,759 [WARN] PackLoader:240 - Cannot read IP mode file for wolfSSL.I-CUBE-wolfSSL.5.6.0
2024-08-22 08:16:19,774 [WARN] PackLoader:240 - Cannot read IP mode file for STMicroelectronics.X-CUBE-FREERTOS.1.2.0
2024-08-22 08:16:19,786 [WARN] PackLoader:240 - Cannot read IP mode file for wolfSSL.I-CUBE-wolfSSL.5.6.6
2024-08-22 08:16:19,804 [WARN] PackLoader:240 - Cannot read IP mode file for STMicroelectronics.X-CUBE-BLEMGR.1.2.0
2024-08-22 08:16:19,847 [WARN] PackLoader:240 - Cannot read IP mode file for STMicroelectronics.X-CUBE-AZRTOS-L5.2.0.0
2024-08-22 08:16:19,898 [WARN] PackLoader:240 - Cannot read IP mode file for STMicroelectronics.X-CUBE-MEMS1.9.6.0
2024-08-22 08:16:20,060 [WARN] PackLoader:240 - Cannot read IP mode file for STMicroelectronics.X-CUBE-EEPRMA1.4.2.0
2024-08-22 08:16:20,080 [WARN] PackLoader:240 - Cannot read IP mode file for STMicroelectronics.X-CUBE-NFC6.3.1.0
2024-08-22 08:16:20,100 [WARN] PackLoader:240 - Cannot read IP mode file for ITTIA_DB.I-CUBE-ITTIADB.8.8.0
2024-08-22 08:16:20,117 [WARN] PackLoader:240 - Cannot read IP mode file for emotas.I-CUBE-CANOPEN.1.1.3
2024-08-22 08:16:20,138 [WARN] PackLoader:240 - Cannot read IP mode file for STMicroelectronics.X-CUBE-BLEMGR.2.0.0
2024-08-22 08:16:20,157 [WARN] PackLoader:240 - Cannot read IP mode file for STMicroelectronics.X-CUBE-DPower.1.2.0
2024-08-22 08:16:20,168 [WARN] PackLoader:240 - Cannot read IP mode file for STMicroelectronics.X-CUBE-NFC4.2.0.5
2024-08-22 08:16:20,183 [WARN] PackLoader:240 - Cannot read IP mode file for STMicroelectronics.X-CUBE-NFC4.2.0.4
2024-08-22 08:16:20,198 [WARN] PackLoader:240 - Cannot read IP mode file for STMicroelectronics.X-CUBE-AI.9.0.0
2024-08-22 08:16:20,240 [WARN] ConditionMgr:438 - getConditionDescription Invalid condition id : UX DEVICE CLASS RTOS Condition cause : null
2024-08-22 08:16:20,241 [WARN] ConditionMgr:438 - getConditionDescription Invalid condition id : UX DEVICE CLASS RTOS Condition cause : null
2024-08-22 08:16:20,243 [WARN] PackLoader:240 - Cannot read IP mode file for STMicroelectronics.X-CUBE-AZRTOS-H7.3.1.0
2024-08-22 08:16:20,245 [WARN] ConditionMgr:1039 - genDependencies : Invalid condition id : UX DEVICE CLASS RTOS Condition cause : null
2024-08-22 08:16:20,245 [WARN] ConditionMgr:1039 - genDependencies : Invalid condition id : UX DEVICE CLASS RTOS Condition cause : null
2024-08-22 08:16:20,246 [WARN] ConditionMgr:1039 - genDependencies : Invalid condition id : UX DEVICE CLASS RTOS Condition cause : null
2024-08-22 08:16:20,247 [WARN] ConditionMgr:1039 - genDependencies : Invalid condition id : UX DEVICE CLASS RTOS Condition cause : null
2024-08-22 08:16:20,247 [WARN] ConditionMgr:1039 - genDependencies : Invalid condition id : UX DEVICE CLASS RTOS Condition cause : null
2024-08-22 08:16:20,263 [WARN] PackLoader:240 - Cannot read IP mode file for STMicroelectronics.X-CUBE-NFC7.1.0.1
2024-08-22 08:16:20,277 [WARN] PackLoader:240 - Cannot read IP mode file for STMicroelectronics.X-CUBE-NFC7.1.0.0
2024-08-22 08:16:20,290 [WARN] PackLoader:240 - Cannot read IP mode file for wolfSSL.I-CUBE-wolfTPM.3.2.0
2024-08-22 08:16:20,303 [WARN] PackLoader:240 - Cannot read IP mode file for STMicroelectronics.X-CUBE-NFC6.3.0.0
2024-08-22 08:16:20,320 [WARN] PackLoader:240 - Cannot read IP mode file for STMicroelectronics.X-CUBE-EEPRMA1.4.1.0
2024-08-22 08:16:20,331 [WARN] PackLoader:240 - Cannot read IP mode file for STMicroelectronics.X-CUBE-AI.8.1.0
2024-08-22 08:16:20,376 [WARN] ConditionMgr:438 - getConditionDescription Invalid condition id : LAN8742 Phy interface Condition cause : null
2024-08-22 08:16:20,377 [WARN] PackLoader:240 - Cannot read IP mode file for STMicroelectronics.X-CUBE-AZRTOS-L4.2.0.0
2024-08-22 08:16:20,378 [WARN] ConditionMgr:1039 - genDependencies : Invalid condition id : LAN8742 Phy interface Condition cause : null
2024-08-22 08:16:20,378 [WARN] ConditionMgr:1039 - genDependencies : Invalid condition id : LAN8742 Phy interface Condition cause : null
2024-08-22 08:16:20,378 [WARN] ConditionMgr:1039 - genDependencies : Invalid condition id : LAN8742 Phy interface Condition cause : null
2024-08-22 08:16:20,395 [WARN] PackLoader:240 - Cannot read IP mode file for STMicroelectronics.X-CUBE-SFXS2LP1.4.0.0
2024-08-22 08:16:20,432 [WARN] PackLoader:240 - Cannot read IP mode file for STMicroelectronics.X-CUBE-AZRTOS-H7.3.0.0
2024-08-22 08:16:20,448 [WARN] PackLoader:240 - Cannot read IP mode file for STMicroelectronics.X-CUBE-ISPU.1.1.0
2024-08-22 08:16:20,483 [WARN] PackLoader:240 - Cannot read IP mode file for STMicroelectronics.X-CUBE-AZRTOS-H7.3.3.0
2024-08-22 08:16:20,502 [WARN] PackLoader:240 - Cannot read IP mode file for RoweBots.I-CUBE-UNISONRTOS.5.5.0-4
2024-08-22 08:16:20,516 [WARN] PackLoader:240 - Cannot read IP mode file for wolfSSL.I-CUBE-wolfSSL.5.4.0
2024-08-22 08:16:20,526 [WARN] PackLoader:240 - Cannot read IP mode file for STMicroelectronics.X-CUBE-AI.8.0.0
2024-08-22 08:16:20,561 [WARN] ConditionMgr:438 - getConditionDescription Invalid condition id : UX DEVICE CLASS RTOS Condition cause : null
2024-08-22 08:16:20,561 [WARN] ConditionMgr:438 - getConditionDescription Invalid condition id : UX DEVICE CLASS RTOS Condition cause : null
2024-08-22 08:16:20,564 [WARN] PackLoader:240 - Cannot read IP mode file for STMicroelectronics.X-CUBE-AZRTOS-WB.2.0.0
2024-08-22 08:16:20,565 [WARN] ConditionMgr:1039 - genDependencies : Invalid condition id : UX DEVICE CLASS RTOS Condition cause : null
2024-08-22 08:16:20,565 [WARN] ConditionMgr:1039 - genDependencies : Invalid condition id : UX DEVICE CLASS RTOS Condition cause : null
2024-08-22 08:16:20,565 [WARN] ConditionMgr:1039 - genDependencies : Invalid condition id : UX DEVICE CLASS RTOS Condition cause : null
2024-08-22 08:16:20,566 [WARN] ConditionMgr:1039 - genDependencies : Invalid condition id : UX DEVICE CLASS RTOS Condition cause : null
2024-08-22 08:16:20,566 [WARN] ConditionMgr:1039 - genDependencies : Invalid condition id : UX DEVICE CLASS RTOS Condition cause : null
2024-08-22 08:16:20,580 [WARN] PackLoader:240 - Cannot read IP mode file for STMicroelectronics.X-CUBE-FREERTOS.1.0.0
2024-08-22 08:16:20,591 [WARN] PackLoader:240 - Cannot read IP mode file for STMicroelectronics.X-CUBE-FREERTOS.1.0.1
2024-08-22 08:16:20,603 [WARN] PackLoader:240 - Cannot read IP mode file for STMicroelectronics.X-CUBE-BLEMGR.1.0.0
2024-08-22 08:16:20,617 [WARN] PackLoader:240 - Cannot read IP mode file for STMicroelectronics.FP-SNS-STBOX1.2.0.0
2024-08-22 08:16:20,676 [WARN] PackLoader:240 - Cannot read IP mode file for STMicroelectronics.X-CUBE-AZRTOS-L5.1.1.0
2024-08-22 08:16:20,690 [WARN] PackLoader:240 - Cannot read IP mode file for STMicroelectronics.X-CUBE-AI.8.0.1
2024-08-22 08:16:20,707 [WARN] PackLoader:240 - Cannot read IP mode file for STMicroelectronics.X-CUBE-SUBG2.5.0.0
2024-08-22 08:16:20,720 [WARN] PackLoader:240 - Cannot read IP mode file for Cesanta.I-CUBE-Mongoose.7.13.0
2024-08-22 08:16:20,738 [WARN] PackLoader:240 - Cannot read IP mode file for STMicroelectronics.X-CUBE-TOF1.3.3.1
2024-08-22 08:16:20,778 [WARN] PackLoader:240 - Cannot read IP mode file for STMicroelectronics.X-CUBE-AZRTOS-G4.2.0.0
2024-08-22 08:16:20,798 [WARN] PackLoader:240 - Cannot read IP mode file for STMicroelectronics.X-CUBE-TOF1.3.3.0
2024-08-22 08:16:20,815 [WARN] PackLoader:240 - Cannot read IP mode file for STMicroelectronics.FP-ATR-ASTRA1.1.1.1
2024-08-22 08:16:20,840 [WARN] PackLoader:240 - Cannot read IP mode file for Infineon.AIROC-Wi-Fi-Bluetooth-STM32.1.5.1
2024-08-22 08:16:20,851 [WARN] PackLoader:240 - Cannot read IP mode file for STMicroelectronics.FP-ATR-ASTRA1.1.1.0
2024-08-22 08:16:20,862 [WARN] PackLoader:240 - Cannot read IP mode file for STMicroelectronics.FP-SNS-MOTENVWB1.1.3.0
2024-08-22 08:16:20,871 [WARN] PackLoader:240 - Cannot read IP mode file for STMicroelectronics.FP-SNS-MOTENVWB1.1.3.1
2024-08-22 08:16:20,901 [WARN] PackLoader:240 - Cannot read IP mode file for STMicroelectronics.X-CUBE-AZRTOS-G4.1.0.0
2024-08-22 08:16:20,934 [WARN] PackLoader:240 - Cannot read IP mode file for STMicroelectronics.X-CUBE-AZRTOS-L4.1.0.0
2024-08-22 08:16:20,949 [WARN] PackLoader:240 - Cannot read IP mode file for STMicroelectronics.X-CUBE-ISPU.2.0.0
2024-08-22 08:16:20,964 [WARN] PackLoader:240 - Cannot read IP mode file for STMicroelectronics.X-CUBE-ALS.1.0.2
2024-08-22 08:16:21,035 [WARN] PackLoader:240 - Cannot read IP mode file for STMicroelectronics.X-CUBE-MEMS1.10.0.0
2024-08-22 08:16:21,172 [WARN] PackLoader:240 - Cannot read IP mode file for STMicroelectronics.X-CUBE-FREERTOS.1.1.0
2024-08-22 08:16:21,185 [WARN] PackLoader:240 - Cannot read IP mode file for STMicroelectronics.X-CUBE-TOUCHGFX.4.24.0
2024-08-22 08:16:21,213 [WARN] PackLoader:240 - Cannot read IP mode file for STMicroelectronics.X-CUBE-AZRTOS-WL.1.0.0
2024-08-22 08:16:21,231 [WARN] PackLoader:240 - Cannot read IP mode file for portGmbH.I-Cube-SoM-uGOAL.1.1.0
2024-08-22 08:16:21,244 [WARN] PackLoader:240 - Cannot read IP mode file for STMicroelectronics.X-CUBE-ALS.1.0.1
2024-08-22 08:16:21,275 [WARN] PackLoader:240 - Cannot read IP mode file for STMicroelectronics.X-CUBE-AZRTOS-WB.1.1.0
2024-08-22 08:16:21,312 [WARN] PackLoader:240 - Cannot read IP mode file for STMicroelectronics.X-CUBE-AZRTOS-L5.1.0.0
2024-08-22 08:16:21,335 [WARN] PackLoader:240 - Cannot read IP mode file for STMicroelectronics.X-CUBE-EEPRMA1.3.1.1
2024-08-22 08:16:21,383 [WARN] PackLoader:240 - Cannot read IP mode file for STMicroelectronics.X-CUBE-AZRTOS-H7RS.1.0.0
2024-08-22 08:16:21,404 [WARN] PackLoader:240 - Cannot read IP mode file for STMicroelectronics.FP-ATR-ASTRA1.2.0.0
2024-08-22 08:16:21,427 [WARN] PackLoader:240 - Cannot read IP mode file for STMicroelectronics.X-CUBE-TOF1.3.4.2
2024-08-22 08:16:21,460 [WARN] PackLoader:240 - Cannot read IP mode file for STMicroelectronics.X-CUBE-TOF1.3.4.0
2024-08-22 08:16:21,491 [WARN] PackLoader:240 - Cannot read IP mode file for STMicroelectronics.X-CUBE-TOF1.3.4.1
2024-08-22 08:16:21,613 [WARN] PackLoader:240 - Cannot read IP mode file for STMicroelectronics.X-CUBE-AZRTOS-H7.3.2.0
2024-08-22 08:16:21,632 [WARN] PackLoader:240 - Cannot read IP mode file for wolfSSL.I-CUBE-wolfSSH.1.4.17
2024-08-22 08:16:21,633 [INFO] ThirdParty:978 - Integrity check success = true
2024-08-22 08:16:21,633 [INFO] IntegrityCheckThread:100 - exiting critical section [integrity check]
2024-08-22 08:16:21,633 [INFO] IntegrityCheckThread:103 - End integrity checks thread
2024-08-22 08:23:50,398 [INFO] McuFinderGlobals:63 - Set McuFinder mode to 2 (CubeIDE integrated)
2024-08-22 08:23:50,425 [INFO] MainUpdater:2873 - connection check result : 10
2024-08-22 08:23:50,731 [INFO] MicroXplorer:468 - Change Database Path : 
2024-08-22 08:23:50,732 [INFO] MicroXplorer:498 - Change Database Version : DB.6.0.111
2024-08-22 08:23:50,741 [WARN] ThirdParty:871 - waiting for thirdparty lock release [close project]
2024-08-22 08:23:50,741 [INFO] ThirdParty:873 - entering critical section [close project]
2024-08-22 08:23:50,747 [INFO] ThirdParty:883 - exiting critical section [close project]
2024-08-22 08:23:50,755 [INFO] PinOutPanel:1561 - setPackage(No Configuration,No Configuration)
2024-08-22 08:23:50,764 [INFO] UtilMem:75 - Begin LoadConfig() Used Memory: 864810944 Bytes (1073741824)
2024-08-22 08:23:50,768 [INFO] MicroXplorer:468 - Change Database Path : 
2024-08-22 08:23:50,768 [INFO] MicroXplorer:498 - Change Database Version : DB.6.0.111
2024-08-22 08:23:50,769 [INFO] OpenFileManager:312 - Change cursor
2024-08-22 08:23:50,866 [INFO] Mcu:2021 - Initializing MCU STM32H743IITx STM32H743IITx STM32H743IIT6
2024-08-22 08:23:58,757 [INFO] Context:663 - Trying to add GPIOservice into a context  which must be forbidden
2024-08-22 08:24:02,425 [INFO] RtosManager:555 - Registered RTOS mode: class=CMSIS, group=RTOS, mode=CMSIS_V1, owner=FREERTOS
2024-08-22 08:24:02,425 [INFO] RtosManager:555 - Registered RTOS mode: class=CMSIS, group=RTOS2, mode=CMSIS_V2, owner=FREERTOS
2024-08-22 08:24:02,425 [INFO] RtosManager:555 - Registered RTOS mode: class=RTOS, group=Core, mode=CMSIS_V1, owner=FREERTOS
2024-08-22 08:24:02,425 [INFO] RtosManager:555 - Registered RTOS mode: class=RTOS, group=Core, mode=CMSIS_V2, owner=FREERTOS
2024-08-22 08:24:02,426 [WARN] ModelIntegratedComponent:184 - Missing modes for component STMicroelectronics:FreeRTOS:0.0.1:STMicroelectronics:RTOS:FreeRTOS:Core:::10.2.0:
2024-08-22 08:24:02,438 [WARN] ModelIntegratedComponent:63 - No mode defined for component null
2024-08-22 08:24:02,438 [WARN] ModelIntegratedComponent:63 - No mode defined for component null
2024-08-22 08:24:02,438 [WARN] ModelIntegratedComponent:63 - No mode defined for component null
2024-08-22 08:24:02,438 [WARN] ModelIntegratedComponent:63 - No mode defined for component null
2024-08-22 08:24:02,439 [WARN] ModelIntegratedComponent:63 - No mode defined for component null
2024-08-22 08:24:02,439 [WARN] ModelIntegratedComponent:63 - No mode defined for component null
2024-08-22 08:24:02,439 [WARN] ModelIntegratedComponent:63 - No mode defined for component null
2024-08-22 08:24:02,439 [WARN] ModelIntegratedComponent:63 - No mode defined for component null
2024-08-22 08:24:02,439 [WARN] ModelIntegratedComponent:63 - No mode defined for component null
2024-08-22 08:24:02,439 [WARN] ModelIntegratedComponent:63 - No mode defined for component null
2024-08-22 08:24:02,439 [WARN] ModelIntegratedComponent:63 - No mode defined for component null
2024-08-22 08:24:02,439 [WARN] ModelIntegratedComponent:63 - No mode defined for component null
2024-08-22 08:24:02,439 [WARN] ModelIntegratedComponent:63 - No mode defined for component null
2024-08-22 08:24:02,439 [WARN] ModelIntegratedComponent:63 - No mode defined for component null
2024-08-22 08:24:02,439 [WARN] ModelIntegratedComponent:63 - No mode defined for component null
2024-08-22 08:24:02,439 [WARN] ModelIntegratedComponent:63 - No mode defined for component null
2024-08-22 08:24:02,440 [WARN] ModelIntegratedComponent:63 - No mode defined for component null
2024-08-22 08:24:02,440 [WARN] ModelIntegratedComponent:63 - No mode defined for component null
2024-08-22 08:24:02,440 [WARN] ModelIntegratedComponent:63 - No mode defined for component null
2024-08-22 08:24:02,440 [WARN] ModelIntegratedComponent:63 - No mode defined for component null
2024-08-22 08:24:02,440 [WARN] ModelIntegratedComponent:63 - No mode defined for component null
2024-08-22 08:24:02,440 [WARN] ModelIntegratedComponent:63 - No mode defined for component null
2024-08-22 08:24:02,440 [WARN] ModelIntegratedComponent:63 - No mode defined for component null
2024-08-22 08:24:02,440 [WARN] ModelIntegratedComponent:63 - No mode defined for component null
2024-08-22 08:24:02,440 [WARN] ModelIntegratedComponent:63 - No mode defined for component null
2024-08-22 08:24:02,440 [WARN] ModelIntegratedComponent:63 - No mode defined for component null
2024-08-22 08:24:02,440 [WARN] ModelIntegratedComponent:63 - No mode defined for component null
2024-08-22 08:24:02,440 [WARN] ModelIntegratedComponent:63 - No mode defined for component null
2024-08-22 08:24:02,440 [WARN] ModelIntegratedComponent:63 - No mode defined for component null
2024-08-22 08:24:02,440 [WARN] ModelIntegratedComponent:63 - No mode defined for component null
2024-08-22 08:24:02,441 [WARN] ModelIntegratedComponent:63 - No mode defined for component null
2024-08-22 08:24:02,441 [WARN] ModelIntegratedComponent:63 - No mode defined for component null
2024-08-22 08:24:02,441 [WARN] ModelIntegratedComponent:63 - No mode defined for component null
2024-08-22 08:24:02,441 [WARN] ModelIntegratedComponent:63 - No mode defined for component null
2024-08-22 08:24:02,979 [INFO] ThirdPartyModel:298 - Start build external matchings
2024-08-22 08:24:06,368 [INFO] ThirdPartyModel:316 - End build external matchings
2024-08-22 08:24:06,464 [INFO] ImportTextPane:194 - (OptionalMessage_ERROR) IP (DMA) : Parameter (Instance) has Id (SPI3_TX) currently not set
2024-08-22 08:24:06,465 [INFO] ImportTextPane:194 - (OptionalMessage_ERROR) IP (DMA) : Parameter (Request) has Id (SPI3_TX) currently not set
2024-08-22 08:24:06,465 [INFO] ImportTextPane:194 - (OptionalMessage_ERROR) IP (DMA) : Parameter (Direction) has Id (SPI3_TX) currently not set
2024-08-22 08:24:06,465 [INFO] ImportTextPane:194 - (OptionalMessage_ERROR) IP (DMA) : Parameter (PeriphInc) has Id (SPI3_TX) currently not set
2024-08-22 08:24:06,465 [INFO] ImportTextPane:194 - (OptionalMessage_ERROR) IP (DMA) : Parameter (MemInc) has Id (SPI3_TX) currently not set
2024-08-22 08:24:06,465 [INFO] ImportTextPane:194 - (OptionalMessage_ERROR) IP (DMA) : Parameter (PeriphDataAlignment) has Id (SPI3_TX) currently not set
2024-08-22 08:24:06,465 [INFO] ImportTextPane:194 - (OptionalMessage_ERROR) IP (DMA) : Parameter (MemDataAlignment) has Id (SPI3_TX) currently not set
2024-08-22 08:24:06,465 [INFO] ImportTextPane:194 - (OptionalMessage_ERROR) IP (DMA) : Parameter (Mode) has Id (SPI3_TX) currently not set
2024-08-22 08:24:06,465 [INFO] ImportTextPane:194 - (OptionalMessage_ERROR) IP (DMA) : Parameter (Priority) has Id (SPI3_TX) currently not set
2024-08-22 08:24:06,465 [INFO] ImportTextPane:194 - (OptionalMessage_ERROR) IP (DMA) : Parameter (FIFOMode) has Id (SPI3_TX) currently not set
2024-08-22 08:24:06,465 [INFO] ImportTextPane:194 - (OptionalMessage_ERROR) IP (DMA) : Parameter (SignalID) has Id (SPI3_TX) currently not set
2024-08-22 08:24:06,465 [INFO] ImportTextPane:194 - (OptionalMessage_ERROR) IP (DMA) : Parameter (Polarity) has Id (SPI3_TX) currently not set
2024-08-22 08:24:06,465 [INFO] ImportTextPane:194 - (OptionalMessage_ERROR) IP (DMA) : Parameter (RequestNumber) has Id (SPI3_TX) currently not set
2024-08-22 08:24:06,466 [INFO] ImportTextPane:194 - (OptionalMessage_ERROR) IP (DMA) : Parameter (SyncSignalID) has Id (SPI3_TX) currently not set
2024-08-22 08:24:06,466 [INFO] ImportTextPane:194 - (OptionalMessage_ERROR) IP (DMA) : Parameter (SyncPolarity) has Id (SPI3_TX) currently not set
2024-08-22 08:24:06,466 [INFO] ImportTextPane:194 - (OptionalMessage_ERROR) IP (DMA) : Parameter (SyncEnable) has Id (SPI3_TX) currently not set
2024-08-22 08:24:06,466 [INFO] ImportTextPane:194 - (OptionalMessage_ERROR) IP (DMA) : Parameter (EventEnable) has Id (SPI3_TX) currently not set
2024-08-22 08:24:06,466 [INFO] ImportTextPane:194 - (OptionalMessage_ERROR) IP (DMA) : Parameter (SyncRequestNumber) has Id (SPI3_TX) currently not set
2024-08-22 08:24:06,466 [INFO] ImportTextPane:194 - (OptionalMessage_ERROR) IP (DMA) : Parameter (Instance) has Id (SPI3_RX) currently not set
2024-08-22 08:24:06,466 [INFO] ImportTextPane:194 - (OptionalMessage_ERROR) IP (DMA) : Parameter (Request) has Id (SPI3_RX) currently not set
2024-08-22 08:24:06,466 [INFO] ImportTextPane:194 - (OptionalMessage_ERROR) IP (DMA) : Parameter (Direction) has Id (SPI3_RX) currently not set
2024-08-22 08:24:06,466 [INFO] ImportTextPane:194 - (OptionalMessage_ERROR) IP (DMA) : Parameter (PeriphInc) has Id (SPI3_RX) currently not set
2024-08-22 08:24:06,466 [INFO] ImportTextPane:194 - (OptionalMessage_ERROR) IP (DMA) : Parameter (MemInc) has Id (SPI3_RX) currently not set
2024-08-22 08:24:06,466 [INFO] ImportTextPane:194 - (OptionalMessage_ERROR) IP (DMA) : Parameter (PeriphDataAlignment) has Id (SPI3_RX) currently not set
2024-08-22 08:24:06,467 [INFO] ImportTextPane:194 - (OptionalMessage_ERROR) IP (DMA) : Parameter (MemDataAlignment) has Id (SPI3_RX) currently not set
2024-08-22 08:24:06,467 [INFO] ImportTextPane:194 - (OptionalMessage_ERROR) IP (DMA) : Parameter (Mode) has Id (SPI3_RX) currently not set
2024-08-22 08:24:06,467 [INFO] ImportTextPane:194 - (OptionalMessage_ERROR) IP (DMA) : Parameter (Priority) has Id (SPI3_RX) currently not set
2024-08-22 08:24:06,467 [INFO] ImportTextPane:194 - (OptionalMessage_ERROR) IP (DMA) : Parameter (FIFOMode) has Id (SPI3_RX) currently not set
2024-08-22 08:24:06,467 [INFO] ImportTextPane:194 - (OptionalMessage_ERROR) IP (DMA) : Parameter (SignalID) has Id (SPI3_RX) currently not set
2024-08-22 08:24:06,467 [INFO] ImportTextPane:194 - (OptionalMessage_ERROR) IP (DMA) : Parameter (Polarity) has Id (SPI3_RX) currently not set
2024-08-22 08:24:06,468 [INFO] ImportTextPane:194 - (OptionalMessage_ERROR) IP (DMA) : Parameter (RequestNumber) has Id (SPI3_RX) currently not set
2024-08-22 08:24:06,468 [INFO] ImportTextPane:194 - (OptionalMessage_ERROR) IP (DMA) : Parameter (SyncSignalID) has Id (SPI3_RX) currently not set
2024-08-22 08:24:06,468 [INFO] ImportTextPane:194 - (OptionalMessage_ERROR) IP (DMA) : Parameter (SyncPolarity) has Id (SPI3_RX) currently not set
2024-08-22 08:24:06,468 [INFO] ImportTextPane:194 - (OptionalMessage_ERROR) IP (DMA) : Parameter (SyncEnable) has Id (SPI3_RX) currently not set
2024-08-22 08:24:06,468 [INFO] ImportTextPane:194 - (OptionalMessage_ERROR) IP (DMA) : Parameter (EventEnable) has Id (SPI3_RX) currently not set
2024-08-22 08:24:06,468 [INFO] ImportTextPane:194 - (OptionalMessage_ERROR) IP (DMA) : Parameter (SyncRequestNumber) has Id (SPI3_RX) currently not set
2024-08-22 08:24:09,634 [INFO] ApiDb:581 - Connected to CubeFinder SQLite database (C:\Users\KDS-LTP-0415\.stmcufinder\plugins\mcufinder\mcu\cube-finder-db.db)
2024-08-22 08:24:09,772 [INFO] ApiDb:668 - CubeFinder database Data Model version=2.1
2024-08-22 08:24:09,772 [INFO] ApiDb:669 - CubeFinder database Configuration version=3.0.39
2024-08-22 08:24:09,774 [INFO] ApiDb:670 - CubeFinder database generation date=2024-06-05 (1717578087)
2024-08-22 08:24:09,775 [INFO] ApiDb:671 - CubeFinder database FW Pack versions=[FP-ATR-ASTRA1_V2.0.0, FP-SNS-FLIGHT1_V5.0.1, FP-SNS-FLIGHT1_V5.0.2, FP-SNS-MOTENV1_V4.3.1, FP-SNS-MOTENV1_V4.3.2, FP-SNS-MOTENV1_V5.0.0, FP-SNS-MOTENVWB1_V1.4.0, FP-SNS-SMARTAG2_V1.2.0, STM32Cube_FW_C0_V1.1.0, STM32Cube_FW_F4_V1.28.0, STM32Cube_FW_F7_V1.17.2, STM32Cube_FW_G0_V1.6.2, STM32Cube_FW_G4_V1.5.2, STM32Cube_FW_H5_V0.5.1, STM32Cube_FW_H5_V1.1.1, STM32Cube_FW_H5_V1.2.0, STM32Cube_FW_H5_V1.2.0RC4, STM32Cube_FW_H7RS_V1.0.0, STM32Cube_FW_H7RS_V1.0.0RC4, STM32Cube_FW_H7_V1.11.2, STM32Cube_FW_L0_V1.12.2, STM32Cube_FW_L5_V1.5.1, STM32Cube_FW_U0_V1.0.0, STM32Cube_FW_U0_V1.0.0RC1, STM32Cube_FW_U5_V1.3.0RC4, STM32Cube_FW_U5_V1.5.0, STM32Cube_FW_U5_V1.5.0RC1, STM32Cube_FW_WBA_V1.0.0RC1, STM32Cube_FW_WBA_V1.2.0, STM32Cube_FW_WBA_V1.2.0RC2, STM32Cube_FW_WBA_V1.3.0RC1, STM32Cube_FW_WBA_V1.3.1, STM32Cube_FW_WB_V1.15.0RC1, STM32Cube_FW_WB_V1.16.0, STM32Cube_FW_WB_V1.16.0RC2, STM32Cube_FW_WB_V1.18.0, STM32Cube_FW_WB_V1.19.0, STM32Cube_FW_WL_V1.3.0, X-CUBE-ALGOBUILD_V1.4.0, X-CUBE-ALS_V1.0.1, X-CUBE-ALS_V1.0.2, X-CUBE-AZRTOS-F4_V1.1.0, X-CUBE-AZRTOS-F7_V1.1.0, X-CUBE-AZRTOS-G0_V1.1.0, X-CUBE-AZRTOS-G4_V2.0.0, X-CUBE-AZRTOS-H7RS_V1.0.0, X-CUBE-AZRTOS-H7_V3.2.0, X-CUBE-AZRTOS-L4_V1.0.0, X-CUBE-AZRTOS-L4_V2.0.0, X-CUBE-AZRTOS-L5_V1.1.0, X-CUBE-AZRTOS-WB_V2.0.0, X-CUBE-AZRTOS-WL_V2.0.0, X-CUBE-BLE1_V7.0.0, X-CUBE-BLE2_V3.3.0, X-CUBE-BLEMGR_V3.1.0, X-CUBE-EEPRMA1_V4.1.0, X-CUBE-EEPRMA1_V5.1.0, X-CUBE-FREERTOS_V1.2.0, X-CUBE-GNSS1_V6.0.0, X-CUBE-MEMS1_V10.0.0, X-CUBE-MEMS1_V9.1.0, X-CUBE-MEMS1_V9.4.0, X-CUBE-MEMS1_V9.6.0, X-CUBE-NFC4_V3.0.0, X-CUBE-NFC7_V1.0.1, X-CUBE-SFXS2LP1_V4.0.0, X-CUBE-SUBG2_V5.0.0, X-CUBE-TOF1_V3.4.1]
2024-08-22 08:24:09,978 [INFO] DbBoardsSqlite:226 - include board P-NUCLEO-WB55-NUCLEO as a kit item of type 'Nucleo-64'
2024-08-22 08:24:09,979 [INFO] DbBoardsSqlite:226 - include board P-NUCLEO-WB55-USBDONGLE as a kit item of type 'Nucleo USB Dongle'
2024-08-22 08:24:09,980 [INFO] DbBoardsSqlite:226 - include board STEVAL-IDP005V1 as a kit item of type 'Evaluation Board'
2024-08-22 08:24:09,981 [INFO] DbBoardsSqlite:226 - include board STEVAL-IDP005V2 as a kit item of type 'Evaluation Board'
2024-08-22 08:24:10,497 [INFO] ApiDb:240 - Found 483 in-development CPN: [B-G473E-ZEST1S, B-WB1M-WPAN1, B-WL5M-SUBG1, NUCLEO-C031C6, NUCLEO-H503RB, NUCLEO-H533RE, NUCLEO-H563ZI, NUCLEO-H7S3L8, NUCLEO-U031R8, NUCLEO-U083RC, NUCLEO-U545RE-Q, NUCLEO-U5A5ZJ-Q, NUCLEO-WBA52CG, NUCLEO-WBA55CG, STEVAL-PROTEUS1, STEVAL-SMARTAG2, STEVAL-STWINBX1, STM320518-EVAL, STM32C0116-DK, STM32C011D6Y3TR, STM32C011D6Y6TR, STM32C011F4P3, STM32C011F4P6, STM32C011F4U3, STM32C011F4U6TR, STM32C011F6P3, STM32C011F6P6, STM32C011F6U3, STM32C011F6U6TR, STM32C011J4M3, STM32C011J4M6, STM32C011J6M3, STM32C011J6M6, STM32C0316-DK, STM32C031C4T3, STM32C031C4T6, STM32C031C4U3, STM32C031C4U6, STM32C031C6T3, STM32C031C6T6, STM32C031C6U3, STM32C031C6U6, STM32C031F4P3, STM32C031F4P6, STM32C031F6P3, STM32C031F6P6, STM32C031G4U3, STM32C031G4U6, STM32C031G6U3, STM32C031G6U6, STM32C031K4T3, STM32C031K4T6, STM32C031K4U3, STM32C031K4U6, STM32C031K6T3, STM32C031K6T6, STM32C031K6U3, STM32C031K6U6, STM32G071K8TXN, STM32G071K8UXN, STM32G081GBU6N, STM32G081KBT6N, STM32G081KBUXN, STM32G0B1CCT6N, STM32G0B1KCT6, STM32G0B1NEY6TR, STM32G0B1RCT6N, STM32G0C1CCT6, STM32G0C1CCT6N, STM32G0C1CCU6N, STM32G0C1CET6N, STM32G0C1CEU6N, STM32G0C1KCT6, STM32G0C1NEY6TR, STM32G0C1RCI6N, STM32G0C1RCT6N, STM32G0C1REI6N, STM32G0C1RET6N, STM32G0C1VCI6, STM32G0C1VEI6, STM32G471CCT6, STM32G471CCU6, STM32G471CET3, STM32G471CET6, STM32G471CEU3, STM32G471CEU6, STM32G471MCT6, STM32G471MET3, STM32G471MET6, STM32G471MEY6TR, STM32G471QCT6, STM32G471QET3, STM32G471RCT6, STM32G471RET3, STM32G471RET6, STM32G471VCH6, STM32G471VCI6, STM32G471VCT6, STM32G471VEH3, STM32G471VEH6, STM32G471VEI3, STM32G471VEI6, STM32G471VET3, STM32G471VET6, STM32G474CCT6, STM32H503CBT6, STM32H503CBU6, STM32H503EBY6TR, STM32H503KBU6, STM32H503RBT6, STM32H523CCT6, STM32H523CCU6, STM32H523CET6, STM32H523CEU6, STM32H523HEY6TR, STM32H523RCT6, STM32H523RET6, STM32H523VCI6, STM32H523VCT6, STM32H523VEI6, STM32H523VET6, STM32H523ZCJ6, STM32H523ZCT6, STM32H523ZEJ6, STM32H523ZET6, STM32H533CET6, STM32H533CEU6, STM32H533HEY6TR, STM32H533RET6, STM32H533VEI6, STM32H533VET6, STM32H533ZEJ6, STM32H533ZET6, STM32H562AGI6, STM32H562AII6, STM32H562IGK6, STM32H562IGT6, STM32H562IIK6, STM32H562IIT6, STM32H562RGT6, STM32H562RGV6, STM32H562RIT6, STM32H562RIV6, STM32H562VGT6, STM32H562VIT6, STM32H562ZGT6, STM32H562ZIT6, STM32H563AGI6, STM32H563AII3Q, STM32H563AII6, STM32H563IGK6, STM32H563IGT6, STM32H563IIK3Q, STM32H563IIK6, STM32H563IIT3Q, STM32H563IIT6, STM32H563MIY3QTR, STM32H563RGT6, STM32H563RGV6, STM32H563RIT6, STM32H563RIV6, STM32H563VGT6, STM32H563VIT3Q, STM32H563VIT6, STM32H563ZGT6, STM32H563ZIT3Q, STM32H563ZIT6, STM32H573AII3Q, STM32H573AII6, STM32H573I-DK, STM32H573IIK3Q, STM32H573IIK6, STM32H573IIT3Q, STM32H573IIT6, STM32H573MIY3QTR, STM32H573RIT6, STM32H573RIV6, STM32H573VIT3Q, STM32H573VIT6, STM32H573ZIT3Q, STM32H573ZIT6, STM32H7R3A8I6, STM32H7R3I8K6, STM32H7R3I8T6, STM32H7R3L8H6, STM32H7R3L8H6H, STM32H7R3R8V6, STM32H7R3V8H6, STM32H7R3V8T6, STM32H7R3V8Y6, STM32H7R3Z8J6, STM32H7R3Z8T6, STM32H7R7A8I6, STM32H7R7I8K6, STM32H7R7I8T6, STM32H7R7L8H6, STM32H7R7L8H6H, STM32H7R7Z8J6, STM32H7S3A8I6, STM32H7S3I8K6, STM32H7S3I8T6, STM32H7S3L8H6, STM32H7S3L8H6H, STM32H7S3R8V6, STM32H7S3V8H6, STM32H7S3V8T6, STM32H7S3V8Y6, STM32H7S3Z8J6, STM32H7S3Z8T6, STM32H7S78-DK, STM32H7S7A8I6, STM32H7S7I8K6, STM32H7S7I8T6, STM32H7S7L8H6, STM32H7S7L8H6H, STM32H7S7Z8J6, STM32L4R5QGI6STR, STM32MP131AAE3, STM32MP131AAF3, STM32MP131AAG3, STM32MP131CAE3, STM32MP131CAF3, STM32MP131CAG3, STM32MP131DAE7, STM32MP131DAF7, STM32MP131DAG7, STM32MP131FAE7, STM32MP131FAF7, STM32MP131FAG7, STM32MP133AAE3, STM32MP133AAF3, STM32MP133AAG3, STM32MP133CAE3, STM32MP133CAF3, STM32MP133CAG3, STM32MP133DAE7, STM32MP133DAF7, STM32MP133DAG7, STM32MP133FAE7, STM32MP133FAF7, STM32MP133FAG7, STM32MP135AAE3, STM32MP135AAF3, STM32MP135AAG3, STM32MP135CAE3, STM32MP135CAF3, STM32MP135CAG3, STM32MP135DAE7, STM32MP135DAF7, STM32MP135DAG7, STM32MP135F-DK, STM32MP135FAE7, STM32MP135FAF7, STM32MP135FAF7T, STM32MP135FAF7U, STM32MP135FAG7, STM32U031C6T6, STM32U031C6U6, STM32U031C8T6, STM32U031C8U6, STM32U031F4P6, STM32U031F6P6, STM32U031F8P6, STM32U031G6Y6TR, STM32U031G8Y6TR, STM32U031K4U6, STM32U031K6U6, STM32U031K8U6, STM32U031R6I6, STM32U031R6T6, STM32U031R8I6, STM32U031R8T6, STM32U073C8T6, STM32U073C8U6, STM32U073CBT6, STM32U073CBU6, STM32U073CCT6, STM32U073CCU6, STM32U073H8Y6TR, STM32U073HBY6TR, STM32U073HCY6TR, STM32U073K8U6, STM32U073KBU6, STM32U073KCU6, STM32U073M8I6, STM32U073M8T6, STM32U073MBI6, STM32U073MBT6, STM32U073MCI6, STM32U073MCT6, STM32U073R8I6, STM32U073R8T6, STM32U073RBI6, STM32U073RBT6, STM32U073RCI6, STM32U073RCT6, STM32U083C-DK, STM32U083CCT6, STM32U083CCU6, STM32U083HCY6TR, STM32U083KCU6, STM32U083MCI6, STM32U083MCT6, STM32U083RCI6, STM32U083RCT6, STM32U535CBT6, STM32U535CBT6Q, STM32U535CBU6, STM32U535CBU6Q, STM32U535CCT6, STM32U535CCT6Q, STM32U535CCU6, STM32U535CCU6Q, STM32U535CET6, STM32U535CET6Q, STM32U535CEU6, STM32U535CEU6Q, STM32U535JEY6QTR, STM32U535NCY6QTR, STM32U535NEY6QTR, STM32U535RBI6, STM32U535RBI6Q, STM32U535RBT6, STM32U535RBT6Q, STM32U535RCI6, STM32U535RCI6Q, STM32U535RCT6, STM32U535RCT6Q, STM32U535REI6, STM32U535REI6Q, STM32U535RET6, STM32U535RET6Q, STM32U535VCI6, STM32U535VCI6Q, STM32U535VCT6, STM32U535VCT6Q, STM32U535VEI6, STM32U535VEI6Q, STM32U535VET6, STM32U535VET6Q, STM32U545CET6, STM32U545CET6Q, STM32U545CEU6, STM32U545CEU6Q, STM32U545JEY6QTR, STM32U545NEY6QTR, STM32U545REI6, STM32U545REI6Q, STM32U545RET6, STM32U545RET6Q, STM32U545VEI6, STM32U545VEI6Q, STM32U545VET6, STM32U545VET6Q, STM32U595AIH6, STM32U595AIH6Q, STM32U595AJH6, STM32U595AJH6Q, STM32U595QII6, STM32U595QII6Q, STM32U595QJI6, STM32U595QJI6Q, STM32U595RIT6, STM32U595RIT6Q, STM32U595RJT6, STM32U595RJT6Q, STM32U595VIT6, STM32U595VIT6Q, STM32U595VJT6, STM32U595VJT6Q, STM32U595ZIT6, STM32U595ZIT6Q, STM32U595ZIY6QTR, STM32U595ZJT6, STM32U595ZJT6Q, STM32U595ZJY6QTR, STM32U599BJY6QTR, STM32U599NIH6Q, STM32U599NJH6Q, STM32U599VIT6Q, STM32U599VJT6, STM32U599VJT6Q, STM32U599ZIT6Q, STM32U599ZIY6QTR, STM32U599ZJT6Q, STM32U599ZJY6QTR, STM32U5A5AJH6, STM32U5A5AJH6Q, STM32U5A5QII3Q , STM32U5A5QJI6, STM32U5A5QJI6Q, STM32U5A5RJT6, STM32U5A5RJT6Q, STM32U5A5VJT6, STM32U5A5VJT6Q, STM32U5A5ZJT6, STM32U5A5ZJT6Q, STM32U5A5ZJY6QTR, STM32U5A9BJY6QTR, STM32U5A9J-DK, STM32U5A9NJH6Q, STM32U5A9VJT6Q, STM32U5A9ZJT6Q, STM32U5A9ZJY6QTR, STM32U5F7VIT6, STM32U5F7VIT6Q, STM32U5F7VJT6, STM32U5F7VJT6Q, STM32U5F9BJY6QTR, STM32U5F9NJH6Q, STM32U5F9VIT6Q, STM32U5F9VJT6Q, STM32U5F9ZIJ6QTR, STM32U5F9ZIT6Q, STM32U5F9ZJJ6QTR, STM32U5F9ZJT6Q, STM32U5G7VJT6, STM32U5G7VJT6Q, STM32U5G9BJY6QTR, STM32U5G9J-DK1, STM32U5G9J-DK2, STM32U5G9NJH6Q, STM32U5G9VJT6Q, STM32U5G9ZJJ6QTR, STM32U5G9ZJT6Q, STM32WB1MMCH6, STM32WBA50KEU6, STM32WBA50KEU6TR, STM32WBA50KGU6, STM32WBA50KGU6TR, STM32WBA52CEU6, STM32WBA52CEU6TR, STM32WBA52CEU7, STM32WBA52CEU7TR, STM32WBA52CGU6, STM32WBA52CGU6TR, STM32WBA52CGU6U, STM32WBA52CGU7, STM32WBA52CGU7TR, STM32WBA52KEU6, STM32WBA52KEU6TR, STM32WBA52KGU6, STM32WBA52KGU6TR, STM32WBA54CEU6, STM32WBA54CEU6TR, STM32WBA54CEU7, STM32WBA54CEU7TR, STM32WBA54CGU6, STM32WBA54CGU6TR, STM32WBA54CGU7, STM32WBA54CGU7TR, STM32WBA54KEU6, STM32WBA54KEU6TR, STM32WBA54KEU7, STM32WBA54KEU7TR, STM32WBA54KGU6, STM32WBA54KGU6TR, STM32WBA54KGU7, STM32WBA54KGU7TR, STM32WBA55CEU6, STM32WBA55CEU6TR, STM32WBA55CEU7, STM32WBA55CEU7TR, STM32WBA55CGU6, STM32WBA55CGU6TR, STM32WBA55CGU6U, STM32WBA55CGU7, STM32WBA55CGU7TR, STM32WBA55G-DK1, STM32WBA55HEF6, STM32WBA55HEF7, STM32WBA55HGF6, STM32WBA55HGF7, STM32WBA55UEI6, STM32WBA55UEI6TR, STM32WBA55UEI7, STM32WBA55UEI7TR, STM32WBA55UGI6, STM32WBA55UGI6TR, STM32WBA55UGI7, STM32WBA55UGI7TR, STM32WL5MOCH6, STM32WL5MOCH6TR]
2024-08-22 08:24:10,719 [INFO] BoardInfo:889 - No configuration file found for board P-NUCLEO-WB55
2024-08-22 08:24:10,720 [INFO] DbBoards:161 - Kit is not supported: P-NUCLEO-WB55
2024-08-22 08:24:10,727 [INFO] BoardInfo:889 - No configuration file found for board STEVAL-BFA001V1B
2024-08-22 08:24:10,727 [INFO] DbBoards:161 - Kit is not supported: STEVAL-BFA001V1B
2024-08-22 08:24:10,728 [INFO] BoardInfo:889 - No configuration file found for board STEVAL-BFA001V2B
2024-08-22 08:24:10,729 [INFO] DbBoards:161 - Kit is not supported: STEVAL-BFA001V2B
2024-08-22 08:24:10,963 [INFO] DbBoards:168 - Found 199 boards, 196 are supported
2024-08-22 08:24:10,963 [INFO] DbBoards:169 - Found 199 boards, 8 of them is supported for  Bsp
2024-08-22 08:24:10,969 [INFO] ApiDb:668 - CubeFinder database Data Model version=2.1
2024-08-22 08:24:10,969 [INFO] ApiDb:669 - CubeFinder database Configuration version=3.0.39
2024-08-22 08:24:10,969 [INFO] ApiDb:670 - CubeFinder database generation date=2024-06-05 (1717578087)
2024-08-22 08:24:10,970 [INFO] ApiDb:671 - CubeFinder database FW Pack versions=[FP-ATR-ASTRA1_V2.0.0, FP-SNS-FLIGHT1_V5.0.1, FP-SNS-FLIGHT1_V5.0.2, FP-SNS-MOTENV1_V4.3.1, FP-SNS-MOTENV1_V4.3.2, FP-SNS-MOTENV1_V5.0.0, FP-SNS-MOTENVWB1_V1.4.0, FP-SNS-SMARTAG2_V1.2.0, STM32Cube_FW_C0_V1.1.0, STM32Cube_FW_F4_V1.28.0, STM32Cube_FW_F7_V1.17.2, STM32Cube_FW_G0_V1.6.2, STM32Cube_FW_G4_V1.5.2, STM32Cube_FW_H5_V0.5.1, STM32Cube_FW_H5_V1.1.1, STM32Cube_FW_H5_V1.2.0, STM32Cube_FW_H5_V1.2.0RC4, STM32Cube_FW_H7RS_V1.0.0, STM32Cube_FW_H7RS_V1.0.0RC4, STM32Cube_FW_H7_V1.11.2, STM32Cube_FW_L0_V1.12.2, STM32Cube_FW_L5_V1.5.1, STM32Cube_FW_U0_V1.0.0, STM32Cube_FW_U0_V1.0.0RC1, STM32Cube_FW_U5_V1.3.0RC4, STM32Cube_FW_U5_V1.5.0, STM32Cube_FW_U5_V1.5.0RC1, STM32Cube_FW_WBA_V1.0.0RC1, STM32Cube_FW_WBA_V1.2.0, STM32Cube_FW_WBA_V1.2.0RC2, STM32Cube_FW_WBA_V1.3.0RC1, STM32Cube_FW_WBA_V1.3.1, STM32Cube_FW_WB_V1.15.0RC1, STM32Cube_FW_WB_V1.16.0, STM32Cube_FW_WB_V1.16.0RC2, STM32Cube_FW_WB_V1.18.0, STM32Cube_FW_WB_V1.19.0, STM32Cube_FW_WL_V1.3.0, X-CUBE-ALGOBUILD_V1.4.0, X-CUBE-ALS_V1.0.1, X-CUBE-ALS_V1.0.2, X-CUBE-AZRTOS-F4_V1.1.0, X-CUBE-AZRTOS-F7_V1.1.0, X-CUBE-AZRTOS-G0_V1.1.0, X-CUBE-AZRTOS-G4_V2.0.0, X-CUBE-AZRTOS-H7RS_V1.0.0, X-CUBE-AZRTOS-H7_V3.2.0, X-CUBE-AZRTOS-L4_V1.0.0, X-CUBE-AZRTOS-L4_V2.0.0, X-CUBE-AZRTOS-L5_V1.1.0, X-CUBE-AZRTOS-WB_V2.0.0, X-CUBE-AZRTOS-WL_V2.0.0, X-CUBE-BLE1_V7.0.0, X-CUBE-BLE2_V3.3.0, X-CUBE-BLEMGR_V3.1.0, X-CUBE-EEPRMA1_V4.1.0, X-CUBE-EEPRMA1_V5.1.0, X-CUBE-FREERTOS_V1.2.0, X-CUBE-GNSS1_V6.0.0, X-CUBE-MEMS1_V10.0.0, X-CUBE-MEMS1_V9.1.0, X-CUBE-MEMS1_V9.4.0, X-CUBE-MEMS1_V9.6.0, X-CUBE-NFC4_V3.0.0, X-CUBE-NFC7_V1.0.1, X-CUBE-SFXS2LP1_V4.0.0, X-CUBE-SUBG2_V5.0.0, X-CUBE-TOF1_V3.4.1]
2024-08-22 08:24:14,000 [INFO] ApiDb:240 - Found 483 in-development CPN: [B-G473E-ZEST1S, B-WB1M-WPAN1, B-WL5M-SUBG1, NUCLEO-C031C6, NUCLEO-H503RB, NUCLEO-H533RE, NUCLEO-H563ZI, NUCLEO-H7S3L8, NUCLEO-U031R8, NUCLEO-U083RC, NUCLEO-U545RE-Q, NUCLEO-U5A5ZJ-Q, NUCLEO-WBA52CG, NUCLEO-WBA55CG, STEVAL-PROTEUS1, STEVAL-SMARTAG2, STEVAL-STWINBX1, STM320518-EVAL, STM32C0116-DK, STM32C011D6Y3TR, STM32C011D6Y6TR, STM32C011F4P3, STM32C011F4P6, STM32C011F4U3, STM32C011F4U6TR, STM32C011F6P3, STM32C011F6P6, STM32C011F6U3, STM32C011F6U6TR, STM32C011J4M3, STM32C011J4M6, STM32C011J6M3, STM32C011J6M6, STM32C0316-DK, STM32C031C4T3, STM32C031C4T6, STM32C031C4U3, STM32C031C4U6, STM32C031C6T3, STM32C031C6T6, STM32C031C6U3, STM32C031C6U6, STM32C031F4P3, STM32C031F4P6, STM32C031F6P3, STM32C031F6P6, STM32C031G4U3, STM32C031G4U6, STM32C031G6U3, STM32C031G6U6, STM32C031K4T3, STM32C031K4T6, STM32C031K4U3, STM32C031K4U6, STM32C031K6T3, STM32C031K6T6, STM32C031K6U3, STM32C031K6U6, STM32G071K8TXN, STM32G071K8UXN, STM32G081GBU6N, STM32G081KBT6N, STM32G081KBUXN, STM32G0B1CCT6N, STM32G0B1KCT6, STM32G0B1NEY6TR, STM32G0B1RCT6N, STM32G0C1CCT6, STM32G0C1CCT6N, STM32G0C1CCU6N, STM32G0C1CET6N, STM32G0C1CEU6N, STM32G0C1KCT6, STM32G0C1NEY6TR, STM32G0C1RCI6N, STM32G0C1RCT6N, STM32G0C1REI6N, STM32G0C1RET6N, STM32G0C1VCI6, STM32G0C1VEI6, STM32G471CCT6, STM32G471CCU6, STM32G471CET3, STM32G471CET6, STM32G471CEU3, STM32G471CEU6, STM32G471MCT6, STM32G471MET3, STM32G471MET6, STM32G471MEY6TR, STM32G471QCT6, STM32G471QET3, STM32G471RCT6, STM32G471RET3, STM32G471RET6, STM32G471VCH6, STM32G471VCI6, STM32G471VCT6, STM32G471VEH3, STM32G471VEH6, STM32G471VEI3, STM32G471VEI6, STM32G471VET3, STM32G471VET6, STM32G474CCT6, STM32H503CBT6, STM32H503CBU6, STM32H503EBY6TR, STM32H503KBU6, STM32H503RBT6, STM32H523CCT6, STM32H523CCU6, STM32H523CET6, STM32H523CEU6, STM32H523HEY6TR, STM32H523RCT6, STM32H523RET6, STM32H523VCI6, STM32H523VCT6, STM32H523VEI6, STM32H523VET6, STM32H523ZCJ6, STM32H523ZCT6, STM32H523ZEJ6, STM32H523ZET6, STM32H533CET6, STM32H533CEU6, STM32H533HEY6TR, STM32H533RET6, STM32H533VEI6, STM32H533VET6, STM32H533ZEJ6, STM32H533ZET6, STM32H562AGI6, STM32H562AII6, STM32H562IGK6, STM32H562IGT6, STM32H562IIK6, STM32H562IIT6, STM32H562RGT6, STM32H562RGV6, STM32H562RIT6, STM32H562RIV6, STM32H562VGT6, STM32H562VIT6, STM32H562ZGT6, STM32H562ZIT6, STM32H563AGI6, STM32H563AII3Q, STM32H563AII6, STM32H563IGK6, STM32H563IGT6, STM32H563IIK3Q, STM32H563IIK6, STM32H563IIT3Q, STM32H563IIT6, STM32H563MIY3QTR, STM32H563RGT6, STM32H563RGV6, STM32H563RIT6, STM32H563RIV6, STM32H563VGT6, STM32H563VIT3Q, STM32H563VIT6, STM32H563ZGT6, STM32H563ZIT3Q, STM32H563ZIT6, STM32H573AII3Q, STM32H573AII6, STM32H573I-DK, STM32H573IIK3Q, STM32H573IIK6, STM32H573IIT3Q, STM32H573IIT6, STM32H573MIY3QTR, STM32H573RIT6, STM32H573RIV6, STM32H573VIT3Q, STM32H573VIT6, STM32H573ZIT3Q, STM32H573ZIT6, STM32H7R3A8I6, STM32H7R3I8K6, STM32H7R3I8T6, STM32H7R3L8H6, STM32H7R3L8H6H, STM32H7R3R8V6, STM32H7R3V8H6, STM32H7R3V8T6, STM32H7R3V8Y6, STM32H7R3Z8J6, STM32H7R3Z8T6, STM32H7R7A8I6, STM32H7R7I8K6, STM32H7R7I8T6, STM32H7R7L8H6, STM32H7R7L8H6H, STM32H7R7Z8J6, STM32H7S3A8I6, STM32H7S3I8K6, STM32H7S3I8T6, STM32H7S3L8H6, STM32H7S3L8H6H, STM32H7S3R8V6, STM32H7S3V8H6, STM32H7S3V8T6, STM32H7S3V8Y6, STM32H7S3Z8J6, STM32H7S3Z8T6, STM32H7S78-DK, STM32H7S7A8I6, STM32H7S7I8K6, STM32H7S7I8T6, STM32H7S7L8H6, STM32H7S7L8H6H, STM32H7S7Z8J6, STM32L4R5QGI6STR, STM32MP131AAE3, STM32MP131AAF3, STM32MP131AAG3, STM32MP131CAE3, STM32MP131CAF3, STM32MP131CAG3, STM32MP131DAE7, STM32MP131DAF7, STM32MP131DAG7, STM32MP131FAE7, STM32MP131FAF7, STM32MP131FAG7, STM32MP133AAE3, STM32MP133AAF3, STM32MP133AAG3, STM32MP133CAE3, STM32MP133CAF3, STM32MP133CAG3, STM32MP133DAE7, STM32MP133DAF7, STM32MP133DAG7, STM32MP133FAE7, STM32MP133FAF7, STM32MP133FAG7, STM32MP135AAE3, STM32MP135AAF3, STM32MP135AAG3, STM32MP135CAE3, STM32MP135CAF3, STM32MP135CAG3, STM32MP135DAE7, STM32MP135DAF7, STM32MP135DAG7, STM32MP135F-DK, STM32MP135FAE7, STM32MP135FAF7, STM32MP135FAF7T, STM32MP135FAF7U, STM32MP135FAG7, STM32U031C6T6, STM32U031C6U6, STM32U031C8T6, STM32U031C8U6, STM32U031F4P6, STM32U031F6P6, STM32U031F8P6, STM32U031G6Y6TR, STM32U031G8Y6TR, STM32U031K4U6, STM32U031K6U6, STM32U031K8U6, STM32U031R6I6, STM32U031R6T6, STM32U031R8I6, STM32U031R8T6, STM32U073C8T6, STM32U073C8U6, STM32U073CBT6, STM32U073CBU6, STM32U073CCT6, STM32U073CCU6, STM32U073H8Y6TR, STM32U073HBY6TR, STM32U073HCY6TR, STM32U073K8U6, STM32U073KBU6, STM32U073KCU6, STM32U073M8I6, STM32U073M8T6, STM32U073MBI6, STM32U073MBT6, STM32U073MCI6, STM32U073MCT6, STM32U073R8I6, STM32U073R8T6, STM32U073RBI6, STM32U073RBT6, STM32U073RCI6, STM32U073RCT6, STM32U083C-DK, STM32U083CCT6, STM32U083CCU6, STM32U083HCY6TR, STM32U083KCU6, STM32U083MCI6, STM32U083MCT6, STM32U083RCI6, STM32U083RCT6, STM32U535CBT6, STM32U535CBT6Q, STM32U535CBU6, STM32U535CBU6Q, STM32U535CCT6, STM32U535CCT6Q, STM32U535CCU6, STM32U535CCU6Q, STM32U535CET6, STM32U535CET6Q, STM32U535CEU6, STM32U535CEU6Q, STM32U535JEY6QTR, STM32U535NCY6QTR, STM32U535NEY6QTR, STM32U535RBI6, STM32U535RBI6Q, STM32U535RBT6, STM32U535RBT6Q, STM32U535RCI6, STM32U535RCI6Q, STM32U535RCT6, STM32U535RCT6Q, STM32U535REI6, STM32U535REI6Q, STM32U535RET6, STM32U535RET6Q, STM32U535VCI6, STM32U535VCI6Q, STM32U535VCT6, STM32U535VCT6Q, STM32U535VEI6, STM32U535VEI6Q, STM32U535VET6, STM32U535VET6Q, STM32U545CET6, STM32U545CET6Q, STM32U545CEU6, STM32U545CEU6Q, STM32U545JEY6QTR, STM32U545NEY6QTR, STM32U545REI6, STM32U545REI6Q, STM32U545RET6, STM32U545RET6Q, STM32U545VEI6, STM32U545VEI6Q, STM32U545VET6, STM32U545VET6Q, STM32U595AIH6, STM32U595AIH6Q, STM32U595AJH6, STM32U595AJH6Q, STM32U595QII6, STM32U595QII6Q, STM32U595QJI6, STM32U595QJI6Q, STM32U595RIT6, STM32U595RIT6Q, STM32U595RJT6, STM32U595RJT6Q, STM32U595VIT6, STM32U595VIT6Q, STM32U595VJT6, STM32U595VJT6Q, STM32U595ZIT6, STM32U595ZIT6Q, STM32U595ZIY6QTR, STM32U595ZJT6, STM32U595ZJT6Q, STM32U595ZJY6QTR, STM32U599BJY6QTR, STM32U599NIH6Q, STM32U599NJH6Q, STM32U599VIT6Q, STM32U599VJT6, STM32U599VJT6Q, STM32U599ZIT6Q, STM32U599ZIY6QTR, STM32U599ZJT6Q, STM32U599ZJY6QTR, STM32U5A5AJH6, STM32U5A5AJH6Q, STM32U5A5QII3Q , STM32U5A5QJI6, STM32U5A5QJI6Q, STM32U5A5RJT6, STM32U5A5RJT6Q, STM32U5A5VJT6, STM32U5A5VJT6Q, STM32U5A5ZJT6, STM32U5A5ZJT6Q, STM32U5A5ZJY6QTR, STM32U5A9BJY6QTR, STM32U5A9J-DK, STM32U5A9NJH6Q, STM32U5A9VJT6Q, STM32U5A9ZJT6Q, STM32U5A9ZJY6QTR, STM32U5F7VIT6, STM32U5F7VIT6Q, STM32U5F7VJT6, STM32U5F7VJT6Q, STM32U5F9BJY6QTR, STM32U5F9NJH6Q, STM32U5F9VIT6Q, STM32U5F9VJT6Q, STM32U5F9ZIJ6QTR, STM32U5F9ZIT6Q, STM32U5F9ZJJ6QTR, STM32U5F9ZJT6Q, STM32U5G7VJT6, STM32U5G7VJT6Q, STM32U5G9BJY6QTR, STM32U5G9J-DK1, STM32U5G9J-DK2, STM32U5G9NJH6Q, STM32U5G9VJT6Q, STM32U5G9ZJJ6QTR, STM32U5G9ZJT6Q, STM32WB1MMCH6, STM32WBA50KEU6, STM32WBA50KEU6TR, STM32WBA50KGU6, STM32WBA50KGU6TR, STM32WBA52CEU6, STM32WBA52CEU6TR, STM32WBA52CEU7, STM32WBA52CEU7TR, STM32WBA52CGU6, STM32WBA52CGU6TR, STM32WBA52CGU6U, STM32WBA52CGU7, STM32WBA52CGU7TR, STM32WBA52KEU6, STM32WBA52KEU6TR, STM32WBA52KGU6, STM32WBA52KGU6TR, STM32WBA54CEU6, STM32WBA54CEU6TR, STM32WBA54CEU7, STM32WBA54CEU7TR, STM32WBA54CGU6, STM32WBA54CGU6TR, STM32WBA54CGU7, STM32WBA54CGU7TR, STM32WBA54KEU6, STM32WBA54KEU6TR, STM32WBA54KEU7, STM32WBA54KEU7TR, STM32WBA54KGU6, STM32WBA54KGU6TR, STM32WBA54KGU7, STM32WBA54KGU7TR, STM32WBA55CEU6, STM32WBA55CEU6TR, STM32WBA55CEU7, STM32WBA55CEU7TR, STM32WBA55CGU6, STM32WBA55CGU6TR, STM32WBA55CGU6U, STM32WBA55CGU7, STM32WBA55CGU7TR, STM32WBA55G-DK1, STM32WBA55HEF6, STM32WBA55HEF7, STM32WBA55HGF6, STM32WBA55HGF7, STM32WBA55UEI6, STM32WBA55UEI6TR, STM32WBA55UEI7, STM32WBA55UEI7TR, STM32WBA55UGI6, STM32WBA55UGI6TR, STM32WBA55UGI7, STM32WBA55UGI7TR, STM32WL5MOCH6, STM32WL5MOCH6TR]
2024-08-22 08:24:14,007 [INFO] DbMcus:218 - Found 4096 MCUs, 4096 are supported
2024-08-22 08:24:14,009 [INFO] ApiDb:423 - Load user favorites file C:\Users\KDS-LTP-0415/.stm32cubeide/favorites.mcus.txt: 0 item(s)
2024-08-22 08:24:14,010 [INFO] ApiDb:427 - User favorites MCUs=[]
2024-08-22 08:24:14,010 [INFO] DbMcus:224 - Set 0 / 0 favorites MCUs
2024-08-22 08:24:14,399 [INFO] ApiDb:423 - Load user favorites file C:\Users\KDS-LTP-0415/.stm32cubeide/favorites.boards.txt: 1 item(s)
2024-08-22 08:24:14,399 [INFO] ApiDb:427 - User favorites Boards=[STM32L476G-EVAL]
2024-08-22 08:24:14,399 [INFO] DbBoards:198 - Set 1 / 1 favorites Boards
2024-08-22 08:24:14,449 [INFO] UtilMem:75 - End LoadConfig() Used Memory: 916835856 Bytes (1073741824)
2024-08-22 08:24:14,716 [WARN] ThirdParty:833 - waiting for thirdparty lock release [change project]
2024-08-22 08:24:14,717 [INFO] ThirdParty:835 - entering critical section [change project]
2024-08-22 08:24:14,717 [INFO] ThirdParty:1030 - CMSIS Pack Vendor :STMicroelectronics USBPD 4.1
2024-08-22 08:24:14,717 [INFO] ThirdParty:1030 - CMSIS Pack Vendor :STMicroelectronics X-CUBE-GNSS1 6.0.0
2024-08-22 08:24:14,717 [INFO] ThirdParty:1030 - CMSIS Pack Vendor :STMicroelectronics USB_HOST 2.0.0
2024-08-22 08:24:14,717 [INFO] ThirdParty:1030 - CMSIS Pack Vendor :STMicroelectronics FP-SNS-MOTENVWB1 1.4.0
2024-08-22 08:24:14,717 [INFO] ThirdParty:1030 - CMSIS Pack Vendor :STMicroelectronics X-CUBE-AZRTOS-F4 1.1.0
2024-08-22 08:24:14,717 [INFO] ThirdParty:1030 - CMSIS Pack Vendor :STMicroelectronics LIBJPEG 8.0.0
2024-08-22 08:24:14,717 [INFO] ThirdParty:1030 - CMSIS Pack Vendor :wolfSSL I-CUBE-wolfSSL 5.6.3
2024-08-22 08:24:14,717 [INFO] ThirdParty:1030 - CMSIS Pack Vendor :STMicroelectronics X-CUBE-SMBUS 2.1.0
2024-08-22 08:24:14,717 [INFO] ThirdParty:1030 - CMSIS Pack Vendor :wolfSSL I-CUBE-wolfSSL 5.6.0
2024-08-22 08:24:14,717 [INFO] ThirdParty:1030 - CMSIS Pack Vendor :STMicroelectronics X-CUBE-FREERTOS 1.2.0
2024-08-22 08:24:14,717 [INFO] ThirdParty:1030 - CMSIS Pack Vendor :wolfSSL I-CUBE-wolfSSL 5.6.6
2024-08-22 08:24:14,717 [INFO] ThirdParty:1030 - CMSIS Pack Vendor :STMicroelectronics X-CUBE-TOUCHGFX 4.23.0
2024-08-22 08:24:14,717 [INFO] ThirdParty:1030 - CMSIS Pack Vendor :STMicroelectronics X-CUBE-BLEMGR 1.2.0
2024-08-22 08:24:14,717 [INFO] ThirdParty:1030 - CMSIS Pack Vendor :STMicroelectronics X-CUBE-TOUCHGFX 4.23.2
2024-08-22 08:24:14,717 [INFO] ThirdParty:1030 - CMSIS Pack Vendor :STMicroelectronics X-CUBE-AZRTOS-F7 1.1.0
2024-08-22 08:24:14,717 [INFO] ThirdParty:1030 - CMSIS Pack Vendor :STMicroelectronics X-CUBE-AZRTOS-L5 2.0.0
2024-08-22 08:24:14,717 [INFO] ThirdParty:1030 - CMSIS Pack Vendor :STMicroelectronics USB_DEVICE 2.0.0
2024-08-22 08:24:14,717 [INFO] ThirdParty:1030 - CMSIS Pack Vendor :STMicroelectronics X-CUBE-MEMS1 9.6.0
2024-08-22 08:24:14,717 [INFO] ThirdParty:1030 - CMSIS Pack Vendor :STMicroelectronics X-CUBE-EEPRMA1 4.2.0
2024-08-22 08:24:14,717 [INFO] ThirdParty:1030 - CMSIS Pack Vendor :STMicroelectronics X-CUBE-NFC6 3.1.0
2024-08-22 08:24:14,717 [INFO] ThirdParty:1030 - CMSIS Pack Vendor :ITTIA_DB I-CUBE-ITTIADB 8.8.0
2024-08-22 08:24:14,717 [INFO] ThirdParty:1030 - CMSIS Pack Vendor :STMicroelectronics FP-SNS-MOTENV1 4.3.0
2024-08-22 08:24:14,718 [INFO] ThirdParty:1030 - CMSIS Pack Vendor :STMicroelectronics FP-SNS-MOTENV1 4.3.2
2024-08-22 08:24:14,718 [INFO] ThirdParty:1030 - CMSIS Pack Vendor :STMicroelectronics FP-SNS-FLIGHT1 5.0.0
2024-08-22 08:24:14,718 [INFO] ThirdParty:1030 - CMSIS Pack Vendor :STMicroelectronics FP-SNS-MOTENV1 4.3.1
2024-08-22 08:24:14,718 [INFO] ThirdParty:1030 - CMSIS Pack Vendor :STMicroelectronics FP-SNS-FLIGHT1 5.0.1
2024-08-22 08:24:14,718 [INFO] ThirdParty:1030 - CMSIS Pack Vendor :STMicroelectronics X-CUBE-BLE1 6.2.3
2024-08-22 08:24:14,718 [INFO] ThirdParty:1030 - CMSIS Pack Vendor :STMicroelectronics X-CUBE-MEMS1 11.0.0
2024-08-22 08:24:14,718 [INFO] ThirdParty:1030 - CMSIS Pack Vendor :STMicroelectronics X-CUBE-BLE1 6.2.4
2024-08-22 08:24:14,718 [INFO] ThirdParty:1030 - CMSIS Pack Vendor :STMicroelectronics FreeRTOS 0.0.1
2024-08-22 08:24:14,718 [INFO] ThirdParty:1030 - CMSIS Pack Vendor :emotas I-CUBE-CANOPEN 1.1.3
2024-08-22 08:24:14,718 [INFO] ThirdParty:1030 - CMSIS Pack Vendor :STMicroelectronics X-CUBE-BLEMGR 2.0.0
2024-08-22 08:24:14,718 [INFO] ThirdParty:1030 - CMSIS Pack Vendor :STMicroelectronics X-CUBE-DPower 1.2.0
2024-08-22 08:24:14,718 [INFO] ThirdParty:1030 - CMSIS Pack Vendor :STMicroelectronics FP-SNS-FLIGHT1 5.0.2
2024-08-22 08:24:14,718 [INFO] ThirdParty:1030 - CMSIS Pack Vendor :STMicroelectronics X-CUBE-NFC4 2.0.5
2024-08-22 08:24:14,718 [INFO] ThirdParty:1030 - CMSIS Pack Vendor :STMicroelectronics X-CUBE-NFC4 2.0.4
2024-08-22 08:24:14,718 [INFO] ThirdParty:1030 - CMSIS Pack Vendor :STMicroelectronics X-CUBE-AI 9.0.0
2024-08-22 08:24:14,718 [INFO] ThirdParty:1030 - CMSIS Pack Vendor :STMicroelectronics X-CUBE-AZRTOS-H7 3.1.0
2024-08-22 08:24:14,718 [INFO] ThirdParty:1030 - CMSIS Pack Vendor :STMicroelectronics PDM2PCM 3.3.0
2024-08-22 08:24:14,718 [INFO] ThirdParty:1030 - CMSIS Pack Vendor :STMicroelectronics X-CUBE-TOF1 3.1.0
2024-08-22 08:24:14,718 [INFO] ThirdParty:1030 - CMSIS Pack Vendor :STMicroelectronics X-CUBE-DISPLAY 3.0.0
2024-08-22 08:24:14,718 [INFO] ThirdParty:1030 - CMSIS Pack Vendor :STMicroelectronics X-CUBE-BLE1 7.0.0
2024-08-22 08:24:14,718 [INFO] ThirdParty:1030 - CMSIS Pack Vendor :STMicroelectronics HAL Drivers 0.0.0
2024-08-22 08:24:14,718 [INFO] ThirdParty:1030 - CMSIS Pack Vendor :emotas I-CUBE-CANOPEN 1.3.0
2024-08-22 08:24:14,718 [INFO] ThirdParty:1030 - CMSIS Pack Vendor :STMicroelectronics X-CUBE-TOUCHGFX 4.22.0
2024-08-22 08:24:14,718 [INFO] ThirdParty:1030 - CMSIS Pack Vendor :STMicroelectronics X-CUBE-NFC7 1.0.1
2024-08-22 08:24:14,718 [INFO] ThirdParty:1030 - CMSIS Pack Vendor :STMicroelectronics MBEDTLS 2.14.1
2024-08-22 08:24:14,718 [INFO] ThirdParty:1030 - CMSIS Pack Vendor :STMicroelectronics X-CUBE-NFC7 1.0.0
2024-08-22 08:24:14,718 [INFO] ThirdParty:1030 - CMSIS Pack Vendor :STMicroelectronics X-CUBE-TOUCHGFX 4.22.1
2024-08-22 08:24:14,718 [INFO] ThirdParty:1030 - CMSIS Pack Vendor :wolfSSL I-CUBE-wolfTPM 3.2.0
2024-08-22 08:24:14,718 [INFO] ThirdParty:1030 - CMSIS Pack Vendor :STMicroelectronics X-CUBE-NFC6 3.0.0
2024-08-22 08:24:14,718 [INFO] ThirdParty:1030 - CMSIS Pack Vendor :STMicroelectronics X-CUBE-MEMS1 9.3.0
2024-08-22 08:24:14,718 [INFO] ThirdParty:1030 - CMSIS Pack Vendor :STMicroelectronics X-CUBE-EEPRMA1 4.1.0
2024-08-22 08:24:14,718 [INFO] ThirdParty:1030 - CMSIS Pack Vendor :STMicroelectronics X-CUBE-AI 7.2.0
2024-08-22 08:24:14,719 [INFO] ThirdParty:1030 - CMSIS Pack Vendor :STMicroelectronics X-CUBE-BLEMGR 3.1.0
2024-08-22 08:24:14,719 [INFO] ThirdParty:1030 - CMSIS Pack Vendor :STMicroelectronics FP-SNS-SMARTAG2 1.2.0
2024-08-22 08:24:14,719 [INFO] ThirdParty:1030 - CMSIS Pack Vendor :STMicroelectronics X-CUBE-AZRTOS-WL 2.0.0
2024-08-22 08:24:14,719 [INFO] ThirdParty:1030 - CMSIS Pack Vendor :STMicroelectronics FP-SNS-MOTENV1 5.0.0
2024-08-22 08:24:14,719 [INFO] ThirdParty:1030 - CMSIS Pack Vendor :STMicroelectronics USB_DEVICE 1.0.0
2024-08-22 08:24:14,719 [INFO] ThirdParty:1030 - CMSIS Pack Vendor :STMicroelectronics X-CUBE-AI 8.1.0
2024-08-22 08:24:14,719 [INFO] ThirdParty:1030 - CMSIS Pack Vendor :wolfSSL I-CUBE-wolfMQTT 1.19.0
2024-08-22 08:24:14,719 [INFO] ThirdParty:1030 - CMSIS Pack Vendor :STMicroelectronics X-CUBE-AZRTOS-L4 2.0.0
2024-08-22 08:24:14,719 [INFO] ThirdParty:1030 - CMSIS Pack Vendor :STMicroelectronics ThreadX 0.0.2
2024-08-22 08:24:14,719 [INFO] ThirdParty:1030 - CMSIS Pack Vendor :WES I-CUBE-Cesium 1.3.0
2024-08-22 08:24:14,719 [INFO] ThirdParty:1030 - CMSIS Pack Vendor :STMicroelectronics lwIP 2.1.2
2024-08-22 08:24:14,719 [INFO] ThirdParty:1030 - CMSIS Pack Vendor :STMicroelectronics X-CUBE-SFXS2LP1 4.0.0
2024-08-22 08:24:14,719 [INFO] ThirdParty:1030 - CMSIS Pack Vendor :STMicroelectronics X-CUBE-BLE2 3.3.0
2024-08-22 08:24:14,719 [INFO] ThirdParty:1030 - CMSIS Pack Vendor :STMicroelectronics X-CUBE-DISPLAY 2.2.0
2024-08-22 08:24:14,719 [INFO] ThirdParty:1030 - CMSIS Pack Vendor :STMicroelectronics X-CUBE-TOF1 3.2.0
2024-08-22 08:24:14,719 [INFO] ThirdParty:1030 - CMSIS Pack Vendor :STMicroelectronics PDM2PCM 3.2.0
2024-08-22 08:24:14,719 [INFO] ThirdParty:1030 - CMSIS Pack Vendor :STMicroelectronics X-CUBE-AZRTOS-H7 3.0.0
2024-08-22 08:24:14,719 [INFO] ThirdParty:1030 - CMSIS Pack Vendor :STMicroelectronics X-CUBE-ISPU 1.0.0
2024-08-22 08:24:14,719 [INFO] ThirdParty:1030 - CMSIS Pack Vendor :STMicroelectronics X-CUBE-ISPU 1.1.0
2024-08-22 08:24:14,719 [INFO] ThirdParty:1030 - CMSIS Pack Vendor :STMicroelectronics X-CUBE-AZRTOS-H7 3.3.0
2024-08-22 08:24:14,719 [INFO] ThirdParty:1030 - CMSIS Pack Vendor :RoweBots I-CUBE-UNISONRTOS 5.5.0-4
2024-08-22 08:24:14,719 [INFO] ThirdParty:1030 - CMSIS Pack Vendor :STMicroelectronics X-CUBE-AZRTOS-H7 2.1.0
2024-08-22 08:24:14,719 [INFO] ThirdParty:1030 - CMSIS Pack Vendor :wolfSSL I-CUBE-wolfSSL 5.4.0
2024-08-22 08:24:14,719 [INFO] ThirdParty:1030 - CMSIS Pack Vendor :STMicroelectronics USB_DEVICE 3.0.0
2024-08-22 08:24:14,719 [INFO] ThirdParty:1030 - CMSIS Pack Vendor :STMicroelectronics X-CUBE-TCPP 4.1.0
2024-08-22 08:24:14,719 [INFO] ThirdParty:1030 - CMSIS Pack Vendor :STMicroelectronics X-CUBE-AI 8.0.0
2024-08-22 08:24:14,719 [INFO] ThirdParty:1030 - CMSIS Pack Vendor :STMicroelectronics X-CUBE-AZRTOS-WB 2.0.0
2024-08-22 08:24:14,719 [INFO] ThirdParty:1030 - CMSIS Pack Vendor :STMicroelectronics X-CUBE-FREERTOS 1.0.0
2024-08-22 08:24:14,719 [INFO] ThirdParty:1030 - CMSIS Pack Vendor :STMicroelectronics X-CUBE-FREERTOS 1.0.1
2024-08-22 08:24:14,719 [INFO] ThirdParty:1030 - CMSIS Pack Vendor :STMicroelectronics X-CUBE-TOUCHGFX 4.21.1
2024-08-22 08:24:14,719 [INFO] ThirdParty:1030 - CMSIS Pack Vendor :STMicroelectronics X-CUBE-TOUCHGFX 4.21.3
2024-08-22 08:24:14,719 [INFO] ThirdParty:1030 - CMSIS Pack Vendor :STMicroelectronics X-CUBE-BLEMGR 1.0.0
2024-08-22 08:24:14,720 [INFO] ThirdParty:1030 - CMSIS Pack Vendor :STMicroelectronics X-CUBE-TOUCHGFX 4.21.4
2024-08-22 08:24:14,720 [INFO] ThirdParty:1030 - CMSIS Pack Vendor :STMicroelectronics X-CUBE-MEMS1 9.4.0
2024-08-22 08:24:14,720 [INFO] ThirdParty:1030 - CMSIS Pack Vendor :STMicroelectronics X-CUBE-AI 7.3.0
2024-08-22 08:24:14,720 [INFO] ThirdParty:1030 - CMSIS Pack Vendor :STMicroelectronics FP-SNS-STBOX1 2.0.0
2024-08-22 08:24:14,720 [INFO] ThirdParty:1030 - CMSIS Pack Vendor :STMicroelectronics X-CUBE-ALGOBUILD 1.3.0
2024-08-22 08:24:14,720 [INFO] ThirdParty:1030 - CMSIS Pack Vendor :STMicroelectronics X-CUBE-AZRTOS-L5 1.1.0
2024-08-22 08:24:14,720 [INFO] ThirdParty:1030 - CMSIS Pack Vendor :STMicroelectronics X-CUBE-AZRTOS-G0 1.1.0
2024-08-22 08:24:14,720 [INFO] ThirdParty:1030 - CMSIS Pack Vendor :STMicroelectronics X-CUBE-AI 8.0.1
2024-08-22 08:24:14,720 [INFO] ThirdParty:1030 - CMSIS Pack Vendor :STMicroelectronics X-CUBE-SAFEA1 1.2.2
2024-08-22 08:24:14,720 [INFO] ThirdParty:1030 - CMSIS Pack Vendor :STMicroelectronics X-CUBE-NFC4 3.0.0
2024-08-22 08:24:14,720 [INFO] ThirdParty:1030 - CMSIS Pack Vendor :SEGGER I-CUBE-embOS 1.2.0
2024-08-22 08:24:14,720 [INFO] ThirdParty:1030 - CMSIS Pack Vendor :STMicroelectronics X-CUBE-SUBG2 5.0.0
2024-08-22 08:24:14,721 [INFO] ThirdParty:1030 - CMSIS Pack Vendor :STMicroelectronics STM32_WPAN 1.0.0
2024-08-22 08:24:14,721 [INFO] ThirdParty:1030 - CMSIS Pack Vendor :EmbeddedOffice I-CUBE-FS-RTOS 1.0.1
2024-08-22 08:24:14,721 [INFO] ThirdParty:1030 - CMSIS Pack Vendor :STMicroelectronics lwIP 2.0.3
2024-08-22 08:24:14,721 [INFO] ThirdParty:1030 - CMSIS Pack Vendor :Cesanta I-CUBE-Mongoose 7.13.0
2024-08-22 08:24:14,721 [INFO] ThirdParty:1030 - CMSIS Pack Vendor :STMicroelectronics USB_HOST 1.0.0
2024-08-22 08:24:14,721 [INFO] ThirdParty:1030 - CMSIS Pack Vendor :STMicroelectronics X-CUBE-TOF1 3.3.1
2024-08-22 08:24:14,721 [INFO] ThirdParty:1030 - CMSIS Pack Vendor :STMicroelectronics X-CUBE-AZRTOS-G4 2.0.0
2024-08-22 08:24:14,721 [INFO] ThirdParty:1030 - CMSIS Pack Vendor :STMicroelectronics PDM2PCM 3.1.0
2024-08-22 08:24:14,721 [INFO] ThirdParty:1030 - CMSIS Pack Vendor :STMicroelectronics X-CUBE-TOF1 3.3.0
2024-08-22 08:24:14,721 [INFO] ThirdParty:1030 - CMSIS Pack Vendor :STMicroelectronics FP-ATR-ASTRA1 1.1.1
2024-08-22 08:24:14,721 [INFO] ThirdParty:1030 - CMSIS Pack Vendor :Infineon AIROC-Wi-Fi-Bluetooth-STM32 1.5.1
2024-08-22 08:24:14,721 [INFO] ThirdParty:1030 - CMSIS Pack Vendor :STMicroelectronics X-CUBE-BLEMGR 3.0.0
2024-08-22 08:24:14,721 [INFO] ThirdParty:1030 - CMSIS Pack Vendor :STMicroelectronics FP-ATR-ASTRA1 1.1.0
2024-08-22 08:24:14,721 [INFO] ThirdParty:1030 - CMSIS Pack Vendor :STMicroelectronics X-CUBE-BLEMGR 1.3.0
2024-08-22 08:24:14,721 [INFO] ThirdParty:1030 - CMSIS Pack Vendor :STMicroelectronics FP-SNS-MOTENVWB1 1.3.0
2024-08-22 08:24:14,721 [INFO] ThirdParty:1030 - CMSIS Pack Vendor :RealThread X-CUBE-RT-Thread_Nano 4.1.1
2024-08-22 08:24:14,722 [INFO] ThirdParty:1030 - CMSIS Pack Vendor :STMicroelectronics FP-SNS-MOTENVWB1 1.3.1
2024-08-22 08:24:14,722 [INFO] ThirdParty:1030 - CMSIS Pack Vendor :STMicroelectronics FP-ATR-SIGFOX1 3.2.0
2024-08-22 08:24:14,722 [INFO] ThirdParty:1030 - CMSIS Pack Vendor :STMicroelectronics X-CUBE-AZRTOS-G4 1.0.0
2024-08-22 08:24:14,722 [INFO] ThirdParty:1030 - CMSIS Pack Vendor :STMicroelectronics X-CUBE-AZRTOS-L4 1.0.0
2024-08-22 08:24:14,722 [INFO] ThirdParty:1030 - CMSIS Pack Vendor :STMicroelectronics X-CUBE-ISPU 2.0.0
2024-08-22 08:24:14,722 [INFO] ThirdParty:1030 - CMSIS Pack Vendor :STMicroelectronics X-CUBE-EEPRMA1 5.1.0
2024-08-22 08:24:14,722 [INFO] ThirdParty:1030 - CMSIS Pack Vendor :STMicroelectronics MBEDTLS 2.16.2
2024-08-22 08:24:14,722 [INFO] ThirdParty:1030 - CMSIS Pack Vendor :STMicroelectronics X-CUBE-ALS 1.0.2
2024-08-22 08:24:14,722 [INFO] ThirdParty:1030 - CMSIS Pack Vendor :emotas I-CUBE-CANOPEN 1.1.2
2024-08-22 08:24:14,722 [INFO] ThirdParty:1030 - CMSIS Pack Vendor :STMicroelectronics X-CUBE-TOUCHGFX 4.20.0
2024-08-22 08:24:14,722 [INFO] ThirdParty:1030 - CMSIS Pack Vendor :STMicroelectronics X-CUBE-MEMS1 10.0.0
2024-08-22 08:24:14,722 [INFO] ThirdParty:1030 - CMSIS Pack Vendor :STMicroelectronics X-CUBE-FREERTOS 1.1.0
2024-08-22 08:24:14,722 [INFO] ThirdParty:1030 - CMSIS Pack Vendor :STMicroelectronics X-CUBE-TOUCHGFX 4.24.0
2024-08-22 08:24:14,722 [INFO] ThirdParty:1030 - CMSIS Pack Vendor :STMicroelectronics X-CUBE-AZRTOS-WL 1.0.0
2024-08-22 08:24:14,722 [INFO] ThirdParty:1030 - CMSIS Pack Vendor :portGmbH I-Cube-SoM-uGOAL 1.1.0
2024-08-22 08:24:14,722 [INFO] ThirdParty:1030 - CMSIS Pack Vendor :STMicroelectronics X-CUBE-ALS 1.0.1
2024-08-22 08:24:14,722 [INFO] ThirdParty:1030 - CMSIS Pack Vendor :STMicroelectronics X-CUBE-MEMS1 9.5.0
2024-08-22 08:24:14,722 [INFO] ThirdParty:1030 - CMSIS Pack Vendor :STMicroelectronics ThreadX 1.0.0
2024-08-22 08:24:14,722 [INFO] ThirdParty:1030 - CMSIS Pack Vendor :STMicroelectronics X-CUBE-AZRTOS-WB 1.1.0
2024-08-22 08:24:14,722 [INFO] ThirdParty:1030 - CMSIS Pack Vendor :SEGGER I-CUBE-embOS 1.3.1
2024-08-22 08:24:14,722 [INFO] ThirdParty:1030 - CMSIS Pack Vendor :STMicroelectronics X-CUBE-ALGOBUILD 1.4.0
2024-08-22 08:24:14,723 [INFO] ThirdParty:1030 - CMSIS Pack Vendor :STMicroelectronics X-CUBE-AZRTOS-L5 1.0.0
2024-08-22 08:24:14,723 [INFO] ThirdParty:1030 - CMSIS Pack Vendor :STMicroelectronics X-CUBE-EEPRMA1 3.1.1
2024-08-22 08:24:14,723 [INFO] ThirdParty:1030 - CMSIS Pack Vendor :STMicroelectronics X-CUBE-AZRTOS-H7RS 1.0.0
2024-08-22 08:24:14,723 [INFO] ThirdParty:1030 - CMSIS Pack Vendor :STMicroelectronics FP-ATR-ASTRA1 2.0.0
2024-08-22 08:24:14,723 [INFO] ThirdParty:1030 - CMSIS Pack Vendor :STMicroelectronics X-CUBE-TOF1 3.4.2
2024-08-22 08:24:14,723 [INFO] ThirdParty:1030 - CMSIS Pack Vendor :STMicroelectronics X-CUBE-TOF1 3.4.0
2024-08-22 08:24:14,723 [INFO] ThirdParty:1030 - CMSIS Pack Vendor :STMicroelectronics X-CUBE-TOF1 3.4.1
2024-08-22 08:24:14,723 [INFO] ThirdParty:1030 - CMSIS Pack Vendor :STMicroelectronics X-CUBE-AZRTOS-H7 3.2.0
2024-08-22 08:24:14,723 [INFO] ThirdParty:1030 - CMSIS Pack Vendor :wolfSSL I-CUBE-wolfSSH 1.4.17
2024-08-22 08:24:14,723 [INFO] ThirdParty:841 - exiting critical section [change project]
2024-08-22 08:24:16,183 [INFO] PinOutPanel:1561 - setPackage(No Configuration,No Configuration)
2024-08-22 08:24:16,189 [INFO] PinOutPanel:1561 - setPackage(STM32H743IITx,LQFP176)
2024-08-22 08:24:17,747 [INFO] UtilMem:75 - Before build in PCC Used Memory: 817082784 Bytes (1073741824)
2024-08-22 08:24:19,510 [INFO] UtilMem:75 - After build in PCC Used Memory: 920760976 Bytes (1073741824)
2024-08-22 08:24:19,687 [INFO] ApiDbMcu:508 - Load IP Config File for FATFS
2024-08-22 08:24:19,829 [INFO] IPUIPlugin:80 - create IPUIPlugin
2024-08-22 08:24:19,829 [INFO] IPUIPlugin:80 - create IPUIPlugin
2024-08-22 08:24:19,829 [INFO] IPUIPlugin:80 - create IPUIPlugin
2024-08-22 08:24:19,830 [INFO] IPUIPlugin:80 - create IPUIPlugin
2024-08-22 08:24:19,830 [INFO] IPUIPlugin:80 - create IPUIPlugin
2024-08-22 08:24:19,830 [INFO] IPUIPlugin:80 - create IPUIPlugin
2024-08-22 08:24:19,831 [INFO] IPUIPlugin:80 - create IPUIPlugin
2024-08-22 08:24:19,831 [INFO] IPUIPlugin:80 - create IPUIPlugin
2024-08-22 08:24:19,831 [INFO] IPUIPlugin:80 - create IPUIPlugin
2024-08-22 08:24:19,831 [INFO] IPUIPlugin:80 - create IPUIPlugin
2024-08-22 08:24:19,832 [INFO] IPUIPlugin:80 - create IPUIPlugin
2024-08-22 08:24:19,832 [INFO] IPUIPlugin:80 - create IPUIPlugin
2024-08-22 08:24:19,832 [INFO] IPUIPlugin:80 - create IPUIPlugin
2024-08-22 08:24:19,834 [INFO] IPUIPlugin:80 - create IPUIPlugin
2024-08-22 08:24:19,834 [INFO] IPUIPlugin:80 - create IPUIPlugin
2024-08-22 08:24:19,834 [INFO] IPUIPlugin:80 - create IPUIPlugin
2024-08-22 08:24:19,834 [INFO] IPUIPlugin:80 - create IPUIPlugin
2024-08-22 08:24:19,834 [INFO] IPUIPlugin:80 - create IPUIPlugin
2024-08-22 08:24:19,834 [INFO] IPUIPlugin:80 - create IPUIPlugin
2024-08-22 08:24:19,835 [INFO] IPUIPlugin:80 - create IPUIPlugin
2024-08-22 08:24:19,835 [INFO] IPUIPlugin:80 - create IPUIPlugin
2024-08-22 08:24:19,836 [INFO] IPUIPlugin:80 - create IPUIPlugin
2024-08-22 08:24:19,836 [INFO] IPUIPlugin:80 - create IPUIPlugin
2024-08-22 08:24:19,836 [INFO] IPUIPlugin:80 - create IPUIPlugin
2024-08-22 08:24:19,837 [INFO] IPUIPlugin:80 - create IPUIPlugin
2024-08-22 08:24:19,837 [INFO] IPUIPlugin:80 - create IPUIPlugin
2024-08-22 08:24:19,837 [INFO] IPUIPlugin:80 - create IPUIPlugin
2024-08-22 08:24:19,838 [INFO] IPUIPlugin:80 - create IPUIPlugin
2024-08-22 08:24:19,838 [INFO] IPUIPlugin:80 - create IPUIPlugin
2024-08-22 08:24:19,839 [INFO] IPUIPlugin:80 - create IPUIPlugin
2024-08-22 08:24:19,839 [INFO] IPUIPlugin:80 - create IPUIPlugin
2024-08-22 08:24:19,840 [INFO] IPUIPlugin:80 - create IPUIPlugin
2024-08-22 08:24:19,840 [INFO] IPUIPlugin:80 - create IPUIPlugin
2024-08-22 08:24:19,841 [INFO] IPUIPlugin:80 - create IPUIPlugin
2024-08-22 08:24:19,842 [INFO] IPUIPlugin:80 - create IPUIPlugin
2024-08-22 08:24:19,842 [INFO] IPUIPlugin:80 - create IPUIPlugin
2024-08-22 08:24:19,843 [INFO] IPUIPlugin:80 - create IPUIPlugin
2024-08-22 08:24:19,844 [INFO] IPUIPlugin:80 - create IPUIPlugin
2024-08-22 08:24:19,845 [INFO] IPUIPlugin:80 - create IPUIPlugin
2024-08-22 08:24:19,845 [INFO] IPUIPlugin:80 - create IPUIPlugin
2024-08-22 08:24:19,846 [INFO] IPUIPlugin:80 - create IPUIPlugin
2024-08-22 08:24:19,847 [INFO] IPUIPlugin:80 - create IPUIPlugin
2024-08-22 08:24:19,847 [INFO] IPUIPlugin:80 - create IPUIPlugin
2024-08-22 08:24:19,848 [INFO] IPUIPlugin:80 - create IPUIPlugin
2024-08-22 08:24:19,849 [INFO] IPUIPlugin:80 - create IPUIPlugin
2024-08-22 08:24:19,849 [INFO] IPUIPlugin:80 - create IPUIPlugin
2024-08-22 08:24:19,850 [INFO] IPUIPlugin:80 - create IPUIPlugin
2024-08-22 08:24:19,851 [INFO] IPUIPlugin:80 - create IPUIPlugin
2024-08-22 08:24:19,851 [INFO] IPUIPlugin:80 - create IPUIPlugin
2024-08-22 08:24:19,852 [INFO] IPUIPlugin:80 - create IPUIPlugin
2024-08-22 08:24:19,853 [INFO] IPUIPlugin:80 - create IPUIPlugin
2024-08-22 08:24:19,853 [INFO] IPUIPlugin:80 - create IPUIPlugin
2024-08-22 08:24:19,854 [INFO] IPUIPlugin:80 - create IPUIPlugin
2024-08-22 08:24:19,855 [INFO] IPUIPlugin:80 - create IPUIPlugin
2024-08-22 08:24:19,856 [INFO] IPUIPlugin:80 - create IPUIPlugin
2024-08-22 08:24:19,856 [INFO] IPUIPlugin:80 - create IPUIPlugin
2024-08-22 08:24:19,857 [INFO] IPUIPlugin:80 - create IPUIPlugin
2024-08-22 08:24:19,858 [INFO] IPUIPlugin:80 - create IPUIPlugin
2024-08-22 08:24:19,859 [INFO] IPUIPlugin:80 - create IPUIPlugin
2024-08-22 08:24:19,859 [INFO] IPUIPlugin:80 - create IPUIPlugin
2024-08-22 08:24:19,860 [INFO] IPUIPlugin:80 - create IPUIPlugin
2024-08-22 08:24:19,861 [INFO] IPUIPlugin:80 - create IPUIPlugin
2024-08-22 08:24:19,862 [INFO] IPUIPlugin:80 - create IPUIPlugin
2024-08-22 08:24:19,862 [INFO] IPUIPlugin:80 - create IPUIPlugin
2024-08-22 08:24:19,863 [INFO] IPUIPlugin:80 - create IPUIPlugin
2024-08-22 08:24:19,864 [INFO] IPUIPlugin:80 - create IPUIPlugin
2024-08-22 08:24:19,864 [INFO] IPUIPlugin:80 - create IPUIPlugin
2024-08-22 08:24:19,865 [INFO] IPUIPlugin:80 - create IPUIPlugin
2024-08-22 08:24:19,866 [INFO] IPUIPlugin:80 - create IPUIPlugin
2024-08-22 08:24:19,867 [INFO] IPUIPlugin:80 - create IPUIPlugin
2024-08-22 08:24:19,868 [INFO] IPUIPlugin:80 - create IPUIPlugin
2024-08-22 08:24:19,869 [INFO] IPUIPlugin:80 - create IPUIPlugin
2024-08-22 08:24:19,869 [INFO] IPUIPlugin:80 - create IPUIPlugin
2024-08-22 08:24:19,870 [INFO] IPUIPlugin:80 - create IPUIPlugin
2024-08-22 08:24:19,871 [INFO] IPUIPlugin:80 - create IPUIPlugin
2024-08-22 08:24:19,872 [INFO] IPUIPlugin:80 - create IPUIPlugin
2024-08-22 08:24:19,873 [INFO] IPUIPlugin:80 - create IPUIPlugin
2024-08-22 08:24:19,874 [INFO] IPUIPlugin:80 - create IPUIPlugin
2024-08-22 08:24:19,875 [INFO] IPUIPlugin:80 - create IPUIPlugin
2024-08-22 08:24:19,876 [INFO] IPUIPlugin:80 - create IPUIPlugin
2024-08-22 08:24:19,877 [INFO] IPUIPlugin:80 - create IPUIPlugin
2024-08-22 08:24:19,878 [INFO] IPUIPlugin:80 - create IPUIPlugin
2024-08-22 08:24:19,878 [INFO] IPUIPlugin:80 - create IPUIPlugin
2024-08-22 08:24:19,879 [INFO] IPUIPlugin:80 - create IPUIPlugin
2024-08-22 08:24:19,880 [INFO] IPUIPlugin:80 - create IPUIPlugin
2024-08-22 08:24:19,882 [INFO] IPUIPlugin:80 - create IPUIPlugin
2024-08-22 08:24:19,883 [INFO] IPUIPlugin:80 - create IPUIPlugin
2024-08-22 08:24:19,884 [INFO] IPUIPlugin:80 - create IPUIPlugin
2024-08-22 08:24:19,885 [INFO] IPUIPlugin:80 - create IPUIPlugin
2024-08-22 08:24:19,887 [INFO] IPUIPlugin:80 - create IPUIPlugin
2024-08-22 08:24:19,888 [INFO] IPUIPlugin:80 - create IPUIPlugin
2024-08-22 08:24:19,890 [INFO] IPUIPlugin:80 - create IPUIPlugin
2024-08-22 08:24:19,891 [INFO] IPUIPlugin:80 - create IPUIPlugin
2024-08-22 08:24:19,893 [INFO] IPUIPlugin:80 - create IPUIPlugin
2024-08-22 08:24:19,894 [INFO] IPUIPlugin:80 - create IPUIPlugin
2024-08-22 08:24:19,895 [INFO] IPUIPlugin:80 - create IPUIPlugin
2024-08-22 08:24:19,897 [INFO] IPUIPlugin:80 - create IPUIPlugin
2024-08-22 08:24:19,951 [INFO] ApiDbMcu:508 - Load IP Config File for PDM2PCM
2024-08-22 08:24:20,030 [INFO] I2sManager:658 - 1.25E8
2024-08-22 08:24:20,031 [INFO] I2sManager:195 - I2S Clock Value : 1.25E8
2024-08-22 08:24:20,036 [INFO] I2sManager:553 - AudioClock : 48225Divider : 40Odd : 1
2024-08-22 08:24:20,596 [INFO] CADModel:165 - CPN selected for project levelSTM32H743IIT6
2024-08-22 08:24:20,597 [INFO] CADModel:114 - Register for checkConnection events
2024-08-22 08:24:20,641 [INFO] OpenFileManager:343 - Restore cursor
2024-08-22 08:24:39,389 [INFO] I2sManager:658 - 1.25E8
2024-08-22 08:24:39,389 [INFO] I2sManager:195 - I2S Clock Value : 1.25E8
2024-08-22 08:24:39,389 [INFO] I2sManager:553 - AudioClock : 48225Divider : 40Odd : 1
2024-08-22 10:59:25,815 [ERROR] LogOutputStream:75 - [STDERR_REDIRECT] 
