2023-11-03 08:16:07,841 [INFO] Activator:176 - 


2023-11-03 08:16:07,849 [INFO] Activator:177 - !SESSION log4j initialized
2023-11-03 08:16:14,419 [INFO] LogOutputStream:77 - [STDOUT_REDIRECT] 
2023-11-03 08:16:37,689 [ERROR] LogOutputStream:75 - [STDERR_REDIRECT] SLF4J: Failed to load class "org.slf4j.impl.StaticLoggerBinder".
2023-11-03 08:16:37,689 [ERROR] LogOutputStream:75 - [STDERR_REDIRECT] SLF4J: Defaulting to no-operation (NOP) logger implementation
2023-11-03 08:16:37,689 [ERROR] LogOutputStream:75 - [STDERR_REDIRECT] SLF4J: See http://www.slf4j.org/codes.html#StaticLoggerBinder for further details.
2023-11-03 09:23:13,373 [INFO] Activator:176 - 


2023-11-03 09:23:13,383 [INFO] Activator:177 - !SESSION log4j initialized
2023-11-03 09:23:19,413 [INFO] LogOutputStream:77 - [STDOUT_REDIRECT] 
2023-11-03 09:23:41,075 [ERROR] LogOutputStream:75 - [STDERR_REDIRECT] SLF4J: Failed to load class "org.slf4j.impl.StaticLoggerBinder".
2023-11-03 09:23:41,075 [ERROR] LogOutputStream:75 - [STDERR_REDIRECT] SLF4J: Defaulting to no-operation (NOP) logger implementation
2023-11-03 09:23:41,083 [ERROR] LogOutputStream:75 - [STDERR_REDIRECT] SLF4J: See http://www.slf4j.org/codes.html#StaticLoggerBinder for further details.
2023-11-03 10:03:35,519 [ERROR] ConfigurationRetriever:142 - IOException on connection: connect timed out
2023-11-03 10:03:37,533 [ERROR] ConfigurationRetriever:142 - IOException on connection: connect timed out
2023-11-03 10:03:39,541 [ERROR] ConfigurationRetriever:142 - IOException on connection: connect timed out
2023-11-03 10:03:41,575 [ERROR] ConfigurationRetriever:142 - IOException on connection: connect timed out
2023-11-03 10:03:43,583 [ERROR] ConfigurationRetriever:142 - IOException on connection: connect timed out
2023-11-03 10:03:45,587 [ERROR] ConfigurationRetriever:142 - IOException on connection: connect timed out
2023-11-03 10:22:25,605 [ERROR] ConfigurationRetriever:142 - IOException on connection: connect timed out
2023-11-03 10:22:27,619 [ERROR] ConfigurationRetriever:142 - IOException on connection: connect timed out
2023-11-03 10:22:29,635 [ERROR] ConfigurationRetriever:142 - IOException on connection: connect timed out
2023-11-03 10:22:51,705 [ERROR] ConfigurationRetriever:142 - IOException on connection: connect timed out
2023-11-03 10:22:53,709 [ERROR] ConfigurationRetriever:142 - IOException on connection: connect timed out
2023-11-03 10:56:44,162 [ERROR] ConfigurationRetriever:142 - IOException on connection: connect timed out
2023-11-03 10:56:46,171 [ERROR] ConfigurationRetriever:142 - IOException on connection: connect timed out
2023-11-03 10:56:48,184 [ERROR] ConfigurationRetriever:142 - IOException on connection: connect timed out
2023-11-03 10:56:50,216 [ERROR] ConfigurationRetriever:142 - IOException on connection: connect timed out
2023-11-03 10:56:52,258 [ERROR] ConfigurationRetriever:142 - IOException on connection: connect timed out
2023-11-03 10:56:54,264 [ERROR] ConfigurationRetriever:142 - IOException on connection: connect timed out
2023-11-03 10:59:23,112 [ERROR] ConfigurationRetriever:142 - IOException on connection: connect timed out
2023-11-03 10:59:25,113 [ERROR] ConfigurationRetriever:142 - IOException on connection: connect timed out
2023-11-03 10:59:27,129 [ERROR] ConfigurationRetriever:142 - IOException on connection: connect timed out
2023-11-03 11:04:39,004 [ERROR] AdobePublisher:162 - Exception while opening the connection: java.net.SocketTimeoutException: connect timed out
2023-11-03 11:04:41,016 [ERROR] AdobePublisher:162 - Exception while opening the connection: java.net.SocketTimeoutException: connect timed out
2023-11-03 11:04:43,029 [ERROR] AdobePublisher:162 - Exception while opening the connection: java.net.SocketTimeoutException: connect timed out
2023-11-03 11:04:45,034 [ERROR] AdobePublisher:162 - Exception while opening the connection: java.net.SocketTimeoutException: connect timed out
2023-11-03 11:04:47,041 [ERROR] AdobePublisher:162 - Exception while opening the connection: java.net.SocketTimeoutException: connect timed out
2023-11-03 11:04:50,934 [ERROR] AdobePublisher:162 - Exception while opening the connection: java.net.SocketTimeoutException: connect timed out
2023-11-03 11:04:52,944 [ERROR] AdobePublisher:162 - Exception while opening the connection: java.net.SocketTimeoutException: connect timed out
2023-11-03 11:04:54,948 [ERROR] AdobePublisher:162 - Exception while opening the connection: java.net.SocketTimeoutException: connect timed out
2023-11-03 11:04:56,956 [ERROR] AdobePublisher:162 - Exception while opening the connection: java.net.SocketTimeoutException: connect timed out
2023-11-03 11:04:58,972 [ERROR] AdobePublisher:162 - Exception while opening the connection: java.net.SocketTimeoutException: connect timed out
2023-11-03 11:16:14,124 [ERROR] ConfigurationRetriever:142 - IOException on connection: connect timed out
2023-11-03 11:16:16,129 [ERROR] ConfigurationRetriever:142 - IOException on connection: connect timed out
2023-11-03 11:16:18,132 [ERROR] ConfigurationRetriever:142 - IOException on connection: connect timed out
2023-11-03 11:16:20,619 [ERROR] ConfigurationRetriever:142 - IOException on connection: connect timed out
2023-11-03 11:16:22,621 [ERROR] ConfigurationRetriever:142 - IOException on connection: connect timed out
2023-11-03 11:16:24,637 [ERROR] ConfigurationRetriever:142 - IOException on connection: connect timed out
2023-11-03 15:45:16,390 [ERROR] ConfigurationRetriever:142 - IOException on connection: connect timed out
2023-11-03 15:45:18,406 [ERROR] ConfigurationRetriever:142 - IOException on connection: connect timed out
2023-11-03 15:45:20,416 [ERROR] ConfigurationRetriever:142 - IOException on connection: connect timed out
2023-11-03 15:45:34,504 [ERROR] ConfigurationRetriever:142 - IOException on connection: connect timed out
2023-11-03 15:45:36,508 [ERROR] ConfigurationRetriever:142 - IOException on connection: connect timed out
2023-11-03 15:45:38,520 [ERROR] ConfigurationRetriever:142 - IOException on connection: connect timed out
2023-11-03 15:50:50,470 [ERROR] ConfigurationRetriever:142 - IOException on connection: connect timed out
2023-11-03 15:50:52,471 [ERROR] ConfigurationRetriever:142 - IOException on connection: connect timed out
2023-11-03 15:50:54,475 [ERROR] ConfigurationRetriever:142 - IOException on connection: connect timed out
