2023-11-16 11:21:30,100 [INFO] Activator:176 - 


2023-11-16 11:21:30,103 [INFO] Activator:177 - !SESSION log4j initialized
2023-11-16 11:21:36,748 [INFO] LogOutputStream:77 - [STDOUT_REDIRECT] 
2023-11-16 11:21:59,164 [ERROR] LogOutputStream:75 - [STDERR_REDIRECT] SLF4J: Failed to load class "org.slf4j.impl.StaticLoggerBinder".
2023-11-16 11:21:59,164 [ERROR] LogOutputStream:75 - [STDERR_REDIRECT] SLF4J: Defaulting to no-operation (NOP) logger implementation
2023-11-16 11:21:59,196 [ERROR] LogOutputStream:75 - [STDERR_REDIRECT] SLF4J: See http://www.slf4j.org/codes.html#StaticLoggerBinder for further details.
2023-11-16 11:36:36,934 [ERROR] ConfigurationRetriever:142 - IOException on connection: connect timed out
2023-11-16 11:36:38,935 [ERROR] ConfigurationRetriever:142 - IOException on connection: connect timed out
2023-11-16 11:36:40,936 [ERROR] ConfigurationRetriever:142 - IOException on connection: connect timed out
2023-11-16 13:54:35,841 [INFO] ApplicationProperties:184 - Using Application install path: C:\ST\STM32CubeIDE_1.12.1\STM32CubeIDE\plugins\com.st.stm32cube.common.mx_6.8.1.202304191431
2023-11-16 13:54:35,874 [INFO] DbMcusXml:78 - Set database path to: C:\ST\STM32CubeIDE_1.12.1\STM32CubeIDE\plugins\com.st.stm32cube.common.mx_6.8.1.202304191431\\db\/mcu/
2023-11-16 13:54:35,874 [INFO] ApiDb:274 - Set plugin database path to: C:\ST\STM32CubeIDE_1.12.1\STM32CubeIDE\plugins\com.st.stm32cube.common.mx_6.8.1.202304191431\\db\/plugins/boardmanager/
2023-11-16 13:54:35,876 [WARN] ApiDb:259 - Overriding images path with different value:  => C:\ST\STM32CubeIDE_1.12.1\STM32CubeIDE\plugins\com.st.stm32cube.common.mx_6.8.1.202304191431\\db\/plugins/mcufinder/images/
2023-11-16 13:54:35,897 [INFO] ApiDb:250 - Set database path to: C:\Users\KDS-LTP-0415\.stmcufinder\plugins\mcufinder//mcu/
2023-11-16 13:54:35,897 [INFO] DbMcusAds:125 - Set database path to: C:\Users\KDS-LTP-0415\.stmcufinder\plugins\mcufinder//mcu/
2023-11-16 13:54:35,897 [INFO] CrossReferenceDbSqlite:203 - Set database path to: C:\Users\KDS-LTP-0415\.stmcufinder\plugins\mcufinder//mcu/cs/
2023-11-16 13:54:36,027 [INFO] RulesReader:64 - Compatibility file has been processed (293 Rules)
2023-11-16 13:54:36,127 [INFO] DbMcusXml:78 - Set database path to: C:\ST\STM32CubeIDE_1.12.1\STM32CubeIDE\plugins\com.st.stm32cube.common.mx_6.8.1.202304191431\\db\/mcu/
2023-11-16 13:54:36,127 [INFO] ApiDb:274 - Set plugin database path to: C:\ST\STM32CubeIDE_1.12.1\STM32CubeIDE\plugins\com.st.stm32cube.common.mx_6.8.1.202304191431\\db\/plugins/boardmanager/
2023-11-16 13:54:36,127 [INFO] ApiDb:261 - Set plugin images path to: C:\ST\STM32CubeIDE_1.12.1\STM32CubeIDE\plugins\com.st.stm32cube.common.mx_6.8.1.202304191431\\db\/plugins/mcufinder/images/
2023-11-16 13:54:36,127 [WARN] DbFile:41 - Overriding database path with different value: C:\Users\KDS-LTP-0415\.stmcufinder\plugins\mcufinder/ => C:\Users\KDS-LTP-0415\.stmcufinder\plugins\mcufinder
2023-11-16 13:54:36,127 [INFO] ApiDb:250 - Set database path to: C:\Users\KDS-LTP-0415\.stmcufinder\plugins\mcufinder//mcu/
2023-11-16 13:54:36,127 [WARN] DbFile:41 - Overriding database path with different value: C:\Users\KDS-LTP-0415\.stmcufinder\plugins\mcufinder/ => C:\Users\KDS-LTP-0415\.stmcufinder\plugins\mcufinder
2023-11-16 13:54:36,127 [INFO] DbMcusAds:125 - Set database path to: C:\Users\KDS-LTP-0415\.stmcufinder\plugins\mcufinder//mcu/
2023-11-16 13:54:36,127 [WARN] DbFile:41 - Overriding database path with different value: C:\Users\KDS-LTP-0415\.stmcufinder\plugins\mcufinder/ => C:\Users\KDS-LTP-0415\.stmcufinder\plugins\mcufinder
2023-11-16 13:54:36,127 [WARN] DbFile:41 - Overriding database path with different value: C:\Users\KDS-LTP-0415\.stmcufinder\plugins\mcufinder/ => C:\Users\KDS-LTP-0415\.stmcufinder\plugins\mcufinder
2023-11-16 13:54:36,127 [INFO] CrossReferenceDbSqlite:203 - Set database path to: C:\Users\KDS-LTP-0415\.stmcufinder\plugins\mcufinder//mcu/cs/
2023-11-16 13:54:36,217 [INFO] MainPanel:253 - HeapMemory: 659554304
2023-11-16 13:54:36,388 [INFO] DbMcusXml:78 - Set database path to: C:\ST\STM32CubeIDE_1.12.1\STM32CubeIDE\plugins\com.st.stm32cube.common.mx_6.8.1.202304191431\\db\/mcu/
2023-11-16 13:54:36,388 [INFO] ApiDb:274 - Set plugin database path to: C:\ST\STM32CubeIDE_1.12.1\STM32CubeIDE\plugins\com.st.stm32cube.common.mx_6.8.1.202304191431\\db\/plugins/boardmanager/
2023-11-16 13:54:36,388 [INFO] ApiDb:261 - Set plugin images path to: C:\ST\STM32CubeIDE_1.12.1\STM32CubeIDE\plugins\com.st.stm32cube.common.mx_6.8.1.202304191431\\db\/plugins/mcufinder/images/
2023-11-16 13:54:36,388 [WARN] DbFile:41 - Overriding database path with different value: C:\Users\KDS-LTP-0415\.stmcufinder\plugins\mcufinder/ => C:\Users\KDS-LTP-0415\.stmcufinder\plugins\mcufinder
2023-11-16 13:54:36,388 [INFO] ApiDb:250 - Set database path to: C:\Users\KDS-LTP-0415\.stmcufinder\plugins\mcufinder//mcu/
2023-11-16 13:54:36,388 [WARN] DbFile:41 - Overriding database path with different value: C:\Users\KDS-LTP-0415\.stmcufinder\plugins\mcufinder/ => C:\Users\KDS-LTP-0415\.stmcufinder\plugins\mcufinder
2023-11-16 13:54:36,388 [INFO] DbMcusAds:125 - Set database path to: C:\Users\KDS-LTP-0415\.stmcufinder\plugins\mcufinder//mcu/
2023-11-16 13:54:36,388 [WARN] DbFile:41 - Overriding database path with different value: C:\Users\KDS-LTP-0415\.stmcufinder\plugins\mcufinder/ => C:\Users\KDS-LTP-0415\.stmcufinder\plugins\mcufinder
2023-11-16 13:54:36,388 [WARN] DbFile:41 - Overriding database path with different value: C:\Users\KDS-LTP-0415\.stmcufinder\plugins\mcufinder/ => C:\Users\KDS-LTP-0415\.stmcufinder\plugins\mcufinder
2023-11-16 13:54:36,388 [INFO] CrossReferenceDbSqlite:203 - Set database path to: C:\Users\KDS-LTP-0415\.stmcufinder\plugins\mcufinder//mcu/cs/
2023-11-16 13:54:36,417 [INFO] ApplicationProperties:184 - Using Application install path: C:\ST\STM32CubeIDE_1.12.1\STM32CubeIDE\plugins\com.st.stm32cube.common.mx_6.8.1.202304191431
2023-11-16 13:54:36,417 [INFO] PluginManage:196 - Search for loadable plugins [exclusion list=, ]
2023-11-16 13:54:36,423 [INFO] PluginManage:310 - Check plugin analytics
2023-11-16 13:54:36,665 [INFO] AnalyticsPlugin:253 - Accepted Software Licenses: STM32CubeMX.6.2.1,STM32CubeMX.6.6.1,STM32CubeMX.6.7.0,STM32CubeMX.6.8.1,STM32CubeMX.6.9.1
2023-11-16 13:54:36,665 [INFO] AnalyticsPlugin:255 - Accepted CMSIS Pack Licenses: EdgeImpulse.osugiw-project-1.1.0.1
2023-11-16 13:54:36,665 [INFO] AnalyticsPlugin:257 - Accepted Firmware Licenses: FW.G0.1.6.0,FW.WB.1.16.0
2023-11-16 13:54:36,667 [INFO] PluginManage:359 - Loaded plugin analytics (category:tool,tabindex:-1)
2023-11-16 13:54:36,667 [INFO] PluginManage:310 - Check plugin cadmodel
2023-11-16 13:54:36,707 [INFO] CADModel:105 - Init CAD model plugin
2023-11-16 13:54:36,707 [INFO] PluginManage:359 - Loaded plugin cadmodel (category:power,tabindex:5)
2023-11-16 13:54:36,707 [INFO] PluginManage:310 - Check plugin clock
2023-11-16 13:54:36,738 [INFO] PluginManage:359 - Loaded plugin clock (category:base,tabindex:2)
2023-11-16 13:54:36,738 [INFO] PluginManage:310 - Check plugin ddr
2023-11-16 13:54:36,744 [INFO] PluginManage:359 - Loaded plugin ddr (category:tool,tabindex:6)
2023-11-16 13:54:36,745 [INFO] PluginManage:310 - Check plugin filemanager
2023-11-16 13:54:36,947 [INFO] PluginManage:359 - Loaded plugin filemanager (category:base,tabindex:10)
2023-11-16 13:54:36,947 [INFO] PluginManage:310 - Check plugin ipmanager
2023-11-16 13:54:36,963 [INFO] PluginManage:359 - Loaded plugin ipmanager (category:base,tabindex:5)
2023-11-16 13:54:36,963 [INFO] PluginManage:310 - Check plugin lpbam
2023-11-16 13:54:37,218 [INFO] PluginManage:359 - Loaded plugin lpbam (category:base,tabindex:0)
2023-11-16 13:54:37,218 [INFO] PluginManage:310 - Check plugin pinoutandconfiguration
2023-11-16 13:54:37,237 [INFO] PluginManage:359 - Loaded plugin pinoutandconfiguration (category:base,tabindex:1)
2023-11-16 13:54:37,237 [INFO] PluginManage:310 - Check plugin pinoutconfig
2023-11-16 13:54:37,358 [WARN] SupportedApi:132 - Cannot load RTOS API schema: s4s-elt-must-match.1: The content of 'definitions' must match (annotation?, (simpleType | complexType)?, (unique | key | keyref)*)). A problem was found starting at: attribute.
2023-11-16 13:54:37,537 [INFO] PluginManage:359 - Loaded plugin pinoutconfig (category:base,tabindex:0)
2023-11-16 13:54:37,537 [INFO] PluginManage:310 - Check plugin power
2023-11-16 13:54:37,589 [INFO] PluginManage:359 - Loaded plugin power (category:power,tabindex:4)
2023-11-16 13:54:37,589 [INFO] PluginManage:310 - Check plugin projectmanager
2023-11-16 13:54:37,611 [INFO] PluginManage:359 - Loaded plugin projectmanager (category:projectmanager,tabindex:3)
2023-11-16 13:54:37,612 [INFO] PluginManage:310 - Check plugin thirdparty
2023-11-16 13:54:37,897 [WARN] IntegrityCheckThread:84 - waiting for thirdparty lock release [integrity check]
2023-11-16 13:54:37,897 [INFO] PluginManage:359 - Loaded plugin thirdparty (category:base,tabindex:-1)
2023-11-16 13:54:37,897 [INFO] IntegrityCheckThread:86 - entering critical section [integrity check]
2023-11-16 13:54:37,897 [INFO] PluginManage:310 - Check plugin tools
2023-11-16 13:54:37,897 [INFO] ThirdPartyUpdaterWithRetryManager:70 - Updater plugin not ready yet. [1/15]
2023-11-16 13:54:37,928 [INFO] PluginManage:359 - Loaded plugin tools (category:base,tabindex:7)
2023-11-16 13:54:37,928 [INFO] PluginManage:310 - Check plugin tutovideos
2023-11-16 13:54:38,269 [INFO] PluginManage:359 - Loaded plugin tutovideos (category:base,tabindex:-1)
2023-11-16 13:54:38,269 [INFO] PluginManage:310 - Check plugin updater
2023-11-16 13:54:38,298 [INFO] PluginManage:359 - Loaded plugin updater (category:base,tabindex:12)
2023-11-16 13:54:38,298 [INFO] PluginManage:283 - PluginManage : Loaded plugins [15]
2023-11-16 13:54:38,591 [INFO] PinOutPanel:1499 - setPackage(No Configuration,No Configuration)
2023-11-16 13:54:38,658 [INFO] CADModel:165 - CPN selected for project level
2023-11-16 13:54:38,658 [INFO] CADModel:114 - Register for checkConnection events
2023-11-16 13:54:38,766 [INFO] IPUIPlugin:80 - create IPUIPlugin
2023-11-16 13:54:38,767 [INFO] PluginManager:220 - loadIPPluginJar : add adc
2023-11-16 13:54:38,801 [INFO] IPUIPlugin:80 - create IPUIPlugin
2023-11-16 13:54:38,801 [INFO] PluginManager:220 - loadIPPluginJar : add aes
2023-11-16 13:54:38,841 [INFO] IPUIPlugin:80 - create IPUIPlugin
2023-11-16 13:54:38,841 [INFO] PluginManager:220 - loadIPPluginJar : add can
2023-11-16 13:54:38,858 [INFO] IPUIPlugin:80 - create IPUIPlugin
2023-11-16 13:54:38,858 [INFO] PluginManager:220 - loadIPPluginJar : add comp
2023-11-16 13:54:38,887 [INFO] IPUIPlugin:80 - create IPUIPlugin
2023-11-16 13:54:38,887 [INFO] PluginManager:220 - loadIPPluginJar : add cryp
2023-11-16 13:54:38,907 [INFO] IPUIPlugin:80 - create IPUIPlugin
2023-11-16 13:54:38,907 [INFO] PluginManager:220 - loadIPPluginJar : add dfsdm
2023-11-16 13:54:38,973 [INFO] IPUIPlugin:80 - create IPUIPlugin
2023-11-16 13:54:38,974 [INFO] PluginManager:220 - loadIPPluginJar : add dma
2023-11-16 13:54:39,008 [INFO] IPUIPlugin:80 - create IPUIPlugin
2023-11-16 13:54:39,008 [INFO] PluginManager:220 - loadIPPluginJar : add dma3
2023-11-16 13:54:39,023 [INFO] IPUIPlugin:80 - create IPUIPlugin
2023-11-16 13:54:39,023 [INFO] PluginManager:220 - loadIPPluginJar : add fatfs
2023-11-16 13:54:39,052 [INFO] IPUIPlugin:80 - create IPUIPlugin
2023-11-16 13:54:39,052 [INFO] PluginManager:220 - loadIPPluginJar : add fmc
2023-11-16 13:54:39,068 [INFO] IPUIPlugin:80 - create IPUIPlugin
2023-11-16 13:54:39,068 [INFO] PluginManager:220 - loadIPPluginJar : add freertos
2023-11-16 13:54:39,088 [INFO] IPUIPlugin:80 - create IPUIPlugin
2023-11-16 13:54:39,088 [INFO] PluginManager:220 - loadIPPluginJar : add genericplugin
2023-11-16 13:54:39,148 [INFO] IPUIPlugin:80 - create IPUIPlugin
2023-11-16 13:54:39,148 [INFO] PluginManager:220 - loadIPPluginJar : add gfxmmu
2023-11-16 13:54:39,248 [INFO] IPUIPlugin:80 - create IPUIPlugin
2023-11-16 13:54:39,248 [INFO] PluginManager:220 - loadIPPluginJar : add gic
2023-11-16 13:54:39,418 [INFO] IPUIPlugin:80 - create IPUIPlugin
2023-11-16 13:54:39,418 [INFO] PluginManager:220 - loadIPPluginJar : add gpio
2023-11-16 13:54:39,468 [INFO] IPUIPlugin:80 - create IPUIPlugin
2023-11-16 13:54:39,468 [INFO] PluginManager:220 - loadIPPluginJar : add gtzc
2023-11-16 13:54:39,497 [INFO] IPUIPlugin:80 - create IPUIPlugin
2023-11-16 13:54:39,497 [INFO] PluginManager:220 - loadIPPluginJar : add hash
2023-11-16 13:54:39,547 [INFO] IPUIPlugin:80 - create IPUIPlugin
2023-11-16 13:54:39,547 [INFO] PluginManager:220 - loadIPPluginJar : add i2c
2023-11-16 13:54:39,578 [INFO] IPUIPlugin:80 - create IPUIPlugin
2023-11-16 13:54:39,578 [INFO] PluginManager:220 - loadIPPluginJar : add i2s
2023-11-16 13:54:39,608 [INFO] IPUIPlugin:80 - create IPUIPlugin
2023-11-16 13:54:39,608 [INFO] PluginManager:220 - loadIPPluginJar : add i3c
2023-11-16 13:54:39,657 [INFO] IPUIPlugin:80 - create IPUIPlugin
2023-11-16 13:54:39,657 [INFO] PluginManager:220 - loadIPPluginJar : add ipddr
2023-11-16 13:54:39,737 [INFO] IPUIPlugin:80 - create IPUIPlugin
2023-11-16 13:54:39,737 [INFO] PluginManager:220 - loadIPPluginJar : add linkedlist
2023-11-16 13:54:39,778 [INFO] IPUIPlugin:80 - create IPUIPlugin
2023-11-16 13:54:39,778 [INFO] PluginManager:220 - loadIPPluginJar : add lorawan
2023-11-16 13:54:39,808 [INFO] IPUIPlugin:80 - create IPUIPlugin
2023-11-16 13:54:39,808 [INFO] PluginManager:220 - loadIPPluginJar : add ltdc
2023-11-16 13:54:39,948 [INFO] IPUIPlugin:80 - create IPUIPlugin
2023-11-16 13:54:39,948 [INFO] PluginManager:220 - loadIPPluginJar : add mdma
2023-11-16 13:54:40,095 [INFO] IPUIPlugin:80 - create IPUIPlugin
2023-11-16 13:54:40,095 [INFO] PluginManager:220 - loadIPPluginJar : add nvic
2023-11-16 13:54:40,118 [INFO] IPUIPlugin:80 - create IPUIPlugin
2023-11-16 13:54:40,118 [INFO] PluginManager:220 - loadIPPluginJar : add opamp
2023-11-16 13:54:40,180 [INFO] IPUIPlugin:80 - create IPUIPlugin
2023-11-16 13:54:40,180 [INFO] PluginManager:220 - loadIPPluginJar : add openamp
2023-11-16 13:54:40,218 [INFO] IPUIPlugin:80 - create IPUIPlugin
2023-11-16 13:54:40,218 [INFO] PluginManager:220 - loadIPPluginJar : add pdm2pcm
2023-11-16 13:54:40,382 [INFO] IPUIPlugin:80 - create IPUIPlugin
2023-11-16 13:54:40,382 [INFO] PluginManager:220 - loadIPPluginJar : add plateformsettings
2023-11-16 13:54:40,400 [INFO] IPUIPlugin:80 - create IPUIPlugin
2023-11-16 13:54:40,400 [INFO] PluginManager:220 - loadIPPluginJar : add quadspi
2023-11-16 13:54:40,414 [INFO] IPUIPlugin:80 - create IPUIPlugin
2023-11-16 13:54:40,414 [INFO] PluginManager:220 - loadIPPluginJar : add resmgrutility
2023-11-16 13:54:40,440 [INFO] IPUIPlugin:80 - create IPUIPlugin
2023-11-16 13:54:40,440 [INFO] PluginManager:220 - loadIPPluginJar : add sai
2023-11-16 13:54:40,467 [INFO] IPUIPlugin:80 - create IPUIPlugin
2023-11-16 13:54:40,467 [INFO] PluginManager:220 - loadIPPluginJar : add spi
2023-11-16 13:54:40,507 [INFO] IPUIPlugin:80 - create IPUIPlugin
2023-11-16 13:54:40,507 [INFO] PluginManager:220 - loadIPPluginJar : add stm32_wpan
2023-11-16 13:54:40,528 [INFO] IPUIPlugin:80 - create IPUIPlugin
2023-11-16 13:54:40,528 [INFO] PluginManager:220 - loadIPPluginJar : add tim
2023-11-16 13:54:40,567 [INFO] IPUIPlugin:80 - create IPUIPlugin
2023-11-16 13:54:40,567 [INFO] PluginManager:220 - loadIPPluginJar : add touchsensing
2023-11-16 13:54:40,587 [INFO] IPUIPlugin:80 - create IPUIPlugin
2023-11-16 13:54:40,587 [INFO] PluginManager:220 - loadIPPluginJar : add tracer_emb
2023-11-16 13:54:40,607 [INFO] IPUIPlugin:80 - create IPUIPlugin
2023-11-16 13:54:40,607 [INFO] PluginManager:220 - loadIPPluginJar : add ts
2023-11-16 13:54:40,628 [INFO] IPUIPlugin:80 - create IPUIPlugin
2023-11-16 13:54:40,628 [INFO] PluginManager:220 - loadIPPluginJar : add tsc
2023-11-16 13:54:40,641 [INFO] IPUIPlugin:80 - create IPUIPlugin
2023-11-16 13:54:40,641 [INFO] PluginManager:220 - loadIPPluginJar : add ucpd
2023-11-16 13:54:40,683 [INFO] IPUIPlugin:80 - create IPUIPlugin
2023-11-16 13:54:40,683 [INFO] PluginManager:220 - loadIPPluginJar : add usart
2023-11-16 13:54:40,720 [INFO] IPUIPlugin:80 - create IPUIPlugin
2023-11-16 13:54:40,720 [INFO] PluginManager:220 - loadIPPluginJar : add usbx
2023-11-16 13:54:40,908 [INFO] ThirdPartyUpdaterWithRetryManager:70 - Updater plugin not ready yet. [2/15]
2023-11-16 13:54:40,917 [INFO] CADModel:165 - CPN selected for project level
2023-11-16 13:54:40,917 [INFO] CADModel:114 - Register for checkConnection events
2023-11-16 13:54:40,917 [FATAL] Updater:308 - Updater called before beeing initialized
2023-11-16 13:54:40,917 [ERROR] CADModel:125 - Updater not yet initialized, retry later 
2023-11-16 13:54:41,098 [INFO] CADModel:165 - CPN selected for project level
2023-11-16 13:54:41,098 [INFO] CADModel:114 - Register for checkConnection events
2023-11-16 13:54:41,098 [FATAL] Updater:308 - Updater called before beeing initialized
2023-11-16 13:54:41,098 [ERROR] CADModel:125 - Updater not yet initialized, retry later 
2023-11-16 13:54:41,108 [FATAL] Updater:308 - Updater called before beeing initialized
2023-11-16 13:54:41,248 [FATAL] Updater:308 - Updater called before beeing initialized
2023-11-16 13:54:41,258 [INFO] DbMcusAds:53 - JSON generation date=Tue Mar 07 15:50:55 ICT 2023 (1678179055114)
2023-11-16 13:54:41,258 [FATAL] Updater:308 - Updater called before beeing initialized
2023-11-16 13:54:41,448 [WARN] DetailPanel:346 - Failed to get advertising image, set to default
2023-11-16 13:54:41,601 [FATAL] Updater:308 - Updater called before beeing initialized
2023-11-16 13:54:41,608 [FATAL] Updater:308 - Updater called before beeing initialized
2023-11-16 13:54:41,608 [FATAL] Updater:308 - Updater called before beeing initialized
2023-11-16 13:54:41,608 [WARN] DetailPanel:346 - Failed to get advertising image, set to default
2023-11-16 13:54:41,608 [FATAL] Updater:308 - Updater called before beeing initialized
2023-11-16 13:54:41,667 [ERROR] Updater:1120 - MainUpdater not yet initialized. External WinMGr cannot be set.
2023-11-16 13:54:41,687 [INFO] Updater:1056 - Updater Version found : 6.8.1
2023-11-16 13:54:41,707 [INFO] ApplicationProperties:184 - Using Application install path: C:\ST\STM32CubeIDE_1.12.1\STM32CubeIDE\plugins\com.st.stm32cube.common.mx_6.8.1.202304191431
2023-11-16 13:54:41,736 [ERROR] ConfigurationRetriever:142 - IOException on connection: connect timed out
2023-11-16 13:54:43,914 [FATAL] Updater:308 - Updater called before beeing initialized
2023-11-16 13:54:43,914 [ERROR] IntegrityCheckThread:130 - Cannot retrieve database content from updater: error 21
2023-11-16 13:54:43,914 [INFO] ThirdParty:978 - Integrity check success = false
2023-11-16 13:54:43,914 [INFO] IntegrityCheckThread:100 - exiting critical section [integrity check]
2023-11-16 13:54:43,914 [INFO] IntegrityCheckThread:103 - End integrity checks thread
2023-11-16 13:54:44,375 [WARN] ServerAccessManage:1168 - Warning during Server Connection :  timeout connect timed out
2023-11-16 13:54:46,389 [WARN] ServerAccessManage:1168 - Warning during Server Connection :  timeout connect timed out
2023-11-16 13:54:46,389 [INFO] MainUpdater:2854 - connection check result : 22
2023-11-16 13:54:46,422 [INFO] MainUpdater:283 - Updater Check For Update Now.
2023-11-16 13:54:46,422 [INFO] MicroXplorer:498 - Change Database Version : DB.6.0.81
2023-11-16 13:54:46,643 [INFO] CheckServerUpdateThread:120 - End of CheckServer Thread
2023-11-16 13:54:46,750 [ERROR] ConfigurationRetriever:142 - IOException on connection: connect timed out
2023-11-16 13:54:47,669 [WARN] ServerAccessManage:1168 - Warning during Server Connection :  timeout connect timed out
2023-11-16 13:54:48,674 [WARN] ServerAccessManage:1168 - Warning during Server Connection :  timeout connect timed out
2023-11-16 13:54:48,676 [INFO] MainUpdater:2854 - connection check result : 22
2023-11-16 13:54:48,957 [INFO] MicroXplorer:468 - Change Database Path : 
2023-11-16 13:54:48,957 [INFO] MicroXplorer:498 - Change Database Version : DB.6.0.81
2023-11-16 13:54:48,957 [WARN] ThirdParty:871 - waiting for thirdparty lock release [close project]
2023-11-16 13:54:48,957 [INFO] ThirdParty:873 - entering critical section [close project]
2023-11-16 13:54:48,957 [INFO] ThirdParty:883 - exiting critical section [close project]
2023-11-16 13:54:48,964 [INFO] PinOutPanel:1499 - setPackage(No Configuration,No Configuration)
2023-11-16 13:54:48,968 [INFO] UtilMem:75 - Begin LoadConfig() Used Memory: 490385920 Bytes (659554304)
2023-11-16 13:54:48,968 [INFO] MicroXplorer:468 - Change Database Path : 
2023-11-16 13:54:48,968 [INFO] MicroXplorer:498 - Change Database Version : DB.6.0.81
2023-11-16 13:54:48,968 [INFO] OpenFileManager:308 - Change cursor
2023-11-16 13:54:48,980 [WARN] IntegrityCheckThread:84 - waiting for thirdparty lock release [integrity check]
2023-11-16 13:54:48,985 [INFO] IntegrityCheckThread:86 - entering critical section [integrity check]
2023-11-16 13:54:49,298 [WARN] PackLoader:240 - Cannot read IP mode file for STMicroelectronics.X-CUBE-SMBUS.2.1.0
2023-11-16 13:54:49,342 [WARN] PackLoader:240 - Cannot read IP mode file for STMicroelectronics.X-CUBE-AZRTOS-F7.1.1.0
2023-11-16 13:54:49,358 [ERROR] RealEvaluatedCondition:428 - Found unsupported composite condition: GROUP='STM32_MetaDataManager' CLASS='Data Exchange'
2023-11-16 13:54:49,358 [ERROR] RealEvaluatedCondition:428 - Found unsupported composite condition: GROUP='STM32_MetaDataManager' CLASS='Data Exchange'
2023-11-16 13:54:49,363 [WARN] PackLoader:240 - Cannot read IP mode file for STMicroelectronics.FP-SNS-MOTENV1.4.3.0
2023-11-16 13:54:49,382 [WARN] PackLoader:240 - Cannot read IP mode file for STMicroelectronics.FP-SNS-MOTENV1.4.3.2
2023-11-16 13:54:49,398 [WARN] PackLoader:240 - Cannot read IP mode file for STMicroelectronics.FP-SNS-FLIGHT1.5.0.0
2023-11-16 13:54:49,407 [ERROR] RealEvaluatedCondition:428 - Found unsupported composite condition: CLASS='Data Exchange' GROUP='STM32_MetaDataManager'
2023-11-16 13:54:49,407 [ERROR] RealEvaluatedCondition:428 - Found unsupported composite condition: CLASS='Data Exchange' GROUP='STM32_MetaDataManager'
2023-11-16 13:54:49,407 [WARN] PackLoader:240 - Cannot read IP mode file for STMicroelectronics.FP-SNS-MOTENV1.4.3.1
2023-11-16 13:54:49,430 [WARN] PackLoader:240 - Cannot read IP mode file for STMicroelectronics.FP-SNS-FLIGHT1.5.0.1
2023-11-16 13:54:49,447 [WARN] PackLoader:240 - Cannot read IP mode file for STMicroelectronics.X-CUBE-BLE1.6.2.3
2023-11-16 13:54:49,458 [WARN] PackLoader:240 - Cannot read IP mode file for STMicroelectronics.X-CUBE-BLE1.6.2.4
2023-11-16 13:54:49,469 [WARN] PackLoader:240 - Cannot read IP mode file for STMicroelectronics.FP-SNS-FLIGHT1.5.0.2
2023-11-16 13:54:49,483 [WARN] PackLoader:240 - Cannot read IP mode file for STMicroelectronics.X-CUBE-TOF1.3.1.0
2023-11-16 13:54:49,503 [WARN] PackLoader:240 - Cannot read IP mode file for STMicroelectronics.X-CUBE-DISPLAY.3.0.0
2023-11-16 13:54:49,528 [WARN] PackLoader:240 - Cannot read IP mode file for STMicroelectronics.X-CUBE-BLE1.7.0.0
2023-11-16 13:54:49,538 [WARN] PackLoader:240 - Cannot read IP mode file for emotas.I-CUBE-CANOPEN.1.3.0
2023-11-16 13:54:49,557 [WARN] PackLoader:240 - Cannot read IP mode file for STMicroelectronics.X-CUBE-TOUCHGFX.4.22.0
2023-11-16 13:54:49,568 [WARN] PackLoader:240 - Cannot read IP mode file for STMicroelectronics.X-CUBE-TOUCHGFX.4.22.1
2023-11-16 13:54:49,630 [WARN] PackLoader:240 - Cannot read IP mode file for STMicroelectronics.X-CUBE-MEMS1.9.3.0
2023-11-16 13:54:49,813 [WARN] PackLoader:240 - Cannot read IP mode file for STMicroelectronics.X-CUBE-AI.7.2.0
2023-11-16 13:54:49,829 [WARN] PackLoader:240 - Cannot read IP mode file for STMicroelectronics.FP-SNS-SMARTAG2.1.2.0
2023-11-16 13:54:49,859 [INFO] LogOutputStream:77 - [STDOUT_REDIRECT] 1 : Invalid condition id : UX_CORESTACK_Condition cause : null
2023-11-16 13:54:49,869 [INFO] LogOutputStream:77 - [STDOUT_REDIRECT] 1 : Invalid condition id : UX_CORESTACK_Condition cause : null
2023-11-16 13:54:49,871 [INFO] LogOutputStream:77 - [STDOUT_REDIRECT] 1 : Invalid condition id : UX_CORESTACK_Condition cause : null
2023-11-16 13:54:49,873 [INFO] LogOutputStream:77 - [STDOUT_REDIRECT] 1 : Invalid condition id : UX_CORESTACK_Condition cause : null
2023-11-16 13:54:49,874 [INFO] LogOutputStream:77 - [STDOUT_REDIRECT] 1 : Invalid condition id : UX_CORESTACK_Condition cause : null
2023-11-16 13:54:49,878 [WARN] PackLoader:240 - Cannot read IP mode file for STMicroelectronics.X-CUBE-AZRTOS-WL.2.0.0
2023-11-16 13:54:49,898 [WARN] PackLoader:240 - Cannot read IP mode file for WES.I-CUBE-Cesium.1.3.0
2023-11-16 13:54:49,914 [WARN] PackLoader:240 - Cannot read IP mode file for STMicroelectronics.X-CUBE-BLE2.3.3.0
2023-11-16 13:54:49,929 [WARN] PackLoader:240 - Cannot read IP mode file for STMicroelectronics.X-CUBE-DISPLAY.2.2.0
2023-11-16 13:54:49,951 [WARN] PackLoader:240 - Cannot read IP mode file for STMicroelectronics.X-CUBE-TOF1.3.2.0
2023-11-16 13:54:49,970 [WARN] PackLoader:240 - Cannot read IP mode file for STMicroelectronics.X-CUBE-ISPU.1.0.0
2023-11-16 13:54:50,004 [WARN] PackLoader:240 - Cannot read IP mode file for STMicroelectronics.X-CUBE-AZRTOS-H7.2.1.0
2023-11-16 13:54:50,034 [WARN] PackLoader:240 - Cannot read IP mode file for STMicroelectronics.X-CUBE-TOUCHGFX.4.21.1
2023-11-16 13:54:50,048 [WARN] PackLoader:240 - Cannot read IP mode file for STMicroelectronics.X-CUBE-TOUCHGFX.4.21.3
2023-11-16 13:54:50,067 [WARN] PackLoader:240 - Cannot read IP mode file for STMicroelectronics.X-CUBE-TOUCHGFX.4.21.4
2023-11-16 13:54:50,119 [WARN] PackLoader:240 - Cannot read IP mode file for STMicroelectronics.X-CUBE-MEMS1.9.4.0
2023-11-16 13:54:50,333 [WARN] PackLoader:240 - Cannot read IP mode file for STMicroelectronics.X-CUBE-AI.7.3.0
2023-11-16 13:54:50,441 [WARN] PackLoader:240 - Cannot read IP mode file for STMicroelectronics.X-CUBE-ALGOBUILD.1.3.0
2023-11-16 13:54:50,501 [WARN] PackLoader:240 - Cannot read IP mode file for STMicroelectronics.X-CUBE-AZRTOS-G0.1.1.0
2023-11-16 13:54:50,537 [WARN] PackLoader:240 - Cannot read IP mode file for STMicroelectronics.X-CUBE-NFC4.3.0.0
2023-11-16 13:54:50,598 [WARN] PackLoader:240 - Cannot read IP mode file for SEGGER.I-CUBE-embOS.1.2.0
2023-11-16 13:54:50,667 [WARN] PackLoader:240 - Cannot read IP mode file for STMicroelectronics.X-CUBE-BLEMGR.3.0.0
2023-11-16 13:54:50,725 [WARN] PackLoader:240 - Cannot read IP mode file for STMicroelectronics.X-CUBE-BLEMGR.1.3.0
2023-11-16 13:54:50,747 [WARN] PackLoader:240 - Cannot read IP mode file for STMicroelectronics.FP-ATR-SIGFOX1.3.2.0
2023-11-16 13:54:51,013 [WARN] PackLoader:240 - Cannot read IP mode file for emotas.I-CUBE-CANOPEN.1.1.2
2023-11-16 13:54:51,017 [WARN] PackLoader:240 - Cannot read IP mode file for STMicroelectronics.X-CUBE-TOUCHGFX.4.20.0
2023-11-16 13:54:51,070 [WARN] PackLoader:240 - Cannot read IP mode file for STMicroelectronics.X-CUBE-MEMS1.9.5.0
2023-11-16 13:54:51,228 [WARN] PackLoader:240 - Cannot read IP mode file for SEGGER.I-CUBE-embOS.1.3.1
2023-11-16 13:54:51,279 [WARN] PackLoader:240 - Cannot read IP mode file for STMicroelectronics.X-CUBE-GNSS1.6.0.0
2023-11-16 13:54:51,298 [WARN] PackLoader:240 - Cannot read IP mode file for STMicroelectronics.X-CUBE-AZRTOS-F4.1.1.0
2023-11-16 13:54:51,311 [WARN] PackLoader:240 - Cannot read IP mode file for wolfSSL.I-CUBE-wolfSSL.5.6.3
2023-11-16 13:54:51,317 [WARN] PackLoader:240 - Cannot read IP mode file for wolfSSL.I-CUBE-wolfSSL.5.6.0
2023-11-16 13:54:51,336 [WARN] PackLoader:240 - Cannot read IP mode file for STMicroelectronics.X-CUBE-BLEMGR.1.2.0
2023-11-16 13:54:51,367 [WARN] PackLoader:240 - Cannot read IP mode file for STMicroelectronics.X-CUBE-AZRTOS-L5.2.0.0
2023-11-16 13:54:51,408 [WARN] PackLoader:240 - Cannot read IP mode file for STMicroelectronics.X-CUBE-MEMS1.9.6.0
2023-11-16 13:54:51,532 [WARN] PackLoader:240 - Cannot read IP mode file for STMicroelectronics.X-CUBE-EEPRMA1.4.2.0
2023-11-16 13:54:51,537 [WARN] PackLoader:240 - Cannot read IP mode file for ITTIA_DB.I-CUBE-ITTIADB.8.8.0
2023-11-16 13:54:51,557 [WARN] PackLoader:240 - Cannot read IP mode file for emotas.I-CUBE-CANOPEN.1.1.3
2023-11-16 13:54:51,573 [WARN] PackLoader:240 - Cannot read IP mode file for STMicroelectronics.X-CUBE-BLEMGR.2.0.0
2023-11-16 13:54:51,577 [WARN] PackLoader:240 - Cannot read IP mode file for STMicroelectronics.X-CUBE-NFC4.2.0.5
2023-11-16 13:54:51,597 [WARN] PackLoader:240 - Cannot read IP mode file for STMicroelectronics.X-CUBE-NFC4.2.0.4
2023-11-16 13:54:51,626 [WARN] ConditionMgr:438 - getConditionDescription Invalid condition id : UX DEVICE CLASS RTOS Condition cause : null
2023-11-16 13:54:51,627 [WARN] ConditionMgr:438 - getConditionDescription Invalid condition id : UX DEVICE CLASS RTOS Condition cause : null
2023-11-16 13:54:51,632 [WARN] PackLoader:240 - Cannot read IP mode file for STMicroelectronics.X-CUBE-AZRTOS-H7.3.1.0
2023-11-16 13:54:51,632 [WARN] ConditionMgr:1039 - genDependencies : Invalid condition id : UX DEVICE CLASS RTOS Condition cause : null
2023-11-16 13:54:51,633 [WARN] ConditionMgr:1039 - genDependencies : Invalid condition id : UX DEVICE CLASS RTOS Condition cause : null
2023-11-16 13:54:51,633 [WARN] ConditionMgr:1039 - genDependencies : Invalid condition id : UX DEVICE CLASS RTOS Condition cause : null
2023-11-16 13:54:51,633 [WARN] ConditionMgr:1039 - genDependencies : Invalid condition id : UX DEVICE CLASS RTOS Condition cause : null
2023-11-16 13:54:51,633 [WARN] ConditionMgr:1039 - genDependencies : Invalid condition id : UX DEVICE CLASS RTOS Condition cause : null
2023-11-16 13:54:51,647 [WARN] PackLoader:240 - Cannot read IP mode file for STMicroelectronics.X-CUBE-NFC7.1.0.1
2023-11-16 13:54:51,658 [WARN] PackLoader:240 - Cannot read IP mode file for STMicroelectronics.X-CUBE-NFC7.1.0.0
2023-11-16 13:54:51,670 [WARN] PackLoader:240 - Cannot read IP mode file for STMicroelectronics.X-CUBE-NFC6.3.0.0
2023-11-16 13:54:51,688 [WARN] PackLoader:240 - Cannot read IP mode file for STMicroelectronics.X-CUBE-EEPRMA1.4.1.0
2023-11-16 13:54:51,697 [WARN] PackLoader:240 - Cannot read IP mode file for STMicroelectronics.X-CUBE-AI.8.1.0
2023-11-16 13:54:51,728 [WARN] ConditionMgr:438 - getConditionDescription Invalid condition id : LAN8742 Phy interface Condition cause : null
2023-11-16 13:54:51,728 [WARN] PackLoader:240 - Cannot read IP mode file for STMicroelectronics.X-CUBE-AZRTOS-L4.2.0.0
2023-11-16 13:54:51,728 [WARN] ConditionMgr:1039 - genDependencies : Invalid condition id : LAN8742 Phy interface Condition cause : null
2023-11-16 13:54:51,728 [WARN] ConditionMgr:1039 - genDependencies : Invalid condition id : LAN8742 Phy interface Condition cause : null
2023-11-16 13:54:51,728 [WARN] ConditionMgr:1039 - genDependencies : Invalid condition id : LAN8742 Phy interface Condition cause : null
2023-11-16 13:54:51,738 [WARN] PackLoader:240 - Cannot read IP mode file for STMicroelectronics.X-CUBE-SFXS2LP1.4.0.0
2023-11-16 13:54:51,750 [ERROR] ConfigurationRetriever:142 - IOException on connection: connect timed out
2023-11-16 13:54:51,767 [WARN] PackLoader:240 - Cannot read IP mode file for STMicroelectronics.X-CUBE-AZRTOS-H7.3.0.0
2023-11-16 13:54:51,826 [WARN] PackLoader:240 - Cannot read IP mode file for STMicroelectronics.X-CUBE-ISPU.1.1.0
2023-11-16 13:54:51,838 [WARN] PackLoader:240 - Cannot read IP mode file for RoweBots.I-CUBE-UNISONRTOS.5.5.0-4
2023-11-16 13:54:51,854 [WARN] PackLoader:240 - Cannot read IP mode file for wolfSSL.I-CUBE-wolfSSL.5.4.0
2023-11-16 13:54:51,865 [WARN] PackLoader:240 - Cannot read IP mode file for STMicroelectronics.X-CUBE-AI.8.0.0
2023-11-16 13:54:51,887 [WARN] ConditionMgr:438 - getConditionDescription Invalid condition id : UX DEVICE CLASS RTOS Condition cause : null
2023-11-16 13:54:51,887 [WARN] ConditionMgr:438 - getConditionDescription Invalid condition id : UX DEVICE CLASS RTOS Condition cause : null
2023-11-16 13:54:51,887 [WARN] PackLoader:240 - Cannot read IP mode file for STMicroelectronics.X-CUBE-AZRTOS-WB.2.0.0
2023-11-16 13:54:51,887 [WARN] ConditionMgr:1039 - genDependencies : Invalid condition id : UX DEVICE CLASS RTOS Condition cause : null
2023-11-16 13:54:51,887 [WARN] ConditionMgr:1039 - genDependencies : Invalid condition id : UX DEVICE CLASS RTOS Condition cause : null
2023-11-16 13:54:51,887 [WARN] ConditionMgr:1039 - genDependencies : Invalid condition id : UX DEVICE CLASS RTOS Condition cause : null
2023-11-16 13:54:51,887 [WARN] ConditionMgr:1039 - genDependencies : Invalid condition id : UX DEVICE CLASS RTOS Condition cause : null
2023-11-16 13:54:51,887 [WARN] ConditionMgr:1039 - genDependencies : Invalid condition id : UX DEVICE CLASS RTOS Condition cause : null
2023-11-16 13:54:51,901 [WARN] PackLoader:240 - Cannot read IP mode file for STMicroelectronics.X-CUBE-FREERTOS.1.0.0
2023-11-16 13:54:51,908 [WARN] PackLoader:240 - Cannot read IP mode file for STMicroelectronics.X-CUBE-FREERTOS.1.0.1
2023-11-16 13:54:51,925 [WARN] PackLoader:240 - Cannot read IP mode file for STMicroelectronics.X-CUBE-BLEMGR.1.0.0
2023-11-16 13:54:51,938 [WARN] PackLoader:240 - Cannot read IP mode file for STMicroelectronics.X-CUBE-AZRTOS-L5.1.1.0
2023-11-16 13:54:51,953 [WARN] PackLoader:240 - Cannot read IP mode file for STMicroelectronics.X-CUBE-AI.8.0.1
2023-11-16 13:54:51,969 [WARN] PackLoader:240 - Cannot read IP mode file for STMicroelectronics.X-CUBE-SUBG2.5.0.0
2023-11-16 13:54:52,012 [WARN] PackLoader:240 - Cannot read IP mode file for STMicroelectronics.X-CUBE-TOF1.3.3.1
2023-11-16 13:54:52,047 [WARN] PackLoader:240 - Cannot read IP mode file for STMicroelectronics.X-CUBE-AZRTOS-G4.2.0.0
2023-11-16 13:54:52,061 [WARN] PackLoader:240 - Cannot read IP mode file for STMicroelectronics.X-CUBE-TOF1.3.3.0
2023-11-16 13:54:52,078 [WARN] PackLoader:240 - Cannot read IP mode file for STMicroelectronics.FP-ATR-ASTRA1.1.1.1
2023-11-16 13:54:52,102 [WARN] PackLoader:240 - Cannot read IP mode file for Infineon.AIROC-Wi-Fi-Bluetooth-STM32.1.5.1
2023-11-16 13:54:52,109 [WARN] PackLoader:240 - Cannot read IP mode file for STMicroelectronics.FP-ATR-ASTRA1.1.1.0
2023-11-16 13:54:52,137 [WARN] PackLoader:240 - Cannot read IP mode file for STMicroelectronics.X-CUBE-AZRTOS-G4.1.0.0
2023-11-16 13:54:52,162 [WARN] PackLoader:240 - Cannot read IP mode file for STMicroelectronics.X-CUBE-AZRTOS-L4.1.0.0
2023-11-16 13:54:52,238 [WARN] PackLoader:240 - Cannot read IP mode file for STMicroelectronics.X-CUBE-MEMS1.10.0.0
2023-11-16 13:54:52,372 [WARN] PackLoader:240 - Cannot read IP mode file for STMicroelectronics.X-CUBE-FREERTOS.1.1.0
2023-11-16 13:54:52,390 [WARN] PackLoader:240 - Cannot read IP mode file for STMicroelectronics.X-CUBE-AZRTOS-WL.1.0.0
2023-11-16 13:54:52,407 [WARN] PackLoader:240 - Cannot read IP mode file for portGmbH.I-Cube-SoM-uGOAL.1.1.0
2023-11-16 13:54:52,417 [WARN] PackLoader:240 - Cannot read IP mode file for STMicroelectronics.X-CUBE-ALS.1.0.1
2023-11-16 13:54:52,457 [WARN] PackLoader:240 - Cannot read IP mode file for STMicroelectronics.X-CUBE-AZRTOS-WB.1.1.0
2023-11-16 13:54:52,485 [WARN] PackLoader:240 - Cannot read IP mode file for STMicroelectronics.X-CUBE-AZRTOS-L5.1.0.0
2023-11-16 13:54:52,497 [WARN] PackLoader:240 - Cannot read IP mode file for STMicroelectronics.X-CUBE-EEPRMA1.3.1.1
2023-11-16 13:54:52,507 [WARN] PackLoader:240 - Cannot read IP mode file for STMicroelectronics.FP-ATR-ASTRA1.2.0.0
2023-11-16 13:54:52,507 [INFO] ThirdParty:978 - Integrity check success = true
2023-11-16 13:54:52,507 [INFO] IntegrityCheckThread:100 - exiting critical section [integrity check]
2023-11-16 13:54:52,507 [INFO] IntegrityCheckThread:103 - End integrity checks thread
2023-11-16 13:54:52,766 [INFO] Mcu:1937 - Initializing MCU STM32G030C(6-8)Tx STM32G030C8Tx STM32G031K8T6
2023-11-16 13:55:23,768 [INFO] Context:659 - Trying to add GPIOservice into a context  which must be forbidden
2023-11-16 13:55:24,497 [INFO] RtosManager:555 - Registered RTOS mode: class=CMSIS, group=RTOS, mode=CMSIS_V1, owner=FREERTOS
2023-11-16 13:55:24,497 [INFO] RtosManager:555 - Registered RTOS mode: class=CMSIS, group=RTOS2, mode=CMSIS_V2, owner=FREERTOS
2023-11-16 13:55:24,497 [INFO] RtosManager:555 - Registered RTOS mode: class=RTOS, group=Core, mode=CMSIS_V1, owner=FREERTOS
2023-11-16 13:55:24,497 [INFO] RtosManager:555 - Registered RTOS mode: class=RTOS, group=Core, mode=CMSIS_V2, owner=FREERTOS
2023-11-16 13:55:24,497 [WARN] ModelIntegratedComponent:184 - Missing modes for component STMicroelectronics:FreeRTOS:0.0.1:STMicroelectronics:RTOS:FreeRTOS:Core:::10.2.0:
2023-11-16 13:55:24,511 [WARN] ModelIntegratedComponent:63 - No mode defined for component null
2023-11-16 13:55:24,511 [WARN] ModelIntegratedComponent:63 - No mode defined for component null
2023-11-16 13:55:24,511 [WARN] ModelIntegratedComponent:63 - No mode defined for component null
2023-11-16 13:55:24,511 [WARN] ModelIntegratedComponent:63 - No mode defined for component null
2023-11-16 13:55:24,511 [WARN] ModelIntegratedComponent:63 - No mode defined for component null
2023-11-16 13:55:24,511 [WARN] ModelIntegratedComponent:63 - No mode defined for component null
2023-11-16 13:55:24,511 [WARN] ModelIntegratedComponent:63 - No mode defined for component null
2023-11-16 13:55:24,511 [WARN] ModelIntegratedComponent:63 - No mode defined for component null
2023-11-16 13:55:24,511 [WARN] ModelIntegratedComponent:63 - No mode defined for component null
2023-11-16 13:55:24,511 [WARN] ModelIntegratedComponent:63 - No mode defined for component null
2023-11-16 13:55:24,511 [WARN] ModelIntegratedComponent:63 - No mode defined for component null
2023-11-16 13:55:24,511 [WARN] ModelIntegratedComponent:63 - No mode defined for component null
2023-11-16 13:55:24,511 [WARN] ModelIntegratedComponent:63 - No mode defined for component null
2023-11-16 13:55:24,511 [WARN] ModelIntegratedComponent:63 - No mode defined for component null
2023-11-16 13:55:24,511 [WARN] ModelIntegratedComponent:63 - No mode defined for component null
2023-11-16 13:55:24,511 [WARN] ModelIntegratedComponent:63 - No mode defined for component null
2023-11-16 13:55:24,511 [WARN] ModelIntegratedComponent:63 - No mode defined for component null
2023-11-16 13:55:24,511 [WARN] ModelIntegratedComponent:63 - No mode defined for component null
2023-11-16 13:55:24,511 [WARN] ModelIntegratedComponent:63 - No mode defined for component null
2023-11-16 13:55:24,511 [WARN] ModelIntegratedComponent:63 - No mode defined for component null
2023-11-16 13:55:24,511 [WARN] ModelIntegratedComponent:63 - No mode defined for component null
2023-11-16 13:55:24,511 [WARN] ModelIntegratedComponent:63 - No mode defined for component null
2023-11-16 13:55:24,511 [WARN] ModelIntegratedComponent:63 - No mode defined for component null
2023-11-16 13:55:24,511 [WARN] ModelIntegratedComponent:63 - No mode defined for component null
2023-11-16 13:55:24,511 [WARN] ModelIntegratedComponent:63 - No mode defined for component null
2023-11-16 13:55:24,511 [WARN] ModelIntegratedComponent:63 - No mode defined for component null
2023-11-16 13:55:24,511 [WARN] ModelIntegratedComponent:63 - No mode defined for component null
2023-11-16 13:55:24,511 [WARN] ModelIntegratedComponent:63 - No mode defined for component null
2023-11-16 13:55:24,511 [WARN] ModelIntegratedComponent:63 - No mode defined for component null
2023-11-16 13:55:24,511 [WARN] ModelIntegratedComponent:63 - No mode defined for component null
2023-11-16 13:55:24,511 [WARN] ModelIntegratedComponent:63 - No mode defined for component null
2023-11-16 13:55:24,511 [WARN] ModelIntegratedComponent:63 - No mode defined for component null
2023-11-16 13:55:24,511 [WARN] ModelIntegratedComponent:63 - No mode defined for component null
2023-11-16 13:55:24,835 [INFO] ThirdPartyModel:298 - Start build external matchings
2023-11-16 13:55:26,073 [INFO] ThirdPartyModel:316 - End build external matchings
2023-11-16 13:55:26,178 [INFO] ImportTextPane:194 - (OptionalMessage_ERROR) IP (DMA) : Parameter (Instance) has Id (ADC1) currently not set
2023-11-16 13:55:26,178 [INFO] ImportTextPane:194 - (OptionalMessage_ERROR) IP (DMA) : Parameter (Request) has Id (ADC1) currently not set
2023-11-16 13:55:26,178 [INFO] ImportTextPane:194 - (OptionalMessage_ERROR) IP (DMA) : Parameter (Direction) has Id (ADC1) currently not set
2023-11-16 13:55:26,178 [INFO] ImportTextPane:194 - (OptionalMessage_ERROR) IP (DMA) : Parameter (PeriphInc) has Id (ADC1) currently not set
2023-11-16 13:55:26,178 [INFO] ImportTextPane:194 - (OptionalMessage_ERROR) IP (DMA) : Parameter (MemInc) has Id (ADC1) currently not set
2023-11-16 13:55:26,178 [INFO] ImportTextPane:194 - (OptionalMessage_ERROR) IP (DMA) : Parameter (PeriphDataAlignment) has Id (ADC1) currently not set
2023-11-16 13:55:26,178 [INFO] ImportTextPane:194 - (OptionalMessage_ERROR) IP (DMA) : Parameter (MemDataAlignment) has Id (ADC1) currently not set
2023-11-16 13:55:26,178 [INFO] ImportTextPane:194 - (OptionalMessage_ERROR) IP (DMA) : Parameter (Mode) has Id (ADC1) currently not set
2023-11-16 13:55:26,178 [INFO] ImportTextPane:194 - (OptionalMessage_ERROR) IP (DMA) : Parameter (Priority) has Id (ADC1) currently not set
2023-11-16 13:55:26,178 [INFO] ImportTextPane:194 - (OptionalMessage_ERROR) IP (DMA) : Parameter (SignalID) has Id (ADC1) currently not set
2023-11-16 13:55:26,178 [INFO] ImportTextPane:194 - (OptionalMessage_ERROR) IP (DMA) : Parameter (Polarity) has Id (ADC1) currently not set
2023-11-16 13:55:26,178 [INFO] ImportTextPane:194 - (OptionalMessage_ERROR) IP (DMA) : Parameter (RequestNumber) has Id (ADC1) currently not set
2023-11-16 13:55:26,178 [INFO] ImportTextPane:194 - (OptionalMessage_ERROR) IP (DMA) : Parameter (SyncSignalID) has Id (ADC1) currently not set
2023-11-16 13:55:26,178 [INFO] ImportTextPane:194 - (OptionalMessage_ERROR) IP (DMA) : Parameter (SyncPolarity) has Id (ADC1) currently not set
2023-11-16 13:55:26,178 [INFO] ImportTextPane:194 - (OptionalMessage_ERROR) IP (DMA) : Parameter (SyncEnable) has Id (ADC1) currently not set
2023-11-16 13:55:26,178 [INFO] ImportTextPane:194 - (OptionalMessage_ERROR) IP (DMA) : Parameter (EventEnable) has Id (ADC1) currently not set
2023-11-16 13:55:26,178 [INFO] ImportTextPane:194 - (OptionalMessage_ERROR) IP (DMA) : Parameter (SyncRequestNumber) has Id (ADC1) currently not set
2023-11-16 13:55:26,208 [WARN] IP:2113 - FIFOMode not found: check if there is a RefParameter without a condition.
2023-11-16 13:55:26,208 [WARN] IP:2113 - TXFIFOThreshold not found: check if there is a RefParameter without a condition.
2023-11-16 13:55:26,208 [WARN] IP:2113 - RXFIFOThreshold not found: check if there is a RefParameter without a condition.
2023-11-16 13:55:26,208 [WARN] IP:2113 - AutoBaudRateEnableParam not found: check if there is a RefParameter without a condition.
2023-11-16 13:55:28,968 [INFO] UtilMem:75 - End LoadConfig() Used Memory: 556919688 Bytes (659554304)
2023-11-16 13:55:29,192 [INFO] ApiDb:581 - Connected to CubeFinder SQLite database (C:\Users\KDS-LTP-0415\.stmcufinder\plugins\mcufinder\mcu\cube-finder-db.db)
2023-11-16 13:55:29,257 [INFO] ApiDb:668 - CubeFinder database Data Model version=2.1
2023-11-16 13:55:29,257 [INFO] ApiDb:669 - CubeFinder database Configuration version=3.0.37
2023-11-16 13:55:29,257 [INFO] ApiDb:670 - CubeFinder database generation date=2023-08-09 (1691586011)
2023-11-16 13:55:29,257 [INFO] ApiDb:671 - CubeFinder database FW Pack versions=[FP-ATR-ASTRA1_V2.0.0, FP-SNS-FLIGHT1_V5.0.1, FP-SNS-FLIGHT1_V5.0.2, FP-SNS-MOTENV1_V4.3.1, FP-SNS-MOTENV1_V4.3.2, STM32Cube_FW_C0_V1.1.0, STM32Cube_FW_F4_V1.27.1, STM32Cube_FW_F7_V1.17.0, STM32Cube_FW_G0_V1.6.1, STM32Cube_FW_G4_V1.5.1, STM32Cube_FW_H5_V0.5.1, STM32Cube_FW_H5_V1.1.0, STM32Cube_FW_H7_V1.11.0, STM32Cube_FW_L0_V1.12.2, STM32Cube_FW_L5_V1.5.0, STM32Cube_FW_U5_V1.3.0, STM32Cube_FW_U5_V1.3.0RC4, STM32Cube_FW_WBA_V1.0.0RC1, STM32Cube_FW_WBA_V1.1.0, STM32Cube_FW_WBA_V1.1.0RC1, STM32Cube_FW_WB_V1.15.0RC1, STM32Cube_FW_WB_V1.16.0, STM32Cube_FW_WB_V1.16.0RC2, STM32Cube_FW_WB_V1.17.0, STM32Cube_FW_WL_V1.3.0, X-CUBE-ALGOBUILD_V1.3.0, X-CUBE-ALS_V1.0.1, X-CUBE-AZRTOS-F4_V1.1.0, X-CUBE-AZRTOS-F7_V1.1.0, X-CUBE-AZRTOS-G0_V1.1.0, X-CUBE-AZRTOS-G4_V2.0.0, X-CUBE-AZRTOS-H7_V3.1.0, X-CUBE-AZRTOS-L4_V1.0.0, X-CUBE-AZRTOS-L4_V2.0.0, X-CUBE-AZRTOS-L5_V1.1.0, X-CUBE-AZRTOS-WB_V1.1.0, X-CUBE-AZRTOS-WL_V2.0.0, X-CUBE-BLE1_V7.0.0, X-CUBE-BLE2_V3.3.0, X-CUBE-BLEMGR_V2.0.0, X-CUBE-EEPRMA1_V4.1.0, X-CUBE-FREERTOS_V1.1.0, X-CUBE-GNSS1_V6.0.0, X-CUBE-MEMS1_V9.1.0, X-CUBE-MEMS1_V9.4.0, X-CUBE-MEMS1_V9.6.0, X-CUBE-NFC4_V3.0.0, X-CUBE-NFC7_V1.0.0, X-CUBE-SFXS2LP1_V4.0.0, X-CUBE-SUBG2_V5.0.0, X-CUBE-TOF1_V3.3.1]
2023-11-16 13:55:31,499 [INFO] ApiDb:240 - Found 297 in-development CPN: [B-G473E-ZEST1S, B-WB1M-WPAN1, B-WL5M-SUBG1, NUCLEO-C031C6, NUCLEO-H503RB, NUCLEO-H563ZI, NUCLEO-U545RE-Q, NUCLEO-U5A5ZJ-Q, NUCLEO-WBA52CG, STEVAL-PROTEUS1, STEVAL-STWINBX1, STM320518-EVAL, STM32C0116-DK, STM32C011D6Y3TR, STM32C011D6Y6TR, STM32C011F4P3, STM32C011F4P6, STM32C011F4U3, STM32C011F4U6TR, STM32C011F6P3, STM32C011F6P6, STM32C011F6U3, STM32C011F6U6TR, STM32C011J4M3, STM32C011J4M6, STM32C011J6M3, STM32C011J6M6, STM32C0316-DK, STM32C031C4T3, STM32C031C4T6, STM32C031C4U3, STM32C031C4U6, STM32C031C6T3, STM32C031C6T6, STM32C031C6U3, STM32C031C6U6, STM32C031F4P3, STM32C031F4P6, STM32C031F6P3, STM32C031F6P6, STM32C031G4U3, STM32C031G4U6, STM32C031G6U3, STM32C031G6U6, STM32C031K4T3, STM32C031K4T6, STM32C031K4U3, STM32C031K4U6, STM32C031K6T3, STM32C031K6T6, STM32C031K6U3, STM32C031K6U6, STM32G071K8TXN, STM32G071K8UXN, STM32G081GBU6N, STM32G081KBT6N, STM32G081KBUXN, STM32G0B1CCT6N, STM32G0B1KCT6, STM32G0B1NEY6TR, STM32G0B1RCT6N, STM32G0C1CCT6, STM32G0C1CCT6N, STM32G0C1CCU6N, STM32G0C1CET6N, STM32G0C1CEU6N, STM32G0C1KCT6, STM32G0C1NEY6TR, STM32G0C1RCI6N, STM32G0C1RCT6N, STM32G0C1REI6N, STM32G0C1RET6N, STM32G0C1VCI6, STM32G0C1VEI6, STM32G471CCT6, STM32G471CCU6, STM32G471CET3, STM32G471CET6, STM32G471CEU3, STM32G471CEU6, STM32G471MCT6, STM32G471MET3, STM32G471MET6, STM32G471MEY6TR, STM32G471QCT6, STM32G471QET3, STM32G471RCT6, STM32G471RET3, STM32G471RET6, STM32G471VCH6, STM32G471VCI6, STM32G471VCT6, STM32G471VEH3, STM32G471VEH6, STM32G471VEI3, STM32G471VEI6, STM32G471VET3, STM32G471VET6, STM32G474CCT6, STM32H503CBT6, STM32H503CBU6, STM32H503EBY6TR, STM32H503KBU6, STM32H503RBT6, STM32H562AGI6, STM32H562AII6, STM32H562IGK6, STM32H562IGT6, STM32H562IIK6, STM32H562IIT6, STM32H562RGT6, STM32H562RGV6, STM32H562RIT6, STM32H562RIV6, STM32H562VGT6, STM32H562VIT6, STM32H562ZGT6, STM32H562ZIT6, STM32H563AGI6, STM32H563AII3Q, STM32H563AII6, STM32H563IGK6, STM32H563IGT6, STM32H563IIK3Q, STM32H563IIK6, STM32H563IIT3Q, STM32H563IIT6, STM32H563MIY3QTR, STM32H563RGT6, STM32H563RGV6, STM32H563RIT6, STM32H563RIV6, STM32H563VGT6, STM32H563VIT3Q, STM32H563VIT6, STM32H563ZGT6, STM32H563ZIT3Q, STM32H563ZIT6, STM32H573AII3Q, STM32H573AII6, STM32H573I-DK, STM32H573IIK3Q, STM32H573IIK6, STM32H573IIT3Q, STM32H573IIT6, STM32H573MIY3QTR, STM32H573RIT6, STM32H573RIV6, STM32H573VIT3Q, STM32H573VIT6, STM32H573ZIT3Q, STM32H573ZIT6, STM32L4R5QGI6STR, STM32MP131AAE3, STM32MP131AAF3, STM32MP131AAG3, STM32MP131CAE3, STM32MP131CAF3, STM32MP131CAG3, STM32MP131DAE7, STM32MP131DAF7, STM32MP131DAG7, STM32MP131FAE7, STM32MP131FAF7, STM32MP131FAG7, STM32MP133AAE3, STM32MP133AAF3, STM32MP133AAG3, STM32MP133CAE3, STM32MP133CAF3, STM32MP133CAG3, STM32MP133DAE7, STM32MP133DAF7, STM32MP133DAG7, STM32MP133FAE7, STM32MP133FAF7, STM32MP133FAG7, STM32MP135AAE3, STM32MP135AAF3, STM32MP135AAG3, STM32MP135CAE3, STM32MP135CAF3, STM32MP135CAG3, STM32MP135DAE7, STM32MP135DAF7, STM32MP135DAG7, STM32MP135F-DK, STM32MP135FAE7, STM32MP135FAF7, STM32MP135FAF7T, STM32MP135FAF7U, STM32MP135FAG7, STM32U535CBT6, STM32U535CBT6Q, STM32U535CBU6, STM32U535CBU6Q, STM32U535CCT6, STM32U535CCT6Q, STM32U535CCU6, STM32U535CCU6Q, STM32U535CET6, STM32U535CET6Q, STM32U535CEU6, STM32U535CEU6Q, STM32U535JEY6QTR, STM32U535NCY6QTR, STM32U535NEY6QTR, STM32U535RBI6, STM32U535RBI6Q, STM32U535RBT6, STM32U535RBT6Q, STM32U535RCI6, STM32U535RCI6Q, STM32U535RCT6, STM32U535RCT6Q, STM32U535REI6, STM32U535REI6Q, STM32U535RET6, STM32U535RET6Q, STM32U535VCI6, STM32U535VCI6Q, STM32U535VCT6, STM32U535VCT6Q, STM32U535VEI6, STM32U535VEI6Q, STM32U535VET6, STM32U535VET6Q, STM32U545CET6, STM32U545CET6Q, STM32U545CEU6, STM32U545CEU6Q, STM32U545JEY6QTR, STM32U545NEY6QTR, STM32U545REI6, STM32U545REI6Q, STM32U545RET6, STM32U545RET6Q, STM32U545VEI6, STM32U545VEI6Q, STM32U545VET6, STM32U545VET6Q, STM32U595AIH6, STM32U595AIH6Q, STM32U595AJH6, STM32U595AJH6Q, STM32U595QII6, STM32U595QII6Q, STM32U595QJI6, STM32U595QJI6Q, STM32U595RIT6, STM32U595RIT6Q, STM32U595RJT6, STM32U595RJT6Q, STM32U595VIT6, STM32U595VIT6Q, STM32U595VJT6, STM32U595VJT6Q, STM32U595ZIT6, STM32U595ZIT6Q, STM32U595ZIY6QTR, STM32U595ZJT6, STM32U595ZJT6Q, STM32U595ZJY6QTR, STM32U599BJY6QTR, STM32U599NIH6Q, STM32U599NJH6Q, STM32U599VIT6Q, STM32U599VJT6, STM32U599VJT6Q, STM32U599ZIT6Q, STM32U599ZIY6QTR, STM32U599ZJT6Q, STM32U599ZJY6QTR, STM32U5A5AJH6, STM32U5A5AJH6Q, STM32U5A5QJI6, STM32U5A5QJI6Q, STM32U5A5RJT6, STM32U5A5RJT6Q, STM32U5A5VJT6, STM32U5A5VJT6Q, STM32U5A5ZJT6, STM32U5A5ZJT6Q, STM32U5A5ZJY6QTR, STM32U5A9BJY6QTR, STM32U5A9J-DK, STM32U5A9NJH6Q, STM32U5A9VJT6Q, STM32U5A9ZJT6Q, STM32U5A9ZJY6QTR, STM32WB1MMCH6, STM32WBA52CEU6, STM32WBA52CEU6T, STM32WBA52CGU6, STM32WBA52CGU6T, STM32WL5MOCH6, STM32WL5MOCH6TR]
2023-11-16 13:55:31,507 [INFO] DbMcus:216 - Found 3825 MCUs, 3825 are supported
2023-11-16 13:55:31,512 [INFO] ApiDb:423 - Load user favorites file C:\Users\KDS-LTP-0415/.stm32cubeide/favorites.mcus.txt: 0 item(s)
2023-11-16 13:55:31,512 [INFO] ApiDb:427 - User favorites MCUs=[]
2023-11-16 13:55:31,512 [INFO] DbMcus:222 - Set 0 / 0 favorites MCUs
2023-11-16 13:55:31,837 [WARN] ThirdParty:833 - waiting for thirdparty lock release [change project]
2023-11-16 13:55:31,837 [INFO] ThirdParty:835 - entering critical section [change project]
2023-11-16 13:55:31,837 [INFO] ThirdParty:1030 - CMSIS Pack Vendor :STMicroelectronics X-CUBE-GNSS1 6.0.0
2023-11-16 13:55:31,837 [INFO] ThirdParty:1030 - CMSIS Pack Vendor :STMicroelectronics USB_HOST 2.0.0
2023-11-16 13:55:31,837 [INFO] ThirdParty:1030 - CMSIS Pack Vendor :STMicroelectronics X-CUBE-AZRTOS-F4 1.1.0
2023-11-16 13:55:31,837 [INFO] ThirdParty:1030 - CMSIS Pack Vendor :STMicroelectronics LIBJPEG 8.0.0
2023-11-16 13:55:31,837 [INFO] ThirdParty:1030 - CMSIS Pack Vendor :wolfSSL I-CUBE-wolfSSL 5.6.3
2023-11-16 13:55:31,837 [INFO] ThirdParty:1030 - CMSIS Pack Vendor :STMicroelectronics X-CUBE-SMBUS 2.1.0
2023-11-16 13:55:31,837 [INFO] ThirdParty:1030 - CMSIS Pack Vendor :wolfSSL I-CUBE-wolfSSL 5.6.0
2023-11-16 13:55:31,837 [INFO] ThirdParty:1030 - CMSIS Pack Vendor :STMicroelectronics X-CUBE-BLEMGR 1.2.0
2023-11-16 13:55:31,837 [INFO] ThirdParty:1030 - CMSIS Pack Vendor :STMicroelectronics X-CUBE-AZRTOS-F7 1.1.0
2023-11-16 13:55:31,837 [INFO] ThirdParty:1030 - CMSIS Pack Vendor :STMicroelectronics X-CUBE-AZRTOS-L5 2.0.0
2023-11-16 13:55:31,837 [INFO] ThirdParty:1030 - CMSIS Pack Vendor :STMicroelectronics USB_DEVICE 2.0.0
2023-11-16 13:55:31,837 [INFO] ThirdParty:1030 - CMSIS Pack Vendor :STMicroelectronics X-CUBE-MEMS1 9.6.0
2023-11-16 13:55:31,837 [INFO] ThirdParty:1030 - CMSIS Pack Vendor :STMicroelectronics X-CUBE-EEPRMA1 4.2.0
2023-11-16 13:55:31,837 [INFO] ThirdParty:1030 - CMSIS Pack Vendor :ITTIA_DB I-CUBE-ITTIADB 8.8.0
2023-11-16 13:55:31,837 [INFO] ThirdParty:1030 - CMSIS Pack Vendor :STMicroelectronics FP-SNS-MOTENV1 4.3.0
2023-11-16 13:55:31,837 [INFO] ThirdParty:1030 - CMSIS Pack Vendor :STMicroelectronics FP-SNS-MOTENV1 4.3.2
2023-11-16 13:55:31,837 [INFO] ThirdParty:1030 - CMSIS Pack Vendor :STMicroelectronics FP-SNS-FLIGHT1 5.0.0
2023-11-16 13:55:31,837 [INFO] ThirdParty:1030 - CMSIS Pack Vendor :STMicroelectronics FP-SNS-MOTENV1 4.3.1
2023-11-16 13:55:31,837 [INFO] ThirdParty:1030 - CMSIS Pack Vendor :STMicroelectronics FP-SNS-FLIGHT1 5.0.1
2023-11-16 13:55:31,837 [INFO] ThirdParty:1030 - CMSIS Pack Vendor :STMicroelectronics X-CUBE-BLE1 6.2.3
2023-11-16 13:55:31,837 [INFO] ThirdParty:1030 - CMSIS Pack Vendor :STMicroelectronics X-CUBE-BLE1 6.2.4
2023-11-16 13:55:31,837 [INFO] ThirdParty:1030 - CMSIS Pack Vendor :STMicroelectronics FreeRTOS 0.0.1
2023-11-16 13:55:31,837 [INFO] ThirdParty:1030 - CMSIS Pack Vendor :emotas I-CUBE-CANOPEN 1.1.3
2023-11-16 13:55:31,837 [INFO] ThirdParty:1030 - CMSIS Pack Vendor :STMicroelectronics X-CUBE-BLEMGR 2.0.0
2023-11-16 13:55:31,837 [INFO] ThirdParty:1030 - CMSIS Pack Vendor :STMicroelectronics FP-SNS-FLIGHT1 5.0.2
2023-11-16 13:55:31,837 [INFO] ThirdParty:1030 - CMSIS Pack Vendor :STMicroelectronics X-CUBE-NFC4 2.0.5
2023-11-16 13:55:31,837 [INFO] ThirdParty:1030 - CMSIS Pack Vendor :STMicroelectronics X-CUBE-NFC4 2.0.4
2023-11-16 13:55:31,837 [INFO] ThirdParty:1030 - CMSIS Pack Vendor :STMicroelectronics X-CUBE-AZRTOS-H7 3.1.0
2023-11-16 13:55:31,837 [INFO] ThirdParty:1030 - CMSIS Pack Vendor :STMicroelectronics PDM2PCM 3.3.0
2023-11-16 13:55:31,837 [INFO] ThirdParty:1030 - CMSIS Pack Vendor :STMicroelectronics X-CUBE-TOF1 3.1.0
2023-11-16 13:55:31,837 [INFO] ThirdParty:1030 - CMSIS Pack Vendor :STMicroelectronics X-CUBE-DISPLAY 3.0.0
2023-11-16 13:55:31,837 [INFO] ThirdParty:1030 - CMSIS Pack Vendor :STMicroelectronics X-CUBE-BLE1 7.0.0
2023-11-16 13:55:31,837 [INFO] ThirdParty:1030 - CMSIS Pack Vendor :STMicroelectronics HAL Drivers 0.0.0
2023-11-16 13:55:31,837 [INFO] ThirdParty:1030 - CMSIS Pack Vendor :emotas I-CUBE-CANOPEN 1.3.0
2023-11-16 13:55:31,837 [INFO] ThirdParty:1030 - CMSIS Pack Vendor :STMicroelectronics X-CUBE-TOUCHGFX 4.22.0
2023-11-16 13:55:31,837 [INFO] ThirdParty:1030 - CMSIS Pack Vendor :STMicroelectronics X-CUBE-NFC7 1.0.1
2023-11-16 13:55:31,837 [INFO] ThirdParty:1030 - CMSIS Pack Vendor :STMicroelectronics MBEDTLS 2.14.1
2023-11-16 13:55:31,837 [INFO] ThirdParty:1030 - CMSIS Pack Vendor :STMicroelectronics X-CUBE-NFC7 1.0.0
2023-11-16 13:55:31,837 [INFO] ThirdParty:1030 - CMSIS Pack Vendor :STMicroelectronics X-CUBE-TOUCHGFX 4.22.1
2023-11-16 13:55:31,837 [INFO] ThirdParty:1030 - CMSIS Pack Vendor :STMicroelectronics X-CUBE-NFC6 3.0.0
2023-11-16 13:55:31,837 [INFO] ThirdParty:1030 - CMSIS Pack Vendor :STMicroelectronics X-CUBE-MEMS1 9.3.0
2023-11-16 13:55:31,837 [INFO] ThirdParty:1030 - CMSIS Pack Vendor :STMicroelectronics X-CUBE-EEPRMA1 4.1.0
2023-11-16 13:55:31,837 [INFO] ThirdParty:1030 - CMSIS Pack Vendor :STMicroelectronics X-CUBE-AI 7.2.0
2023-11-16 13:55:31,837 [INFO] ThirdParty:1030 - CMSIS Pack Vendor :STMicroelectronics FP-SNS-SMARTAG2 1.2.0
2023-11-16 13:55:31,837 [INFO] ThirdParty:1030 - CMSIS Pack Vendor :STMicroelectronics X-CUBE-AZRTOS-WL 2.0.0
2023-11-16 13:55:31,837 [INFO] ThirdParty:1030 - CMSIS Pack Vendor :STMicroelectronics USB_DEVICE 1.0.0
2023-11-16 13:55:31,844 [INFO] ThirdParty:1030 - CMSIS Pack Vendor :STMicroelectronics X-CUBE-AI 8.1.0
2023-11-16 13:55:31,844 [INFO] ThirdParty:1030 - CMSIS Pack Vendor :STMicroelectronics X-CUBE-AZRTOS-L4 2.0.0
2023-11-16 13:55:31,844 [INFO] ThirdParty:1030 - CMSIS Pack Vendor :STMicroelectronics ThreadX 0.0.2
2023-11-16 13:55:31,844 [INFO] ThirdParty:1030 - CMSIS Pack Vendor :WES I-CUBE-Cesium 1.3.0
2023-11-16 13:55:31,844 [INFO] ThirdParty:1030 - CMSIS Pack Vendor :STMicroelectronics lwIP 2.1.2
2023-11-16 13:55:31,844 [INFO] ThirdParty:1030 - CMSIS Pack Vendor :STMicroelectronics X-CUBE-SFXS2LP1 4.0.0
2023-11-16 13:55:31,844 [INFO] ThirdParty:1030 - CMSIS Pack Vendor :STMicroelectronics X-CUBE-BLE2 3.3.0
2023-11-16 13:55:31,844 [INFO] ThirdParty:1030 - CMSIS Pack Vendor :STMicroelectronics X-CUBE-DISPLAY 2.2.0
2023-11-16 13:55:31,844 [INFO] ThirdParty:1030 - CMSIS Pack Vendor :STMicroelectronics X-CUBE-TOF1 3.2.0
2023-11-16 13:55:31,844 [INFO] ThirdParty:1030 - CMSIS Pack Vendor :STMicroelectronics PDM2PCM 3.2.0
2023-11-16 13:55:31,844 [INFO] ThirdParty:1030 - CMSIS Pack Vendor :STMicroelectronics X-CUBE-AZRTOS-H7 3.0.0
2023-11-16 13:55:31,844 [INFO] ThirdParty:1030 - CMSIS Pack Vendor :STMicroelectronics X-CUBE-ISPU 1.0.0
2023-11-16 13:55:31,844 [INFO] ThirdParty:1030 - CMSIS Pack Vendor :STMicroelectronics X-CUBE-ISPU 1.1.0
2023-11-16 13:55:31,844 [INFO] ThirdParty:1030 - CMSIS Pack Vendor :RoweBots I-CUBE-UNISONRTOS 5.5.0-4
2023-11-16 13:55:31,844 [INFO] ThirdParty:1030 - CMSIS Pack Vendor :STMicroelectronics X-CUBE-AZRTOS-H7 2.1.0
2023-11-16 13:55:31,844 [INFO] ThirdParty:1030 - CMSIS Pack Vendor :wolfSSL I-CUBE-wolfSSL 5.4.0
2023-11-16 13:55:31,844 [INFO] ThirdParty:1030 - CMSIS Pack Vendor :STMicroelectronics USB_DEVICE 3.0.0
2023-11-16 13:55:31,844 [INFO] ThirdParty:1030 - CMSIS Pack Vendor :STMicroelectronics X-CUBE-AI 8.0.0
2023-11-16 13:55:31,844 [INFO] ThirdParty:1030 - CMSIS Pack Vendor :STMicroelectronics X-CUBE-AZRTOS-WB 2.0.0
2023-11-16 13:55:31,844 [INFO] ThirdParty:1030 - CMSIS Pack Vendor :STMicroelectronics X-CUBE-FREERTOS 1.0.0
2023-11-16 13:55:31,844 [INFO] ThirdParty:1030 - CMSIS Pack Vendor :STMicroelectronics X-CUBE-FREERTOS 1.0.1
2023-11-16 13:55:31,844 [INFO] ThirdParty:1030 - CMSIS Pack Vendor :STMicroelectronics X-CUBE-TOUCHGFX 4.21.1
2023-11-16 13:55:31,844 [INFO] ThirdParty:1030 - CMSIS Pack Vendor :STMicroelectronics X-CUBE-TOUCHGFX 4.21.3
2023-11-16 13:55:31,844 [INFO] ThirdParty:1030 - CMSIS Pack Vendor :STMicroelectronics X-CUBE-BLEMGR 1.0.0
2023-11-16 13:55:31,844 [INFO] ThirdParty:1030 - CMSIS Pack Vendor :STMicroelectronics X-CUBE-TOUCHGFX 4.21.4
2023-11-16 13:55:31,844 [INFO] ThirdParty:1030 - CMSIS Pack Vendor :STMicroelectronics X-CUBE-MEMS1 9.4.0
2023-11-16 13:55:31,844 [INFO] ThirdParty:1030 - CMSIS Pack Vendor :STMicroelectronics X-CUBE-AI 7.3.0
2023-11-16 13:55:31,844 [INFO] ThirdParty:1030 - CMSIS Pack Vendor :EdgeImpulse osugiw-project-1 1.0.1
2023-11-16 13:55:31,844 [INFO] ThirdParty:1030 - CMSIS Pack Vendor :STMicroelectronics X-CUBE-ALGOBUILD 1.3.0
2023-11-16 13:55:31,844 [INFO] ThirdParty:1030 - CMSIS Pack Vendor :STMicroelectronics X-CUBE-AZRTOS-L5 1.1.0
2023-11-16 13:55:31,844 [INFO] ThirdParty:1030 - CMSIS Pack Vendor :STMicroelectronics X-CUBE-AZRTOS-G0 1.1.0
2023-11-16 13:55:31,844 [INFO] ThirdParty:1030 - CMSIS Pack Vendor :STMicroelectronics X-CUBE-AI 8.0.1
2023-11-16 13:55:31,844 [INFO] ThirdParty:1030 - CMSIS Pack Vendor :STMicroelectronics X-CUBE-NFC4 3.0.0
2023-11-16 13:55:31,844 [INFO] ThirdParty:1030 - CMSIS Pack Vendor :SEGGER I-CUBE-embOS 1.2.0
2023-11-16 13:55:31,844 [INFO] ThirdParty:1030 - CMSIS Pack Vendor :STMicroelectronics X-CUBE-SUBG2 5.0.0
2023-11-16 13:55:31,844 [INFO] ThirdParty:1030 - CMSIS Pack Vendor :STMicroelectronics STM32_WPAN 1.0.0
2023-11-16 13:55:31,844 [INFO] ThirdParty:1030 - CMSIS Pack Vendor :STMicroelectronics lwIP 2.0.3
2023-11-16 13:55:31,844 [INFO] ThirdParty:1030 - CMSIS Pack Vendor :STMicroelectronics USB_HOST 1.0.0
2023-11-16 13:55:31,844 [INFO] ThirdParty:1030 - CMSIS Pack Vendor :STMicroelectronics X-CUBE-TOF1 3.3.1
2023-11-16 13:55:31,844 [INFO] ThirdParty:1030 - CMSIS Pack Vendor :STMicroelectronics X-CUBE-AZRTOS-G4 2.0.0
2023-11-16 13:55:31,844 [INFO] ThirdParty:1030 - CMSIS Pack Vendor :STMicroelectronics PDM2PCM 3.1.0
2023-11-16 13:55:31,844 [INFO] ThirdParty:1030 - CMSIS Pack Vendor :STMicroelectronics X-CUBE-TOF1 3.3.0
2023-11-16 13:55:31,844 [INFO] ThirdParty:1030 - CMSIS Pack Vendor :STMicroelectronics FP-ATR-ASTRA1 1.1.1
2023-11-16 13:55:31,844 [INFO] ThirdParty:1030 - CMSIS Pack Vendor :Infineon AIROC-Wi-Fi-Bluetooth-STM32 1.5.1
2023-11-16 13:55:31,844 [INFO] ThirdParty:1030 - CMSIS Pack Vendor :STMicroelectronics X-CUBE-BLEMGR 3.0.0
2023-11-16 13:55:31,844 [INFO] ThirdParty:1030 - CMSIS Pack Vendor :STMicroelectronics FP-ATR-ASTRA1 1.1.0
2023-11-16 13:55:31,844 [INFO] ThirdParty:1030 - CMSIS Pack Vendor :STMicroelectronics X-CUBE-BLEMGR 1.3.0
2023-11-16 13:55:31,844 [INFO] ThirdParty:1030 - CMSIS Pack Vendor :STMicroelectronics FP-ATR-SIGFOX1 3.2.0
2023-11-16 13:55:31,844 [INFO] ThirdParty:1030 - CMSIS Pack Vendor :STMicroelectronics X-CUBE-AZRTOS-G4 1.0.0
2023-11-16 13:55:31,844 [INFO] ThirdParty:1030 - CMSIS Pack Vendor :STMicroelectronics X-CUBE-AZRTOS-L4 1.0.0
2023-11-16 13:55:31,844 [INFO] ThirdParty:1030 - CMSIS Pack Vendor :STMicroelectronics MBEDTLS 2.16.2
2023-11-16 13:55:31,844 [INFO] ThirdParty:1030 - CMSIS Pack Vendor :emotas I-CUBE-CANOPEN 1.1.2
2023-11-16 13:55:31,844 [INFO] ThirdParty:1030 - CMSIS Pack Vendor :STMicroelectronics X-CUBE-TOUCHGFX 4.20.0
2023-11-16 13:55:31,844 [INFO] ThirdParty:1030 - CMSIS Pack Vendor :STMicroelectronics X-CUBE-MEMS1 10.0.0
2023-11-16 13:55:31,844 [INFO] ThirdParty:1030 - CMSIS Pack Vendor :STMicroelectronics X-CUBE-FREERTOS 1.1.0
2023-11-16 13:55:31,844 [INFO] ThirdParty:1030 - CMSIS Pack Vendor :STMicroelectronics X-CUBE-AZRTOS-WL 1.0.0
2023-11-16 13:55:31,844 [INFO] ThirdParty:1030 - CMSIS Pack Vendor :portGmbH I-Cube-SoM-uGOAL 1.1.0
2023-11-16 13:55:31,844 [INFO] ThirdParty:1030 - CMSIS Pack Vendor :STMicroelectronics X-CUBE-ALS 1.0.1
2023-11-16 13:55:31,844 [INFO] ThirdParty:1030 - CMSIS Pack Vendor :STMicroelectronics X-CUBE-MEMS1 9.5.0
2023-11-16 13:55:31,844 [INFO] ThirdParty:1030 - CMSIS Pack Vendor :STMicroelectronics ThreadX 1.0.0
2023-11-16 13:55:31,844 [INFO] ThirdParty:1030 - CMSIS Pack Vendor :STMicroelectronics X-CUBE-AZRTOS-WB 1.1.0
2023-11-16 13:55:31,844 [INFO] ThirdParty:1030 - CMSIS Pack Vendor :SEGGER I-CUBE-embOS 1.3.1
2023-11-16 13:55:31,844 [INFO] ThirdParty:1030 - CMSIS Pack Vendor :STMicroelectronics X-CUBE-AZRTOS-L5 1.0.0
2023-11-16 13:55:31,846 [INFO] ThirdParty:1030 - CMSIS Pack Vendor :STMicroelectronics X-CUBE-EEPRMA1 3.1.1
2023-11-16 13:55:31,846 [INFO] ThirdParty:1030 - CMSIS Pack Vendor :STMicroelectronics FP-ATR-ASTRA1 2.0.0
2023-11-16 13:55:31,846 [INFO] ThirdParty:841 - exiting critical section [change project]
2023-11-16 13:55:32,147 [INFO] PinOutPanel:1499 - setPackage(No Configuration,No Configuration)
2023-11-16 13:55:32,147 [INFO] PinOutPanel:1499 - setPackage(STM32G030C8Tx,LQFP48)
2023-11-16 13:55:32,778 [INFO] UtilMem:75 - Before build in PCC Used Memory: 574949176 Bytes (659554304)
2023-11-16 13:55:33,905 [INFO] UtilMem:75 - After build in PCC Used Memory: 561443688 Bytes (659554304)
2023-11-16 13:55:33,937 [INFO] IPUIPlugin:80 - create IPUIPlugin
2023-11-16 13:55:33,937 [INFO] IPUIPlugin:80 - create IPUIPlugin
2023-11-16 13:55:33,937 [INFO] IPUIPlugin:80 - create IPUIPlugin
2023-11-16 13:55:33,937 [INFO] IPUIPlugin:80 - create IPUIPlugin
2023-11-16 13:55:33,937 [INFO] IPUIPlugin:80 - create IPUIPlugin
2023-11-16 13:55:33,937 [INFO] IPUIPlugin:80 - create IPUIPlugin
2023-11-16 13:55:33,937 [INFO] IPUIPlugin:80 - create IPUIPlugin
2023-11-16 13:55:33,937 [INFO] IPUIPlugin:80 - create IPUIPlugin
2023-11-16 13:55:33,937 [INFO] IPUIPlugin:80 - create IPUIPlugin
2023-11-16 13:55:33,937 [INFO] IPUIPlugin:80 - create IPUIPlugin
2023-11-16 13:55:33,937 [INFO] IPUIPlugin:80 - create IPUIPlugin
2023-11-16 13:55:33,937 [INFO] IPUIPlugin:80 - create IPUIPlugin
2023-11-16 13:55:33,937 [INFO] IPUIPlugin:80 - create IPUIPlugin
2023-11-16 13:55:33,937 [INFO] IPUIPlugin:80 - create IPUIPlugin
2023-11-16 13:55:33,937 [INFO] IPUIPlugin:80 - create IPUIPlugin
2023-11-16 13:55:33,937 [INFO] IPUIPlugin:80 - create IPUIPlugin
2023-11-16 13:55:33,937 [INFO] IPUIPlugin:80 - create IPUIPlugin
2023-11-16 13:55:33,942 [INFO] IPUIPlugin:80 - create IPUIPlugin
2023-11-16 13:55:33,942 [INFO] IPUIPlugin:80 - create IPUIPlugin
2023-11-16 13:55:33,942 [INFO] IPUIPlugin:80 - create IPUIPlugin
2023-11-16 13:55:33,942 [INFO] IPUIPlugin:80 - create IPUIPlugin
2023-11-16 13:55:33,942 [INFO] IPUIPlugin:80 - create IPUIPlugin
2023-11-16 13:55:33,942 [INFO] IPUIPlugin:80 - create IPUIPlugin
2023-11-16 13:55:33,942 [INFO] IPUIPlugin:80 - create IPUIPlugin
2023-11-16 13:55:33,942 [INFO] IPUIPlugin:80 - create IPUIPlugin
2023-11-16 13:55:33,960 [WARN] IP:2113 - FIFOMode not found: check if there is a RefParameter without a condition.
2023-11-16 13:55:33,960 [WARN] IP:2113 - TXFIFOThreshold not found: check if there is a RefParameter without a condition.
2023-11-16 13:55:33,960 [WARN] IP:2113 - RXFIFOThreshold not found: check if there is a RefParameter without a condition.
2023-11-16 13:55:33,960 [WARN] IP:2113 - AutoBaudRateEnableParam not found: check if there is a RefParameter without a condition.
2023-11-16 13:55:34,257 [INFO] CADModel:165 - CPN selected for project levelSTM32G031K8T6
2023-11-16 13:55:34,257 [INFO] CADModel:114 - Register for checkConnection events
2023-11-16 13:55:34,322 [INFO] OpenFileManager:328 - Restore cursor
2023-11-16 13:55:34,507 [WARN] IP:2113 - FIFOMode not found: check if there is a RefParameter without a condition.
2023-11-16 13:55:34,507 [WARN] IP:2113 - TXFIFOThreshold not found: check if there is a RefParameter without a condition.
2023-11-16 13:55:34,507 [WARN] IP:2113 - RXFIFOThreshold not found: check if there is a RefParameter without a condition.
2023-11-16 13:55:34,507 [WARN] IP:2113 - AutoBaudRateEnableParam not found: check if there is a RefParameter without a condition.
2023-11-16 13:55:34,507 [WARN] IP:2113 - FIFOMode not found: check if there is a RefParameter without a condition.
2023-11-16 13:55:34,507 [WARN] IP:2113 - TXFIFOThreshold not found: check if there is a RefParameter without a condition.
2023-11-16 13:55:34,507 [WARN] IP:2113 - RXFIFOThreshold not found: check if there is a RefParameter without a condition.
2023-11-16 13:55:34,507 [WARN] IP:2113 - AutoBaudRateEnableParam not found: check if there is a RefParameter without a condition.
2023-11-16 13:56:10,783 [INFO] NvicIntPanel:101 - NVIC parent = com.st.microxplorer.plugins.ip.nvic.MultiNvicIntPanel[,0,0,0x0,invalid,layout=javax.swing.BoxLayout,alignmentX=0.0,alignmentY=0.0,border=,flags=9,maximumSize=,minimumSize=,preferredSize=]
2023-11-16 13:56:11,448 [INFO] UtilMem:75 - End SaveConfig() Used Memory: 538390752 Bytes (659554304)
2023-11-16 13:56:11,542 [INFO] UtilMem:75 - End SaveConfig() Used Memory: 548023648 Bytes (659554304)
2023-11-16 13:56:12,297 [INFO] UtilMem:75 - End SaveConfig() Used Memory: 555093544 Bytes (659554304)
2023-11-16 13:56:13,027 [INFO] BlockDiagram:2759 - set Specific Code input for plugin: NVIC
2023-11-16 13:56:13,027 [INFO] BlockDiagram:2759 - set Specific Code input for plugin: USART
2023-11-16 13:56:13,027 [INFO] BlockDiagram:2759 - set Specific Code input for plugin: DMA
2023-11-16 13:56:13,027 [INFO] BlockDiagram:2759 - set Specific Code input for plugin: TIM1_8G0
2023-11-16 13:56:13,027 [INFO] BlockDiagram:2759 - set Specific Code input for plugin: TIM1_8G0
2023-11-16 13:56:13,027 [INFO] BlockDiagram:2759 - set Specific Code input for plugin: TIM1_8G0
2023-11-16 13:56:13,027 [INFO] BlockDiagram:2759 - set Specific Code input for plugin: TIM1_8G0
2023-11-16 13:56:13,027 [INFO] BlockDiagram:2759 - set Specific Code input for plugin: SYS
2023-11-16 13:56:13,027 [INFO] BlockDiagram:2759 - set Specific Code input for plugin: GPIO
2023-11-16 13:56:13,027 [INFO] BlockDiagram:2759 - set Specific Code input for plugin: ADC
2023-11-16 13:56:13,027 [INFO] BlockDiagram:2759 - set Specific Code input for plugin: RCC
2023-11-16 13:56:13,027 [INFO] CodeGenerator:793 - code generatio: config db path: C:\ST\STM32CubeIDE_1.12.1\STM32CubeIDE\plugins\com.st.stm32cube.common.mx_6.8.1.202304191431\\db\
2023-11-16 13:56:13,119 [WARN] IP:2113 - FIFOMode not found: check if there is a RefParameter without a condition.
2023-11-16 13:56:13,119 [WARN] IP:2113 - TXFIFOThreshold not found: check if there is a RefParameter without a condition.
2023-11-16 13:56:13,119 [WARN] IP:2113 - RXFIFOThreshold not found: check if there is a RefParameter without a condition.
2023-11-16 13:56:13,119 [WARN] IP:2113 - AutoBaudRateEnableParam not found: check if there is a RefParameter without a condition.
2023-11-16 13:56:13,547 [INFO] CodeEngine:255 - oldGeneratedFile, D:\Project\Rice Cooker\RiceCooker_v1\RiceCooker_v1_CubeIDE\MXTmpFiles\license.tmp_save
2023-11-16 13:56:13,977 [INFO] CodeEngine:279 - Generated code: D:\Project\Rice Cooker\RiceCooker_v1\RiceCooker_v1_CubeIDE\MXTmpFiles\license.tmp
2023-11-16 13:56:14,257 [INFO] CodeEngine:255 - oldGeneratedFile, D:\Project\Rice Cooker\RiceCooker_v1\RiceCooker_v1_CubeIDE\MXTmpFiles\gpio.tmp_save
2023-11-16 13:56:14,403 [INFO] CodeEngine:279 - Generated code: D:\Project\Rice Cooker\RiceCooker_v1\RiceCooker_v1_CubeIDE\MXTmpFiles\gpio.tmp
2023-11-16 13:56:15,913 [INFO] CodeEngine:255 - oldGeneratedFile, D:\Project\Rice Cooker\RiceCooker_v1\RiceCooker_v1_CubeIDE\MXTmpFiles\dma.tmp_save
2023-11-16 13:56:15,996 [INFO] CodeEngine:279 - Generated code: D:\Project\Rice Cooker\RiceCooker_v1\RiceCooker_v1_CubeIDE\MXTmpFiles\dma.tmp
2023-11-16 13:56:16,002 [INFO] CodeEngine:255 - oldGeneratedFile, D:\Project\Rice Cooker\RiceCooker_v1\RiceCooker_v1_CubeIDE\MXTmpFiles\dma_GV.tmp_save
2023-11-16 13:56:16,082 [INFO] CodeEngine:279 - Generated code: D:\Project\Rice Cooker\RiceCooker_v1\RiceCooker_v1_CubeIDE\MXTmpFiles\dma_GV.tmp
2023-11-16 13:56:16,097 [INFO] CodeEngine:255 - oldGeneratedFile, D:\Project\Rice Cooker\RiceCooker_v1\RiceCooker_v1_CubeIDE\Core\Src\stm32g0xx_it.c_save
2023-11-16 13:56:16,217 [INFO] CodeEngine:279 - Generated code: D:\Project\Rice Cooker\RiceCooker_v1\RiceCooker_v1_CubeIDE\Core\Src\stm32g0xx_it.c
2023-11-16 13:56:16,228 [INFO] CodeEngine:255 - oldGeneratedFile, D:\Project\Rice Cooker\RiceCooker_v1\RiceCooker_v1_CubeIDE\Core\Inc\stm32g0xx_it.h_save
2023-11-16 13:56:16,309 [INFO] CodeEngine:279 - Generated code: D:\Project\Rice Cooker\RiceCooker_v1\RiceCooker_v1_CubeIDE\Core\Inc\stm32g0xx_it.h
2023-11-16 13:56:16,347 [INFO] CodeEngine:255 - oldGeneratedFile, D:\Project\Rice Cooker\RiceCooker_v1\RiceCooker_v1_CubeIDE\Core\Src\stm32g0xx_hal_msp.c_save
2023-11-16 13:56:16,467 [INFO] CodeEngine:279 - Generated code: D:\Project\Rice Cooker\RiceCooker_v1\RiceCooker_v1_CubeIDE\Core\Src\stm32g0xx_hal_msp.c
2023-11-16 13:56:16,478 [INFO] CodeEngine:255 - oldGeneratedFile, D:\Project\Rice Cooker\RiceCooker_v1\RiceCooker_v1_CubeIDE\MXTmpFiles\system.tmp_save
2023-11-16 13:56:16,541 [INFO] CodeEngine:279 - Generated code: D:\Project\Rice Cooker\RiceCooker_v1\RiceCooker_v1_CubeIDE\MXTmpFiles\system.tmp
2023-11-16 13:56:16,557 [INFO] CodeEngine:311 - oldGeneratedFile, D:\Project\Rice Cooker\RiceCooker_v1\RiceCooker_v1_CubeIDE\Core\Inc\stm32g0xx_hal_conf.h_save
2023-11-16 13:56:16,595 [ERROR] ConfigurationRetriever:142 - IOException on connection: connect timed out
2023-11-16 13:56:16,621 [INFO] CodeEngine:335 - Generated code: D:\Project\Rice Cooker\RiceCooker_v1\RiceCooker_v1_CubeIDE\Core\Inc\stm32g0xx_hal_conf.h
2023-11-16 13:56:16,648 [WARN] IPConfigManager:3431 - IP not found : TIM
2023-11-16 13:56:16,648 [WARN] CodeGenerator:3754 - IP not found : null
2023-11-16 13:56:16,661 [INFO] CodeEngine:255 - oldGeneratedFile, D:\Project\Rice Cooker\RiceCooker_v1\RiceCooker_v1_CubeIDE\Core\Inc\main.h_save
2023-11-16 13:56:16,742 [INFO] CodeEngine:279 - Generated code: D:\Project\Rice Cooker\RiceCooker_v1\RiceCooker_v1_CubeIDE\Core\Inc\main.h
2023-11-16 13:56:16,755 [INFO] CodeEngine:255 - oldGeneratedFile, D:\Project\Rice Cooker\RiceCooker_v1\RiceCooker_v1_CubeIDE\Core\Src\main.c_save
2023-11-16 13:56:17,027 [INFO] CodeEngine:279 - Generated code: D:\Project\Rice Cooker\RiceCooker_v1\RiceCooker_v1_CubeIDE\Core\Src\main.c
2023-11-16 13:56:17,901 [INFO] ProjectBuilder:2996 - Time for Copy HAL[1] : 220mS.
2023-11-16 13:56:17,917 [INFO] ProjectBuilder:4304 - Project Generator version: 3.19.2
2023-11-16 13:56:19,035 [INFO] ConfigFileManager:1483 - The Die is : DIE466
2023-11-16 13:56:19,049 [INFO] ApiDbMcu:507 - Load IP Config File for FATFS
2023-11-16 13:56:19,064 [INFO] ApiDbMcu:507 - Load IP Config File for FREERTOS
2023-11-16 13:56:20,977 [INFO] LogOutputStream:77 - [STDOUT_REDIRECT] 
2023-11-16 13:56:21,601 [ERROR] ConfigurationRetriever:142 - IOException on connection: connect timed out
2023-11-16 13:56:22,872 [INFO] ProjectBuilder:4505 - Time for Generating toolchain IDE Files: 4955mS.
2023-11-16 13:56:22,874 [INFO] ProjectBuilder:2867 - Time for Copy CMSIS : 1mS.
2023-11-16 13:56:22,876 [INFO] ProjectBuilder:2867 - Time for Copy CMSIS : 0mS.
2023-11-16 13:56:26,613 [ERROR] ConfigurationRetriever:142 - IOException on connection: connect timed out
