2023-11-28 08:01:48,707 [INFO] Activator:176 - 


2023-11-28 08:01:48,707 [INFO] Activator:177 - !SESSION log4j initialized
2023-11-28 08:01:57,116 [INFO] LogOutputStream:77 - [STDOUT_REDIRECT] 
2023-11-28 08:02:19,524 [ERROR] LogOutputStream:75 - [STDERR_REDIRECT] SLF4J: Failed to load class "org.slf4j.impl.StaticLoggerBinder".
2023-11-28 08:02:19,524 [ERROR] LogOutputStream:75 - [STDERR_REDIRECT] SLF4J: Defaulting to no-operation (NOP) logger implementation
2023-11-28 08:02:19,526 [ERROR] LogOutputStream:75 - [STDERR_REDIRECT] SLF4J: See http://www.slf4j.org/codes.html#StaticLoggerBinder for further details.
2023-11-28 10:55:39,894 [ERROR] ConfigurationRetriever:142 - IOException on connection: connect timed out
2023-11-28 11:10:42,657 [INFO] ApplicationProperties:184 - Using Application install path: C:\ST\STM32CubeIDE_1.12.1\STM32CubeIDE\plugins\com.st.stm32cube.common.mx_6.8.1.202304191431
2023-11-28 11:10:42,686 [INFO] DbMcusXml:78 - Set database path to: C:\ST\STM32CubeIDE_1.12.1\STM32CubeIDE\plugins\com.st.stm32cube.common.mx_6.8.1.202304191431\\db\/mcu/
2023-11-28 11:10:42,687 [INFO] ApiDb:274 - Set plugin database path to: C:\ST\STM32CubeIDE_1.12.1\STM32CubeIDE\plugins\com.st.stm32cube.common.mx_6.8.1.202304191431\\db\/plugins/boardmanager/
2023-11-28 11:10:42,689 [WARN] ApiDb:259 - Overriding images path with different value:  => C:\ST\STM32CubeIDE_1.12.1\STM32CubeIDE\plugins\com.st.stm32cube.common.mx_6.8.1.202304191431\\db\/plugins/mcufinder/images/
2023-11-28 11:10:42,720 [INFO] ApiDb:250 - Set database path to: C:\Users\KDS-LTP-0415\.stmcufinder\plugins\mcufinder//mcu/
2023-11-28 11:10:42,724 [INFO] DbMcusAds:125 - Set database path to: C:\Users\KDS-LTP-0415\.stmcufinder\plugins\mcufinder//mcu/
2023-11-28 11:10:42,997 [INFO] CrossReferenceDbSqlite:203 - Set database path to: C:\Users\KDS-LTP-0415\.stmcufinder\plugins\mcufinder//mcu/cs/
2023-11-28 11:10:43,140 [INFO] RulesReader:64 - Compatibility file has been processed (293 Rules)
2023-11-28 11:10:43,238 [INFO] DbMcusXml:78 - Set database path to: C:\ST\STM32CubeIDE_1.12.1\STM32CubeIDE\plugins\com.st.stm32cube.common.mx_6.8.1.202304191431\\db\/mcu/
2023-11-28 11:10:43,238 [INFO] ApiDb:274 - Set plugin database path to: C:\ST\STM32CubeIDE_1.12.1\STM32CubeIDE\plugins\com.st.stm32cube.common.mx_6.8.1.202304191431\\db\/plugins/boardmanager/
2023-11-28 11:10:43,238 [INFO] ApiDb:261 - Set plugin images path to: C:\ST\STM32CubeIDE_1.12.1\STM32CubeIDE\plugins\com.st.stm32cube.common.mx_6.8.1.202304191431\\db\/plugins/mcufinder/images/
2023-11-28 11:10:43,238 [WARN] DbFile:41 - Overriding database path with different value: C:\Users\KDS-LTP-0415\.stmcufinder\plugins\mcufinder/ => C:\Users\KDS-LTP-0415\.stmcufinder\plugins\mcufinder
2023-11-28 11:10:43,238 [INFO] ApiDb:250 - Set database path to: C:\Users\KDS-LTP-0415\.stmcufinder\plugins\mcufinder//mcu/
2023-11-28 11:10:43,238 [WARN] DbFile:41 - Overriding database path with different value: C:\Users\KDS-LTP-0415\.stmcufinder\plugins\mcufinder/ => C:\Users\KDS-LTP-0415\.stmcufinder\plugins\mcufinder
2023-11-28 11:10:43,238 [INFO] DbMcusAds:125 - Set database path to: C:\Users\KDS-LTP-0415\.stmcufinder\plugins\mcufinder//mcu/
2023-11-28 11:10:43,239 [WARN] DbFile:41 - Overriding database path with different value: C:\Users\KDS-LTP-0415\.stmcufinder\plugins\mcufinder/ => C:\Users\KDS-LTP-0415\.stmcufinder\plugins\mcufinder
2023-11-28 11:10:43,239 [WARN] DbFile:41 - Overriding database path with different value: C:\Users\KDS-LTP-0415\.stmcufinder\plugins\mcufinder/ => C:\Users\KDS-LTP-0415\.stmcufinder\plugins\mcufinder
2023-11-28 11:10:43,239 [INFO] CrossReferenceDbSqlite:203 - Set database path to: C:\Users\KDS-LTP-0415\.stmcufinder\plugins\mcufinder//mcu/cs/
2023-11-28 11:10:43,321 [INFO] MainPanel:253 - HeapMemory: 725614592
2023-11-28 11:10:43,433 [INFO] DbMcusXml:78 - Set database path to: C:\ST\STM32CubeIDE_1.12.1\STM32CubeIDE\plugins\com.st.stm32cube.common.mx_6.8.1.202304191431\\db\/mcu/
2023-11-28 11:10:43,433 [INFO] ApiDb:274 - Set plugin database path to: C:\ST\STM32CubeIDE_1.12.1\STM32CubeIDE\plugins\com.st.stm32cube.common.mx_6.8.1.202304191431\\db\/plugins/boardmanager/
2023-11-28 11:10:43,434 [INFO] ApiDb:261 - Set plugin images path to: C:\ST\STM32CubeIDE_1.12.1\STM32CubeIDE\plugins\com.st.stm32cube.common.mx_6.8.1.202304191431\\db\/plugins/mcufinder/images/
2023-11-28 11:10:43,434 [WARN] DbFile:41 - Overriding database path with different value: C:\Users\KDS-LTP-0415\.stmcufinder\plugins\mcufinder/ => C:\Users\KDS-LTP-0415\.stmcufinder\plugins\mcufinder
2023-11-28 11:10:43,434 [INFO] ApiDb:250 - Set database path to: C:\Users\KDS-LTP-0415\.stmcufinder\plugins\mcufinder//mcu/
2023-11-28 11:10:43,434 [WARN] DbFile:41 - Overriding database path with different value: C:\Users\KDS-LTP-0415\.stmcufinder\plugins\mcufinder/ => C:\Users\KDS-LTP-0415\.stmcufinder\plugins\mcufinder
2023-11-28 11:10:43,434 [INFO] DbMcusAds:125 - Set database path to: C:\Users\KDS-LTP-0415\.stmcufinder\plugins\mcufinder//mcu/
2023-11-28 11:10:43,434 [WARN] DbFile:41 - Overriding database path with different value: C:\Users\KDS-LTP-0415\.stmcufinder\plugins\mcufinder/ => C:\Users\KDS-LTP-0415\.stmcufinder\plugins\mcufinder
2023-11-28 11:10:43,434 [WARN] DbFile:41 - Overriding database path with different value: C:\Users\KDS-LTP-0415\.stmcufinder\plugins\mcufinder/ => C:\Users\KDS-LTP-0415\.stmcufinder\plugins\mcufinder
2023-11-28 11:10:43,435 [INFO] CrossReferenceDbSqlite:203 - Set database path to: C:\Users\KDS-LTP-0415\.stmcufinder\plugins\mcufinder//mcu/cs/
2023-11-28 11:10:43,457 [INFO] ApplicationProperties:184 - Using Application install path: C:\ST\STM32CubeIDE_1.12.1\STM32CubeIDE\plugins\com.st.stm32cube.common.mx_6.8.1.202304191431
2023-11-28 11:10:43,459 [INFO] PluginManage:196 - Search for loadable plugins [exclusion list=, ]
2023-11-28 11:10:43,461 [INFO] PluginManage:310 - Check plugin analytics
2023-11-28 11:10:43,687 [INFO] AnalyticsPlugin:253 - Accepted Software Licenses: STM32CubeMX.6.2.1,STM32CubeMX.6.6.1,STM32CubeMX.6.7.0,STM32CubeMX.6.8.1,STM32CubeMX.6.9.1
2023-11-28 11:10:43,687 [INFO] AnalyticsPlugin:255 - Accepted CMSIS Pack Licenses: EdgeImpulse.osugiw-project-1.1.0.1
2023-11-28 11:10:43,687 [INFO] AnalyticsPlugin:257 - Accepted Firmware Licenses: FW.G0.1.6.0,FW.WB.1.16.0
2023-11-28 11:10:43,692 [INFO] PluginManage:359 - Loaded plugin analytics (category:tool,tabindex:-1)
2023-11-28 11:10:43,692 [INFO] PluginManage:310 - Check plugin cadmodel
2023-11-28 11:10:43,713 [INFO] CADModel:105 - Init CAD model plugin
2023-11-28 11:10:43,714 [INFO] PluginManage:359 - Loaded plugin cadmodel (category:power,tabindex:5)
2023-11-28 11:10:43,714 [INFO] PluginManage:310 - Check plugin clock
2023-11-28 11:10:43,734 [INFO] PluginManage:359 - Loaded plugin clock (category:base,tabindex:2)
2023-11-28 11:10:43,734 [INFO] PluginManage:310 - Check plugin ddr
2023-11-28 11:10:43,737 [INFO] PluginManage:359 - Loaded plugin ddr (category:tool,tabindex:6)
2023-11-28 11:10:43,738 [INFO] PluginManage:310 - Check plugin filemanager
2023-11-28 11:10:43,975 [INFO] PluginManage:359 - Loaded plugin filemanager (category:base,tabindex:10)
2023-11-28 11:10:43,975 [INFO] PluginManage:310 - Check plugin ipmanager
2023-11-28 11:10:43,985 [INFO] PluginManage:359 - Loaded plugin ipmanager (category:base,tabindex:5)
2023-11-28 11:10:43,985 [INFO] PluginManage:310 - Check plugin lpbam
2023-11-28 11:10:44,244 [INFO] PluginManage:359 - Loaded plugin lpbam (category:base,tabindex:0)
2023-11-28 11:10:44,244 [INFO] PluginManage:310 - Check plugin pinoutandconfiguration
2023-11-28 11:10:44,258 [INFO] PluginManage:359 - Loaded plugin pinoutandconfiguration (category:base,tabindex:1)
2023-11-28 11:10:44,259 [INFO] PluginManage:310 - Check plugin pinoutconfig
2023-11-28 11:10:44,374 [WARN] SupportedApi:132 - Cannot load RTOS API schema: s4s-elt-must-match.1: The content of 'definitions' must match (annotation?, (simpleType | complexType)?, (unique | key | keyref)*)). A problem was found starting at: attribute.
2023-11-28 11:10:44,515 [INFO] PluginManage:359 - Loaded plugin pinoutconfig (category:base,tabindex:0)
2023-11-28 11:10:44,515 [INFO] PluginManage:310 - Check plugin power
2023-11-28 11:10:44,554 [INFO] PluginManage:359 - Loaded plugin power (category:power,tabindex:4)
2023-11-28 11:10:44,555 [INFO] PluginManage:310 - Check plugin projectmanager
2023-11-28 11:10:44,571 [INFO] PluginManage:359 - Loaded plugin projectmanager (category:projectmanager,tabindex:3)
2023-11-28 11:10:44,571 [INFO] PluginManage:310 - Check plugin thirdparty
2023-11-28 11:10:44,820 [INFO] PluginManage:359 - Loaded plugin thirdparty (category:base,tabindex:-1)
2023-11-28 11:10:44,819 [WARN] IntegrityCheckThread:84 - waiting for thirdparty lock release [integrity check]
2023-11-28 11:10:44,820 [INFO] PluginManage:310 - Check plugin tools
2023-11-28 11:10:44,820 [INFO] IntegrityCheckThread:86 - entering critical section [integrity check]
2023-11-28 11:10:44,821 [INFO] ThirdPartyUpdaterWithRetryManager:70 - Updater plugin not ready yet. [1/15]
2023-11-28 11:10:44,848 [INFO] PluginManage:359 - Loaded plugin tools (category:base,tabindex:7)
2023-11-28 11:10:44,849 [INFO] PluginManage:310 - Check plugin tutovideos
2023-11-28 11:10:45,206 [INFO] PluginManage:359 - Loaded plugin tutovideos (category:base,tabindex:-1)
2023-11-28 11:10:45,206 [INFO] PluginManage:310 - Check plugin updater
2023-11-28 11:10:45,225 [INFO] PluginManage:359 - Loaded plugin updater (category:base,tabindex:12)
2023-11-28 11:10:45,226 [INFO] PluginManage:283 - PluginManage : Loaded plugins [15]
2023-11-28 11:10:45,581 [INFO] PinOutPanel:1499 - setPackage(No Configuration,No Configuration)
2023-11-28 11:10:45,647 [INFO] CADModel:165 - CPN selected for project level
2023-11-28 11:10:45,648 [INFO] CADModel:114 - Register for checkConnection events
2023-11-28 11:10:45,743 [INFO] IPUIPlugin:80 - create IPUIPlugin
2023-11-28 11:10:45,744 [INFO] PluginManager:220 - loadIPPluginJar : add adc
2023-11-28 11:10:45,769 [INFO] IPUIPlugin:80 - create IPUIPlugin
2023-11-28 11:10:45,769 [INFO] PluginManager:220 - loadIPPluginJar : add aes
2023-11-28 11:10:45,800 [INFO] IPUIPlugin:80 - create IPUIPlugin
2023-11-28 11:10:45,800 [INFO] PluginManager:220 - loadIPPluginJar : add can
2023-11-28 11:10:45,817 [INFO] IPUIPlugin:80 - create IPUIPlugin
2023-11-28 11:10:45,818 [INFO] PluginManager:220 - loadIPPluginJar : add comp
2023-11-28 11:10:45,844 [INFO] IPUIPlugin:80 - create IPUIPlugin
2023-11-28 11:10:45,845 [INFO] PluginManager:220 - loadIPPluginJar : add cryp
2023-11-28 11:10:45,869 [INFO] IPUIPlugin:80 - create IPUIPlugin
2023-11-28 11:10:45,869 [INFO] PluginManager:220 - loadIPPluginJar : add dfsdm
2023-11-28 11:10:45,934 [INFO] IPUIPlugin:80 - create IPUIPlugin
2023-11-28 11:10:45,935 [INFO] PluginManager:220 - loadIPPluginJar : add dma
2023-11-28 11:10:45,940 [INFO] IPUIPlugin:80 - create IPUIPlugin
2023-11-28 11:10:45,940 [INFO] PluginManager:220 - loadIPPluginJar : add dma3
2023-11-28 11:10:45,956 [INFO] IPUIPlugin:80 - create IPUIPlugin
2023-11-28 11:10:45,957 [INFO] PluginManager:220 - loadIPPluginJar : add fatfs
2023-11-28 11:10:45,991 [INFO] IPUIPlugin:80 - create IPUIPlugin
2023-11-28 11:10:45,991 [INFO] PluginManager:220 - loadIPPluginJar : add fmc
2023-11-28 11:10:46,005 [INFO] IPUIPlugin:80 - create IPUIPlugin
2023-11-28 11:10:46,006 [INFO] PluginManager:220 - loadIPPluginJar : add freertos
2023-11-28 11:10:46,024 [INFO] IPUIPlugin:80 - create IPUIPlugin
2023-11-28 11:10:46,024 [INFO] PluginManager:220 - loadIPPluginJar : add genericplugin
2023-11-28 11:10:46,095 [INFO] IPUIPlugin:80 - create IPUIPlugin
2023-11-28 11:10:46,095 [INFO] PluginManager:220 - loadIPPluginJar : add gfxmmu
2023-11-28 11:10:46,193 [INFO] IPUIPlugin:80 - create IPUIPlugin
2023-11-28 11:10:46,193 [INFO] PluginManager:220 - loadIPPluginJar : add gic
2023-11-28 11:10:46,205 [INFO] IPUIPlugin:80 - create IPUIPlugin
2023-11-28 11:10:46,206 [INFO] PluginManager:220 - loadIPPluginJar : add gpio
2023-11-28 11:10:46,267 [INFO] IPUIPlugin:80 - create IPUIPlugin
2023-11-28 11:10:46,268 [INFO] PluginManager:220 - loadIPPluginJar : add gtzc
2023-11-28 11:10:46,295 [INFO] IPUIPlugin:80 - create IPUIPlugin
2023-11-28 11:10:46,296 [INFO] PluginManager:220 - loadIPPluginJar : add hash
2023-11-28 11:10:46,336 [INFO] IPUIPlugin:80 - create IPUIPlugin
2023-11-28 11:10:46,336 [INFO] PluginManager:220 - loadIPPluginJar : add i2c
2023-11-28 11:10:46,369 [INFO] IPUIPlugin:80 - create IPUIPlugin
2023-11-28 11:10:46,369 [INFO] PluginManager:220 - loadIPPluginJar : add i2s
2023-11-28 11:10:46,374 [INFO] IPUIPlugin:80 - create IPUIPlugin
2023-11-28 11:10:46,375 [INFO] PluginManager:220 - loadIPPluginJar : add i3c
2023-11-28 11:10:46,380 [INFO] IPUIPlugin:80 - create IPUIPlugin
2023-11-28 11:10:46,380 [INFO] PluginManager:220 - loadIPPluginJar : add ipddr
2023-11-28 11:10:46,448 [INFO] IPUIPlugin:80 - create IPUIPlugin
2023-11-28 11:10:46,448 [INFO] PluginManager:220 - loadIPPluginJar : add linkedlist
2023-11-28 11:10:46,476 [INFO] IPUIPlugin:80 - create IPUIPlugin
2023-11-28 11:10:46,476 [INFO] PluginManager:220 - loadIPPluginJar : add lorawan
2023-11-28 11:10:46,480 [INFO] IPUIPlugin:80 - create IPUIPlugin
2023-11-28 11:10:46,480 [INFO] PluginManager:220 - loadIPPluginJar : add ltdc
2023-11-28 11:10:46,633 [INFO] IPUIPlugin:80 - create IPUIPlugin
2023-11-28 11:10:46,633 [INFO] PluginManager:220 - loadIPPluginJar : add mdma
2023-11-28 11:10:46,815 [INFO] IPUIPlugin:80 - create IPUIPlugin
2023-11-28 11:10:46,815 [INFO] PluginManager:220 - loadIPPluginJar : add nvic
2023-11-28 11:10:46,847 [INFO] IPUIPlugin:80 - create IPUIPlugin
2023-11-28 11:10:46,847 [INFO] PluginManager:220 - loadIPPluginJar : add opamp
2023-11-28 11:10:46,914 [INFO] IPUIPlugin:80 - create IPUIPlugin
2023-11-28 11:10:46,914 [INFO] PluginManager:220 - loadIPPluginJar : add openamp
2023-11-28 11:10:46,950 [INFO] IPUIPlugin:80 - create IPUIPlugin
2023-11-28 11:10:46,950 [INFO] PluginManager:220 - loadIPPluginJar : add pdm2pcm
2023-11-28 11:10:47,103 [INFO] IPUIPlugin:80 - create IPUIPlugin
2023-11-28 11:10:47,106 [INFO] PluginManager:220 - loadIPPluginJar : add plateformsettings
2023-11-28 11:10:47,124 [INFO] IPUIPlugin:80 - create IPUIPlugin
2023-11-28 11:10:47,124 [INFO] PluginManager:220 - loadIPPluginJar : add quadspi
2023-11-28 11:10:47,134 [INFO] IPUIPlugin:80 - create IPUIPlugin
2023-11-28 11:10:47,134 [INFO] PluginManager:220 - loadIPPluginJar : add resmgrutility
2023-11-28 11:10:47,141 [INFO] IPUIPlugin:80 - create IPUIPlugin
2023-11-28 11:10:47,141 [INFO] PluginManager:220 - loadIPPluginJar : add sai
2023-11-28 11:10:47,146 [INFO] IPUIPlugin:80 - create IPUIPlugin
2023-11-28 11:10:47,146 [INFO] PluginManager:220 - loadIPPluginJar : add spi
2023-11-28 11:10:47,153 [INFO] IPUIPlugin:80 - create IPUIPlugin
2023-11-28 11:10:47,154 [INFO] PluginManager:220 - loadIPPluginJar : add stm32_wpan
2023-11-28 11:10:47,170 [INFO] IPUIPlugin:80 - create IPUIPlugin
2023-11-28 11:10:47,170 [INFO] PluginManager:220 - loadIPPluginJar : add tim
2023-11-28 11:10:47,206 [INFO] IPUIPlugin:80 - create IPUIPlugin
2023-11-28 11:10:47,206 [INFO] PluginManager:220 - loadIPPluginJar : add touchsensing
2023-11-28 11:10:47,223 [INFO] IPUIPlugin:80 - create IPUIPlugin
2023-11-28 11:10:47,223 [INFO] PluginManager:220 - loadIPPluginJar : add tracer_emb
2023-11-28 11:10:47,240 [INFO] IPUIPlugin:80 - create IPUIPlugin
2023-11-28 11:10:47,240 [INFO] PluginManager:220 - loadIPPluginJar : add ts
2023-11-28 11:10:47,257 [INFO] IPUIPlugin:80 - create IPUIPlugin
2023-11-28 11:10:47,257 [INFO] PluginManager:220 - loadIPPluginJar : add tsc
2023-11-28 11:10:47,261 [INFO] IPUIPlugin:80 - create IPUIPlugin
2023-11-28 11:10:47,261 [INFO] PluginManager:220 - loadIPPluginJar : add ucpd
2023-11-28 11:10:47,289 [INFO] IPUIPlugin:80 - create IPUIPlugin
2023-11-28 11:10:47,289 [INFO] PluginManager:220 - loadIPPluginJar : add usart
2023-11-28 11:10:47,320 [INFO] IPUIPlugin:80 - create IPUIPlugin
2023-11-28 11:10:47,320 [INFO] PluginManager:220 - loadIPPluginJar : add usbx
2023-11-28 11:10:47,504 [INFO] CADModel:165 - CPN selected for project level
2023-11-28 11:10:47,504 [INFO] CADModel:114 - Register for checkConnection events
2023-11-28 11:10:47,504 [FATAL] Updater:308 - Updater called before beeing initialized
2023-11-28 11:10:47,510 [ERROR] CADModel:125 - Updater not yet initialized, retry later 
2023-11-28 11:10:47,681 [INFO] CADModel:165 - CPN selected for project level
2023-11-28 11:10:47,681 [INFO] CADModel:114 - Register for checkConnection events
2023-11-28 11:10:47,681 [FATAL] Updater:308 - Updater called before beeing initialized
2023-11-28 11:10:47,682 [ERROR] CADModel:125 - Updater not yet initialized, retry later 
2023-11-28 11:10:47,686 [FATAL] Updater:308 - Updater called before beeing initialized
2023-11-28 11:10:47,821 [INFO] ThirdPartyUpdaterWithRetryManager:70 - Updater plugin not ready yet. [2/15]
2023-11-28 11:10:47,838 [FATAL] Updater:308 - Updater called before beeing initialized
2023-11-28 11:10:47,846 [INFO] DbMcusAds:53 - JSON generation date=Tue Mar 07 15:50:55 ICT 2023 (1678179055335)
2023-11-28 11:10:47,847 [FATAL] Updater:308 - Updater called before beeing initialized
2023-11-28 11:10:47,947 [WARN] DetailPanel:346 - Failed to get advertising image, set to default
2023-11-28 11:10:48,090 [FATAL] Updater:308 - Updater called before beeing initialized
2023-11-28 11:10:48,093 [FATAL] Updater:308 - Updater called before beeing initialized
2023-11-28 11:10:48,093 [FATAL] Updater:308 - Updater called before beeing initialized
2023-11-28 11:10:48,094 [WARN] DetailPanel:346 - Failed to get advertising image, set to default
2023-11-28 11:10:48,094 [FATAL] Updater:308 - Updater called before beeing initialized
2023-11-28 11:10:48,149 [ERROR] Updater:1120 - MainUpdater not yet initialized. External WinMGr cannot be set.
2023-11-28 11:10:48,169 [INFO] Updater:1056 - Updater Version found : 6.8.1
2023-11-28 11:10:48,186 [INFO] ApplicationProperties:184 - Using Application install path: C:\ST\STM32CubeIDE_1.12.1\STM32CubeIDE\plugins\com.st.stm32cube.common.mx_6.8.1.202304191431
2023-11-28 11:10:50,260 [INFO] MainUpdater:2854 - connection check result : 10
2023-11-28 11:10:50,260 [INFO] MainUpdater:3548 - Updater definition file requires update
2023-11-28 11:10:50,263 [INFO] MainUpdater:283 - Updater Check For Update Now.
2023-11-28 11:10:50,264 [INFO] MicroXplorer:498 - Change Database Version : DB.6.0.81
2023-11-28 11:10:50,283 [INFO] ServerAccessManage:473 - Download File updaters.zip
2023-11-28 11:10:50,331 [INFO] FileExtend:240 - Unzip File : updaters.zip
2023-11-28 11:10:50,331 [INFO] FileExtend:255 - Standard Zip Deflate
2023-11-28 11:10:50,729 [INFO] ServerAccessManage:473 - Download File PacksControlFlags.xml
2023-11-28 11:10:50,792 [INFO] ServerAccessManage:473 - Download File cubemx.pidx
2023-11-28 11:10:50,844 [WARN] MainUpdater:1187 - Updater busy. Cannot search thirdparties
2023-11-28 11:10:50,845 [INFO] ThirdPartyUpdaterWithRetryManager:96 - Updater plugin is busy. [1/15]
2023-11-28 11:10:50,988 [INFO] LoadServerUpdatesThread:373 - End of LoadServerUpdate Thread
2023-11-28 11:10:51,234 [INFO] CheckServerUpdateThread:120 - End of CheckServer Thread
2023-11-28 11:10:51,317 [INFO] MainUpdater:2854 - connection check result : 10
2023-11-28 11:10:51,538 [INFO] MicroXplorer:468 - Change Database Path : 
2023-11-28 11:10:51,539 [INFO] MicroXplorer:498 - Change Database Version : DB.6.0.81
2023-11-28 11:10:51,539 [WARN] ThirdParty:871 - waiting for thirdparty lock release [close project]
2023-11-28 11:10:54,158 [WARN] PackLoader:240 - Cannot read IP mode file for STMicroelectronics.X-CUBE-SMBUS.2.1.0
2023-11-28 11:10:54,193 [WARN] PackLoader:240 - Cannot read IP mode file for STMicroelectronics.X-CUBE-AZRTOS-F7.1.1.0
2023-11-28 11:10:54,204 [ERROR] RealEvaluatedCondition:428 - Found unsupported composite condition: CLASS='Data Exchange' GROUP='STM32_MetaDataManager'
2023-11-28 11:10:54,204 [ERROR] RealEvaluatedCondition:428 - Found unsupported composite condition: CLASS='Data Exchange' GROUP='STM32_MetaDataManager'
2023-11-28 11:10:54,205 [WARN] PackLoader:240 - Cannot read IP mode file for STMicroelectronics.FP-SNS-MOTENV1.4.3.0
2023-11-28 11:10:54,214 [WARN] PackLoader:240 - Cannot read IP mode file for STMicroelectronics.FP-SNS-MOTENV1.4.3.2
2023-11-28 11:10:54,225 [WARN] PackLoader:240 - Cannot read IP mode file for STMicroelectronics.FP-SNS-FLIGHT1.5.0.0
2023-11-28 11:10:54,236 [ERROR] RealEvaluatedCondition:428 - Found unsupported composite condition: GROUP='STM32_MetaDataManager' CLASS='Data Exchange'
2023-11-28 11:10:54,236 [ERROR] RealEvaluatedCondition:428 - Found unsupported composite condition: CLASS='Data Exchange' GROUP='STM32_MetaDataManager'
2023-11-28 11:10:54,237 [WARN] PackLoader:240 - Cannot read IP mode file for STMicroelectronics.FP-SNS-MOTENV1.4.3.1
2023-11-28 11:10:54,248 [WARN] PackLoader:240 - Cannot read IP mode file for STMicroelectronics.FP-SNS-FLIGHT1.5.0.1
2023-11-28 11:10:54,262 [WARN] PackLoader:240 - Cannot read IP mode file for STMicroelectronics.X-CUBE-BLE1.6.2.3
2023-11-28 11:10:54,277 [WARN] PackLoader:240 - Cannot read IP mode file for STMicroelectronics.X-CUBE-BLE1.6.2.4
2023-11-28 11:10:54,288 [WARN] PackLoader:240 - Cannot read IP mode file for STMicroelectronics.FP-SNS-FLIGHT1.5.0.2
2023-11-28 11:10:54,307 [WARN] PackLoader:240 - Cannot read IP mode file for STMicroelectronics.X-CUBE-TOF1.3.1.0
2023-11-28 11:10:54,325 [WARN] PackLoader:240 - Cannot read IP mode file for STMicroelectronics.X-CUBE-DISPLAY.3.0.0
2023-11-28 11:10:54,337 [WARN] PackLoader:240 - Cannot read IP mode file for STMicroelectronics.X-CUBE-BLE1.7.0.0
2023-11-28 11:10:54,350 [WARN] PackLoader:240 - Cannot read IP mode file for emotas.I-CUBE-CANOPEN.1.3.0
2023-11-28 11:10:54,358 [WARN] PackLoader:240 - Cannot read IP mode file for STMicroelectronics.X-CUBE-TOUCHGFX.4.22.0
2023-11-28 11:10:54,365 [WARN] PackLoader:240 - Cannot read IP mode file for STMicroelectronics.X-CUBE-TOUCHGFX.4.22.1
2023-11-28 11:10:54,410 [WARN] PackLoader:240 - Cannot read IP mode file for STMicroelectronics.X-CUBE-MEMS1.9.3.0
2023-11-28 11:10:54,519 [WARN] PackLoader:240 - Cannot read IP mode file for STMicroelectronics.X-CUBE-AI.7.2.0
2023-11-28 11:10:54,528 [WARN] PackLoader:240 - Cannot read IP mode file for STMicroelectronics.FP-SNS-SMARTAG2.1.2.0
2023-11-28 11:10:54,540 [INFO] LogOutputStream:77 - [STDOUT_REDIRECT] 1 : Invalid condition id : UX_CORESTACK_Condition cause : null
2023-11-28 11:10:54,540 [INFO] LogOutputStream:77 - [STDOUT_REDIRECT] 1 : Invalid condition id : UX_CORESTACK_Condition cause : null
2023-11-28 11:10:54,542 [INFO] LogOutputStream:77 - [STDOUT_REDIRECT] 1 : Invalid condition id : UX_CORESTACK_Condition cause : null
2023-11-28 11:10:54,543 [INFO] LogOutputStream:77 - [STDOUT_REDIRECT] 1 : Invalid condition id : UX_CORESTACK_Condition cause : null
2023-11-28 11:10:54,544 [INFO] LogOutputStream:77 - [STDOUT_REDIRECT] 1 : Invalid condition id : UX_CORESTACK_Condition cause : null
2023-11-28 11:10:54,547 [WARN] PackLoader:240 - Cannot read IP mode file for STMicroelectronics.X-CUBE-AZRTOS-WL.2.0.0
2023-11-28 11:10:54,559 [WARN] PackLoader:240 - Cannot read IP mode file for WES.I-CUBE-Cesium.1.3.0
2023-11-28 11:10:54,569 [WARN] PackLoader:240 - Cannot read IP mode file for STMicroelectronics.X-CUBE-BLE2.3.3.0
2023-11-28 11:10:54,583 [WARN] PackLoader:240 - Cannot read IP mode file for STMicroelectronics.X-CUBE-DISPLAY.2.2.0
2023-11-28 11:10:54,595 [WARN] PackLoader:240 - Cannot read IP mode file for STMicroelectronics.X-CUBE-TOF1.3.2.0
2023-11-28 11:10:54,615 [WARN] PackLoader:240 - Cannot read IP mode file for STMicroelectronics.X-CUBE-ISPU.1.0.0
2023-11-28 11:10:54,643 [WARN] PackLoader:240 - Cannot read IP mode file for STMicroelectronics.X-CUBE-AZRTOS-H7.2.1.0
2023-11-28 11:10:54,655 [WARN] PackLoader:240 - Cannot read IP mode file for STMicroelectronics.X-CUBE-TOUCHGFX.4.21.1
2023-11-28 11:10:54,659 [WARN] PackLoader:240 - Cannot read IP mode file for STMicroelectronics.X-CUBE-TOUCHGFX.4.21.3
2023-11-28 11:10:54,664 [WARN] PackLoader:240 - Cannot read IP mode file for STMicroelectronics.X-CUBE-TOUCHGFX.4.21.4
2023-11-28 11:10:54,709 [WARN] PackLoader:240 - Cannot read IP mode file for STMicroelectronics.X-CUBE-MEMS1.9.4.0
2023-11-28 11:10:54,810 [WARN] PackLoader:240 - Cannot read IP mode file for STMicroelectronics.X-CUBE-AI.7.3.0
2023-11-28 11:10:54,888 [WARN] PackLoader:240 - Cannot read IP mode file for STMicroelectronics.X-CUBE-ALGOBUILD.1.3.0
2023-11-28 11:10:54,928 [WARN] PackLoader:240 - Cannot read IP mode file for STMicroelectronics.X-CUBE-AZRTOS-G0.1.1.0
2023-11-28 11:10:54,944 [WARN] PackLoader:240 - Cannot read IP mode file for STMicroelectronics.X-CUBE-NFC4.3.0.0
2023-11-28 11:10:54,984 [WARN] PackLoader:240 - Cannot read IP mode file for SEGGER.I-CUBE-embOS.1.2.0
2023-11-28 11:10:55,026 [WARN] PackLoader:240 - Cannot read IP mode file for STMicroelectronics.X-CUBE-BLEMGR.3.0.0
2023-11-28 11:10:55,037 [WARN] PackLoader:240 - Cannot read IP mode file for STMicroelectronics.X-CUBE-BLEMGR.1.3.0
2023-11-28 11:10:55,050 [WARN] PackLoader:240 - Cannot read IP mode file for STMicroelectronics.FP-ATR-SIGFOX1.3.2.0
2023-11-28 11:10:55,063 [WARN] PackLoader:240 - Cannot read IP mode file for emotas.I-CUBE-CANOPEN.1.1.2
2023-11-28 11:10:55,074 [WARN] PackLoader:240 - Cannot read IP mode file for STMicroelectronics.X-CUBE-TOUCHGFX.4.20.0
2023-11-28 11:10:55,108 [WARN] PackLoader:240 - Cannot read IP mode file for STMicroelectronics.X-CUBE-MEMS1.9.5.0
2023-11-28 11:10:55,238 [WARN] PackLoader:240 - Cannot read IP mode file for SEGGER.I-CUBE-embOS.1.3.1
2023-11-28 11:10:55,273 [WARN] PackLoader:240 - Cannot read IP mode file for STMicroelectronics.X-CUBE-GNSS1.6.0.0
2023-11-28 11:10:55,304 [WARN] PackLoader:240 - Cannot read IP mode file for STMicroelectronics.X-CUBE-AZRTOS-F4.1.1.0
2023-11-28 11:10:55,317 [WARN] PackLoader:240 - Cannot read IP mode file for wolfSSL.I-CUBE-wolfSSL.5.6.3
2023-11-28 11:10:55,329 [WARN] PackLoader:240 - Cannot read IP mode file for wolfSSL.I-CUBE-wolfSSL.5.6.0
2023-11-28 11:10:55,339 [WARN] PackLoader:240 - Cannot read IP mode file for STMicroelectronics.X-CUBE-BLEMGR.1.2.0
2023-11-28 11:10:55,375 [WARN] PackLoader:240 - Cannot read IP mode file for STMicroelectronics.X-CUBE-AZRTOS-L5.2.0.0
2023-11-28 11:10:55,413 [WARN] PackLoader:240 - Cannot read IP mode file for STMicroelectronics.X-CUBE-MEMS1.9.6.0
2023-11-28 11:10:55,555 [WARN] PackLoader:240 - Cannot read IP mode file for STMicroelectronics.X-CUBE-EEPRMA1.4.2.0
2023-11-28 11:10:55,571 [WARN] PackLoader:240 - Cannot read IP mode file for ITTIA_DB.I-CUBE-ITTIADB.8.8.0
2023-11-28 11:10:55,587 [WARN] PackLoader:240 - Cannot read IP mode file for emotas.I-CUBE-CANOPEN.1.1.3
2023-11-28 11:10:55,597 [WARN] PackLoader:240 - Cannot read IP mode file for STMicroelectronics.X-CUBE-BLEMGR.2.0.0
2023-11-28 11:10:55,608 [WARN] PackLoader:240 - Cannot read IP mode file for STMicroelectronics.X-CUBE-NFC4.2.0.5
2023-11-28 11:10:55,624 [WARN] PackLoader:240 - Cannot read IP mode file for STMicroelectronics.X-CUBE-NFC4.2.0.4
2023-11-28 11:10:55,644 [WARN] ConditionMgr:438 - getConditionDescription Invalid condition id : UX DEVICE CLASS RTOS Condition cause : null
2023-11-28 11:10:55,644 [WARN] ConditionMgr:438 - getConditionDescription Invalid condition id : UX DEVICE CLASS RTOS Condition cause : null
2023-11-28 11:10:55,648 [WARN] PackLoader:240 - Cannot read IP mode file for STMicroelectronics.X-CUBE-AZRTOS-H7.3.1.0
2023-11-28 11:10:55,649 [WARN] ConditionMgr:1039 - genDependencies : Invalid condition id : UX DEVICE CLASS RTOS Condition cause : null
2023-11-28 11:10:55,650 [WARN] ConditionMgr:1039 - genDependencies : Invalid condition id : UX DEVICE CLASS RTOS Condition cause : null
2023-11-28 11:10:55,650 [WARN] ConditionMgr:1039 - genDependencies : Invalid condition id : UX DEVICE CLASS RTOS Condition cause : null
2023-11-28 11:10:55,651 [WARN] ConditionMgr:1039 - genDependencies : Invalid condition id : UX DEVICE CLASS RTOS Condition cause : null
2023-11-28 11:10:55,651 [WARN] ConditionMgr:1039 - genDependencies : Invalid condition id : UX DEVICE CLASS RTOS Condition cause : null
2023-11-28 11:10:55,662 [WARN] PackLoader:240 - Cannot read IP mode file for STMicroelectronics.X-CUBE-NFC7.1.0.1
2023-11-28 11:10:55,675 [WARN] PackLoader:240 - Cannot read IP mode file for STMicroelectronics.X-CUBE-NFC7.1.0.0
2023-11-28 11:10:55,692 [WARN] PackLoader:240 - Cannot read IP mode file for STMicroelectronics.X-CUBE-NFC6.3.0.0
2023-11-28 11:10:55,706 [WARN] PackLoader:240 - Cannot read IP mode file for STMicroelectronics.X-CUBE-EEPRMA1.4.1.0
2023-11-28 11:10:55,718 [WARN] PackLoader:240 - Cannot read IP mode file for STMicroelectronics.X-CUBE-AI.8.1.0
2023-11-28 11:10:55,748 [WARN] ConditionMgr:438 - getConditionDescription Invalid condition id : LAN8742 Phy interface Condition cause : null
2023-11-28 11:10:55,749 [WARN] PackLoader:240 - Cannot read IP mode file for STMicroelectronics.X-CUBE-AZRTOS-L4.2.0.0
2023-11-28 11:10:55,750 [WARN] ConditionMgr:1039 - genDependencies : Invalid condition id : LAN8742 Phy interface Condition cause : null
2023-11-28 11:10:55,750 [WARN] ConditionMgr:1039 - genDependencies : Invalid condition id : LAN8742 Phy interface Condition cause : null
2023-11-28 11:10:55,751 [WARN] ConditionMgr:1039 - genDependencies : Invalid condition id : LAN8742 Phy interface Condition cause : null
2023-11-28 11:10:55,766 [WARN] PackLoader:240 - Cannot read IP mode file for STMicroelectronics.X-CUBE-SFXS2LP1.4.0.0
2023-11-28 11:10:55,799 [WARN] PackLoader:240 - Cannot read IP mode file for STMicroelectronics.X-CUBE-AZRTOS-H7.3.0.0
2023-11-28 11:10:55,812 [WARN] PackLoader:240 - Cannot read IP mode file for STMicroelectronics.X-CUBE-ISPU.1.1.0
2023-11-28 11:10:55,826 [WARN] PackLoader:240 - Cannot read IP mode file for RoweBots.I-CUBE-UNISONRTOS.5.5.0-4
2023-11-28 11:10:55,836 [WARN] PackLoader:240 - Cannot read IP mode file for wolfSSL.I-CUBE-wolfSSL.5.4.0
2023-11-28 11:10:55,843 [WARN] PackLoader:240 - Cannot read IP mode file for STMicroelectronics.X-CUBE-AI.8.0.0
2023-11-28 11:10:55,867 [WARN] ConditionMgr:438 - getConditionDescription Invalid condition id : UX DEVICE CLASS RTOS Condition cause : null
2023-11-28 11:10:55,868 [WARN] ConditionMgr:438 - getConditionDescription Invalid condition id : UX DEVICE CLASS RTOS Condition cause : null
2023-11-28 11:10:55,869 [WARN] PackLoader:240 - Cannot read IP mode file for STMicroelectronics.X-CUBE-AZRTOS-WB.2.0.0
2023-11-28 11:10:55,871 [WARN] ConditionMgr:1039 - genDependencies : Invalid condition id : UX DEVICE CLASS RTOS Condition cause : null
2023-11-28 11:10:55,871 [WARN] ConditionMgr:1039 - genDependencies : Invalid condition id : UX DEVICE CLASS RTOS Condition cause : null
2023-11-28 11:10:55,871 [WARN] ConditionMgr:1039 - genDependencies : Invalid condition id : UX DEVICE CLASS RTOS Condition cause : null
2023-11-28 11:10:55,872 [WARN] ConditionMgr:1039 - genDependencies : Invalid condition id : UX DEVICE CLASS RTOS Condition cause : null
2023-11-28 11:10:55,872 [WARN] ConditionMgr:1039 - genDependencies : Invalid condition id : UX DEVICE CLASS RTOS Condition cause : null
2023-11-28 11:10:55,879 [WARN] PackLoader:240 - Cannot read IP mode file for STMicroelectronics.X-CUBE-FREERTOS.1.0.0
2023-11-28 11:10:55,887 [WARN] PackLoader:240 - Cannot read IP mode file for STMicroelectronics.X-CUBE-FREERTOS.1.0.1
2023-11-28 11:10:55,900 [WARN] PackLoader:240 - Cannot read IP mode file for STMicroelectronics.X-CUBE-BLEMGR.1.0.0
2023-11-28 11:10:55,932 [WARN] PackLoader:240 - Cannot read IP mode file for STMicroelectronics.X-CUBE-AZRTOS-L5.1.1.0
2023-11-28 11:10:55,940 [WARN] PackLoader:240 - Cannot read IP mode file for STMicroelectronics.X-CUBE-AI.8.0.1
2023-11-28 11:10:55,958 [WARN] PackLoader:240 - Cannot read IP mode file for STMicroelectronics.X-CUBE-SUBG2.5.0.0
2023-11-28 11:10:55,971 [WARN] PackLoader:240 - Cannot read IP mode file for STMicroelectronics.X-CUBE-TOF1.3.3.1
2023-11-28 11:10:56,004 [WARN] PackLoader:240 - Cannot read IP mode file for STMicroelectronics.X-CUBE-AZRTOS-G4.2.0.0
2023-11-28 11:10:56,014 [WARN] PackLoader:240 - Cannot read IP mode file for STMicroelectronics.X-CUBE-TOF1.3.3.0
2023-11-28 11:10:56,030 [WARN] PackLoader:240 - Cannot read IP mode file for STMicroelectronics.FP-ATR-ASTRA1.1.1.1
2023-11-28 11:10:56,051 [WARN] PackLoader:240 - Cannot read IP mode file for Infineon.AIROC-Wi-Fi-Bluetooth-STM32.1.5.1
2023-11-28 11:10:56,063 [WARN] PackLoader:240 - Cannot read IP mode file for STMicroelectronics.FP-ATR-ASTRA1.1.1.0
2023-11-28 11:10:56,071 [WARN] PackLoader:240 - Cannot read IP mode file for STMicroelectronics.FP-SNS-MOTENVWB1.1.3.0
2023-11-28 11:10:56,097 [WARN] PackLoader:240 - Cannot read IP mode file for STMicroelectronics.X-CUBE-AZRTOS-G4.1.0.0
2023-11-28 11:10:56,144 [WARN] PackLoader:240 - Cannot read IP mode file for STMicroelectronics.X-CUBE-AZRTOS-L4.1.0.0
2023-11-28 11:10:56,204 [WARN] PackLoader:240 - Cannot read IP mode file for STMicroelectronics.X-CUBE-MEMS1.10.0.0
2023-11-28 11:10:56,313 [WARN] PackLoader:240 - Cannot read IP mode file for STMicroelectronics.X-CUBE-FREERTOS.1.1.0
2023-11-28 11:10:56,385 [WARN] PackLoader:240 - Cannot read IP mode file for STMicroelectronics.X-CUBE-AZRTOS-WL.1.0.0
2023-11-28 11:10:56,444 [WARN] PackLoader:240 - Cannot read IP mode file for portGmbH.I-Cube-SoM-uGOAL.1.1.0
2023-11-28 11:10:56,479 [WARN] PackLoader:240 - Cannot read IP mode file for STMicroelectronics.X-CUBE-ALS.1.0.1
2023-11-28 11:10:56,573 [WARN] PackLoader:240 - Cannot read IP mode file for STMicroelectronics.X-CUBE-AZRTOS-WB.1.1.0
2023-11-28 11:10:56,611 [WARN] PackLoader:240 - Cannot read IP mode file for STMicroelectronics.X-CUBE-AZRTOS-L5.1.0.0
2023-11-28 11:10:56,667 [WARN] PackLoader:240 - Cannot read IP mode file for STMicroelectronics.X-CUBE-EEPRMA1.3.1.1
2023-11-28 11:10:56,682 [WARN] PackLoader:240 - Cannot read IP mode file for STMicroelectronics.FP-ATR-ASTRA1.2.0.0
2023-11-28 11:10:56,709 [WARN] PackLoader:240 - Cannot read IP mode file for STMicroelectronics.X-CUBE-TOF1.3.4.0
2023-11-28 11:10:56,720 [INFO] ThirdParty:978 - Integrity check success = true
2023-11-28 11:10:56,720 [INFO] IntegrityCheckThread:100 - exiting critical section [integrity check]
2023-11-28 11:10:56,720 [INFO] IntegrityCheckThread:103 - End integrity checks thread
2023-11-28 11:10:56,720 [INFO] ThirdParty:873 - entering critical section [close project]
2023-11-28 11:10:56,723 [INFO] ThirdParty:883 - exiting critical section [close project]
2023-11-28 11:10:56,733 [INFO] PinOutPanel:1499 - setPackage(No Configuration,No Configuration)
2023-11-28 11:10:56,742 [INFO] UtilMem:75 - Begin LoadConfig() Used Memory: 642390088 Bytes (811597824)
2023-11-28 11:10:56,742 [INFO] MicroXplorer:468 - Change Database Path : 
2023-11-28 11:10:56,742 [INFO] MicroXplorer:498 - Change Database Version : DB.6.0.81
2023-11-28 11:10:56,742 [INFO] OpenFileManager:308 - Change cursor
2023-11-28 11:10:57,068 [INFO] Mcu:1937 - Initializing MCU STM32G030C(6-8)Tx STM32G030C8Tx STM32G031K8T6
2023-11-28 11:11:32,272 [INFO] Context:659 - Trying to add GPIOservice into a context  which must be forbidden
2023-11-28 11:11:32,862 [INFO] RtosManager:555 - Registered RTOS mode: class=CMSIS, group=RTOS, mode=CMSIS_V1, owner=FREERTOS
2023-11-28 11:11:32,862 [INFO] RtosManager:555 - Registered RTOS mode: class=CMSIS, group=RTOS2, mode=CMSIS_V2, owner=FREERTOS
2023-11-28 11:11:32,862 [INFO] RtosManager:555 - Registered RTOS mode: class=RTOS, group=Core, mode=CMSIS_V1, owner=FREERTOS
2023-11-28 11:11:32,862 [INFO] RtosManager:555 - Registered RTOS mode: class=RTOS, group=Core, mode=CMSIS_V2, owner=FREERTOS
2023-11-28 11:11:32,864 [WARN] ModelIntegratedComponent:184 - Missing modes for component STMicroelectronics:FreeRTOS:0.0.1:STMicroelectronics:RTOS:FreeRTOS:Core:::10.2.0:
2023-11-28 11:11:32,873 [WARN] ModelIntegratedComponent:63 - No mode defined for component null
2023-11-28 11:11:32,873 [WARN] ModelIntegratedComponent:63 - No mode defined for component null
2023-11-28 11:11:32,873 [WARN] ModelIntegratedComponent:63 - No mode defined for component null
2023-11-28 11:11:32,873 [WARN] ModelIntegratedComponent:63 - No mode defined for component null
2023-11-28 11:11:32,873 [WARN] ModelIntegratedComponent:63 - No mode defined for component null
2023-11-28 11:11:32,873 [WARN] ModelIntegratedComponent:63 - No mode defined for component null
2023-11-28 11:11:32,873 [WARN] ModelIntegratedComponent:63 - No mode defined for component null
2023-11-28 11:11:32,876 [WARN] ModelIntegratedComponent:63 - No mode defined for component null
2023-11-28 11:11:32,876 [WARN] ModelIntegratedComponent:63 - No mode defined for component null
2023-11-28 11:11:32,876 [WARN] ModelIntegratedComponent:63 - No mode defined for component null
2023-11-28 11:11:32,876 [WARN] ModelIntegratedComponent:63 - No mode defined for component null
2023-11-28 11:11:32,876 [WARN] ModelIntegratedComponent:63 - No mode defined for component null
2023-11-28 11:11:32,876 [WARN] ModelIntegratedComponent:63 - No mode defined for component null
2023-11-28 11:11:32,876 [WARN] ModelIntegratedComponent:63 - No mode defined for component null
2023-11-28 11:11:32,876 [WARN] ModelIntegratedComponent:63 - No mode defined for component null
2023-11-28 11:11:32,876 [WARN] ModelIntegratedComponent:63 - No mode defined for component null
2023-11-28 11:11:32,876 [WARN] ModelIntegratedComponent:63 - No mode defined for component null
2023-11-28 11:11:32,876 [WARN] ModelIntegratedComponent:63 - No mode defined for component null
2023-11-28 11:11:32,876 [WARN] ModelIntegratedComponent:63 - No mode defined for component null
2023-11-28 11:11:32,876 [WARN] ModelIntegratedComponent:63 - No mode defined for component null
2023-11-28 11:11:32,876 [WARN] ModelIntegratedComponent:63 - No mode defined for component null
2023-11-28 11:11:32,876 [WARN] ModelIntegratedComponent:63 - No mode defined for component null
2023-11-28 11:11:32,876 [WARN] ModelIntegratedComponent:63 - No mode defined for component null
2023-11-28 11:11:32,876 [WARN] ModelIntegratedComponent:63 - No mode defined for component null
2023-11-28 11:11:32,877 [WARN] ModelIntegratedComponent:63 - No mode defined for component null
2023-11-28 11:11:32,877 [WARN] ModelIntegratedComponent:63 - No mode defined for component null
2023-11-28 11:11:32,877 [WARN] ModelIntegratedComponent:63 - No mode defined for component null
2023-11-28 11:11:32,877 [WARN] ModelIntegratedComponent:63 - No mode defined for component null
2023-11-28 11:11:32,877 [WARN] ModelIntegratedComponent:63 - No mode defined for component null
2023-11-28 11:11:32,877 [WARN] ModelIntegratedComponent:63 - No mode defined for component null
2023-11-28 11:11:32,877 [WARN] ModelIntegratedComponent:63 - No mode defined for component null
2023-11-28 11:11:32,877 [WARN] ModelIntegratedComponent:63 - No mode defined for component null
2023-11-28 11:11:32,877 [WARN] ModelIntegratedComponent:63 - No mode defined for component null
2023-11-28 11:11:33,102 [INFO] ThirdPartyModel:298 - Start build external matchings
2023-11-28 11:11:34,324 [INFO] ThirdPartyModel:316 - End build external matchings
2023-11-28 11:11:34,382 [INFO] ImportTextPane:194 - (OptionalMessage_ERROR) IP (DMA) : Parameter (Instance) has Id (ADC1) currently not set
2023-11-28 11:11:34,383 [INFO] ImportTextPane:194 - (OptionalMessage_ERROR) IP (DMA) : Parameter (Request) has Id (ADC1) currently not set
2023-11-28 11:11:34,383 [INFO] ImportTextPane:194 - (OptionalMessage_ERROR) IP (DMA) : Parameter (Direction) has Id (ADC1) currently not set
2023-11-28 11:11:34,383 [INFO] ImportTextPane:194 - (OptionalMessage_ERROR) IP (DMA) : Parameter (PeriphInc) has Id (ADC1) currently not set
2023-11-28 11:11:34,383 [INFO] ImportTextPane:194 - (OptionalMessage_ERROR) IP (DMA) : Parameter (MemInc) has Id (ADC1) currently not set
2023-11-28 11:11:34,384 [INFO] ImportTextPane:194 - (OptionalMessage_ERROR) IP (DMA) : Parameter (PeriphDataAlignment) has Id (ADC1) currently not set
2023-11-28 11:11:34,384 [INFO] ImportTextPane:194 - (OptionalMessage_ERROR) IP (DMA) : Parameter (MemDataAlignment) has Id (ADC1) currently not set
2023-11-28 11:11:34,384 [INFO] ImportTextPane:194 - (OptionalMessage_ERROR) IP (DMA) : Parameter (Mode) has Id (ADC1) currently not set
2023-11-28 11:11:34,385 [INFO] ImportTextPane:194 - (OptionalMessage_ERROR) IP (DMA) : Parameter (Priority) has Id (ADC1) currently not set
2023-11-28 11:11:34,385 [INFO] ImportTextPane:194 - (OptionalMessage_ERROR) IP (DMA) : Parameter (SignalID) has Id (ADC1) currently not set
2023-11-28 11:11:34,385 [INFO] ImportTextPane:194 - (OptionalMessage_ERROR) IP (DMA) : Parameter (Polarity) has Id (ADC1) currently not set
2023-11-28 11:11:34,385 [INFO] ImportTextPane:194 - (OptionalMessage_ERROR) IP (DMA) : Parameter (RequestNumber) has Id (ADC1) currently not set
2023-11-28 11:11:34,385 [INFO] ImportTextPane:194 - (OptionalMessage_ERROR) IP (DMA) : Parameter (SyncSignalID) has Id (ADC1) currently not set
2023-11-28 11:11:34,385 [INFO] ImportTextPane:194 - (OptionalMessage_ERROR) IP (DMA) : Parameter (SyncPolarity) has Id (ADC1) currently not set
2023-11-28 11:11:34,385 [INFO] ImportTextPane:194 - (OptionalMessage_ERROR) IP (DMA) : Parameter (SyncEnable) has Id (ADC1) currently not set
2023-11-28 11:11:34,385 [INFO] ImportTextPane:194 - (OptionalMessage_ERROR) IP (DMA) : Parameter (EventEnable) has Id (ADC1) currently not set
2023-11-28 11:11:34,385 [INFO] ImportTextPane:194 - (OptionalMessage_ERROR) IP (DMA) : Parameter (SyncRequestNumber) has Id (ADC1) currently not set
2023-11-28 11:11:34,425 [WARN] IP:2113 - FIFOMode not found: check if there is a RefParameter without a condition.
2023-11-28 11:11:34,427 [WARN] IP:2113 - TXFIFOThreshold not found: check if there is a RefParameter without a condition.
2023-11-28 11:11:34,427 [WARN] IP:2113 - RXFIFOThreshold not found: check if there is a RefParameter without a condition.
2023-11-28 11:11:34,427 [WARN] IP:2113 - AutoBaudRateEnableParam not found: check if there is a RefParameter without a condition.
2023-11-28 11:11:36,769 [INFO] UtilMem:75 - End LoadConfig() Used Memory: 673343920 Bytes (811597824)
2023-11-28 11:11:36,927 [INFO] ApiDb:581 - Connected to CubeFinder SQLite database (C:\Users\KDS-LTP-0415\.stmcufinder\plugins\mcufinder\mcu\cube-finder-db.db)
2023-11-28 11:11:36,992 [INFO] ApiDb:668 - CubeFinder database Data Model version=2.1
2023-11-28 11:11:36,993 [INFO] ApiDb:669 - CubeFinder database Configuration version=3.0.37
2023-11-28 11:11:36,993 [INFO] ApiDb:670 - CubeFinder database generation date=2023-08-09 (1691586011)
2023-11-28 11:11:36,993 [INFO] ApiDb:671 - CubeFinder database FW Pack versions=[FP-ATR-ASTRA1_V2.0.0, FP-SNS-FLIGHT1_V5.0.1, FP-SNS-FLIGHT1_V5.0.2, FP-SNS-MOTENV1_V4.3.1, FP-SNS-MOTENV1_V4.3.2, STM32Cube_FW_C0_V1.1.0, STM32Cube_FW_F4_V1.27.1, STM32Cube_FW_F7_V1.17.0, STM32Cube_FW_G0_V1.6.1, STM32Cube_FW_G4_V1.5.1, STM32Cube_FW_H5_V0.5.1, STM32Cube_FW_H5_V1.1.0, STM32Cube_FW_H7_V1.11.0, STM32Cube_FW_L0_V1.12.2, STM32Cube_FW_L5_V1.5.0, STM32Cube_FW_U5_V1.3.0, STM32Cube_FW_U5_V1.3.0RC4, STM32Cube_FW_WBA_V1.0.0RC1, STM32Cube_FW_WBA_V1.1.0, STM32Cube_FW_WBA_V1.1.0RC1, STM32Cube_FW_WB_V1.15.0RC1, STM32Cube_FW_WB_V1.16.0, STM32Cube_FW_WB_V1.16.0RC2, STM32Cube_FW_WB_V1.17.0, STM32Cube_FW_WL_V1.3.0, X-CUBE-ALGOBUILD_V1.3.0, X-CUBE-ALS_V1.0.1, X-CUBE-AZRTOS-F4_V1.1.0, X-CUBE-AZRTOS-F7_V1.1.0, X-CUBE-AZRTOS-G0_V1.1.0, X-CUBE-AZRTOS-G4_V2.0.0, X-CUBE-AZRTOS-H7_V3.1.0, X-CUBE-AZRTOS-L4_V1.0.0, X-CUBE-AZRTOS-L4_V2.0.0, X-CUBE-AZRTOS-L5_V1.1.0, X-CUBE-AZRTOS-WB_V1.1.0, X-CUBE-AZRTOS-WL_V2.0.0, X-CUBE-BLE1_V7.0.0, X-CUBE-BLE2_V3.3.0, X-CUBE-BLEMGR_V2.0.0, X-CUBE-EEPRMA1_V4.1.0, X-CUBE-FREERTOS_V1.1.0, X-CUBE-GNSS1_V6.0.0, X-CUBE-MEMS1_V9.1.0, X-CUBE-MEMS1_V9.4.0, X-CUBE-MEMS1_V9.6.0, X-CUBE-NFC4_V3.0.0, X-CUBE-NFC7_V1.0.0, X-CUBE-SFXS2LP1_V4.0.0, X-CUBE-SUBG2_V5.0.0, X-CUBE-TOF1_V3.3.1]
2023-11-28 11:11:39,053 [INFO] ApiDb:240 - Found 297 in-development CPN: [B-G473E-ZEST1S, B-WB1M-WPAN1, B-WL5M-SUBG1, NUCLEO-C031C6, NUCLEO-H503RB, NUCLEO-H563ZI, NUCLEO-U545RE-Q, NUCLEO-U5A5ZJ-Q, NUCLEO-WBA52CG, STEVAL-PROTEUS1, STEVAL-STWINBX1, STM320518-EVAL, STM32C0116-DK, STM32C011D6Y3TR, STM32C011D6Y6TR, STM32C011F4P3, STM32C011F4P6, STM32C011F4U3, STM32C011F4U6TR, STM32C011F6P3, STM32C011F6P6, STM32C011F6U3, STM32C011F6U6TR, STM32C011J4M3, STM32C011J4M6, STM32C011J6M3, STM32C011J6M6, STM32C0316-DK, STM32C031C4T3, STM32C031C4T6, STM32C031C4U3, STM32C031C4U6, STM32C031C6T3, STM32C031C6T6, STM32C031C6U3, STM32C031C6U6, STM32C031F4P3, STM32C031F4P6, STM32C031F6P3, STM32C031F6P6, STM32C031G4U3, STM32C031G4U6, STM32C031G6U3, STM32C031G6U6, STM32C031K4T3, STM32C031K4T6, STM32C031K4U3, STM32C031K4U6, STM32C031K6T3, STM32C031K6T6, STM32C031K6U3, STM32C031K6U6, STM32G071K8TXN, STM32G071K8UXN, STM32G081GBU6N, STM32G081KBT6N, STM32G081KBUXN, STM32G0B1CCT6N, STM32G0B1KCT6, STM32G0B1NEY6TR, STM32G0B1RCT6N, STM32G0C1CCT6, STM32G0C1CCT6N, STM32G0C1CCU6N, STM32G0C1CET6N, STM32G0C1CEU6N, STM32G0C1KCT6, STM32G0C1NEY6TR, STM32G0C1RCI6N, STM32G0C1RCT6N, STM32G0C1REI6N, STM32G0C1RET6N, STM32G0C1VCI6, STM32G0C1VEI6, STM32G471CCT6, STM32G471CCU6, STM32G471CET3, STM32G471CET6, STM32G471CEU3, STM32G471CEU6, STM32G471MCT6, STM32G471MET3, STM32G471MET6, STM32G471MEY6TR, STM32G471QCT6, STM32G471QET3, STM32G471RCT6, STM32G471RET3, STM32G471RET6, STM32G471VCH6, STM32G471VCI6, STM32G471VCT6, STM32G471VEH3, STM32G471VEH6, STM32G471VEI3, STM32G471VEI6, STM32G471VET3, STM32G471VET6, STM32G474CCT6, STM32H503CBT6, STM32H503CBU6, STM32H503EBY6TR, STM32H503KBU6, STM32H503RBT6, STM32H562AGI6, STM32H562AII6, STM32H562IGK6, STM32H562IGT6, STM32H562IIK6, STM32H562IIT6, STM32H562RGT6, STM32H562RGV6, STM32H562RIT6, STM32H562RIV6, STM32H562VGT6, STM32H562VIT6, STM32H562ZGT6, STM32H562ZIT6, STM32H563AGI6, STM32H563AII3Q, STM32H563AII6, STM32H563IGK6, STM32H563IGT6, STM32H563IIK3Q, STM32H563IIK6, STM32H563IIT3Q, STM32H563IIT6, STM32H563MIY3QTR, STM32H563RGT6, STM32H563RGV6, STM32H563RIT6, STM32H563RIV6, STM32H563VGT6, STM32H563VIT3Q, STM32H563VIT6, STM32H563ZGT6, STM32H563ZIT3Q, STM32H563ZIT6, STM32H573AII3Q, STM32H573AII6, STM32H573I-DK, STM32H573IIK3Q, STM32H573IIK6, STM32H573IIT3Q, STM32H573IIT6, STM32H573MIY3QTR, STM32H573RIT6, STM32H573RIV6, STM32H573VIT3Q, STM32H573VIT6, STM32H573ZIT3Q, STM32H573ZIT6, STM32L4R5QGI6STR, STM32MP131AAE3, STM32MP131AAF3, STM32MP131AAG3, STM32MP131CAE3, STM32MP131CAF3, STM32MP131CAG3, STM32MP131DAE7, STM32MP131DAF7, STM32MP131DAG7, STM32MP131FAE7, STM32MP131FAF7, STM32MP131FAG7, STM32MP133AAE3, STM32MP133AAF3, STM32MP133AAG3, STM32MP133CAE3, STM32MP133CAF3, STM32MP133CAG3, STM32MP133DAE7, STM32MP133DAF7, STM32MP133DAG7, STM32MP133FAE7, STM32MP133FAF7, STM32MP133FAG7, STM32MP135AAE3, STM32MP135AAF3, STM32MP135AAG3, STM32MP135CAE3, STM32MP135CAF3, STM32MP135CAG3, STM32MP135DAE7, STM32MP135DAF7, STM32MP135DAG7, STM32MP135F-DK, STM32MP135FAE7, STM32MP135FAF7, STM32MP135FAF7T, STM32MP135FAF7U, STM32MP135FAG7, STM32U535CBT6, STM32U535CBT6Q, STM32U535CBU6, STM32U535CBU6Q, STM32U535CCT6, STM32U535CCT6Q, STM32U535CCU6, STM32U535CCU6Q, STM32U535CET6, STM32U535CET6Q, STM32U535CEU6, STM32U535CEU6Q, STM32U535JEY6QTR, STM32U535NCY6QTR, STM32U535NEY6QTR, STM32U535RBI6, STM32U535RBI6Q, STM32U535RBT6, STM32U535RBT6Q, STM32U535RCI6, STM32U535RCI6Q, STM32U535RCT6, STM32U535RCT6Q, STM32U535REI6, STM32U535REI6Q, STM32U535RET6, STM32U535RET6Q, STM32U535VCI6, STM32U535VCI6Q, STM32U535VCT6, STM32U535VCT6Q, STM32U535VEI6, STM32U535VEI6Q, STM32U535VET6, STM32U535VET6Q, STM32U545CET6, STM32U545CET6Q, STM32U545CEU6, STM32U545CEU6Q, STM32U545JEY6QTR, STM32U545NEY6QTR, STM32U545REI6, STM32U545REI6Q, STM32U545RET6, STM32U545RET6Q, STM32U545VEI6, STM32U545VEI6Q, STM32U545VET6, STM32U545VET6Q, STM32U595AIH6, STM32U595AIH6Q, STM32U595AJH6, STM32U595AJH6Q, STM32U595QII6, STM32U595QII6Q, STM32U595QJI6, STM32U595QJI6Q, STM32U595RIT6, STM32U595RIT6Q, STM32U595RJT6, STM32U595RJT6Q, STM32U595VIT6, STM32U595VIT6Q, STM32U595VJT6, STM32U595VJT6Q, STM32U595ZIT6, STM32U595ZIT6Q, STM32U595ZIY6QTR, STM32U595ZJT6, STM32U595ZJT6Q, STM32U595ZJY6QTR, STM32U599BJY6QTR, STM32U599NIH6Q, STM32U599NJH6Q, STM32U599VIT6Q, STM32U599VJT6, STM32U599VJT6Q, STM32U599ZIT6Q, STM32U599ZIY6QTR, STM32U599ZJT6Q, STM32U599ZJY6QTR, STM32U5A5AJH6, STM32U5A5AJH6Q, STM32U5A5QJI6, STM32U5A5QJI6Q, STM32U5A5RJT6, STM32U5A5RJT6Q, STM32U5A5VJT6, STM32U5A5VJT6Q, STM32U5A5ZJT6, STM32U5A5ZJT6Q, STM32U5A5ZJY6QTR, STM32U5A9BJY6QTR, STM32U5A9J-DK, STM32U5A9NJH6Q, STM32U5A9VJT6Q, STM32U5A9ZJT6Q, STM32U5A9ZJY6QTR, STM32WB1MMCH6, STM32WBA52CEU6, STM32WBA52CEU6T, STM32WBA52CGU6, STM32WBA52CGU6T, STM32WL5MOCH6, STM32WL5MOCH6TR]
2023-11-28 11:11:39,056 [INFO] DbMcus:216 - Found 3825 MCUs, 3825 are supported
2023-11-28 11:11:39,061 [INFO] ApiDb:423 - Load user favorites file C:\Users\KDS-LTP-0415/.stm32cubeide/favorites.mcus.txt: 0 item(s)
2023-11-28 11:11:39,061 [INFO] ApiDb:427 - User favorites MCUs=[]
2023-11-28 11:11:39,061 [INFO] DbMcus:222 - Set 0 / 0 favorites MCUs
2023-11-28 11:11:39,379 [WARN] ThirdParty:833 - waiting for thirdparty lock release [change project]
2023-11-28 11:11:39,379 [INFO] ThirdParty:835 - entering critical section [change project]
2023-11-28 11:11:39,379 [INFO] ThirdParty:1030 - CMSIS Pack Vendor :STMicroelectronics X-CUBE-GNSS1 6.0.0
2023-11-28 11:11:39,379 [INFO] ThirdParty:1030 - CMSIS Pack Vendor :STMicroelectronics USB_HOST 2.0.0
2023-11-28 11:11:39,379 [INFO] ThirdParty:1030 - CMSIS Pack Vendor :STMicroelectronics X-CUBE-AZRTOS-F4 1.1.0
2023-11-28 11:11:39,379 [INFO] ThirdParty:1030 - CMSIS Pack Vendor :STMicroelectronics LIBJPEG 8.0.0
2023-11-28 11:11:39,379 [INFO] ThirdParty:1030 - CMSIS Pack Vendor :wolfSSL I-CUBE-wolfSSL 5.6.3
2023-11-28 11:11:39,379 [INFO] ThirdParty:1030 - CMSIS Pack Vendor :STMicroelectronics X-CUBE-SMBUS 2.1.0
2023-11-28 11:11:39,379 [INFO] ThirdParty:1030 - CMSIS Pack Vendor :wolfSSL I-CUBE-wolfSSL 5.6.0
2023-11-28 11:11:39,379 [INFO] ThirdParty:1030 - CMSIS Pack Vendor :STMicroelectronics X-CUBE-BLEMGR 1.2.0
2023-11-28 11:11:39,379 [INFO] ThirdParty:1030 - CMSIS Pack Vendor :STMicroelectronics X-CUBE-AZRTOS-F7 1.1.0
2023-11-28 11:11:39,379 [INFO] ThirdParty:1030 - CMSIS Pack Vendor :STMicroelectronics X-CUBE-AZRTOS-L5 2.0.0
2023-11-28 11:11:39,379 [INFO] ThirdParty:1030 - CMSIS Pack Vendor :STMicroelectronics USB_DEVICE 2.0.0
2023-11-28 11:11:39,379 [INFO] ThirdParty:1030 - CMSIS Pack Vendor :STMicroelectronics X-CUBE-MEMS1 9.6.0
2023-11-28 11:11:39,379 [INFO] ThirdParty:1030 - CMSIS Pack Vendor :STMicroelectronics X-CUBE-EEPRMA1 4.2.0
2023-11-28 11:11:39,380 [INFO] ThirdParty:1030 - CMSIS Pack Vendor :ITTIA_DB I-CUBE-ITTIADB 8.8.0
2023-11-28 11:11:39,380 [INFO] ThirdParty:1030 - CMSIS Pack Vendor :STMicroelectronics FP-SNS-MOTENV1 4.3.0
2023-11-28 11:11:39,380 [INFO] ThirdParty:1030 - CMSIS Pack Vendor :STMicroelectronics FP-SNS-MOTENV1 4.3.2
2023-11-28 11:11:39,380 [INFO] ThirdParty:1030 - CMSIS Pack Vendor :STMicroelectronics FP-SNS-FLIGHT1 5.0.0
2023-11-28 11:11:39,380 [INFO] ThirdParty:1030 - CMSIS Pack Vendor :STMicroelectronics FP-SNS-MOTENV1 4.3.1
2023-11-28 11:11:39,380 [INFO] ThirdParty:1030 - CMSIS Pack Vendor :STMicroelectronics FP-SNS-FLIGHT1 5.0.1
2023-11-28 11:11:39,380 [INFO] ThirdParty:1030 - CMSIS Pack Vendor :STMicroelectronics X-CUBE-BLE1 6.2.3
2023-11-28 11:11:39,380 [INFO] ThirdParty:1030 - CMSIS Pack Vendor :STMicroelectronics X-CUBE-BLE1 6.2.4
2023-11-28 11:11:39,380 [INFO] ThirdParty:1030 - CMSIS Pack Vendor :STMicroelectronics FreeRTOS 0.0.1
2023-11-28 11:11:39,380 [INFO] ThirdParty:1030 - CMSIS Pack Vendor :emotas I-CUBE-CANOPEN 1.1.3
2023-11-28 11:11:39,380 [INFO] ThirdParty:1030 - CMSIS Pack Vendor :STMicroelectronics X-CUBE-BLEMGR 2.0.0
2023-11-28 11:11:39,380 [INFO] ThirdParty:1030 - CMSIS Pack Vendor :STMicroelectronics FP-SNS-FLIGHT1 5.0.2
2023-11-28 11:11:39,380 [INFO] ThirdParty:1030 - CMSIS Pack Vendor :STMicroelectronics X-CUBE-NFC4 2.0.5
2023-11-28 11:11:39,380 [INFO] ThirdParty:1030 - CMSIS Pack Vendor :STMicroelectronics X-CUBE-NFC4 2.0.4
2023-11-28 11:11:39,380 [INFO] ThirdParty:1030 - CMSIS Pack Vendor :STMicroelectronics X-CUBE-AZRTOS-H7 3.1.0
2023-11-28 11:11:39,380 [INFO] ThirdParty:1030 - CMSIS Pack Vendor :STMicroelectronics PDM2PCM 3.3.0
2023-11-28 11:11:39,380 [INFO] ThirdParty:1030 - CMSIS Pack Vendor :STMicroelectronics X-CUBE-TOF1 3.1.0
2023-11-28 11:11:39,380 [INFO] ThirdParty:1030 - CMSIS Pack Vendor :STMicroelectronics X-CUBE-DISPLAY 3.0.0
2023-11-28 11:11:39,380 [INFO] ThirdParty:1030 - CMSIS Pack Vendor :STMicroelectronics X-CUBE-BLE1 7.0.0
2023-11-28 11:11:39,380 [INFO] ThirdParty:1030 - CMSIS Pack Vendor :STMicroelectronics HAL Drivers 0.0.0
2023-11-28 11:11:39,380 [INFO] ThirdParty:1030 - CMSIS Pack Vendor :emotas I-CUBE-CANOPEN 1.3.0
2023-11-28 11:11:39,380 [INFO] ThirdParty:1030 - CMSIS Pack Vendor :STMicroelectronics X-CUBE-TOUCHGFX 4.22.0
2023-11-28 11:11:39,380 [INFO] ThirdParty:1030 - CMSIS Pack Vendor :STMicroelectronics X-CUBE-NFC7 1.0.1
2023-11-28 11:11:39,380 [INFO] ThirdParty:1030 - CMSIS Pack Vendor :STMicroelectronics MBEDTLS 2.14.1
2023-11-28 11:11:39,380 [INFO] ThirdParty:1030 - CMSIS Pack Vendor :STMicroelectronics X-CUBE-NFC7 1.0.0
2023-11-28 11:11:39,380 [INFO] ThirdParty:1030 - CMSIS Pack Vendor :STMicroelectronics X-CUBE-TOUCHGFX 4.22.1
2023-11-28 11:11:39,380 [INFO] ThirdParty:1030 - CMSIS Pack Vendor :STMicroelectronics X-CUBE-NFC6 3.0.0
2023-11-28 11:11:39,380 [INFO] ThirdParty:1030 - CMSIS Pack Vendor :STMicroelectronics X-CUBE-MEMS1 9.3.0
2023-11-28 11:11:39,380 [INFO] ThirdParty:1030 - CMSIS Pack Vendor :STMicroelectronics X-CUBE-EEPRMA1 4.1.0
2023-11-28 11:11:39,380 [INFO] ThirdParty:1030 - CMSIS Pack Vendor :STMicroelectronics X-CUBE-AI 7.2.0
2023-11-28 11:11:39,380 [INFO] ThirdParty:1030 - CMSIS Pack Vendor :STMicroelectronics FP-SNS-SMARTAG2 1.2.0
2023-11-28 11:11:39,380 [INFO] ThirdParty:1030 - CMSIS Pack Vendor :STMicroelectronics X-CUBE-AZRTOS-WL 2.0.0
2023-11-28 11:11:39,380 [INFO] ThirdParty:1030 - CMSIS Pack Vendor :STMicroelectronics USB_DEVICE 1.0.0
2023-11-28 11:11:39,380 [INFO] ThirdParty:1030 - CMSIS Pack Vendor :STMicroelectronics X-CUBE-AI 8.1.0
2023-11-28 11:11:39,380 [INFO] ThirdParty:1030 - CMSIS Pack Vendor :STMicroelectronics X-CUBE-AZRTOS-L4 2.0.0
2023-11-28 11:11:39,380 [INFO] ThirdParty:1030 - CMSIS Pack Vendor :STMicroelectronics ThreadX 0.0.2
2023-11-28 11:11:39,380 [INFO] ThirdParty:1030 - CMSIS Pack Vendor :WES I-CUBE-Cesium 1.3.0
2023-11-28 11:11:39,380 [INFO] ThirdParty:1030 - CMSIS Pack Vendor :STMicroelectronics lwIP 2.1.2
2023-11-28 11:11:39,380 [INFO] ThirdParty:1030 - CMSIS Pack Vendor :STMicroelectronics X-CUBE-SFXS2LP1 4.0.0
2023-11-28 11:11:39,380 [INFO] ThirdParty:1030 - CMSIS Pack Vendor :STMicroelectronics X-CUBE-BLE2 3.3.0
2023-11-28 11:11:39,380 [INFO] ThirdParty:1030 - CMSIS Pack Vendor :STMicroelectronics X-CUBE-DISPLAY 2.2.0
2023-11-28 11:11:39,380 [INFO] ThirdParty:1030 - CMSIS Pack Vendor :STMicroelectronics X-CUBE-TOF1 3.2.0
2023-11-28 11:11:39,380 [INFO] ThirdParty:1030 - CMSIS Pack Vendor :STMicroelectronics PDM2PCM 3.2.0
2023-11-28 11:11:39,380 [INFO] ThirdParty:1030 - CMSIS Pack Vendor :STMicroelectronics X-CUBE-AZRTOS-H7 3.0.0
2023-11-28 11:11:39,380 [INFO] ThirdParty:1030 - CMSIS Pack Vendor :STMicroelectronics X-CUBE-ISPU 1.0.0
2023-11-28 11:11:39,380 [INFO] ThirdParty:1030 - CMSIS Pack Vendor :STMicroelectronics X-CUBE-ISPU 1.1.0
2023-11-28 11:11:39,380 [INFO] ThirdParty:1030 - CMSIS Pack Vendor :RoweBots I-CUBE-UNISONRTOS 5.5.0-4
2023-11-28 11:11:39,380 [INFO] ThirdParty:1030 - CMSIS Pack Vendor :STMicroelectronics X-CUBE-AZRTOS-H7 2.1.0
2023-11-28 11:11:39,380 [INFO] ThirdParty:1030 - CMSIS Pack Vendor :wolfSSL I-CUBE-wolfSSL 5.4.0
2023-11-28 11:11:39,380 [INFO] ThirdParty:1030 - CMSIS Pack Vendor :STMicroelectronics USB_DEVICE 3.0.0
2023-11-28 11:11:39,380 [INFO] ThirdParty:1030 - CMSIS Pack Vendor :STMicroelectronics X-CUBE-AI 8.0.0
2023-11-28 11:11:39,380 [INFO] ThirdParty:1030 - CMSIS Pack Vendor :STMicroelectronics X-CUBE-AZRTOS-WB 2.0.0
2023-11-28 11:11:39,380 [INFO] ThirdParty:1030 - CMSIS Pack Vendor :STMicroelectronics X-CUBE-FREERTOS 1.0.0
2023-11-28 11:11:39,381 [INFO] ThirdParty:1030 - CMSIS Pack Vendor :STMicroelectronics X-CUBE-FREERTOS 1.0.1
2023-11-28 11:11:39,381 [INFO] ThirdParty:1030 - CMSIS Pack Vendor :STMicroelectronics X-CUBE-TOUCHGFX 4.21.1
2023-11-28 11:11:39,381 [INFO] ThirdParty:1030 - CMSIS Pack Vendor :STMicroelectronics X-CUBE-TOUCHGFX 4.21.3
2023-11-28 11:11:39,381 [INFO] ThirdParty:1030 - CMSIS Pack Vendor :STMicroelectronics X-CUBE-BLEMGR 1.0.0
2023-11-28 11:11:39,381 [INFO] ThirdParty:1030 - CMSIS Pack Vendor :STMicroelectronics X-CUBE-TOUCHGFX 4.21.4
2023-11-28 11:11:39,381 [INFO] ThirdParty:1030 - CMSIS Pack Vendor :STMicroelectronics X-CUBE-MEMS1 9.4.0
2023-11-28 11:11:39,381 [INFO] ThirdParty:1030 - CMSIS Pack Vendor :STMicroelectronics X-CUBE-AI 7.3.0
2023-11-28 11:11:39,381 [INFO] ThirdParty:1030 - CMSIS Pack Vendor :EdgeImpulse osugiw-project-1 1.0.1
2023-11-28 11:11:39,381 [INFO] ThirdParty:1030 - CMSIS Pack Vendor :STMicroelectronics X-CUBE-ALGOBUILD 1.3.0
2023-11-28 11:11:39,381 [INFO] ThirdParty:1030 - CMSIS Pack Vendor :STMicroelectronics X-CUBE-AZRTOS-L5 1.1.0
2023-11-28 11:11:39,381 [INFO] ThirdParty:1030 - CMSIS Pack Vendor :STMicroelectronics X-CUBE-AZRTOS-G0 1.1.0
2023-11-28 11:11:39,381 [INFO] ThirdParty:1030 - CMSIS Pack Vendor :STMicroelectronics X-CUBE-AI 8.0.1
2023-11-28 11:11:39,381 [INFO] ThirdParty:1030 - CMSIS Pack Vendor :STMicroelectronics X-CUBE-NFC4 3.0.0
2023-11-28 11:11:39,381 [INFO] ThirdParty:1030 - CMSIS Pack Vendor :SEGGER I-CUBE-embOS 1.2.0
2023-11-28 11:11:39,381 [INFO] ThirdParty:1030 - CMSIS Pack Vendor :STMicroelectronics X-CUBE-SUBG2 5.0.0
2023-11-28 11:11:39,381 [INFO] ThirdParty:1030 - CMSIS Pack Vendor :STMicroelectronics STM32_WPAN 1.0.0
2023-11-28 11:11:39,381 [INFO] ThirdParty:1030 - CMSIS Pack Vendor :STMicroelectronics lwIP 2.0.3
2023-11-28 11:11:39,381 [INFO] ThirdParty:1030 - CMSIS Pack Vendor :STMicroelectronics USB_HOST 1.0.0
2023-11-28 11:11:39,381 [INFO] ThirdParty:1030 - CMSIS Pack Vendor :STMicroelectronics X-CUBE-TOF1 3.3.1
2023-11-28 11:11:39,381 [INFO] ThirdParty:1030 - CMSIS Pack Vendor :STMicroelectronics X-CUBE-AZRTOS-G4 2.0.0
2023-11-28 11:11:39,381 [INFO] ThirdParty:1030 - CMSIS Pack Vendor :STMicroelectronics PDM2PCM 3.1.0
2023-11-28 11:11:39,381 [INFO] ThirdParty:1030 - CMSIS Pack Vendor :STMicroelectronics X-CUBE-TOF1 3.3.0
2023-11-28 11:11:39,381 [INFO] ThirdParty:1030 - CMSIS Pack Vendor :STMicroelectronics FP-ATR-ASTRA1 1.1.1
2023-11-28 11:11:39,381 [INFO] ThirdParty:1030 - CMSIS Pack Vendor :Infineon AIROC-Wi-Fi-Bluetooth-STM32 1.5.1
2023-11-28 11:11:39,381 [INFO] ThirdParty:1030 - CMSIS Pack Vendor :STMicroelectronics X-CUBE-BLEMGR 3.0.0
2023-11-28 11:11:39,381 [INFO] ThirdParty:1030 - CMSIS Pack Vendor :STMicroelectronics FP-ATR-ASTRA1 1.1.0
2023-11-28 11:11:39,381 [INFO] ThirdParty:1030 - CMSIS Pack Vendor :STMicroelectronics X-CUBE-BLEMGR 1.3.0
2023-11-28 11:11:39,381 [INFO] ThirdParty:1030 - CMSIS Pack Vendor :STMicroelectronics FP-SNS-MOTENVWB1 1.3.0
2023-11-28 11:11:39,381 [INFO] ThirdParty:1030 - CMSIS Pack Vendor :STMicroelectronics FP-ATR-SIGFOX1 3.2.0
2023-11-28 11:11:39,381 [INFO] ThirdParty:1030 - CMSIS Pack Vendor :STMicroelectronics X-CUBE-AZRTOS-G4 1.0.0
2023-11-28 11:11:39,382 [INFO] ThirdParty:1030 - CMSIS Pack Vendor :STMicroelectronics X-CUBE-AZRTOS-L4 1.0.0
2023-11-28 11:11:39,382 [INFO] ThirdParty:1030 - CMSIS Pack Vendor :STMicroelectronics MBEDTLS 2.16.2
2023-11-28 11:11:39,382 [INFO] ThirdParty:1030 - CMSIS Pack Vendor :emotas I-CUBE-CANOPEN 1.1.2
2023-11-28 11:11:39,382 [INFO] ThirdParty:1030 - CMSIS Pack Vendor :STMicroelectronics X-CUBE-TOUCHGFX 4.20.0
2023-11-28 11:11:39,382 [INFO] ThirdParty:1030 - CMSIS Pack Vendor :STMicroelectronics X-CUBE-MEMS1 10.0.0
2023-11-28 11:11:39,383 [INFO] ThirdParty:1030 - CMSIS Pack Vendor :STMicroelectronics X-CUBE-FREERTOS 1.1.0
2023-11-28 11:11:39,383 [INFO] ThirdParty:1030 - CMSIS Pack Vendor :STMicroelectronics X-CUBE-AZRTOS-WL 1.0.0
2023-11-28 11:11:39,383 [INFO] ThirdParty:1030 - CMSIS Pack Vendor :portGmbH I-Cube-SoM-uGOAL 1.1.0
2023-11-28 11:11:39,383 [INFO] ThirdParty:1030 - CMSIS Pack Vendor :STMicroelectronics X-CUBE-ALS 1.0.1
2023-11-28 11:11:39,383 [INFO] ThirdParty:1030 - CMSIS Pack Vendor :STMicroelectronics X-CUBE-MEMS1 9.5.0
2023-11-28 11:11:39,383 [INFO] ThirdParty:1030 - CMSIS Pack Vendor :STMicroelectronics ThreadX 1.0.0
2023-11-28 11:11:39,383 [INFO] ThirdParty:1030 - CMSIS Pack Vendor :STMicroelectronics X-CUBE-AZRTOS-WB 1.1.0
2023-11-28 11:11:39,383 [INFO] ThirdParty:1030 - CMSIS Pack Vendor :SEGGER I-CUBE-embOS 1.3.1
2023-11-28 11:11:39,383 [INFO] ThirdParty:1030 - CMSIS Pack Vendor :STMicroelectronics X-CUBE-AZRTOS-L5 1.0.0
2023-11-28 11:11:39,383 [INFO] ThirdParty:1030 - CMSIS Pack Vendor :STMicroelectronics X-CUBE-EEPRMA1 3.1.1
2023-11-28 11:11:39,383 [INFO] ThirdParty:1030 - CMSIS Pack Vendor :STMicroelectronics FP-ATR-ASTRA1 2.0.0
2023-11-28 11:11:39,383 [INFO] ThirdParty:1030 - CMSIS Pack Vendor :STMicroelectronics X-CUBE-TOF1 3.4.0
2023-11-28 11:11:39,383 [INFO] ThirdParty:841 - exiting critical section [change project]
2023-11-28 11:11:39,738 [INFO] PinOutPanel:1499 - setPackage(No Configuration,No Configuration)
2023-11-28 11:11:39,740 [INFO] PinOutPanel:1499 - setPackage(STM32G030C8Tx,LQFP48)
2023-11-28 11:11:40,326 [INFO] UtilMem:75 - Before build in PCC Used Memory: 672924960 Bytes (811597824)
2023-11-28 11:11:41,465 [INFO] UtilMem:75 - After build in PCC Used Memory: 690888096 Bytes (811597824)
2023-11-28 11:11:41,494 [INFO] IPUIPlugin:80 - create IPUIPlugin
2023-11-28 11:11:41,495 [INFO] IPUIPlugin:80 - create IPUIPlugin
2023-11-28 11:11:41,495 [INFO] IPUIPlugin:80 - create IPUIPlugin
2023-11-28 11:11:41,495 [INFO] IPUIPlugin:80 - create IPUIPlugin
2023-11-28 11:11:41,495 [INFO] IPUIPlugin:80 - create IPUIPlugin
2023-11-28 11:11:41,495 [INFO] IPUIPlugin:80 - create IPUIPlugin
2023-11-28 11:11:41,495 [INFO] IPUIPlugin:80 - create IPUIPlugin
2023-11-28 11:11:41,495 [INFO] IPUIPlugin:80 - create IPUIPlugin
2023-11-28 11:11:41,495 [INFO] IPUIPlugin:80 - create IPUIPlugin
2023-11-28 11:11:41,496 [INFO] IPUIPlugin:80 - create IPUIPlugin
2023-11-28 11:11:41,496 [INFO] IPUIPlugin:80 - create IPUIPlugin
2023-11-28 11:11:41,496 [INFO] IPUIPlugin:80 - create IPUIPlugin
2023-11-28 11:11:41,496 [INFO] IPUIPlugin:80 - create IPUIPlugin
2023-11-28 11:11:41,496 [INFO] IPUIPlugin:80 - create IPUIPlugin
2023-11-28 11:11:41,496 [INFO] IPUIPlugin:80 - create IPUIPlugin
2023-11-28 11:11:41,496 [INFO] IPUIPlugin:80 - create IPUIPlugin
2023-11-28 11:11:41,496 [INFO] IPUIPlugin:80 - create IPUIPlugin
2023-11-28 11:11:41,510 [INFO] IPUIPlugin:80 - create IPUIPlugin
2023-11-28 11:11:41,510 [INFO] IPUIPlugin:80 - create IPUIPlugin
2023-11-28 11:11:41,510 [INFO] IPUIPlugin:80 - create IPUIPlugin
2023-11-28 11:11:41,511 [INFO] IPUIPlugin:80 - create IPUIPlugin
2023-11-28 11:11:41,511 [INFO] IPUIPlugin:80 - create IPUIPlugin
2023-11-28 11:11:41,511 [INFO] IPUIPlugin:80 - create IPUIPlugin
2023-11-28 11:11:41,511 [INFO] IPUIPlugin:80 - create IPUIPlugin
2023-11-28 11:11:41,512 [INFO] IPUIPlugin:80 - create IPUIPlugin
2023-11-28 11:11:41,529 [WARN] IP:2113 - FIFOMode not found: check if there is a RefParameter without a condition.
2023-11-28 11:11:41,530 [WARN] IP:2113 - TXFIFOThreshold not found: check if there is a RefParameter without a condition.
2023-11-28 11:11:41,530 [WARN] IP:2113 - RXFIFOThreshold not found: check if there is a RefParameter without a condition.
2023-11-28 11:11:41,530 [WARN] IP:2113 - AutoBaudRateEnableParam not found: check if there is a RefParameter without a condition.
2023-11-28 11:11:41,858 [INFO] CADModel:165 - CPN selected for project levelSTM32G031K8T6
2023-11-28 11:11:41,858 [INFO] CADModel:114 - Register for checkConnection events
2023-11-28 11:11:41,949 [INFO] OpenFileManager:328 - Restore cursor
2023-11-28 11:11:42,172 [WARN] IP:2113 - FIFOMode not found: check if there is a RefParameter without a condition.
2023-11-28 11:11:42,172 [WARN] IP:2113 - TXFIFOThreshold not found: check if there is a RefParameter without a condition.
2023-11-28 11:11:42,172 [WARN] IP:2113 - RXFIFOThreshold not found: check if there is a RefParameter without a condition.
2023-11-28 11:11:42,172 [WARN] IP:2113 - AutoBaudRateEnableParam not found: check if there is a RefParameter without a condition.
2023-11-28 11:11:42,176 [WARN] IP:2113 - FIFOMode not found: check if there is a RefParameter without a condition.
2023-11-28 11:11:42,176 [WARN] IP:2113 - TXFIFOThreshold not found: check if there is a RefParameter without a condition.
2023-11-28 11:11:42,176 [WARN] IP:2113 - RXFIFOThreshold not found: check if there is a RefParameter without a condition.
2023-11-28 11:11:42,176 [WARN] IP:2113 - AutoBaudRateEnableParam not found: check if there is a RefParameter without a condition.
2023-11-28 11:11:49,773 [WARN] IP:2113 - FIFOMode not found: check if there is a RefParameter without a condition.
2023-11-28 11:11:49,773 [WARN] IP:2113 - TXFIFOThreshold not found: check if there is a RefParameter without a condition.
2023-11-28 11:11:49,773 [WARN] IP:2113 - RXFIFOThreshold not found: check if there is a RefParameter without a condition.
2023-11-28 11:11:49,773 [WARN] IP:2113 - AutoBaudRateEnableParam not found: check if there is a RefParameter without a condition.
2023-11-28 11:12:06,122 [WARN] IP:2113 - FIFOMode not found: check if there is a RefParameter without a condition.
2023-11-28 11:12:06,122 [WARN] IP:2113 - TXFIFOThreshold not found: check if there is a RefParameter without a condition.
2023-11-28 11:12:06,122 [WARN] IP:2113 - RXFIFOThreshold not found: check if there is a RefParameter without a condition.
2023-11-28 11:12:06,122 [WARN] IP:2113 - AutoBaudRateEnableParam not found: check if there is a RefParameter without a condition.
2023-11-28 11:12:06,123 [WARN] IP:2113 - FIFOMode not found: check if there is a RefParameter without a condition.
2023-11-28 11:12:06,124 [WARN] IP:2113 - TXFIFOThreshold not found: check if there is a RefParameter without a condition.
2023-11-28 11:12:06,124 [WARN] IP:2113 - RXFIFOThreshold not found: check if there is a RefParameter without a condition.
2023-11-28 11:12:06,124 [WARN] IP:2113 - AutoBaudRateEnableParam not found: check if there is a RefParameter without a condition.
2023-11-28 11:12:06,235 [INFO] NvicIntPanel:101 - NVIC parent = com.st.microxplorer.plugins.ip.nvic.MultiNvicIntPanel[,0,0,0x0,invalid,layout=javax.swing.BoxLayout,alignmentX=0.0,alignmentY=0.0,border=,flags=9,maximumSize=,minimumSize=,preferredSize=]
2023-11-28 11:12:07,416 [INFO] NvicIntPanel:101 - NVIC parent = com.st.microxplorer.plugins.ip.nvic.MultiNvicIntPanel[,0,0,0x0,invalid,layout=javax.swing.BoxLayout,alignmentX=0.0,alignmentY=0.0,border=,flags=9,maximumSize=,minimumSize=,preferredSize=]
2023-11-28 11:12:12,767 [WARN] IP:2113 - FIFOMode not found: check if there is a RefParameter without a condition.
2023-11-28 11:12:12,767 [WARN] IP:2113 - TXFIFOThreshold not found: check if there is a RefParameter without a condition.
2023-11-28 11:12:12,767 [WARN] IP:2113 - RXFIFOThreshold not found: check if there is a RefParameter without a condition.
2023-11-28 11:12:12,767 [WARN] IP:2113 - AutoBaudRateEnableParam not found: check if there is a RefParameter without a condition.
2023-11-28 11:12:12,768 [WARN] IP:2113 - FIFOMode not found: check if there is a RefParameter without a condition.
2023-11-28 11:12:12,768 [WARN] IP:2113 - TXFIFOThreshold not found: check if there is a RefParameter without a condition.
2023-11-28 11:12:12,768 [WARN] IP:2113 - RXFIFOThreshold not found: check if there is a RefParameter without a condition.
2023-11-28 11:12:12,768 [WARN] IP:2113 - AutoBaudRateEnableParam not found: check if there is a RefParameter without a condition.
2023-11-28 11:12:12,887 [INFO] NvicIntPanel:101 - NVIC parent = com.st.microxplorer.plugins.ip.nvic.MultiNvicIntPanel[,0,0,0x0,invalid,layout=javax.swing.BoxLayout,alignmentX=0.0,alignmentY=0.0,border=,flags=9,maximumSize=,minimumSize=,preferredSize=]
2023-11-28 11:12:13,011 [INFO] NvicIntPanel:101 - NVIC parent = com.st.microxplorer.plugins.ip.nvic.MultiNvicIntPanel[,0,0,0x0,invalid,layout=javax.swing.BoxLayout,alignmentX=0.0,alignmentY=0.0,border=,flags=9,maximumSize=,minimumSize=,preferredSize=]
2023-11-28 11:12:13,089 [INFO] NvicIntPanel:101 - NVIC parent = com.st.microxplorer.plugins.ip.nvic.MultiNvicIntPanel[,0,0,0x0,invalid,layout=javax.swing.BoxLayout,alignmentX=0.0,alignmentY=0.0,border=,flags=9,maximumSize=,minimumSize=,preferredSize=]
2023-11-28 11:12:54,465 [WARN] IP:2113 - FIFOMode not found: check if there is a RefParameter without a condition.
2023-11-28 11:12:54,465 [WARN] IP:2113 - TXFIFOThreshold not found: check if there is a RefParameter without a condition.
2023-11-28 11:12:54,465 [WARN] IP:2113 - RXFIFOThreshold not found: check if there is a RefParameter without a condition.
2023-11-28 11:12:54,466 [WARN] IP:2113 - AutoBaudRateEnableParam not found: check if there is a RefParameter without a condition.
2023-11-28 11:12:54,471 [WARN] IP:2113 - FIFOMode not found: check if there is a RefParameter without a condition.
2023-11-28 11:12:54,472 [WARN] IP:2113 - TXFIFOThreshold not found: check if there is a RefParameter without a condition.
2023-11-28 11:12:54,472 [WARN] IP:2113 - RXFIFOThreshold not found: check if there is a RefParameter without a condition.
2023-11-28 11:12:54,472 [WARN] IP:2113 - AutoBaudRateEnableParam not found: check if there is a RefParameter without a condition.
2023-11-28 11:12:54,479 [WARN] IP:2113 - FIFOMode not found: check if there is a RefParameter without a condition.
2023-11-28 11:12:54,479 [WARN] IP:2113 - TXFIFOThreshold not found: check if there is a RefParameter without a condition.
2023-11-28 11:12:54,479 [WARN] IP:2113 - RXFIFOThreshold not found: check if there is a RefParameter without a condition.
2023-11-28 11:12:54,479 [WARN] IP:2113 - AutoBaudRateEnableParam not found: check if there is a RefParameter without a condition.
2023-11-28 11:12:54,485 [WARN] IP:2113 - FIFOMode not found: check if there is a RefParameter without a condition.
2023-11-28 11:12:54,485 [WARN] IP:2113 - TXFIFOThreshold not found: check if there is a RefParameter without a condition.
2023-11-28 11:12:54,485 [WARN] IP:2113 - RXFIFOThreshold not found: check if there is a RefParameter without a condition.
2023-11-28 11:12:54,485 [WARN] IP:2113 - AutoBaudRateEnableParam not found: check if there is a RefParameter without a condition.
2023-11-28 11:12:54,490 [WARN] IP:2113 - FIFOMode not found: check if there is a RefParameter without a condition.
2023-11-28 11:12:54,491 [WARN] IP:2113 - TXFIFOThreshold not found: check if there is a RefParameter without a condition.
2023-11-28 11:12:54,491 [WARN] IP:2113 - RXFIFOThreshold not found: check if there is a RefParameter without a condition.
2023-11-28 11:12:54,491 [WARN] IP:2113 - AutoBaudRateEnableParam not found: check if there is a RefParameter without a condition.
2023-11-28 11:12:54,498 [WARN] IP:2113 - FIFOMode not found: check if there is a RefParameter without a condition.
2023-11-28 11:12:54,498 [WARN] IP:2113 - TXFIFOThreshold not found: check if there is a RefParameter without a condition.
2023-11-28 11:12:54,498 [WARN] IP:2113 - RXFIFOThreshold not found: check if there is a RefParameter without a condition.
2023-11-28 11:12:54,498 [WARN] IP:2113 - AutoBaudRateEnableParam not found: check if there is a RefParameter without a condition.
2023-11-28 11:12:58,493 [INFO] NvicIntPanel:101 - NVIC parent = com.st.microxplorer.plugins.ip.nvic.MultiNvicIntPanel[,0,0,0x0,invalid,layout=javax.swing.BoxLayout,alignmentX=0.0,alignmentY=0.0,border=,flags=9,maximumSize=,minimumSize=,preferredSize=]
2023-11-28 11:13:11,485 [WARN] IP:2113 - FIFOMode not found: check if there is a RefParameter without a condition.
2023-11-28 11:13:11,485 [WARN] IP:2113 - TXFIFOThreshold not found: check if there is a RefParameter without a condition.
2023-11-28 11:13:11,485 [WARN] IP:2113 - RXFIFOThreshold not found: check if there is a RefParameter without a condition.
2023-11-28 11:13:11,485 [WARN] IP:2113 - AutoBaudRateEnableParam not found: check if there is a RefParameter without a condition.
2023-11-28 11:13:11,485 [WARN] IP:2113 - FIFOMode not found: check if there is a RefParameter without a condition.
2023-11-28 11:13:11,486 [WARN] IP:2113 - TXFIFOThreshold not found: check if there is a RefParameter without a condition.
2023-11-28 11:13:11,486 [WARN] IP:2113 - RXFIFOThreshold not found: check if there is a RefParameter without a condition.
2023-11-28 11:13:11,486 [WARN] IP:2113 - AutoBaudRateEnableParam not found: check if there is a RefParameter without a condition.
2023-11-28 11:13:11,547 [INFO] NvicIntPanel:101 - NVIC parent = com.st.microxplorer.plugins.ip.nvic.MultiNvicIntPanel[,0,0,0x0,invalid,layout=javax.swing.BoxLayout,alignmentX=0.0,alignmentY=0.0,border=,flags=9,maximumSize=,minimumSize=,preferredSize=]
2023-11-28 11:13:12,413 [INFO] NvicIntPanel:101 - NVIC parent = com.st.microxplorer.plugins.ip.nvic.MultiNvicIntPanel[,0,0,0x0,invalid,layout=javax.swing.BoxLayout,alignmentX=0.0,alignmentY=0.0,border=,flags=9,maximumSize=,minimumSize=,preferredSize=]
2023-11-28 11:13:20,569 [WARN] IP:2113 - FIFOMode not found: check if there is a RefParameter without a condition.
2023-11-28 11:13:20,569 [WARN] IP:2113 - TXFIFOThreshold not found: check if there is a RefParameter without a condition.
2023-11-28 11:13:20,569 [WARN] IP:2113 - RXFIFOThreshold not found: check if there is a RefParameter without a condition.
2023-11-28 11:13:20,569 [WARN] IP:2113 - AutoBaudRateEnableParam not found: check if there is a RefParameter without a condition.
2023-11-28 11:13:20,569 [WARN] IP:2113 - FIFOMode not found: check if there is a RefParameter without a condition.
2023-11-28 11:13:20,569 [WARN] IP:2113 - TXFIFOThreshold not found: check if there is a RefParameter without a condition.
2023-11-28 11:13:20,569 [WARN] IP:2113 - RXFIFOThreshold not found: check if there is a RefParameter without a condition.
2023-11-28 11:13:20,569 [WARN] IP:2113 - AutoBaudRateEnableParam not found: check if there is a RefParameter without a condition.
2023-11-28 11:13:20,680 [INFO] NvicIntPanel:101 - NVIC parent = com.st.microxplorer.plugins.ip.nvic.MultiNvicIntPanel[,0,0,0x0,invalid,layout=javax.swing.BoxLayout,alignmentX=0.0,alignmentY=0.0,border=,flags=9,maximumSize=,minimumSize=,preferredSize=]
2023-11-28 11:13:20,766 [INFO] NvicIntPanel:101 - NVIC parent = com.st.microxplorer.plugins.ip.nvic.MultiNvicIntPanel[,0,0,0x0,invalid,layout=javax.swing.BoxLayout,alignmentX=0.0,alignmentY=0.0,border=,flags=9,maximumSize=,minimumSize=,preferredSize=]
2023-11-28 11:13:20,825 [INFO] NvicIntPanel:101 - NVIC parent = com.st.microxplorer.plugins.ip.nvic.MultiNvicIntPanel[,0,0,0x0,invalid,layout=javax.swing.BoxLayout,alignmentX=0.0,alignmentY=0.0,border=,flags=9,maximumSize=,minimumSize=,preferredSize=]
2023-11-28 11:13:53,389 [INFO] UtilMem:75 - End SaveConfig() Used Memory: 705669712 Bytes (811597824)
2023-11-28 11:13:53,522 [INFO] UtilMem:75 - End SaveConfig() Used Memory: 600948208 Bytes (811597824)
2023-11-28 11:13:54,478 [INFO] UtilMem:75 - End SaveConfig() Used Memory: 672532960 Bytes (811597824)
2023-11-28 11:13:55,402 [INFO] BlockDiagram:2759 - set Specific Code input for plugin: NVIC
2023-11-28 11:13:55,402 [INFO] BlockDiagram:2759 - set Specific Code input for plugin: USART
2023-11-28 11:13:55,402 [INFO] BlockDiagram:2759 - set Specific Code input for plugin: DMA
2023-11-28 11:13:55,402 [INFO] BlockDiagram:2759 - set Specific Code input for plugin: TIM1_8G0
2023-11-28 11:13:55,402 [INFO] BlockDiagram:2759 - set Specific Code input for plugin: TIM1_8G0
2023-11-28 11:13:55,402 [INFO] BlockDiagram:2759 - set Specific Code input for plugin: TIM1_8G0
2023-11-28 11:13:55,402 [INFO] BlockDiagram:2759 - set Specific Code input for plugin: TIM1_8G0
2023-11-28 11:13:55,402 [INFO] BlockDiagram:2759 - set Specific Code input for plugin: SYS
2023-11-28 11:13:55,403 [INFO] BlockDiagram:2759 - set Specific Code input for plugin: GPIO
2023-11-28 11:13:55,403 [INFO] BlockDiagram:2759 - set Specific Code input for plugin: ADC
2023-11-28 11:13:55,403 [INFO] BlockDiagram:2759 - set Specific Code input for plugin: RCC
2023-11-28 11:13:55,406 [INFO] CodeGenerator:793 - code generatio: config db path: C:\ST\STM32CubeIDE_1.12.1\STM32CubeIDE\plugins\com.st.stm32cube.common.mx_6.8.1.202304191431\\db\
2023-11-28 11:13:55,455 [WARN] IP:2113 - FIFOMode not found: check if there is a RefParameter without a condition.
2023-11-28 11:13:55,456 [WARN] IP:2113 - TXFIFOThreshold not found: check if there is a RefParameter without a condition.
2023-11-28 11:13:55,456 [WARN] IP:2113 - RXFIFOThreshold not found: check if there is a RefParameter without a condition.
2023-11-28 11:13:55,456 [WARN] IP:2113 - AutoBaudRateEnableParam not found: check if there is a RefParameter without a condition.
2023-11-28 11:13:55,887 [INFO] CodeEngine:255 - oldGeneratedFile, D:\Project\Rice Cooker\RiceCooker_v1\RiceCooker_v1_CubeIDE\MXTmpFiles\license.tmp_save
2023-11-28 11:13:56,448 [INFO] CodeEngine:279 - Generated code: D:\Project\Rice Cooker\RiceCooker_v1\RiceCooker_v1_CubeIDE\MXTmpFiles\license.tmp
2023-11-28 11:13:56,754 [INFO] CodeEngine:255 - oldGeneratedFile, D:\Project\Rice Cooker\RiceCooker_v1\RiceCooker_v1_CubeIDE\MXTmpFiles\gpio.tmp_save
2023-11-28 11:13:56,955 [INFO] CodeEngine:279 - Generated code: D:\Project\Rice Cooker\RiceCooker_v1\RiceCooker_v1_CubeIDE\MXTmpFiles\gpio.tmp
2023-11-28 11:13:58,678 [INFO] CodeEngine:255 - oldGeneratedFile, D:\Project\Rice Cooker\RiceCooker_v1\RiceCooker_v1_CubeIDE\MXTmpFiles\dma.tmp_save
2023-11-28 11:13:58,764 [INFO] CodeEngine:279 - Generated code: D:\Project\Rice Cooker\RiceCooker_v1\RiceCooker_v1_CubeIDE\MXTmpFiles\dma.tmp
2023-11-28 11:13:58,772 [INFO] CodeEngine:255 - oldGeneratedFile, D:\Project\Rice Cooker\RiceCooker_v1\RiceCooker_v1_CubeIDE\MXTmpFiles\dma_GV.tmp_save
2023-11-28 11:13:58,845 [INFO] CodeEngine:279 - Generated code: D:\Project\Rice Cooker\RiceCooker_v1\RiceCooker_v1_CubeIDE\MXTmpFiles\dma_GV.tmp
2023-11-28 11:13:58,873 [INFO] CodeEngine:255 - oldGeneratedFile, D:\Project\Rice Cooker\RiceCooker_v1\RiceCooker_v1_CubeIDE\Core\Src\stm32g0xx_it.c_save
2023-11-28 11:13:59,064 [INFO] CodeEngine:279 - Generated code: D:\Project\Rice Cooker\RiceCooker_v1\RiceCooker_v1_CubeIDE\Core\Src\stm32g0xx_it.c
2023-11-28 11:13:59,079 [INFO] CodeEngine:255 - oldGeneratedFile, D:\Project\Rice Cooker\RiceCooker_v1\RiceCooker_v1_CubeIDE\Core\Inc\stm32g0xx_it.h_save
2023-11-28 11:13:59,170 [INFO] CodeEngine:279 - Generated code: D:\Project\Rice Cooker\RiceCooker_v1\RiceCooker_v1_CubeIDE\Core\Inc\stm32g0xx_it.h
2023-11-28 11:13:59,189 [INFO] CodeEngine:255 - oldGeneratedFile, D:\Project\Rice Cooker\RiceCooker_v1\RiceCooker_v1_CubeIDE\Core\Src\stm32g0xx_hal_msp.c_save
2023-11-28 11:13:59,360 [INFO] CodeEngine:279 - Generated code: D:\Project\Rice Cooker\RiceCooker_v1\RiceCooker_v1_CubeIDE\Core\Src\stm32g0xx_hal_msp.c
2023-11-28 11:13:59,370 [INFO] CodeEngine:255 - oldGeneratedFile, D:\Project\Rice Cooker\RiceCooker_v1\RiceCooker_v1_CubeIDE\MXTmpFiles\system.tmp_save
2023-11-28 11:13:59,443 [INFO] CodeEngine:279 - Generated code: D:\Project\Rice Cooker\RiceCooker_v1\RiceCooker_v1_CubeIDE\MXTmpFiles\system.tmp
2023-11-28 11:13:59,461 [INFO] CodeEngine:311 - oldGeneratedFile, D:\Project\Rice Cooker\RiceCooker_v1\RiceCooker_v1_CubeIDE\Core\Inc\stm32g0xx_hal_conf.h_save
2023-11-28 11:13:59,549 [INFO] CodeEngine:335 - Generated code: D:\Project\Rice Cooker\RiceCooker_v1\RiceCooker_v1_CubeIDE\Core\Inc\stm32g0xx_hal_conf.h
2023-11-28 11:13:59,581 [WARN] IPConfigManager:3431 - IP not found : TIM
2023-11-28 11:13:59,584 [WARN] CodeGenerator:3754 - IP not found : null
2023-11-28 11:13:59,599 [INFO] CodeEngine:255 - oldGeneratedFile, D:\Project\Rice Cooker\RiceCooker_v1\RiceCooker_v1_CubeIDE\Core\Inc\main.h_save
2023-11-28 11:13:59,743 [INFO] CodeEngine:279 - Generated code: D:\Project\Rice Cooker\RiceCooker_v1\RiceCooker_v1_CubeIDE\Core\Inc\main.h
2023-11-28 11:13:59,750 [INFO] CodeEngine:255 - oldGeneratedFile, D:\Project\Rice Cooker\RiceCooker_v1\RiceCooker_v1_CubeIDE\Core\Src\main.c_save
2023-11-28 11:14:00,080 [INFO] CodeEngine:279 - Generated code: D:\Project\Rice Cooker\RiceCooker_v1\RiceCooker_v1_CubeIDE\Core\Src\main.c
2023-11-28 11:14:00,873 [INFO] ProjectBuilder:2996 - Time for Copy HAL[1] : 210mS.
2023-11-28 11:14:00,885 [INFO] ProjectBuilder:4304 - Project Generator version: 3.19.2
2023-11-28 11:14:01,312 [INFO] ConfigFileManager:1483 - The Die is : DIE466
2023-11-28 11:14:01,336 [INFO] ApiDbMcu:507 - Load IP Config File for FATFS
2023-11-28 11:14:01,352 [INFO] ApiDbMcu:507 - Load IP Config File for FREERTOS
2023-11-28 11:14:02,694 [INFO] LogOutputStream:77 - [STDOUT_REDIRECT] 
2023-11-28 11:14:05,760 [INFO] ProjectBuilder:4505 - Time for Generating toolchain IDE Files: 4874mS.
2023-11-28 11:14:05,761 [INFO] ProjectBuilder:2867 - Time for Copy CMSIS : 0mS.
2023-11-28 11:14:05,763 [INFO] ProjectBuilder:2867 - Time for Copy CMSIS : 0mS.
2023-11-28 11:26:06,313 [WARN] IP:2113 - FIFOMode not found: check if there is a RefParameter without a condition.
2023-11-28 11:26:06,313 [WARN] IP:2113 - TXFIFOThreshold not found: check if there is a RefParameter without a condition.
2023-11-28 11:26:06,313 [WARN] IP:2113 - RXFIFOThreshold not found: check if there is a RefParameter without a condition.
2023-11-28 11:26:06,313 [WARN] IP:2113 - AutoBaudRateEnableParam not found: check if there is a RefParameter without a condition.
2023-11-28 11:26:06,313 [WARN] IP:2113 - FIFOMode not found: check if there is a RefParameter without a condition.
2023-11-28 11:26:06,313 [WARN] IP:2113 - TXFIFOThreshold not found: check if there is a RefParameter without a condition.
2023-11-28 11:26:06,313 [WARN] IP:2113 - RXFIFOThreshold not found: check if there is a RefParameter without a condition.
2023-11-28 11:26:06,313 [WARN] IP:2113 - AutoBaudRateEnableParam not found: check if there is a RefParameter without a condition.
2023-11-28 11:26:10,178 [WARN] IP:2113 - FIFOMode not found: check if there is a RefParameter without a condition.
2023-11-28 11:26:10,182 [WARN] IP:2113 - TXFIFOThreshold not found: check if there is a RefParameter without a condition.
2023-11-28 11:26:10,182 [WARN] IP:2113 - RXFIFOThreshold not found: check if there is a RefParameter without a condition.
2023-11-28 11:26:10,182 [WARN] IP:2113 - AutoBaudRateEnableParam not found: check if there is a RefParameter without a condition.
2023-11-28 11:26:11,563 [INFO] NvicIntPanel:101 - NVIC parent = com.st.microxplorer.plugins.ip.nvic.MultiNvicIntPanel[,0,0,605x385,layout=javax.swing.BoxLayout,alignmentX=0.0,alignmentY=0.0,border=,flags=9,maximumSize=,minimumSize=,preferredSize=]
2023-11-28 11:26:12,712 [WARN] IP:2113 - FIFOMode not found: check if there is a RefParameter without a condition.
2023-11-28 11:26:12,712 [WARN] IP:2113 - TXFIFOThreshold not found: check if there is a RefParameter without a condition.
2023-11-28 11:26:12,712 [WARN] IP:2113 - RXFIFOThreshold not found: check if there is a RefParameter without a condition.
2023-11-28 11:26:12,712 [WARN] IP:2113 - AutoBaudRateEnableParam not found: check if there is a RefParameter without a condition.
2023-11-28 11:26:12,730 [INFO] NvicIntPanel:101 - NVIC parent = com.st.microxplorer.plugins.ip.nvic.MultiNvicIntPanel[,0,0,0x0,invalid,layout=javax.swing.BoxLayout,alignmentX=0.0,alignmentY=0.0,border=,flags=9,maximumSize=,minimumSize=,preferredSize=]
2023-11-28 11:26:14,273 [INFO] UtilMem:75 - End SaveConfig() Used Memory: 699334120 Bytes (970981376)
2023-11-28 11:26:14,379 [INFO] UtilMem:75 - End SaveConfig() Used Memory: 651543264 Bytes (970981376)
2023-11-28 11:26:14,814 [INFO] UtilMem:75 - End SaveConfig() Used Memory: 716552296 Bytes (970981376)
2023-11-28 11:26:15,092 [INFO] BlockDiagram:2759 - set Specific Code input for plugin: NVIC
2023-11-28 11:26:15,092 [INFO] BlockDiagram:2759 - set Specific Code input for plugin: USART
2023-11-28 11:26:15,092 [INFO] BlockDiagram:2759 - set Specific Code input for plugin: DMA
2023-11-28 11:26:15,092 [INFO] BlockDiagram:2759 - set Specific Code input for plugin: TIM1_8G0
2023-11-28 11:26:15,092 [INFO] BlockDiagram:2759 - set Specific Code input for plugin: TIM1_8G0
2023-11-28 11:26:15,092 [INFO] BlockDiagram:2759 - set Specific Code input for plugin: TIM1_8G0
2023-11-28 11:26:15,092 [INFO] BlockDiagram:2759 - set Specific Code input for plugin: TIM1_8G0
2023-11-28 11:26:15,092 [INFO] BlockDiagram:2759 - set Specific Code input for plugin: SYS
2023-11-28 11:26:15,093 [INFO] BlockDiagram:2759 - set Specific Code input for plugin: GPIO
2023-11-28 11:26:15,093 [INFO] BlockDiagram:2759 - set Specific Code input for plugin: ADC
2023-11-28 11:26:15,093 [INFO] BlockDiagram:2759 - set Specific Code input for plugin: RCC
2023-11-28 11:26:15,093 [INFO] CodeGenerator:793 - code generatio: config db path: C:\ST\STM32CubeIDE_1.12.1\STM32CubeIDE\plugins\com.st.stm32cube.common.mx_6.8.1.202304191431\\db\
2023-11-28 11:26:15,094 [INFO] Argument:319 - Argument : hdmavalue: null
2023-11-28 11:26:15,094 [INFO] Argument:321 - 	 sub Args: 
2023-11-28 11:26:15,094 [INFO] Argument:319 - Argument : Instancevalue: DMA1_Channel1
2023-11-28 11:26:15,094 [INFO] Argument:329 - Argument : Instancevalue: DMA1_Channel1
2023-11-28 11:26:15,094 [INFO] Argument:319 - Argument : Initvalue: null
2023-11-28 11:26:15,094 [INFO] Argument:321 - 	 sub Args: 
2023-11-28 11:26:15,094 [INFO] Argument:319 - Argument : Requestvalue: DMA_REQUEST_ADC1
2023-11-28 11:26:15,094 [INFO] Argument:329 - Argument : Requestvalue: DMA_REQUEST_ADC1
2023-11-28 11:26:15,094 [INFO] Argument:319 - Argument : Directionvalue: DMA_PERIPH_TO_MEMORY
2023-11-28 11:26:15,094 [INFO] Argument:329 - Argument : Directionvalue: DMA_PERIPH_TO_MEMORY
2023-11-28 11:26:15,094 [INFO] Argument:319 - Argument : PeriphIncvalue: DMA_PINC_DISABLE
2023-11-28 11:26:15,094 [INFO] Argument:329 - Argument : PeriphIncvalue: DMA_PINC_DISABLE
2023-11-28 11:26:15,094 [INFO] Argument:319 - Argument : MemIncvalue: DMA_MINC_ENABLE
2023-11-28 11:26:15,094 [INFO] Argument:329 - Argument : MemIncvalue: DMA_MINC_ENABLE
2023-11-28 11:26:15,094 [INFO] Argument:319 - Argument : PeriphDataAlignmentvalue: DMA_PDATAALIGN_WORD
2023-11-28 11:26:15,094 [INFO] Argument:329 - Argument : PeriphDataAlignmentvalue: DMA_PDATAALIGN_WORD
2023-11-28 11:26:15,094 [INFO] Argument:319 - Argument : MemDataAlignmentvalue: DMA_MDATAALIGN_WORD
2023-11-28 11:26:15,094 [INFO] Argument:329 - Argument : MemDataAlignmentvalue: DMA_MDATAALIGN_WORD
2023-11-28 11:26:15,094 [INFO] Argument:319 - Argument : Modevalue: DMA_CIRCULAR
2023-11-28 11:26:15,094 [INFO] Argument:329 - Argument : Modevalue: DMA_CIRCULAR
2023-11-28 11:26:15,094 [INFO] Argument:319 - Argument : Priorityvalue: DMA_PRIORITY_LOW
2023-11-28 11:26:15,094 [INFO] Argument:329 - Argument : Priorityvalue: DMA_PRIORITY_LOW
2023-11-28 11:26:15,094 [INFO] Argument:319 - Argument : Lockvalue: null
2023-11-28 11:26:15,094 [INFO] Argument:329 - Argument : Lockvalue: null
2023-11-28 11:26:15,094 [INFO] Argument:319 - Argument : Statevalue: null
2023-11-28 11:26:15,094 [INFO] Argument:329 - Argument : Statevalue: null
2023-11-28 11:26:15,094 [INFO] Argument:319 - Argument : Parentvalue: null
2023-11-28 11:26:15,094 [INFO] Argument:329 - Argument : Parentvalue: null
2023-11-28 11:26:15,094 [INFO] Argument:319 - Argument : XferCpltCallbackvalue: null
2023-11-28 11:26:15,094 [INFO] Argument:329 - Argument : XferCpltCallbackvalue: null
2023-11-28 11:26:15,094 [INFO] Argument:319 - Argument : XferHalfCpltCallbackvalue: null
2023-11-28 11:26:15,094 [INFO] Argument:329 - Argument : XferHalfCpltCallbackvalue: null
2023-11-28 11:26:15,094 [INFO] Argument:319 - Argument : XferErrorCallbackvalue: null
2023-11-28 11:26:15,094 [INFO] Argument:329 - Argument : XferErrorCallbackvalue: null
2023-11-28 11:26:15,094 [INFO] Argument:319 - Argument : XferAbortCallbackvalue: null
2023-11-28 11:26:15,094 [INFO] Argument:329 - Argument : XferAbortCallbackvalue: null
2023-11-28 11:26:15,094 [INFO] Argument:319 - Argument : ErrorCodevalue: null
2023-11-28 11:26:15,094 [INFO] Argument:329 - Argument : ErrorCodevalue: null
2023-11-28 11:26:15,094 [INFO] Argument:319 - Argument : ChannelIndexvalue: null
2023-11-28 11:26:15,094 [INFO] Argument:329 - Argument : ChannelIndexvalue: null
2023-11-28 11:26:15,094 [INFO] Argument:319 - Argument : DMAmuxChannelvalue: null
2023-11-28 11:26:15,094 [INFO] Argument:329 - Argument : DMAmuxChannelvalue: null
2023-11-28 11:26:15,094 [INFO] Argument:319 - Argument : DMAmuxChannelStatusvalue: null
2023-11-28 11:26:15,094 [INFO] Argument:329 - Argument : DMAmuxChannelStatusvalue: null
2023-11-28 11:26:15,094 [INFO] Argument:319 - Argument : DMAmuxChannelStatusMaskvalue: null
2023-11-28 11:26:15,094 [INFO] Argument:329 - Argument : DMAmuxChannelStatusMaskvalue: null
2023-11-28 11:26:15,094 [INFO] Argument:319 - Argument : DMAmuxRequestGenvalue: null
2023-11-28 11:26:15,094 [INFO] Argument:329 - Argument : DMAmuxRequestGenvalue: null
2023-11-28 11:26:15,094 [INFO] Argument:319 - Argument : DMAmuxRequestGenStatusvalue: null
2023-11-28 11:26:15,094 [INFO] Argument:329 - Argument : DMAmuxRequestGenStatusvalue: null
2023-11-28 11:26:15,094 [INFO] Argument:319 - Argument : DMAmuxRequestGenStatusMaskvalue: null
2023-11-28 11:26:15,094 [INFO] Argument:329 - Argument : DMAmuxRequestGenStatusMaskvalue: null
2023-11-28 11:26:15,119 [WARN] IP:2113 - FIFOMode not found: check if there is a RefParameter without a condition.
2023-11-28 11:26:15,119 [WARN] IP:2113 - TXFIFOThreshold not found: check if there is a RefParameter without a condition.
2023-11-28 11:26:15,119 [WARN] IP:2113 - RXFIFOThreshold not found: check if there is a RefParameter without a condition.
2023-11-28 11:26:15,119 [WARN] IP:2113 - AutoBaudRateEnableParam not found: check if there is a RefParameter without a condition.
2023-11-28 11:26:15,253 [INFO] CodeEngine:255 - oldGeneratedFile, D:\Project\Rice Cooker\RiceCooker_v1\RiceCooker_v1_CubeIDE\MXTmpFiles\license.tmp_save
2023-11-28 11:26:15,374 [INFO] CodeEngine:279 - Generated code: D:\Project\Rice Cooker\RiceCooker_v1\RiceCooker_v1_CubeIDE\MXTmpFiles\license.tmp
2023-11-28 11:26:15,595 [INFO] CodeEngine:255 - oldGeneratedFile, D:\Project\Rice Cooker\RiceCooker_v1\RiceCooker_v1_CubeIDE\MXTmpFiles\gpio.tmp_save
2023-11-28 11:26:15,774 [INFO] CodeEngine:279 - Generated code: D:\Project\Rice Cooker\RiceCooker_v1\RiceCooker_v1_CubeIDE\MXTmpFiles\gpio.tmp
2023-11-28 11:26:16,783 [INFO] CodeEngine:255 - oldGeneratedFile, D:\Project\Rice Cooker\RiceCooker_v1\RiceCooker_v1_CubeIDE\MXTmpFiles\dma.tmp_save
2023-11-28 11:26:16,842 [INFO] CodeEngine:279 - Generated code: D:\Project\Rice Cooker\RiceCooker_v1\RiceCooker_v1_CubeIDE\MXTmpFiles\dma.tmp
2023-11-28 11:26:16,844 [INFO] CodeEngine:255 - oldGeneratedFile, D:\Project\Rice Cooker\RiceCooker_v1\RiceCooker_v1_CubeIDE\MXTmpFiles\dma_GV.tmp_save
2023-11-28 11:26:16,904 [INFO] CodeEngine:279 - Generated code: D:\Project\Rice Cooker\RiceCooker_v1\RiceCooker_v1_CubeIDE\MXTmpFiles\dma_GV.tmp
2023-11-28 11:26:16,919 [INFO] CodeEngine:255 - oldGeneratedFile, D:\Project\Rice Cooker\RiceCooker_v1\RiceCooker_v1_CubeIDE\Core\Src\stm32g0xx_it.c_save
2023-11-28 11:26:17,173 [INFO] CodeEngine:279 - Generated code: D:\Project\Rice Cooker\RiceCooker_v1\RiceCooker_v1_CubeIDE\Core\Src\stm32g0xx_it.c
2023-11-28 11:26:17,177 [INFO] CodeEngine:255 - oldGeneratedFile, D:\Project\Rice Cooker\RiceCooker_v1\RiceCooker_v1_CubeIDE\Core\Inc\stm32g0xx_it.h_save
2023-11-28 11:26:17,247 [INFO] CodeEngine:279 - Generated code: D:\Project\Rice Cooker\RiceCooker_v1\RiceCooker_v1_CubeIDE\Core\Inc\stm32g0xx_it.h
2023-11-28 11:26:17,257 [INFO] CodeEngine:255 - oldGeneratedFile, D:\Project\Rice Cooker\RiceCooker_v1\RiceCooker_v1_CubeIDE\Core\Src\stm32g0xx_hal_msp.c_save
2023-11-28 11:26:17,388 [INFO] CodeEngine:279 - Generated code: D:\Project\Rice Cooker\RiceCooker_v1\RiceCooker_v1_CubeIDE\Core\Src\stm32g0xx_hal_msp.c
2023-11-28 11:26:17,394 [INFO] CodeEngine:255 - oldGeneratedFile, D:\Project\Rice Cooker\RiceCooker_v1\RiceCooker_v1_CubeIDE\MXTmpFiles\system.tmp_save
2023-11-28 11:26:17,452 [INFO] CodeEngine:279 - Generated code: D:\Project\Rice Cooker\RiceCooker_v1\RiceCooker_v1_CubeIDE\MXTmpFiles\system.tmp
2023-11-28 11:26:17,457 [INFO] CodeEngine:311 - oldGeneratedFile, D:\Project\Rice Cooker\RiceCooker_v1\RiceCooker_v1_CubeIDE\Core\Inc\stm32g0xx_hal_conf.h_save
2023-11-28 11:26:17,512 [INFO] CodeEngine:335 - Generated code: D:\Project\Rice Cooker\RiceCooker_v1\RiceCooker_v1_CubeIDE\Core\Inc\stm32g0xx_hal_conf.h
2023-11-28 11:26:17,522 [WARN] IPConfigManager:3431 - IP not found : TIM
2023-11-28 11:26:17,523 [WARN] CodeGenerator:3754 - IP not found : null
2023-11-28 11:26:17,524 [INFO] CodeEngine:255 - oldGeneratedFile, D:\Project\Rice Cooker\RiceCooker_v1\RiceCooker_v1_CubeIDE\Core\Inc\main.h_save
2023-11-28 11:26:17,593 [INFO] CodeEngine:279 - Generated code: D:\Project\Rice Cooker\RiceCooker_v1\RiceCooker_v1_CubeIDE\Core\Inc\main.h
2023-11-28 11:26:17,603 [INFO] CodeEngine:255 - oldGeneratedFile, D:\Project\Rice Cooker\RiceCooker_v1\RiceCooker_v1_CubeIDE\Core\Src\main.c_save
2023-11-28 11:26:17,793 [INFO] CodeEngine:279 - Generated code: D:\Project\Rice Cooker\RiceCooker_v1\RiceCooker_v1_CubeIDE\Core\Src\main.c
2023-11-28 11:26:18,358 [INFO] ProjectBuilder:2996 - Time for Copy HAL[1] : 143mS.
2023-11-28 11:26:18,363 [INFO] ProjectBuilder:4304 - Project Generator version: 3.19.2
2023-11-28 11:26:18,773 [INFO] ConfigFileManager:1483 - The Die is : DIE466
2023-11-28 11:26:20,556 [INFO] ProjectBuilder:4505 - Time for Generating toolchain IDE Files: 2194mS.
2023-11-28 11:26:20,556 [INFO] ProjectBuilder:2867 - Time for Copy CMSIS : 0mS.
2023-11-28 11:26:20,556 [INFO] ProjectBuilder:2867 - Time for Copy CMSIS : 0mS.
2023-11-28 11:35:36,335 [INFO] Activator:176 - 


2023-11-28 11:35:36,335 [INFO] Activator:177 - !SESSION log4j initialized
2023-11-28 11:35:44,212 [INFO] LogOutputStream:77 - [STDOUT_REDIRECT] 
2023-11-28 11:36:06,373 [ERROR] LogOutputStream:75 - [STDERR_REDIRECT] SLF4J: Failed to load class "org.slf4j.impl.StaticLoggerBinder".
2023-11-28 11:36:06,373 [ERROR] LogOutputStream:75 - [STDERR_REDIRECT] SLF4J: Defaulting to no-operation (NOP) logger implementation
2023-11-28 11:36:06,373 [ERROR] LogOutputStream:75 - [STDERR_REDIRECT] SLF4J: See http://www.slf4j.org/codes.html#StaticLoggerBinder for further details.
2023-11-28 11:36:48,222 [INFO] Activator:176 - 


2023-11-28 11:36:48,224 [INFO] Activator:177 - !SESSION log4j initialized
2023-11-28 11:36:53,807 [INFO] LogOutputStream:77 - [STDOUT_REDIRECT] 
2023-11-28 11:37:15,072 [ERROR] LogOutputStream:75 - [STDERR_REDIRECT] SLF4J: Failed to load class "org.slf4j.impl.StaticLoggerBinder".
2023-11-28 11:37:15,072 [ERROR] LogOutputStream:75 - [STDERR_REDIRECT] SLF4J: Defaulting to no-operation (NOP) logger implementation
2023-11-28 11:37:15,076 [ERROR] LogOutputStream:75 - [STDERR_REDIRECT] SLF4J: See http://www.slf4j.org/codes.html#StaticLoggerBinder for further details.
2023-11-28 11:47:37,840 [INFO] Activator:176 - 


2023-11-28 11:47:37,840 [INFO] Activator:177 - !SESSION log4j initialized
2023-11-28 11:47:43,704 [INFO] LogOutputStream:77 - [STDOUT_REDIRECT] 
2023-11-28 11:48:05,282 [ERROR] LogOutputStream:75 - [STDERR_REDIRECT] SLF4J: Failed to load class "org.slf4j.impl.StaticLoggerBinder".
2023-11-28 11:48:05,282 [ERROR] LogOutputStream:75 - [STDERR_REDIRECT] SLF4J: Defaulting to no-operation (NOP) logger implementation
2023-11-28 11:48:05,282 [ERROR] LogOutputStream:75 - [STDERR_REDIRECT] SLF4J: See http://www.slf4j.org/codes.html#StaticLoggerBinder for further details.
2023-11-28 13:00:40,718 [ERROR] ConfigurationRetriever:142 - IOException on connection: connect timed out
2023-11-28 17:00:54,148 [ERROR] ConfigurationRetriever:142 - IOException on connection: connect timed out
2023-11-28 17:00:56,169 [ERROR] ConfigurationRetriever:142 - IOException on connection: connect timed out
2023-11-28 17:00:58,169 [ERROR] ConfigurationRetriever:142 - IOException on connection: connect timed out
