2024-08-01 10:29:57,790 [INFO] Activator:176 - 


2024-08-01 10:29:57,799 [INFO] Activator:177 - !SESSION log4j initialized
2024-08-01 10:30:09,611 [INFO] LogOutputStream:77 - [STDOUT_REDIRECT] 
2024-08-01 10:30:12,915 [INFO] ApplicationProperties:184 - Using Application install path: C:\ST\STM32CubeIDE_1.15.1\STM32CubeIDE\plugins\com.st.stm32cube.common.mx_6.11.1.202404110753
2024-08-01 10:30:12,942 [INFO] DbMcusXml:78 - Set database path to: C:\ST\STM32CubeIDE_1.15.1\STM32CubeIDE\plugins\com.st.stm32cube.common.mx_6.11.1.202404110753\\db\/mcu/
2024-08-01 10:30:12,942 [INFO] ApiDb:274 - Set plugin database path to: C:\ST\STM32CubeIDE_1.15.1\STM32CubeIDE\plugins\com.st.stm32cube.common.mx_6.11.1.202404110753\\db\/plugins/boardmanager/
2024-08-01 10:30:12,943 [WARN] ApiDb:259 - Overriding images path with different value:  => C:\ST\STM32CubeIDE_1.15.1\STM32CubeIDE\plugins\com.st.stm32cube.common.mx_6.11.1.202404110753\\db\/plugins/mcufinder/images/
2024-08-01 10:30:12,966 [INFO] ApiDb:250 - Set database path to: C:\Users\KDS-LTP-0415\.stmcufinder\plugins\mcufinder//mcu/
2024-08-01 10:30:12,968 [INFO] DbMcusAds:125 - Set database path to: C:\Users\KDS-LTP-0415\.stmcufinder\plugins\mcufinder//mcu/
2024-08-01 10:30:12,971 [INFO] CrossReferenceDbSqlite:203 - Set database path to: C:\Users\KDS-LTP-0415\.stmcufinder\plugins\mcufinder//mcu/cs/
2024-08-01 10:30:13,172 [INFO] RulesReader:64 - Compatibility file has been processed (297 Rules)
2024-08-01 10:30:13,285 [INFO] DbMcusXml:78 - Set database path to: C:\ST\STM32CubeIDE_1.15.1\STM32CubeIDE\plugins\com.st.stm32cube.common.mx_6.11.1.202404110753\\db\/mcu/
2024-08-01 10:30:13,285 [INFO] ApiDb:274 - Set plugin database path to: C:\ST\STM32CubeIDE_1.15.1\STM32CubeIDE\plugins\com.st.stm32cube.common.mx_6.11.1.202404110753\\db\/plugins/boardmanager/
2024-08-01 10:30:13,286 [INFO] ApiDb:261 - Set plugin images path to: C:\ST\STM32CubeIDE_1.15.1\STM32CubeIDE\plugins\com.st.stm32cube.common.mx_6.11.1.202404110753\\db\/plugins/mcufinder/images/
2024-08-01 10:30:13,286 [WARN] DbFile:41 - Overriding database path with different value: C:\Users\KDS-LTP-0415\.stmcufinder\plugins\mcufinder/ => C:\Users\KDS-LTP-0415\.stmcufinder\plugins\mcufinder
2024-08-01 10:30:13,286 [INFO] ApiDb:250 - Set database path to: C:\Users\KDS-LTP-0415\.stmcufinder\plugins\mcufinder//mcu/
2024-08-01 10:30:13,286 [WARN] DbFile:41 - Overriding database path with different value: C:\Users\KDS-LTP-0415\.stmcufinder\plugins\mcufinder/ => C:\Users\KDS-LTP-0415\.stmcufinder\plugins\mcufinder
2024-08-01 10:30:13,286 [INFO] DbMcusAds:125 - Set database path to: C:\Users\KDS-LTP-0415\.stmcufinder\plugins\mcufinder//mcu/
2024-08-01 10:30:13,286 [WARN] DbFile:41 - Overriding database path with different value: C:\Users\KDS-LTP-0415\.stmcufinder\plugins\mcufinder/ => C:\Users\KDS-LTP-0415\.stmcufinder\plugins\mcufinder
2024-08-01 10:30:13,286 [WARN] DbFile:41 - Overriding database path with different value: C:\Users\KDS-LTP-0415\.stmcufinder\plugins\mcufinder/ => C:\Users\KDS-LTP-0415\.stmcufinder\plugins\mcufinder
2024-08-01 10:30:13,286 [INFO] CrossReferenceDbSqlite:203 - Set database path to: C:\Users\KDS-LTP-0415\.stmcufinder\plugins\mcufinder//mcu/cs/
2024-08-01 10:30:13,403 [INFO] MainPanel:264 - HeapMemory: 268435456
2024-08-01 10:30:13,558 [INFO] DbMcusXml:78 - Set database path to: C:\ST\STM32CubeIDE_1.15.1\STM32CubeIDE\plugins\com.st.stm32cube.common.mx_6.11.1.202404110753\\db\/mcu/
2024-08-01 10:30:13,558 [INFO] ApiDb:274 - Set plugin database path to: C:\ST\STM32CubeIDE_1.15.1\STM32CubeIDE\plugins\com.st.stm32cube.common.mx_6.11.1.202404110753\\db\/plugins/boardmanager/
2024-08-01 10:30:13,558 [INFO] ApiDb:261 - Set plugin images path to: C:\ST\STM32CubeIDE_1.15.1\STM32CubeIDE\plugins\com.st.stm32cube.common.mx_6.11.1.202404110753\\db\/plugins/mcufinder/images/
2024-08-01 10:30:13,558 [WARN] DbFile:41 - Overriding database path with different value: C:\Users\KDS-LTP-0415\.stmcufinder\plugins\mcufinder/ => C:\Users\KDS-LTP-0415\.stmcufinder\plugins\mcufinder
2024-08-01 10:30:13,559 [INFO] ApiDb:250 - Set database path to: C:\Users\KDS-LTP-0415\.stmcufinder\plugins\mcufinder//mcu/
2024-08-01 10:30:13,559 [WARN] DbFile:41 - Overriding database path with different value: C:\Users\KDS-LTP-0415\.stmcufinder\plugins\mcufinder/ => C:\Users\KDS-LTP-0415\.stmcufinder\plugins\mcufinder
2024-08-01 10:30:13,559 [INFO] DbMcusAds:125 - Set database path to: C:\Users\KDS-LTP-0415\.stmcufinder\plugins\mcufinder//mcu/
2024-08-01 10:30:13,559 [WARN] DbFile:41 - Overriding database path with different value: C:\Users\KDS-LTP-0415\.stmcufinder\plugins\mcufinder/ => C:\Users\KDS-LTP-0415\.stmcufinder\plugins\mcufinder
2024-08-01 10:30:13,559 [WARN] DbFile:41 - Overriding database path with different value: C:\Users\KDS-LTP-0415\.stmcufinder\plugins\mcufinder/ => C:\Users\KDS-LTP-0415\.stmcufinder\plugins\mcufinder
2024-08-01 10:30:13,559 [INFO] CrossReferenceDbSqlite:203 - Set database path to: C:\Users\KDS-LTP-0415\.stmcufinder\plugins\mcufinder//mcu/cs/
2024-08-01 10:30:13,582 [INFO] ApplicationProperties:184 - Using Application install path: C:\ST\STM32CubeIDE_1.15.1\STM32CubeIDE\plugins\com.st.stm32cube.common.mx_6.11.1.202404110753
2024-08-01 10:30:13,584 [INFO] PluginManage:196 - Search for loadable plugins [exclusion list=, ]
2024-08-01 10:30:13,586 [INFO] PluginManage:310 - Check plugin analytics
2024-08-01 10:30:13,771 [INFO] AnalyticsPlugin:253 - Accepted Software Licenses: 
2024-08-01 10:30:13,771 [INFO] AnalyticsPlugin:255 - Accepted CMSIS Pack Licenses: STMicroelectronics.X-CUBE-TOF1.3.4.1
2024-08-01 10:30:13,771 [INFO] AnalyticsPlugin:257 - Accepted Firmware Licenses: FW.F4.1.28.0,FW.H7.1.11.0
2024-08-01 10:30:13,774 [INFO] PluginManage:359 - Loaded plugin analytics (category:tool,tabindex:-1)
2024-08-01 10:30:13,775 [INFO] PluginManage:310 - Check plugin cadmodel
2024-08-01 10:30:13,800 [INFO] CADModel:105 - Init CAD model plugin
2024-08-01 10:30:13,800 [INFO] PluginManage:359 - Loaded plugin cadmodel (category:power,tabindex:5)
2024-08-01 10:30:13,801 [INFO] PluginManage:310 - Check plugin clock
2024-08-01 10:30:13,827 [INFO] PluginManage:359 - Loaded plugin clock (category:base,tabindex:2)
2024-08-01 10:30:13,827 [INFO] PluginManage:310 - Check plugin ddr
2024-08-01 10:30:13,829 [INFO] PluginManage:359 - Loaded plugin ddr (category:tool,tabindex:6)
2024-08-01 10:30:13,829 [INFO] PluginManage:310 - Check plugin filemanager
2024-08-01 10:30:14,001 [INFO] PluginManage:359 - Loaded plugin filemanager (category:base,tabindex:10)
2024-08-01 10:30:14,001 [INFO] PluginManage:310 - Check plugin ipmanager
2024-08-01 10:30:14,012 [INFO] PluginManage:359 - Loaded plugin ipmanager (category:base,tabindex:5)
2024-08-01 10:30:14,012 [INFO] PluginManage:310 - Check plugin lpbam
2024-08-01 10:30:14,423 [INFO] PluginManage:359 - Loaded plugin lpbam (category:base,tabindex:0)
2024-08-01 10:30:14,424 [INFO] PluginManage:310 - Check plugin memorymap
2024-08-01 10:30:14,838 [INFO] PluginManage:359 - Loaded plugin memorymap (category:base,tabindex:4)
2024-08-01 10:30:14,838 [INFO] PluginManage:310 - Check plugin pinoutandconfiguration
2024-08-01 10:30:14,858 [INFO] PluginManage:359 - Loaded plugin pinoutandconfiguration (category:base,tabindex:1)
2024-08-01 10:30:14,858 [INFO] PluginManage:310 - Check plugin pinoutconfig
2024-08-01 10:30:14,995 [WARN] SupportedApi:132 - Cannot load RTOS API schema: s4s-elt-must-match.1: The content of 'definitions' must match (annotation?, (simpleType | complexType)?, (unique | key | keyref)*)). A problem was found starting at: attribute.
2024-08-01 10:30:15,185 [INFO] PluginManage:359 - Loaded plugin pinoutconfig (category:base,tabindex:0)
2024-08-01 10:30:15,185 [INFO] PluginManage:310 - Check plugin power
2024-08-01 10:30:15,245 [INFO] PluginManage:359 - Loaded plugin power (category:power,tabindex:4)
2024-08-01 10:30:15,246 [INFO] PluginManage:310 - Check plugin projectmanager
2024-08-01 10:30:15,265 [INFO] PluginManage:359 - Loaded plugin projectmanager (category:projectmanager,tabindex:3)
2024-08-01 10:30:15,265 [INFO] PluginManage:310 - Check plugin thirdparty
2024-08-01 10:30:15,644 [INFO] PluginManage:359 - Loaded plugin thirdparty (category:base,tabindex:-1)
2024-08-01 10:30:15,644 [WARN] IntegrityCheckThread:84 - waiting for thirdparty lock release [integrity check]
2024-08-01 10:30:15,645 [INFO] PluginManage:310 - Check plugin tools
2024-08-01 10:30:15,645 [INFO] IntegrityCheckThread:86 - entering critical section [integrity check]
2024-08-01 10:30:15,645 [INFO] ThirdPartyUpdaterWithRetryManager:70 - Updater plugin not ready yet. [1/15]
2024-08-01 10:30:15,690 [INFO] PluginManage:359 - Loaded plugin tools (category:base,tabindex:7)
2024-08-01 10:30:15,690 [INFO] PluginManage:310 - Check plugin tutovideos
2024-08-01 10:30:16,197 [INFO] PluginManage:359 - Loaded plugin tutovideos (category:base,tabindex:-1)
2024-08-01 10:30:16,197 [INFO] PluginManage:310 - Check plugin updater
2024-08-01 10:30:16,217 [INFO] PluginManage:359 - Loaded plugin updater (category:base,tabindex:12)
2024-08-01 10:30:16,218 [INFO] PluginManage:310 - Check plugin userauth
2024-08-01 10:30:16,225 [INFO] UserAuth:114 - Init User Auth plugin
2024-08-01 10:30:16,225 [INFO] PluginManage:359 - Loaded plugin userauth (category:base,tabindex:14)
2024-08-01 10:30:16,226 [INFO] PluginManage:283 - PluginManage : Loaded plugins [17]
2024-08-01 10:30:16,521 [INFO] PinOutPanel:1561 - setPackage(No Configuration,No Configuration)
2024-08-01 10:30:16,606 [INFO] CADModel:165 - CPN selected for project level
2024-08-01 10:30:16,606 [INFO] CADModel:114 - Register for checkConnection events
2024-08-01 10:30:16,753 [INFO] IPUIPlugin:80 - create IPUIPlugin
2024-08-01 10:30:16,754 [INFO] PluginManager:220 - loadIPPluginJar : add adc
2024-08-01 10:30:16,797 [INFO] IPUIPlugin:80 - create IPUIPlugin
2024-08-01 10:30:16,798 [INFO] PluginManager:220 - loadIPPluginJar : add aes
2024-08-01 10:30:16,848 [INFO] IPUIPlugin:80 - create IPUIPlugin
2024-08-01 10:30:16,848 [INFO] PluginManager:220 - loadIPPluginJar : add can
2024-08-01 10:30:16,877 [INFO] IPUIPlugin:80 - create IPUIPlugin
2024-08-01 10:30:16,878 [INFO] PluginManager:220 - loadIPPluginJar : add comp
2024-08-01 10:30:16,919 [INFO] IPUIPlugin:80 - create IPUIPlugin
2024-08-01 10:30:16,919 [INFO] PluginManager:220 - loadIPPluginJar : add cryp
2024-08-01 10:30:16,962 [INFO] IPUIPlugin:80 - create IPUIPlugin
2024-08-01 10:30:16,962 [INFO] PluginManager:220 - loadIPPluginJar : add dfsdm
2024-08-01 10:30:17,077 [INFO] IPUIPlugin:80 - create IPUIPlugin
2024-08-01 10:30:17,078 [INFO] PluginManager:220 - loadIPPluginJar : add dma
2024-08-01 10:30:17,137 [INFO] IPUIPlugin:80 - create IPUIPlugin
2024-08-01 10:30:17,137 [INFO] PluginManager:220 - loadIPPluginJar : add dma3
2024-08-01 10:30:17,190 [INFO] IPUIPlugin:80 - create IPUIPlugin
2024-08-01 10:30:17,190 [INFO] PluginManager:220 - loadIPPluginJar : add extmemmanager
2024-08-01 10:30:17,221 [INFO] IPUIPlugin:80 - create IPUIPlugin
2024-08-01 10:30:17,221 [INFO] PluginManager:220 - loadIPPluginJar : add fatfs
2024-08-01 10:30:17,276 [INFO] IPUIPlugin:80 - create IPUIPlugin
2024-08-01 10:30:17,276 [INFO] PluginManager:220 - loadIPPluginJar : add fmc
2024-08-01 10:30:17,298 [INFO] IPUIPlugin:80 - create IPUIPlugin
2024-08-01 10:30:17,298 [INFO] PluginManager:220 - loadIPPluginJar : add freertos
2024-08-01 10:30:17,327 [INFO] IPUIPlugin:80 - create IPUIPlugin
2024-08-01 10:30:17,328 [INFO] PluginManager:220 - loadIPPluginJar : add genericplugin
2024-08-01 10:30:17,436 [INFO] IPUIPlugin:80 - create IPUIPlugin
2024-08-01 10:30:17,437 [INFO] PluginManager:220 - loadIPPluginJar : add gfxmmu
2024-08-01 10:30:17,591 [INFO] IPUIPlugin:80 - create IPUIPlugin
2024-08-01 10:30:17,591 [INFO] PluginManager:220 - loadIPPluginJar : add gic
2024-08-01 10:30:17,869 [INFO] IPUIPlugin:80 - create IPUIPlugin
2024-08-01 10:30:17,870 [INFO] PluginManager:220 - loadIPPluginJar : add gpio
2024-08-01 10:30:17,962 [INFO] IPUIPlugin:80 - create IPUIPlugin
2024-08-01 10:30:17,962 [INFO] PluginManager:220 - loadIPPluginJar : add gtzc
2024-08-01 10:30:18,002 [INFO] IPUIPlugin:80 - create IPUIPlugin
2024-08-01 10:30:18,002 [INFO] PluginManager:220 - loadIPPluginJar : add hash
2024-08-01 10:30:18,073 [INFO] IPUIPlugin:80 - create IPUIPlugin
2024-08-01 10:30:18,073 [INFO] PluginManager:220 - loadIPPluginJar : add i2c
2024-08-01 10:30:18,126 [INFO] IPUIPlugin:80 - create IPUIPlugin
2024-08-01 10:30:18,127 [INFO] PluginManager:220 - loadIPPluginJar : add i2s
2024-08-01 10:30:18,180 [INFO] IPUIPlugin:80 - create IPUIPlugin
2024-08-01 10:30:18,180 [INFO] PluginManager:220 - loadIPPluginJar : add i3c
2024-08-01 10:30:18,270 [INFO] IPUIPlugin:80 - create IPUIPlugin
2024-08-01 10:30:18,271 [INFO] PluginManager:220 - loadIPPluginJar : add ipddr
2024-08-01 10:30:18,400 [INFO] IPUIPlugin:80 - create IPUIPlugin
2024-08-01 10:30:18,401 [INFO] PluginManager:220 - loadIPPluginJar : add linkedlist
2024-08-01 10:30:18,450 [INFO] IPUIPlugin:80 - create IPUIPlugin
2024-08-01 10:30:18,450 [INFO] PluginManager:220 - loadIPPluginJar : add lorawan
2024-08-01 10:30:18,497 [INFO] IPUIPlugin:80 - create IPUIPlugin
2024-08-01 10:30:18,497 [INFO] PluginManager:220 - loadIPPluginJar : add ltdc
2024-08-01 10:30:18,647 [INFO] ThirdPartyUpdaterWithRetryManager:70 - Updater plugin not ready yet. [2/15]
2024-08-01 10:30:18,732 [INFO] IPUIPlugin:80 - create IPUIPlugin
2024-08-01 10:30:18,733 [INFO] PluginManager:220 - loadIPPluginJar : add mdma
2024-08-01 10:30:18,994 [INFO] IPUIPlugin:80 - create IPUIPlugin
2024-08-01 10:30:18,994 [INFO] PluginManager:220 - loadIPPluginJar : add nvic
2024-08-01 10:30:19,041 [INFO] IPUIPlugin:80 - create IPUIPlugin
2024-08-01 10:30:19,041 [INFO] PluginManager:220 - loadIPPluginJar : add opamp
2024-08-01 10:30:19,114 [INFO] IPUIPlugin:80 - create IPUIPlugin
2024-08-01 10:30:19,115 [INFO] PluginManager:220 - loadIPPluginJar : add openamp
2024-08-01 10:30:19,173 [INFO] IPUIPlugin:80 - create IPUIPlugin
2024-08-01 10:30:19,174 [INFO] PluginManager:220 - loadIPPluginJar : add pdm2pcm
2024-08-01 10:30:19,421 [INFO] IPUIPlugin:80 - create IPUIPlugin
2024-08-01 10:30:19,424 [INFO] PluginManager:220 - loadIPPluginJar : add plateformsettings
2024-08-01 10:30:19,453 [INFO] IPUIPlugin:80 - create IPUIPlugin
2024-08-01 10:30:19,453 [INFO] PluginManager:220 - loadIPPluginJar : add quadspi
2024-08-01 10:30:19,473 [INFO] IPUIPlugin:80 - create IPUIPlugin
2024-08-01 10:30:19,473 [INFO] PluginManager:220 - loadIPPluginJar : add resmgrutility
2024-08-01 10:30:19,532 [INFO] IPUIPlugin:80 - create IPUIPlugin
2024-08-01 10:30:19,532 [INFO] PluginManager:220 - loadIPPluginJar : add sai
2024-08-01 10:30:19,582 [INFO] IPUIPlugin:80 - create IPUIPlugin
2024-08-01 10:30:19,583 [INFO] PluginManager:220 - loadIPPluginJar : add spi
2024-08-01 10:30:19,664 [INFO] IPUIPlugin:80 - create IPUIPlugin
2024-08-01 10:30:19,665 [INFO] PluginManager:220 - loadIPPluginJar : add stm32_wpan
2024-08-01 10:30:19,696 [INFO] IPUIPlugin:80 - create IPUIPlugin
2024-08-01 10:30:19,696 [INFO] PluginManager:220 - loadIPPluginJar : add tim
2024-08-01 10:30:19,774 [INFO] IPUIPlugin:80 - create IPUIPlugin
2024-08-01 10:30:19,775 [INFO] PluginManager:220 - loadIPPluginJar : add touchsensing
2024-08-01 10:30:19,804 [INFO] IPUIPlugin:80 - create IPUIPlugin
2024-08-01 10:30:19,804 [INFO] PluginManager:220 - loadIPPluginJar : add tracer_emb
2024-08-01 10:30:19,838 [INFO] IPUIPlugin:80 - create IPUIPlugin
2024-08-01 10:30:19,838 [INFO] PluginManager:220 - loadIPPluginJar : add ts
2024-08-01 10:30:19,867 [INFO] IPUIPlugin:80 - create IPUIPlugin
2024-08-01 10:30:19,867 [INFO] PluginManager:220 - loadIPPluginJar : add tsc
2024-08-01 10:30:20,397 [INFO] IPUIPlugin:80 - create IPUIPlugin
2024-08-01 10:30:20,442 [INFO] PluginManager:220 - loadIPPluginJar : add ucpd
2024-08-01 10:30:21,167 [INFO] IPUIPlugin:80 - create IPUIPlugin
2024-08-01 10:30:21,168 [INFO] PluginManager:220 - loadIPPluginJar : add usart
2024-08-01 10:30:21,648 [INFO] ThirdPartyUpdaterWithRetryManager:70 - Updater plugin not ready yet. [3/15]
2024-08-01 10:30:21,908 [INFO] IPUIPlugin:80 - create IPUIPlugin
2024-08-01 10:30:21,908 [INFO] PluginManager:220 - loadIPPluginJar : add usbx
2024-08-01 10:30:22,117 [INFO] CADModel:165 - CPN selected for project level
2024-08-01 10:30:22,117 [INFO] CADModel:114 - Register for checkConnection events
2024-08-01 10:30:22,117 [FATAL] Updater:308 - Updater called before beeing initialized
2024-08-01 10:30:22,117 [ERROR] CADModel:125 - Updater not yet initialized, retry later 
2024-08-01 10:30:22,420 [INFO] CADModel:165 - CPN selected for project level
2024-08-01 10:30:22,420 [INFO] CADModel:114 - Register for checkConnection events
2024-08-01 10:30:22,420 [FATAL] Updater:308 - Updater called before beeing initialized
2024-08-01 10:30:22,420 [ERROR] CADModel:125 - Updater not yet initialized, retry later 
2024-08-01 10:30:22,425 [FATAL] Updater:308 - Updater called before beeing initialized
2024-08-01 10:30:22,597 [FATAL] Updater:308 - Updater called before beeing initialized
2024-08-01 10:30:22,612 [INFO] DbMcusAds:53 - JSON generation date=Thu May 16 16:22:00 WIB 2024 (1715851320852)
2024-08-01 10:30:22,613 [FATAL] Updater:308 - Updater called before beeing initialized
2024-08-01 10:30:22,696 [WARN] DetailPanel:346 - Failed to get advertising image, set to default
2024-08-01 10:30:22,914 [FATAL] Updater:308 - Updater called before beeing initialized
2024-08-01 10:30:22,922 [FATAL] Updater:308 - Updater called before beeing initialized
2024-08-01 10:30:22,922 [FATAL] Updater:308 - Updater called before beeing initialized
2024-08-01 10:30:22,922 [WARN] DetailPanel:346 - Failed to get advertising image, set to default
2024-08-01 10:30:22,923 [FATAL] Updater:308 - Updater called before beeing initialized
2024-08-01 10:30:23,018 [ERROR] Updater:1120 - MainUpdater not yet initialized. External WinMGr cannot be set.
2024-08-01 10:30:23,027 [INFO] Updater:1056 - Updater Version found : 6.11.1
2024-08-01 10:30:23,052 [INFO] ApplicationProperties:184 - Using Application install path: C:\ST\STM32CubeIDE_1.15.1\STM32CubeIDE\plugins\com.st.stm32cube.common.mx_6.11.1.202404110753
2024-08-01 10:30:23,796 [INFO] MainUpdater:2873 - connection check result : 10
2024-08-01 10:30:23,797 [INFO] MainUpdater:3567 - Updater definition file requires update
2024-08-01 10:30:23,801 [INFO] MainUpdater:290 - Updater Check For Update Now.
2024-08-01 10:30:23,803 [INFO] MicroXplorer:498 - Change Database Version : DB.6.0.111
2024-08-01 10:30:23,820 [INFO] McuFinderGlobals:63 - Set McuFinder mode to 2 (CubeIDE integrated)
2024-08-01 10:30:23,835 [INFO] UserAuth:415 - Internet connection configuration mode: 1
2024-08-01 10:30:23,865 [INFO] JxBrowserEngine:152 - Initiate JxBrowser Engine with user profile folder
2024-08-01 10:30:23,870 [INFO] ServerAccessManage:473 - Download File updaters.zip
2024-08-01 10:30:24,044 [INFO] FileExtend:240 - Unzip File : updaters.zip
2024-08-01 10:30:24,045 [INFO] FileExtend:255 - Standard Zip Deflate
2024-08-01 10:30:24,649 [WARN] MainUpdater:1194 - Updater busy. Cannot search thirdparties
2024-08-01 10:30:24,649 [INFO] ThirdPartyUpdaterWithRetryManager:96 - Updater plugin is busy. [1/15]
2024-08-01 10:30:24,882 [INFO] ServerAccessManage:473 - Download File PacksControlFlags.xml
2024-08-01 10:30:25,713 [INFO] ServerAccessManage:473 - Download File cubemx.pidx
2024-08-01 10:30:27,411 [INFO] ServerAccessManage:473 - Download File STMicroelectronics.X-CUBE-TOF1.pdsc
2024-08-01 10:30:27,650 [WARN] MainUpdater:1194 - Updater busy. Cannot search thirdparties
2024-08-01 10:30:27,650 [INFO] ThirdPartyUpdaterWithRetryManager:96 - Updater plugin is busy. [2/15]
2024-08-01 10:30:28,981 [ERROR] ServerAccessManage:1089 - Problem, file not found on Server
2024-08-01 10:30:30,183 [WARN] PackLoader:240 - Cannot read IP mode file for STMicroelectronics.X-CUBE-TOF1.3.4.2
2024-08-01 10:30:30,214 [INFO] PopulateThirdPartyThread:66 - Ending populate Thread
2024-08-01 10:30:30,215 [INFO] ThirdParty:1030 - CMSIS Pack Vendor :STMicroelectronics X-CUBE-TOF1 3.4.2
2024-08-01 10:30:30,216 [INFO] LoadServerUpdatesThread:375 - End of LoadServerUpdate Thread
2024-08-01 10:30:30,660 [INFO] CheckServerUpdateThread:120 - End of CheckServer Thread
2024-08-01 10:30:33,163 [INFO] WebApp:161 - Instantiating new browser for Auth
2024-08-01 10:30:33,539 [WARN] PackLoader:240 - Cannot read IP mode file for STMicroelectronics.FP-SNS-MOTENVWB1.1.4.0
2024-08-01 10:30:33,563 [WARN] PackLoader:240 - Cannot read IP mode file for STMicroelectronics.X-CUBE-SMBUS.2.1.0
2024-08-01 10:30:33,595 [WARN] PackLoader:240 - Cannot read IP mode file for STMicroelectronics.X-CUBE-TOUCHGFX.4.23.0
2024-08-01 10:30:33,608 [WARN] PackLoader:240 - Cannot read IP mode file for STMicroelectronics.X-CUBE-TOUCHGFX.4.23.2
2024-08-01 10:30:33,688 [WARN] PackLoader:240 - Cannot read IP mode file for STMicroelectronics.X-CUBE-AZRTOS-F7.1.1.0
2024-08-01 10:30:33,719 [ERROR] RealEvaluatedCondition:428 - Found unsupported composite condition: GROUP='STM32_MetaDataManager' CLASS='Data Exchange'
2024-08-01 10:30:33,719 [ERROR] RealEvaluatedCondition:428 - Found unsupported composite condition: CLASS='Data Exchange' GROUP='STM32_MetaDataManager'
2024-08-01 10:30:33,727 [WARN] PackLoader:240 - Cannot read IP mode file for STMicroelectronics.FP-SNS-MOTENV1.4.3.0
2024-08-01 10:30:33,798 [WARN] PackLoader:240 - Cannot read IP mode file for STMicroelectronics.FP-SNS-MOTENV1.4.3.2
2024-08-01 10:30:33,855 [WARN] PackLoader:240 - Cannot read IP mode file for STMicroelectronics.FP-SNS-FLIGHT1.5.0.0
2024-08-01 10:30:33,904 [ERROR] RealEvaluatedCondition:428 - Found unsupported composite condition: GROUP='STM32_MetaDataManager' CLASS='Data Exchange'
2024-08-01 10:30:33,905 [ERROR] RealEvaluatedCondition:428 - Found unsupported composite condition: CLASS='Data Exchange' GROUP='STM32_MetaDataManager'
2024-08-01 10:30:33,906 [WARN] PackLoader:240 - Cannot read IP mode file for STMicroelectronics.FP-SNS-MOTENV1.4.3.1
2024-08-01 10:30:33,934 [WARN] PackLoader:240 - Cannot read IP mode file for STMicroelectronics.FP-SNS-FLIGHT1.5.0.1
2024-08-01 10:30:33,979 [WARN] PackLoader:240 - Cannot read IP mode file for STMicroelectronics.X-CUBE-BLE1.6.2.3
2024-08-01 10:30:34,006 [WARN] PackLoader:240 - Cannot read IP mode file for STMicroelectronics.X-CUBE-BLE1.6.2.4
2024-08-01 10:30:34,042 [WARN] PackLoader:240 - Cannot read IP mode file for STMicroelectronics.FP-SNS-FLIGHT1.5.0.2
2024-08-01 10:30:34,071 [WARN] PackLoader:240 - Cannot read IP mode file for STMicroelectronics.X-CUBE-TOF1.3.1.0
2024-08-01 10:30:34,127 [WARN] PackLoader:240 - Cannot read IP mode file for STMicroelectronics.X-CUBE-DISPLAY.3.0.0
2024-08-01 10:30:34,309 [WARN] PackLoader:240 - Cannot read IP mode file for STMicroelectronics.X-CUBE-BLE1.7.0.0
2024-08-01 10:30:34,327 [WARN] PackLoader:240 - Cannot read IP mode file for emotas.I-CUBE-CANOPEN.1.3.0
2024-08-01 10:30:34,349 [WARN] PackLoader:240 - Cannot read IP mode file for STMicroelectronics.X-CUBE-TOUCHGFX.4.22.0
2024-08-01 10:30:34,367 [WARN] PackLoader:240 - Cannot read IP mode file for STMicroelectronics.X-CUBE-TOUCHGFX.4.22.1
2024-08-01 10:30:34,437 [WARN] PackLoader:240 - Cannot read IP mode file for STMicroelectronics.X-CUBE-MEMS1.9.3.0
2024-08-01 10:30:34,601 [WARN] PackLoader:240 - Cannot read IP mode file for STMicroelectronics.X-CUBE-AI.7.2.0
2024-08-01 10:30:34,637 [WARN] PackLoader:240 - Cannot read IP mode file for STMicroelectronics.X-CUBE-BLEMGR.3.1.0
2024-08-01 10:30:34,704 [WARN] PackLoader:240 - Cannot read IP mode file for STMicroelectronics.FP-SNS-SMARTAG2.1.2.0
2024-08-01 10:30:34,732 [INFO] LogOutputStream:77 - [STDOUT_REDIRECT] 1 : Invalid condition id : UX_CORESTACK_Condition cause : null
2024-08-01 10:30:34,733 [INFO] LogOutputStream:77 - [STDOUT_REDIRECT] 1 : Invalid condition id : UX_CORESTACK_Condition cause : null
2024-08-01 10:30:34,734 [INFO] LogOutputStream:77 - [STDOUT_REDIRECT] 1 : Invalid condition id : UX_CORESTACK_Condition cause : null
2024-08-01 10:30:34,735 [INFO] LogOutputStream:77 - [STDOUT_REDIRECT] 1 : Invalid condition id : UX_CORESTACK_Condition cause : null
2024-08-01 10:30:34,737 [INFO] LogOutputStream:77 - [STDOUT_REDIRECT] 1 : Invalid condition id : UX_CORESTACK_Condition cause : null
2024-08-01 10:30:34,742 [WARN] PackLoader:240 - Cannot read IP mode file for STMicroelectronics.X-CUBE-AZRTOS-WL.2.0.0
2024-08-01 10:30:34,756 [WARN] PackLoader:240 - Cannot read IP mode file for STMicroelectronics.FP-SNS-MOTENV1.5.0.0
2024-08-01 10:30:34,773 [WARN] PackLoader:240 - Cannot read IP mode file for wolfSSL.I-CUBE-wolfMQTT.1.19.0
2024-08-01 10:30:34,793 [WARN] PackLoader:240 - Cannot read IP mode file for WES.I-CUBE-Cesium.1.3.0
2024-08-01 10:30:34,808 [WARN] PackLoader:240 - Cannot read IP mode file for STMicroelectronics.X-CUBE-BLE2.3.3.0
2024-08-01 10:30:34,830 [WARN] PackLoader:240 - Cannot read IP mode file for STMicroelectronics.X-CUBE-DISPLAY.2.2.0
2024-08-01 10:30:34,861 [WARN] PackLoader:240 - Cannot read IP mode file for STMicroelectronics.X-CUBE-TOF1.3.2.0
2024-08-01 10:30:34,879 [WARN] PackLoader:240 - Cannot read IP mode file for STMicroelectronics.X-CUBE-ISPU.1.0.0
2024-08-01 10:30:34,921 [WARN] PackLoader:240 - Cannot read IP mode file for STMicroelectronics.X-CUBE-AZRTOS-H7.2.1.0
2024-08-01 10:30:34,938 [WARN] PackLoader:240 - Cannot read IP mode file for STMicroelectronics.X-CUBE-TCPP.4.1.0
2024-08-01 10:30:34,953 [WARN] PackLoader:240 - Cannot read IP mode file for STMicroelectronics.X-CUBE-TOUCHGFX.4.21.1
2024-08-01 10:30:34,970 [WARN] PackLoader:240 - Cannot read IP mode file for STMicroelectronics.X-CUBE-TOUCHGFX.4.21.3
2024-08-01 10:30:34,991 [WARN] PackLoader:240 - Cannot read IP mode file for STMicroelectronics.X-CUBE-TOUCHGFX.4.21.4
2024-08-01 10:30:35,009 [INFO] WebApp:779 - Register for checkConnection events
2024-08-01 10:30:35,009 [INFO] WebApp:414 - Apply proxy settings
2024-08-01 10:30:35,010 [INFO] WebApp:499 - Chromium requires no authentication
2024-08-01 10:30:35,023 [INFO] WebApp:442 - Direct internet connection detected
2024-08-01 10:30:35,061 [WARN] PackLoader:240 - Cannot read IP mode file for STMicroelectronics.X-CUBE-MEMS1.9.4.0
2024-08-01 10:30:35,187 [WARN] PackLoader:240 - Cannot read IP mode file for STMicroelectronics.X-CUBE-AI.7.3.0
2024-08-01 10:30:35,204 [WARN] PackLoader:240 - Cannot read IP mode file for STMicroelectronics.X-CUBE-ALGOBUILD.1.3.0
2024-08-01 10:30:35,244 [WARN] PackLoader:240 - Cannot read IP mode file for STMicroelectronics.X-CUBE-AZRTOS-G0.1.1.0
2024-08-01 10:30:35,264 [WARN] PackLoader:240 - Cannot read IP mode file for STMicroelectronics.X-CUBE-SAFEA1.1.2.2
2024-08-01 10:30:35,281 [WARN] PackLoader:240 - Cannot read IP mode file for STMicroelectronics.X-CUBE-NFC4.3.0.0
2024-08-01 10:30:35,331 [WARN] PackLoader:240 - Cannot read IP mode file for SEGGER.I-CUBE-embOS.1.2.0
2024-08-01 10:30:35,392 [WARN] PackLoader:240 - Cannot read IP mode file for EmbeddedOffice.I-CUBE-FS-RTOS.1.0.1
2024-08-01 10:30:35,393 [ERROR] ConditionMgr:805 - Attr not supported : Dmpu
2024-08-01 10:30:35,393 [ERROR] ConditionMgr:805 - Attr not supported : Dmpu
2024-08-01 10:30:35,393 [ERROR] ConditionMgr:805 - Attr not supported : Dmpu
2024-08-01 10:30:35,393 [ERROR] ConditionMgr:805 - Attr not supported : Dmpu
2024-08-01 10:30:35,393 [ERROR] ConditionMgr:805 - Attr not supported : Dmpu
2024-08-01 10:30:35,393 [ERROR] ConditionMgr:805 - Attr not supported : Dmpu
2024-08-01 10:30:35,393 [ERROR] ConditionMgr:805 - Attr not supported : Dmpu
2024-08-01 10:30:35,393 [ERROR] ConditionMgr:805 - Attr not supported : Dmpu
2024-08-01 10:30:35,393 [ERROR] ConditionMgr:805 - Attr not supported : Dmpu
2024-08-01 10:30:35,393 [ERROR] ConditionMgr:805 - Attr not supported : Dmpu
2024-08-01 10:30:35,393 [ERROR] ConditionMgr:805 - Attr not supported : Dmpu
2024-08-01 10:30:35,393 [ERROR] ConditionMgr:805 - Attr not supported : Dmpu
2024-08-01 10:30:35,394 [ERROR] ConditionMgr:805 - Attr not supported : Dmpu
2024-08-01 10:30:35,394 [ERROR] ConditionMgr:805 - Attr not supported : Dmpu
2024-08-01 10:30:35,394 [ERROR] ConditionMgr:805 - Attr not supported : Dmpu
2024-08-01 10:30:35,394 [ERROR] ConditionMgr:805 - Attr not supported : Dmpu
2024-08-01 10:30:35,394 [ERROR] ConditionMgr:805 - Attr not supported : Dmpu
2024-08-01 10:30:35,394 [ERROR] ConditionMgr:805 - Attr not supported : Dmpu
2024-08-01 10:30:35,394 [ERROR] ConditionMgr:805 - Attr not supported : Dmpu
2024-08-01 10:30:35,394 [ERROR] ConditionMgr:805 - Attr not supported : Dmpu
2024-08-01 10:30:35,394 [ERROR] ConditionMgr:805 - Attr not supported : Dmpu
2024-08-01 10:30:35,394 [ERROR] ConditionMgr:805 - Attr not supported : Dmpu
2024-08-01 10:30:35,394 [ERROR] ConditionMgr:805 - Attr not supported : Dmpu
2024-08-01 10:30:35,394 [ERROR] ConditionMgr:805 - Attr not supported : Dmpu
2024-08-01 10:30:35,394 [ERROR] ConditionMgr:805 - Attr not supported : Dmpu
2024-08-01 10:30:35,394 [ERROR] ConditionMgr:805 - Attr not supported : Dmpu
2024-08-01 10:30:35,394 [ERROR] ConditionMgr:805 - Attr not supported : Dmpu
2024-08-01 10:30:35,394 [ERROR] ConditionMgr:805 - Attr not supported : Dmpu
2024-08-01 10:30:35,395 [ERROR] ConditionMgr:805 - Attr not supported : Dmpu
2024-08-01 10:30:35,395 [ERROR] ConditionMgr:805 - Attr not supported : Dmpu
2024-08-01 10:30:35,395 [ERROR] ConditionMgr:805 - Attr not supported : Dmpu
2024-08-01 10:30:35,395 [ERROR] ConditionMgr:805 - Attr not supported : Dmpu
2024-08-01 10:30:35,395 [ERROR] ConditionMgr:805 - Attr not supported : Dmpu
2024-08-01 10:30:35,395 [ERROR] ConditionMgr:805 - Attr not supported : Dmpu
2024-08-01 10:30:35,395 [ERROR] ConditionMgr:805 - Attr not supported : Dmpu
2024-08-01 10:30:35,395 [ERROR] ConditionMgr:805 - Attr not supported : Dmpu
2024-08-01 10:30:35,395 [ERROR] ConditionMgr:805 - Attr not supported : Dmpu
2024-08-01 10:30:35,395 [ERROR] ConditionMgr:805 - Attr not supported : Dmpu
2024-08-01 10:30:35,395 [ERROR] ConditionMgr:805 - Attr not supported : Dmpu
2024-08-01 10:30:35,395 [ERROR] ConditionMgr:805 - Attr not supported : Dmpu
2024-08-01 10:30:35,396 [ERROR] ConditionMgr:805 - Attr not supported : Dmpu
2024-08-01 10:30:35,396 [ERROR] ConditionMgr:805 - Attr not supported : Dmpu
2024-08-01 10:30:35,396 [ERROR] ConditionMgr:805 - Attr not supported : Dmpu
2024-08-01 10:30:35,396 [ERROR] ConditionMgr:805 - Attr not supported : Dmpu
2024-08-01 10:30:35,396 [ERROR] ConditionMgr:805 - Attr not supported : Dmpu
2024-08-01 10:30:35,396 [ERROR] ConditionMgr:805 - Attr not supported : Dmpu
2024-08-01 10:30:35,396 [ERROR] ConditionMgr:805 - Attr not supported : Dmpu
2024-08-01 10:30:35,396 [ERROR] ConditionMgr:805 - Attr not supported : Dmpu
2024-08-01 10:30:35,396 [ERROR] ConditionMgr:805 - Attr not supported : Dmpu
2024-08-01 10:30:35,396 [ERROR] ConditionMgr:805 - Attr not supported : Dmpu
2024-08-01 10:30:35,396 [ERROR] ConditionMgr:805 - Attr not supported : Dmpu
2024-08-01 10:30:35,396 [ERROR] ConditionMgr:805 - Attr not supported : Dmpu
2024-08-01 10:30:35,396 [ERROR] ConditionMgr:805 - Attr not supported : Dmpu
2024-08-01 10:30:35,396 [ERROR] ConditionMgr:805 - Attr not supported : Dmpu
2024-08-01 10:30:35,397 [ERROR] ConditionMgr:805 - Attr not supported : Dmpu
2024-08-01 10:30:35,397 [ERROR] ConditionMgr:805 - Attr not supported : Dmpu
2024-08-01 10:30:35,397 [ERROR] ConditionMgr:805 - Attr not supported : Dmpu
2024-08-01 10:30:35,397 [ERROR] ConditionMgr:805 - Attr not supported : Dmpu
2024-08-01 10:30:35,397 [ERROR] ConditionMgr:805 - Attr not supported : Dmpu
2024-08-01 10:30:35,397 [ERROR] ConditionMgr:805 - Attr not supported : Dmpu
2024-08-01 10:30:35,397 [ERROR] ConditionMgr:805 - Attr not supported : Dmpu
2024-08-01 10:30:35,397 [ERROR] ConditionMgr:805 - Attr not supported : Dmpu
2024-08-01 10:30:35,397 [ERROR] ConditionMgr:805 - Attr not supported : Dmpu
2024-08-01 10:30:35,398 [ERROR] ConditionMgr:805 - Attr not supported : Dmpu
2024-08-01 10:30:35,416 [WARN] PackLoader:240 - Cannot read IP mode file for STMicroelectronics.X-CUBE-BLEMGR.3.0.0
2024-08-01 10:30:35,441 [WARN] PackLoader:240 - Cannot read IP mode file for STMicroelectronics.X-CUBE-BLEMGR.1.3.0
2024-08-01 10:30:35,453 [INFO] WebApp:192 - Starting web application
2024-08-01 10:30:35,454 [INFO] WebApp:544 - Web application path used C:\ST\STM32CubeIDE_1.15.1\STM32CubeIDE\plugins\com.st.stm32cube.common.mx_6.11.1.202404110753\db\plugins\mcufinder\reactClient1\index.html
2024-08-01 10:30:35,459 [WARN] PackLoader:240 - Cannot read IP mode file for RealThread.X-CUBE-RT-Thread_Nano.4.1.1
2024-08-01 10:30:35,473 [WARN] PackLoader:240 - Cannot read IP mode file for STMicroelectronics.FP-ATR-SIGFOX1.3.2.0
2024-08-01 10:30:35,492 [WARN] PackLoader:240 - Cannot read IP mode file for STMicroelectronics.X-CUBE-EEPRMA1.5.1.0
2024-08-01 10:30:35,516 [WARN] PackLoader:240 - Cannot read IP mode file for emotas.I-CUBE-CANOPEN.1.1.2
2024-08-01 10:30:35,528 [WARN] PackLoader:240 - Cannot read IP mode file for STMicroelectronics.X-CUBE-TOUCHGFX.4.20.0
2024-08-01 10:30:35,589 [WARN] PackLoader:240 - Cannot read IP mode file for STMicroelectronics.X-CUBE-MEMS1.9.5.0
2024-08-01 10:30:36,094 [WARN] PackLoader:240 - Cannot read IP mode file for SEGGER.I-CUBE-embOS.1.3.1
2024-08-01 10:30:36,141 [WARN] PackLoader:240 - Cannot read IP mode file for STMicroelectronics.X-CUBE-ALGOBUILD.1.4.0
2024-08-01 10:30:36,158 [WARN] PackLoader:240 - Cannot read IP mode file for STMicroelectronics.X-CUBE-GNSS1.6.0.0
2024-08-01 10:30:36,204 [WARN] PackLoader:240 - Cannot read IP mode file for STMicroelectronics.X-CUBE-AZRTOS-F4.1.1.0
2024-08-01 10:30:36,221 [WARN] PackLoader:240 - Cannot read IP mode file for wolfSSL.I-CUBE-wolfSSL.5.6.3
2024-08-01 10:30:36,238 [WARN] PackLoader:240 - Cannot read IP mode file for wolfSSL.I-CUBE-wolfSSL.5.6.0
2024-08-01 10:30:36,253 [WARN] PackLoader:240 - Cannot read IP mode file for STMicroelectronics.X-CUBE-FREERTOS.1.2.0
2024-08-01 10:30:36,268 [WARN] PackLoader:240 - Cannot read IP mode file for wolfSSL.I-CUBE-wolfSSL.5.6.6
2024-08-01 10:30:36,294 [WARN] PackLoader:240 - Cannot read IP mode file for STMicroelectronics.X-CUBE-BLEMGR.1.2.0
2024-08-01 10:30:36,336 [WARN] PackLoader:240 - Cannot read IP mode file for STMicroelectronics.X-CUBE-AZRTOS-L5.2.0.0
2024-08-01 10:30:36,398 [WARN] PackLoader:240 - Cannot read IP mode file for STMicroelectronics.X-CUBE-MEMS1.9.6.0
2024-08-01 10:30:36,544 [WARN] PackLoader:240 - Cannot read IP mode file for STMicroelectronics.X-CUBE-EEPRMA1.4.2.0
2024-08-01 10:30:36,567 [WARN] PackLoader:240 - Cannot read IP mode file for STMicroelectronics.X-CUBE-NFC6.3.1.0
2024-08-01 10:30:36,584 [WARN] PackLoader:240 - Cannot read IP mode file for ITTIA_DB.I-CUBE-ITTIADB.8.8.0
2024-08-01 10:30:36,604 [WARN] PackLoader:240 - Cannot read IP mode file for emotas.I-CUBE-CANOPEN.1.1.3
2024-08-01 10:30:36,624 [WARN] PackLoader:240 - Cannot read IP mode file for STMicroelectronics.X-CUBE-BLEMGR.2.0.0
2024-08-01 10:30:36,648 [WARN] PackLoader:240 - Cannot read IP mode file for STMicroelectronics.X-CUBE-DPower.1.2.0
2024-08-01 10:30:36,661 [WARN] PackLoader:240 - Cannot read IP mode file for STMicroelectronics.X-CUBE-NFC4.2.0.5
2024-08-01 10:30:36,677 [WARN] PackLoader:240 - Cannot read IP mode file for STMicroelectronics.X-CUBE-NFC4.2.0.4
2024-08-01 10:30:36,702 [WARN] PackLoader:240 - Cannot read IP mode file for STMicroelectronics.X-CUBE-AI.9.0.0
2024-08-01 10:30:36,738 [WARN] ConditionMgr:438 - getConditionDescription Invalid condition id : UX DEVICE CLASS RTOS Condition cause : null
2024-08-01 10:30:36,739 [WARN] ConditionMgr:438 - getConditionDescription Invalid condition id : UX DEVICE CLASS RTOS Condition cause : null
2024-08-01 10:30:36,742 [WARN] PackLoader:240 - Cannot read IP mode file for STMicroelectronics.X-CUBE-AZRTOS-H7.3.1.0
2024-08-01 10:30:36,743 [WARN] ConditionMgr:1039 - genDependencies : Invalid condition id : UX DEVICE CLASS RTOS Condition cause : null
2024-08-01 10:30:36,743 [WARN] ConditionMgr:1039 - genDependencies : Invalid condition id : UX DEVICE CLASS RTOS Condition cause : null
2024-08-01 10:30:36,743 [WARN] ConditionMgr:1039 - genDependencies : Invalid condition id : UX DEVICE CLASS RTOS Condition cause : null
2024-08-01 10:30:36,744 [WARN] ConditionMgr:1039 - genDependencies : Invalid condition id : UX DEVICE CLASS RTOS Condition cause : null
2024-08-01 10:30:36,744 [WARN] ConditionMgr:1039 - genDependencies : Invalid condition id : UX DEVICE CLASS RTOS Condition cause : null
2024-08-01 10:30:36,771 [WARN] PackLoader:240 - Cannot read IP mode file for STMicroelectronics.X-CUBE-NFC7.1.0.1
2024-08-01 10:30:36,786 [WARN] PackLoader:240 - Cannot read IP mode file for STMicroelectronics.X-CUBE-NFC7.1.0.0
2024-08-01 10:30:36,803 [WARN] PackLoader:240 - Cannot read IP mode file for wolfSSL.I-CUBE-wolfTPM.3.2.0
2024-08-01 10:30:36,828 [WARN] PackLoader:240 - Cannot read IP mode file for STMicroelectronics.X-CUBE-NFC6.3.0.0
2024-08-01 10:30:36,844 [WARN] PackLoader:240 - Cannot read IP mode file for STMicroelectronics.X-CUBE-EEPRMA1.4.1.0
2024-08-01 10:30:36,856 [WARN] PackLoader:240 - Cannot read IP mode file for STMicroelectronics.X-CUBE-AI.8.1.0
2024-08-01 10:30:36,905 [WARN] ConditionMgr:438 - getConditionDescription Invalid condition id : LAN8742 Phy interface Condition cause : null
2024-08-01 10:30:36,906 [WARN] PackLoader:240 - Cannot read IP mode file for STMicroelectronics.X-CUBE-AZRTOS-L4.2.0.0
2024-08-01 10:30:36,909 [WARN] ConditionMgr:1039 - genDependencies : Invalid condition id : LAN8742 Phy interface Condition cause : null
2024-08-01 10:30:36,909 [WARN] ConditionMgr:1039 - genDependencies : Invalid condition id : LAN8742 Phy interface Condition cause : null
2024-08-01 10:30:36,910 [WARN] ConditionMgr:1039 - genDependencies : Invalid condition id : LAN8742 Phy interface Condition cause : null
2024-08-01 10:30:36,928 [WARN] PackLoader:240 - Cannot read IP mode file for STMicroelectronics.X-CUBE-SFXS2LP1.4.0.0
2024-08-01 10:30:36,970 [WARN] PackLoader:240 - Cannot read IP mode file for STMicroelectronics.X-CUBE-AZRTOS-H7.3.0.0
2024-08-01 10:30:36,985 [WARN] PackLoader:240 - Cannot read IP mode file for STMicroelectronics.X-CUBE-ISPU.1.1.0
2024-08-01 10:30:37,009 [WARN] PackLoader:240 - Cannot read IP mode file for RoweBots.I-CUBE-UNISONRTOS.5.5.0-4
2024-08-01 10:30:37,026 [WARN] PackLoader:240 - Cannot read IP mode file for wolfSSL.I-CUBE-wolfSSL.5.4.0
2024-08-01 10:30:37,043 [WARN] PackLoader:240 - Cannot read IP mode file for STMicroelectronics.X-CUBE-AI.8.0.0
2024-08-01 10:30:37,087 [WARN] ConditionMgr:438 - getConditionDescription Invalid condition id : UX DEVICE CLASS RTOS Condition cause : null
2024-08-01 10:30:37,087 [WARN] ConditionMgr:438 - getConditionDescription Invalid condition id : UX DEVICE CLASS RTOS Condition cause : null
2024-08-01 10:30:37,089 [WARN] PackLoader:240 - Cannot read IP mode file for STMicroelectronics.X-CUBE-AZRTOS-WB.2.0.0
2024-08-01 10:30:37,089 [WARN] ConditionMgr:1039 - genDependencies : Invalid condition id : UX DEVICE CLASS RTOS Condition cause : null
2024-08-01 10:30:37,089 [WARN] ConditionMgr:1039 - genDependencies : Invalid condition id : UX DEVICE CLASS RTOS Condition cause : null
2024-08-01 10:30:37,090 [WARN] ConditionMgr:1039 - genDependencies : Invalid condition id : UX DEVICE CLASS RTOS Condition cause : null
2024-08-01 10:30:37,091 [WARN] ConditionMgr:1039 - genDependencies : Invalid condition id : UX DEVICE CLASS RTOS Condition cause : null
2024-08-01 10:30:37,091 [WARN] ConditionMgr:1039 - genDependencies : Invalid condition id : UX DEVICE CLASS RTOS Condition cause : null
2024-08-01 10:30:37,107 [WARN] PackLoader:240 - Cannot read IP mode file for STMicroelectronics.X-CUBE-FREERTOS.1.0.0
2024-08-01 10:30:37,123 [WARN] PackLoader:240 - Cannot read IP mode file for STMicroelectronics.X-CUBE-FREERTOS.1.0.1
2024-08-01 10:30:37,145 [WARN] PackLoader:240 - Cannot read IP mode file for STMicroelectronics.X-CUBE-BLEMGR.1.0.0
2024-08-01 10:30:37,167 [WARN] PackLoader:240 - Cannot read IP mode file for STMicroelectronics.FP-SNS-STBOX1.2.0.0
2024-08-01 10:30:37,218 [WARN] PackLoader:240 - Cannot read IP mode file for STMicroelectronics.X-CUBE-AZRTOS-L5.1.1.0
2024-08-01 10:30:37,238 [WARN] PackLoader:240 - Cannot read IP mode file for STMicroelectronics.X-CUBE-AI.8.0.1
2024-08-01 10:30:37,266 [WARN] PackLoader:240 - Cannot read IP mode file for STMicroelectronics.X-CUBE-SUBG2.5.0.0
2024-08-01 10:30:37,286 [WARN] PackLoader:240 - Cannot read IP mode file for Cesanta.I-CUBE-Mongoose.7.13.0
2024-08-01 10:30:37,312 [WARN] PackLoader:240 - Cannot read IP mode file for STMicroelectronics.X-CUBE-TOF1.3.3.1
2024-08-01 10:30:37,361 [WARN] PackLoader:240 - Cannot read IP mode file for STMicroelectronics.X-CUBE-AZRTOS-G4.2.0.0
2024-08-01 10:30:37,382 [WARN] PackLoader:240 - Cannot read IP mode file for STMicroelectronics.X-CUBE-TOF1.3.3.0
2024-08-01 10:30:37,402 [WARN] PackLoader:240 - Cannot read IP mode file for STMicroelectronics.FP-ATR-ASTRA1.1.1.1
2024-08-01 10:30:37,439 [WARN] PackLoader:240 - Cannot read IP mode file for Infineon.AIROC-Wi-Fi-Bluetooth-STM32.1.5.1
2024-08-01 10:30:37,454 [WARN] PackLoader:240 - Cannot read IP mode file for STMicroelectronics.FP-ATR-ASTRA1.1.1.0
2024-08-01 10:30:37,471 [WARN] PackLoader:240 - Cannot read IP mode file for STMicroelectronics.FP-SNS-MOTENVWB1.1.3.0
2024-08-01 10:30:37,486 [WARN] PackLoader:240 - Cannot read IP mode file for STMicroelectronics.FP-SNS-MOTENVWB1.1.3.1
2024-08-01 10:30:37,520 [WARN] PackLoader:240 - Cannot read IP mode file for STMicroelectronics.X-CUBE-AZRTOS-G4.1.0.0
2024-08-01 10:30:37,567 [WARN] PackLoader:240 - Cannot read IP mode file for STMicroelectronics.X-CUBE-AZRTOS-L4.1.0.0
2024-08-01 10:30:37,581 [WARN] PackLoader:240 - Cannot read IP mode file for STMicroelectronics.X-CUBE-ISPU.2.0.0
2024-08-01 10:30:37,594 [WARN] PackLoader:240 - Cannot read IP mode file for STMicroelectronics.X-CUBE-ALS.1.0.2
2024-08-01 10:30:37,649 [WARN] PackLoader:240 - Cannot read IP mode file for STMicroelectronics.X-CUBE-MEMS1.10.0.0
2024-08-01 10:30:37,743 [WARN] PackLoader:240 - Cannot read IP mode file for STMicroelectronics.X-CUBE-FREERTOS.1.1.0
2024-08-01 10:30:37,753 [WARN] PackLoader:240 - Cannot read IP mode file for STMicroelectronics.X-CUBE-TOUCHGFX.4.24.0
2024-08-01 10:30:37,782 [WARN] PackLoader:240 - Cannot read IP mode file for STMicroelectronics.X-CUBE-AZRTOS-WL.1.0.0
2024-08-01 10:30:37,819 [WARN] PackLoader:240 - Cannot read IP mode file for portGmbH.I-Cube-SoM-uGOAL.1.1.0
2024-08-01 10:30:37,836 [WARN] PackLoader:240 - Cannot read IP mode file for STMicroelectronics.X-CUBE-ALS.1.0.1
2024-08-01 10:30:37,865 [WARN] PackLoader:240 - Cannot read IP mode file for STMicroelectronics.X-CUBE-AZRTOS-WB.1.1.0
2024-08-01 10:30:37,904 [WARN] PackLoader:240 - Cannot read IP mode file for STMicroelectronics.X-CUBE-AZRTOS-L5.1.0.0
2024-08-01 10:30:37,925 [WARN] PackLoader:240 - Cannot read IP mode file for STMicroelectronics.X-CUBE-EEPRMA1.3.1.1
2024-08-01 10:30:37,969 [WARN] PackLoader:240 - Cannot read IP mode file for STMicroelectronics.X-CUBE-AZRTOS-H7RS.1.0.0
2024-08-01 10:30:37,985 [WARN] PackLoader:240 - Cannot read IP mode file for STMicroelectronics.FP-ATR-ASTRA1.2.0.0
2024-08-01 10:30:37,995 [WARN] PackLoader:240 - Cannot read IP mode file for STMicroelectronics.X-CUBE-TOF1.3.4.2
2024-08-01 10:30:38,036 [WARN] PackLoader:240 - Cannot read IP mode file for STMicroelectronics.X-CUBE-TOF1.3.4.0
2024-08-01 10:30:38,073 [WARN] PackLoader:240 - Cannot read IP mode file for STMicroelectronics.X-CUBE-TOF1.3.4.1
2024-08-01 10:30:38,198 [WARN] PackLoader:240 - Cannot read IP mode file for STMicroelectronics.X-CUBE-AZRTOS-H7.3.2.0
2024-08-01 10:30:38,217 [WARN] PackLoader:240 - Cannot read IP mode file for wolfSSL.I-CUBE-wolfSSH.1.4.17
2024-08-01 10:30:38,218 [INFO] ThirdParty:978 - Integrity check success = true
2024-08-01 10:30:38,218 [INFO] IntegrityCheckThread:100 - exiting critical section [integrity check]
2024-08-01 10:30:38,218 [INFO] IntegrityCheckThread:103 - End integrity checks thread
2024-08-01 11:10:32,284 [ERROR] LogOutputStream:75 - [STDERR_REDIRECT] 
