2023-10-24 14:27:08,872 [INFO] Activator:176 - 


2023-10-24 14:27:08,878 [INFO] Activator:177 - !SESSION log4j initialized
2023-10-24 14:27:17,626 [INFO] LogOutputStream:77 - [STDOUT_REDIRECT] 
2023-10-24 14:27:39,704 [ERROR] LogOutputStream:75 - [STDERR_REDIRECT] SLF4J: Failed to load class "org.slf4j.impl.StaticLoggerBinder".
2023-10-24 14:27:39,704 [ERROR] LogOutputStream:75 - [STDERR_REDIRECT] SLF4J: Defaulting to no-operation (NOP) logger implementation
2023-10-24 14:27:39,706 [ERROR] LogOutputStream:75 - [STDERR_REDIRECT] SLF4J: See http://www.slf4j.org/codes.html#StaticLoggerBinder for further details.
2023-10-24 16:35:44,345 [INFO] ApplicationProperties:184 - Using Application install path: C:\ST\STM32CubeIDE_1.12.1\STM32CubeIDE\plugins\com.st.stm32cube.common.mx_6.8.1.202304191431
2023-10-24 16:35:44,383 [INFO] DbMcusXml:78 - Set database path to: C:\ST\STM32CubeIDE_1.12.1\STM32CubeIDE\plugins\com.st.stm32cube.common.mx_6.8.1.202304191431\\db\/mcu/
2023-10-24 16:35:44,383 [INFO] ApiDb:274 - Set plugin database path to: C:\ST\STM32CubeIDE_1.12.1\STM32CubeIDE\plugins\com.st.stm32cube.common.mx_6.8.1.202304191431\\db\/plugins/boardmanager/
2023-10-24 16:35:44,383 [WARN] ApiDb:259 - Overriding images path with different value:  => C:\ST\STM32CubeIDE_1.12.1\STM32CubeIDE\plugins\com.st.stm32cube.common.mx_6.8.1.202304191431\\db\/plugins/mcufinder/images/
2023-10-24 16:35:44,410 [INFO] ApiDb:250 - Set database path to: C:\Users\KDS-LTP-0415\.stmcufinder\plugins\mcufinder//mcu/
2023-10-24 16:35:44,415 [INFO] DbMcusAds:125 - Set database path to: C:\Users\KDS-LTP-0415\.stmcufinder\plugins\mcufinder//mcu/
2023-10-24 16:35:44,687 [INFO] CrossReferenceDbSqlite:203 - Set database path to: C:\Users\KDS-LTP-0415\.stmcufinder\plugins\mcufinder//mcu/cs/
2023-10-24 16:35:44,820 [INFO] RulesReader:64 - Compatibility file has been processed (293 Rules)
2023-10-24 16:35:44,960 [INFO] DbMcusXml:78 - Set database path to: C:\ST\STM32CubeIDE_1.12.1\STM32CubeIDE\plugins\com.st.stm32cube.common.mx_6.8.1.202304191431\\db\/mcu/
2023-10-24 16:35:44,960 [INFO] ApiDb:274 - Set plugin database path to: C:\ST\STM32CubeIDE_1.12.1\STM32CubeIDE\plugins\com.st.stm32cube.common.mx_6.8.1.202304191431\\db\/plugins/boardmanager/
2023-10-24 16:35:44,960 [INFO] ApiDb:261 - Set plugin images path to: C:\ST\STM32CubeIDE_1.12.1\STM32CubeIDE\plugins\com.st.stm32cube.common.mx_6.8.1.202304191431\\db\/plugins/mcufinder/images/
2023-10-24 16:35:44,960 [WARN] DbFile:41 - Overriding database path with different value: C:\Users\KDS-LTP-0415\.stmcufinder\plugins\mcufinder/ => C:\Users\KDS-LTP-0415\.stmcufinder\plugins\mcufinder
2023-10-24 16:35:44,960 [INFO] ApiDb:250 - Set database path to: C:\Users\KDS-LTP-0415\.stmcufinder\plugins\mcufinder//mcu/
2023-10-24 16:35:44,960 [WARN] DbFile:41 - Overriding database path with different value: C:\Users\KDS-LTP-0415\.stmcufinder\plugins\mcufinder/ => C:\Users\KDS-LTP-0415\.stmcufinder\plugins\mcufinder
2023-10-24 16:35:44,960 [INFO] DbMcusAds:125 - Set database path to: C:\Users\KDS-LTP-0415\.stmcufinder\plugins\mcufinder//mcu/
2023-10-24 16:35:44,960 [WARN] DbFile:41 - Overriding database path with different value: C:\Users\KDS-LTP-0415\.stmcufinder\plugins\mcufinder/ => C:\Users\KDS-LTP-0415\.stmcufinder\plugins\mcufinder
2023-10-24 16:35:44,960 [WARN] DbFile:41 - Overriding database path with different value: C:\Users\KDS-LTP-0415\.stmcufinder\plugins\mcufinder/ => C:\Users\KDS-LTP-0415\.stmcufinder\plugins\mcufinder
2023-10-24 16:35:44,960 [INFO] CrossReferenceDbSqlite:203 - Set database path to: C:\Users\KDS-LTP-0415\.stmcufinder\plugins\mcufinder//mcu/cs/
2023-10-24 16:35:45,066 [INFO] MainPanel:253 - HeapMemory: 504365056
2023-10-24 16:35:45,320 [INFO] DbMcusXml:78 - Set database path to: C:\ST\STM32CubeIDE_1.12.1\STM32CubeIDE\plugins\com.st.stm32cube.common.mx_6.8.1.202304191431\\db\/mcu/
2023-10-24 16:35:45,320 [INFO] ApiDb:274 - Set plugin database path to: C:\ST\STM32CubeIDE_1.12.1\STM32CubeIDE\plugins\com.st.stm32cube.common.mx_6.8.1.202304191431\\db\/plugins/boardmanager/
2023-10-24 16:35:45,320 [INFO] ApiDb:261 - Set plugin images path to: C:\ST\STM32CubeIDE_1.12.1\STM32CubeIDE\plugins\com.st.stm32cube.common.mx_6.8.1.202304191431\\db\/plugins/mcufinder/images/
2023-10-24 16:35:45,320 [WARN] DbFile:41 - Overriding database path with different value: C:\Users\KDS-LTP-0415\.stmcufinder\plugins\mcufinder/ => C:\Users\KDS-LTP-0415\.stmcufinder\plugins\mcufinder
2023-10-24 16:35:45,320 [INFO] ApiDb:250 - Set database path to: C:\Users\KDS-LTP-0415\.stmcufinder\plugins\mcufinder//mcu/
2023-10-24 16:35:45,320 [WARN] DbFile:41 - Overriding database path with different value: C:\Users\KDS-LTP-0415\.stmcufinder\plugins\mcufinder/ => C:\Users\KDS-LTP-0415\.stmcufinder\plugins\mcufinder
2023-10-24 16:35:45,320 [INFO] DbMcusAds:125 - Set database path to: C:\Users\KDS-LTP-0415\.stmcufinder\plugins\mcufinder//mcu/
2023-10-24 16:35:45,320 [WARN] DbFile:41 - Overriding database path with different value: C:\Users\KDS-LTP-0415\.stmcufinder\plugins\mcufinder/ => C:\Users\KDS-LTP-0415\.stmcufinder\plugins\mcufinder
2023-10-24 16:35:45,320 [WARN] DbFile:41 - Overriding database path with different value: C:\Users\KDS-LTP-0415\.stmcufinder\plugins\mcufinder/ => C:\Users\KDS-LTP-0415\.stmcufinder\plugins\mcufinder
2023-10-24 16:35:45,320 [INFO] CrossReferenceDbSqlite:203 - Set database path to: C:\Users\KDS-LTP-0415\.stmcufinder\plugins\mcufinder//mcu/cs/
2023-10-24 16:35:45,350 [INFO] ApplicationProperties:184 - Using Application install path: C:\ST\STM32CubeIDE_1.12.1\STM32CubeIDE\plugins\com.st.stm32cube.common.mx_6.8.1.202304191431
2023-10-24 16:35:45,350 [INFO] PluginManage:196 - Search for loadable plugins [exclusion list=, ]
2023-10-24 16:35:45,350 [INFO] PluginManage:310 - Check plugin analytics
2023-10-24 16:35:45,923 [INFO] AnalyticsPlugin:253 - Accepted Software Licenses: STM32CubeMX.6.2.1,STM32CubeMX.6.6.1,STM32CubeMX.6.7.0,STM32CubeMX.6.8.1,STM32CubeMX.6.9.1
2023-10-24 16:35:45,923 [INFO] AnalyticsPlugin:255 - Accepted CMSIS Pack Licenses: EdgeImpulse.osugiw-project-1.1.0.1
2023-10-24 16:35:45,923 [INFO] AnalyticsPlugin:257 - Accepted Firmware Licenses: FW.G0.1.6.0,FW.WB.1.16.0
2023-10-24 16:35:45,930 [INFO] PluginManage:359 - Loaded plugin analytics (category:tool,tabindex:-1)
2023-10-24 16:35:45,930 [INFO] PluginManage:310 - Check plugin cadmodel
2023-10-24 16:35:45,955 [INFO] CADModel:105 - Init CAD model plugin
2023-10-24 16:35:45,955 [INFO] PluginManage:359 - Loaded plugin cadmodel (category:power,tabindex:5)
2023-10-24 16:35:45,960 [INFO] PluginManage:310 - Check plugin clock
2023-10-24 16:35:45,970 [INFO] PluginManage:359 - Loaded plugin clock (category:base,tabindex:2)
2023-10-24 16:35:45,970 [INFO] PluginManage:310 - Check plugin ddr
2023-10-24 16:35:45,981 [INFO] PluginManage:359 - Loaded plugin ddr (category:tool,tabindex:6)
2023-10-24 16:35:45,981 [INFO] PluginManage:310 - Check plugin filemanager
2023-10-24 16:35:46,330 [INFO] PluginManage:359 - Loaded plugin filemanager (category:base,tabindex:10)
2023-10-24 16:35:46,330 [INFO] PluginManage:310 - Check plugin ipmanager
2023-10-24 16:35:46,346 [INFO] PluginManage:359 - Loaded plugin ipmanager (category:base,tabindex:5)
2023-10-24 16:35:46,346 [INFO] PluginManage:310 - Check plugin lpbam
2023-10-24 16:35:46,352 [INFO] PluginManage:359 - Loaded plugin lpbam (category:base,tabindex:0)
2023-10-24 16:35:46,352 [INFO] PluginManage:310 - Check plugin pinoutandconfiguration
2023-10-24 16:35:46,370 [INFO] PluginManage:359 - Loaded plugin pinoutandconfiguration (category:base,tabindex:1)
2023-10-24 16:35:46,370 [INFO] PluginManage:310 - Check plugin pinoutconfig
2023-10-24 16:35:46,495 [WARN] SupportedApi:132 - Cannot load RTOS API schema: s4s-elt-must-match.1: The content of 'definitions' must match (annotation?, (simpleType | complexType)?, (unique | key | keyref)*)). A problem was found starting at: attribute.
2023-10-24 16:35:46,681 [INFO] PluginManage:359 - Loaded plugin pinoutconfig (category:base,tabindex:0)
2023-10-24 16:35:46,681 [INFO] PluginManage:310 - Check plugin power
2023-10-24 16:35:46,690 [INFO] PluginManage:359 - Loaded plugin power (category:power,tabindex:4)
2023-10-24 16:35:46,690 [INFO] PluginManage:310 - Check plugin projectmanager
2023-10-24 16:35:46,720 [INFO] PluginManage:359 - Loaded plugin projectmanager (category:projectmanager,tabindex:3)
2023-10-24 16:35:46,720 [INFO] PluginManage:310 - Check plugin thirdparty
2023-10-24 16:35:46,882 [INFO] PluginManage:359 - Loaded plugin thirdparty (category:base,tabindex:-1)
2023-10-24 16:35:46,882 [WARN] IntegrityCheckThread:84 - waiting for thirdparty lock release [integrity check]
2023-10-24 16:35:46,882 [INFO] IntegrityCheckThread:86 - entering critical section [integrity check]
2023-10-24 16:35:46,882 [INFO] PluginManage:310 - Check plugin tools
2023-10-24 16:35:46,891 [INFO] ThirdPartyUpdaterWithRetryManager:70 - Updater plugin not ready yet. [1/15]
2023-10-24 16:35:46,892 [INFO] PluginManage:359 - Loaded plugin tools (category:base,tabindex:7)
2023-10-24 16:35:46,892 [INFO] PluginManage:310 - Check plugin tutovideos
2023-10-24 16:35:47,147 [INFO] PluginManage:359 - Loaded plugin tutovideos (category:base,tabindex:-1)
2023-10-24 16:35:47,147 [INFO] PluginManage:310 - Check plugin updater
2023-10-24 16:35:47,170 [INFO] PluginManage:359 - Loaded plugin updater (category:base,tabindex:12)
2023-10-24 16:35:47,170 [INFO] PluginManage:283 - PluginManage : Loaded plugins [15]
2023-10-24 16:35:47,491 [INFO] PinOutPanel:1499 - setPackage(No Configuration,No Configuration)
2023-10-24 16:35:47,561 [INFO] CADModel:165 - CPN selected for project level
2023-10-24 16:35:47,561 [INFO] CADModel:114 - Register for checkConnection events
2023-10-24 16:35:47,581 [INFO] IPUIPlugin:80 - create IPUIPlugin
2023-10-24 16:35:47,581 [INFO] PluginManager:220 - loadIPPluginJar : add adc
2023-10-24 16:35:47,590 [INFO] IPUIPlugin:80 - create IPUIPlugin
2023-10-24 16:35:47,590 [INFO] PluginManager:220 - loadIPPluginJar : add aes
2023-10-24 16:35:47,592 [INFO] IPUIPlugin:80 - create IPUIPlugin
2023-10-24 16:35:47,592 [INFO] PluginManager:220 - loadIPPluginJar : add can
2023-10-24 16:35:47,592 [INFO] IPUIPlugin:80 - create IPUIPlugin
2023-10-24 16:35:47,592 [INFO] PluginManager:220 - loadIPPluginJar : add comp
2023-10-24 16:35:47,592 [INFO] IPUIPlugin:80 - create IPUIPlugin
2023-10-24 16:35:47,592 [INFO] PluginManager:220 - loadIPPluginJar : add cryp
2023-10-24 16:35:47,601 [INFO] IPUIPlugin:80 - create IPUIPlugin
2023-10-24 16:35:47,601 [INFO] PluginManager:220 - loadIPPluginJar : add dfsdm
2023-10-24 16:35:47,611 [INFO] IPUIPlugin:80 - create IPUIPlugin
2023-10-24 16:35:47,611 [INFO] PluginManager:220 - loadIPPluginJar : add dma
2023-10-24 16:35:47,611 [INFO] IPUIPlugin:80 - create IPUIPlugin
2023-10-24 16:35:47,611 [INFO] PluginManager:220 - loadIPPluginJar : add dma3
2023-10-24 16:35:47,611 [INFO] IPUIPlugin:80 - create IPUIPlugin
2023-10-24 16:35:47,611 [INFO] PluginManager:220 - loadIPPluginJar : add fatfs
2023-10-24 16:35:47,624 [INFO] IPUIPlugin:80 - create IPUIPlugin
2023-10-24 16:35:47,624 [INFO] PluginManager:220 - loadIPPluginJar : add fmc
2023-10-24 16:35:47,630 [INFO] IPUIPlugin:80 - create IPUIPlugin
2023-10-24 16:35:47,630 [INFO] PluginManager:220 - loadIPPluginJar : add freertos
2023-10-24 16:35:47,640 [INFO] IPUIPlugin:80 - create IPUIPlugin
2023-10-24 16:35:47,640 [INFO] PluginManager:220 - loadIPPluginJar : add genericplugin
2023-10-24 16:35:47,640 [INFO] IPUIPlugin:80 - create IPUIPlugin
2023-10-24 16:35:47,640 [INFO] PluginManager:220 - loadIPPluginJar : add gfxmmu
2023-10-24 16:35:47,647 [INFO] IPUIPlugin:80 - create IPUIPlugin
2023-10-24 16:35:47,647 [INFO] PluginManager:220 - loadIPPluginJar : add gic
2023-10-24 16:35:47,651 [INFO] IPUIPlugin:80 - create IPUIPlugin
2023-10-24 16:35:47,651 [INFO] PluginManager:220 - loadIPPluginJar : add gpio
2023-10-24 16:35:47,656 [INFO] IPUIPlugin:80 - create IPUIPlugin
2023-10-24 16:35:47,656 [INFO] PluginManager:220 - loadIPPluginJar : add gtzc
2023-10-24 16:35:47,660 [INFO] IPUIPlugin:80 - create IPUIPlugin
2023-10-24 16:35:47,660 [INFO] PluginManager:220 - loadIPPluginJar : add hash
2023-10-24 16:35:47,665 [INFO] IPUIPlugin:80 - create IPUIPlugin
2023-10-24 16:35:47,665 [INFO] PluginManager:220 - loadIPPluginJar : add i2c
2023-10-24 16:35:47,671 [INFO] IPUIPlugin:80 - create IPUIPlugin
2023-10-24 16:35:47,671 [INFO] PluginManager:220 - loadIPPluginJar : add i2s
2023-10-24 16:35:47,672 [INFO] IPUIPlugin:80 - create IPUIPlugin
2023-10-24 16:35:47,672 [INFO] PluginManager:220 - loadIPPluginJar : add i3c
2023-10-24 16:35:47,672 [INFO] IPUIPlugin:80 - create IPUIPlugin
2023-10-24 16:35:47,672 [INFO] PluginManager:220 - loadIPPluginJar : add ipddr
2023-10-24 16:35:47,688 [INFO] IPUIPlugin:80 - create IPUIPlugin
2023-10-24 16:35:47,688 [INFO] PluginManager:220 - loadIPPluginJar : add linkedlist
2023-10-24 16:35:47,691 [INFO] IPUIPlugin:80 - create IPUIPlugin
2023-10-24 16:35:47,691 [INFO] PluginManager:220 - loadIPPluginJar : add lorawan
2023-10-24 16:35:47,691 [INFO] IPUIPlugin:80 - create IPUIPlugin
2023-10-24 16:35:47,691 [INFO] PluginManager:220 - loadIPPluginJar : add ltdc
2023-10-24 16:35:47,704 [INFO] IPUIPlugin:80 - create IPUIPlugin
2023-10-24 16:35:47,704 [INFO] PluginManager:220 - loadIPPluginJar : add mdma
2023-10-24 16:35:47,711 [INFO] IPUIPlugin:80 - create IPUIPlugin
2023-10-24 16:35:47,711 [INFO] PluginManager:220 - loadIPPluginJar : add nvic
2023-10-24 16:35:47,720 [INFO] IPUIPlugin:80 - create IPUIPlugin
2023-10-24 16:35:47,720 [INFO] PluginManager:220 - loadIPPluginJar : add opamp
2023-10-24 16:35:47,720 [INFO] IPUIPlugin:80 - create IPUIPlugin
2023-10-24 16:35:47,720 [INFO] PluginManager:220 - loadIPPluginJar : add openamp
2023-10-24 16:35:47,730 [INFO] IPUIPlugin:80 - create IPUIPlugin
2023-10-24 16:35:47,730 [INFO] PluginManager:220 - loadIPPluginJar : add pdm2pcm
2023-10-24 16:35:47,741 [INFO] IPUIPlugin:80 - create IPUIPlugin
2023-10-24 16:35:47,741 [INFO] PluginManager:220 - loadIPPluginJar : add plateformsettings
2023-10-24 16:35:47,748 [INFO] IPUIPlugin:80 - create IPUIPlugin
2023-10-24 16:35:47,748 [INFO] PluginManager:220 - loadIPPluginJar : add quadspi
2023-10-24 16:35:47,752 [INFO] IPUIPlugin:80 - create IPUIPlugin
2023-10-24 16:35:47,752 [INFO] PluginManager:220 - loadIPPluginJar : add resmgrutility
2023-10-24 16:35:47,752 [INFO] IPUIPlugin:80 - create IPUIPlugin
2023-10-24 16:35:47,752 [INFO] PluginManager:220 - loadIPPluginJar : add sai
2023-10-24 16:35:47,761 [INFO] IPUIPlugin:80 - create IPUIPlugin
2023-10-24 16:35:47,761 [INFO] PluginManager:220 - loadIPPluginJar : add spi
2023-10-24 16:35:47,761 [INFO] IPUIPlugin:80 - create IPUIPlugin
2023-10-24 16:35:47,761 [INFO] PluginManager:220 - loadIPPluginJar : add stm32_wpan
2023-10-24 16:35:47,770 [INFO] IPUIPlugin:80 - create IPUIPlugin
2023-10-24 16:35:47,770 [INFO] PluginManager:220 - loadIPPluginJar : add tim
2023-10-24 16:35:47,770 [INFO] IPUIPlugin:80 - create IPUIPlugin
2023-10-24 16:35:47,770 [INFO] PluginManager:220 - loadIPPluginJar : add touchsensing
2023-10-24 16:35:47,775 [INFO] IPUIPlugin:80 - create IPUIPlugin
2023-10-24 16:35:47,775 [INFO] PluginManager:220 - loadIPPluginJar : add tracer_emb
2023-10-24 16:35:47,781 [INFO] IPUIPlugin:80 - create IPUIPlugin
2023-10-24 16:35:47,781 [INFO] PluginManager:220 - loadIPPluginJar : add ts
2023-10-24 16:35:47,784 [INFO] IPUIPlugin:80 - create IPUIPlugin
2023-10-24 16:35:47,784 [INFO] PluginManager:220 - loadIPPluginJar : add tsc
2023-10-24 16:35:47,784 [INFO] IPUIPlugin:80 - create IPUIPlugin
2023-10-24 16:35:47,784 [INFO] PluginManager:220 - loadIPPluginJar : add ucpd
2023-10-24 16:35:47,791 [INFO] IPUIPlugin:80 - create IPUIPlugin
2023-10-24 16:35:47,791 [INFO] PluginManager:220 - loadIPPluginJar : add usart
2023-10-24 16:35:47,801 [INFO] IPUIPlugin:80 - create IPUIPlugin
2023-10-24 16:35:47,801 [INFO] PluginManager:220 - loadIPPluginJar : add usbx
2023-10-24 16:35:47,948 [INFO] CADModel:165 - CPN selected for project level
2023-10-24 16:35:47,948 [INFO] CADModel:114 - Register for checkConnection events
2023-10-24 16:35:47,948 [FATAL] Updater:308 - Updater called before beeing initialized
2023-10-24 16:35:47,948 [ERROR] CADModel:125 - Updater not yet initialized, retry later 
2023-10-24 16:35:48,161 [INFO] CADModel:165 - CPN selected for project level
2023-10-24 16:35:48,161 [INFO] CADModel:114 - Register for checkConnection events
2023-10-24 16:35:48,161 [FATAL] Updater:308 - Updater called before beeing initialized
2023-10-24 16:35:48,168 [ERROR] CADModel:125 - Updater not yet initialized, retry later 
2023-10-24 16:35:48,170 [FATAL] Updater:308 - Updater called before beeing initialized
2023-10-24 16:35:48,305 [FATAL] Updater:308 - Updater called before beeing initialized
2023-10-24 16:35:48,310 [INFO] DbMcusAds:53 - JSON generation date=Tue Mar 07 15:50:55 ICT 2023 (1678179055114)
2023-10-24 16:35:48,310 [FATAL] Updater:308 - Updater called before beeing initialized
2023-10-24 16:35:48,374 [WARN] DetailPanel:346 - Failed to get advertising image, set to default
2023-10-24 16:35:48,700 [FATAL] Updater:308 - Updater called before beeing initialized
2023-10-24 16:35:48,700 [FATAL] Updater:308 - Updater called before beeing initialized
2023-10-24 16:35:48,700 [FATAL] Updater:308 - Updater called before beeing initialized
2023-10-24 16:35:48,700 [WARN] DetailPanel:346 - Failed to get advertising image, set to default
2023-10-24 16:35:48,700 [FATAL] Updater:308 - Updater called before beeing initialized
2023-10-24 16:35:48,771 [ERROR] Updater:1120 - MainUpdater not yet initialized. External WinMGr cannot be set.
2023-10-24 16:35:48,774 [INFO] Updater:1056 - Updater Version found : 6.8.1
2023-10-24 16:35:48,796 [INFO] ApplicationProperties:184 - Using Application install path: C:\ST\STM32CubeIDE_1.12.1\STM32CubeIDE\plugins\com.st.stm32cube.common.mx_6.8.1.202304191431
2023-10-24 16:35:48,981 [INFO] MainUpdater:2854 - connection check result : 10
2023-10-24 16:35:48,981 [INFO] MainUpdater:3548 - Updater definition file requires update
2023-10-24 16:35:48,991 [INFO] MainUpdater:283 - Updater Check For Update Now.
2023-10-24 16:35:48,991 [INFO] MicroXplorer:498 - Change Database Version : DB.6.0.81
2023-10-24 16:35:49,031 [INFO] ServerAccessManage:473 - Download File updaters.zip
2023-10-24 16:35:49,091 [INFO] FileExtend:240 - Unzip File : updaters.zip
2023-10-24 16:35:49,091 [INFO] FileExtend:255 - Standard Zip Deflate
2023-10-24 16:35:49,441 [INFO] ServerAccessManage:473 - Download File PacksControlFlags.xml
2023-10-24 16:35:49,502 [INFO] ServerAccessManage:473 - Download File cubemx.pidx
2023-10-24 16:35:49,900 [WARN] MainUpdater:1187 - Updater busy. Cannot search thirdparties
2023-10-24 16:35:49,901 [INFO] ThirdPartyUpdaterWithRetryManager:96 - Updater plugin is busy. [1/15]
2023-10-24 16:35:49,901 [INFO] ServerAccessManage:473 - Download File STMicroelectronics.X-CUBE-EEPRMA1.pdsc
2023-10-24 16:35:50,984 [ERROR] ServerAccessManage:1089 - Problem, file not found on Server
2023-10-24 16:35:51,780 [WARN] PackLoader:240 - Cannot read IP mode file for STMicroelectronics.X-CUBE-EEPRMA1.4.2.0
2023-10-24 16:35:51,780 [INFO] PopulateThirdPartyThread:66 - Ending populate Thread
2023-10-24 16:35:51,790 [INFO] ThirdParty:1030 - CMSIS Pack Vendor :STMicroelectronics X-CUBE-EEPRMA1 4.2.0
2023-10-24 16:35:51,790 [INFO] LoadServerUpdatesThread:373 - End of LoadServerUpdate Thread
2023-10-24 16:35:51,900 [INFO] MainUpdater:2854 - connection check result : 10
2023-10-24 16:35:51,932 [INFO] CheckServerUpdateThread:120 - End of CheckServer Thread
2023-10-24 16:35:51,980 [INFO] MicroXplorer:468 - Change Database Path : 
2023-10-24 16:35:51,980 [INFO] MicroXplorer:498 - Change Database Version : DB.6.0.81
2023-10-24 16:35:51,980 [WARN] ThirdParty:871 - waiting for thirdparty lock release [close project]
2023-10-24 16:35:53,160 [WARN] PackLoader:240 - Cannot read IP mode file for STMicroelectronics.X-CUBE-SMBUS.2.1.0
2023-10-24 16:35:53,191 [WARN] PackLoader:240 - Cannot read IP mode file for STMicroelectronics.X-CUBE-AZRTOS-F7.1.1.0
2023-10-24 16:35:53,203 [ERROR] RealEvaluatedCondition:428 - Found unsupported composite condition: GROUP='STM32_MetaDataManager' CLASS='Data Exchange'
2023-10-24 16:35:53,203 [ERROR] RealEvaluatedCondition:428 - Found unsupported composite condition: CLASS='Data Exchange' GROUP='STM32_MetaDataManager'
2023-10-24 16:35:53,203 [WARN] PackLoader:240 - Cannot read IP mode file for STMicroelectronics.FP-SNS-MOTENV1.4.3.0
2023-10-24 16:35:53,210 [WARN] PackLoader:240 - Cannot read IP mode file for STMicroelectronics.FP-SNS-MOTENV1.4.3.2
2023-10-24 16:35:53,220 [WARN] PackLoader:240 - Cannot read IP mode file for STMicroelectronics.FP-SNS-FLIGHT1.5.0.0
2023-10-24 16:35:53,220 [ERROR] RealEvaluatedCondition:428 - Found unsupported composite condition: CLASS='Data Exchange' GROUP='STM32_MetaDataManager'
2023-10-24 16:35:53,220 [ERROR] RealEvaluatedCondition:428 - Found unsupported composite condition: CLASS='Data Exchange' GROUP='STM32_MetaDataManager'
2023-10-24 16:35:53,220 [WARN] PackLoader:240 - Cannot read IP mode file for STMicroelectronics.FP-SNS-MOTENV1.4.3.1
2023-10-24 16:35:53,220 [WARN] PackLoader:240 - Cannot read IP mode file for STMicroelectronics.FP-SNS-FLIGHT1.5.0.1
2023-10-24 16:35:53,243 [WARN] PackLoader:240 - Cannot read IP mode file for STMicroelectronics.X-CUBE-BLE1.6.2.3
2023-10-24 16:35:53,247 [WARN] PackLoader:240 - Cannot read IP mode file for STMicroelectronics.X-CUBE-BLE1.6.2.4
2023-10-24 16:35:53,252 [WARN] PackLoader:240 - Cannot read IP mode file for STMicroelectronics.FP-SNS-FLIGHT1.5.0.2
2023-10-24 16:35:53,260 [WARN] PackLoader:240 - Cannot read IP mode file for STMicroelectronics.X-CUBE-TOF1.3.1.0
2023-10-24 16:35:53,281 [WARN] PackLoader:240 - Cannot read IP mode file for STMicroelectronics.X-CUBE-DISPLAY.3.0.0
2023-10-24 16:35:53,284 [WARN] PackLoader:240 - Cannot read IP mode file for STMicroelectronics.X-CUBE-BLE1.7.0.0
2023-10-24 16:35:53,300 [WARN] PackLoader:240 - Cannot read IP mode file for emotas.I-CUBE-CANOPEN.1.3.0
2023-10-24 16:35:53,311 [WARN] PackLoader:240 - Cannot read IP mode file for STMicroelectronics.X-CUBE-TOUCHGFX.4.22.0
2023-10-24 16:35:53,316 [WARN] PackLoader:240 - Cannot read IP mode file for STMicroelectronics.X-CUBE-TOUCHGFX.4.22.1
2023-10-24 16:35:53,352 [WARN] PackLoader:240 - Cannot read IP mode file for STMicroelectronics.X-CUBE-MEMS1.9.3.0
2023-10-24 16:35:53,475 [WARN] PackLoader:240 - Cannot read IP mode file for STMicroelectronics.X-CUBE-AI.7.2.0
2023-10-24 16:35:53,490 [WARN] PackLoader:240 - Cannot read IP mode file for STMicroelectronics.FP-SNS-SMARTAG2.1.2.0
2023-10-24 16:35:53,507 [INFO] LogOutputStream:77 - [STDOUT_REDIRECT] 1 : Invalid condition id : UX_CORESTACK_Condition cause : null
2023-10-24 16:35:53,510 [INFO] LogOutputStream:77 - [STDOUT_REDIRECT] 1 : Invalid condition id : UX_CORESTACK_Condition cause : null
2023-10-24 16:35:53,510 [INFO] LogOutputStream:77 - [STDOUT_REDIRECT] 1 : Invalid condition id : UX_CORESTACK_Condition cause : null
2023-10-24 16:35:53,510 [INFO] LogOutputStream:77 - [STDOUT_REDIRECT] 1 : Invalid condition id : UX_CORESTACK_Condition cause : null
2023-10-24 16:35:53,510 [INFO] LogOutputStream:77 - [STDOUT_REDIRECT] 1 : Invalid condition id : UX_CORESTACK_Condition cause : null
2023-10-24 16:35:53,510 [WARN] PackLoader:240 - Cannot read IP mode file for STMicroelectronics.X-CUBE-AZRTOS-WL.2.0.0
2023-10-24 16:35:53,531 [WARN] PackLoader:240 - Cannot read IP mode file for WES.I-CUBE-Cesium.1.3.0
2023-10-24 16:35:53,541 [WARN] PackLoader:240 - Cannot read IP mode file for STMicroelectronics.X-CUBE-BLE2.3.3.0
2023-10-24 16:35:53,541 [WARN] PackLoader:240 - Cannot read IP mode file for STMicroelectronics.X-CUBE-DISPLAY.2.2.0
2023-10-24 16:35:53,555 [WARN] PackLoader:240 - Cannot read IP mode file for STMicroelectronics.X-CUBE-TOF1.3.2.0
2023-10-24 16:35:53,580 [WARN] PackLoader:240 - Cannot read IP mode file for STMicroelectronics.X-CUBE-ISPU.1.0.0
2023-10-24 16:35:53,595 [WARN] PackLoader:240 - Cannot read IP mode file for STMicroelectronics.X-CUBE-AZRTOS-H7.2.1.0
2023-10-24 16:35:53,603 [WARN] PackLoader:240 - Cannot read IP mode file for STMicroelectronics.X-CUBE-TOUCHGFX.4.21.1
2023-10-24 16:35:53,603 [WARN] PackLoader:240 - Cannot read IP mode file for STMicroelectronics.X-CUBE-TOUCHGFX.4.21.3
2023-10-24 16:35:53,610 [WARN] PackLoader:240 - Cannot read IP mode file for STMicroelectronics.X-CUBE-TOUCHGFX.4.21.4
2023-10-24 16:35:53,641 [WARN] PackLoader:240 - Cannot read IP mode file for STMicroelectronics.X-CUBE-MEMS1.9.4.0
2023-10-24 16:35:53,714 [WARN] PackLoader:240 - Cannot read IP mode file for STMicroelectronics.X-CUBE-AI.7.3.0
2023-10-24 16:35:53,763 [WARN] PackLoader:240 - Cannot read IP mode file for STMicroelectronics.X-CUBE-ALGOBUILD.1.3.0
2023-10-24 16:35:53,790 [WARN] PackLoader:240 - Cannot read IP mode file for STMicroelectronics.X-CUBE-AZRTOS-G0.1.1.0
2023-10-24 16:35:53,800 [WARN] PackLoader:240 - Cannot read IP mode file for STMicroelectronics.X-CUBE-NFC4.3.0.0
2023-10-24 16:35:53,850 [WARN] PackLoader:240 - Cannot read IP mode file for SEGGER.I-CUBE-embOS.1.2.0
2023-10-24 16:35:53,901 [WARN] PackLoader:240 - Cannot read IP mode file for STMicroelectronics.X-CUBE-BLEMGR.1.3.0
2023-10-24 16:35:53,905 [WARN] PackLoader:240 - Cannot read IP mode file for STMicroelectronics.FP-ATR-SIGFOX1.3.2.0
2023-10-24 16:35:53,911 [WARN] PackLoader:240 - Cannot read IP mode file for emotas.I-CUBE-CANOPEN.1.1.2
2023-10-24 16:35:53,916 [WARN] PackLoader:240 - Cannot read IP mode file for STMicroelectronics.X-CUBE-TOUCHGFX.4.20.0
2023-10-24 16:35:53,945 [WARN] PackLoader:240 - Cannot read IP mode file for STMicroelectronics.X-CUBE-MEMS1.9.5.0
2023-10-24 16:35:54,080 [WARN] PackLoader:240 - Cannot read IP mode file for SEGGER.I-CUBE-embOS.1.3.1
2023-10-24 16:35:54,111 [WARN] PackLoader:240 - Cannot read IP mode file for STMicroelectronics.X-CUBE-GNSS1.6.0.0
2023-10-24 16:35:54,130 [WARN] PackLoader:240 - Cannot read IP mode file for STMicroelectronics.X-CUBE-AZRTOS-F4.1.1.0
2023-10-24 16:35:54,153 [WARN] PackLoader:240 - Cannot read IP mode file for wolfSSL.I-CUBE-wolfSSL.5.6.3
2023-10-24 16:35:54,159 [WARN] PackLoader:240 - Cannot read IP mode file for wolfSSL.I-CUBE-wolfSSL.5.6.0
2023-10-24 16:35:54,165 [WARN] PackLoader:240 - Cannot read IP mode file for STMicroelectronics.X-CUBE-BLEMGR.1.2.0
2023-10-24 16:35:54,191 [WARN] PackLoader:240 - Cannot read IP mode file for STMicroelectronics.X-CUBE-AZRTOS-L5.2.0.0
2023-10-24 16:35:54,231 [WARN] PackLoader:240 - Cannot read IP mode file for STMicroelectronics.X-CUBE-MEMS1.9.6.0
2023-10-24 16:35:54,346 [WARN] PackLoader:240 - Cannot read IP mode file for STMicroelectronics.X-CUBE-EEPRMA1.4.2.0
2023-10-24 16:35:54,366 [WARN] PackLoader:240 - Cannot read IP mode file for ITTIA_DB.I-CUBE-ITTIADB.8.8.0
2023-10-24 16:35:54,370 [WARN] PackLoader:240 - Cannot read IP mode file for emotas.I-CUBE-CANOPEN.1.1.3
2023-10-24 16:35:54,382 [WARN] PackLoader:240 - Cannot read IP mode file for STMicroelectronics.X-CUBE-BLEMGR.2.0.0
2023-10-24 16:35:54,382 [WARN] PackLoader:240 - Cannot read IP mode file for STMicroelectronics.X-CUBE-NFC4.2.0.5
2023-10-24 16:35:54,390 [WARN] PackLoader:240 - Cannot read IP mode file for STMicroelectronics.X-CUBE-NFC4.2.0.4
2023-10-24 16:35:54,411 [WARN] ConditionMgr:438 - getConditionDescription Invalid condition id : UX DEVICE CLASS RTOS Condition cause : null
2023-10-24 16:35:54,411 [WARN] ConditionMgr:438 - getConditionDescription Invalid condition id : UX DEVICE CLASS RTOS Condition cause : null
2023-10-24 16:35:54,414 [WARN] PackLoader:240 - Cannot read IP mode file for STMicroelectronics.X-CUBE-AZRTOS-H7.3.1.0
2023-10-24 16:35:54,414 [WARN] ConditionMgr:1039 - genDependencies : Invalid condition id : UX DEVICE CLASS RTOS Condition cause : null
2023-10-24 16:35:54,414 [WARN] ConditionMgr:1039 - genDependencies : Invalid condition id : UX DEVICE CLASS RTOS Condition cause : null
2023-10-24 16:35:54,414 [WARN] ConditionMgr:1039 - genDependencies : Invalid condition id : UX DEVICE CLASS RTOS Condition cause : null
2023-10-24 16:35:54,414 [WARN] ConditionMgr:1039 - genDependencies : Invalid condition id : UX DEVICE CLASS RTOS Condition cause : null
2023-10-24 16:35:54,414 [WARN] ConditionMgr:1039 - genDependencies : Invalid condition id : UX DEVICE CLASS RTOS Condition cause : null
2023-10-24 16:35:54,430 [WARN] PackLoader:240 - Cannot read IP mode file for STMicroelectronics.X-CUBE-NFC7.1.0.1
2023-10-24 16:35:54,431 [WARN] PackLoader:240 - Cannot read IP mode file for STMicroelectronics.X-CUBE-NFC7.1.0.0
2023-10-24 16:35:54,450 [WARN] PackLoader:240 - Cannot read IP mode file for STMicroelectronics.X-CUBE-NFC6.3.0.0
2023-10-24 16:35:54,453 [WARN] PackLoader:240 - Cannot read IP mode file for STMicroelectronics.X-CUBE-EEPRMA1.4.1.0
2023-10-24 16:35:54,461 [WARN] PackLoader:240 - Cannot read IP mode file for STMicroelectronics.X-CUBE-AI.8.1.0
2023-10-24 16:35:54,493 [WARN] ConditionMgr:438 - getConditionDescription Invalid condition id : LAN8742 Phy interface Condition cause : null
2023-10-24 16:35:54,493 [WARN] PackLoader:240 - Cannot read IP mode file for STMicroelectronics.X-CUBE-AZRTOS-L4.2.0.0
2023-10-24 16:35:54,493 [WARN] ConditionMgr:1039 - genDependencies : Invalid condition id : LAN8742 Phy interface Condition cause : null
2023-10-24 16:35:54,493 [WARN] ConditionMgr:1039 - genDependencies : Invalid condition id : LAN8742 Phy interface Condition cause : null
2023-10-24 16:35:54,493 [WARN] ConditionMgr:1039 - genDependencies : Invalid condition id : LAN8742 Phy interface Condition cause : null
2023-10-24 16:35:54,513 [WARN] PackLoader:240 - Cannot read IP mode file for STMicroelectronics.X-CUBE-SFXS2LP1.4.0.0
2023-10-24 16:35:54,525 [WARN] PackLoader:240 - Cannot read IP mode file for STMicroelectronics.X-CUBE-AZRTOS-H7.3.0.0
2023-10-24 16:35:54,530 [WARN] PackLoader:240 - Cannot read IP mode file for STMicroelectronics.X-CUBE-ISPU.1.1.0
2023-10-24 16:35:54,546 [WARN] PackLoader:240 - Cannot read IP mode file for RoweBots.I-CUBE-UNISONRTOS.5.5.0-4
2023-10-24 16:35:54,551 [WARN] PackLoader:240 - Cannot read IP mode file for wolfSSL.I-CUBE-wolfSSL.5.4.0
2023-10-24 16:35:54,556 [WARN] PackLoader:240 - Cannot read IP mode file for STMicroelectronics.X-CUBE-AI.8.0.0
2023-10-24 16:35:54,570 [WARN] ConditionMgr:438 - getConditionDescription Invalid condition id : UX DEVICE CLASS RTOS Condition cause : null
2023-10-24 16:35:54,570 [WARN] ConditionMgr:438 - getConditionDescription Invalid condition id : UX DEVICE CLASS RTOS Condition cause : null
2023-10-24 16:35:54,570 [WARN] PackLoader:240 - Cannot read IP mode file for STMicroelectronics.X-CUBE-AZRTOS-WB.2.0.0
2023-10-24 16:35:54,572 [WARN] ConditionMgr:1039 - genDependencies : Invalid condition id : UX DEVICE CLASS RTOS Condition cause : null
2023-10-24 16:35:54,572 [WARN] ConditionMgr:1039 - genDependencies : Invalid condition id : UX DEVICE CLASS RTOS Condition cause : null
2023-10-24 16:35:54,572 [WARN] ConditionMgr:1039 - genDependencies : Invalid condition id : UX DEVICE CLASS RTOS Condition cause : null
2023-10-24 16:35:54,572 [WARN] ConditionMgr:1039 - genDependencies : Invalid condition id : UX DEVICE CLASS RTOS Condition cause : null
2023-10-24 16:35:54,572 [WARN] ConditionMgr:1039 - genDependencies : Invalid condition id : UX DEVICE CLASS RTOS Condition cause : null
2023-10-24 16:35:54,585 [WARN] PackLoader:240 - Cannot read IP mode file for STMicroelectronics.X-CUBE-FREERTOS.1.0.0
2023-10-24 16:35:54,588 [WARN] PackLoader:240 - Cannot read IP mode file for STMicroelectronics.X-CUBE-FREERTOS.1.0.1
2023-10-24 16:35:54,590 [WARN] PackLoader:240 - Cannot read IP mode file for STMicroelectronics.X-CUBE-BLEMGR.1.0.0
2023-10-24 16:35:54,606 [WARN] PackLoader:240 - Cannot read IP mode file for STMicroelectronics.X-CUBE-AZRTOS-L5.1.1.0
2023-10-24 16:35:54,611 [WARN] PackLoader:240 - Cannot read IP mode file for STMicroelectronics.X-CUBE-AI.8.0.1
2023-10-24 16:35:54,625 [WARN] PackLoader:240 - Cannot read IP mode file for STMicroelectronics.X-CUBE-SUBG2.5.0.0
2023-10-24 16:35:54,636 [WARN] PackLoader:240 - Cannot read IP mode file for STMicroelectronics.X-CUBE-TOF1.3.3.1
2023-10-24 16:35:54,653 [WARN] PackLoader:240 - Cannot read IP mode file for STMicroelectronics.X-CUBE-AZRTOS-G4.2.0.0
2023-10-24 16:35:54,668 [WARN] PackLoader:240 - Cannot read IP mode file for STMicroelectronics.X-CUBE-TOF1.3.3.0
2023-10-24 16:35:54,680 [WARN] PackLoader:240 - Cannot read IP mode file for STMicroelectronics.FP-ATR-ASTRA1.1.1.1
2023-10-24 16:35:54,690 [WARN] PackLoader:240 - Cannot read IP mode file for Infineon.AIROC-Wi-Fi-Bluetooth-STM32.1.5.1
2023-10-24 16:35:54,695 [WARN] PackLoader:240 - Cannot read IP mode file for STMicroelectronics.FP-ATR-ASTRA1.1.1.0
2023-10-24 16:35:54,704 [WARN] PackLoader:240 - Cannot read IP mode file for STMicroelectronics.X-CUBE-AZRTOS-G4.1.0.0
2023-10-24 16:35:54,720 [WARN] PackLoader:240 - Cannot read IP mode file for STMicroelectronics.X-CUBE-AZRTOS-L4.1.0.0
2023-10-24 16:35:54,746 [WARN] PackLoader:240 - Cannot read IP mode file for STMicroelectronics.X-CUBE-MEMS1.10.0.0
2023-10-24 16:35:54,811 [WARN] PackLoader:240 - Cannot read IP mode file for STMicroelectronics.X-CUBE-FREERTOS.1.1.0
2023-10-24 16:35:54,820 [WARN] PackLoader:240 - Cannot read IP mode file for STMicroelectronics.X-CUBE-AZRTOS-WL.1.0.0
2023-10-24 16:35:54,835 [WARN] PackLoader:240 - Cannot read IP mode file for portGmbH.I-Cube-SoM-uGOAL.1.1.0
2023-10-24 16:35:54,835 [WARN] PackLoader:240 - Cannot read IP mode file for STMicroelectronics.X-CUBE-ALS.1.0.1
2023-10-24 16:35:54,851 [WARN] PackLoader:240 - Cannot read IP mode file for STMicroelectronics.X-CUBE-AZRTOS-WB.1.1.0
2023-10-24 16:35:55,021 [WARN] PackLoader:240 - Cannot read IP mode file for STMicroelectronics.X-CUBE-AZRTOS-L5.1.0.0
2023-10-24 16:35:55,026 [WARN] PackLoader:240 - Cannot read IP mode file for STMicroelectronics.X-CUBE-EEPRMA1.3.1.1
2023-10-24 16:35:55,026 [WARN] PackLoader:240 - Cannot read IP mode file for STMicroelectronics.FP-ATR-ASTRA1.2.0.0
2023-10-24 16:35:55,030 [INFO] ThirdParty:978 - Integrity check success = true
2023-10-24 16:35:55,030 [INFO] IntegrityCheckThread:100 - exiting critical section [integrity check]
2023-10-24 16:35:55,030 [INFO] IntegrityCheckThread:103 - End integrity checks thread
2023-10-24 16:35:55,030 [INFO] ThirdParty:873 - entering critical section [close project]
2023-10-24 16:35:55,032 [INFO] ThirdParty:883 - exiting critical section [close project]
2023-10-24 16:35:55,032 [INFO] PinOutPanel:1499 - setPackage(No Configuration,No Configuration)
2023-10-24 16:35:55,041 [INFO] UtilMem:75 - Begin LoadConfig() Used Memory: 479422568 Bytes (816840704)
2023-10-24 16:35:55,041 [INFO] MicroXplorer:468 - Change Database Path : 
2023-10-24 16:35:55,041 [INFO] MicroXplorer:498 - Change Database Version : DB.6.0.81
2023-10-24 16:35:55,041 [INFO] OpenFileManager:308 - Change cursor
2023-10-24 16:35:55,071 [INFO] Mcu:1937 - Initializing MCU STM32G030C(6-8)Tx STM32G030C8Tx STM32G031K8T6
2023-10-24 16:36:17,546 [INFO] Context:659 - Trying to add GPIOservice into a context  which must be forbidden
2023-10-24 16:36:18,191 [INFO] RtosManager:555 - Registered RTOS mode: class=CMSIS, group=RTOS, mode=CMSIS_V1, owner=FREERTOS
2023-10-24 16:36:18,191 [INFO] RtosManager:555 - Registered RTOS mode: class=CMSIS, group=RTOS2, mode=CMSIS_V2, owner=FREERTOS
2023-10-24 16:36:18,191 [INFO] RtosManager:555 - Registered RTOS mode: class=RTOS, group=Core, mode=CMSIS_V1, owner=FREERTOS
2023-10-24 16:36:18,191 [INFO] RtosManager:555 - Registered RTOS mode: class=RTOS, group=Core, mode=CMSIS_V2, owner=FREERTOS
2023-10-24 16:36:18,191 [WARN] ModelIntegratedComponent:184 - Missing modes for component STMicroelectronics:FreeRTOS:0.0.1:STMicroelectronics:RTOS:FreeRTOS:Core:::10.2.0:
2023-10-24 16:36:18,201 [WARN] ModelIntegratedComponent:63 - No mode defined for component null
2023-10-24 16:36:18,201 [WARN] ModelIntegratedComponent:63 - No mode defined for component null
2023-10-24 16:36:18,201 [WARN] ModelIntegratedComponent:63 - No mode defined for component null
2023-10-24 16:36:18,201 [WARN] ModelIntegratedComponent:63 - No mode defined for component null
2023-10-24 16:36:18,201 [WARN] ModelIntegratedComponent:63 - No mode defined for component null
2023-10-24 16:36:18,201 [WARN] ModelIntegratedComponent:63 - No mode defined for component null
2023-10-24 16:36:18,201 [WARN] ModelIntegratedComponent:63 - No mode defined for component null
2023-10-24 16:36:18,201 [WARN] ModelIntegratedComponent:63 - No mode defined for component null
2023-10-24 16:36:18,201 [WARN] ModelIntegratedComponent:63 - No mode defined for component null
2023-10-24 16:36:18,201 [WARN] ModelIntegratedComponent:63 - No mode defined for component null
2023-10-24 16:36:18,201 [WARN] ModelIntegratedComponent:63 - No mode defined for component null
2023-10-24 16:36:18,201 [WARN] ModelIntegratedComponent:63 - No mode defined for component null
2023-10-24 16:36:18,201 [WARN] ModelIntegratedComponent:63 - No mode defined for component null
2023-10-24 16:36:18,201 [WARN] ModelIntegratedComponent:63 - No mode defined for component null
2023-10-24 16:36:18,201 [WARN] ModelIntegratedComponent:63 - No mode defined for component null
2023-10-24 16:36:18,201 [WARN] ModelIntegratedComponent:63 - No mode defined for component null
2023-10-24 16:36:18,201 [WARN] ModelIntegratedComponent:63 - No mode defined for component null
2023-10-24 16:36:18,201 [WARN] ModelIntegratedComponent:63 - No mode defined for component null
2023-10-24 16:36:18,201 [WARN] ModelIntegratedComponent:63 - No mode defined for component null
2023-10-24 16:36:18,201 [WARN] ModelIntegratedComponent:63 - No mode defined for component null
2023-10-24 16:36:18,201 [WARN] ModelIntegratedComponent:63 - No mode defined for component null
2023-10-24 16:36:18,201 [WARN] ModelIntegratedComponent:63 - No mode defined for component null
2023-10-24 16:36:18,201 [WARN] ModelIntegratedComponent:63 - No mode defined for component null
2023-10-24 16:36:18,201 [WARN] ModelIntegratedComponent:63 - No mode defined for component null
2023-10-24 16:36:18,201 [WARN] ModelIntegratedComponent:63 - No mode defined for component null
2023-10-24 16:36:18,201 [WARN] ModelIntegratedComponent:63 - No mode defined for component null
2023-10-24 16:36:18,201 [WARN] ModelIntegratedComponent:63 - No mode defined for component null
2023-10-24 16:36:18,201 [WARN] ModelIntegratedComponent:63 - No mode defined for component null
2023-10-24 16:36:18,201 [WARN] ModelIntegratedComponent:63 - No mode defined for component null
2023-10-24 16:36:18,201 [WARN] ModelIntegratedComponent:63 - No mode defined for component null
2023-10-24 16:36:18,201 [WARN] ModelIntegratedComponent:63 - No mode defined for component null
2023-10-24 16:36:18,201 [WARN] ModelIntegratedComponent:63 - No mode defined for component null
2023-10-24 16:36:18,201 [WARN] ModelIntegratedComponent:63 - No mode defined for component null
2023-10-24 16:36:18,580 [INFO] ThirdPartyModel:298 - Start build external matchings
2023-10-24 16:36:19,736 [INFO] ThirdPartyModel:316 - End build external matchings
2023-10-24 16:36:19,823 [INFO] ImportTextPane:194 - (OptionalMessage_ERROR) IP (DMA) : Parameter (Instance) has Id (ADC1) currently not set
2023-10-24 16:36:19,823 [INFO] ImportTextPane:194 - (OptionalMessage_ERROR) IP (DMA) : Parameter (Request) has Id (ADC1) currently not set
2023-10-24 16:36:19,823 [INFO] ImportTextPane:194 - (OptionalMessage_ERROR) IP (DMA) : Parameter (Direction) has Id (ADC1) currently not set
2023-10-24 16:36:19,823 [INFO] ImportTextPane:194 - (OptionalMessage_ERROR) IP (DMA) : Parameter (PeriphInc) has Id (ADC1) currently not set
2023-10-24 16:36:19,823 [INFO] ImportTextPane:194 - (OptionalMessage_ERROR) IP (DMA) : Parameter (MemInc) has Id (ADC1) currently not set
2023-10-24 16:36:19,831 [INFO] ImportTextPane:194 - (OptionalMessage_ERROR) IP (DMA) : Parameter (PeriphDataAlignment) has Id (ADC1) currently not set
2023-10-24 16:36:19,831 [INFO] ImportTextPane:194 - (OptionalMessage_ERROR) IP (DMA) : Parameter (MemDataAlignment) has Id (ADC1) currently not set
2023-10-24 16:36:19,831 [INFO] ImportTextPane:194 - (OptionalMessage_ERROR) IP (DMA) : Parameter (Mode) has Id (ADC1) currently not set
2023-10-24 16:36:19,831 [INFO] ImportTextPane:194 - (OptionalMessage_ERROR) IP (DMA) : Parameter (Priority) has Id (ADC1) currently not set
2023-10-24 16:36:19,831 [INFO] ImportTextPane:194 - (OptionalMessage_ERROR) IP (DMA) : Parameter (SignalID) has Id (ADC1) currently not set
2023-10-24 16:36:19,836 [INFO] ImportTextPane:194 - (OptionalMessage_ERROR) IP (DMA) : Parameter (Polarity) has Id (ADC1) currently not set
2023-10-24 16:36:19,836 [INFO] ImportTextPane:194 - (OptionalMessage_ERROR) IP (DMA) : Parameter (RequestNumber) has Id (ADC1) currently not set
2023-10-24 16:36:19,836 [INFO] ImportTextPane:194 - (OptionalMessage_ERROR) IP (DMA) : Parameter (SyncSignalID) has Id (ADC1) currently not set
2023-10-24 16:36:19,836 [INFO] ImportTextPane:194 - (OptionalMessage_ERROR) IP (DMA) : Parameter (SyncPolarity) has Id (ADC1) currently not set
2023-10-24 16:36:19,839 [INFO] ImportTextPane:194 - (OptionalMessage_ERROR) IP (DMA) : Parameter (SyncEnable) has Id (ADC1) currently not set
2023-10-24 16:36:19,839 [INFO] ImportTextPane:194 - (OptionalMessage_ERROR) IP (DMA) : Parameter (EventEnable) has Id (ADC1) currently not set
2023-10-24 16:36:19,839 [INFO] ImportTextPane:194 - (OptionalMessage_ERROR) IP (DMA) : Parameter (SyncRequestNumber) has Id (ADC1) currently not set
2023-10-24 16:36:19,871 [WARN] IP:2113 - FIFOMode not found: check if there is a RefParameter without a condition.
2023-10-24 16:36:19,871 [WARN] IP:2113 - TXFIFOThreshold not found: check if there is a RefParameter without a condition.
2023-10-24 16:36:19,871 [WARN] IP:2113 - RXFIFOThreshold not found: check if there is a RefParameter without a condition.
2023-10-24 16:36:19,871 [WARN] IP:2113 - AutoBaudRateEnableParam not found: check if there is a RefParameter without a condition.
2023-10-24 16:36:22,366 [INFO] UtilMem:75 - End LoadConfig() Used Memory: 676694336 Bytes (816840704)
2023-10-24 16:36:22,743 [INFO] ApiDb:581 - Connected to CubeFinder SQLite database (C:\Users\KDS-LTP-0415\.stmcufinder\plugins\mcufinder\mcu\cube-finder-db.db)
2023-10-24 16:36:22,811 [INFO] ApiDb:668 - CubeFinder database Data Model version=2.1
2023-10-24 16:36:22,811 [INFO] ApiDb:669 - CubeFinder database Configuration version=3.0.37
2023-10-24 16:36:22,811 [INFO] ApiDb:670 - CubeFinder database generation date=2023-08-09 (1691586011)
2023-10-24 16:36:22,811 [INFO] ApiDb:671 - CubeFinder database FW Pack versions=[FP-ATR-ASTRA1_V2.0.0, FP-SNS-FLIGHT1_V5.0.1, FP-SNS-FLIGHT1_V5.0.2, FP-SNS-MOTENV1_V4.3.1, FP-SNS-MOTENV1_V4.3.2, STM32Cube_FW_C0_V1.1.0, STM32Cube_FW_F4_V1.27.1, STM32Cube_FW_F7_V1.17.0, STM32Cube_FW_G0_V1.6.1, STM32Cube_FW_G4_V1.5.1, STM32Cube_FW_H5_V0.5.1, STM32Cube_FW_H5_V1.1.0, STM32Cube_FW_H7_V1.11.0, STM32Cube_FW_L0_V1.12.2, STM32Cube_FW_L5_V1.5.0, STM32Cube_FW_U5_V1.3.0, STM32Cube_FW_U5_V1.3.0RC4, STM32Cube_FW_WBA_V1.0.0RC1, STM32Cube_FW_WBA_V1.1.0, STM32Cube_FW_WBA_V1.1.0RC1, STM32Cube_FW_WB_V1.15.0RC1, STM32Cube_FW_WB_V1.16.0, STM32Cube_FW_WB_V1.16.0RC2, STM32Cube_FW_WB_V1.17.0, STM32Cube_FW_WL_V1.3.0, X-CUBE-ALGOBUILD_V1.3.0, X-CUBE-ALS_V1.0.1, X-CUBE-AZRTOS-F4_V1.1.0, X-CUBE-AZRTOS-F7_V1.1.0, X-CUBE-AZRTOS-G0_V1.1.0, X-CUBE-AZRTOS-G4_V2.0.0, X-CUBE-AZRTOS-H7_V3.1.0, X-CUBE-AZRTOS-L4_V1.0.0, X-CUBE-AZRTOS-L4_V2.0.0, X-CUBE-AZRTOS-L5_V1.1.0, X-CUBE-AZRTOS-WB_V1.1.0, X-CUBE-AZRTOS-WL_V2.0.0, X-CUBE-BLE1_V7.0.0, X-CUBE-BLE2_V3.3.0, X-CUBE-BLEMGR_V2.0.0, X-CUBE-EEPRMA1_V4.1.0, X-CUBE-FREERTOS_V1.1.0, X-CUBE-GNSS1_V6.0.0, X-CUBE-MEMS1_V9.1.0, X-CUBE-MEMS1_V9.4.0, X-CUBE-MEMS1_V9.6.0, X-CUBE-NFC4_V3.0.0, X-CUBE-NFC7_V1.0.0, X-CUBE-SFXS2LP1_V4.0.0, X-CUBE-SUBG2_V5.0.0, X-CUBE-TOF1_V3.3.1]
2023-10-24 16:36:24,951 [INFO] ApiDb:240 - Found 297 in-development CPN: [B-G473E-ZEST1S, B-WB1M-WPAN1, B-WL5M-SUBG1, NUCLEO-C031C6, NUCLEO-H503RB, NUCLEO-H563ZI, NUCLEO-U545RE-Q, NUCLEO-U5A5ZJ-Q, NUCLEO-WBA52CG, STEVAL-PROTEUS1, STEVAL-STWINBX1, STM320518-EVAL, STM32C0116-DK, STM32C011D6Y3TR, STM32C011D6Y6TR, STM32C011F4P3, STM32C011F4P6, STM32C011F4U3, STM32C011F4U6TR, STM32C011F6P3, STM32C011F6P6, STM32C011F6U3, STM32C011F6U6TR, STM32C011J4M3, STM32C011J4M6, STM32C011J6M3, STM32C011J6M6, STM32C0316-DK, STM32C031C4T3, STM32C031C4T6, STM32C031C4U3, STM32C031C4U6, STM32C031C6T3, STM32C031C6T6, STM32C031C6U3, STM32C031C6U6, STM32C031F4P3, STM32C031F4P6, STM32C031F6P3, STM32C031F6P6, STM32C031G4U3, STM32C031G4U6, STM32C031G6U3, STM32C031G6U6, STM32C031K4T3, STM32C031K4T6, STM32C031K4U3, STM32C031K4U6, STM32C031K6T3, STM32C031K6T6, STM32C031K6U3, STM32C031K6U6, STM32G071K8TXN, STM32G071K8UXN, STM32G081GBU6N, STM32G081KBT6N, STM32G081KBUXN, STM32G0B1CCT6N, STM32G0B1KCT6, STM32G0B1NEY6TR, STM32G0B1RCT6N, STM32G0C1CCT6, STM32G0C1CCT6N, STM32G0C1CCU6N, STM32G0C1CET6N, STM32G0C1CEU6N, STM32G0C1KCT6, STM32G0C1NEY6TR, STM32G0C1RCI6N, STM32G0C1RCT6N, STM32G0C1REI6N, STM32G0C1RET6N, STM32G0C1VCI6, STM32G0C1VEI6, STM32G471CCT6, STM32G471CCU6, STM32G471CET3, STM32G471CET6, STM32G471CEU3, STM32G471CEU6, STM32G471MCT6, STM32G471MET3, STM32G471MET6, STM32G471MEY6TR, STM32G471QCT6, STM32G471QET3, STM32G471RCT6, STM32G471RET3, STM32G471RET6, STM32G471VCH6, STM32G471VCI6, STM32G471VCT6, STM32G471VEH3, STM32G471VEH6, STM32G471VEI3, STM32G471VEI6, STM32G471VET3, STM32G471VET6, STM32G474CCT6, STM32H503CBT6, STM32H503CBU6, STM32H503EBY6TR, STM32H503KBU6, STM32H503RBT6, STM32H562AGI6, STM32H562AII6, STM32H562IGK6, STM32H562IGT6, STM32H562IIK6, STM32H562IIT6, STM32H562RGT6, STM32H562RGV6, STM32H562RIT6, STM32H562RIV6, STM32H562VGT6, STM32H562VIT6, STM32H562ZGT6, STM32H562ZIT6, STM32H563AGI6, STM32H563AII3Q, STM32H563AII6, STM32H563IGK6, STM32H563IGT6, STM32H563IIK3Q, STM32H563IIK6, STM32H563IIT3Q, STM32H563IIT6, STM32H563MIY3QTR, STM32H563RGT6, STM32H563RGV6, STM32H563RIT6, STM32H563RIV6, STM32H563VGT6, STM32H563VIT3Q, STM32H563VIT6, STM32H563ZGT6, STM32H563ZIT3Q, STM32H563ZIT6, STM32H573AII3Q, STM32H573AII6, STM32H573I-DK, STM32H573IIK3Q, STM32H573IIK6, STM32H573IIT3Q, STM32H573IIT6, STM32H573MIY3QTR, STM32H573RIT6, STM32H573RIV6, STM32H573VIT3Q, STM32H573VIT6, STM32H573ZIT3Q, STM32H573ZIT6, STM32L4R5QGI6STR, STM32MP131AAE3, STM32MP131AAF3, STM32MP131AAG3, STM32MP131CAE3, STM32MP131CAF3, STM32MP131CAG3, STM32MP131DAE7, STM32MP131DAF7, STM32MP131DAG7, STM32MP131FAE7, STM32MP131FAF7, STM32MP131FAG7, STM32MP133AAE3, STM32MP133AAF3, STM32MP133AAG3, STM32MP133CAE3, STM32MP133CAF3, STM32MP133CAG3, STM32MP133DAE7, STM32MP133DAF7, STM32MP133DAG7, STM32MP133FAE7, STM32MP133FAF7, STM32MP133FAG7, STM32MP135AAE3, STM32MP135AAF3, STM32MP135AAG3, STM32MP135CAE3, STM32MP135CAF3, STM32MP135CAG3, STM32MP135DAE7, STM32MP135DAF7, STM32MP135DAG7, STM32MP135F-DK, STM32MP135FAE7, STM32MP135FAF7, STM32MP135FAF7T, STM32MP135FAF7U, STM32MP135FAG7, STM32U535CBT6, STM32U535CBT6Q, STM32U535CBU6, STM32U535CBU6Q, STM32U535CCT6, STM32U535CCT6Q, STM32U535CCU6, STM32U535CCU6Q, STM32U535CET6, STM32U535CET6Q, STM32U535CEU6, STM32U535CEU6Q, STM32U535JEY6QTR, STM32U535NCY6QTR, STM32U535NEY6QTR, STM32U535RBI6, STM32U535RBI6Q, STM32U535RBT6, STM32U535RBT6Q, STM32U535RCI6, STM32U535RCI6Q, STM32U535RCT6, STM32U535RCT6Q, STM32U535REI6, STM32U535REI6Q, STM32U535RET6, STM32U535RET6Q, STM32U535VCI6, STM32U535VCI6Q, STM32U535VCT6, STM32U535VCT6Q, STM32U535VEI6, STM32U535VEI6Q, STM32U535VET6, STM32U535VET6Q, STM32U545CET6, STM32U545CET6Q, STM32U545CEU6, STM32U545CEU6Q, STM32U545JEY6QTR, STM32U545NEY6QTR, STM32U545REI6, STM32U545REI6Q, STM32U545RET6, STM32U545RET6Q, STM32U545VEI6, STM32U545VEI6Q, STM32U545VET6, STM32U545VET6Q, STM32U595AIH6, STM32U595AIH6Q, STM32U595AJH6, STM32U595AJH6Q, STM32U595QII6, STM32U595QII6Q, STM32U595QJI6, STM32U595QJI6Q, STM32U595RIT6, STM32U595RIT6Q, STM32U595RJT6, STM32U595RJT6Q, STM32U595VIT6, STM32U595VIT6Q, STM32U595VJT6, STM32U595VJT6Q, STM32U595ZIT6, STM32U595ZIT6Q, STM32U595ZIY6QTR, STM32U595ZJT6, STM32U595ZJT6Q, STM32U595ZJY6QTR, STM32U599BJY6QTR, STM32U599NIH6Q, STM32U599NJH6Q, STM32U599VIT6Q, STM32U599VJT6, STM32U599VJT6Q, STM32U599ZIT6Q, STM32U599ZIY6QTR, STM32U599ZJT6Q, STM32U599ZJY6QTR, STM32U5A5AJH6, STM32U5A5AJH6Q, STM32U5A5QJI6, STM32U5A5QJI6Q, STM32U5A5RJT6, STM32U5A5RJT6Q, STM32U5A5VJT6, STM32U5A5VJT6Q, STM32U5A5ZJT6, STM32U5A5ZJT6Q, STM32U5A5ZJY6QTR, STM32U5A9BJY6QTR, STM32U5A9J-DK, STM32U5A9NJH6Q, STM32U5A9VJT6Q, STM32U5A9ZJT6Q, STM32U5A9ZJY6QTR, STM32WB1MMCH6, STM32WBA52CEU6, STM32WBA52CEU6T, STM32WBA52CGU6, STM32WBA52CGU6T, STM32WL5MOCH6, STM32WL5MOCH6TR]
2023-10-24 16:36:24,960 [INFO] DbMcus:216 - Found 3825 MCUs, 3825 are supported
2023-10-24 16:36:24,960 [INFO] ApiDb:423 - Load user favorites file C:\Users\KDS-LTP-0415/.stm32cubeide/favorites.mcus.txt: 0 item(s)
2023-10-24 16:36:24,960 [INFO] ApiDb:427 - User favorites MCUs=[]
2023-10-24 16:36:24,966 [INFO] DbMcus:222 - Set 0 / 0 favorites MCUs
2023-10-24 16:36:25,210 [WARN] ThirdParty:833 - waiting for thirdparty lock release [change project]
2023-10-24 16:36:25,210 [INFO] ThirdParty:835 - entering critical section [change project]
2023-10-24 16:36:25,210 [INFO] ThirdParty:1030 - CMSIS Pack Vendor :STMicroelectronics X-CUBE-GNSS1 6.0.0
2023-10-24 16:36:25,210 [INFO] ThirdParty:1030 - CMSIS Pack Vendor :STMicroelectronics USB_HOST 2.0.0
2023-10-24 16:36:25,210 [INFO] ThirdParty:1030 - CMSIS Pack Vendor :STMicroelectronics X-CUBE-AZRTOS-F4 1.1.0
2023-10-24 16:36:25,210 [INFO] ThirdParty:1030 - CMSIS Pack Vendor :STMicroelectronics LIBJPEG 8.0.0
2023-10-24 16:36:25,210 [INFO] ThirdParty:1030 - CMSIS Pack Vendor :wolfSSL I-CUBE-wolfSSL 5.6.3
2023-10-24 16:36:25,210 [INFO] ThirdParty:1030 - CMSIS Pack Vendor :STMicroelectronics X-CUBE-SMBUS 2.1.0
2023-10-24 16:36:25,210 [INFO] ThirdParty:1030 - CMSIS Pack Vendor :wolfSSL I-CUBE-wolfSSL 5.6.0
2023-10-24 16:36:25,210 [INFO] ThirdParty:1030 - CMSIS Pack Vendor :STMicroelectronics X-CUBE-BLEMGR 1.2.0
2023-10-24 16:36:25,210 [INFO] ThirdParty:1030 - CMSIS Pack Vendor :STMicroelectronics X-CUBE-AZRTOS-F7 1.1.0
2023-10-24 16:36:25,210 [INFO] ThirdParty:1030 - CMSIS Pack Vendor :STMicroelectronics X-CUBE-AZRTOS-L5 2.0.0
2023-10-24 16:36:25,210 [INFO] ThirdParty:1030 - CMSIS Pack Vendor :STMicroelectronics USB_DEVICE 2.0.0
2023-10-24 16:36:25,210 [INFO] ThirdParty:1030 - CMSIS Pack Vendor :STMicroelectronics X-CUBE-MEMS1 9.6.0
2023-10-24 16:36:25,210 [INFO] ThirdParty:1030 - CMSIS Pack Vendor :STMicroelectronics X-CUBE-EEPRMA1 4.2.0
2023-10-24 16:36:25,210 [INFO] ThirdParty:1030 - CMSIS Pack Vendor :ITTIA_DB I-CUBE-ITTIADB 8.8.0
2023-10-24 16:36:25,210 [INFO] ThirdParty:1030 - CMSIS Pack Vendor :STMicroelectronics FP-SNS-MOTENV1 4.3.0
2023-10-24 16:36:25,210 [INFO] ThirdParty:1030 - CMSIS Pack Vendor :STMicroelectronics FP-SNS-MOTENV1 4.3.2
2023-10-24 16:36:25,210 [INFO] ThirdParty:1030 - CMSIS Pack Vendor :STMicroelectronics FP-SNS-FLIGHT1 5.0.0
2023-10-24 16:36:25,210 [INFO] ThirdParty:1030 - CMSIS Pack Vendor :STMicroelectronics FP-SNS-MOTENV1 4.3.1
2023-10-24 16:36:25,210 [INFO] ThirdParty:1030 - CMSIS Pack Vendor :STMicroelectronics FP-SNS-FLIGHT1 5.0.1
2023-10-24 16:36:25,210 [INFO] ThirdParty:1030 - CMSIS Pack Vendor :STMicroelectronics X-CUBE-BLE1 6.2.3
2023-10-24 16:36:25,210 [INFO] ThirdParty:1030 - CMSIS Pack Vendor :STMicroelectronics X-CUBE-BLE1 6.2.4
2023-10-24 16:36:25,210 [INFO] ThirdParty:1030 - CMSIS Pack Vendor :STMicroelectronics FreeRTOS 0.0.1
2023-10-24 16:36:25,210 [INFO] ThirdParty:1030 - CMSIS Pack Vendor :emotas I-CUBE-CANOPEN 1.1.3
2023-10-24 16:36:25,210 [INFO] ThirdParty:1030 - CMSIS Pack Vendor :STMicroelectronics X-CUBE-BLEMGR 2.0.0
2023-10-24 16:36:25,210 [INFO] ThirdParty:1030 - CMSIS Pack Vendor :STMicroelectronics FP-SNS-FLIGHT1 5.0.2
2023-10-24 16:36:25,210 [INFO] ThirdParty:1030 - CMSIS Pack Vendor :STMicroelectronics X-CUBE-NFC4 2.0.5
2023-10-24 16:36:25,210 [INFO] ThirdParty:1030 - CMSIS Pack Vendor :STMicroelectronics X-CUBE-NFC4 2.0.4
2023-10-24 16:36:25,210 [INFO] ThirdParty:1030 - CMSIS Pack Vendor :STMicroelectronics X-CUBE-AZRTOS-H7 3.1.0
2023-10-24 16:36:25,210 [INFO] ThirdParty:1030 - CMSIS Pack Vendor :STMicroelectronics PDM2PCM 3.3.0
2023-10-24 16:36:25,210 [INFO] ThirdParty:1030 - CMSIS Pack Vendor :STMicroelectronics X-CUBE-TOF1 3.1.0
2023-10-24 16:36:25,210 [INFO] ThirdParty:1030 - CMSIS Pack Vendor :STMicroelectronics X-CUBE-DISPLAY 3.0.0
2023-10-24 16:36:25,210 [INFO] ThirdParty:1030 - CMSIS Pack Vendor :STMicroelectronics X-CUBE-BLE1 7.0.0
2023-10-24 16:36:25,210 [INFO] ThirdParty:1030 - CMSIS Pack Vendor :STMicroelectronics HAL Drivers 0.0.0
2023-10-24 16:36:25,210 [INFO] ThirdParty:1030 - CMSIS Pack Vendor :emotas I-CUBE-CANOPEN 1.3.0
2023-10-24 16:36:25,210 [INFO] ThirdParty:1030 - CMSIS Pack Vendor :STMicroelectronics X-CUBE-TOUCHGFX 4.22.0
2023-10-24 16:36:25,210 [INFO] ThirdParty:1030 - CMSIS Pack Vendor :STMicroelectronics X-CUBE-NFC7 1.0.1
2023-10-24 16:36:25,210 [INFO] ThirdParty:1030 - CMSIS Pack Vendor :STMicroelectronics MBEDTLS 2.14.1
2023-10-24 16:36:25,210 [INFO] ThirdParty:1030 - CMSIS Pack Vendor :STMicroelectronics X-CUBE-NFC7 1.0.0
2023-10-24 16:36:25,210 [INFO] ThirdParty:1030 - CMSIS Pack Vendor :STMicroelectronics X-CUBE-TOUCHGFX 4.22.1
2023-10-24 16:36:25,210 [INFO] ThirdParty:1030 - CMSIS Pack Vendor :STMicroelectronics X-CUBE-NFC6 3.0.0
2023-10-24 16:36:25,210 [INFO] ThirdParty:1030 - CMSIS Pack Vendor :STMicroelectronics X-CUBE-MEMS1 9.3.0
2023-10-24 16:36:25,210 [INFO] ThirdParty:1030 - CMSIS Pack Vendor :STMicroelectronics X-CUBE-EEPRMA1 4.1.0
2023-10-24 16:36:25,210 [INFO] ThirdParty:1030 - CMSIS Pack Vendor :STMicroelectronics X-CUBE-AI 7.2.0
2023-10-24 16:36:25,210 [INFO] ThirdParty:1030 - CMSIS Pack Vendor :STMicroelectronics FP-SNS-SMARTAG2 1.2.0
2023-10-24 16:36:25,210 [INFO] ThirdParty:1030 - CMSIS Pack Vendor :STMicroelectronics X-CUBE-AZRTOS-WL 2.0.0
2023-10-24 16:36:25,210 [INFO] ThirdParty:1030 - CMSIS Pack Vendor :STMicroelectronics USB_DEVICE 1.0.0
2023-10-24 16:36:25,210 [INFO] ThirdParty:1030 - CMSIS Pack Vendor :STMicroelectronics X-CUBE-AI 8.1.0
2023-10-24 16:36:25,210 [INFO] ThirdParty:1030 - CMSIS Pack Vendor :STMicroelectronics X-CUBE-AZRTOS-L4 2.0.0
2023-10-24 16:36:25,210 [INFO] ThirdParty:1030 - CMSIS Pack Vendor :STMicroelectronics ThreadX 0.0.2
2023-10-24 16:36:25,210 [INFO] ThirdParty:1030 - CMSIS Pack Vendor :WES I-CUBE-Cesium 1.3.0
2023-10-24 16:36:25,210 [INFO] ThirdParty:1030 - CMSIS Pack Vendor :STMicroelectronics lwIP 2.1.2
2023-10-24 16:36:25,210 [INFO] ThirdParty:1030 - CMSIS Pack Vendor :STMicroelectronics X-CUBE-SFXS2LP1 4.0.0
2023-10-24 16:36:25,210 [INFO] ThirdParty:1030 - CMSIS Pack Vendor :STMicroelectronics X-CUBE-BLE2 3.3.0
2023-10-24 16:36:25,210 [INFO] ThirdParty:1030 - CMSIS Pack Vendor :STMicroelectronics X-CUBE-DISPLAY 2.2.0
2023-10-24 16:36:25,210 [INFO] ThirdParty:1030 - CMSIS Pack Vendor :STMicroelectronics X-CUBE-TOF1 3.2.0
2023-10-24 16:36:25,210 [INFO] ThirdParty:1030 - CMSIS Pack Vendor :STMicroelectronics PDM2PCM 3.2.0
2023-10-24 16:36:25,210 [INFO] ThirdParty:1030 - CMSIS Pack Vendor :STMicroelectronics X-CUBE-AZRTOS-H7 3.0.0
2023-10-24 16:36:25,210 [INFO] ThirdParty:1030 - CMSIS Pack Vendor :STMicroelectronics X-CUBE-ISPU 1.0.0
2023-10-24 16:36:25,220 [INFO] ThirdParty:1030 - CMSIS Pack Vendor :STMicroelectronics X-CUBE-ISPU 1.1.0
2023-10-24 16:36:25,220 [INFO] ThirdParty:1030 - CMSIS Pack Vendor :RoweBots I-CUBE-UNISONRTOS 5.5.0-4
2023-10-24 16:36:25,220 [INFO] ThirdParty:1030 - CMSIS Pack Vendor :STMicroelectronics X-CUBE-AZRTOS-H7 2.1.0
2023-10-24 16:36:25,220 [INFO] ThirdParty:1030 - CMSIS Pack Vendor :wolfSSL I-CUBE-wolfSSL 5.4.0
2023-10-24 16:36:25,220 [INFO] ThirdParty:1030 - CMSIS Pack Vendor :STMicroelectronics USB_DEVICE 3.0.0
2023-10-24 16:36:25,220 [INFO] ThirdParty:1030 - CMSIS Pack Vendor :STMicroelectronics X-CUBE-AI 8.0.0
2023-10-24 16:36:25,220 [INFO] ThirdParty:1030 - CMSIS Pack Vendor :STMicroelectronics X-CUBE-AZRTOS-WB 2.0.0
2023-10-24 16:36:25,220 [INFO] ThirdParty:1030 - CMSIS Pack Vendor :STMicroelectronics X-CUBE-FREERTOS 1.0.0
2023-10-24 16:36:25,220 [INFO] ThirdParty:1030 - CMSIS Pack Vendor :STMicroelectronics X-CUBE-FREERTOS 1.0.1
2023-10-24 16:36:25,220 [INFO] ThirdParty:1030 - CMSIS Pack Vendor :STMicroelectronics X-CUBE-TOUCHGFX 4.21.1
2023-10-24 16:36:25,220 [INFO] ThirdParty:1030 - CMSIS Pack Vendor :STMicroelectronics X-CUBE-TOUCHGFX 4.21.3
2023-10-24 16:36:25,220 [INFO] ThirdParty:1030 - CMSIS Pack Vendor :STMicroelectronics X-CUBE-BLEMGR 1.0.0
2023-10-24 16:36:25,220 [INFO] ThirdParty:1030 - CMSIS Pack Vendor :STMicroelectronics X-CUBE-TOUCHGFX 4.21.4
2023-10-24 16:36:25,220 [INFO] ThirdParty:1030 - CMSIS Pack Vendor :STMicroelectronics X-CUBE-MEMS1 9.4.0
2023-10-24 16:36:25,220 [INFO] ThirdParty:1030 - CMSIS Pack Vendor :STMicroelectronics X-CUBE-AI 7.3.0
2023-10-24 16:36:25,220 [INFO] ThirdParty:1030 - CMSIS Pack Vendor :EdgeImpulse osugiw-project-1 1.0.1
2023-10-24 16:36:25,220 [INFO] ThirdParty:1030 - CMSIS Pack Vendor :STMicroelectronics X-CUBE-ALGOBUILD 1.3.0
2023-10-24 16:36:25,220 [INFO] ThirdParty:1030 - CMSIS Pack Vendor :STMicroelectronics X-CUBE-AZRTOS-L5 1.1.0
2023-10-24 16:36:25,220 [INFO] ThirdParty:1030 - CMSIS Pack Vendor :STMicroelectronics X-CUBE-AZRTOS-G0 1.1.0
2023-10-24 16:36:25,220 [INFO] ThirdParty:1030 - CMSIS Pack Vendor :STMicroelectronics X-CUBE-AI 8.0.1
2023-10-24 16:36:25,220 [INFO] ThirdParty:1030 - CMSIS Pack Vendor :STMicroelectronics X-CUBE-NFC4 3.0.0
2023-10-24 16:36:25,220 [INFO] ThirdParty:1030 - CMSIS Pack Vendor :SEGGER I-CUBE-embOS 1.2.0
2023-10-24 16:36:25,220 [INFO] ThirdParty:1030 - CMSIS Pack Vendor :STMicroelectronics X-CUBE-SUBG2 5.0.0
2023-10-24 16:36:25,220 [INFO] ThirdParty:1030 - CMSIS Pack Vendor :STMicroelectronics STM32_WPAN 1.0.0
2023-10-24 16:36:25,220 [INFO] ThirdParty:1030 - CMSIS Pack Vendor :STMicroelectronics lwIP 2.0.3
2023-10-24 16:36:25,220 [INFO] ThirdParty:1030 - CMSIS Pack Vendor :STMicroelectronics USB_HOST 1.0.0
2023-10-24 16:36:25,220 [INFO] ThirdParty:1030 - CMSIS Pack Vendor :STMicroelectronics X-CUBE-TOF1 3.3.1
2023-10-24 16:36:25,220 [INFO] ThirdParty:1030 - CMSIS Pack Vendor :STMicroelectronics X-CUBE-AZRTOS-G4 2.0.0
2023-10-24 16:36:25,220 [INFO] ThirdParty:1030 - CMSIS Pack Vendor :STMicroelectronics PDM2PCM 3.1.0
2023-10-24 16:36:25,220 [INFO] ThirdParty:1030 - CMSIS Pack Vendor :STMicroelectronics X-CUBE-TOF1 3.3.0
2023-10-24 16:36:25,220 [INFO] ThirdParty:1030 - CMSIS Pack Vendor :STMicroelectronics FP-ATR-ASTRA1 1.1.1
2023-10-24 16:36:25,220 [INFO] ThirdParty:1030 - CMSIS Pack Vendor :Infineon AIROC-Wi-Fi-Bluetooth-STM32 1.5.1
2023-10-24 16:36:25,220 [INFO] ThirdParty:1030 - CMSIS Pack Vendor :STMicroelectronics FP-ATR-ASTRA1 1.1.0
2023-10-24 16:36:25,220 [INFO] ThirdParty:1030 - CMSIS Pack Vendor :STMicroelectronics X-CUBE-BLEMGR 1.3.0
2023-10-24 16:36:25,220 [INFO] ThirdParty:1030 - CMSIS Pack Vendor :STMicroelectronics FP-ATR-SIGFOX1 3.2.0
2023-10-24 16:36:25,220 [INFO] ThirdParty:1030 - CMSIS Pack Vendor :STMicroelectronics X-CUBE-AZRTOS-G4 1.0.0
2023-10-24 16:36:25,220 [INFO] ThirdParty:1030 - CMSIS Pack Vendor :STMicroelectronics X-CUBE-AZRTOS-L4 1.0.0
2023-10-24 16:36:25,220 [INFO] ThirdParty:1030 - CMSIS Pack Vendor :STMicroelectronics MBEDTLS 2.16.2
2023-10-24 16:36:25,220 [INFO] ThirdParty:1030 - CMSIS Pack Vendor :emotas I-CUBE-CANOPEN 1.1.2
2023-10-24 16:36:25,220 [INFO] ThirdParty:1030 - CMSIS Pack Vendor :STMicroelectronics X-CUBE-TOUCHGFX 4.20.0
2023-10-24 16:36:25,220 [INFO] ThirdParty:1030 - CMSIS Pack Vendor :STMicroelectronics X-CUBE-MEMS1 10.0.0
2023-10-24 16:36:25,220 [INFO] ThirdParty:1030 - CMSIS Pack Vendor :STMicroelectronics X-CUBE-FREERTOS 1.1.0
2023-10-24 16:36:25,220 [INFO] ThirdParty:1030 - CMSIS Pack Vendor :STMicroelectronics X-CUBE-AZRTOS-WL 1.0.0
2023-10-24 16:36:25,220 [INFO] ThirdParty:1030 - CMSIS Pack Vendor :portGmbH I-Cube-SoM-uGOAL 1.1.0
2023-10-24 16:36:25,220 [INFO] ThirdParty:1030 - CMSIS Pack Vendor :STMicroelectronics X-CUBE-ALS 1.0.1
2023-10-24 16:36:25,220 [INFO] ThirdParty:1030 - CMSIS Pack Vendor :STMicroelectronics X-CUBE-MEMS1 9.5.0
2023-10-24 16:36:25,220 [INFO] ThirdParty:1030 - CMSIS Pack Vendor :STMicroelectronics ThreadX 1.0.0
2023-10-24 16:36:25,220 [INFO] ThirdParty:1030 - CMSIS Pack Vendor :STMicroelectronics X-CUBE-AZRTOS-WB 1.1.0
2023-10-24 16:36:25,220 [INFO] ThirdParty:1030 - CMSIS Pack Vendor :SEGGER I-CUBE-embOS 1.3.1
2023-10-24 16:36:25,220 [INFO] ThirdParty:1030 - CMSIS Pack Vendor :STMicroelectronics X-CUBE-AZRTOS-L5 1.0.0
2023-10-24 16:36:25,220 [INFO] ThirdParty:1030 - CMSIS Pack Vendor :STMicroelectronics X-CUBE-EEPRMA1 3.1.1
2023-10-24 16:36:25,220 [INFO] ThirdParty:1030 - CMSIS Pack Vendor :STMicroelectronics FP-ATR-ASTRA1 2.0.0
2023-10-24 16:36:25,220 [INFO] ThirdParty:841 - exiting critical section [change project]
2023-10-24 16:36:25,536 [INFO] PinOutPanel:1499 - setPackage(No Configuration,No Configuration)
2023-10-24 16:36:25,541 [INFO] PinOutPanel:1499 - setPackage(STM32G030C8Tx,LQFP48)
2023-10-24 16:36:26,001 [INFO] UtilMem:75 - Before build in PCC Used Memory: 556800968 Bytes (816840704)
2023-10-24 16:36:26,950 [INFO] UtilMem:75 - After build in PCC Used Memory: 631350704 Bytes (816840704)
2023-10-24 16:36:26,976 [INFO] IPUIPlugin:80 - create IPUIPlugin
2023-10-24 16:36:26,976 [INFO] IPUIPlugin:80 - create IPUIPlugin
2023-10-24 16:36:26,976 [INFO] IPUIPlugin:80 - create IPUIPlugin
2023-10-24 16:36:26,981 [INFO] IPUIPlugin:80 - create IPUIPlugin
2023-10-24 16:36:26,981 [INFO] IPUIPlugin:80 - create IPUIPlugin
2023-10-24 16:36:26,981 [INFO] IPUIPlugin:80 - create IPUIPlugin
2023-10-24 16:36:26,981 [INFO] IPUIPlugin:80 - create IPUIPlugin
2023-10-24 16:36:26,981 [INFO] IPUIPlugin:80 - create IPUIPlugin
2023-10-24 16:36:26,981 [INFO] IPUIPlugin:80 - create IPUIPlugin
2023-10-24 16:36:26,981 [INFO] IPUIPlugin:80 - create IPUIPlugin
2023-10-24 16:36:26,981 [INFO] IPUIPlugin:80 - create IPUIPlugin
2023-10-24 16:36:26,981 [INFO] IPUIPlugin:80 - create IPUIPlugin
2023-10-24 16:36:26,981 [INFO] IPUIPlugin:80 - create IPUIPlugin
2023-10-24 16:36:26,981 [INFO] IPUIPlugin:80 - create IPUIPlugin
2023-10-24 16:36:26,981 [INFO] IPUIPlugin:80 - create IPUIPlugin
2023-10-24 16:36:26,981 [INFO] IPUIPlugin:80 - create IPUIPlugin
2023-10-24 16:36:26,981 [INFO] IPUIPlugin:80 - create IPUIPlugin
2023-10-24 16:36:26,981 [INFO] IPUIPlugin:80 - create IPUIPlugin
2023-10-24 16:36:26,981 [INFO] IPUIPlugin:80 - create IPUIPlugin
2023-10-24 16:36:26,981 [INFO] IPUIPlugin:80 - create IPUIPlugin
2023-10-24 16:36:26,981 [INFO] IPUIPlugin:80 - create IPUIPlugin
2023-10-24 16:36:26,981 [INFO] IPUIPlugin:80 - create IPUIPlugin
2023-10-24 16:36:26,981 [INFO] IPUIPlugin:80 - create IPUIPlugin
2023-10-24 16:36:26,981 [INFO] IPUIPlugin:80 - create IPUIPlugin
2023-10-24 16:36:26,981 [INFO] IPUIPlugin:80 - create IPUIPlugin
2023-10-24 16:36:27,000 [WARN] IP:2113 - FIFOMode not found: check if there is a RefParameter without a condition.
2023-10-24 16:36:27,002 [WARN] IP:2113 - TXFIFOThreshold not found: check if there is a RefParameter without a condition.
2023-10-24 16:36:27,002 [WARN] IP:2113 - RXFIFOThreshold not found: check if there is a RefParameter without a condition.
2023-10-24 16:36:27,002 [WARN] IP:2113 - AutoBaudRateEnableParam not found: check if there is a RefParameter without a condition.
2023-10-24 16:36:27,241 [INFO] CADModel:165 - CPN selected for project levelSTM32G031K8T6
2023-10-24 16:36:27,241 [INFO] CADModel:114 - Register for checkConnection events
2023-10-24 16:36:27,305 [INFO] OpenFileManager:328 - Restore cursor
2023-10-24 16:36:27,450 [WARN] IP:2113 - FIFOMode not found: check if there is a RefParameter without a condition.
2023-10-24 16:36:27,450 [WARN] IP:2113 - TXFIFOThreshold not found: check if there is a RefParameter without a condition.
2023-10-24 16:36:27,450 [WARN] IP:2113 - RXFIFOThreshold not found: check if there is a RefParameter without a condition.
2023-10-24 16:36:27,450 [WARN] IP:2113 - AutoBaudRateEnableParam not found: check if there is a RefParameter without a condition.
2023-10-24 16:36:27,450 [WARN] IP:2113 - FIFOMode not found: check if there is a RefParameter without a condition.
2023-10-24 16:36:27,450 [WARN] IP:2113 - TXFIFOThreshold not found: check if there is a RefParameter without a condition.
2023-10-24 16:36:27,450 [WARN] IP:2113 - RXFIFOThreshold not found: check if there is a RefParameter without a condition.
2023-10-24 16:36:27,450 [WARN] IP:2113 - AutoBaudRateEnableParam not found: check if there is a RefParameter without a condition.
2023-10-24 16:39:43,401 [INFO] NvicIntPanel:101 - NVIC parent = com.st.microxplorer.plugins.ip.nvic.MultiNvicIntPanel[,0,0,0x0,invalid,layout=javax.swing.BoxLayout,alignmentX=0.0,alignmentY=0.0,border=,flags=9,maximumSize=,minimumSize=,preferredSize=]
2023-10-24 16:41:12,911 [INFO] NvicIntPanel:101 - NVIC parent = com.st.microxplorer.plugins.ip.nvic.MultiNvicIntPanel[,0,0,0x0,invalid,layout=javax.swing.BoxLayout,alignmentX=0.0,alignmentY=0.0,border=,flags=9,maximumSize=,minimumSize=,preferredSize=]
2023-10-24 16:41:25,921 [INFO] NvicIntPanel:101 - NVIC parent = com.st.microxplorer.plugins.ip.nvic.MultiNvicIntPanel[,0,0,0x0,invalid,layout=javax.swing.BoxLayout,alignmentX=0.0,alignmentY=0.0,border=,flags=9,maximumSize=,minimumSize=,preferredSize=]
2023-10-24 16:41:58,313 [INFO] NvicIntPanel:101 - NVIC parent = com.st.microxplorer.plugins.ip.nvic.MultiNvicIntPanel[,0,0,0x0,invalid,layout=javax.swing.BoxLayout,alignmentX=0.0,alignmentY=0.0,border=,flags=9,maximumSize=,minimumSize=,preferredSize=]
2023-10-24 16:42:08,023 [INFO] UtilMem:75 - End SaveConfig() Used Memory: 710066648 Bytes (816840704)
2023-10-24 16:42:08,890 [INFO] UtilMem:75 - End SaveConfig() Used Memory: 553964376 Bytes (816840704)
2023-10-24 16:42:09,750 [INFO] UtilMem:75 - End SaveConfig() Used Memory: 608490328 Bytes (816840704)
2023-10-24 16:42:10,431 [INFO] BlockDiagram:2759 - set Specific Code input for plugin: NVIC
2023-10-24 16:42:10,431 [INFO] BlockDiagram:2759 - set Specific Code input for plugin: USART
2023-10-24 16:42:10,431 [INFO] BlockDiagram:2759 - set Specific Code input for plugin: DMA
2023-10-24 16:42:10,431 [INFO] BlockDiagram:2759 - set Specific Code input for plugin: TIM1_8G0
2023-10-24 16:42:10,431 [INFO] BlockDiagram:2759 - set Specific Code input for plugin: TIM1_8G0
2023-10-24 16:42:10,431 [INFO] BlockDiagram:2759 - set Specific Code input for plugin: TIM1_8G0
2023-10-24 16:42:10,431 [INFO] BlockDiagram:2759 - set Specific Code input for plugin: TIM1_8G0
2023-10-24 16:42:10,431 [INFO] BlockDiagram:2759 - set Specific Code input for plugin: SYS
2023-10-24 16:42:10,431 [INFO] BlockDiagram:2759 - set Specific Code input for plugin: GPIO
2023-10-24 16:42:10,431 [INFO] BlockDiagram:2759 - set Specific Code input for plugin: ADC
2023-10-24 16:42:10,431 [INFO] BlockDiagram:2759 - set Specific Code input for plugin: RCC
2023-10-24 16:42:10,436 [INFO] CodeGenerator:793 - code generatio: config db path: C:\ST\STM32CubeIDE_1.12.1\STM32CubeIDE\plugins\com.st.stm32cube.common.mx_6.8.1.202304191431\\db\
2023-10-24 16:42:10,511 [WARN] IP:2113 - FIFOMode not found: check if there is a RefParameter without a condition.
2023-10-24 16:42:10,511 [WARN] IP:2113 - TXFIFOThreshold not found: check if there is a RefParameter without a condition.
2023-10-24 16:42:10,511 [WARN] IP:2113 - RXFIFOThreshold not found: check if there is a RefParameter without a condition.
2023-10-24 16:42:10,511 [WARN] IP:2113 - AutoBaudRateEnableParam not found: check if there is a RefParameter without a condition.
2023-10-24 16:42:10,900 [INFO] CodeEngine:255 - oldGeneratedFile, D:\Project\Rice Cooker\RiceCooker_v1\RiceCooker_v1_CubeIDE\MXTmpFiles\license.tmp_save
2023-10-24 16:42:11,465 [INFO] CodeEngine:279 - Generated code: D:\Project\Rice Cooker\RiceCooker_v1\RiceCooker_v1_CubeIDE\MXTmpFiles\license.tmp
2023-10-24 16:42:11,770 [INFO] CodeEngine:255 - oldGeneratedFile, D:\Project\Rice Cooker\RiceCooker_v1\RiceCooker_v1_CubeIDE\MXTmpFiles\gpio.tmp_save
2023-10-24 16:42:11,900 [INFO] CodeEngine:279 - Generated code: D:\Project\Rice Cooker\RiceCooker_v1\RiceCooker_v1_CubeIDE\MXTmpFiles\gpio.tmp
2023-10-24 16:42:13,388 [INFO] CodeEngine:255 - oldGeneratedFile, D:\Project\Rice Cooker\RiceCooker_v1\RiceCooker_v1_CubeIDE\MXTmpFiles\dma.tmp_save
2023-10-24 16:42:13,470 [INFO] CodeEngine:279 - Generated code: D:\Project\Rice Cooker\RiceCooker_v1\RiceCooker_v1_CubeIDE\MXTmpFiles\dma.tmp
2023-10-24 16:42:13,483 [INFO] CodeEngine:255 - oldGeneratedFile, D:\Project\Rice Cooker\RiceCooker_v1\RiceCooker_v1_CubeIDE\MXTmpFiles\dma_GV.tmp_save
2023-10-24 16:42:13,580 [INFO] CodeEngine:279 - Generated code: D:\Project\Rice Cooker\RiceCooker_v1\RiceCooker_v1_CubeIDE\MXTmpFiles\dma_GV.tmp
2023-10-24 16:42:13,600 [INFO] CodeEngine:255 - oldGeneratedFile, D:\Project\Rice Cooker\RiceCooker_v1\RiceCooker_v1_CubeIDE\Core\Src\stm32g0xx_it.c_save
2023-10-24 16:42:13,810 [INFO] CodeEngine:279 - Generated code: D:\Project\Rice Cooker\RiceCooker_v1\RiceCooker_v1_CubeIDE\Core\Src\stm32g0xx_it.c
2023-10-24 16:42:13,820 [INFO] CodeEngine:255 - oldGeneratedFile, D:\Project\Rice Cooker\RiceCooker_v1\RiceCooker_v1_CubeIDE\Core\Inc\stm32g0xx_it.h_save
2023-10-24 16:42:13,906 [INFO] CodeEngine:279 - Generated code: D:\Project\Rice Cooker\RiceCooker_v1\RiceCooker_v1_CubeIDE\Core\Inc\stm32g0xx_it.h
2023-10-24 16:42:13,921 [INFO] CodeEngine:255 - oldGeneratedFile, D:\Project\Rice Cooker\RiceCooker_v1\RiceCooker_v1_CubeIDE\Core\Src\stm32g0xx_hal_msp.c_save
2023-10-24 16:42:14,075 [INFO] CodeEngine:279 - Generated code: D:\Project\Rice Cooker\RiceCooker_v1\RiceCooker_v1_CubeIDE\Core\Src\stm32g0xx_hal_msp.c
2023-10-24 16:42:14,090 [INFO] CodeEngine:255 - oldGeneratedFile, D:\Project\Rice Cooker\RiceCooker_v1\RiceCooker_v1_CubeIDE\MXTmpFiles\system.tmp_save
2023-10-24 16:42:14,170 [INFO] CodeEngine:279 - Generated code: D:\Project\Rice Cooker\RiceCooker_v1\RiceCooker_v1_CubeIDE\MXTmpFiles\system.tmp
2023-10-24 16:42:14,190 [INFO] CodeEngine:311 - oldGeneratedFile, D:\Project\Rice Cooker\RiceCooker_v1\RiceCooker_v1_CubeIDE\Core\Inc\stm32g0xx_hal_conf.h_save
2023-10-24 16:42:14,250 [INFO] CodeEngine:335 - Generated code: D:\Project\Rice Cooker\RiceCooker_v1\RiceCooker_v1_CubeIDE\Core\Inc\stm32g0xx_hal_conf.h
2023-10-24 16:42:14,281 [WARN] IPConfigManager:3431 - IP not found : TIM
2023-10-24 16:42:14,281 [WARN] CodeGenerator:3754 - IP not found : null
2023-10-24 16:42:14,293 [INFO] CodeEngine:255 - oldGeneratedFile, D:\Project\Rice Cooker\RiceCooker_v1\RiceCooker_v1_CubeIDE\Core\Inc\main.h_save
2023-10-24 16:42:14,372 [INFO] CodeEngine:279 - Generated code: D:\Project\Rice Cooker\RiceCooker_v1\RiceCooker_v1_CubeIDE\Core\Inc\main.h
2023-10-24 16:42:14,380 [INFO] CodeEngine:255 - oldGeneratedFile, D:\Project\Rice Cooker\RiceCooker_v1\RiceCooker_v1_CubeIDE\Core\Src\main.c_save
2023-10-24 16:42:14,631 [INFO] CodeEngine:279 - Generated code: D:\Project\Rice Cooker\RiceCooker_v1\RiceCooker_v1_CubeIDE\Core\Src\main.c
2023-10-24 16:42:15,980 [INFO] ProjectBuilder:2996 - Time for Copy HAL[1] : 502mS.
2023-10-24 16:42:15,995 [INFO] ProjectBuilder:4304 - Project Generator version: 3.19.2
2023-10-24 16:42:16,380 [INFO] ConfigFileManager:1483 - The Die is : DIE466
2023-10-24 16:42:16,400 [INFO] ApiDbMcu:507 - Load IP Config File for FATFS
2023-10-24 16:42:16,415 [INFO] ApiDbMcu:507 - Load IP Config File for FREERTOS
2023-10-24 16:42:18,821 [INFO] LogOutputStream:77 - [STDOUT_REDIRECT] 
2023-10-24 16:42:20,215 [INFO] ProjectBuilder:4505 - Time for Generating toolchain IDE Files: 4220mS.
2023-10-24 16:42:20,215 [INFO] ProjectBuilder:2867 - Time for Copy CMSIS : 0mS.
2023-10-24 16:42:20,220 [INFO] ProjectBuilder:2867 - Time for Copy CMSIS : 0mS.
2023-10-24 16:46:35,936 [INFO] NvicIntPanel:101 - NVIC parent = com.st.microxplorer.plugins.ip.nvic.MultiNvicIntPanel[,0,0,486x237,layout=javax.swing.BoxLayout,alignmentX=0.0,alignmentY=0.0,border=,flags=9,maximumSize=,minimumSize=,preferredSize=]
2023-10-24 16:46:38,833 [INFO] NvicIntPanel:101 - NVIC parent = com.st.microxplorer.plugins.ip.nvic.MultiNvicIntPanel[,0,0,0x0,invalid,layout=javax.swing.BoxLayout,alignmentX=0.0,alignmentY=0.0,border=,flags=9,maximumSize=,minimumSize=,preferredSize=]
2023-10-24 16:46:43,191 [INFO] NvicIntPanel:101 - NVIC parent = com.st.microxplorer.plugins.ip.nvic.MultiNvicIntPanel[,0,0,0x0,invalid,layout=javax.swing.BoxLayout,alignmentX=0.0,alignmentY=0.0,border=,flags=9,maximumSize=,minimumSize=,preferredSize=]
2023-10-24 16:46:45,652 [INFO] UtilMem:75 - End SaveConfig() Used Memory: 740506320 Bytes (904921088)
2023-10-24 16:46:45,798 [INFO] UtilMem:75 - End SaveConfig() Used Memory: 750256032 Bytes (904921088)
2023-10-24 16:46:46,374 [INFO] UtilMem:75 - End SaveConfig() Used Memory: 776681720 Bytes (904921088)
2023-10-24 16:46:46,850 [INFO] BlockDiagram:2759 - set Specific Code input for plugin: NVIC
2023-10-24 16:46:46,850 [INFO] BlockDiagram:2759 - set Specific Code input for plugin: USART
2023-10-24 16:46:46,850 [INFO] BlockDiagram:2759 - set Specific Code input for plugin: DMA
2023-10-24 16:46:46,850 [INFO] BlockDiagram:2759 - set Specific Code input for plugin: TIM1_8G0
2023-10-24 16:46:46,850 [INFO] BlockDiagram:2759 - set Specific Code input for plugin: TIM1_8G0
2023-10-24 16:46:46,850 [INFO] BlockDiagram:2759 - set Specific Code input for plugin: TIM1_8G0
2023-10-24 16:46:46,850 [INFO] BlockDiagram:2759 - set Specific Code input for plugin: TIM1_8G0
2023-10-24 16:46:46,850 [INFO] BlockDiagram:2759 - set Specific Code input for plugin: SYS
2023-10-24 16:46:46,850 [INFO] BlockDiagram:2759 - set Specific Code input for plugin: GPIO
2023-10-24 16:46:46,850 [INFO] BlockDiagram:2759 - set Specific Code input for plugin: ADC
2023-10-24 16:46:46,850 [INFO] BlockDiagram:2759 - set Specific Code input for plugin: RCC
2023-10-24 16:46:46,853 [INFO] CodeGenerator:793 - code generatio: config db path: C:\ST\STM32CubeIDE_1.12.1\STM32CubeIDE\plugins\com.st.stm32cube.common.mx_6.8.1.202304191431\\db\
2023-10-24 16:46:46,867 [INFO] Argument:319 - Argument : hdmavalue: null
2023-10-24 16:46:46,867 [INFO] Argument:321 - 	 sub Args: 
2023-10-24 16:46:46,867 [INFO] Argument:319 - Argument : Instancevalue: DMA1_Channel1
2023-10-24 16:46:46,867 [INFO] Argument:329 - Argument : Instancevalue: DMA1_Channel1
2023-10-24 16:46:46,867 [INFO] Argument:319 - Argument : Initvalue: null
2023-10-24 16:46:46,867 [INFO] Argument:321 - 	 sub Args: 
2023-10-24 16:46:46,867 [INFO] Argument:319 - Argument : Requestvalue: DMA_REQUEST_ADC1
2023-10-24 16:46:46,867 [INFO] Argument:329 - Argument : Requestvalue: DMA_REQUEST_ADC1
2023-10-24 16:46:46,867 [INFO] Argument:319 - Argument : Directionvalue: DMA_PERIPH_TO_MEMORY
2023-10-24 16:46:46,867 [INFO] Argument:329 - Argument : Directionvalue: DMA_PERIPH_TO_MEMORY
2023-10-24 16:46:46,867 [INFO] Argument:319 - Argument : PeriphIncvalue: DMA_PINC_DISABLE
2023-10-24 16:46:46,867 [INFO] Argument:329 - Argument : PeriphIncvalue: DMA_PINC_DISABLE
2023-10-24 16:46:46,867 [INFO] Argument:319 - Argument : MemIncvalue: DMA_MINC_ENABLE
2023-10-24 16:46:46,867 [INFO] Argument:329 - Argument : MemIncvalue: DMA_MINC_ENABLE
2023-10-24 16:46:46,867 [INFO] Argument:319 - Argument : PeriphDataAlignmentvalue: DMA_PDATAALIGN_WORD
2023-10-24 16:46:46,867 [INFO] Argument:329 - Argument : PeriphDataAlignmentvalue: DMA_PDATAALIGN_WORD
2023-10-24 16:46:46,867 [INFO] Argument:319 - Argument : MemDataAlignmentvalue: DMA_MDATAALIGN_WORD
2023-10-24 16:46:46,867 [INFO] Argument:329 - Argument : MemDataAlignmentvalue: DMA_MDATAALIGN_WORD
2023-10-24 16:46:46,867 [INFO] Argument:319 - Argument : Modevalue: DMA_CIRCULAR
2023-10-24 16:46:46,867 [INFO] Argument:329 - Argument : Modevalue: DMA_CIRCULAR
2023-10-24 16:46:46,867 [INFO] Argument:319 - Argument : Priorityvalue: DMA_PRIORITY_LOW
2023-10-24 16:46:46,867 [INFO] Argument:329 - Argument : Priorityvalue: DMA_PRIORITY_LOW
2023-10-24 16:46:46,867 [INFO] Argument:319 - Argument : Lockvalue: null
2023-10-24 16:46:46,867 [INFO] Argument:329 - Argument : Lockvalue: null
2023-10-24 16:46:46,867 [INFO] Argument:319 - Argument : Statevalue: null
2023-10-24 16:46:46,867 [INFO] Argument:329 - Argument : Statevalue: null
2023-10-24 16:46:46,867 [INFO] Argument:319 - Argument : Parentvalue: null
2023-10-24 16:46:46,867 [INFO] Argument:329 - Argument : Parentvalue: null
2023-10-24 16:46:46,867 [INFO] Argument:319 - Argument : XferCpltCallbackvalue: null
2023-10-24 16:46:46,867 [INFO] Argument:329 - Argument : XferCpltCallbackvalue: null
2023-10-24 16:46:46,867 [INFO] Argument:319 - Argument : XferHalfCpltCallbackvalue: null
2023-10-24 16:46:46,867 [INFO] Argument:329 - Argument : XferHalfCpltCallbackvalue: null
2023-10-24 16:46:46,867 [INFO] Argument:319 - Argument : XferErrorCallbackvalue: null
2023-10-24 16:46:46,867 [INFO] Argument:329 - Argument : XferErrorCallbackvalue: null
2023-10-24 16:46:46,867 [INFO] Argument:319 - Argument : XferAbortCallbackvalue: null
2023-10-24 16:46:46,867 [INFO] Argument:329 - Argument : XferAbortCallbackvalue: null
2023-10-24 16:46:46,869 [INFO] Argument:319 - Argument : ErrorCodevalue: null
2023-10-24 16:46:46,869 [INFO] Argument:329 - Argument : ErrorCodevalue: null
2023-10-24 16:46:46,869 [INFO] Argument:319 - Argument : ChannelIndexvalue: null
2023-10-24 16:46:46,869 [INFO] Argument:329 - Argument : ChannelIndexvalue: null
2023-10-24 16:46:46,869 [INFO] Argument:319 - Argument : DMAmuxChannelvalue: null
2023-10-24 16:46:46,869 [INFO] Argument:329 - Argument : DMAmuxChannelvalue: null
2023-10-24 16:46:46,869 [INFO] Argument:319 - Argument : DMAmuxChannelStatusvalue: null
2023-10-24 16:46:46,869 [INFO] Argument:329 - Argument : DMAmuxChannelStatusvalue: null
2023-10-24 16:46:46,869 [INFO] Argument:319 - Argument : DMAmuxChannelStatusMaskvalue: null
2023-10-24 16:46:46,869 [INFO] Argument:329 - Argument : DMAmuxChannelStatusMaskvalue: null
2023-10-24 16:46:46,869 [INFO] Argument:319 - Argument : DMAmuxRequestGenvalue: null
2023-10-24 16:46:46,869 [INFO] Argument:329 - Argument : DMAmuxRequestGenvalue: null
2023-10-24 16:46:46,869 [INFO] Argument:319 - Argument : DMAmuxRequestGenStatusvalue: null
2023-10-24 16:46:46,869 [INFO] Argument:329 - Argument : DMAmuxRequestGenStatusvalue: null
2023-10-24 16:46:46,869 [INFO] Argument:319 - Argument : DMAmuxRequestGenStatusMaskvalue: null
2023-10-24 16:46:46,869 [INFO] Argument:329 - Argument : DMAmuxRequestGenStatusMaskvalue: null
2023-10-24 16:46:46,892 [WARN] IP:2113 - FIFOMode not found: check if there is a RefParameter without a condition.
2023-10-24 16:46:46,892 [WARN] IP:2113 - TXFIFOThreshold not found: check if there is a RefParameter without a condition.
2023-10-24 16:46:46,892 [WARN] IP:2113 - RXFIFOThreshold not found: check if there is a RefParameter without a condition.
2023-10-24 16:46:46,892 [WARN] IP:2113 - AutoBaudRateEnableParam not found: check if there is a RefParameter without a condition.
2023-10-24 16:46:47,074 [INFO] CodeEngine:255 - oldGeneratedFile, D:\Project\Rice Cooker\RiceCooker_v1\RiceCooker_v1_CubeIDE\MXTmpFiles\license.tmp_save
2023-10-24 16:46:47,284 [INFO] CodeEngine:279 - Generated code: D:\Project\Rice Cooker\RiceCooker_v1\RiceCooker_v1_CubeIDE\MXTmpFiles\license.tmp
2023-10-24 16:46:47,465 [INFO] CodeEngine:255 - oldGeneratedFile, D:\Project\Rice Cooker\RiceCooker_v1\RiceCooker_v1_CubeIDE\MXTmpFiles\gpio.tmp_save
2023-10-24 16:46:47,557 [INFO] CodeEngine:279 - Generated code: D:\Project\Rice Cooker\RiceCooker_v1\RiceCooker_v1_CubeIDE\MXTmpFiles\gpio.tmp
2023-10-24 16:46:49,627 [INFO] CodeEngine:255 - oldGeneratedFile, D:\Project\Rice Cooker\RiceCooker_v1\RiceCooker_v1_CubeIDE\MXTmpFiles\dma.tmp_save
2023-10-24 16:46:49,712 [INFO] CodeEngine:279 - Generated code: D:\Project\Rice Cooker\RiceCooker_v1\RiceCooker_v1_CubeIDE\MXTmpFiles\dma.tmp
2023-10-24 16:46:49,735 [INFO] CodeEngine:255 - oldGeneratedFile, D:\Project\Rice Cooker\RiceCooker_v1\RiceCooker_v1_CubeIDE\MXTmpFiles\dma_GV.tmp_save
2023-10-24 16:46:49,818 [INFO] CodeEngine:279 - Generated code: D:\Project\Rice Cooker\RiceCooker_v1\RiceCooker_v1_CubeIDE\MXTmpFiles\dma_GV.tmp
2023-10-24 16:46:49,851 [INFO] CodeEngine:255 - oldGeneratedFile, D:\Project\Rice Cooker\RiceCooker_v1\RiceCooker_v1_CubeIDE\Core\Src\stm32g0xx_it.c_save
2023-10-24 16:46:49,968 [INFO] CodeEngine:279 - Generated code: D:\Project\Rice Cooker\RiceCooker_v1\RiceCooker_v1_CubeIDE\Core\Src\stm32g0xx_it.c
2023-10-24 16:46:49,986 [INFO] CodeEngine:255 - oldGeneratedFile, D:\Project\Rice Cooker\RiceCooker_v1\RiceCooker_v1_CubeIDE\Core\Inc\stm32g0xx_it.h_save
2023-10-24 16:46:50,060 [INFO] CodeEngine:279 - Generated code: D:\Project\Rice Cooker\RiceCooker_v1\RiceCooker_v1_CubeIDE\Core\Inc\stm32g0xx_it.h
2023-10-24 16:46:50,079 [INFO] CodeEngine:255 - oldGeneratedFile, D:\Project\Rice Cooker\RiceCooker_v1\RiceCooker_v1_CubeIDE\Core\Src\stm32g0xx_hal_msp.c_save
2023-10-24 16:46:50,202 [INFO] CodeEngine:279 - Generated code: D:\Project\Rice Cooker\RiceCooker_v1\RiceCooker_v1_CubeIDE\Core\Src\stm32g0xx_hal_msp.c
2023-10-24 16:46:50,223 [INFO] CodeEngine:255 - oldGeneratedFile, D:\Project\Rice Cooker\RiceCooker_v1\RiceCooker_v1_CubeIDE\MXTmpFiles\system.tmp_save
2023-10-24 16:46:50,300 [INFO] CodeEngine:279 - Generated code: D:\Project\Rice Cooker\RiceCooker_v1\RiceCooker_v1_CubeIDE\MXTmpFiles\system.tmp
2023-10-24 16:46:50,314 [INFO] CodeEngine:311 - oldGeneratedFile, D:\Project\Rice Cooker\RiceCooker_v1\RiceCooker_v1_CubeIDE\Core\Inc\stm32g0xx_hal_conf.h_save
2023-10-24 16:46:50,395 [INFO] CodeEngine:335 - Generated code: D:\Project\Rice Cooker\RiceCooker_v1\RiceCooker_v1_CubeIDE\Core\Inc\stm32g0xx_hal_conf.h
2023-10-24 16:46:50,412 [WARN] IPConfigManager:3431 - IP not found : TIM
2023-10-24 16:46:50,414 [WARN] CodeGenerator:3754 - IP not found : null
2023-10-24 16:46:50,432 [INFO] CodeEngine:255 - oldGeneratedFile, D:\Project\Rice Cooker\RiceCooker_v1\RiceCooker_v1_CubeIDE\Core\Inc\main.h_save
2023-10-24 16:46:50,517 [INFO] CodeEngine:279 - Generated code: D:\Project\Rice Cooker\RiceCooker_v1\RiceCooker_v1_CubeIDE\Core\Inc\main.h
2023-10-24 16:46:50,531 [INFO] CodeEngine:255 - oldGeneratedFile, D:\Project\Rice Cooker\RiceCooker_v1\RiceCooker_v1_CubeIDE\Core\Src\main.c_save
2023-10-24 16:46:50,792 [INFO] CodeEngine:279 - Generated code: D:\Project\Rice Cooker\RiceCooker_v1\RiceCooker_v1_CubeIDE\Core\Src\main.c
2023-10-24 16:46:51,559 [INFO] ProjectBuilder:2996 - Time for Copy HAL[1] : 238mS.
2023-10-24 16:46:51,563 [INFO] ProjectBuilder:4304 - Project Generator version: 3.19.2
2023-10-24 16:46:51,989 [INFO] ConfigFileManager:1483 - The Die is : DIE466
2023-10-24 16:46:54,001 [INFO] ProjectBuilder:4505 - Time for Generating toolchain IDE Files: 2438mS.
2023-10-24 16:46:54,001 [INFO] ProjectBuilder:2867 - Time for Copy CMSIS : 0mS.
2023-10-24 16:46:54,003 [INFO] ProjectBuilder:2867 - Time for Copy CMSIS : 0mS.
2023-10-24 16:49:27,742 [INFO] NvicIntPanel:101 - NVIC parent = com.st.microxplorer.plugins.ip.nvic.MultiNvicIntPanel[,0,0,0x0,invalid,layout=javax.swing.BoxLayout,alignmentX=0.0,alignmentY=0.0,border=,flags=9,maximumSize=,minimumSize=,preferredSize=]
2023-10-24 16:49:34,539 [INFO] NvicIntPanel:101 - NVIC parent = com.st.microxplorer.plugins.ip.nvic.MultiNvicIntPanel[,0,0,0x0,invalid,layout=javax.swing.BoxLayout,alignmentX=0.0,alignmentY=0.0,border=,flags=9,maximumSize=,minimumSize=,preferredSize=]
2023-10-24 16:49:35,753 [INFO] UtilMem:75 - End SaveConfig() Used Memory: 732655736 Bytes (956301312)
2023-10-24 16:49:35,935 [INFO] UtilMem:75 - End SaveConfig() Used Memory: 742986008 Bytes (956301312)
2023-10-24 16:49:36,605 [INFO] UtilMem:75 - End SaveConfig() Used Memory: 771503488 Bytes (956301312)
2023-10-24 16:49:36,918 [INFO] BlockDiagram:2759 - set Specific Code input for plugin: NVIC
2023-10-24 16:49:36,918 [INFO] BlockDiagram:2759 - set Specific Code input for plugin: USART
2023-10-24 16:49:36,918 [INFO] BlockDiagram:2759 - set Specific Code input for plugin: DMA
2023-10-24 16:49:36,918 [INFO] BlockDiagram:2759 - set Specific Code input for plugin: TIM1_8G0
2023-10-24 16:49:36,918 [INFO] BlockDiagram:2759 - set Specific Code input for plugin: TIM1_8G0
2023-10-24 16:49:36,918 [INFO] BlockDiagram:2759 - set Specific Code input for plugin: TIM1_8G0
2023-10-24 16:49:36,918 [INFO] BlockDiagram:2759 - set Specific Code input for plugin: TIM1_8G0
2023-10-24 16:49:36,918 [INFO] BlockDiagram:2759 - set Specific Code input for plugin: SYS
2023-10-24 16:49:36,918 [INFO] BlockDiagram:2759 - set Specific Code input for plugin: GPIO
2023-10-24 16:49:36,918 [INFO] BlockDiagram:2759 - set Specific Code input for plugin: ADC
2023-10-24 16:49:36,918 [INFO] BlockDiagram:2759 - set Specific Code input for plugin: RCC
2023-10-24 16:49:36,921 [INFO] CodeGenerator:793 - code generatio: config db path: C:\ST\STM32CubeIDE_1.12.1\STM32CubeIDE\plugins\com.st.stm32cube.common.mx_6.8.1.202304191431\\db\
2023-10-24 16:49:36,928 [INFO] Argument:319 - Argument : hdmavalue: null
2023-10-24 16:49:36,928 [INFO] Argument:321 - 	 sub Args: 
2023-10-24 16:49:36,928 [INFO] Argument:319 - Argument : Instancevalue: DMA1_Channel1
2023-10-24 16:49:36,928 [INFO] Argument:329 - Argument : Instancevalue: DMA1_Channel1
2023-10-24 16:49:36,928 [INFO] Argument:319 - Argument : Initvalue: null
2023-10-24 16:49:36,928 [INFO] Argument:321 - 	 sub Args: 
2023-10-24 16:49:36,928 [INFO] Argument:319 - Argument : Requestvalue: DMA_REQUEST_ADC1
2023-10-24 16:49:36,928 [INFO] Argument:329 - Argument : Requestvalue: DMA_REQUEST_ADC1
2023-10-24 16:49:36,928 [INFO] Argument:319 - Argument : Directionvalue: DMA_PERIPH_TO_MEMORY
2023-10-24 16:49:36,928 [INFO] Argument:329 - Argument : Directionvalue: DMA_PERIPH_TO_MEMORY
2023-10-24 16:49:36,928 [INFO] Argument:319 - Argument : PeriphIncvalue: DMA_PINC_DISABLE
2023-10-24 16:49:36,928 [INFO] Argument:329 - Argument : PeriphIncvalue: DMA_PINC_DISABLE
2023-10-24 16:49:36,928 [INFO] Argument:319 - Argument : MemIncvalue: DMA_MINC_ENABLE
2023-10-24 16:49:36,928 [INFO] Argument:329 - Argument : MemIncvalue: DMA_MINC_ENABLE
2023-10-24 16:49:36,928 [INFO] Argument:319 - Argument : PeriphDataAlignmentvalue: DMA_PDATAALIGN_WORD
2023-10-24 16:49:36,928 [INFO] Argument:329 - Argument : PeriphDataAlignmentvalue: DMA_PDATAALIGN_WORD
2023-10-24 16:49:36,928 [INFO] Argument:319 - Argument : MemDataAlignmentvalue: DMA_MDATAALIGN_WORD
2023-10-24 16:49:36,928 [INFO] Argument:329 - Argument : MemDataAlignmentvalue: DMA_MDATAALIGN_WORD
2023-10-24 16:49:36,928 [INFO] Argument:319 - Argument : Modevalue: DMA_CIRCULAR
2023-10-24 16:49:36,928 [INFO] Argument:329 - Argument : Modevalue: DMA_CIRCULAR
2023-10-24 16:49:36,928 [INFO] Argument:319 - Argument : Priorityvalue: DMA_PRIORITY_LOW
2023-10-24 16:49:36,928 [INFO] Argument:329 - Argument : Priorityvalue: DMA_PRIORITY_LOW
2023-10-24 16:49:36,928 [INFO] Argument:319 - Argument : Lockvalue: null
2023-10-24 16:49:36,928 [INFO] Argument:329 - Argument : Lockvalue: null
2023-10-24 16:49:36,928 [INFO] Argument:319 - Argument : Statevalue: null
2023-10-24 16:49:36,928 [INFO] Argument:329 - Argument : Statevalue: null
2023-10-24 16:49:36,928 [INFO] Argument:319 - Argument : Parentvalue: null
2023-10-24 16:49:36,928 [INFO] Argument:329 - Argument : Parentvalue: null
2023-10-24 16:49:36,928 [INFO] Argument:319 - Argument : XferCpltCallbackvalue: null
2023-10-24 16:49:36,928 [INFO] Argument:329 - Argument : XferCpltCallbackvalue: null
2023-10-24 16:49:36,928 [INFO] Argument:319 - Argument : XferHalfCpltCallbackvalue: null
2023-10-24 16:49:36,928 [INFO] Argument:329 - Argument : XferHalfCpltCallbackvalue: null
2023-10-24 16:49:36,928 [INFO] Argument:319 - Argument : XferErrorCallbackvalue: null
2023-10-24 16:49:36,930 [INFO] Argument:329 - Argument : XferErrorCallbackvalue: null
2023-10-24 16:49:36,930 [INFO] Argument:319 - Argument : XferAbortCallbackvalue: null
2023-10-24 16:49:36,930 [INFO] Argument:329 - Argument : XferAbortCallbackvalue: null
2023-10-24 16:49:36,930 [INFO] Argument:319 - Argument : ErrorCodevalue: null
2023-10-24 16:49:36,930 [INFO] Argument:329 - Argument : ErrorCodevalue: null
2023-10-24 16:49:36,930 [INFO] Argument:319 - Argument : ChannelIndexvalue: null
2023-10-24 16:49:36,930 [INFO] Argument:329 - Argument : ChannelIndexvalue: null
2023-10-24 16:49:36,930 [INFO] Argument:319 - Argument : DMAmuxChannelvalue: null
2023-10-24 16:49:36,930 [INFO] Argument:329 - Argument : DMAmuxChannelvalue: null
2023-10-24 16:49:36,930 [INFO] Argument:319 - Argument : DMAmuxChannelStatusvalue: null
2023-10-24 16:49:36,931 [INFO] Argument:329 - Argument : DMAmuxChannelStatusvalue: null
2023-10-24 16:49:36,931 [INFO] Argument:319 - Argument : DMAmuxChannelStatusMaskvalue: null
2023-10-24 16:49:36,931 [INFO] Argument:329 - Argument : DMAmuxChannelStatusMaskvalue: null
2023-10-24 16:49:36,931 [INFO] Argument:319 - Argument : DMAmuxRequestGenvalue: null
2023-10-24 16:49:36,931 [INFO] Argument:329 - Argument : DMAmuxRequestGenvalue: null
2023-10-24 16:49:36,931 [INFO] Argument:319 - Argument : DMAmuxRequestGenStatusvalue: null
2023-10-24 16:49:36,931 [INFO] Argument:329 - Argument : DMAmuxRequestGenStatusvalue: null
2023-10-24 16:49:36,931 [INFO] Argument:319 - Argument : DMAmuxRequestGenStatusMaskvalue: null
2023-10-24 16:49:36,931 [INFO] Argument:329 - Argument : DMAmuxRequestGenStatusMaskvalue: null
2023-10-24 16:49:36,958 [WARN] IP:2113 - FIFOMode not found: check if there is a RefParameter without a condition.
2023-10-24 16:49:36,958 [WARN] IP:2113 - TXFIFOThreshold not found: check if there is a RefParameter without a condition.
2023-10-24 16:49:36,958 [WARN] IP:2113 - RXFIFOThreshold not found: check if there is a RefParameter without a condition.
2023-10-24 16:49:36,958 [WARN] IP:2113 - AutoBaudRateEnableParam not found: check if there is a RefParameter without a condition.
2023-10-24 16:49:37,138 [INFO] CodeEngine:255 - oldGeneratedFile, D:\Project\Rice Cooker\RiceCooker_v1\RiceCooker_v1_CubeIDE\MXTmpFiles\license.tmp_save
2023-10-24 16:49:37,334 [INFO] CodeEngine:279 - Generated code: D:\Project\Rice Cooker\RiceCooker_v1\RiceCooker_v1_CubeIDE\MXTmpFiles\license.tmp
2023-10-24 16:49:37,462 [INFO] CodeEngine:255 - oldGeneratedFile, D:\Project\Rice Cooker\RiceCooker_v1\RiceCooker_v1_CubeIDE\MXTmpFiles\gpio.tmp_save
2023-10-24 16:49:37,532 [INFO] CodeEngine:279 - Generated code: D:\Project\Rice Cooker\RiceCooker_v1\RiceCooker_v1_CubeIDE\MXTmpFiles\gpio.tmp
2023-10-24 16:49:38,628 [INFO] CodeEngine:255 - oldGeneratedFile, D:\Project\Rice Cooker\RiceCooker_v1\RiceCooker_v1_CubeIDE\MXTmpFiles\dma.tmp_save
2023-10-24 16:49:38,706 [INFO] CodeEngine:279 - Generated code: D:\Project\Rice Cooker\RiceCooker_v1\RiceCooker_v1_CubeIDE\MXTmpFiles\dma.tmp
2023-10-24 16:49:38,721 [INFO] CodeEngine:255 - oldGeneratedFile, D:\Project\Rice Cooker\RiceCooker_v1\RiceCooker_v1_CubeIDE\MXTmpFiles\dma_GV.tmp_save
2023-10-24 16:49:38,793 [INFO] CodeEngine:279 - Generated code: D:\Project\Rice Cooker\RiceCooker_v1\RiceCooker_v1_CubeIDE\MXTmpFiles\dma_GV.tmp
2023-10-24 16:49:38,852 [INFO] CodeEngine:255 - oldGeneratedFile, D:\Project\Rice Cooker\RiceCooker_v1\RiceCooker_v1_CubeIDE\Core\Src\stm32g0xx_it.c_save
2023-10-24 16:49:38,927 [INFO] CodeEngine:279 - Generated code: D:\Project\Rice Cooker\RiceCooker_v1\RiceCooker_v1_CubeIDE\Core\Src\stm32g0xx_it.c
2023-10-24 16:49:38,942 [INFO] CodeEngine:255 - oldGeneratedFile, D:\Project\Rice Cooker\RiceCooker_v1\RiceCooker_v1_CubeIDE\Core\Inc\stm32g0xx_it.h_save
2023-10-24 16:49:39,002 [INFO] CodeEngine:279 - Generated code: D:\Project\Rice Cooker\RiceCooker_v1\RiceCooker_v1_CubeIDE\Core\Inc\stm32g0xx_it.h
2023-10-24 16:49:39,018 [INFO] CodeEngine:255 - oldGeneratedFile, D:\Project\Rice Cooker\RiceCooker_v1\RiceCooker_v1_CubeIDE\Core\Src\stm32g0xx_hal_msp.c_save
2023-10-24 16:49:39,100 [INFO] CodeEngine:279 - Generated code: D:\Project\Rice Cooker\RiceCooker_v1\RiceCooker_v1_CubeIDE\Core\Src\stm32g0xx_hal_msp.c
2023-10-24 16:49:39,108 [INFO] CodeEngine:255 - oldGeneratedFile, D:\Project\Rice Cooker\RiceCooker_v1\RiceCooker_v1_CubeIDE\MXTmpFiles\system.tmp_save
2023-10-24 16:49:39,160 [INFO] CodeEngine:279 - Generated code: D:\Project\Rice Cooker\RiceCooker_v1\RiceCooker_v1_CubeIDE\MXTmpFiles\system.tmp
2023-10-24 16:49:39,176 [INFO] CodeEngine:311 - oldGeneratedFile, D:\Project\Rice Cooker\RiceCooker_v1\RiceCooker_v1_CubeIDE\Core\Inc\stm32g0xx_hal_conf.h_save
2023-10-24 16:49:39,244 [INFO] CodeEngine:335 - Generated code: D:\Project\Rice Cooker\RiceCooker_v1\RiceCooker_v1_CubeIDE\Core\Inc\stm32g0xx_hal_conf.h
2023-10-24 16:49:39,258 [WARN] IPConfigManager:3431 - IP not found : TIM
2023-10-24 16:49:39,258 [WARN] CodeGenerator:3754 - IP not found : null
2023-10-24 16:49:39,268 [INFO] CodeEngine:255 - oldGeneratedFile, D:\Project\Rice Cooker\RiceCooker_v1\RiceCooker_v1_CubeIDE\Core\Inc\main.h_save
2023-10-24 16:49:39,329 [INFO] CodeEngine:279 - Generated code: D:\Project\Rice Cooker\RiceCooker_v1\RiceCooker_v1_CubeIDE\Core\Inc\main.h
2023-10-24 16:49:39,338 [INFO] CodeEngine:255 - oldGeneratedFile, D:\Project\Rice Cooker\RiceCooker_v1\RiceCooker_v1_CubeIDE\Core\Src\main.c_save
2023-10-24 16:49:39,486 [INFO] CodeEngine:279 - Generated code: D:\Project\Rice Cooker\RiceCooker_v1\RiceCooker_v1_CubeIDE\Core\Src\main.c
2023-10-24 16:49:40,204 [INFO] ProjectBuilder:2996 - Time for Copy HAL[1] : 188mS.
2023-10-24 16:49:40,208 [INFO] ProjectBuilder:4304 - Project Generator version: 3.19.2
2023-10-24 16:49:40,564 [INFO] ConfigFileManager:1483 - The Die is : DIE466
2023-10-24 16:49:43,522 [INFO] ProjectBuilder:4505 - Time for Generating toolchain IDE Files: 3312mS.
2023-10-24 16:49:43,522 [INFO] ProjectBuilder:2867 - Time for Copy CMSIS : 0mS.
2023-10-24 16:49:43,524 [INFO] ProjectBuilder:2867 - Time for Copy CMSIS : 0mS.
