2023-09-05 08:59:19,036 [INFO] Activator:176 - 


2023-09-05 08:59:19,041 [INFO] Activator:177 - !SESSION log4j initialized
2023-09-05 08:59:26,398 [INFO] LogOutputStream:77 - [STDOUT_REDIRECT] 
2023-09-05 08:59:28,792 [ERROR] ConfigurationRetriever:142 - IOException on connection: connect timed out
2023-09-05 08:59:30,798 [ERROR] ConfigurationRetriever:142 - IOException on connection: connect timed out
2023-09-05 08:59:32,807 [ERROR] ConfigurationRetriever:142 - IOException on connection: connect timed out
2023-09-05 08:59:48,285 [ERROR] LogOutputStream:75 - [STDERR_REDIRECT] SLF4J: Failed to load class "org.slf4j.impl.StaticLoggerBinder".
2023-09-05 08:59:48,285 [ERROR] LogOutputStream:75 - [STDERR_REDIRECT] SLF4J: Defaulting to no-operation (NOP) logger implementation
2023-09-05 08:59:48,287 [ERROR] LogOutputStream:75 - [STDERR_REDIRECT] SLF4J: See http://www.slf4j.org/codes.html#StaticLoggerBinder for further details.
2023-09-05 09:35:47,829 [ERROR] ConfigurationRetriever:142 - IOException on connection: Read timed out
2023-09-05 09:45:19,409 [ERROR] ConfigurationRetriever:142 - IOException on connection: connect timed out
2023-09-05 09:45:21,413 [ERROR] ConfigurationRetriever:142 - IOException on connection: connect timed out
2023-09-05 09:45:23,426 [ERROR] ConfigurationRetriever:142 - IOException on connection: connect timed out
2023-09-05 09:45:43,518 [ERROR] ConfigurationRetriever:142 - IOException on connection: connect timed out
2023-09-05 09:45:45,530 [ERROR] ConfigurationRetriever:142 - IOException on connection: connect timed out
2023-09-05 09:45:47,538 [ERROR] ConfigurationRetriever:142 - IOException on connection: connect timed out
2023-09-05 09:48:07,259 [ERROR] ConfigurationRetriever:142 - IOException on connection: connect timed out
2023-09-05 09:48:09,269 [ERROR] ConfigurationRetriever:142 - IOException on connection: connect timed out
2023-09-05 09:48:11,280 [ERROR] ConfigurationRetriever:142 - IOException on connection: connect timed out
2023-09-05 09:48:13,311 [ERROR] ConfigurationRetriever:142 - IOException on connection: connect timed out
2023-09-05 09:48:15,312 [ERROR] ConfigurationRetriever:142 - IOException on connection: connect timed out
2023-09-05 09:48:17,326 [ERROR] ConfigurationRetriever:142 - IOException on connection: connect timed out
2023-09-05 09:56:28,224 [ERROR] ConfigurationRetriever:142 - IOException on connection: connect timed out
2023-09-05 09:56:30,238 [ERROR] ConfigurationRetriever:142 - IOException on connection: connect timed out
2023-09-05 09:56:32,251 [ERROR] ConfigurationRetriever:142 - IOException on connection: connect timed out
2023-09-05 10:00:04,952 [ERROR] ConfigurationRetriever:142 - IOException on connection: connect timed out
2023-09-05 10:00:06,964 [ERROR] ConfigurationRetriever:142 - IOException on connection: connect timed out
2023-09-05 10:00:08,972 [ERROR] ConfigurationRetriever:142 - IOException on connection: connect timed out
2023-09-05 10:01:44,154 [ERROR] ConfigurationRetriever:142 - IOException on connection: connect timed out
2023-09-05 10:01:46,162 [ERROR] ConfigurationRetriever:142 - IOException on connection: connect timed out
2023-09-05 10:01:48,176 [ERROR] ConfigurationRetriever:142 - IOException on connection: connect timed out
2023-09-05 10:09:59,571 [ERROR] ConfigurationRetriever:142 - IOException on connection: connect timed out
2023-09-05 10:10:01,583 [ERROR] ConfigurationRetriever:142 - IOException on connection: connect timed out
2023-09-05 10:10:03,588 [ERROR] ConfigurationRetriever:142 - IOException on connection: connect timed out
2023-09-05 10:10:05,610 [ERROR] ConfigurationRetriever:142 - IOException on connection: connect timed out
2023-09-05 10:10:07,613 [ERROR] ConfigurationRetriever:142 - IOException on connection: connect timed out
2023-09-05 10:10:09,619 [ERROR] ConfigurationRetriever:142 - IOException on connection: connect timed out
2023-09-05 10:11:02,206 [ERROR] ConfigurationRetriever:142 - IOException on connection: connect timed out
2023-09-05 10:11:04,214 [ERROR] ConfigurationRetriever:142 - IOException on connection: connect timed out
2023-09-05 10:11:06,229 [ERROR] ConfigurationRetriever:142 - IOException on connection: connect timed out
2023-09-05 10:11:08,271 [ERROR] ConfigurationRetriever:142 - IOException on connection: connect timed out
2023-09-05 10:11:10,276 [ERROR] ConfigurationRetriever:142 - IOException on connection: connect timed out
2023-09-05 10:11:12,286 [ERROR] ConfigurationRetriever:142 - IOException on connection: connect timed out
2023-09-05 10:14:47,825 [ERROR] ConfigurationRetriever:142 - IOException on connection: connect timed out
2023-09-05 10:14:49,838 [ERROR] ConfigurationRetriever:142 - IOException on connection: connect timed out
2023-09-05 10:14:51,853 [ERROR] ConfigurationRetriever:142 - IOException on connection: connect timed out
2023-09-05 10:18:50,932 [ERROR] ConfigurationRetriever:142 - IOException on connection: connect timed out
2023-09-05 10:18:52,939 [ERROR] ConfigurationRetriever:142 - IOException on connection: connect timed out
2023-09-05 10:18:54,951 [ERROR] ConfigurationRetriever:142 - IOException on connection: connect timed out
2023-09-05 10:18:56,967 [ERROR] ConfigurationRetriever:142 - IOException on connection: connect timed out
2023-09-05 10:18:58,968 [ERROR] ConfigurationRetriever:142 - IOException on connection: connect timed out
2023-09-05 10:19:00,969 [ERROR] ConfigurationRetriever:142 - IOException on connection: connect timed out
2023-09-05 10:19:09,778 [ERROR] ConfigurationRetriever:142 - IOException on connection: connect timed out
2023-09-05 10:19:11,789 [ERROR] ConfigurationRetriever:142 - IOException on connection: connect timed out
2023-09-05 10:19:13,795 [ERROR] ConfigurationRetriever:142 - IOException on connection: connect timed out
2023-09-05 10:19:15,830 [ERROR] ConfigurationRetriever:142 - IOException on connection: connect timed out
2023-09-05 10:19:17,842 [ERROR] ConfigurationRetriever:142 - IOException on connection: connect timed out
2023-09-05 10:19:19,855 [ERROR] ConfigurationRetriever:142 - IOException on connection: connect timed out
2023-09-05 10:20:51,369 [ERROR] ConfigurationRetriever:142 - IOException on connection: connect timed out
2023-09-05 10:20:53,378 [ERROR] ConfigurationRetriever:142 - IOException on connection: connect timed out
2023-09-05 10:20:55,387 [ERROR] ConfigurationRetriever:142 - IOException on connection: connect timed out
2023-09-05 10:21:12,972 [ERROR] ConfigurationRetriever:142 - IOException on connection: connect timed out
2023-09-05 10:21:14,985 [ERROR] ConfigurationRetriever:142 - IOException on connection: connect timed out
2023-09-05 10:21:16,988 [ERROR] ConfigurationRetriever:142 - IOException on connection: connect timed out
2023-09-05 10:28:36,755 [ERROR] ConfigurationRetriever:142 - IOException on connection: connect timed out
2023-09-05 10:28:38,771 [ERROR] ConfigurationRetriever:142 - IOException on connection: connect timed out
2023-09-05 10:28:40,781 [ERROR] ConfigurationRetriever:142 - IOException on connection: connect timed out
2023-09-05 10:28:45,871 [ERROR] ConfigurationRetriever:142 - IOException on connection: connect timed out
2023-09-05 10:28:47,881 [ERROR] ConfigurationRetriever:142 - IOException on connection: connect timed out
2023-09-05 10:28:49,890 [ERROR] ConfigurationRetriever:142 - IOException on connection: connect timed out
2023-09-05 10:38:52,187 [ERROR] ConfigurationRetriever:142 - IOException on connection: connect timed out
2023-09-05 10:38:54,196 [ERROR] ConfigurationRetriever:142 - IOException on connection: connect timed out
2023-09-05 10:38:56,201 [ERROR] ConfigurationRetriever:142 - IOException on connection: connect timed out
2023-09-05 10:39:00,175 [ERROR] ConfigurationRetriever:142 - IOException on connection: connect timed out
2023-09-05 10:39:02,186 [ERROR] ConfigurationRetriever:142 - IOException on connection: connect timed out
2023-09-05 10:39:04,199 [ERROR] ConfigurationRetriever:142 - IOException on connection: connect timed out
2023-09-05 10:39:06,235 [ERROR] ConfigurationRetriever:142 - IOException on connection: connect timed out
2023-09-05 10:39:08,245 [ERROR] ConfigurationRetriever:142 - IOException on connection: connect timed out
2023-09-05 10:39:10,251 [ERROR] ConfigurationRetriever:142 - IOException on connection: connect timed out
2023-09-05 10:46:12,377 [ERROR] ConfigurationRetriever:142 - IOException on connection: connect timed out
2023-09-05 10:46:14,391 [ERROR] ConfigurationRetriever:142 - IOException on connection: connect timed out
2023-09-05 10:46:16,397 [ERROR] ConfigurationRetriever:142 - IOException on connection: connect timed out
2023-09-05 10:46:24,023 [ERROR] ConfigurationRetriever:142 - IOException on connection: connect timed out
2023-09-05 10:46:26,028 [ERROR] ConfigurationRetriever:142 - IOException on connection: connect timed out
2023-09-05 10:46:28,036 [ERROR] ConfigurationRetriever:142 - IOException on connection: connect timed out
2023-09-05 10:55:56,925 [ERROR] ConfigurationRetriever:142 - IOException on connection: connect timed out
2023-09-05 10:55:58,936 [ERROR] ConfigurationRetriever:142 - IOException on connection: connect timed out
2023-09-05 10:56:00,943 [ERROR] ConfigurationRetriever:142 - IOException on connection: connect timed out
2023-09-05 10:56:13,328 [ERROR] ConfigurationRetriever:142 - IOException on connection: connect timed out
2023-09-05 10:56:15,332 [ERROR] ConfigurationRetriever:142 - IOException on connection: connect timed out
2023-09-05 10:56:17,336 [ERROR] ConfigurationRetriever:142 - IOException on connection: connect timed out
2023-09-05 11:07:17,987 [ERROR] ConfigurationRetriever:142 - IOException on connection: connect timed out
2023-09-05 11:07:20,005 [ERROR] ConfigurationRetriever:142 - IOException on connection: connect timed out
2023-09-05 11:07:22,011 [ERROR] ConfigurationRetriever:142 - IOException on connection: connect timed out
2023-09-05 11:07:24,038 [ERROR] ConfigurationRetriever:142 - IOException on connection: connect timed out
2023-09-05 11:07:26,038 [ERROR] ConfigurationRetriever:142 - IOException on connection: connect timed out
2023-09-05 11:07:28,049 [ERROR] ConfigurationRetriever:142 - IOException on connection: connect timed out
2023-09-05 11:09:48,350 [ERROR] AdobePublisher:162 - Exception while opening the connection: java.net.SocketTimeoutException: Read timed out
2023-09-05 11:16:04,275 [ERROR] ConfigurationRetriever:142 - IOException on connection: Read timed out
2023-09-05 11:19:37,076 [ERROR] ConfigurationRetriever:142 - IOException on connection: connect timed out
2023-09-05 11:19:39,078 [ERROR] ConfigurationRetriever:142 - IOException on connection: connect timed out
2023-09-05 11:19:41,090 [ERROR] ConfigurationRetriever:142 - IOException on connection: connect timed out
2023-09-05 11:19:43,117 [ERROR] ConfigurationRetriever:142 - IOException on connection: connect timed out
2023-09-05 11:19:45,127 [ERROR] ConfigurationRetriever:142 - IOException on connection: connect timed out
2023-09-05 11:19:47,134 [ERROR] ConfigurationRetriever:142 - IOException on connection: connect timed out
2023-09-05 11:23:50,088 [ERROR] ConfigurationRetriever:142 - IOException on connection: connect timed out
2023-09-05 11:23:52,103 [ERROR] ConfigurationRetriever:142 - IOException on connection: connect timed out
2023-09-05 11:23:54,120 [ERROR] ConfigurationRetriever:142 - IOException on connection: connect timed out
2023-09-05 11:23:56,156 [ERROR] ConfigurationRetriever:142 - IOException on connection: connect timed out
2023-09-05 11:23:58,163 [ERROR] ConfigurationRetriever:142 - IOException on connection: connect timed out
2023-09-05 11:24:00,169 [ERROR] ConfigurationRetriever:142 - IOException on connection: connect timed out
2023-09-05 11:33:42,992 [ERROR] ConfigurationRetriever:142 - IOException on connection: connect timed out
2023-09-05 11:33:44,993 [ERROR] ConfigurationRetriever:142 - IOException on connection: connect timed out
2023-09-05 11:33:47,000 [ERROR] ConfigurationRetriever:142 - IOException on connection: connect timed out
2023-09-05 11:33:49,027 [ERROR] ConfigurationRetriever:142 - IOException on connection: connect timed out
2023-09-05 11:33:51,030 [ERROR] ConfigurationRetriever:142 - IOException on connection: connect timed out
2023-09-05 11:33:53,032 [ERROR] ConfigurationRetriever:142 - IOException on connection: connect timed out
2023-09-05 11:37:05,540 [ERROR] ConfigurationRetriever:142 - IOException on connection: connect timed out
2023-09-05 11:37:07,545 [ERROR] ConfigurationRetriever:142 - IOException on connection: connect timed out
2023-09-05 11:37:09,555 [ERROR] ConfigurationRetriever:142 - IOException on connection: connect timed out
2023-09-05 11:37:11,577 [ERROR] ConfigurationRetriever:142 - IOException on connection: connect timed out
2023-09-05 11:37:13,591 [ERROR] ConfigurationRetriever:142 - IOException on connection: connect timed out
2023-09-05 11:37:15,594 [ERROR] ConfigurationRetriever:142 - IOException on connection: connect timed out
2023-09-05 11:38:11,096 [ERROR] ConfigurationRetriever:142 - IOException on connection: connect timed out
2023-09-05 11:38:13,102 [ERROR] ConfigurationRetriever:142 - IOException on connection: connect timed out
2023-09-05 11:38:15,116 [ERROR] ConfigurationRetriever:142 - IOException on connection: connect timed out
2023-09-05 11:38:17,140 [ERROR] ConfigurationRetriever:142 - IOException on connection: connect timed out
2023-09-05 11:38:19,150 [ERROR] ConfigurationRetriever:142 - IOException on connection: connect timed out
2023-09-05 11:38:21,153 [ERROR] ConfigurationRetriever:142 - IOException on connection: connect timed out
2023-09-05 11:39:58,719 [ERROR] ConfigurationRetriever:142 - IOException on connection: connect timed out
2023-09-05 11:40:00,731 [ERROR] ConfigurationRetriever:142 - IOException on connection: connect timed out
2023-09-05 11:40:02,733 [ERROR] ConfigurationRetriever:142 - IOException on connection: connect timed out
2023-09-05 11:40:04,761 [ERROR] ConfigurationRetriever:142 - IOException on connection: connect timed out
2023-09-05 11:40:06,770 [ERROR] ConfigurationRetriever:142 - IOException on connection: connect timed out
2023-09-05 11:40:08,780 [ERROR] ConfigurationRetriever:142 - IOException on connection: connect timed out
2023-09-05 11:45:05,403 [ERROR] ConfigurationRetriever:142 - IOException on connection: connect timed out
2023-09-05 11:45:07,414 [ERROR] ConfigurationRetriever:142 - IOException on connection: connect timed out
2023-09-05 11:45:09,422 [ERROR] ConfigurationRetriever:142 - IOException on connection: connect timed out
2023-09-05 11:45:11,452 [ERROR] ConfigurationRetriever:142 - IOException on connection: connect timed out
2023-09-05 11:45:13,457 [ERROR] ConfigurationRetriever:142 - IOException on connection: connect timed out
2023-09-05 11:45:15,460 [ERROR] ConfigurationRetriever:142 - IOException on connection: connect timed out
2023-09-05 11:51:05,518 [ERROR] ConfigurationRetriever:142 - IOException on connection: connect timed out
2023-09-05 11:51:07,525 [ERROR] ConfigurationRetriever:142 - IOException on connection: connect timed out
2023-09-05 11:51:09,536 [ERROR] ConfigurationRetriever:142 - IOException on connection: connect timed out
2023-09-05 11:51:11,559 [ERROR] ConfigurationRetriever:142 - IOException on connection: connect timed out
2023-09-05 11:51:13,562 [ERROR] ConfigurationRetriever:142 - IOException on connection: connect timed out
2023-09-05 11:51:15,567 [ERROR] ConfigurationRetriever:142 - IOException on connection: connect timed out
2023-09-05 16:42:43,213 [ERROR] ConfigurationRetriever:142 - IOException on connection: connect timed out
2023-09-05 16:42:45,228 [ERROR] ConfigurationRetriever:142 - IOException on connection: connect timed out
2023-09-05 16:42:47,243 [ERROR] ConfigurationRetriever:142 - IOException on connection: connect timed out
2023-09-05 16:53:32,039 [ERROR] ConfigurationRetriever:142 - IOException on connection: connect timed out
2023-09-05 16:53:34,044 [ERROR] ConfigurationRetriever:142 - IOException on connection: connect timed out
2023-09-05 16:53:36,058 [ERROR] ConfigurationRetriever:142 - IOException on connection: connect timed out
2023-09-05 17:01:45,224 [ERROR] ConfigurationRetriever:142 - IOException on connection: connect timed out
2023-09-05 17:01:47,237 [ERROR] ConfigurationRetriever:142 - IOException on connection: connect timed out
2023-09-05 17:01:49,242 [ERROR] ConfigurationRetriever:142 - IOException on connection: connect timed out
