2024-07-03 08:13:45,183 [INFO] Activator:176 - 


2024-07-03 08:13:45,187 [INFO] Activator:177 - !SESSION log4j initialized
2024-07-03 08:13:56,204 [INFO] LogOutputStream:77 - [STDOUT_REDIRECT] 
2024-07-03 08:13:58,424 [INFO] ApplicationProperties:184 - Using Application install path: C:\ST\STM32CubeIDE_1.15.1\STM32CubeIDE\plugins\com.st.stm32cube.common.mx_6.11.1.202404110753
2024-07-03 08:13:58,451 [INFO] DbMcusXml:78 - Set database path to: C:\ST\STM32CubeIDE_1.15.1\STM32CubeIDE\plugins\com.st.stm32cube.common.mx_6.11.1.202404110753\\db\/mcu/
2024-07-03 08:13:58,451 [INFO] ApiDb:274 - Set plugin database path to: C:\ST\STM32CubeIDE_1.15.1\STM32CubeIDE\plugins\com.st.stm32cube.common.mx_6.11.1.202404110753\\db\/plugins/boardmanager/
2024-07-03 08:13:58,452 [WARN] ApiDb:259 - Overriding images path with different value:  => C:\ST\STM32CubeIDE_1.15.1\STM32CubeIDE\plugins\com.st.stm32cube.common.mx_6.11.1.202404110753\\db\/plugins/mcufinder/images/
2024-07-03 08:13:58,471 [INFO] ApiDb:250 - Set database path to: C:\Users\KDS-LTP-0415\.stmcufinder\plugins\mcufinder//mcu/
2024-07-03 08:13:58,472 [INFO] DbMcusAds:125 - Set database path to: C:\Users\KDS-LTP-0415\.stmcufinder\plugins\mcufinder//mcu/
2024-07-03 08:13:58,475 [INFO] CrossReferenceDbSqlite:203 - Set database path to: C:\Users\KDS-LTP-0415\.stmcufinder\plugins\mcufinder//mcu/cs/
2024-07-03 08:13:58,609 [INFO] RulesReader:64 - Compatibility file has been processed (297 Rules)
2024-07-03 08:13:58,749 [INFO] DbMcusXml:78 - Set database path to: C:\ST\STM32CubeIDE_1.15.1\STM32CubeIDE\plugins\com.st.stm32cube.common.mx_6.11.1.202404110753\\db\/mcu/
2024-07-03 08:13:58,749 [INFO] ApiDb:274 - Set plugin database path to: C:\ST\STM32CubeIDE_1.15.1\STM32CubeIDE\plugins\com.st.stm32cube.common.mx_6.11.1.202404110753\\db\/plugins/boardmanager/
2024-07-03 08:13:58,749 [INFO] ApiDb:261 - Set plugin images path to: C:\ST\STM32CubeIDE_1.15.1\STM32CubeIDE\plugins\com.st.stm32cube.common.mx_6.11.1.202404110753\\db\/plugins/mcufinder/images/
2024-07-03 08:13:58,749 [WARN] DbFile:41 - Overriding database path with different value: C:\Users\KDS-LTP-0415\.stmcufinder\plugins\mcufinder/ => C:\Users\KDS-LTP-0415\.stmcufinder\plugins\mcufinder
2024-07-03 08:13:58,749 [INFO] ApiDb:250 - Set database path to: C:\Users\KDS-LTP-0415\.stmcufinder\plugins\mcufinder//mcu/
2024-07-03 08:13:58,749 [WARN] DbFile:41 - Overriding database path with different value: C:\Users\KDS-LTP-0415\.stmcufinder\plugins\mcufinder/ => C:\Users\KDS-LTP-0415\.stmcufinder\plugins\mcufinder
2024-07-03 08:13:58,749 [INFO] DbMcusAds:125 - Set database path to: C:\Users\KDS-LTP-0415\.stmcufinder\plugins\mcufinder//mcu/
2024-07-03 08:13:58,749 [WARN] DbFile:41 - Overriding database path with different value: C:\Users\KDS-LTP-0415\.stmcufinder\plugins\mcufinder/ => C:\Users\KDS-LTP-0415\.stmcufinder\plugins\mcufinder
2024-07-03 08:13:58,750 [WARN] DbFile:41 - Overriding database path with different value: C:\Users\KDS-LTP-0415\.stmcufinder\plugins\mcufinder/ => C:\Users\KDS-LTP-0415\.stmcufinder\plugins\mcufinder
2024-07-03 08:13:58,750 [INFO] CrossReferenceDbSqlite:203 - Set database path to: C:\Users\KDS-LTP-0415\.stmcufinder\plugins\mcufinder//mcu/cs/
2024-07-03 08:13:58,828 [INFO] MainPanel:264 - HeapMemory: 268435456
2024-07-03 08:13:58,930 [INFO] DbMcusXml:78 - Set database path to: C:\ST\STM32CubeIDE_1.15.1\STM32CubeIDE\plugins\com.st.stm32cube.common.mx_6.11.1.202404110753\\db\/mcu/
2024-07-03 08:13:58,930 [INFO] ApiDb:274 - Set plugin database path to: C:\ST\STM32CubeIDE_1.15.1\STM32CubeIDE\plugins\com.st.stm32cube.common.mx_6.11.1.202404110753\\db\/plugins/boardmanager/
2024-07-03 08:13:58,931 [INFO] ApiDb:261 - Set plugin images path to: C:\ST\STM32CubeIDE_1.15.1\STM32CubeIDE\plugins\com.st.stm32cube.common.mx_6.11.1.202404110753\\db\/plugins/mcufinder/images/
2024-07-03 08:13:58,931 [WARN] DbFile:41 - Overriding database path with different value: C:\Users\KDS-LTP-0415\.stmcufinder\plugins\mcufinder/ => C:\Users\KDS-LTP-0415\.stmcufinder\plugins\mcufinder
2024-07-03 08:13:58,931 [INFO] ApiDb:250 - Set database path to: C:\Users\KDS-LTP-0415\.stmcufinder\plugins\mcufinder//mcu/
2024-07-03 08:13:58,931 [WARN] DbFile:41 - Overriding database path with different value: C:\Users\KDS-LTP-0415\.stmcufinder\plugins\mcufinder/ => C:\Users\KDS-LTP-0415\.stmcufinder\plugins\mcufinder
2024-07-03 08:13:58,932 [INFO] DbMcusAds:125 - Set database path to: C:\Users\KDS-LTP-0415\.stmcufinder\plugins\mcufinder//mcu/
2024-07-03 08:13:58,932 [WARN] DbFile:41 - Overriding database path with different value: C:\Users\KDS-LTP-0415\.stmcufinder\plugins\mcufinder/ => C:\Users\KDS-LTP-0415\.stmcufinder\plugins\mcufinder
2024-07-03 08:13:58,932 [WARN] DbFile:41 - Overriding database path with different value: C:\Users\KDS-LTP-0415\.stmcufinder\plugins\mcufinder/ => C:\Users\KDS-LTP-0415\.stmcufinder\plugins\mcufinder
2024-07-03 08:13:58,932 [INFO] CrossReferenceDbSqlite:203 - Set database path to: C:\Users\KDS-LTP-0415\.stmcufinder\plugins\mcufinder//mcu/cs/
2024-07-03 08:13:58,949 [INFO] ApplicationProperties:184 - Using Application install path: C:\ST\STM32CubeIDE_1.15.1\STM32CubeIDE\plugins\com.st.stm32cube.common.mx_6.11.1.202404110753
2024-07-03 08:13:58,951 [INFO] PluginManage:196 - Search for loadable plugins [exclusion list=, ]
2024-07-03 08:13:58,953 [INFO] PluginManage:310 - Check plugin analytics
2024-07-03 08:13:59,126 [INFO] AnalyticsPlugin:253 - Accepted Software Licenses: 
2024-07-03 08:13:59,126 [INFO] AnalyticsPlugin:255 - Accepted CMSIS Pack Licenses: STMicroelectronics.X-CUBE-TOF1.3.4.1
2024-07-03 08:13:59,126 [INFO] AnalyticsPlugin:257 - Accepted Firmware Licenses: FW.F4.1.28.0
2024-07-03 08:13:59,129 [INFO] PluginManage:359 - Loaded plugin analytics (category:tool,tabindex:-1)
2024-07-03 08:13:59,129 [INFO] PluginManage:310 - Check plugin cadmodel
2024-07-03 08:13:59,137 [INFO] CADModel:105 - Init CAD model plugin
2024-07-03 08:13:59,138 [INFO] PluginManage:359 - Loaded plugin cadmodel (category:power,tabindex:5)
2024-07-03 08:13:59,138 [INFO] PluginManage:310 - Check plugin clock
2024-07-03 08:13:59,155 [INFO] PluginManage:359 - Loaded plugin clock (category:base,tabindex:2)
2024-07-03 08:13:59,155 [INFO] PluginManage:310 - Check plugin ddr
2024-07-03 08:13:59,158 [INFO] PluginManage:359 - Loaded plugin ddr (category:tool,tabindex:6)
2024-07-03 08:13:59,158 [INFO] PluginManage:310 - Check plugin filemanager
2024-07-03 08:13:59,321 [INFO] PluginManage:359 - Loaded plugin filemanager (category:base,tabindex:10)
2024-07-03 08:13:59,322 [INFO] PluginManage:310 - Check plugin ipmanager
2024-07-03 08:13:59,329 [INFO] PluginManage:359 - Loaded plugin ipmanager (category:base,tabindex:5)
2024-07-03 08:13:59,329 [INFO] PluginManage:310 - Check plugin lpbam
2024-07-03 08:13:59,341 [INFO] PluginManage:359 - Loaded plugin lpbam (category:base,tabindex:0)
2024-07-03 08:13:59,341 [INFO] PluginManage:310 - Check plugin memorymap
2024-07-03 08:13:59,359 [INFO] PluginManage:359 - Loaded plugin memorymap (category:base,tabindex:4)
2024-07-03 08:13:59,359 [INFO] PluginManage:310 - Check plugin pinoutandconfiguration
2024-07-03 08:13:59,369 [INFO] PluginManage:359 - Loaded plugin pinoutandconfiguration (category:base,tabindex:1)
2024-07-03 08:13:59,370 [INFO] PluginManage:310 - Check plugin pinoutconfig
2024-07-03 08:13:59,469 [WARN] SupportedApi:132 - Cannot load RTOS API schema: s4s-elt-must-match.1: The content of 'definitions' must match (annotation?, (simpleType | complexType)?, (unique | key | keyref)*)). A problem was found starting at: attribute.
2024-07-03 08:13:59,608 [INFO] PluginManage:359 - Loaded plugin pinoutconfig (category:base,tabindex:0)
2024-07-03 08:13:59,609 [INFO] PluginManage:310 - Check plugin power
2024-07-03 08:13:59,625 [INFO] PluginManage:359 - Loaded plugin power (category:power,tabindex:4)
2024-07-03 08:13:59,625 [INFO] PluginManage:310 - Check plugin projectmanager
2024-07-03 08:13:59,659 [INFO] PluginManage:359 - Loaded plugin projectmanager (category:projectmanager,tabindex:3)
2024-07-03 08:13:59,660 [INFO] PluginManage:310 - Check plugin thirdparty
2024-07-03 08:13:59,875 [INFO] PluginManage:359 - Loaded plugin thirdparty (category:base,tabindex:-1)
2024-07-03 08:13:59,875 [WARN] IntegrityCheckThread:84 - waiting for thirdparty lock release [integrity check]
2024-07-03 08:13:59,875 [INFO] PluginManage:310 - Check plugin tools
2024-07-03 08:13:59,875 [INFO] IntegrityCheckThread:86 - entering critical section [integrity check]
2024-07-03 08:13:59,876 [INFO] ThirdPartyUpdaterWithRetryManager:70 - Updater plugin not ready yet. [1/15]
2024-07-03 08:13:59,879 [INFO] PluginManage:359 - Loaded plugin tools (category:base,tabindex:7)
2024-07-03 08:13:59,879 [INFO] PluginManage:310 - Check plugin tutovideos
2024-07-03 08:14:00,089 [INFO] PluginManage:359 - Loaded plugin tutovideos (category:base,tabindex:-1)
2024-07-03 08:14:00,089 [INFO] PluginManage:310 - Check plugin updater
2024-07-03 08:14:00,102 [INFO] PluginManage:359 - Loaded plugin updater (category:base,tabindex:12)
2024-07-03 08:14:00,103 [INFO] PluginManage:310 - Check plugin userauth
2024-07-03 08:14:00,109 [INFO] UserAuth:114 - Init User Auth plugin
2024-07-03 08:14:00,109 [INFO] PluginManage:359 - Loaded plugin userauth (category:base,tabindex:14)
2024-07-03 08:14:00,110 [INFO] PluginManage:283 - PluginManage : Loaded plugins [17]
2024-07-03 08:14:00,341 [INFO] PinOutPanel:1561 - setPackage(No Configuration,No Configuration)
2024-07-03 08:14:00,415 [INFO] CADModel:165 - CPN selected for project level
2024-07-03 08:14:00,415 [INFO] CADModel:114 - Register for checkConnection events
2024-07-03 08:14:00,435 [INFO] IPUIPlugin:80 - create IPUIPlugin
2024-07-03 08:14:00,435 [INFO] PluginManager:220 - loadIPPluginJar : add adc
2024-07-03 08:14:00,440 [INFO] IPUIPlugin:80 - create IPUIPlugin
2024-07-03 08:14:00,440 [INFO] PluginManager:220 - loadIPPluginJar : add aes
2024-07-03 08:14:00,443 [INFO] IPUIPlugin:80 - create IPUIPlugin
2024-07-03 08:14:00,443 [INFO] PluginManager:220 - loadIPPluginJar : add can
2024-07-03 08:14:00,446 [INFO] IPUIPlugin:80 - create IPUIPlugin
2024-07-03 08:14:00,447 [INFO] PluginManager:220 - loadIPPluginJar : add comp
2024-07-03 08:14:00,451 [INFO] IPUIPlugin:80 - create IPUIPlugin
2024-07-03 08:14:00,451 [INFO] PluginManager:220 - loadIPPluginJar : add cryp
2024-07-03 08:14:00,454 [INFO] IPUIPlugin:80 - create IPUIPlugin
2024-07-03 08:14:00,455 [INFO] PluginManager:220 - loadIPPluginJar : add dfsdm
2024-07-03 08:14:00,462 [INFO] IPUIPlugin:80 - create IPUIPlugin
2024-07-03 08:14:00,463 [INFO] PluginManager:220 - loadIPPluginJar : add dma
2024-07-03 08:14:00,467 [INFO] IPUIPlugin:80 - create IPUIPlugin
2024-07-03 08:14:00,468 [INFO] PluginManager:220 - loadIPPluginJar : add dma3
2024-07-03 08:14:00,471 [INFO] IPUIPlugin:80 - create IPUIPlugin
2024-07-03 08:14:00,471 [INFO] PluginManager:220 - loadIPPluginJar : add extmemmanager
2024-07-03 08:14:00,474 [INFO] IPUIPlugin:80 - create IPUIPlugin
2024-07-03 08:14:00,474 [INFO] PluginManager:220 - loadIPPluginJar : add fatfs
2024-07-03 08:14:00,479 [INFO] IPUIPlugin:80 - create IPUIPlugin
2024-07-03 08:14:00,479 [INFO] PluginManager:220 - loadIPPluginJar : add fmc
2024-07-03 08:14:00,486 [INFO] IPUIPlugin:80 - create IPUIPlugin
2024-07-03 08:14:00,487 [INFO] PluginManager:220 - loadIPPluginJar : add freertos
2024-07-03 08:14:00,500 [INFO] IPUIPlugin:80 - create IPUIPlugin
2024-07-03 08:14:00,501 [INFO] PluginManager:220 - loadIPPluginJar : add genericplugin
2024-07-03 08:14:00,505 [INFO] IPUIPlugin:80 - create IPUIPlugin
2024-07-03 08:14:00,505 [INFO] PluginManager:220 - loadIPPluginJar : add gfxmmu
2024-07-03 08:14:00,511 [INFO] IPUIPlugin:80 - create IPUIPlugin
2024-07-03 08:14:00,511 [INFO] PluginManager:220 - loadIPPluginJar : add gic
2024-07-03 08:14:00,518 [INFO] IPUIPlugin:80 - create IPUIPlugin
2024-07-03 08:14:00,518 [INFO] PluginManager:220 - loadIPPluginJar : add gpio
2024-07-03 08:14:00,523 [INFO] IPUIPlugin:80 - create IPUIPlugin
2024-07-03 08:14:00,523 [INFO] PluginManager:220 - loadIPPluginJar : add gtzc
2024-07-03 08:14:00,527 [INFO] IPUIPlugin:80 - create IPUIPlugin
2024-07-03 08:14:00,527 [INFO] PluginManager:220 - loadIPPluginJar : add hash
2024-07-03 08:14:00,539 [INFO] IPUIPlugin:80 - create IPUIPlugin
2024-07-03 08:14:00,539 [INFO] PluginManager:220 - loadIPPluginJar : add i2c
2024-07-03 08:14:00,543 [INFO] IPUIPlugin:80 - create IPUIPlugin
2024-07-03 08:14:00,543 [INFO] PluginManager:220 - loadIPPluginJar : add i2s
2024-07-03 08:14:00,549 [INFO] IPUIPlugin:80 - create IPUIPlugin
2024-07-03 08:14:00,549 [INFO] PluginManager:220 - loadIPPluginJar : add i3c
2024-07-03 08:14:00,555 [INFO] IPUIPlugin:80 - create IPUIPlugin
2024-07-03 08:14:00,556 [INFO] PluginManager:220 - loadIPPluginJar : add ipddr
2024-07-03 08:14:00,565 [INFO] IPUIPlugin:80 - create IPUIPlugin
2024-07-03 08:14:00,565 [INFO] PluginManager:220 - loadIPPluginJar : add linkedlist
2024-07-03 08:14:00,571 [INFO] IPUIPlugin:80 - create IPUIPlugin
2024-07-03 08:14:00,571 [INFO] PluginManager:220 - loadIPPluginJar : add lorawan
2024-07-03 08:14:00,574 [INFO] IPUIPlugin:80 - create IPUIPlugin
2024-07-03 08:14:00,574 [INFO] PluginManager:220 - loadIPPluginJar : add ltdc
2024-07-03 08:14:00,582 [INFO] IPUIPlugin:80 - create IPUIPlugin
2024-07-03 08:14:00,582 [INFO] PluginManager:220 - loadIPPluginJar : add mdma
2024-07-03 08:14:00,587 [INFO] IPUIPlugin:80 - create IPUIPlugin
2024-07-03 08:14:00,588 [INFO] PluginManager:220 - loadIPPluginJar : add nvic
2024-07-03 08:14:00,592 [INFO] IPUIPlugin:80 - create IPUIPlugin
2024-07-03 08:14:00,592 [INFO] PluginManager:220 - loadIPPluginJar : add opamp
2024-07-03 08:14:00,596 [INFO] IPUIPlugin:80 - create IPUIPlugin
2024-07-03 08:14:00,596 [INFO] PluginManager:220 - loadIPPluginJar : add openamp
2024-07-03 08:14:00,600 [INFO] IPUIPlugin:80 - create IPUIPlugin
2024-07-03 08:14:00,601 [INFO] PluginManager:220 - loadIPPluginJar : add pdm2pcm
2024-07-03 08:14:00,609 [INFO] IPUIPlugin:80 - create IPUIPlugin
2024-07-03 08:14:00,612 [INFO] PluginManager:220 - loadIPPluginJar : add plateformsettings
2024-07-03 08:14:00,616 [INFO] IPUIPlugin:80 - create IPUIPlugin
2024-07-03 08:14:00,616 [INFO] PluginManager:220 - loadIPPluginJar : add quadspi
2024-07-03 08:14:00,623 [INFO] IPUIPlugin:80 - create IPUIPlugin
2024-07-03 08:14:00,623 [INFO] PluginManager:220 - loadIPPluginJar : add resmgrutility
2024-07-03 08:14:00,627 [INFO] IPUIPlugin:80 - create IPUIPlugin
2024-07-03 08:14:00,628 [INFO] PluginManager:220 - loadIPPluginJar : add sai
2024-07-03 08:14:00,633 [INFO] IPUIPlugin:80 - create IPUIPlugin
2024-07-03 08:14:00,633 [INFO] PluginManager:220 - loadIPPluginJar : add spi
2024-07-03 08:14:00,639 [INFO] IPUIPlugin:80 - create IPUIPlugin
2024-07-03 08:14:00,639 [INFO] PluginManager:220 - loadIPPluginJar : add stm32_wpan
2024-07-03 08:14:00,642 [INFO] IPUIPlugin:80 - create IPUIPlugin
2024-07-03 08:14:00,643 [INFO] PluginManager:220 - loadIPPluginJar : add tim
2024-07-03 08:14:00,648 [INFO] IPUIPlugin:80 - create IPUIPlugin
2024-07-03 08:14:00,648 [INFO] PluginManager:220 - loadIPPluginJar : add touchsensing
2024-07-03 08:14:00,651 [INFO] IPUIPlugin:80 - create IPUIPlugin
2024-07-03 08:14:00,652 [INFO] PluginManager:220 - loadIPPluginJar : add tracer_emb
2024-07-03 08:14:00,654 [INFO] IPUIPlugin:80 - create IPUIPlugin
2024-07-03 08:14:00,655 [INFO] PluginManager:220 - loadIPPluginJar : add ts
2024-07-03 08:14:00,658 [INFO] IPUIPlugin:80 - create IPUIPlugin
2024-07-03 08:14:00,658 [INFO] PluginManager:220 - loadIPPluginJar : add tsc
2024-07-03 08:14:00,661 [INFO] IPUIPlugin:80 - create IPUIPlugin
2024-07-03 08:14:00,661 [INFO] PluginManager:220 - loadIPPluginJar : add ucpd
2024-07-03 08:14:00,666 [INFO] IPUIPlugin:80 - create IPUIPlugin
2024-07-03 08:14:00,666 [INFO] PluginManager:220 - loadIPPluginJar : add usart
2024-07-03 08:14:00,671 [INFO] IPUIPlugin:80 - create IPUIPlugin
2024-07-03 08:14:00,671 [INFO] PluginManager:220 - loadIPPluginJar : add usbx
2024-07-03 08:14:00,800 [INFO] CADModel:165 - CPN selected for project level
2024-07-03 08:14:00,801 [INFO] CADModel:114 - Register for checkConnection events
2024-07-03 08:14:00,801 [FATAL] Updater:308 - Updater called before beeing initialized
2024-07-03 08:14:00,801 [ERROR] CADModel:125 - Updater not yet initialized, retry later 
2024-07-03 08:14:00,972 [INFO] CADModel:165 - CPN selected for project level
2024-07-03 08:14:00,972 [INFO] CADModel:114 - Register for checkConnection events
2024-07-03 08:14:00,972 [FATAL] Updater:308 - Updater called before beeing initialized
2024-07-03 08:14:00,972 [ERROR] CADModel:125 - Updater not yet initialized, retry later 
2024-07-03 08:14:00,976 [FATAL] Updater:308 - Updater called before beeing initialized
2024-07-03 08:14:01,093 [FATAL] Updater:308 - Updater called before beeing initialized
2024-07-03 08:14:01,101 [INFO] DbMcusAds:53 - JSON generation date=Thu May 16 16:22:00 WIB 2024 (1715851320852)
2024-07-03 08:14:01,101 [FATAL] Updater:308 - Updater called before beeing initialized
2024-07-03 08:14:01,152 [WARN] DetailPanel:346 - Failed to get advertising image, set to default
2024-07-03 08:14:01,249 [FATAL] Updater:308 - Updater called before beeing initialized
2024-07-03 08:14:01,252 [FATAL] Updater:308 - Updater called before beeing initialized
2024-07-03 08:14:01,252 [FATAL] Updater:308 - Updater called before beeing initialized
2024-07-03 08:14:01,252 [WARN] DetailPanel:346 - Failed to get advertising image, set to default
2024-07-03 08:14:01,253 [FATAL] Updater:308 - Updater called before beeing initialized
2024-07-03 08:14:01,313 [ERROR] Updater:1120 - MainUpdater not yet initialized. External WinMGr cannot be set.
2024-07-03 08:14:01,319 [INFO] Updater:1056 - Updater Version found : 6.11.1
2024-07-03 08:14:01,340 [INFO] ApplicationProperties:184 - Using Application install path: C:\ST\STM32CubeIDE_1.15.1\STM32CubeIDE\plugins\com.st.stm32cube.common.mx_6.11.1.202404110753
2024-07-03 08:14:02,492 [INFO] MainUpdater:2873 - connection check result : 10
2024-07-03 08:14:02,496 [INFO] MainUpdater:290 - Updater Check For Update Now.
2024-07-03 08:14:02,496 [INFO] MicroXplorer:498 - Change Database Version : DB.6.0.111
2024-07-03 08:14:02,513 [INFO] McuFinderGlobals:63 - Set McuFinder mode to 2 (CubeIDE integrated)
2024-07-03 08:14:02,523 [INFO] UserAuth:415 - Internet connection configuration mode: 1
2024-07-03 08:14:02,552 [INFO] JxBrowserEngine:152 - Initiate JxBrowser Engine with user profile folder
2024-07-03 08:14:02,713 [INFO] CheckServerUpdateThread:120 - End of CheckServer Thread
2024-07-03 08:14:03,185 [WARN] PackLoader:240 - Cannot read IP mode file for STMicroelectronics.FP-SNS-MOTENVWB1.1.4.0
2024-07-03 08:14:03,201 [WARN] PackLoader:240 - Cannot read IP mode file for STMicroelectronics.X-CUBE-SMBUS.2.1.0
2024-07-03 08:14:03,211 [WARN] PackLoader:240 - Cannot read IP mode file for STMicroelectronics.X-CUBE-TOUCHGFX.4.23.0
2024-07-03 08:14:03,221 [WARN] PackLoader:240 - Cannot read IP mode file for STMicroelectronics.X-CUBE-TOUCHGFX.4.23.2
2024-07-03 08:14:03,263 [WARN] PackLoader:240 - Cannot read IP mode file for STMicroelectronics.X-CUBE-AZRTOS-F7.1.1.0
2024-07-03 08:14:03,276 [ERROR] RealEvaluatedCondition:428 - Found unsupported composite condition: GROUP='STM32_MetaDataManager' CLASS='Data Exchange'
2024-07-03 08:14:03,276 [ERROR] RealEvaluatedCondition:428 - Found unsupported composite condition: GROUP='STM32_MetaDataManager' CLASS='Data Exchange'
2024-07-03 08:14:03,279 [WARN] PackLoader:240 - Cannot read IP mode file for STMicroelectronics.FP-SNS-MOTENV1.4.3.0
2024-07-03 08:14:03,292 [WARN] PackLoader:240 - Cannot read IP mode file for STMicroelectronics.FP-SNS-MOTENV1.4.3.2
2024-07-03 08:14:03,304 [WARN] PackLoader:240 - Cannot read IP mode file for STMicroelectronics.FP-SNS-FLIGHT1.5.0.0
2024-07-03 08:14:03,313 [ERROR] RealEvaluatedCondition:428 - Found unsupported composite condition: GROUP='STM32_MetaDataManager' CLASS='Data Exchange'
2024-07-03 08:14:03,315 [ERROR] RealEvaluatedCondition:428 - Found unsupported composite condition: CLASS='Data Exchange' GROUP='STM32_MetaDataManager'
2024-07-03 08:14:03,315 [WARN] PackLoader:240 - Cannot read IP mode file for STMicroelectronics.FP-SNS-MOTENV1.4.3.1
2024-07-03 08:14:03,326 [WARN] PackLoader:240 - Cannot read IP mode file for STMicroelectronics.FP-SNS-FLIGHT1.5.0.1
2024-07-03 08:14:03,340 [WARN] PackLoader:240 - Cannot read IP mode file for STMicroelectronics.X-CUBE-BLE1.6.2.3
2024-07-03 08:14:03,352 [WARN] PackLoader:240 - Cannot read IP mode file for STMicroelectronics.X-CUBE-BLE1.6.2.4
2024-07-03 08:14:03,364 [WARN] PackLoader:240 - Cannot read IP mode file for STMicroelectronics.FP-SNS-FLIGHT1.5.0.2
2024-07-03 08:14:03,386 [WARN] PackLoader:240 - Cannot read IP mode file for STMicroelectronics.X-CUBE-TOF1.3.1.0
2024-07-03 08:14:03,407 [WARN] PackLoader:240 - Cannot read IP mode file for STMicroelectronics.X-CUBE-DISPLAY.3.0.0
2024-07-03 08:14:03,696 [WARN] PackLoader:240 - Cannot read IP mode file for STMicroelectronics.X-CUBE-BLE1.7.0.0
2024-07-03 08:14:03,715 [WARN] PackLoader:240 - Cannot read IP mode file for emotas.I-CUBE-CANOPEN.1.3.0
2024-07-03 08:14:03,729 [WARN] PackLoader:240 - Cannot read IP mode file for STMicroelectronics.X-CUBE-TOUCHGFX.4.22.0
2024-07-03 08:14:03,740 [WARN] PackLoader:240 - Cannot read IP mode file for STMicroelectronics.X-CUBE-TOUCHGFX.4.22.1
2024-07-03 08:14:03,801 [WARN] PackLoader:240 - Cannot read IP mode file for STMicroelectronics.X-CUBE-MEMS1.9.3.0
2024-07-03 08:14:03,994 [WARN] PackLoader:240 - Cannot read IP mode file for STMicroelectronics.X-CUBE-AI.7.2.0
2024-07-03 08:14:04,010 [WARN] PackLoader:240 - Cannot read IP mode file for STMicroelectronics.X-CUBE-BLEMGR.3.1.0
2024-07-03 08:14:04,024 [WARN] PackLoader:240 - Cannot read IP mode file for STMicroelectronics.FP-SNS-SMARTAG2.1.2.0
2024-07-03 08:14:04,047 [INFO] LogOutputStream:77 - [STDOUT_REDIRECT] 1 : Invalid condition id : UX_CORESTACK_Condition cause : null
2024-07-03 08:14:04,048 [INFO] LogOutputStream:77 - [STDOUT_REDIRECT] 1 : Invalid condition id : UX_CORESTACK_Condition cause : null
2024-07-03 08:14:04,049 [INFO] LogOutputStream:77 - [STDOUT_REDIRECT] 1 : Invalid condition id : UX_CORESTACK_Condition cause : null
2024-07-03 08:14:04,051 [INFO] LogOutputStream:77 - [STDOUT_REDIRECT] 1 : Invalid condition id : UX_CORESTACK_Condition cause : null
2024-07-03 08:14:04,052 [INFO] LogOutputStream:77 - [STDOUT_REDIRECT] 1 : Invalid condition id : UX_CORESTACK_Condition cause : null
2024-07-03 08:14:04,055 [WARN] PackLoader:240 - Cannot read IP mode file for STMicroelectronics.X-CUBE-AZRTOS-WL.2.0.0
2024-07-03 08:14:04,070 [WARN] PackLoader:240 - Cannot read IP mode file for STMicroelectronics.FP-SNS-MOTENV1.5.0.0
2024-07-03 08:14:04,079 [WARN] PackLoader:240 - Cannot read IP mode file for wolfSSL.I-CUBE-wolfMQTT.1.19.0
2024-07-03 08:14:04,088 [WARN] PackLoader:240 - Cannot read IP mode file for WES.I-CUBE-Cesium.1.3.0
2024-07-03 08:14:04,095 [WARN] PackLoader:240 - Cannot read IP mode file for STMicroelectronics.X-CUBE-BLE2.3.3.0
2024-07-03 08:14:04,107 [WARN] PackLoader:240 - Cannot read IP mode file for STMicroelectronics.X-CUBE-DISPLAY.2.2.0
2024-07-03 08:14:04,113 [INFO] WebApp:161 - Instantiating new browser for Auth
2024-07-03 08:14:04,129 [WARN] PackLoader:240 - Cannot read IP mode file for STMicroelectronics.X-CUBE-TOF1.3.2.0
2024-07-03 08:14:04,152 [WARN] PackLoader:240 - Cannot read IP mode file for STMicroelectronics.X-CUBE-ISPU.1.0.0
2024-07-03 08:14:04,186 [WARN] PackLoader:240 - Cannot read IP mode file for STMicroelectronics.X-CUBE-AZRTOS-H7.2.1.0
2024-07-03 08:14:04,201 [WARN] PackLoader:240 - Cannot read IP mode file for STMicroelectronics.X-CUBE-TCPP.4.1.0
2024-07-03 08:14:04,216 [WARN] PackLoader:240 - Cannot read IP mode file for STMicroelectronics.X-CUBE-TOUCHGFX.4.21.1
2024-07-03 08:14:04,222 [WARN] PackLoader:240 - Cannot read IP mode file for STMicroelectronics.X-CUBE-TOUCHGFX.4.21.3
2024-07-03 08:14:04,231 [WARN] PackLoader:240 - Cannot read IP mode file for STMicroelectronics.X-CUBE-TOUCHGFX.4.21.4
2024-07-03 08:14:04,266 [WARN] PackLoader:240 - Cannot read IP mode file for STMicroelectronics.X-CUBE-MEMS1.9.4.0
2024-07-03 08:14:04,404 [WARN] PackLoader:240 - Cannot read IP mode file for STMicroelectronics.X-CUBE-AI.7.3.0
2024-07-03 08:14:04,419 [WARN] PackLoader:240 - Cannot read IP mode file for STMicroelectronics.X-CUBE-ALGOBUILD.1.3.0
2024-07-03 08:14:04,443 [WARN] PackLoader:240 - Cannot read IP mode file for STMicroelectronics.X-CUBE-AZRTOS-G0.1.1.0
2024-07-03 08:14:04,459 [WARN] PackLoader:240 - Cannot read IP mode file for STMicroelectronics.X-CUBE-SAFEA1.1.2.2
2024-07-03 08:14:04,471 [WARN] PackLoader:240 - Cannot read IP mode file for STMicroelectronics.X-CUBE-NFC4.3.0.0
2024-07-03 08:14:04,505 [WARN] PackLoader:240 - Cannot read IP mode file for SEGGER.I-CUBE-embOS.1.2.0
2024-07-03 08:14:04,551 [WARN] PackLoader:240 - Cannot read IP mode file for STMicroelectronics.X-CUBE-BLEMGR.3.0.0
2024-07-03 08:14:04,569 [WARN] PackLoader:240 - Cannot read IP mode file for STMicroelectronics.X-CUBE-BLEMGR.1.3.0
2024-07-03 08:14:04,578 [WARN] PackLoader:240 - Cannot read IP mode file for STMicroelectronics.FP-ATR-SIGFOX1.3.2.0
2024-07-03 08:14:04,593 [WARN] PackLoader:240 - Cannot read IP mode file for STMicroelectronics.X-CUBE-EEPRMA1.5.1.0
2024-07-03 08:14:04,609 [WARN] PackLoader:240 - Cannot read IP mode file for emotas.I-CUBE-CANOPEN.1.1.2
2024-07-03 08:14:04,628 [WARN] PackLoader:240 - Cannot read IP mode file for STMicroelectronics.X-CUBE-TOUCHGFX.4.20.0
2024-07-03 08:14:04,772 [WARN] PackLoader:240 - Cannot read IP mode file for STMicroelectronics.X-CUBE-MEMS1.9.5.0
2024-07-03 08:14:04,962 [WARN] PackLoader:240 - Cannot read IP mode file for SEGGER.I-CUBE-embOS.1.3.1
2024-07-03 08:14:05,059 [WARN] PackLoader:240 - Cannot read IP mode file for STMicroelectronics.X-CUBE-ALGOBUILD.1.4.0
2024-07-03 08:14:05,077 [WARN] PackLoader:240 - Cannot read IP mode file for STMicroelectronics.X-CUBE-GNSS1.6.0.0
2024-07-03 08:14:05,117 [WARN] PackLoader:240 - Cannot read IP mode file for STMicroelectronics.X-CUBE-AZRTOS-F4.1.1.0
2024-07-03 08:14:05,134 [WARN] PackLoader:240 - Cannot read IP mode file for wolfSSL.I-CUBE-wolfSSL.5.6.3
2024-07-03 08:14:05,143 [WARN] PackLoader:240 - Cannot read IP mode file for wolfSSL.I-CUBE-wolfSSL.5.6.0
2024-07-03 08:14:05,149 [WARN] PackLoader:240 - Cannot read IP mode file for STMicroelectronics.X-CUBE-FREERTOS.1.2.0
2024-07-03 08:14:05,157 [INFO] WebApp:779 - Register for checkConnection events
2024-07-03 08:14:05,157 [WARN] PackLoader:240 - Cannot read IP mode file for wolfSSL.I-CUBE-wolfSSL.5.6.6
2024-07-03 08:14:05,157 [INFO] WebApp:414 - Apply proxy settings
2024-07-03 08:14:05,158 [INFO] WebApp:499 - Chromium requires no authentication
2024-07-03 08:14:05,169 [WARN] PackLoader:240 - Cannot read IP mode file for STMicroelectronics.X-CUBE-BLEMGR.1.2.0
2024-07-03 08:14:05,169 [INFO] WebApp:442 - Direct internet connection detected
2024-07-03 08:14:05,199 [WARN] PackLoader:240 - Cannot read IP mode file for STMicroelectronics.X-CUBE-AZRTOS-L5.2.0.0
2024-07-03 08:14:05,245 [WARN] PackLoader:240 - Cannot read IP mode file for STMicroelectronics.X-CUBE-MEMS1.9.6.0
2024-07-03 08:14:05,404 [WARN] PackLoader:240 - Cannot read IP mode file for STMicroelectronics.X-CUBE-EEPRMA1.4.2.0
2024-07-03 08:14:05,513 [WARN] PackLoader:240 - Cannot read IP mode file for STMicroelectronics.X-CUBE-NFC6.3.1.0
2024-07-03 08:14:05,530 [WARN] PackLoader:240 - Cannot read IP mode file for ITTIA_DB.I-CUBE-ITTIADB.8.8.0
2024-07-03 08:14:05,543 [INFO] WebApp:192 - Starting web application
2024-07-03 08:14:05,543 [INFO] WebApp:544 - Web application path used C:\ST\STM32CubeIDE_1.15.1\STM32CubeIDE\plugins\com.st.stm32cube.common.mx_6.11.1.202404110753\db\plugins\mcufinder\reactClient1\index.html
2024-07-03 08:14:05,546 [WARN] PackLoader:240 - Cannot read IP mode file for emotas.I-CUBE-CANOPEN.1.1.3
2024-07-03 08:14:05,563 [WARN] PackLoader:240 - Cannot read IP mode file for STMicroelectronics.X-CUBE-BLEMGR.2.0.0
2024-07-03 08:14:05,585 [WARN] PackLoader:240 - Cannot read IP mode file for STMicroelectronics.X-CUBE-NFC4.2.0.5
2024-07-03 08:14:05,596 [WARN] PackLoader:240 - Cannot read IP mode file for STMicroelectronics.X-CUBE-NFC4.2.0.4
2024-07-03 08:14:05,606 [WARN] PackLoader:240 - Cannot read IP mode file for STMicroelectronics.X-CUBE-AI.9.0.0
2024-07-03 08:14:05,631 [WARN] ConditionMgr:438 - getConditionDescription Invalid condition id : UX DEVICE CLASS RTOS Condition cause : null
2024-07-03 08:14:05,632 [WARN] ConditionMgr:438 - getConditionDescription Invalid condition id : UX DEVICE CLASS RTOS Condition cause : null
2024-07-03 08:14:05,634 [WARN] PackLoader:240 - Cannot read IP mode file for STMicroelectronics.X-CUBE-AZRTOS-H7.3.1.0
2024-07-03 08:14:05,635 [WARN] ConditionMgr:1039 - genDependencies : Invalid condition id : UX DEVICE CLASS RTOS Condition cause : null
2024-07-03 08:14:05,635 [WARN] ConditionMgr:1039 - genDependencies : Invalid condition id : UX DEVICE CLASS RTOS Condition cause : null
2024-07-03 08:14:05,636 [WARN] ConditionMgr:1039 - genDependencies : Invalid condition id : UX DEVICE CLASS RTOS Condition cause : null
2024-07-03 08:14:05,636 [WARN] ConditionMgr:1039 - genDependencies : Invalid condition id : UX DEVICE CLASS RTOS Condition cause : null
2024-07-03 08:14:05,636 [WARN] ConditionMgr:1039 - genDependencies : Invalid condition id : UX DEVICE CLASS RTOS Condition cause : null
2024-07-03 08:14:05,653 [WARN] PackLoader:240 - Cannot read IP mode file for STMicroelectronics.X-CUBE-NFC7.1.0.1
2024-07-03 08:14:05,663 [WARN] PackLoader:240 - Cannot read IP mode file for STMicroelectronics.X-CUBE-NFC7.1.0.0
2024-07-03 08:14:05,676 [WARN] PackLoader:240 - Cannot read IP mode file for STMicroelectronics.X-CUBE-NFC6.3.0.0
2024-07-03 08:14:05,688 [WARN] PackLoader:240 - Cannot read IP mode file for STMicroelectronics.X-CUBE-EEPRMA1.4.1.0
2024-07-03 08:14:05,697 [WARN] PackLoader:240 - Cannot read IP mode file for STMicroelectronics.X-CUBE-AI.8.1.0
2024-07-03 08:14:05,734 [WARN] ConditionMgr:438 - getConditionDescription Invalid condition id : LAN8742 Phy interface Condition cause : null
2024-07-03 08:14:05,735 [WARN] PackLoader:240 - Cannot read IP mode file for STMicroelectronics.X-CUBE-AZRTOS-L4.2.0.0
2024-07-03 08:14:05,736 [WARN] ConditionMgr:1039 - genDependencies : Invalid condition id : LAN8742 Phy interface Condition cause : null
2024-07-03 08:14:05,736 [WARN] ConditionMgr:1039 - genDependencies : Invalid condition id : LAN8742 Phy interface Condition cause : null
2024-07-03 08:14:05,737 [WARN] ConditionMgr:1039 - genDependencies : Invalid condition id : LAN8742 Phy interface Condition cause : null
2024-07-03 08:14:05,751 [WARN] PackLoader:240 - Cannot read IP mode file for STMicroelectronics.X-CUBE-SFXS2LP1.4.0.0
2024-07-03 08:14:05,785 [WARN] PackLoader:240 - Cannot read IP mode file for STMicroelectronics.X-CUBE-AZRTOS-H7.3.0.0
2024-07-03 08:14:05,800 [WARN] PackLoader:240 - Cannot read IP mode file for STMicroelectronics.X-CUBE-ISPU.1.1.0
2024-07-03 08:14:05,812 [WARN] PackLoader:240 - Cannot read IP mode file for RoweBots.I-CUBE-UNISONRTOS.5.5.0-4
2024-07-03 08:14:05,821 [WARN] PackLoader:240 - Cannot read IP mode file for wolfSSL.I-CUBE-wolfSSL.5.4.0
2024-07-03 08:14:05,830 [WARN] PackLoader:240 - Cannot read IP mode file for STMicroelectronics.X-CUBE-AI.8.0.0
2024-07-03 08:14:05,857 [WARN] ConditionMgr:438 - getConditionDescription Invalid condition id : UX DEVICE CLASS RTOS Condition cause : null
2024-07-03 08:14:05,857 [WARN] ConditionMgr:438 - getConditionDescription Invalid condition id : UX DEVICE CLASS RTOS Condition cause : null
2024-07-03 08:14:05,860 [WARN] PackLoader:240 - Cannot read IP mode file for STMicroelectronics.X-CUBE-AZRTOS-WB.2.0.0
2024-07-03 08:14:05,861 [WARN] ConditionMgr:1039 - genDependencies : Invalid condition id : UX DEVICE CLASS RTOS Condition cause : null
2024-07-03 08:14:05,861 [WARN] ConditionMgr:1039 - genDependencies : Invalid condition id : UX DEVICE CLASS RTOS Condition cause : null
2024-07-03 08:14:05,863 [WARN] ConditionMgr:1039 - genDependencies : Invalid condition id : UX DEVICE CLASS RTOS Condition cause : null
2024-07-03 08:14:05,864 [WARN] ConditionMgr:1039 - genDependencies : Invalid condition id : UX DEVICE CLASS RTOS Condition cause : null
2024-07-03 08:14:05,865 [WARN] ConditionMgr:1039 - genDependencies : Invalid condition id : UX DEVICE CLASS RTOS Condition cause : null
2024-07-03 08:14:05,875 [WARN] PackLoader:240 - Cannot read IP mode file for STMicroelectronics.X-CUBE-FREERTOS.1.0.0
2024-07-03 08:14:05,889 [WARN] PackLoader:240 - Cannot read IP mode file for STMicroelectronics.X-CUBE-FREERTOS.1.0.1
2024-07-03 08:14:05,905 [WARN] PackLoader:240 - Cannot read IP mode file for STMicroelectronics.X-CUBE-BLEMGR.1.0.0
2024-07-03 08:14:05,950 [WARN] PackLoader:240 - Cannot read IP mode file for STMicroelectronics.X-CUBE-AZRTOS-L5.1.1.0
2024-07-03 08:14:05,961 [WARN] PackLoader:240 - Cannot read IP mode file for STMicroelectronics.X-CUBE-AI.8.0.1
2024-07-03 08:14:05,983 [WARN] PackLoader:240 - Cannot read IP mode file for STMicroelectronics.X-CUBE-SUBG2.5.0.0
2024-07-03 08:14:06,003 [WARN] PackLoader:240 - Cannot read IP mode file for Cesanta.I-CUBE-Mongoose.7.13.0
2024-07-03 08:14:06,034 [WARN] PackLoader:240 - Cannot read IP mode file for STMicroelectronics.X-CUBE-TOF1.3.3.1
2024-07-03 08:14:06,092 [WARN] PackLoader:240 - Cannot read IP mode file for STMicroelectronics.X-CUBE-AZRTOS-G4.2.0.0
2024-07-03 08:14:06,116 [WARN] PackLoader:240 - Cannot read IP mode file for STMicroelectronics.X-CUBE-TOF1.3.3.0
2024-07-03 08:14:06,144 [WARN] PackLoader:240 - Cannot read IP mode file for STMicroelectronics.FP-ATR-ASTRA1.1.1.1
2024-07-03 08:14:06,184 [WARN] PackLoader:240 - Cannot read IP mode file for Infineon.AIROC-Wi-Fi-Bluetooth-STM32.1.5.1
2024-07-03 08:14:06,206 [WARN] PackLoader:240 - Cannot read IP mode file for STMicroelectronics.FP-ATR-ASTRA1.1.1.0
2024-07-03 08:14:06,223 [WARN] PackLoader:240 - Cannot read IP mode file for STMicroelectronics.FP-SNS-MOTENVWB1.1.3.0
2024-07-03 08:14:06,238 [WARN] PackLoader:240 - Cannot read IP mode file for STMicroelectronics.FP-SNS-MOTENVWB1.1.3.1
2024-07-03 08:14:06,274 [WARN] PackLoader:240 - Cannot read IP mode file for STMicroelectronics.X-CUBE-AZRTOS-G4.1.0.0
2024-07-03 08:14:06,319 [WARN] PackLoader:240 - Cannot read IP mode file for STMicroelectronics.X-CUBE-AZRTOS-L4.1.0.0
2024-07-03 08:14:06,334 [WARN] PackLoader:240 - Cannot read IP mode file for STMicroelectronics.X-CUBE-ISPU.2.0.0
2024-07-03 08:14:06,348 [WARN] PackLoader:240 - Cannot read IP mode file for STMicroelectronics.X-CUBE-ALS.1.0.2
2024-07-03 08:14:06,417 [WARN] PackLoader:240 - Cannot read IP mode file for STMicroelectronics.X-CUBE-MEMS1.10.0.0
2024-07-03 08:14:06,526 [WARN] PackLoader:240 - Cannot read IP mode file for STMicroelectronics.X-CUBE-FREERTOS.1.1.0
2024-07-03 08:14:06,536 [WARN] PackLoader:240 - Cannot read IP mode file for STMicroelectronics.X-CUBE-TOUCHGFX.4.24.0
2024-07-03 08:14:06,552 [WARN] PackLoader:240 - Cannot read IP mode file for STMicroelectronics.X-CUBE-AZRTOS-WL.1.0.0
2024-07-03 08:14:06,565 [WARN] PackLoader:240 - Cannot read IP mode file for portGmbH.I-Cube-SoM-uGOAL.1.1.0
2024-07-03 08:14:06,572 [WARN] PackLoader:240 - Cannot read IP mode file for STMicroelectronics.X-CUBE-ALS.1.0.1
2024-07-03 08:14:06,613 [WARN] PackLoader:240 - Cannot read IP mode file for STMicroelectronics.X-CUBE-AZRTOS-WB.1.1.0
2024-07-03 08:14:06,647 [WARN] PackLoader:240 - Cannot read IP mode file for STMicroelectronics.X-CUBE-AZRTOS-L5.1.0.0
2024-07-03 08:14:06,660 [WARN] PackLoader:240 - Cannot read IP mode file for STMicroelectronics.X-CUBE-EEPRMA1.3.1.1
2024-07-03 08:14:06,709 [WARN] PackLoader:240 - Cannot read IP mode file for STMicroelectronics.X-CUBE-AZRTOS-H7RS.1.0.0
2024-07-03 08:14:06,720 [WARN] PackLoader:240 - Cannot read IP mode file for STMicroelectronics.FP-ATR-ASTRA1.2.0.0
2024-07-03 08:14:06,736 [WARN] PackLoader:240 - Cannot read IP mode file for STMicroelectronics.X-CUBE-TOF1.3.4.0
2024-07-03 08:14:06,767 [WARN] PackLoader:240 - Cannot read IP mode file for STMicroelectronics.X-CUBE-TOF1.3.4.1
2024-07-03 08:14:06,884 [WARN] PackLoader:240 - Cannot read IP mode file for STMicroelectronics.X-CUBE-AZRTOS-H7.3.2.0
2024-07-03 08:14:06,888 [INFO] ThirdParty:978 - Integrity check success = true
2024-07-03 08:14:06,888 [INFO] IntegrityCheckThread:100 - exiting critical section [integrity check]
2024-07-03 08:14:06,888 [INFO] IntegrityCheckThread:103 - End integrity checks thread
2024-07-03 09:48:28,280 [ERROR] AdobePublisher:162 - Exception while opening the connection: java.net.UnknownHostException: stmicroelectronics.d3.sc.omtrdc.net
2024-07-03 09:48:28,280 [ERROR] AdobePublisher:162 - Exception while opening the connection: java.net.UnknownHostException: stmicroelectronics.d3.sc.omtrdc.net
2024-07-03 09:48:28,295 [ERROR] AdobePublisher:162 - Exception while opening the connection: java.net.UnknownHostException: stmicroelectronics.d3.sc.omtrdc.net
2024-07-03 09:48:28,295 [ERROR] AdobePublisher:162 - Exception while opening the connection: java.net.UnknownHostException: stmicroelectronics.d3.sc.omtrdc.net
2024-07-03 09:48:28,296 [ERROR] AdobePublisher:162 - Exception while opening the connection: java.net.UnknownHostException: stmicroelectronics.d3.sc.omtrdc.net
2024-07-03 09:48:28,328 [ERROR] AdobePublisher:162 - Exception while opening the connection: java.net.UnknownHostException: stmicroelectronics.d3.sc.omtrdc.net
2024-07-03 09:48:28,328 [ERROR] AdobePublisher:162 - Exception while opening the connection: java.net.UnknownHostException: stmicroelectronics.d3.sc.omtrdc.net
2024-07-03 09:48:28,328 [ERROR] AdobePublisher:162 - Exception while opening the connection: java.net.UnknownHostException: stmicroelectronics.d3.sc.omtrdc.net
2024-07-03 09:48:28,328 [ERROR] AdobePublisher:162 - Exception while opening the connection: java.net.UnknownHostException: stmicroelectronics.d3.sc.omtrdc.net
2024-07-03 09:48:28,328 [ERROR] AdobePublisher:162 - Exception while opening the connection: java.net.UnknownHostException: stmicroelectronics.d3.sc.omtrdc.net
2024-07-03 09:48:32,133 [ERROR] LogOutputStream:75 - [STDERR_REDIRECT] 
2024-07-03 19:21:07,007 [INFO] Activator:176 - 


2024-07-03 19:21:07,010 [INFO] Activator:177 - !SESSION log4j initialized
2024-07-03 19:21:21,333 [INFO] LogOutputStream:77 - [STDOUT_REDIRECT] 
2024-07-03 19:21:24,682 [INFO] ApplicationProperties:184 - Using Application install path: C:\ST\STM32CubeIDE_1.15.1\STM32CubeIDE\plugins\com.st.stm32cube.common.mx_6.11.1.202404110753
2024-07-03 19:21:24,719 [INFO] DbMcusXml:78 - Set database path to: C:\ST\STM32CubeIDE_1.15.1\STM32CubeIDE\plugins\com.st.stm32cube.common.mx_6.11.1.202404110753\\db\/mcu/
2024-07-03 19:21:24,719 [INFO] ApiDb:274 - Set plugin database path to: C:\ST\STM32CubeIDE_1.15.1\STM32CubeIDE\plugins\com.st.stm32cube.common.mx_6.11.1.202404110753\\db\/plugins/boardmanager/
2024-07-03 19:21:24,720 [WARN] ApiDb:259 - Overriding images path with different value:  => C:\ST\STM32CubeIDE_1.15.1\STM32CubeIDE\plugins\com.st.stm32cube.common.mx_6.11.1.202404110753\\db\/plugins/mcufinder/images/
2024-07-03 19:21:24,747 [INFO] ApiDb:250 - Set database path to: C:\Users\KDS-LTP-0415\.stmcufinder\plugins\mcufinder//mcu/
2024-07-03 19:21:24,750 [INFO] DbMcusAds:125 - Set database path to: C:\Users\KDS-LTP-0415\.stmcufinder\plugins\mcufinder//mcu/
2024-07-03 19:21:24,756 [INFO] CrossReferenceDbSqlite:203 - Set database path to: C:\Users\KDS-LTP-0415\.stmcufinder\plugins\mcufinder//mcu/cs/
2024-07-03 19:21:25,057 [INFO] RulesReader:64 - Compatibility file has been processed (297 Rules)
2024-07-03 19:21:25,265 [INFO] DbMcusXml:78 - Set database path to: C:\ST\STM32CubeIDE_1.15.1\STM32CubeIDE\plugins\com.st.stm32cube.common.mx_6.11.1.202404110753\\db\/mcu/
2024-07-03 19:21:25,266 [INFO] ApiDb:274 - Set plugin database path to: C:\ST\STM32CubeIDE_1.15.1\STM32CubeIDE\plugins\com.st.stm32cube.common.mx_6.11.1.202404110753\\db\/plugins/boardmanager/
2024-07-03 19:21:25,266 [INFO] ApiDb:261 - Set plugin images path to: C:\ST\STM32CubeIDE_1.15.1\STM32CubeIDE\plugins\com.st.stm32cube.common.mx_6.11.1.202404110753\\db\/plugins/mcufinder/images/
2024-07-03 19:21:25,267 [WARN] DbFile:41 - Overriding database path with different value: C:\Users\KDS-LTP-0415\.stmcufinder\plugins\mcufinder/ => C:\Users\KDS-LTP-0415\.stmcufinder\plugins\mcufinder
2024-07-03 19:21:25,267 [INFO] ApiDb:250 - Set database path to: C:\Users\KDS-LTP-0415\.stmcufinder\plugins\mcufinder//mcu/
2024-07-03 19:21:25,268 [WARN] DbFile:41 - Overriding database path with different value: C:\Users\KDS-LTP-0415\.stmcufinder\plugins\mcufinder/ => C:\Users\KDS-LTP-0415\.stmcufinder\plugins\mcufinder
2024-07-03 19:21:25,268 [INFO] DbMcusAds:125 - Set database path to: C:\Users\KDS-LTP-0415\.stmcufinder\plugins\mcufinder//mcu/
2024-07-03 19:21:25,269 [WARN] DbFile:41 - Overriding database path with different value: C:\Users\KDS-LTP-0415\.stmcufinder\plugins\mcufinder/ => C:\Users\KDS-LTP-0415\.stmcufinder\plugins\mcufinder
2024-07-03 19:21:25,269 [WARN] DbFile:41 - Overriding database path with different value: C:\Users\KDS-LTP-0415\.stmcufinder\plugins\mcufinder/ => C:\Users\KDS-LTP-0415\.stmcufinder\plugins\mcufinder
2024-07-03 19:21:25,269 [INFO] CrossReferenceDbSqlite:203 - Set database path to: C:\Users\KDS-LTP-0415\.stmcufinder\plugins\mcufinder//mcu/cs/
2024-07-03 19:21:25,459 [INFO] MainPanel:264 - HeapMemory: 268435456
2024-07-03 19:21:25,676 [INFO] DbMcusXml:78 - Set database path to: C:\ST\STM32CubeIDE_1.15.1\STM32CubeIDE\plugins\com.st.stm32cube.common.mx_6.11.1.202404110753\\db\/mcu/
2024-07-03 19:21:25,676 [INFO] ApiDb:274 - Set plugin database path to: C:\ST\STM32CubeIDE_1.15.1\STM32CubeIDE\plugins\com.st.stm32cube.common.mx_6.11.1.202404110753\\db\/plugins/boardmanager/
2024-07-03 19:21:25,676 [INFO] ApiDb:261 - Set plugin images path to: C:\ST\STM32CubeIDE_1.15.1\STM32CubeIDE\plugins\com.st.stm32cube.common.mx_6.11.1.202404110753\\db\/plugins/mcufinder/images/
2024-07-03 19:21:25,677 [WARN] DbFile:41 - Overriding database path with different value: C:\Users\KDS-LTP-0415\.stmcufinder\plugins\mcufinder/ => C:\Users\KDS-LTP-0415\.stmcufinder\plugins\mcufinder
2024-07-03 19:21:25,677 [INFO] ApiDb:250 - Set database path to: C:\Users\KDS-LTP-0415\.stmcufinder\plugins\mcufinder//mcu/
2024-07-03 19:21:25,677 [WARN] DbFile:41 - Overriding database path with different value: C:\Users\KDS-LTP-0415\.stmcufinder\plugins\mcufinder/ => C:\Users\KDS-LTP-0415\.stmcufinder\plugins\mcufinder
2024-07-03 19:21:25,677 [INFO] DbMcusAds:125 - Set database path to: C:\Users\KDS-LTP-0415\.stmcufinder\plugins\mcufinder//mcu/
2024-07-03 19:21:25,678 [WARN] DbFile:41 - Overriding database path with different value: C:\Users\KDS-LTP-0415\.stmcufinder\plugins\mcufinder/ => C:\Users\KDS-LTP-0415\.stmcufinder\plugins\mcufinder
2024-07-03 19:21:25,678 [WARN] DbFile:41 - Overriding database path with different value: C:\Users\KDS-LTP-0415\.stmcufinder\plugins\mcufinder/ => C:\Users\KDS-LTP-0415\.stmcufinder\plugins\mcufinder
2024-07-03 19:21:25,678 [INFO] CrossReferenceDbSqlite:203 - Set database path to: C:\Users\KDS-LTP-0415\.stmcufinder\plugins\mcufinder//mcu/cs/
2024-07-03 19:21:25,708 [INFO] ApplicationProperties:184 - Using Application install path: C:\ST\STM32CubeIDE_1.15.1\STM32CubeIDE\plugins\com.st.stm32cube.common.mx_6.11.1.202404110753
2024-07-03 19:21:25,710 [INFO] PluginManage:196 - Search for loadable plugins [exclusion list=, ]
2024-07-03 19:21:25,713 [INFO] PluginManage:310 - Check plugin analytics
2024-07-03 19:21:25,980 [INFO] AnalyticsPlugin:253 - Accepted Software Licenses: 
2024-07-03 19:21:25,981 [INFO] AnalyticsPlugin:255 - Accepted CMSIS Pack Licenses: STMicroelectronics.X-CUBE-TOF1.3.4.1
2024-07-03 19:21:25,981 [INFO] AnalyticsPlugin:257 - Accepted Firmware Licenses: FW.F4.1.28.0
2024-07-03 19:21:25,985 [INFO] PluginManage:359 - Loaded plugin analytics (category:tool,tabindex:-1)
2024-07-03 19:21:25,986 [INFO] PluginManage:310 - Check plugin cadmodel
2024-07-03 19:21:26,031 [INFO] CADModel:105 - Init CAD model plugin
2024-07-03 19:21:26,031 [INFO] PluginManage:359 - Loaded plugin cadmodel (category:power,tabindex:5)
2024-07-03 19:21:26,031 [INFO] PluginManage:310 - Check plugin clock
2024-07-03 19:21:26,061 [INFO] PluginManage:359 - Loaded plugin clock (category:base,tabindex:2)
2024-07-03 19:21:26,062 [INFO] PluginManage:310 - Check plugin ddr
2024-07-03 19:21:26,064 [INFO] PluginManage:359 - Loaded plugin ddr (category:tool,tabindex:6)
2024-07-03 19:21:26,064 [INFO] PluginManage:310 - Check plugin filemanager
2024-07-03 19:21:26,287 [INFO] PluginManage:359 - Loaded plugin filemanager (category:base,tabindex:10)
2024-07-03 19:21:26,288 [INFO] PluginManage:310 - Check plugin ipmanager
2024-07-03 19:21:26,298 [INFO] PluginManage:359 - Loaded plugin ipmanager (category:base,tabindex:5)
2024-07-03 19:21:26,299 [INFO] PluginManage:310 - Check plugin lpbam
2024-07-03 19:21:26,705 [INFO] PluginManage:359 - Loaded plugin lpbam (category:base,tabindex:0)
2024-07-03 19:21:26,706 [INFO] PluginManage:310 - Check plugin memorymap
2024-07-03 19:21:27,093 [INFO] PluginManage:359 - Loaded plugin memorymap (category:base,tabindex:4)
2024-07-03 19:21:27,094 [INFO] PluginManage:310 - Check plugin pinoutandconfiguration
2024-07-03 19:21:27,115 [INFO] PluginManage:359 - Loaded plugin pinoutandconfiguration (category:base,tabindex:1)
2024-07-03 19:21:27,116 [INFO] PluginManage:310 - Check plugin pinoutconfig
2024-07-03 19:21:27,295 [WARN] SupportedApi:132 - Cannot load RTOS API schema: s4s-elt-must-match.1: The content of 'definitions' must match (annotation?, (simpleType | complexType)?, (unique | key | keyref)*)). A problem was found starting at: attribute.
2024-07-03 19:21:27,518 [INFO] PluginManage:359 - Loaded plugin pinoutconfig (category:base,tabindex:0)
2024-07-03 19:21:27,519 [INFO] PluginManage:310 - Check plugin power
2024-07-03 19:21:27,584 [INFO] PluginManage:359 - Loaded plugin power (category:power,tabindex:4)
2024-07-03 19:21:27,584 [INFO] PluginManage:310 - Check plugin projectmanager
2024-07-03 19:21:27,607 [INFO] PluginManage:359 - Loaded plugin projectmanager (category:projectmanager,tabindex:3)
2024-07-03 19:21:27,607 [INFO] PluginManage:310 - Check plugin thirdparty
2024-07-03 19:21:28,004 [INFO] PluginManage:359 - Loaded plugin thirdparty (category:base,tabindex:-1)
2024-07-03 19:21:28,004 [WARN] IntegrityCheckThread:84 - waiting for thirdparty lock release [integrity check]
2024-07-03 19:21:28,004 [INFO] PluginManage:310 - Check plugin tools
2024-07-03 19:21:28,004 [INFO] IntegrityCheckThread:86 - entering critical section [integrity check]
2024-07-03 19:21:28,006 [INFO] ThirdPartyUpdaterWithRetryManager:70 - Updater plugin not ready yet. [1/15]
2024-07-03 19:21:28,046 [INFO] PluginManage:359 - Loaded plugin tools (category:base,tabindex:7)
2024-07-03 19:21:28,046 [INFO] PluginManage:310 - Check plugin tutovideos
2024-07-03 19:21:28,620 [INFO] PluginManage:359 - Loaded plugin tutovideos (category:base,tabindex:-1)
2024-07-03 19:21:28,621 [INFO] PluginManage:310 - Check plugin updater
2024-07-03 19:21:28,640 [INFO] PluginManage:359 - Loaded plugin updater (category:base,tabindex:12)
2024-07-03 19:21:28,641 [INFO] PluginManage:310 - Check plugin userauth
2024-07-03 19:21:28,650 [INFO] UserAuth:114 - Init User Auth plugin
2024-07-03 19:21:28,651 [INFO] PluginManage:359 - Loaded plugin userauth (category:base,tabindex:14)
2024-07-03 19:21:28,652 [INFO] PluginManage:283 - PluginManage : Loaded plugins [17]
2024-07-03 19:21:29,045 [INFO] PinOutPanel:1561 - setPackage(No Configuration,No Configuration)
2024-07-03 19:21:29,157 [INFO] CADModel:165 - CPN selected for project level
2024-07-03 19:21:29,157 [INFO] CADModel:114 - Register for checkConnection events
2024-07-03 19:21:29,307 [INFO] IPUIPlugin:80 - create IPUIPlugin
2024-07-03 19:21:29,307 [INFO] PluginManager:220 - loadIPPluginJar : add adc
2024-07-03 19:21:29,358 [INFO] IPUIPlugin:80 - create IPUIPlugin
2024-07-03 19:21:29,358 [INFO] PluginManager:220 - loadIPPluginJar : add aes
2024-07-03 19:21:29,419 [INFO] IPUIPlugin:80 - create IPUIPlugin
2024-07-03 19:21:29,419 [INFO] PluginManager:220 - loadIPPluginJar : add can
2024-07-03 19:21:29,450 [INFO] IPUIPlugin:80 - create IPUIPlugin
2024-07-03 19:21:29,450 [INFO] PluginManager:220 - loadIPPluginJar : add comp
2024-07-03 19:21:29,501 [INFO] IPUIPlugin:80 - create IPUIPlugin
2024-07-03 19:21:29,501 [INFO] PluginManager:220 - loadIPPluginJar : add cryp
2024-07-03 19:21:29,550 [INFO] IPUIPlugin:80 - create IPUIPlugin
2024-07-03 19:21:29,550 [INFO] PluginManager:220 - loadIPPluginJar : add dfsdm
2024-07-03 19:21:29,664 [INFO] IPUIPlugin:80 - create IPUIPlugin
2024-07-03 19:21:29,666 [INFO] PluginManager:220 - loadIPPluginJar : add dma
2024-07-03 19:21:29,732 [INFO] IPUIPlugin:80 - create IPUIPlugin
2024-07-03 19:21:29,732 [INFO] PluginManager:220 - loadIPPluginJar : add dma3
2024-07-03 19:21:29,785 [INFO] IPUIPlugin:80 - create IPUIPlugin
2024-07-03 19:21:29,785 [INFO] PluginManager:220 - loadIPPluginJar : add extmemmanager
2024-07-03 19:21:29,817 [INFO] IPUIPlugin:80 - create IPUIPlugin
2024-07-03 19:21:29,818 [INFO] PluginManager:220 - loadIPPluginJar : add fatfs
2024-07-03 19:21:29,874 [INFO] IPUIPlugin:80 - create IPUIPlugin
2024-07-03 19:21:29,875 [INFO] PluginManager:220 - loadIPPluginJar : add fmc
2024-07-03 19:21:29,900 [INFO] IPUIPlugin:80 - create IPUIPlugin
2024-07-03 19:21:29,900 [INFO] PluginManager:220 - loadIPPluginJar : add freertos
2024-07-03 19:21:29,933 [INFO] IPUIPlugin:80 - create IPUIPlugin
2024-07-03 19:21:29,933 [INFO] PluginManager:220 - loadIPPluginJar : add genericplugin
2024-07-03 19:21:30,054 [INFO] IPUIPlugin:80 - create IPUIPlugin
2024-07-03 19:21:30,054 [INFO] PluginManager:220 - loadIPPluginJar : add gfxmmu
2024-07-03 19:21:30,227 [INFO] IPUIPlugin:80 - create IPUIPlugin
2024-07-03 19:21:30,227 [INFO] PluginManager:220 - loadIPPluginJar : add gic
2024-07-03 19:21:30,544 [INFO] IPUIPlugin:80 - create IPUIPlugin
2024-07-03 19:21:30,544 [INFO] PluginManager:220 - loadIPPluginJar : add gpio
2024-07-03 19:21:30,641 [INFO] IPUIPlugin:80 - create IPUIPlugin
2024-07-03 19:21:30,641 [INFO] PluginManager:220 - loadIPPluginJar : add gtzc
2024-07-03 19:21:30,683 [INFO] IPUIPlugin:80 - create IPUIPlugin
2024-07-03 19:21:30,683 [INFO] PluginManager:220 - loadIPPluginJar : add hash
2024-07-03 19:21:30,748 [INFO] IPUIPlugin:80 - create IPUIPlugin
2024-07-03 19:21:30,748 [INFO] PluginManager:220 - loadIPPluginJar : add i2c
2024-07-03 19:21:30,797 [INFO] IPUIPlugin:80 - create IPUIPlugin
2024-07-03 19:21:30,797 [INFO] PluginManager:220 - loadIPPluginJar : add i2s
2024-07-03 19:21:30,848 [INFO] IPUIPlugin:80 - create IPUIPlugin
2024-07-03 19:21:30,849 [INFO] PluginManager:220 - loadIPPluginJar : add i3c
2024-07-03 19:21:30,941 [INFO] IPUIPlugin:80 - create IPUIPlugin
2024-07-03 19:21:30,941 [INFO] PluginManager:220 - loadIPPluginJar : add ipddr
2024-07-03 19:21:31,008 [INFO] ThirdPartyUpdaterWithRetryManager:70 - Updater plugin not ready yet. [2/15]
2024-07-03 19:21:31,075 [INFO] IPUIPlugin:80 - create IPUIPlugin
2024-07-03 19:21:31,076 [INFO] PluginManager:220 - loadIPPluginJar : add linkedlist
2024-07-03 19:21:31,135 [INFO] IPUIPlugin:80 - create IPUIPlugin
2024-07-03 19:21:31,135 [INFO] PluginManager:220 - loadIPPluginJar : add lorawan
2024-07-03 19:21:31,186 [INFO] IPUIPlugin:80 - create IPUIPlugin
2024-07-03 19:21:31,187 [INFO] PluginManager:220 - loadIPPluginJar : add ltdc
2024-07-03 19:21:31,456 [INFO] IPUIPlugin:80 - create IPUIPlugin
2024-07-03 19:21:31,456 [INFO] PluginManager:220 - loadIPPluginJar : add mdma
2024-07-03 19:21:31,811 [INFO] IPUIPlugin:80 - create IPUIPlugin
2024-07-03 19:21:31,811 [INFO] PluginManager:220 - loadIPPluginJar : add nvic
2024-07-03 19:21:31,859 [INFO] IPUIPlugin:80 - create IPUIPlugin
2024-07-03 19:21:31,859 [INFO] PluginManager:220 - loadIPPluginJar : add opamp
2024-07-03 19:21:31,937 [INFO] IPUIPlugin:80 - create IPUIPlugin
2024-07-03 19:21:31,937 [INFO] PluginManager:220 - loadIPPluginJar : add openamp
2024-07-03 19:21:31,995 [INFO] IPUIPlugin:80 - create IPUIPlugin
2024-07-03 19:21:31,995 [INFO] PluginManager:220 - loadIPPluginJar : add pdm2pcm
2024-07-03 19:21:32,295 [INFO] IPUIPlugin:80 - create IPUIPlugin
2024-07-03 19:21:32,298 [INFO] PluginManager:220 - loadIPPluginJar : add plateformsettings
2024-07-03 19:21:32,333 [INFO] IPUIPlugin:80 - create IPUIPlugin
2024-07-03 19:21:32,333 [INFO] PluginManager:220 - loadIPPluginJar : add quadspi
2024-07-03 19:21:32,357 [INFO] IPUIPlugin:80 - create IPUIPlugin
2024-07-03 19:21:32,357 [INFO] PluginManager:220 - loadIPPluginJar : add resmgrutility
2024-07-03 19:21:32,415 [INFO] IPUIPlugin:80 - create IPUIPlugin
2024-07-03 19:21:32,415 [INFO] PluginManager:220 - loadIPPluginJar : add sai
2024-07-03 19:21:32,466 [INFO] IPUIPlugin:80 - create IPUIPlugin
2024-07-03 19:21:32,466 [INFO] PluginManager:220 - loadIPPluginJar : add spi
2024-07-03 19:21:32,549 [INFO] IPUIPlugin:80 - create IPUIPlugin
2024-07-03 19:21:32,549 [INFO] PluginManager:220 - loadIPPluginJar : add stm32_wpan
2024-07-03 19:21:32,584 [INFO] IPUIPlugin:80 - create IPUIPlugin
2024-07-03 19:21:32,584 [INFO] PluginManager:220 - loadIPPluginJar : add tim
2024-07-03 19:21:32,657 [INFO] IPUIPlugin:80 - create IPUIPlugin
2024-07-03 19:21:32,658 [INFO] PluginManager:220 - loadIPPluginJar : add touchsensing
2024-07-03 19:21:32,689 [INFO] IPUIPlugin:80 - create IPUIPlugin
2024-07-03 19:21:32,690 [INFO] PluginManager:220 - loadIPPluginJar : add tracer_emb
2024-07-03 19:21:32,723 [INFO] IPUIPlugin:80 - create IPUIPlugin
2024-07-03 19:21:32,724 [INFO] PluginManager:220 - loadIPPluginJar : add ts
2024-07-03 19:21:32,753 [INFO] IPUIPlugin:80 - create IPUIPlugin
2024-07-03 19:21:32,754 [INFO] PluginManager:220 - loadIPPluginJar : add tsc
2024-07-03 19:21:32,786 [INFO] IPUIPlugin:80 - create IPUIPlugin
2024-07-03 19:21:32,786 [INFO] PluginManager:220 - loadIPPluginJar : add ucpd
2024-07-03 19:21:32,851 [INFO] IPUIPlugin:80 - create IPUIPlugin
2024-07-03 19:21:32,852 [INFO] PluginManager:220 - loadIPPluginJar : add usart
2024-07-03 19:21:32,908 [INFO] IPUIPlugin:80 - create IPUIPlugin
2024-07-03 19:21:32,908 [INFO] PluginManager:220 - loadIPPluginJar : add usbx
2024-07-03 19:21:33,075 [INFO] CADModel:165 - CPN selected for project level
2024-07-03 19:21:33,075 [INFO] CADModel:114 - Register for checkConnection events
2024-07-03 19:21:33,075 [FATAL] Updater:308 - Updater called before beeing initialized
2024-07-03 19:21:33,077 [ERROR] CADModel:125 - Updater not yet initialized, retry later 
2024-07-03 19:21:33,299 [INFO] CADModel:165 - CPN selected for project level
2024-07-03 19:21:33,300 [INFO] CADModel:114 - Register for checkConnection events
2024-07-03 19:21:33,300 [FATAL] Updater:308 - Updater called before beeing initialized
2024-07-03 19:21:33,300 [ERROR] CADModel:125 - Updater not yet initialized, retry later 
2024-07-03 19:21:33,304 [FATAL] Updater:308 - Updater called before beeing initialized
2024-07-03 19:21:33,469 [FATAL] Updater:308 - Updater called before beeing initialized
2024-07-03 19:21:33,486 [INFO] DbMcusAds:53 - JSON generation date=Thu May 16 16:22:00 WIB 2024 (1715851320852)
2024-07-03 19:21:33,486 [FATAL] Updater:308 - Updater called before beeing initialized
2024-07-03 19:21:33,748 [WARN] DetailPanel:346 - Failed to get advertising image, set to default
2024-07-03 19:21:33,894 [FATAL] Updater:308 - Updater called before beeing initialized
2024-07-03 19:21:33,897 [FATAL] Updater:308 - Updater called before beeing initialized
2024-07-03 19:21:33,898 [FATAL] Updater:308 - Updater called before beeing initialized
2024-07-03 19:21:33,898 [WARN] DetailPanel:346 - Failed to get advertising image, set to default
2024-07-03 19:21:33,899 [FATAL] Updater:308 - Updater called before beeing initialized
2024-07-03 19:21:33,982 [ERROR] Updater:1120 - MainUpdater not yet initialized. External WinMGr cannot be set.
2024-07-03 19:21:33,995 [INFO] Updater:1056 - Updater Version found : 6.11.1
2024-07-03 19:21:34,010 [INFO] ThirdPartyUpdaterWithRetryManager:70 - Updater plugin not ready yet. [3/15]
2024-07-03 19:21:34,025 [INFO] ApplicationProperties:184 - Using Application install path: C:\ST\STM32CubeIDE_1.15.1\STM32CubeIDE\plugins\com.st.stm32cube.common.mx_6.11.1.202404110753
2024-07-03 19:21:34,855 [INFO] MainUpdater:2873 - connection check result : 10
2024-07-03 19:21:34,861 [INFO] MainUpdater:290 - Updater Check For Update Now.
2024-07-03 19:21:34,862 [INFO] MicroXplorer:498 - Change Database Version : DB.6.0.111
2024-07-03 19:21:34,880 [INFO] McuFinderGlobals:63 - Set McuFinder mode to 2 (CubeIDE integrated)
2024-07-03 19:21:34,896 [INFO] UserAuth:415 - Internet connection configuration mode: 1
2024-07-03 19:21:34,938 [INFO] JxBrowserEngine:152 - Initiate JxBrowser Engine with user profile folder
2024-07-03 19:21:35,130 [INFO] CheckServerUpdateThread:120 - End of CheckServer Thread
2024-07-03 19:21:37,434 [WARN] PackLoader:240 - Cannot read IP mode file for STMicroelectronics.FP-SNS-MOTENVWB1.1.4.0
2024-07-03 19:21:37,461 [WARN] PackLoader:240 - Cannot read IP mode file for STMicroelectronics.X-CUBE-SMBUS.2.1.0
2024-07-03 19:21:37,481 [WARN] PackLoader:240 - Cannot read IP mode file for STMicroelectronics.X-CUBE-TOUCHGFX.4.23.0
2024-07-03 19:21:37,496 [WARN] PackLoader:240 - Cannot read IP mode file for STMicroelectronics.X-CUBE-TOUCHGFX.4.23.2
2024-07-03 19:21:37,564 [WARN] PackLoader:240 - Cannot read IP mode file for STMicroelectronics.X-CUBE-AZRTOS-F7.1.1.0
2024-07-03 19:21:37,587 [ERROR] RealEvaluatedCondition:428 - Found unsupported composite condition: CLASS='Data Exchange' GROUP='STM32_MetaDataManager'
2024-07-03 19:21:37,588 [ERROR] RealEvaluatedCondition:428 - Found unsupported composite condition: CLASS='Data Exchange' GROUP='STM32_MetaDataManager'
2024-07-03 19:21:37,590 [WARN] PackLoader:240 - Cannot read IP mode file for STMicroelectronics.FP-SNS-MOTENV1.4.3.0
2024-07-03 19:21:37,638 [WARN] PackLoader:240 - Cannot read IP mode file for STMicroelectronics.FP-SNS-MOTENV1.4.3.2
2024-07-03 19:21:37,654 [WARN] PackLoader:240 - Cannot read IP mode file for STMicroelectronics.FP-SNS-FLIGHT1.5.0.0
2024-07-03 19:21:37,668 [ERROR] RealEvaluatedCondition:428 - Found unsupported composite condition: CLASS='Data Exchange' GROUP='STM32_MetaDataManager'
2024-07-03 19:21:37,669 [ERROR] RealEvaluatedCondition:428 - Found unsupported composite condition: GROUP='STM32_MetaDataManager' CLASS='Data Exchange'
2024-07-03 19:21:37,670 [WARN] PackLoader:240 - Cannot read IP mode file for STMicroelectronics.FP-SNS-MOTENV1.4.3.1
2024-07-03 19:21:37,690 [WARN] PackLoader:240 - Cannot read IP mode file for STMicroelectronics.FP-SNS-FLIGHT1.5.0.1
2024-07-03 19:21:37,709 [WARN] PackLoader:240 - Cannot read IP mode file for STMicroelectronics.X-CUBE-BLE1.6.2.3
2024-07-03 19:21:37,744 [WARN] PackLoader:240 - Cannot read IP mode file for STMicroelectronics.X-CUBE-BLE1.6.2.4
2024-07-03 19:21:37,758 [WARN] PackLoader:240 - Cannot read IP mode file for STMicroelectronics.FP-SNS-FLIGHT1.5.0.2
2024-07-03 19:21:37,792 [WARN] PackLoader:240 - Cannot read IP mode file for STMicroelectronics.X-CUBE-TOF1.3.1.0
2024-07-03 19:21:37,829 [WARN] PackLoader:240 - Cannot read IP mode file for STMicroelectronics.X-CUBE-DISPLAY.3.0.0
2024-07-03 19:21:38,017 [WARN] PackLoader:240 - Cannot read IP mode file for STMicroelectronics.X-CUBE-BLE1.7.0.0
2024-07-03 19:21:38,034 [WARN] PackLoader:240 - Cannot read IP mode file for emotas.I-CUBE-CANOPEN.1.3.0
2024-07-03 19:21:38,051 [WARN] PackLoader:240 - Cannot read IP mode file for STMicroelectronics.X-CUBE-TOUCHGFX.4.22.0
2024-07-03 19:21:38,066 [WARN] PackLoader:240 - Cannot read IP mode file for STMicroelectronics.X-CUBE-TOUCHGFX.4.22.1
2024-07-03 19:21:38,145 [WARN] PackLoader:240 - Cannot read IP mode file for STMicroelectronics.X-CUBE-MEMS1.9.3.0
2024-07-03 19:21:38,304 [WARN] PackLoader:240 - Cannot read IP mode file for STMicroelectronics.X-CUBE-AI.7.2.0
2024-07-03 19:21:38,334 [WARN] PackLoader:240 - Cannot read IP mode file for STMicroelectronics.X-CUBE-BLEMGR.3.1.0
2024-07-03 19:21:38,349 [WARN] PackLoader:240 - Cannot read IP mode file for STMicroelectronics.FP-SNS-SMARTAG2.1.2.0
2024-07-03 19:21:38,384 [INFO] LogOutputStream:77 - [STDOUT_REDIRECT] 1 : Invalid condition id : UX_CORESTACK_Condition cause : null
2024-07-03 19:21:38,385 [INFO] LogOutputStream:77 - [STDOUT_REDIRECT] 1 : Invalid condition id : UX_CORESTACK_Condition cause : null
2024-07-03 19:21:38,386 [INFO] LogOutputStream:77 - [STDOUT_REDIRECT] 1 : Invalid condition id : UX_CORESTACK_Condition cause : null
2024-07-03 19:21:38,387 [INFO] LogOutputStream:77 - [STDOUT_REDIRECT] 1 : Invalid condition id : UX_CORESTACK_Condition cause : null
2024-07-03 19:21:38,388 [INFO] LogOutputStream:77 - [STDOUT_REDIRECT] 1 : Invalid condition id : UX_CORESTACK_Condition cause : null
2024-07-03 19:21:38,392 [WARN] PackLoader:240 - Cannot read IP mode file for STMicroelectronics.X-CUBE-AZRTOS-WL.2.0.0
2024-07-03 19:21:38,399 [WARN] PackLoader:240 - Cannot read IP mode file for STMicroelectronics.FP-SNS-MOTENV1.5.0.0
2024-07-03 19:21:38,418 [WARN] PackLoader:240 - Cannot read IP mode file for wolfSSL.I-CUBE-wolfMQTT.1.19.0
2024-07-03 19:21:38,438 [WARN] PackLoader:240 - Cannot read IP mode file for WES.I-CUBE-Cesium.1.3.0
2024-07-03 19:21:38,457 [WARN] PackLoader:240 - Cannot read IP mode file for STMicroelectronics.X-CUBE-BLE2.3.3.0
2024-07-03 19:21:38,475 [WARN] PackLoader:240 - Cannot read IP mode file for STMicroelectronics.X-CUBE-DISPLAY.2.2.0
2024-07-03 19:21:38,503 [WARN] PackLoader:240 - Cannot read IP mode file for STMicroelectronics.X-CUBE-TOF1.3.2.0
2024-07-03 19:21:38,522 [WARN] PackLoader:240 - Cannot read IP mode file for STMicroelectronics.X-CUBE-ISPU.1.0.0
2024-07-03 19:21:38,572 [WARN] PackLoader:240 - Cannot read IP mode file for STMicroelectronics.X-CUBE-AZRTOS-H7.2.1.0
2024-07-03 19:21:38,594 [WARN] PackLoader:240 - Cannot read IP mode file for STMicroelectronics.X-CUBE-TCPP.4.1.0
2024-07-03 19:21:38,611 [WARN] PackLoader:240 - Cannot read IP mode file for STMicroelectronics.X-CUBE-TOUCHGFX.4.21.1
2024-07-03 19:21:38,627 [WARN] PackLoader:240 - Cannot read IP mode file for STMicroelectronics.X-CUBE-TOUCHGFX.4.21.3
2024-07-03 19:21:38,642 [WARN] PackLoader:240 - Cannot read IP mode file for STMicroelectronics.X-CUBE-TOUCHGFX.4.21.4
2024-07-03 19:21:38,703 [WARN] PackLoader:240 - Cannot read IP mode file for STMicroelectronics.X-CUBE-MEMS1.9.4.0
2024-07-03 19:21:38,838 [WARN] PackLoader:240 - Cannot read IP mode file for STMicroelectronics.X-CUBE-AI.7.3.0
2024-07-03 19:21:38,858 [WARN] PackLoader:240 - Cannot read IP mode file for STMicroelectronics.X-CUBE-ALGOBUILD.1.3.0
2024-07-03 19:21:38,903 [WARN] PackLoader:240 - Cannot read IP mode file for STMicroelectronics.X-CUBE-AZRTOS-G0.1.1.0
2024-07-03 19:21:38,927 [WARN] PackLoader:240 - Cannot read IP mode file for STMicroelectronics.X-CUBE-SAFEA1.1.2.2
2024-07-03 19:21:38,945 [WARN] PackLoader:240 - Cannot read IP mode file for STMicroelectronics.X-CUBE-NFC4.3.0.0
2024-07-03 19:21:38,994 [WARN] PackLoader:240 - Cannot read IP mode file for SEGGER.I-CUBE-embOS.1.2.0
2024-07-03 19:21:39,067 [WARN] PackLoader:240 - Cannot read IP mode file for STMicroelectronics.X-CUBE-BLEMGR.3.0.0
2024-07-03 19:21:39,092 [WARN] PackLoader:240 - Cannot read IP mode file for STMicroelectronics.X-CUBE-BLEMGR.1.3.0
2024-07-03 19:21:39,136 [WARN] PackLoader:240 - Cannot read IP mode file for STMicroelectronics.FP-ATR-SIGFOX1.3.2.0
2024-07-03 19:21:39,167 [WARN] PackLoader:240 - Cannot read IP mode file for STMicroelectronics.X-CUBE-EEPRMA1.5.1.0
2024-07-03 19:21:39,194 [WARN] PackLoader:240 - Cannot read IP mode file for emotas.I-CUBE-CANOPEN.1.1.2
2024-07-03 19:21:39,205 [WARN] PackLoader:240 - Cannot read IP mode file for STMicroelectronics.X-CUBE-TOUCHGFX.4.20.0
2024-07-03 19:21:39,271 [WARN] PackLoader:240 - Cannot read IP mode file for STMicroelectronics.X-CUBE-MEMS1.9.5.0
2024-07-03 19:21:39,471 [WARN] PackLoader:240 - Cannot read IP mode file for SEGGER.I-CUBE-embOS.1.3.1
2024-07-03 19:21:39,525 [WARN] PackLoader:240 - Cannot read IP mode file for STMicroelectronics.X-CUBE-ALGOBUILD.1.4.0
2024-07-03 19:21:39,544 [WARN] PackLoader:240 - Cannot read IP mode file for STMicroelectronics.X-CUBE-GNSS1.6.0.0
2024-07-03 19:21:39,589 [WARN] PackLoader:240 - Cannot read IP mode file for STMicroelectronics.X-CUBE-AZRTOS-F4.1.1.0
2024-07-03 19:21:39,619 [WARN] PackLoader:240 - Cannot read IP mode file for wolfSSL.I-CUBE-wolfSSL.5.6.3
2024-07-03 19:21:39,638 [WARN] PackLoader:240 - Cannot read IP mode file for wolfSSL.I-CUBE-wolfSSL.5.6.0
2024-07-03 19:21:39,654 [WARN] PackLoader:240 - Cannot read IP mode file for STMicroelectronics.X-CUBE-FREERTOS.1.2.0
2024-07-03 19:21:39,700 [WARN] PackLoader:240 - Cannot read IP mode file for wolfSSL.I-CUBE-wolfSSL.5.6.6
2024-07-03 19:21:39,730 [WARN] PackLoader:240 - Cannot read IP mode file for STMicroelectronics.X-CUBE-BLEMGR.1.2.0
2024-07-03 19:21:39,851 [WARN] PackLoader:240 - Cannot read IP mode file for STMicroelectronics.X-CUBE-AZRTOS-L5.2.0.0
2024-07-03 19:21:39,918 [WARN] PackLoader:240 - Cannot read IP mode file for STMicroelectronics.X-CUBE-MEMS1.9.6.0
2024-07-03 19:21:40,216 [WARN] PackLoader:240 - Cannot read IP mode file for STMicroelectronics.X-CUBE-EEPRMA1.4.2.0
2024-07-03 19:21:40,236 [WARN] PackLoader:240 - Cannot read IP mode file for STMicroelectronics.X-CUBE-NFC6.3.1.0
2024-07-03 19:21:40,259 [WARN] PackLoader:240 - Cannot read IP mode file for ITTIA_DB.I-CUBE-ITTIADB.8.8.0
2024-07-03 19:21:40,304 [WARN] PackLoader:240 - Cannot read IP mode file for emotas.I-CUBE-CANOPEN.1.1.3
2024-07-03 19:21:40,327 [WARN] PackLoader:240 - Cannot read IP mode file for STMicroelectronics.X-CUBE-BLEMGR.2.0.0
2024-07-03 19:21:40,345 [WARN] PackLoader:240 - Cannot read IP mode file for STMicroelectronics.X-CUBE-NFC4.2.0.5
2024-07-03 19:21:40,363 [WARN] PackLoader:240 - Cannot read IP mode file for STMicroelectronics.X-CUBE-NFC4.2.0.4
2024-07-03 19:21:40,371 [WARN] PackLoader:240 - Cannot read IP mode file for STMicroelectronics.X-CUBE-AI.9.0.0
2024-07-03 19:21:40,413 [WARN] ConditionMgr:438 - getConditionDescription Invalid condition id : UX DEVICE CLASS RTOS Condition cause : null
2024-07-03 19:21:40,413 [WARN] ConditionMgr:438 - getConditionDescription Invalid condition id : UX DEVICE CLASS RTOS Condition cause : null
2024-07-03 19:21:40,416 [WARN] PackLoader:240 - Cannot read IP mode file for STMicroelectronics.X-CUBE-AZRTOS-H7.3.1.0
2024-07-03 19:21:40,418 [WARN] ConditionMgr:1039 - genDependencies : Invalid condition id : UX DEVICE CLASS RTOS Condition cause : null
2024-07-03 19:21:40,418 [WARN] ConditionMgr:1039 - genDependencies : Invalid condition id : UX DEVICE CLASS RTOS Condition cause : null
2024-07-03 19:21:40,419 [WARN] ConditionMgr:1039 - genDependencies : Invalid condition id : UX DEVICE CLASS RTOS Condition cause : null
2024-07-03 19:21:40,419 [WARN] ConditionMgr:1039 - genDependencies : Invalid condition id : UX DEVICE CLASS RTOS Condition cause : null
2024-07-03 19:21:40,419 [WARN] ConditionMgr:1039 - genDependencies : Invalid condition id : UX DEVICE CLASS RTOS Condition cause : null
2024-07-03 19:21:40,440 [WARN] PackLoader:240 - Cannot read IP mode file for STMicroelectronics.X-CUBE-NFC7.1.0.1
2024-07-03 19:21:40,461 [WARN] PackLoader:240 - Cannot read IP mode file for STMicroelectronics.X-CUBE-NFC7.1.0.0
2024-07-03 19:21:40,479 [WARN] PackLoader:240 - Cannot read IP mode file for STMicroelectronics.X-CUBE-NFC6.3.0.0
2024-07-03 19:21:40,512 [WARN] PackLoader:240 - Cannot read IP mode file for STMicroelectronics.X-CUBE-EEPRMA1.4.1.0
2024-07-03 19:21:40,538 [WARN] PackLoader:240 - Cannot read IP mode file for STMicroelectronics.X-CUBE-AI.8.1.0
2024-07-03 19:21:40,611 [WARN] ConditionMgr:438 - getConditionDescription Invalid condition id : LAN8742 Phy interface Condition cause : null
2024-07-03 19:21:40,613 [WARN] PackLoader:240 - Cannot read IP mode file for STMicroelectronics.X-CUBE-AZRTOS-L4.2.0.0
2024-07-03 19:21:40,614 [WARN] ConditionMgr:1039 - genDependencies : Invalid condition id : LAN8742 Phy interface Condition cause : null
2024-07-03 19:21:40,615 [WARN] ConditionMgr:1039 - genDependencies : Invalid condition id : LAN8742 Phy interface Condition cause : null
2024-07-03 19:21:40,615 [WARN] ConditionMgr:1039 - genDependencies : Invalid condition id : LAN8742 Phy interface Condition cause : null
2024-07-03 19:21:40,639 [WARN] PackLoader:240 - Cannot read IP mode file for STMicroelectronics.X-CUBE-SFXS2LP1.4.0.0
2024-07-03 19:21:40,726 [WARN] PackLoader:240 - Cannot read IP mode file for STMicroelectronics.X-CUBE-AZRTOS-H7.3.0.0
2024-07-03 19:21:40,856 [WARN] PackLoader:240 - Cannot read IP mode file for STMicroelectronics.X-CUBE-ISPU.1.1.0
2024-07-03 19:21:40,878 [WARN] PackLoader:240 - Cannot read IP mode file for RoweBots.I-CUBE-UNISONRTOS.5.5.0-4
2024-07-03 19:21:40,933 [WARN] PackLoader:240 - Cannot read IP mode file for wolfSSL.I-CUBE-wolfSSL.5.4.0
2024-07-03 19:21:40,949 [WARN] PackLoader:240 - Cannot read IP mode file for STMicroelectronics.X-CUBE-AI.8.0.0
2024-07-03 19:21:41,029 [WARN] ConditionMgr:438 - getConditionDescription Invalid condition id : UX DEVICE CLASS RTOS Condition cause : null
2024-07-03 19:21:41,029 [WARN] ConditionMgr:438 - getConditionDescription Invalid condition id : UX DEVICE CLASS RTOS Condition cause : null
2024-07-03 19:21:41,036 [WARN] PackLoader:240 - Cannot read IP mode file for STMicroelectronics.X-CUBE-AZRTOS-WB.2.0.0
2024-07-03 19:21:41,037 [WARN] ConditionMgr:1039 - genDependencies : Invalid condition id : UX DEVICE CLASS RTOS Condition cause : null
2024-07-03 19:21:41,039 [WARN] ConditionMgr:1039 - genDependencies : Invalid condition id : UX DEVICE CLASS RTOS Condition cause : null
2024-07-03 19:21:41,042 [WARN] ConditionMgr:1039 - genDependencies : Invalid condition id : UX DEVICE CLASS RTOS Condition cause : null
2024-07-03 19:21:41,043 [WARN] ConditionMgr:1039 - genDependencies : Invalid condition id : UX DEVICE CLASS RTOS Condition cause : null
2024-07-03 19:21:41,043 [WARN] ConditionMgr:1039 - genDependencies : Invalid condition id : UX DEVICE CLASS RTOS Condition cause : null
2024-07-03 19:21:41,207 [WARN] PackLoader:240 - Cannot read IP mode file for STMicroelectronics.X-CUBE-FREERTOS.1.0.0
2024-07-03 19:21:41,256 [WARN] PackLoader:240 - Cannot read IP mode file for STMicroelectronics.X-CUBE-FREERTOS.1.0.1
2024-07-03 19:21:41,313 [WARN] PackLoader:240 - Cannot read IP mode file for STMicroelectronics.X-CUBE-BLEMGR.1.0.0
2024-07-03 19:21:41,454 [WARN] PackLoader:240 - Cannot read IP mode file for STMicroelectronics.X-CUBE-AZRTOS-L5.1.1.0
2024-07-03 19:21:41,584 [WARN] PackLoader:240 - Cannot read IP mode file for STMicroelectronics.X-CUBE-AI.8.0.1
2024-07-03 19:21:41,618 [INFO] WebApp:161 - Instantiating new browser for Auth
2024-07-03 19:21:41,739 [WARN] PackLoader:240 - Cannot read IP mode file for STMicroelectronics.X-CUBE-SUBG2.5.0.0
2024-07-03 19:21:41,768 [WARN] PackLoader:240 - Cannot read IP mode file for Cesanta.I-CUBE-Mongoose.7.13.0
2024-07-03 19:21:41,795 [WARN] PackLoader:240 - Cannot read IP mode file for STMicroelectronics.X-CUBE-TOF1.3.3.1
2024-07-03 19:21:41,850 [WARN] PackLoader:240 - Cannot read IP mode file for STMicroelectronics.X-CUBE-AZRTOS-G4.2.0.0
2024-07-03 19:21:41,879 [WARN] PackLoader:240 - Cannot read IP mode file for STMicroelectronics.X-CUBE-TOF1.3.3.0
2024-07-03 19:21:41,906 [WARN] PackLoader:240 - Cannot read IP mode file for STMicroelectronics.FP-ATR-ASTRA1.1.1.1
2024-07-03 19:21:41,946 [WARN] PackLoader:240 - Cannot read IP mode file for Infineon.AIROC-Wi-Fi-Bluetooth-STM32.1.5.1
2024-07-03 19:21:41,988 [WARN] PackLoader:240 - Cannot read IP mode file for STMicroelectronics.FP-ATR-ASTRA1.1.1.0
2024-07-03 19:21:42,005 [WARN] PackLoader:240 - Cannot read IP mode file for STMicroelectronics.FP-SNS-MOTENVWB1.1.3.0
2024-07-03 19:21:42,022 [WARN] PackLoader:240 - Cannot read IP mode file for STMicroelectronics.FP-SNS-MOTENVWB1.1.3.1
2024-07-03 19:21:42,062 [WARN] PackLoader:240 - Cannot read IP mode file for STMicroelectronics.X-CUBE-AZRTOS-G4.1.0.0
2024-07-03 19:21:42,222 [WARN] PackLoader:240 - Cannot read IP mode file for STMicroelectronics.X-CUBE-AZRTOS-L4.1.0.0
2024-07-03 19:21:42,241 [WARN] PackLoader:240 - Cannot read IP mode file for STMicroelectronics.X-CUBE-ISPU.2.0.0
2024-07-03 19:21:42,257 [WARN] PackLoader:240 - Cannot read IP mode file for STMicroelectronics.X-CUBE-ALS.1.0.2
2024-07-03 19:21:42,339 [WARN] PackLoader:240 - Cannot read IP mode file for STMicroelectronics.X-CUBE-MEMS1.10.0.0
2024-07-03 19:21:42,539 [WARN] PackLoader:240 - Cannot read IP mode file for STMicroelectronics.X-CUBE-FREERTOS.1.1.0
2024-07-03 19:21:42,555 [WARN] PackLoader:240 - Cannot read IP mode file for STMicroelectronics.X-CUBE-TOUCHGFX.4.24.0
2024-07-03 19:21:42,590 [WARN] PackLoader:240 - Cannot read IP mode file for STMicroelectronics.X-CUBE-AZRTOS-WL.1.0.0
2024-07-03 19:21:42,634 [WARN] PackLoader:240 - Cannot read IP mode file for portGmbH.I-Cube-SoM-uGOAL.1.1.0
2024-07-03 19:21:42,736 [WARN] PackLoader:240 - Cannot read IP mode file for STMicroelectronics.X-CUBE-ALS.1.0.1
2024-07-03 19:21:42,836 [WARN] PackLoader:240 - Cannot read IP mode file for STMicroelectronics.X-CUBE-AZRTOS-WB.1.1.0
2024-07-03 19:21:42,928 [WARN] PackLoader:240 - Cannot read IP mode file for STMicroelectronics.X-CUBE-AZRTOS-L5.1.0.0
2024-07-03 19:21:42,951 [WARN] PackLoader:240 - Cannot read IP mode file for STMicroelectronics.X-CUBE-EEPRMA1.3.1.1
2024-07-03 19:21:42,990 [WARN] PackLoader:240 - Cannot read IP mode file for STMicroelectronics.X-CUBE-AZRTOS-H7RS.1.0.0
2024-07-03 19:21:43,063 [WARN] PackLoader:240 - Cannot read IP mode file for STMicroelectronics.FP-ATR-ASTRA1.2.0.0
2024-07-03 19:21:43,223 [WARN] PackLoader:240 - Cannot read IP mode file for STMicroelectronics.X-CUBE-TOF1.3.4.0
2024-07-03 19:21:43,280 [WARN] PackLoader:240 - Cannot read IP mode file for STMicroelectronics.X-CUBE-TOF1.3.4.1
2024-07-03 19:21:43,532 [WARN] PackLoader:240 - Cannot read IP mode file for STMicroelectronics.X-CUBE-AZRTOS-H7.3.2.0
2024-07-03 19:21:43,536 [INFO] ThirdParty:978 - Integrity check success = true
2024-07-03 19:21:43,536 [INFO] IntegrityCheckThread:100 - exiting critical section [integrity check]
2024-07-03 19:21:43,536 [INFO] IntegrityCheckThread:103 - End integrity checks thread
2024-07-03 19:21:43,552 [INFO] WebApp:779 - Register for checkConnection events
2024-07-03 19:21:43,553 [INFO] WebApp:414 - Apply proxy settings
2024-07-03 19:21:43,555 [INFO] WebApp:499 - Chromium requires no authentication
2024-07-03 19:21:43,570 [INFO] WebApp:442 - Direct internet connection detected
2024-07-03 19:21:43,979 [INFO] WebApp:192 - Starting web application
2024-07-03 19:21:43,980 [INFO] WebApp:544 - Web application path used C:\ST\STM32CubeIDE_1.15.1\STM32CubeIDE\plugins\com.st.stm32cube.common.mx_6.11.1.202404110753\db\plugins\mcufinder\reactClient1\index.html
2024-07-03 19:36:37,060 [ERROR] LogOutputStream:75 - [STDERR_REDIRECT] 
