2023-10-12 13:52:42,215 [INFO] Activator:176 - 


2023-10-12 13:52:42,224 [INFO] Activator:177 - !SESSION log4j initialized
2023-10-12 13:52:52,538 [INFO] LogOutputStream:77 - [STDOUT_REDIRECT] 
2023-10-12 13:53:15,234 [ERROR] LogOutputStream:75 - [STDERR_REDIRECT] SLF4J: Failed to load class "org.slf4j.impl.StaticLoggerBinder".
2023-10-12 13:53:15,239 [ERROR] LogOutputStream:75 - [STDERR_REDIRECT] SLF4J: Defaulting to no-operation (NOP) logger implementation
2023-10-12 13:53:15,239 [ERROR] LogOutputStream:75 - [STDERR_REDIRECT] SLF4J: See http://www.slf4j.org/codes.html#StaticLoggerBinder for further details.
2023-10-12 14:13:28,906 [INFO] Activator:176 - 


2023-10-12 14:13:28,906 [INFO] Activator:177 - !SESSION log4j initialized
2023-10-12 14:13:36,605 [INFO] LogOutputStream:77 - [STDOUT_REDIRECT] 
2023-10-12 14:13:37,417 [ERROR] ConfigurationRetriever:142 - IOException on connection: sw-center.st.com
2023-10-12 14:13:37,419 [ERROR] ConfigurationRetriever:142 - IOException on connection: sw-center.st.com
2023-10-12 14:13:37,420 [ERROR] ConfigurationRetriever:142 - IOException on connection: sw-center.st.com
2023-10-12 14:14:03,183 [ERROR] LogOutputStream:75 - [STDERR_REDIRECT] SLF4J: Failed to load class "org.slf4j.impl.StaticLoggerBinder".
2023-10-12 14:14:03,184 [ERROR] LogOutputStream:75 - [STDERR_REDIRECT] SLF4J: Defaulting to no-operation (NOP) logger implementation
2023-10-12 14:14:03,186 [ERROR] LogOutputStream:75 - [STDERR_REDIRECT] SLF4J: See http://www.slf4j.org/codes.html#StaticLoggerBinder for further details.
2023-10-12 14:15:47,491 [INFO] ApplicationProperties:184 - Using Application install path: C:\ST\STM32CubeIDE_1.12.1\STM32CubeIDE\plugins\com.st.stm32cube.common.mx_6.8.1.202304191431
2023-10-12 14:15:47,528 [INFO] DbMcusXml:78 - Set database path to: C:\ST\STM32CubeIDE_1.12.1\STM32CubeIDE\plugins\com.st.stm32cube.common.mx_6.8.1.202304191431\\db\/mcu/
2023-10-12 14:15:47,529 [INFO] ApiDb:274 - Set plugin database path to: C:\ST\STM32CubeIDE_1.12.1\STM32CubeIDE\plugins\com.st.stm32cube.common.mx_6.8.1.202304191431\\db\/plugins/boardmanager/
2023-10-12 14:15:47,532 [WARN] ApiDb:259 - Overriding images path with different value:  => C:\ST\STM32CubeIDE_1.12.1\STM32CubeIDE\plugins\com.st.stm32cube.common.mx_6.8.1.202304191431\\db\/plugins/mcufinder/images/
2023-10-12 14:15:47,579 [INFO] ApiDb:250 - Set database path to: C:\Users\KDS-LTP-0415\.stmcufinder\plugins\mcufinder//mcu/
2023-10-12 14:15:47,582 [INFO] DbMcusAds:125 - Set database path to: C:\Users\KDS-LTP-0415\.stmcufinder\plugins\mcufinder//mcu/
2023-10-12 14:15:47,862 [INFO] CrossReferenceDbSqlite:203 - Set database path to: C:\Users\KDS-LTP-0415\.stmcufinder\plugins\mcufinder//mcu/cs/
2023-10-12 14:15:48,003 [INFO] RulesReader:64 - Compatibility file has been processed (293 Rules)
2023-10-12 14:15:48,143 [INFO] DbMcusXml:78 - Set database path to: C:\ST\STM32CubeIDE_1.12.1\STM32CubeIDE\plugins\com.st.stm32cube.common.mx_6.8.1.202304191431\\db\/mcu/
2023-10-12 14:15:48,144 [INFO] ApiDb:274 - Set plugin database path to: C:\ST\STM32CubeIDE_1.12.1\STM32CubeIDE\plugins\com.st.stm32cube.common.mx_6.8.1.202304191431\\db\/plugins/boardmanager/
2023-10-12 14:15:48,144 [INFO] ApiDb:261 - Set plugin images path to: C:\ST\STM32CubeIDE_1.12.1\STM32CubeIDE\plugins\com.st.stm32cube.common.mx_6.8.1.202304191431\\db\/plugins/mcufinder/images/
2023-10-12 14:15:48,144 [WARN] DbFile:41 - Overriding database path with different value: C:\Users\KDS-LTP-0415\.stmcufinder\plugins\mcufinder/ => C:\Users\KDS-LTP-0415\.stmcufinder\plugins\mcufinder
2023-10-12 14:15:48,145 [INFO] ApiDb:250 - Set database path to: C:\Users\KDS-LTP-0415\.stmcufinder\plugins\mcufinder//mcu/
2023-10-12 14:15:48,145 [WARN] DbFile:41 - Overriding database path with different value: C:\Users\KDS-LTP-0415\.stmcufinder\plugins\mcufinder/ => C:\Users\KDS-LTP-0415\.stmcufinder\plugins\mcufinder
2023-10-12 14:15:48,145 [INFO] DbMcusAds:125 - Set database path to: C:\Users\KDS-LTP-0415\.stmcufinder\plugins\mcufinder//mcu/
2023-10-12 14:15:48,145 [WARN] DbFile:41 - Overriding database path with different value: C:\Users\KDS-LTP-0415\.stmcufinder\plugins\mcufinder/ => C:\Users\KDS-LTP-0415\.stmcufinder\plugins\mcufinder
2023-10-12 14:15:48,145 [WARN] DbFile:41 - Overriding database path with different value: C:\Users\KDS-LTP-0415\.stmcufinder\plugins\mcufinder/ => C:\Users\KDS-LTP-0415\.stmcufinder\plugins\mcufinder
2023-10-12 14:15:48,145 [INFO] CrossReferenceDbSqlite:203 - Set database path to: C:\Users\KDS-LTP-0415\.stmcufinder\plugins\mcufinder//mcu/cs/
2023-10-12 14:15:48,281 [INFO] MainPanel:253 - HeapMemory: 316669952
2023-10-12 14:15:48,490 [INFO] DbMcusXml:78 - Set database path to: C:\ST\STM32CubeIDE_1.12.1\STM32CubeIDE\plugins\com.st.stm32cube.common.mx_6.8.1.202304191431\\db\/mcu/
2023-10-12 14:15:48,491 [INFO] ApiDb:274 - Set plugin database path to: C:\ST\STM32CubeIDE_1.12.1\STM32CubeIDE\plugins\com.st.stm32cube.common.mx_6.8.1.202304191431\\db\/plugins/boardmanager/
2023-10-12 14:15:48,491 [INFO] ApiDb:261 - Set plugin images path to: C:\ST\STM32CubeIDE_1.12.1\STM32CubeIDE\plugins\com.st.stm32cube.common.mx_6.8.1.202304191431\\db\/plugins/mcufinder/images/
2023-10-12 14:15:48,492 [WARN] DbFile:41 - Overriding database path with different value: C:\Users\KDS-LTP-0415\.stmcufinder\plugins\mcufinder/ => C:\Users\KDS-LTP-0415\.stmcufinder\plugins\mcufinder
2023-10-12 14:15:48,493 [INFO] ApiDb:250 - Set database path to: C:\Users\KDS-LTP-0415\.stmcufinder\plugins\mcufinder//mcu/
2023-10-12 14:15:48,493 [WARN] DbFile:41 - Overriding database path with different value: C:\Users\KDS-LTP-0415\.stmcufinder\plugins\mcufinder/ => C:\Users\KDS-LTP-0415\.stmcufinder\plugins\mcufinder
2023-10-12 14:15:48,493 [INFO] DbMcusAds:125 - Set database path to: C:\Users\KDS-LTP-0415\.stmcufinder\plugins\mcufinder//mcu/
2023-10-12 14:15:48,493 [WARN] DbFile:41 - Overriding database path with different value: C:\Users\KDS-LTP-0415\.stmcufinder\plugins\mcufinder/ => C:\Users\KDS-LTP-0415\.stmcufinder\plugins\mcufinder
2023-10-12 14:15:48,493 [WARN] DbFile:41 - Overriding database path with different value: C:\Users\KDS-LTP-0415\.stmcufinder\plugins\mcufinder/ => C:\Users\KDS-LTP-0415\.stmcufinder\plugins\mcufinder
2023-10-12 14:15:48,494 [INFO] CrossReferenceDbSqlite:203 - Set database path to: C:\Users\KDS-LTP-0415\.stmcufinder\plugins\mcufinder//mcu/cs/
2023-10-12 14:15:48,521 [INFO] ApplicationProperties:184 - Using Application install path: C:\ST\STM32CubeIDE_1.12.1\STM32CubeIDE\plugins\com.st.stm32cube.common.mx_6.8.1.202304191431
2023-10-12 14:15:48,524 [INFO] PluginManage:196 - Search for loadable plugins [exclusion list=, ]
2023-10-12 14:15:48,528 [INFO] PluginManage:310 - Check plugin analytics
2023-10-12 14:15:48,782 [INFO] AnalyticsPlugin:253 - Accepted Software Licenses: STM32CubeMX.6.2.1,STM32CubeMX.6.6.1,STM32CubeMX.6.7.0,STM32CubeMX.6.8.1,STM32CubeMX.6.9.1
2023-10-12 14:15:48,783 [INFO] AnalyticsPlugin:255 - Accepted CMSIS Pack Licenses: EdgeImpulse.osugiw-project-1.1.0.1
2023-10-12 14:15:48,783 [INFO] AnalyticsPlugin:257 - Accepted Firmware Licenses: FW.G0.1.6.0,FW.WB.1.16.0
2023-10-12 14:15:48,799 [INFO] PluginManage:359 - Loaded plugin analytics (category:tool,tabindex:-1)
2023-10-12 14:15:48,800 [INFO] PluginManage:310 - Check plugin cadmodel
2023-10-12 14:15:48,813 [INFO] CADModel:105 - Init CAD model plugin
2023-10-12 14:15:48,813 [INFO] PluginManage:359 - Loaded plugin cadmodel (category:power,tabindex:5)
2023-10-12 14:15:48,813 [INFO] PluginManage:310 - Check plugin clock
2023-10-12 14:15:48,833 [INFO] PluginManage:359 - Loaded plugin clock (category:base,tabindex:2)
2023-10-12 14:15:48,834 [INFO] PluginManage:310 - Check plugin ddr
2023-10-12 14:15:48,839 [INFO] PluginManage:359 - Loaded plugin ddr (category:tool,tabindex:6)
2023-10-12 14:15:48,839 [INFO] PluginManage:310 - Check plugin filemanager
2023-10-12 14:15:49,121 [INFO] PluginManage:359 - Loaded plugin filemanager (category:base,tabindex:10)
2023-10-12 14:15:49,121 [INFO] PluginManage:310 - Check plugin ipmanager
2023-10-12 14:15:49,145 [INFO] PluginManage:359 - Loaded plugin ipmanager (category:base,tabindex:5)
2023-10-12 14:15:49,146 [INFO] PluginManage:310 - Check plugin lpbam
2023-10-12 14:15:49,166 [INFO] PluginManage:359 - Loaded plugin lpbam (category:base,tabindex:0)
2023-10-12 14:15:49,166 [INFO] PluginManage:310 - Check plugin pinoutandconfiguration
2023-10-12 14:15:49,189 [INFO] PluginManage:359 - Loaded plugin pinoutandconfiguration (category:base,tabindex:1)
2023-10-12 14:15:49,190 [INFO] PluginManage:310 - Check plugin pinoutconfig
2023-10-12 14:15:49,365 [WARN] SupportedApi:132 - Cannot load RTOS API schema: s4s-elt-must-match.1: The content of 'definitions' must match (annotation?, (simpleType | complexType)?, (unique | key | keyref)*)). A problem was found starting at: attribute.
2023-10-12 14:15:49,567 [INFO] PluginManage:359 - Loaded plugin pinoutconfig (category:base,tabindex:0)
2023-10-12 14:15:49,568 [INFO] PluginManage:310 - Check plugin power
2023-10-12 14:15:49,590 [INFO] PluginManage:359 - Loaded plugin power (category:power,tabindex:4)
2023-10-12 14:15:49,591 [INFO] PluginManage:310 - Check plugin projectmanager
2023-10-12 14:15:49,619 [INFO] PluginManage:359 - Loaded plugin projectmanager (category:projectmanager,tabindex:3)
2023-10-12 14:15:49,619 [INFO] PluginManage:310 - Check plugin thirdparty
2023-10-12 14:15:49,867 [WARN] IntegrityCheckThread:84 - waiting for thirdparty lock release [integrity check]
2023-10-12 14:15:49,868 [INFO] PluginManage:359 - Loaded plugin thirdparty (category:base,tabindex:-1)
2023-10-12 14:15:49,868 [INFO] IntegrityCheckThread:86 - entering critical section [integrity check]
2023-10-12 14:15:49,868 [INFO] PluginManage:310 - Check plugin tools
2023-10-12 14:15:49,870 [INFO] ThirdPartyUpdaterWithRetryManager:70 - Updater plugin not ready yet. [1/15]
2023-10-12 14:15:49,872 [INFO] PluginManage:359 - Loaded plugin tools (category:base,tabindex:7)
2023-10-12 14:15:49,872 [INFO] PluginManage:310 - Check plugin tutovideos
2023-10-12 14:15:50,165 [INFO] PluginManage:359 - Loaded plugin tutovideos (category:base,tabindex:-1)
2023-10-12 14:15:50,165 [INFO] PluginManage:310 - Check plugin updater
2023-10-12 14:15:50,190 [INFO] PluginManage:359 - Loaded plugin updater (category:base,tabindex:12)
2023-10-12 14:15:50,190 [INFO] PluginManage:283 - PluginManage : Loaded plugins [15]
2023-10-12 14:15:50,721 [INFO] PinOutPanel:1499 - setPackage(No Configuration,No Configuration)
2023-10-12 14:15:51,199 [INFO] CADModel:165 - CPN selected for project level
2023-10-12 14:15:51,199 [INFO] CADModel:114 - Register for checkConnection events
2023-10-12 14:15:51,320 [INFO] IPUIPlugin:80 - create IPUIPlugin
2023-10-12 14:15:51,320 [INFO] PluginManager:220 - loadIPPluginJar : add adc
2023-10-12 14:15:51,358 [INFO] IPUIPlugin:80 - create IPUIPlugin
2023-10-12 14:15:51,358 [INFO] PluginManager:220 - loadIPPluginJar : add aes
2023-10-12 14:15:51,385 [INFO] IPUIPlugin:80 - create IPUIPlugin
2023-10-12 14:15:51,386 [INFO] PluginManager:220 - loadIPPluginJar : add can
2023-10-12 14:15:51,390 [INFO] IPUIPlugin:80 - create IPUIPlugin
2023-10-12 14:15:51,390 [INFO] PluginManager:220 - loadIPPluginJar : add comp
2023-10-12 14:15:51,397 [INFO] IPUIPlugin:80 - create IPUIPlugin
2023-10-12 14:15:51,398 [INFO] PluginManager:220 - loadIPPluginJar : add cryp
2023-10-12 14:15:51,404 [INFO] IPUIPlugin:80 - create IPUIPlugin
2023-10-12 14:15:51,405 [INFO] PluginManager:220 - loadIPPluginJar : add dfsdm
2023-10-12 14:15:51,416 [INFO] IPUIPlugin:80 - create IPUIPlugin
2023-10-12 14:15:51,417 [INFO] PluginManager:220 - loadIPPluginJar : add dma
2023-10-12 14:15:51,424 [INFO] IPUIPlugin:80 - create IPUIPlugin
2023-10-12 14:15:51,425 [INFO] PluginManager:220 - loadIPPluginJar : add dma3
2023-10-12 14:15:51,429 [INFO] IPUIPlugin:80 - create IPUIPlugin
2023-10-12 14:15:51,429 [INFO] PluginManager:220 - loadIPPluginJar : add fatfs
2023-10-12 14:15:51,440 [INFO] IPUIPlugin:80 - create IPUIPlugin
2023-10-12 14:15:51,441 [INFO] PluginManager:220 - loadIPPluginJar : add fmc
2023-10-12 14:15:51,452 [INFO] IPUIPlugin:80 - create IPUIPlugin
2023-10-12 14:15:51,453 [INFO] PluginManager:220 - loadIPPluginJar : add freertos
2023-10-12 14:15:51,457 [INFO] IPUIPlugin:80 - create IPUIPlugin
2023-10-12 14:15:51,457 [INFO] PluginManager:220 - loadIPPluginJar : add genericplugin
2023-10-12 14:15:51,462 [INFO] IPUIPlugin:80 - create IPUIPlugin
2023-10-12 14:15:51,462 [INFO] PluginManager:220 - loadIPPluginJar : add gfxmmu
2023-10-12 14:15:51,470 [INFO] IPUIPlugin:80 - create IPUIPlugin
2023-10-12 14:15:51,471 [INFO] PluginManager:220 - loadIPPluginJar : add gic
2023-10-12 14:15:51,478 [INFO] IPUIPlugin:80 - create IPUIPlugin
2023-10-12 14:15:51,479 [INFO] PluginManager:220 - loadIPPluginJar : add gpio
2023-10-12 14:15:51,483 [INFO] IPUIPlugin:80 - create IPUIPlugin
2023-10-12 14:15:51,484 [INFO] PluginManager:220 - loadIPPluginJar : add gtzc
2023-10-12 14:15:51,488 [INFO] IPUIPlugin:80 - create IPUIPlugin
2023-10-12 14:15:51,489 [INFO] PluginManager:220 - loadIPPluginJar : add hash
2023-10-12 14:15:51,494 [INFO] IPUIPlugin:80 - create IPUIPlugin
2023-10-12 14:15:51,494 [INFO] PluginManager:220 - loadIPPluginJar : add i2c
2023-10-12 14:15:51,499 [INFO] IPUIPlugin:80 - create IPUIPlugin
2023-10-12 14:15:51,499 [INFO] PluginManager:220 - loadIPPluginJar : add i2s
2023-10-12 14:15:51,505 [INFO] IPUIPlugin:80 - create IPUIPlugin
2023-10-12 14:15:51,505 [INFO] PluginManager:220 - loadIPPluginJar : add i3c
2023-10-12 14:15:51,513 [INFO] IPUIPlugin:80 - create IPUIPlugin
2023-10-12 14:15:51,513 [INFO] PluginManager:220 - loadIPPluginJar : add ipddr
2023-10-12 14:15:51,528 [INFO] IPUIPlugin:80 - create IPUIPlugin
2023-10-12 14:15:51,529 [INFO] PluginManager:220 - loadIPPluginJar : add linkedlist
2023-10-12 14:15:51,535 [INFO] IPUIPlugin:80 - create IPUIPlugin
2023-10-12 14:15:51,535 [INFO] PluginManager:220 - loadIPPluginJar : add lorawan
2023-10-12 14:15:51,539 [INFO] IPUIPlugin:80 - create IPUIPlugin
2023-10-12 14:15:51,539 [INFO] PluginManager:220 - loadIPPluginJar : add ltdc
2023-10-12 14:15:51,552 [INFO] IPUIPlugin:80 - create IPUIPlugin
2023-10-12 14:15:51,552 [INFO] PluginManager:220 - loadIPPluginJar : add mdma
2023-10-12 14:15:51,559 [INFO] IPUIPlugin:80 - create IPUIPlugin
2023-10-12 14:15:51,560 [INFO] PluginManager:220 - loadIPPluginJar : add nvic
2023-10-12 14:15:51,567 [INFO] IPUIPlugin:80 - create IPUIPlugin
2023-10-12 14:15:51,568 [INFO] PluginManager:220 - loadIPPluginJar : add opamp
2023-10-12 14:15:51,574 [INFO] IPUIPlugin:80 - create IPUIPlugin
2023-10-12 14:15:51,575 [INFO] PluginManager:220 - loadIPPluginJar : add openamp
2023-10-12 14:15:51,582 [INFO] IPUIPlugin:80 - create IPUIPlugin
2023-10-12 14:15:51,582 [INFO] PluginManager:220 - loadIPPluginJar : add pdm2pcm
2023-10-12 14:15:51,594 [INFO] IPUIPlugin:80 - create IPUIPlugin
2023-10-12 14:15:51,598 [INFO] PluginManager:220 - loadIPPluginJar : add plateformsettings
2023-10-12 14:15:51,601 [INFO] IPUIPlugin:80 - create IPUIPlugin
2023-10-12 14:15:51,601 [INFO] PluginManager:220 - loadIPPluginJar : add quadspi
2023-10-12 14:15:51,608 [INFO] IPUIPlugin:80 - create IPUIPlugin
2023-10-12 14:15:51,609 [INFO] PluginManager:220 - loadIPPluginJar : add resmgrutility
2023-10-12 14:15:51,614 [INFO] IPUIPlugin:80 - create IPUIPlugin
2023-10-12 14:15:51,615 [INFO] PluginManager:220 - loadIPPluginJar : add sai
2023-10-12 14:15:51,619 [INFO] IPUIPlugin:80 - create IPUIPlugin
2023-10-12 14:15:51,620 [INFO] PluginManager:220 - loadIPPluginJar : add spi
2023-10-12 14:15:51,630 [INFO] IPUIPlugin:80 - create IPUIPlugin
2023-10-12 14:15:51,630 [INFO] PluginManager:220 - loadIPPluginJar : add stm32_wpan
2023-10-12 14:15:51,633 [INFO] IPUIPlugin:80 - create IPUIPlugin
2023-10-12 14:15:51,633 [INFO] PluginManager:220 - loadIPPluginJar : add tim
2023-10-12 14:15:51,639 [INFO] IPUIPlugin:80 - create IPUIPlugin
2023-10-12 14:15:51,639 [INFO] PluginManager:220 - loadIPPluginJar : add touchsensing
2023-10-12 14:15:51,643 [INFO] IPUIPlugin:80 - create IPUIPlugin
2023-10-12 14:15:51,643 [INFO] PluginManager:220 - loadIPPluginJar : add tracer_emb
2023-10-12 14:15:51,663 [INFO] IPUIPlugin:80 - create IPUIPlugin
2023-10-12 14:15:51,664 [INFO] PluginManager:220 - loadIPPluginJar : add ts
2023-10-12 14:15:51,667 [INFO] IPUIPlugin:80 - create IPUIPlugin
2023-10-12 14:15:51,667 [INFO] PluginManager:220 - loadIPPluginJar : add tsc
2023-10-12 14:15:51,715 [INFO] IPUIPlugin:80 - create IPUIPlugin
2023-10-12 14:15:51,715 [INFO] PluginManager:220 - loadIPPluginJar : add ucpd
2023-10-12 14:15:51,722 [INFO] IPUIPlugin:80 - create IPUIPlugin
2023-10-12 14:15:51,722 [INFO] PluginManager:220 - loadIPPluginJar : add usart
2023-10-12 14:15:51,728 [INFO] IPUIPlugin:80 - create IPUIPlugin
2023-10-12 14:15:51,729 [INFO] PluginManager:220 - loadIPPluginJar : add usbx
2023-10-12 14:15:52,013 [INFO] CADModel:165 - CPN selected for project level
2023-10-12 14:15:52,013 [INFO] CADModel:114 - Register for checkConnection events
2023-10-12 14:15:52,014 [FATAL] Updater:308 - Updater called before beeing initialized
2023-10-12 14:15:52,014 [ERROR] CADModel:125 - Updater not yet initialized, retry later 
2023-10-12 14:15:52,392 [INFO] CADModel:165 - CPN selected for project level
2023-10-12 14:15:52,393 [INFO] CADModel:114 - Register for checkConnection events
2023-10-12 14:15:52,393 [FATAL] Updater:308 - Updater called before beeing initialized
2023-10-12 14:15:52,393 [ERROR] CADModel:125 - Updater not yet initialized, retry later 
2023-10-12 14:15:52,401 [FATAL] Updater:308 - Updater called before beeing initialized
2023-10-12 14:15:52,772 [FATAL] Updater:308 - Updater called before beeing initialized
2023-10-12 14:15:52,792 [INFO] DbMcusAds:53 - JSON generation date=Tue Mar 07 15:50:55 ICT 2023 (1678179055114)
2023-10-12 14:15:52,792 [FATAL] Updater:308 - Updater called before beeing initialized
2023-10-12 14:15:52,871 [INFO] ThirdPartyUpdaterWithRetryManager:70 - Updater plugin not ready yet. [2/15]
2023-10-12 14:15:52,877 [WARN] DetailPanel:346 - Failed to get advertising image, set to default
2023-10-12 14:15:53,320 [FATAL] Updater:308 - Updater called before beeing initialized
2023-10-12 14:15:53,325 [FATAL] Updater:308 - Updater called before beeing initialized
2023-10-12 14:15:53,325 [FATAL] Updater:308 - Updater called before beeing initialized
2023-10-12 14:15:53,325 [WARN] DetailPanel:346 - Failed to get advertising image, set to default
2023-10-12 14:15:53,328 [FATAL] Updater:308 - Updater called before beeing initialized
2023-10-12 14:15:53,450 [ERROR] Updater:1120 - MainUpdater not yet initialized. External WinMGr cannot be set.
2023-10-12 14:15:53,454 [INFO] Updater:1056 - Updater Version found : 6.8.1
2023-10-12 14:15:53,502 [INFO] ApplicationProperties:184 - Using Application install path: C:\ST\STM32CubeIDE_1.12.1\STM32CubeIDE\plugins\com.st.stm32cube.common.mx_6.8.1.202304191431
2023-10-12 14:15:55,336 [INFO] MainUpdater:2854 - connection check result : 10
2023-10-12 14:15:55,377 [INFO] MainUpdater:283 - Updater Check For Update Now.
2023-10-12 14:15:55,378 [INFO] MicroXplorer:498 - Change Database Version : DB.6.0.81
2023-10-12 14:15:55,617 [INFO] MainUpdater:2854 - connection check result : 10
2023-10-12 14:15:55,617 [INFO] CheckServerUpdateThread:120 - End of CheckServer Thread
2023-10-12 14:15:55,708 [INFO] MicroXplorer:468 - Change Database Path : 
2023-10-12 14:15:55,709 [INFO] MicroXplorer:498 - Change Database Version : DB.6.0.81
2023-10-12 14:15:55,710 [WARN] ThirdParty:871 - waiting for thirdparty lock release [close project]
2023-10-12 14:15:56,512 [WARN] PackLoader:240 - Cannot read IP mode file for STMicroelectronics.X-CUBE-SMBUS.2.1.0
2023-10-12 14:15:56,574 [WARN] PackLoader:240 - Cannot read IP mode file for STMicroelectronics.X-CUBE-AZRTOS-F7.1.1.0
2023-10-12 14:15:56,591 [ERROR] RealEvaluatedCondition:428 - Found unsupported composite condition: GROUP='STM32_MetaDataManager' CLASS='Data Exchange'
2023-10-12 14:15:56,591 [ERROR] RealEvaluatedCondition:428 - Found unsupported composite condition: GROUP='STM32_MetaDataManager' CLASS='Data Exchange'
2023-10-12 14:15:56,595 [WARN] PackLoader:240 - Cannot read IP mode file for STMicroelectronics.FP-SNS-MOTENV1.4.3.0
2023-10-12 14:15:56,607 [WARN] PackLoader:240 - Cannot read IP mode file for STMicroelectronics.FP-SNS-MOTENV1.4.3.2
2023-10-12 14:15:56,618 [WARN] PackLoader:240 - Cannot read IP mode file for STMicroelectronics.FP-SNS-FLIGHT1.5.0.0
2023-10-12 14:15:56,624 [ERROR] RealEvaluatedCondition:428 - Found unsupported composite condition: GROUP='STM32_MetaDataManager' CLASS='Data Exchange'
2023-10-12 14:15:56,624 [ERROR] RealEvaluatedCondition:428 - Found unsupported composite condition: GROUP='STM32_MetaDataManager' CLASS='Data Exchange'
2023-10-12 14:15:56,627 [WARN] PackLoader:240 - Cannot read IP mode file for STMicroelectronics.FP-SNS-MOTENV1.4.3.1
2023-10-12 14:15:56,635 [WARN] PackLoader:240 - Cannot read IP mode file for STMicroelectronics.FP-SNS-FLIGHT1.5.0.1
2023-10-12 14:15:56,649 [WARN] PackLoader:240 - Cannot read IP mode file for STMicroelectronics.X-CUBE-BLE1.6.2.3
2023-10-12 14:15:56,656 [WARN] PackLoader:240 - Cannot read IP mode file for STMicroelectronics.X-CUBE-BLE1.6.2.4
2023-10-12 14:15:56,664 [WARN] PackLoader:240 - Cannot read IP mode file for STMicroelectronics.FP-SNS-FLIGHT1.5.0.2
2023-10-12 14:15:56,684 [WARN] PackLoader:240 - Cannot read IP mode file for STMicroelectronics.X-CUBE-TOF1.3.1.0
2023-10-12 14:15:56,706 [WARN] PackLoader:240 - Cannot read IP mode file for STMicroelectronics.X-CUBE-DISPLAY.3.0.0
2023-10-12 14:15:56,723 [WARN] PackLoader:240 - Cannot read IP mode file for STMicroelectronics.X-CUBE-BLE1.7.0.0
2023-10-12 14:15:56,732 [WARN] PackLoader:240 - Cannot read IP mode file for emotas.I-CUBE-CANOPEN.1.3.0
2023-10-12 14:15:56,740 [WARN] PackLoader:240 - Cannot read IP mode file for STMicroelectronics.X-CUBE-TOUCHGFX.4.22.0
2023-10-12 14:15:56,745 [WARN] PackLoader:240 - Cannot read IP mode file for STMicroelectronics.X-CUBE-TOUCHGFX.4.22.1
2023-10-12 14:15:56,843 [WARN] PackLoader:240 - Cannot read IP mode file for STMicroelectronics.X-CUBE-MEMS1.9.3.0
2023-10-12 14:15:57,176 [WARN] PackLoader:240 - Cannot read IP mode file for STMicroelectronics.X-CUBE-AI.7.2.0
2023-10-12 14:15:57,184 [WARN] PackLoader:240 - Cannot read IP mode file for STMicroelectronics.FP-SNS-SMARTAG2.1.2.0
2023-10-12 14:15:57,222 [INFO] LogOutputStream:77 - [STDOUT_REDIRECT] 1 : Invalid condition id : UX_CORESTACK_Condition cause : null
2023-10-12 14:15:57,223 [INFO] LogOutputStream:77 - [STDOUT_REDIRECT] 1 : Invalid condition id : UX_CORESTACK_Condition cause : null
2023-10-12 14:15:57,225 [INFO] LogOutputStream:77 - [STDOUT_REDIRECT] 1 : Invalid condition id : UX_CORESTACK_Condition cause : null
2023-10-12 14:15:57,227 [INFO] LogOutputStream:77 - [STDOUT_REDIRECT] 1 : Invalid condition id : UX_CORESTACK_Condition cause : null
2023-10-12 14:15:57,229 [INFO] LogOutputStream:77 - [STDOUT_REDIRECT] 1 : Invalid condition id : UX_CORESTACK_Condition cause : null
2023-10-12 14:15:57,236 [WARN] PackLoader:240 - Cannot read IP mode file for STMicroelectronics.X-CUBE-AZRTOS-WL.2.0.0
2023-10-12 14:15:57,251 [WARN] PackLoader:240 - Cannot read IP mode file for WES.I-CUBE-Cesium.1.3.0
2023-10-12 14:15:57,258 [WARN] PackLoader:240 - Cannot read IP mode file for STMicroelectronics.X-CUBE-BLE2.3.3.0
2023-10-12 14:15:57,268 [WARN] PackLoader:240 - Cannot read IP mode file for STMicroelectronics.X-CUBE-DISPLAY.2.2.0
2023-10-12 14:15:57,290 [WARN] PackLoader:240 - Cannot read IP mode file for STMicroelectronics.X-CUBE-TOF1.3.2.0
2023-10-12 14:15:57,310 [WARN] PackLoader:240 - Cannot read IP mode file for STMicroelectronics.X-CUBE-ISPU.1.0.0
2023-10-12 14:15:57,357 [WARN] PackLoader:240 - Cannot read IP mode file for STMicroelectronics.X-CUBE-AZRTOS-H7.2.1.0
2023-10-12 14:15:57,367 [WARN] PackLoader:240 - Cannot read IP mode file for STMicroelectronics.X-CUBE-TOUCHGFX.4.21.1
2023-10-12 14:15:57,372 [WARN] PackLoader:240 - Cannot read IP mode file for STMicroelectronics.X-CUBE-TOUCHGFX.4.21.3
2023-10-12 14:15:57,376 [WARN] PackLoader:240 - Cannot read IP mode file for STMicroelectronics.X-CUBE-TOUCHGFX.4.21.4
2023-10-12 14:15:57,456 [WARN] PackLoader:240 - Cannot read IP mode file for STMicroelectronics.X-CUBE-MEMS1.9.4.0
2023-10-12 14:15:57,838 [WARN] PackLoader:240 - Cannot read IP mode file for STMicroelectronics.X-CUBE-AI.7.3.0
2023-10-12 14:15:58,015 [WARN] PackLoader:240 - Cannot read IP mode file for STMicroelectronics.X-CUBE-ALGOBUILD.1.3.0
2023-10-12 14:15:58,113 [WARN] PackLoader:240 - Cannot read IP mode file for STMicroelectronics.X-CUBE-AZRTOS-G0.1.1.0
2023-10-12 14:15:58,469 [WARN] PackLoader:240 - Cannot read IP mode file for STMicroelectronics.X-CUBE-NFC4.3.0.0
2023-10-12 14:15:58,547 [WARN] PackLoader:240 - Cannot read IP mode file for SEGGER.I-CUBE-embOS.1.2.0
2023-10-12 14:15:58,622 [WARN] PackLoader:240 - Cannot read IP mode file for STMicroelectronics.X-CUBE-BLEMGR.1.3.0
2023-10-12 14:15:58,633 [WARN] PackLoader:240 - Cannot read IP mode file for STMicroelectronics.FP-ATR-SIGFOX1.3.2.0
2023-10-12 14:15:58,641 [WARN] PackLoader:240 - Cannot read IP mode file for emotas.I-CUBE-CANOPEN.1.1.2
2023-10-12 14:15:58,646 [WARN] PackLoader:240 - Cannot read IP mode file for STMicroelectronics.X-CUBE-TOUCHGFX.4.20.0
2023-10-12 14:15:58,779 [WARN] PackLoader:240 - Cannot read IP mode file for STMicroelectronics.X-CUBE-MEMS1.9.5.0
2023-10-12 14:15:59,756 [WARN] PackLoader:240 - Cannot read IP mode file for SEGGER.I-CUBE-embOS.1.3.1
2023-10-12 14:15:59,852 [WARN] PackLoader:240 - Cannot read IP mode file for STMicroelectronics.X-CUBE-GNSS1.6.0.0
2023-10-12 14:15:59,900 [WARN] PackLoader:240 - Cannot read IP mode file for STMicroelectronics.X-CUBE-AZRTOS-F4.1.1.0
2023-10-12 14:15:59,922 [WARN] PackLoader:240 - Cannot read IP mode file for wolfSSL.I-CUBE-wolfSSL.5.6.3
2023-10-12 14:15:59,932 [WARN] PackLoader:240 - Cannot read IP mode file for wolfSSL.I-CUBE-wolfSSL.5.6.0
2023-10-12 14:15:59,949 [WARN] PackLoader:240 - Cannot read IP mode file for STMicroelectronics.X-CUBE-BLEMGR.1.2.0
2023-10-12 14:16:00,007 [WARN] PackLoader:240 - Cannot read IP mode file for STMicroelectronics.X-CUBE-AZRTOS-L5.2.0.0
2023-10-12 14:16:00,129 [WARN] PackLoader:240 - Cannot read IP mode file for STMicroelectronics.X-CUBE-MEMS1.9.6.0
2023-10-12 14:16:00,484 [WARN] PackLoader:240 - Cannot read IP mode file for ITTIA_DB.I-CUBE-ITTIADB.8.8.0
2023-10-12 14:16:00,514 [WARN] PackLoader:240 - Cannot read IP mode file for emotas.I-CUBE-CANOPEN.1.1.3
2023-10-12 14:16:00,537 [WARN] PackLoader:240 - Cannot read IP mode file for STMicroelectronics.X-CUBE-BLEMGR.2.0.0
2023-10-12 14:16:00,573 [WARN] PackLoader:240 - Cannot read IP mode file for STMicroelectronics.X-CUBE-NFC4.2.0.5
2023-10-12 14:16:00,620 [WARN] PackLoader:240 - Cannot read IP mode file for STMicroelectronics.X-CUBE-NFC4.2.0.4
2023-10-12 14:16:00,687 [WARN] ConditionMgr:438 - getConditionDescription Invalid condition id : UX DEVICE CLASS RTOS Condition cause : null
2023-10-12 14:16:00,687 [WARN] ConditionMgr:438 - getConditionDescription Invalid condition id : UX DEVICE CLASS RTOS Condition cause : null
2023-10-12 14:16:00,694 [WARN] PackLoader:240 - Cannot read IP mode file for STMicroelectronics.X-CUBE-AZRTOS-H7.3.1.0
2023-10-12 14:16:00,695 [WARN] ConditionMgr:1039 - genDependencies : Invalid condition id : UX DEVICE CLASS RTOS Condition cause : null
2023-10-12 14:16:00,696 [WARN] ConditionMgr:1039 - genDependencies : Invalid condition id : UX DEVICE CLASS RTOS Condition cause : null
2023-10-12 14:16:00,697 [WARN] ConditionMgr:1039 - genDependencies : Invalid condition id : UX DEVICE CLASS RTOS Condition cause : null
2023-10-12 14:16:00,697 [WARN] ConditionMgr:1039 - genDependencies : Invalid condition id : UX DEVICE CLASS RTOS Condition cause : null
2023-10-12 14:16:00,704 [WARN] ConditionMgr:1039 - genDependencies : Invalid condition id : UX DEVICE CLASS RTOS Condition cause : null
2023-10-12 14:16:00,723 [WARN] PackLoader:240 - Cannot read IP mode file for STMicroelectronics.X-CUBE-NFC7.1.0.1
2023-10-12 14:16:00,749 [WARN] PackLoader:240 - Cannot read IP mode file for STMicroelectronics.X-CUBE-NFC7.1.0.0
2023-10-12 14:16:00,775 [WARN] PackLoader:240 - Cannot read IP mode file for STMicroelectronics.X-CUBE-NFC6.3.0.0
2023-10-12 14:16:00,787 [WARN] PackLoader:240 - Cannot read IP mode file for STMicroelectronics.X-CUBE-EEPRMA1.4.1.0
2023-10-12 14:16:00,806 [WARN] PackLoader:240 - Cannot read IP mode file for STMicroelectronics.X-CUBE-AI.8.1.0
2023-10-12 14:16:00,846 [WARN] ConditionMgr:438 - getConditionDescription Invalid condition id : LAN8742 Phy interface Condition cause : null
2023-10-12 14:16:00,850 [WARN] PackLoader:240 - Cannot read IP mode file for STMicroelectronics.X-CUBE-AZRTOS-L4.2.0.0
2023-10-12 14:16:00,852 [WARN] ConditionMgr:1039 - genDependencies : Invalid condition id : LAN8742 Phy interface Condition cause : null
2023-10-12 14:16:00,853 [WARN] ConditionMgr:1039 - genDependencies : Invalid condition id : LAN8742 Phy interface Condition cause : null
2023-10-12 14:16:00,854 [WARN] ConditionMgr:1039 - genDependencies : Invalid condition id : LAN8742 Phy interface Condition cause : null
2023-10-12 14:16:00,866 [WARN] PackLoader:240 - Cannot read IP mode file for STMicroelectronics.X-CUBE-SFXS2LP1.4.0.0
2023-10-12 14:16:00,906 [WARN] PackLoader:240 - Cannot read IP mode file for STMicroelectronics.X-CUBE-AZRTOS-H7.3.0.0
2023-10-12 14:16:00,915 [WARN] PackLoader:240 - Cannot read IP mode file for STMicroelectronics.X-CUBE-ISPU.1.1.0
2023-10-12 14:16:00,925 [WARN] PackLoader:240 - Cannot read IP mode file for RoweBots.I-CUBE-UNISONRTOS.5.5.0-4
2023-10-12 14:16:00,931 [WARN] PackLoader:240 - Cannot read IP mode file for wolfSSL.I-CUBE-wolfSSL.5.4.0
2023-10-12 14:16:00,935 [WARN] PackLoader:240 - Cannot read IP mode file for STMicroelectronics.X-CUBE-AI.8.0.0
2023-10-12 14:16:00,953 [WARN] ConditionMgr:438 - getConditionDescription Invalid condition id : UX DEVICE CLASS RTOS Condition cause : null
2023-10-12 14:16:00,953 [WARN] ConditionMgr:438 - getConditionDescription Invalid condition id : UX DEVICE CLASS RTOS Condition cause : null
2023-10-12 14:16:00,957 [WARN] PackLoader:240 - Cannot read IP mode file for STMicroelectronics.X-CUBE-AZRTOS-WB.2.0.0
2023-10-12 14:16:00,958 [WARN] ConditionMgr:1039 - genDependencies : Invalid condition id : UX DEVICE CLASS RTOS Condition cause : null
2023-10-12 14:16:00,958 [WARN] ConditionMgr:1039 - genDependencies : Invalid condition id : UX DEVICE CLASS RTOS Condition cause : null
2023-10-12 14:16:00,959 [WARN] ConditionMgr:1039 - genDependencies : Invalid condition id : UX DEVICE CLASS RTOS Condition cause : null
2023-10-12 14:16:00,960 [WARN] ConditionMgr:1039 - genDependencies : Invalid condition id : UX DEVICE CLASS RTOS Condition cause : null
2023-10-12 14:16:00,960 [WARN] ConditionMgr:1039 - genDependencies : Invalid condition id : UX DEVICE CLASS RTOS Condition cause : null
2023-10-12 14:16:00,967 [WARN] PackLoader:240 - Cannot read IP mode file for STMicroelectronics.X-CUBE-FREERTOS.1.0.0
2023-10-12 14:16:00,973 [WARN] PackLoader:240 - Cannot read IP mode file for STMicroelectronics.X-CUBE-FREERTOS.1.0.1
2023-10-12 14:16:00,984 [WARN] PackLoader:240 - Cannot read IP mode file for STMicroelectronics.X-CUBE-BLEMGR.1.0.0
2023-10-12 14:16:01,021 [WARN] PackLoader:240 - Cannot read IP mode file for STMicroelectronics.X-CUBE-AZRTOS-L5.1.1.0
2023-10-12 14:16:01,030 [WARN] PackLoader:240 - Cannot read IP mode file for STMicroelectronics.X-CUBE-AI.8.0.1
2023-10-12 14:16:01,044 [WARN] PackLoader:240 - Cannot read IP mode file for STMicroelectronics.X-CUBE-SUBG2.5.0.0
2023-10-12 14:16:01,061 [WARN] PackLoader:240 - Cannot read IP mode file for STMicroelectronics.X-CUBE-TOF1.3.3.1
2023-10-12 14:16:01,127 [WARN] PackLoader:240 - Cannot read IP mode file for STMicroelectronics.X-CUBE-AZRTOS-G4.2.0.0
2023-10-12 14:16:01,142 [WARN] PackLoader:240 - Cannot read IP mode file for STMicroelectronics.X-CUBE-TOF1.3.3.0
2023-10-12 14:16:01,160 [WARN] PackLoader:240 - Cannot read IP mode file for STMicroelectronics.FP-ATR-ASTRA1.1.1.1
2023-10-12 14:16:01,176 [WARN] PackLoader:240 - Cannot read IP mode file for Infineon.AIROC-Wi-Fi-Bluetooth-STM32.1.5.1
2023-10-12 14:16:01,186 [WARN] PackLoader:240 - Cannot read IP mode file for STMicroelectronics.FP-ATR-ASTRA1.1.1.0
2023-10-12 14:16:01,204 [WARN] PackLoader:240 - Cannot read IP mode file for STMicroelectronics.X-CUBE-AZRTOS-G4.1.0.0
2023-10-12 14:16:01,232 [WARN] PackLoader:240 - Cannot read IP mode file for STMicroelectronics.X-CUBE-AZRTOS-L4.1.0.0
2023-10-12 14:16:01,244 [WARN] PackLoader:240 - Cannot read IP mode file for STMicroelectronics.X-CUBE-FREERTOS.1.1.0
2023-10-12 14:16:01,260 [WARN] PackLoader:240 - Cannot read IP mode file for STMicroelectronics.X-CUBE-AZRTOS-WL.1.0.0
2023-10-12 14:16:01,270 [WARN] PackLoader:240 - Cannot read IP mode file for portGmbH.I-Cube-SoM-uGOAL.1.1.0
2023-10-12 14:16:01,278 [WARN] PackLoader:240 - Cannot read IP mode file for STMicroelectronics.X-CUBE-ALS.1.0.1
2023-10-12 14:16:01,296 [WARN] PackLoader:240 - Cannot read IP mode file for STMicroelectronics.X-CUBE-AZRTOS-WB.1.1.0
2023-10-12 14:16:01,320 [WARN] PackLoader:240 - Cannot read IP mode file for STMicroelectronics.X-CUBE-AZRTOS-L5.1.0.0
2023-10-12 14:16:01,326 [WARN] PackLoader:240 - Cannot read IP mode file for STMicroelectronics.X-CUBE-EEPRMA1.3.1.1
2023-10-12 14:16:01,331 [WARN] PackLoader:240 - Cannot read IP mode file for STMicroelectronics.FP-ATR-ASTRA1.2.0.0
2023-10-12 14:16:01,333 [INFO] ThirdParty:978 - Integrity check success = true
2023-10-12 14:16:01,333 [INFO] IntegrityCheckThread:100 - exiting critical section [integrity check]
2023-10-12 14:16:01,334 [INFO] IntegrityCheckThread:103 - End integrity checks thread
2023-10-12 14:16:01,334 [INFO] ThirdParty:873 - entering critical section [close project]
2023-10-12 14:16:01,337 [INFO] ThirdParty:883 - exiting critical section [close project]
2023-10-12 14:16:01,347 [INFO] PinOutPanel:1499 - setPackage(No Configuration,No Configuration)
2023-10-12 14:16:01,360 [INFO] UtilMem:75 - Begin LoadConfig() Used Memory: 359448872 Bytes (509607936)
2023-10-12 14:16:01,363 [INFO] MicroXplorer:468 - Change Database Path : 
2023-10-12 14:16:01,363 [INFO] MicroXplorer:498 - Change Database Version : DB.6.0.81
2023-10-12 14:16:01,364 [INFO] OpenFileManager:308 - Change cursor
2023-10-12 14:16:01,492 [INFO] Mcu:1937 - Initializing MCU STM32G030C(6-8)Tx STM32G030C8Tx STM32G031K8T6
2023-10-12 14:16:29,312 [INFO] Context:659 - Trying to add GPIOservice into a context  which must be forbidden
2023-10-12 14:16:30,607 [INFO] RtosManager:555 - Registered RTOS mode: class=CMSIS, group=RTOS, mode=CMSIS_V1, owner=FREERTOS
2023-10-12 14:16:30,608 [INFO] RtosManager:555 - Registered RTOS mode: class=CMSIS, group=RTOS2, mode=CMSIS_V2, owner=FREERTOS
2023-10-12 14:16:30,608 [INFO] RtosManager:555 - Registered RTOS mode: class=RTOS, group=Core, mode=CMSIS_V1, owner=FREERTOS
2023-10-12 14:16:30,608 [INFO] RtosManager:555 - Registered RTOS mode: class=RTOS, group=Core, mode=CMSIS_V2, owner=FREERTOS
2023-10-12 14:16:30,609 [WARN] ModelIntegratedComponent:184 - Missing modes for component STMicroelectronics:FreeRTOS:0.0.1:STMicroelectronics:RTOS:FreeRTOS:Core:::10.2.0:
2023-10-12 14:16:30,623 [WARN] ModelIntegratedComponent:63 - No mode defined for component null
2023-10-12 14:16:30,623 [WARN] ModelIntegratedComponent:63 - No mode defined for component null
2023-10-12 14:16:30,623 [WARN] ModelIntegratedComponent:63 - No mode defined for component null
2023-10-12 14:16:30,623 [WARN] ModelIntegratedComponent:63 - No mode defined for component null
2023-10-12 14:16:30,624 [WARN] ModelIntegratedComponent:63 - No mode defined for component null
2023-10-12 14:16:30,624 [WARN] ModelIntegratedComponent:63 - No mode defined for component null
2023-10-12 14:16:30,624 [WARN] ModelIntegratedComponent:63 - No mode defined for component null
2023-10-12 14:16:30,624 [WARN] ModelIntegratedComponent:63 - No mode defined for component null
2023-10-12 14:16:30,624 [WARN] ModelIntegratedComponent:63 - No mode defined for component null
2023-10-12 14:16:30,624 [WARN] ModelIntegratedComponent:63 - No mode defined for component null
2023-10-12 14:16:30,624 [WARN] ModelIntegratedComponent:63 - No mode defined for component null
2023-10-12 14:16:30,624 [WARN] ModelIntegratedComponent:63 - No mode defined for component null
2023-10-12 14:16:30,624 [WARN] ModelIntegratedComponent:63 - No mode defined for component null
2023-10-12 14:16:30,624 [WARN] ModelIntegratedComponent:63 - No mode defined for component null
2023-10-12 14:16:30,624 [WARN] ModelIntegratedComponent:63 - No mode defined for component null
2023-10-12 14:16:30,624 [WARN] ModelIntegratedComponent:63 - No mode defined for component null
2023-10-12 14:16:30,624 [WARN] ModelIntegratedComponent:63 - No mode defined for component null
2023-10-12 14:16:30,624 [WARN] ModelIntegratedComponent:63 - No mode defined for component null
2023-10-12 14:16:30,625 [WARN] ModelIntegratedComponent:63 - No mode defined for component null
2023-10-12 14:16:30,625 [WARN] ModelIntegratedComponent:63 - No mode defined for component null
2023-10-12 14:16:30,625 [WARN] ModelIntegratedComponent:63 - No mode defined for component null
2023-10-12 14:16:30,625 [WARN] ModelIntegratedComponent:63 - No mode defined for component null
2023-10-12 14:16:30,625 [WARN] ModelIntegratedComponent:63 - No mode defined for component null
2023-10-12 14:16:30,625 [WARN] ModelIntegratedComponent:63 - No mode defined for component null
2023-10-12 14:16:30,625 [WARN] ModelIntegratedComponent:63 - No mode defined for component null
2023-10-12 14:16:30,625 [WARN] ModelIntegratedComponent:63 - No mode defined for component null
2023-10-12 14:16:30,625 [WARN] ModelIntegratedComponent:63 - No mode defined for component null
2023-10-12 14:16:30,625 [WARN] ModelIntegratedComponent:63 - No mode defined for component null
2023-10-12 14:16:30,625 [WARN] ModelIntegratedComponent:63 - No mode defined for component null
2023-10-12 14:16:30,625 [WARN] ModelIntegratedComponent:63 - No mode defined for component null
2023-10-12 14:16:30,626 [WARN] ModelIntegratedComponent:63 - No mode defined for component null
2023-10-12 14:16:30,626 [WARN] ModelIntegratedComponent:63 - No mode defined for component null
2023-10-12 14:16:30,626 [WARN] ModelIntegratedComponent:63 - No mode defined for component null
2023-10-12 14:16:30,983 [INFO] ThirdPartyModel:298 - Start build external matchings
2023-10-12 14:16:32,895 [INFO] ThirdPartyModel:316 - End build external matchings
2023-10-12 14:16:32,986 [INFO] ImportTextPane:194 - (OptionalMessage_ERROR) IP (DMA) : Parameter (Instance) has Id (ADC1) currently not set
2023-10-12 14:16:32,986 [INFO] ImportTextPane:194 - (OptionalMessage_ERROR) IP (DMA) : Parameter (Request) has Id (ADC1) currently not set
2023-10-12 14:16:32,986 [INFO] ImportTextPane:194 - (OptionalMessage_ERROR) IP (DMA) : Parameter (Direction) has Id (ADC1) currently not set
2023-10-12 14:16:32,987 [INFO] ImportTextPane:194 - (OptionalMessage_ERROR) IP (DMA) : Parameter (PeriphInc) has Id (ADC1) currently not set
2023-10-12 14:16:32,987 [INFO] ImportTextPane:194 - (OptionalMessage_ERROR) IP (DMA) : Parameter (MemInc) has Id (ADC1) currently not set
2023-10-12 14:16:32,987 [INFO] ImportTextPane:194 - (OptionalMessage_ERROR) IP (DMA) : Parameter (PeriphDataAlignment) has Id (ADC1) currently not set
2023-10-12 14:16:32,988 [INFO] ImportTextPane:194 - (OptionalMessage_ERROR) IP (DMA) : Parameter (MemDataAlignment) has Id (ADC1) currently not set
2023-10-12 14:16:32,989 [INFO] ImportTextPane:194 - (OptionalMessage_ERROR) IP (DMA) : Parameter (Mode) has Id (ADC1) currently not set
2023-10-12 14:16:32,989 [INFO] ImportTextPane:194 - (OptionalMessage_ERROR) IP (DMA) : Parameter (Priority) has Id (ADC1) currently not set
2023-10-12 14:16:32,989 [INFO] ImportTextPane:194 - (OptionalMessage_ERROR) IP (DMA) : Parameter (SignalID) has Id (ADC1) currently not set
2023-10-12 14:16:32,989 [INFO] ImportTextPane:194 - (OptionalMessage_ERROR) IP (DMA) : Parameter (Polarity) has Id (ADC1) currently not set
2023-10-12 14:16:32,989 [INFO] ImportTextPane:194 - (OptionalMessage_ERROR) IP (DMA) : Parameter (RequestNumber) has Id (ADC1) currently not set
2023-10-12 14:16:32,989 [INFO] ImportTextPane:194 - (OptionalMessage_ERROR) IP (DMA) : Parameter (SyncSignalID) has Id (ADC1) currently not set
2023-10-12 14:16:32,989 [INFO] ImportTextPane:194 - (OptionalMessage_ERROR) IP (DMA) : Parameter (SyncPolarity) has Id (ADC1) currently not set
2023-10-12 14:16:32,989 [INFO] ImportTextPane:194 - (OptionalMessage_ERROR) IP (DMA) : Parameter (SyncEnable) has Id (ADC1) currently not set
2023-10-12 14:16:32,989 [INFO] ImportTextPane:194 - (OptionalMessage_ERROR) IP (DMA) : Parameter (EventEnable) has Id (ADC1) currently not set
2023-10-12 14:16:32,990 [INFO] ImportTextPane:194 - (OptionalMessage_ERROR) IP (DMA) : Parameter (SyncRequestNumber) has Id (ADC1) currently not set
2023-10-12 14:16:33,028 [WARN] IP:2113 - FIFOMode not found: check if there is a RefParameter without a condition.
2023-10-12 14:16:33,029 [WARN] IP:2113 - TXFIFOThreshold not found: check if there is a RefParameter without a condition.
2023-10-12 14:16:33,029 [WARN] IP:2113 - RXFIFOThreshold not found: check if there is a RefParameter without a condition.
2023-10-12 14:16:33,029 [WARN] IP:2113 - AutoBaudRateEnableParam not found: check if there is a RefParameter without a condition.
2023-10-12 14:16:36,453 [INFO] UtilMem:75 - End LoadConfig() Used Memory: 509765760 Bytes (553648128)
2023-10-12 14:16:36,657 [INFO] ApiDb:581 - Connected to CubeFinder SQLite database (C:\Users\KDS-LTP-0415\.stmcufinder\plugins\mcufinder\mcu\cube-finder-db.db)
2023-10-12 14:16:36,736 [INFO] ApiDb:668 - CubeFinder database Data Model version=2.1
2023-10-12 14:16:36,736 [INFO] ApiDb:669 - CubeFinder database Configuration version=3.0.37
2023-10-12 14:16:36,736 [INFO] ApiDb:670 - CubeFinder database generation date=2023-08-09 (1691586011)
2023-10-12 14:16:36,736 [INFO] ApiDb:671 - CubeFinder database FW Pack versions=[FP-ATR-ASTRA1_V2.0.0, FP-SNS-FLIGHT1_V5.0.1, FP-SNS-FLIGHT1_V5.0.2, FP-SNS-MOTENV1_V4.3.1, FP-SNS-MOTENV1_V4.3.2, STM32Cube_FW_C0_V1.1.0, STM32Cube_FW_F4_V1.27.1, STM32Cube_FW_F7_V1.17.0, STM32Cube_FW_G0_V1.6.1, STM32Cube_FW_G4_V1.5.1, STM32Cube_FW_H5_V0.5.1, STM32Cube_FW_H5_V1.1.0, STM32Cube_FW_H7_V1.11.0, STM32Cube_FW_L0_V1.12.2, STM32Cube_FW_L5_V1.5.0, STM32Cube_FW_U5_V1.3.0, STM32Cube_FW_U5_V1.3.0RC4, STM32Cube_FW_WBA_V1.0.0RC1, STM32Cube_FW_WBA_V1.1.0, STM32Cube_FW_WBA_V1.1.0RC1, STM32Cube_FW_WB_V1.15.0RC1, STM32Cube_FW_WB_V1.16.0, STM32Cube_FW_WB_V1.16.0RC2, STM32Cube_FW_WB_V1.17.0, STM32Cube_FW_WL_V1.3.0, X-CUBE-ALGOBUILD_V1.3.0, X-CUBE-ALS_V1.0.1, X-CUBE-AZRTOS-F4_V1.1.0, X-CUBE-AZRTOS-F7_V1.1.0, X-CUBE-AZRTOS-G0_V1.1.0, X-CUBE-AZRTOS-G4_V2.0.0, X-CUBE-AZRTOS-H7_V3.1.0, X-CUBE-AZRTOS-L4_V1.0.0, X-CUBE-AZRTOS-L4_V2.0.0, X-CUBE-AZRTOS-L5_V1.1.0, X-CUBE-AZRTOS-WB_V1.1.0, X-CUBE-AZRTOS-WL_V2.0.0, X-CUBE-BLE1_V7.0.0, X-CUBE-BLE2_V3.3.0, X-CUBE-BLEMGR_V2.0.0, X-CUBE-EEPRMA1_V4.1.0, X-CUBE-FREERTOS_V1.1.0, X-CUBE-GNSS1_V6.0.0, X-CUBE-MEMS1_V9.1.0, X-CUBE-MEMS1_V9.4.0, X-CUBE-MEMS1_V9.6.0, X-CUBE-NFC4_V3.0.0, X-CUBE-NFC7_V1.0.0, X-CUBE-SFXS2LP1_V4.0.0, X-CUBE-SUBG2_V5.0.0, X-CUBE-TOF1_V3.3.1]
2023-10-12 14:16:39,899 [INFO] ApiDb:240 - Found 297 in-development CPN: [B-G473E-ZEST1S, B-WB1M-WPAN1, B-WL5M-SUBG1, NUCLEO-C031C6, NUCLEO-H503RB, NUCLEO-H563ZI, NUCLEO-U545RE-Q, NUCLEO-U5A5ZJ-Q, NUCLEO-WBA52CG, STEVAL-PROTEUS1, STEVAL-STWINBX1, STM320518-EVAL, STM32C0116-DK, STM32C011D6Y3TR, STM32C011D6Y6TR, STM32C011F4P3, STM32C011F4P6, STM32C011F4U3, STM32C011F4U6TR, STM32C011F6P3, STM32C011F6P6, STM32C011F6U3, STM32C011F6U6TR, STM32C011J4M3, STM32C011J4M6, STM32C011J6M3, STM32C011J6M6, STM32C0316-DK, STM32C031C4T3, STM32C031C4T6, STM32C031C4U3, STM32C031C4U6, STM32C031C6T3, STM32C031C6T6, STM32C031C6U3, STM32C031C6U6, STM32C031F4P3, STM32C031F4P6, STM32C031F6P3, STM32C031F6P6, STM32C031G4U3, STM32C031G4U6, STM32C031G6U3, STM32C031G6U6, STM32C031K4T3, STM32C031K4T6, STM32C031K4U3, STM32C031K4U6, STM32C031K6T3, STM32C031K6T6, STM32C031K6U3, STM32C031K6U6, STM32G071K8TXN, STM32G071K8UXN, STM32G081GBU6N, STM32G081KBT6N, STM32G081KBUXN, STM32G0B1CCT6N, STM32G0B1KCT6, STM32G0B1NEY6TR, STM32G0B1RCT6N, STM32G0C1CCT6, STM32G0C1CCT6N, STM32G0C1CCU6N, STM32G0C1CET6N, STM32G0C1CEU6N, STM32G0C1KCT6, STM32G0C1NEY6TR, STM32G0C1RCI6N, STM32G0C1RCT6N, STM32G0C1REI6N, STM32G0C1RET6N, STM32G0C1VCI6, STM32G0C1VEI6, STM32G471CCT6, STM32G471CCU6, STM32G471CET3, STM32G471CET6, STM32G471CEU3, STM32G471CEU6, STM32G471MCT6, STM32G471MET3, STM32G471MET6, STM32G471MEY6TR, STM32G471QCT6, STM32G471QET3, STM32G471RCT6, STM32G471RET3, STM32G471RET6, STM32G471VCH6, STM32G471VCI6, STM32G471VCT6, STM32G471VEH3, STM32G471VEH6, STM32G471VEI3, STM32G471VEI6, STM32G471VET3, STM32G471VET6, STM32G474CCT6, STM32H503CBT6, STM32H503CBU6, STM32H503EBY6TR, STM32H503KBU6, STM32H503RBT6, STM32H562AGI6, STM32H562AII6, STM32H562IGK6, STM32H562IGT6, STM32H562IIK6, STM32H562IIT6, STM32H562RGT6, STM32H562RGV6, STM32H562RIT6, STM32H562RIV6, STM32H562VGT6, STM32H562VIT6, STM32H562ZGT6, STM32H562ZIT6, STM32H563AGI6, STM32H563AII3Q, STM32H563AII6, STM32H563IGK6, STM32H563IGT6, STM32H563IIK3Q, STM32H563IIK6, STM32H563IIT3Q, STM32H563IIT6, STM32H563MIY3QTR, STM32H563RGT6, STM32H563RGV6, STM32H563RIT6, STM32H563RIV6, STM32H563VGT6, STM32H563VIT3Q, STM32H563VIT6, STM32H563ZGT6, STM32H563ZIT3Q, STM32H563ZIT6, STM32H573AII3Q, STM32H573AII6, STM32H573I-DK, STM32H573IIK3Q, STM32H573IIK6, STM32H573IIT3Q, STM32H573IIT6, STM32H573MIY3QTR, STM32H573RIT6, STM32H573RIV6, STM32H573VIT3Q, STM32H573VIT6, STM32H573ZIT3Q, STM32H573ZIT6, STM32L4R5QGI6STR, STM32MP131AAE3, STM32MP131AAF3, STM32MP131AAG3, STM32MP131CAE3, STM32MP131CAF3, STM32MP131CAG3, STM32MP131DAE7, STM32MP131DAF7, STM32MP131DAG7, STM32MP131FAE7, STM32MP131FAF7, STM32MP131FAG7, STM32MP133AAE3, STM32MP133AAF3, STM32MP133AAG3, STM32MP133CAE3, STM32MP133CAF3, STM32MP133CAG3, STM32MP133DAE7, STM32MP133DAF7, STM32MP133DAG7, STM32MP133FAE7, STM32MP133FAF7, STM32MP133FAG7, STM32MP135AAE3, STM32MP135AAF3, STM32MP135AAG3, STM32MP135CAE3, STM32MP135CAF3, STM32MP135CAG3, STM32MP135DAE7, STM32MP135DAF7, STM32MP135DAG7, STM32MP135F-DK, STM32MP135FAE7, STM32MP135FAF7, STM32MP135FAF7T, STM32MP135FAF7U, STM32MP135FAG7, STM32U535CBT6, STM32U535CBT6Q, STM32U535CBU6, STM32U535CBU6Q, STM32U535CCT6, STM32U535CCT6Q, STM32U535CCU6, STM32U535CCU6Q, STM32U535CET6, STM32U535CET6Q, STM32U535CEU6, STM32U535CEU6Q, STM32U535JEY6QTR, STM32U535NCY6QTR, STM32U535NEY6QTR, STM32U535RBI6, STM32U535RBI6Q, STM32U535RBT6, STM32U535RBT6Q, STM32U535RCI6, STM32U535RCI6Q, STM32U535RCT6, STM32U535RCT6Q, STM32U535REI6, STM32U535REI6Q, STM32U535RET6, STM32U535RET6Q, STM32U535VCI6, STM32U535VCI6Q, STM32U535VCT6, STM32U535VCT6Q, STM32U535VEI6, STM32U535VEI6Q, STM32U535VET6, STM32U535VET6Q, STM32U545CET6, STM32U545CET6Q, STM32U545CEU6, STM32U545CEU6Q, STM32U545JEY6QTR, STM32U545NEY6QTR, STM32U545REI6, STM32U545REI6Q, STM32U545RET6, STM32U545RET6Q, STM32U545VEI6, STM32U545VEI6Q, STM32U545VET6, STM32U545VET6Q, STM32U595AIH6, STM32U595AIH6Q, STM32U595AJH6, STM32U595AJH6Q, STM32U595QII6, STM32U595QII6Q, STM32U595QJI6, STM32U595QJI6Q, STM32U595RIT6, STM32U595RIT6Q, STM32U595RJT6, STM32U595RJT6Q, STM32U595VIT6, STM32U595VIT6Q, STM32U595VJT6, STM32U595VJT6Q, STM32U595ZIT6, STM32U595ZIT6Q, STM32U595ZIY6QTR, STM32U595ZJT6, STM32U595ZJT6Q, STM32U595ZJY6QTR, STM32U599BJY6QTR, STM32U599NIH6Q, STM32U599NJH6Q, STM32U599VIT6Q, STM32U599VJT6, STM32U599VJT6Q, STM32U599ZIT6Q, STM32U599ZIY6QTR, STM32U599ZJT6Q, STM32U599ZJY6QTR, STM32U5A5AJH6, STM32U5A5AJH6Q, STM32U5A5QJI6, STM32U5A5QJI6Q, STM32U5A5RJT6, STM32U5A5RJT6Q, STM32U5A5VJT6, STM32U5A5VJT6Q, STM32U5A5ZJT6, STM32U5A5ZJT6Q, STM32U5A5ZJY6QTR, STM32U5A9BJY6QTR, STM32U5A9J-DK, STM32U5A9NJH6Q, STM32U5A9VJT6Q, STM32U5A9ZJT6Q, STM32U5A9ZJY6QTR, STM32WB1MMCH6, STM32WBA52CEU6, STM32WBA52CEU6T, STM32WBA52CGU6, STM32WBA52CGU6T, STM32WL5MOCH6, STM32WL5MOCH6TR]
2023-10-12 14:16:39,914 [INFO] DbMcus:216 - Found 3825 MCUs, 3825 are supported
2023-10-12 14:16:39,914 [INFO] ApiDb:423 - Load user favorites file C:\Users\KDS-LTP-0415/.stm32cubeide/favorites.mcus.txt: 0 item(s)
2023-10-12 14:16:39,914 [INFO] ApiDb:427 - User favorites MCUs=[]
2023-10-12 14:16:39,914 [INFO] DbMcus:222 - Set 0 / 0 favorites MCUs
2023-10-12 14:16:40,338 [WARN] ThirdParty:833 - waiting for thirdparty lock release [change project]
2023-10-12 14:16:40,338 [INFO] ThirdParty:835 - entering critical section [change project]
2023-10-12 14:16:40,338 [INFO] ThirdParty:1030 - CMSIS Pack Vendor :STMicroelectronics X-CUBE-GNSS1 6.0.0
2023-10-12 14:16:40,338 [INFO] ThirdParty:1030 - CMSIS Pack Vendor :STMicroelectronics USB_HOST 2.0.0
2023-10-12 14:16:40,338 [INFO] ThirdParty:1030 - CMSIS Pack Vendor :STMicroelectronics X-CUBE-AZRTOS-F4 1.1.0
2023-10-12 14:16:40,338 [INFO] ThirdParty:1030 - CMSIS Pack Vendor :STMicroelectronics LIBJPEG 8.0.0
2023-10-12 14:16:40,338 [INFO] ThirdParty:1030 - CMSIS Pack Vendor :wolfSSL I-CUBE-wolfSSL 5.6.3
2023-10-12 14:16:40,338 [INFO] ThirdParty:1030 - CMSIS Pack Vendor :STMicroelectronics X-CUBE-SMBUS 2.1.0
2023-10-12 14:16:40,338 [INFO] ThirdParty:1030 - CMSIS Pack Vendor :wolfSSL I-CUBE-wolfSSL 5.6.0
2023-10-12 14:16:40,338 [INFO] ThirdParty:1030 - CMSIS Pack Vendor :STMicroelectronics X-CUBE-BLEMGR 1.2.0
2023-10-12 14:16:40,338 [INFO] ThirdParty:1030 - CMSIS Pack Vendor :STMicroelectronics X-CUBE-AZRTOS-F7 1.1.0
2023-10-12 14:16:40,338 [INFO] ThirdParty:1030 - CMSIS Pack Vendor :STMicroelectronics X-CUBE-AZRTOS-L5 2.0.0
2023-10-12 14:16:40,338 [INFO] ThirdParty:1030 - CMSIS Pack Vendor :STMicroelectronics USB_DEVICE 2.0.0
2023-10-12 14:16:40,338 [INFO] ThirdParty:1030 - CMSIS Pack Vendor :STMicroelectronics X-CUBE-MEMS1 9.6.0
2023-10-12 14:16:40,338 [INFO] ThirdParty:1030 - CMSIS Pack Vendor :ITTIA_DB I-CUBE-ITTIADB 8.8.0
2023-10-12 14:16:40,338 [INFO] ThirdParty:1030 - CMSIS Pack Vendor :STMicroelectronics FP-SNS-MOTENV1 4.3.0
2023-10-12 14:16:40,338 [INFO] ThirdParty:1030 - CMSIS Pack Vendor :STMicroelectronics FP-SNS-MOTENV1 4.3.2
2023-10-12 14:16:40,338 [INFO] ThirdParty:1030 - CMSIS Pack Vendor :STMicroelectronics FP-SNS-FLIGHT1 5.0.0
2023-10-12 14:16:40,338 [INFO] ThirdParty:1030 - CMSIS Pack Vendor :STMicroelectronics FP-SNS-MOTENV1 4.3.1
2023-10-12 14:16:40,338 [INFO] ThirdParty:1030 - CMSIS Pack Vendor :STMicroelectronics FP-SNS-FLIGHT1 5.0.1
2023-10-12 14:16:40,338 [INFO] ThirdParty:1030 - CMSIS Pack Vendor :STMicroelectronics X-CUBE-BLE1 6.2.3
2023-10-12 14:16:40,338 [INFO] ThirdParty:1030 - CMSIS Pack Vendor :STMicroelectronics X-CUBE-BLE1 6.2.4
2023-10-12 14:16:40,338 [INFO] ThirdParty:1030 - CMSIS Pack Vendor :STMicroelectronics FreeRTOS 0.0.1
2023-10-12 14:16:40,338 [INFO] ThirdParty:1030 - CMSIS Pack Vendor :emotas I-CUBE-CANOPEN 1.1.3
2023-10-12 14:16:40,338 [INFO] ThirdParty:1030 - CMSIS Pack Vendor :STMicroelectronics X-CUBE-BLEMGR 2.0.0
2023-10-12 14:16:40,338 [INFO] ThirdParty:1030 - CMSIS Pack Vendor :STMicroelectronics FP-SNS-FLIGHT1 5.0.2
2023-10-12 14:16:40,338 [INFO] ThirdParty:1030 - CMSIS Pack Vendor :STMicroelectronics X-CUBE-NFC4 2.0.5
2023-10-12 14:16:40,338 [INFO] ThirdParty:1030 - CMSIS Pack Vendor :STMicroelectronics X-CUBE-NFC4 2.0.4
2023-10-12 14:16:40,338 [INFO] ThirdParty:1030 - CMSIS Pack Vendor :STMicroelectronics X-CUBE-AZRTOS-H7 3.1.0
2023-10-12 14:16:40,338 [INFO] ThirdParty:1030 - CMSIS Pack Vendor :STMicroelectronics PDM2PCM 3.3.0
2023-10-12 14:16:40,338 [INFO] ThirdParty:1030 - CMSIS Pack Vendor :STMicroelectronics X-CUBE-TOF1 3.1.0
2023-10-12 14:16:40,338 [INFO] ThirdParty:1030 - CMSIS Pack Vendor :STMicroelectronics X-CUBE-DISPLAY 3.0.0
2023-10-12 14:16:40,338 [INFO] ThirdParty:1030 - CMSIS Pack Vendor :STMicroelectronics X-CUBE-BLE1 7.0.0
2023-10-12 14:16:40,338 [INFO] ThirdParty:1030 - CMSIS Pack Vendor :STMicroelectronics HAL Drivers 0.0.0
2023-10-12 14:16:40,338 [INFO] ThirdParty:1030 - CMSIS Pack Vendor :emotas I-CUBE-CANOPEN 1.3.0
2023-10-12 14:16:40,338 [INFO] ThirdParty:1030 - CMSIS Pack Vendor :STMicroelectronics X-CUBE-TOUCHGFX 4.22.0
2023-10-12 14:16:40,338 [INFO] ThirdParty:1030 - CMSIS Pack Vendor :STMicroelectronics X-CUBE-NFC7 1.0.1
2023-10-12 14:16:40,338 [INFO] ThirdParty:1030 - CMSIS Pack Vendor :STMicroelectronics MBEDTLS 2.14.1
2023-10-12 14:16:40,338 [INFO] ThirdParty:1030 - CMSIS Pack Vendor :STMicroelectronics X-CUBE-NFC7 1.0.0
2023-10-12 14:16:40,338 [INFO] ThirdParty:1030 - CMSIS Pack Vendor :STMicroelectronics X-CUBE-TOUCHGFX 4.22.1
2023-10-12 14:16:40,338 [INFO] ThirdParty:1030 - CMSIS Pack Vendor :STMicroelectronics X-CUBE-NFC6 3.0.0
2023-10-12 14:16:40,338 [INFO] ThirdParty:1030 - CMSIS Pack Vendor :STMicroelectronics X-CUBE-MEMS1 9.3.0
2023-10-12 14:16:40,338 [INFO] ThirdParty:1030 - CMSIS Pack Vendor :STMicroelectronics X-CUBE-EEPRMA1 4.1.0
2023-10-12 14:16:40,338 [INFO] ThirdParty:1030 - CMSIS Pack Vendor :STMicroelectronics X-CUBE-AI 7.2.0
2023-10-12 14:16:40,338 [INFO] ThirdParty:1030 - CMSIS Pack Vendor :STMicroelectronics FP-SNS-SMARTAG2 1.2.0
2023-10-12 14:16:40,338 [INFO] ThirdParty:1030 - CMSIS Pack Vendor :STMicroelectronics X-CUBE-AZRTOS-WL 2.0.0
2023-10-12 14:16:40,338 [INFO] ThirdParty:1030 - CMSIS Pack Vendor :STMicroelectronics USB_DEVICE 1.0.0
2023-10-12 14:16:40,338 [INFO] ThirdParty:1030 - CMSIS Pack Vendor :STMicroelectronics X-CUBE-AI 8.1.0
2023-10-12 14:16:40,338 [INFO] ThirdParty:1030 - CMSIS Pack Vendor :STMicroelectronics X-CUBE-AZRTOS-L4 2.0.0
2023-10-12 14:16:40,338 [INFO] ThirdParty:1030 - CMSIS Pack Vendor :STMicroelectronics ThreadX 0.0.2
2023-10-12 14:16:40,338 [INFO] ThirdParty:1030 - CMSIS Pack Vendor :WES I-CUBE-Cesium 1.3.0
2023-10-12 14:16:40,338 [INFO] ThirdParty:1030 - CMSIS Pack Vendor :STMicroelectronics lwIP 2.1.2
2023-10-12 14:16:40,338 [INFO] ThirdParty:1030 - CMSIS Pack Vendor :STMicroelectronics X-CUBE-SFXS2LP1 4.0.0
2023-10-12 14:16:40,338 [INFO] ThirdParty:1030 - CMSIS Pack Vendor :STMicroelectronics X-CUBE-BLE2 3.3.0
2023-10-12 14:16:40,338 [INFO] ThirdParty:1030 - CMSIS Pack Vendor :STMicroelectronics X-CUBE-DISPLAY 2.2.0
2023-10-12 14:16:40,338 [INFO] ThirdParty:1030 - CMSIS Pack Vendor :STMicroelectronics X-CUBE-TOF1 3.2.0
2023-10-12 14:16:40,338 [INFO] ThirdParty:1030 - CMSIS Pack Vendor :STMicroelectronics PDM2PCM 3.2.0
2023-10-12 14:16:40,338 [INFO] ThirdParty:1030 - CMSIS Pack Vendor :STMicroelectronics X-CUBE-AZRTOS-H7 3.0.0
2023-10-12 14:16:40,338 [INFO] ThirdParty:1030 - CMSIS Pack Vendor :STMicroelectronics X-CUBE-ISPU 1.0.0
2023-10-12 14:16:40,338 [INFO] ThirdParty:1030 - CMSIS Pack Vendor :STMicroelectronics X-CUBE-ISPU 1.1.0
2023-10-12 14:16:40,338 [INFO] ThirdParty:1030 - CMSIS Pack Vendor :RoweBots I-CUBE-UNISONRTOS 5.5.0-4
2023-10-12 14:16:40,338 [INFO] ThirdParty:1030 - CMSIS Pack Vendor :STMicroelectronics X-CUBE-AZRTOS-H7 2.1.0
2023-10-12 14:16:40,338 [INFO] ThirdParty:1030 - CMSIS Pack Vendor :wolfSSL I-CUBE-wolfSSL 5.4.0
2023-10-12 14:16:40,338 [INFO] ThirdParty:1030 - CMSIS Pack Vendor :STMicroelectronics USB_DEVICE 3.0.0
2023-10-12 14:16:40,338 [INFO] ThirdParty:1030 - CMSIS Pack Vendor :STMicroelectronics X-CUBE-AI 8.0.0
2023-10-12 14:16:40,338 [INFO] ThirdParty:1030 - CMSIS Pack Vendor :STMicroelectronics X-CUBE-AZRTOS-WB 2.0.0
2023-10-12 14:16:40,338 [INFO] ThirdParty:1030 - CMSIS Pack Vendor :STMicroelectronics X-CUBE-FREERTOS 1.0.0
2023-10-12 14:16:40,338 [INFO] ThirdParty:1030 - CMSIS Pack Vendor :STMicroelectronics X-CUBE-FREERTOS 1.0.1
2023-10-12 14:16:40,338 [INFO] ThirdParty:1030 - CMSIS Pack Vendor :STMicroelectronics X-CUBE-TOUCHGFX 4.21.1
2023-10-12 14:16:40,338 [INFO] ThirdParty:1030 - CMSIS Pack Vendor :STMicroelectronics X-CUBE-TOUCHGFX 4.21.3
2023-10-12 14:16:40,338 [INFO] ThirdParty:1030 - CMSIS Pack Vendor :STMicroelectronics X-CUBE-BLEMGR 1.0.0
2023-10-12 14:16:40,338 [INFO] ThirdParty:1030 - CMSIS Pack Vendor :STMicroelectronics X-CUBE-TOUCHGFX 4.21.4
2023-10-12 14:16:40,338 [INFO] ThirdParty:1030 - CMSIS Pack Vendor :STMicroelectronics X-CUBE-MEMS1 9.4.0
2023-10-12 14:16:40,338 [INFO] ThirdParty:1030 - CMSIS Pack Vendor :STMicroelectronics X-CUBE-AI 7.3.0
2023-10-12 14:16:40,338 [INFO] ThirdParty:1030 - CMSIS Pack Vendor :EdgeImpulse osugiw-project-1 1.0.1
2023-10-12 14:16:40,338 [INFO] ThirdParty:1030 - CMSIS Pack Vendor :STMicroelectronics X-CUBE-ALGOBUILD 1.3.0
2023-10-12 14:16:40,338 [INFO] ThirdParty:1030 - CMSIS Pack Vendor :STMicroelectronics X-CUBE-AZRTOS-L5 1.1.0
2023-10-12 14:16:40,338 [INFO] ThirdParty:1030 - CMSIS Pack Vendor :STMicroelectronics X-CUBE-AZRTOS-G0 1.1.0
2023-10-12 14:16:40,338 [INFO] ThirdParty:1030 - CMSIS Pack Vendor :STMicroelectronics X-CUBE-AI 8.0.1
2023-10-12 14:16:40,338 [INFO] ThirdParty:1030 - CMSIS Pack Vendor :STMicroelectronics X-CUBE-NFC4 3.0.0
2023-10-12 14:16:40,338 [INFO] ThirdParty:1030 - CMSIS Pack Vendor :SEGGER I-CUBE-embOS 1.2.0
2023-10-12 14:16:40,338 [INFO] ThirdParty:1030 - CMSIS Pack Vendor :STMicroelectronics X-CUBE-SUBG2 5.0.0
2023-10-12 14:16:40,338 [INFO] ThirdParty:1030 - CMSIS Pack Vendor :STMicroelectronics STM32_WPAN 1.0.0
2023-10-12 14:16:40,338 [INFO] ThirdParty:1030 - CMSIS Pack Vendor :STMicroelectronics lwIP 2.0.3
2023-10-12 14:16:40,338 [INFO] ThirdParty:1030 - CMSIS Pack Vendor :STMicroelectronics USB_HOST 1.0.0
2023-10-12 14:16:40,338 [INFO] ThirdParty:1030 - CMSIS Pack Vendor :STMicroelectronics X-CUBE-TOF1 3.3.1
2023-10-12 14:16:40,338 [INFO] ThirdParty:1030 - CMSIS Pack Vendor :STMicroelectronics X-CUBE-AZRTOS-G4 2.0.0
2023-10-12 14:16:40,338 [INFO] ThirdParty:1030 - CMSIS Pack Vendor :STMicroelectronics PDM2PCM 3.1.0
2023-10-12 14:16:40,338 [INFO] ThirdParty:1030 - CMSIS Pack Vendor :STMicroelectronics X-CUBE-TOF1 3.3.0
2023-10-12 14:16:40,338 [INFO] ThirdParty:1030 - CMSIS Pack Vendor :STMicroelectronics FP-ATR-ASTRA1 1.1.1
2023-10-12 14:16:40,338 [INFO] ThirdParty:1030 - CMSIS Pack Vendor :Infineon AIROC-Wi-Fi-Bluetooth-STM32 1.5.1
2023-10-12 14:16:40,338 [INFO] ThirdParty:1030 - CMSIS Pack Vendor :STMicroelectronics FP-ATR-ASTRA1 1.1.0
2023-10-12 14:16:40,338 [INFO] ThirdParty:1030 - CMSIS Pack Vendor :STMicroelectronics X-CUBE-BLEMGR 1.3.0
2023-10-12 14:16:40,338 [INFO] ThirdParty:1030 - CMSIS Pack Vendor :STMicroelectronics FP-ATR-SIGFOX1 3.2.0
2023-10-12 14:16:40,338 [INFO] ThirdParty:1030 - CMSIS Pack Vendor :STMicroelectronics X-CUBE-AZRTOS-G4 1.0.0
2023-10-12 14:16:40,338 [INFO] ThirdParty:1030 - CMSIS Pack Vendor :STMicroelectronics X-CUBE-AZRTOS-L4 1.0.0
2023-10-12 14:16:40,338 [INFO] ThirdParty:1030 - CMSIS Pack Vendor :STMicroelectronics MBEDTLS 2.16.2
2023-10-12 14:16:40,338 [INFO] ThirdParty:1030 - CMSIS Pack Vendor :emotas I-CUBE-CANOPEN 1.1.2
2023-10-12 14:16:40,338 [INFO] ThirdParty:1030 - CMSIS Pack Vendor :STMicroelectronics X-CUBE-TOUCHGFX 4.20.0
2023-10-12 14:16:40,338 [INFO] ThirdParty:1030 - CMSIS Pack Vendor :STMicroelectronics X-CUBE-FREERTOS 1.1.0
2023-10-12 14:16:40,338 [INFO] ThirdParty:1030 - CMSIS Pack Vendor :STMicroelectronics X-CUBE-AZRTOS-WL 1.0.0
2023-10-12 14:16:40,338 [INFO] ThirdParty:1030 - CMSIS Pack Vendor :portGmbH I-Cube-SoM-uGOAL 1.1.0
2023-10-12 14:16:40,338 [INFO] ThirdParty:1030 - CMSIS Pack Vendor :STMicroelectronics X-CUBE-ALS 1.0.1
2023-10-12 14:16:40,338 [INFO] ThirdParty:1030 - CMSIS Pack Vendor :STMicroelectronics X-CUBE-MEMS1 9.5.0
2023-10-12 14:16:40,338 [INFO] ThirdParty:1030 - CMSIS Pack Vendor :STMicroelectronics ThreadX 1.0.0
2023-10-12 14:16:40,338 [INFO] ThirdParty:1030 - CMSIS Pack Vendor :STMicroelectronics X-CUBE-AZRTOS-WB 1.1.0
2023-10-12 14:16:40,338 [INFO] ThirdParty:1030 - CMSIS Pack Vendor :SEGGER I-CUBE-embOS 1.3.1
2023-10-12 14:16:40,338 [INFO] ThirdParty:1030 - CMSIS Pack Vendor :STMicroelectronics X-CUBE-AZRTOS-L5 1.0.0
2023-10-12 14:16:40,338 [INFO] ThirdParty:1030 - CMSIS Pack Vendor :STMicroelectronics X-CUBE-EEPRMA1 3.1.1
2023-10-12 14:16:40,338 [INFO] ThirdParty:1030 - CMSIS Pack Vendor :STMicroelectronics FP-ATR-ASTRA1 2.0.0
2023-10-12 14:16:40,338 [INFO] ThirdParty:841 - exiting critical section [change project]
2023-10-12 14:16:40,815 [INFO] PinOutPanel:1499 - setPackage(No Configuration,No Configuration)
2023-10-12 14:16:40,830 [INFO] PinOutPanel:1499 - setPackage(STM32G030C8Tx,LQFP48)
2023-10-12 14:16:41,873 [INFO] UtilMem:75 - Before build in PCC Used Memory: 483967768 Bytes (553648128)
2023-10-12 14:16:43,895 [INFO] UtilMem:75 - After build in PCC Used Memory: 493532000 Bytes (553648128)
2023-10-12 14:16:43,948 [INFO] IPUIPlugin:80 - create IPUIPlugin
2023-10-12 14:16:43,948 [INFO] IPUIPlugin:80 - create IPUIPlugin
2023-10-12 14:16:43,948 [INFO] IPUIPlugin:80 - create IPUIPlugin
2023-10-12 14:16:43,948 [INFO] IPUIPlugin:80 - create IPUIPlugin
2023-10-12 14:16:43,980 [INFO] IPUIPlugin:80 - create IPUIPlugin
2023-10-12 14:16:43,980 [INFO] IPUIPlugin:80 - create IPUIPlugin
2023-10-12 14:16:43,980 [INFO] IPUIPlugin:80 - create IPUIPlugin
2023-10-12 14:16:43,980 [INFO] IPUIPlugin:80 - create IPUIPlugin
2023-10-12 14:16:43,980 [INFO] IPUIPlugin:80 - create IPUIPlugin
2023-10-12 14:16:43,980 [INFO] IPUIPlugin:80 - create IPUIPlugin
2023-10-12 14:16:43,980 [INFO] IPUIPlugin:80 - create IPUIPlugin
2023-10-12 14:16:43,980 [INFO] IPUIPlugin:80 - create IPUIPlugin
2023-10-12 14:16:43,980 [INFO] IPUIPlugin:80 - create IPUIPlugin
2023-10-12 14:16:43,980 [INFO] IPUIPlugin:80 - create IPUIPlugin
2023-10-12 14:16:43,980 [INFO] IPUIPlugin:80 - create IPUIPlugin
2023-10-12 14:16:43,980 [INFO] IPUIPlugin:80 - create IPUIPlugin
2023-10-12 14:16:43,980 [INFO] IPUIPlugin:80 - create IPUIPlugin
2023-10-12 14:16:43,980 [INFO] IPUIPlugin:80 - create IPUIPlugin
2023-10-12 14:16:43,980 [INFO] IPUIPlugin:80 - create IPUIPlugin
2023-10-12 14:16:43,980 [INFO] IPUIPlugin:80 - create IPUIPlugin
2023-10-12 14:16:43,980 [INFO] IPUIPlugin:80 - create IPUIPlugin
2023-10-12 14:16:43,980 [INFO] IPUIPlugin:80 - create IPUIPlugin
2023-10-12 14:16:43,980 [INFO] IPUIPlugin:80 - create IPUIPlugin
2023-10-12 14:16:43,980 [INFO] IPUIPlugin:80 - create IPUIPlugin
2023-10-12 14:16:43,980 [INFO] IPUIPlugin:80 - create IPUIPlugin
2023-10-12 14:16:44,011 [WARN] IP:2113 - FIFOMode not found: check if there is a RefParameter without a condition.
2023-10-12 14:16:44,011 [WARN] IP:2113 - TXFIFOThreshold not found: check if there is a RefParameter without a condition.
2023-10-12 14:16:44,011 [WARN] IP:2113 - RXFIFOThreshold not found: check if there is a RefParameter without a condition.
2023-10-12 14:16:44,011 [WARN] IP:2113 - AutoBaudRateEnableParam not found: check if there is a RefParameter without a condition.
2023-10-12 14:16:44,786 [INFO] CADModel:165 - CPN selected for project levelSTM32G031K8T6
2023-10-12 14:16:44,786 [INFO] CADModel:114 - Register for checkConnection events
2023-10-12 14:16:44,849 [INFO] OpenFileManager:328 - Restore cursor
2023-10-12 14:16:45,175 [WARN] IP:2113 - FIFOMode not found: check if there is a RefParameter without a condition.
2023-10-12 14:16:45,175 [WARN] IP:2113 - TXFIFOThreshold not found: check if there is a RefParameter without a condition.
2023-10-12 14:16:45,175 [WARN] IP:2113 - RXFIFOThreshold not found: check if there is a RefParameter without a condition.
2023-10-12 14:16:45,175 [WARN] IP:2113 - AutoBaudRateEnableParam not found: check if there is a RefParameter without a condition.
2023-10-12 14:16:45,191 [WARN] IP:2113 - FIFOMode not found: check if there is a RefParameter without a condition.
2023-10-12 14:16:45,191 [WARN] IP:2113 - TXFIFOThreshold not found: check if there is a RefParameter without a condition.
2023-10-12 14:16:45,191 [WARN] IP:2113 - RXFIFOThreshold not found: check if there is a RefParameter without a condition.
2023-10-12 14:16:45,191 [WARN] IP:2113 - AutoBaudRateEnableParam not found: check if there is a RefParameter without a condition.
2023-10-12 14:17:53,900 [INFO] Gpio:273 - dependency for GPIO [ADC1, SYS, USART2]
2023-10-12 14:19:20,123 [INFO] UtilMem:75 - End SaveConfig() Used Memory: 541303080 Bytes (649068544)
2023-10-12 14:19:20,217 [INFO] UtilMem:75 - End SaveConfig() Used Memory: 552808352 Bytes (649068544)
2023-10-12 14:19:20,975 [INFO] UtilMem:75 - End SaveConfig() Used Memory: 548148096 Bytes (649068544)
2023-10-12 14:19:21,603 [INFO] BlockDiagram:2759 - set Specific Code input for plugin: NVIC
2023-10-12 14:19:21,603 [INFO] BlockDiagram:2759 - set Specific Code input for plugin: USART
2023-10-12 14:19:21,603 [INFO] BlockDiagram:2759 - set Specific Code input for plugin: DMA
2023-10-12 14:19:21,603 [INFO] BlockDiagram:2759 - set Specific Code input for plugin: TIM1_8G0
2023-10-12 14:19:21,603 [INFO] BlockDiagram:2759 - set Specific Code input for plugin: TIM1_8G0
2023-10-12 14:19:21,603 [INFO] BlockDiagram:2759 - set Specific Code input for plugin: TIM1_8G0
2023-10-12 14:19:21,603 [INFO] BlockDiagram:2759 - set Specific Code input for plugin: SYS
2023-10-12 14:19:21,618 [INFO] BlockDiagram:2759 - set Specific Code input for plugin: GPIO
2023-10-12 14:19:21,618 [INFO] BlockDiagram:2759 - set Specific Code input for plugin: ADC
2023-10-12 14:19:21,618 [INFO] BlockDiagram:2759 - set Specific Code input for plugin: RCC
2023-10-12 14:19:21,618 [INFO] CodeGenerator:793 - code generatio: config db path: C:\ST\STM32CubeIDE_1.12.1\STM32CubeIDE\plugins\com.st.stm32cube.common.mx_6.8.1.202304191431\\db\
2023-10-12 14:19:21,665 [WARN] IP:2113 - FIFOMode not found: check if there is a RefParameter without a condition.
2023-10-12 14:19:21,665 [WARN] IP:2113 - TXFIFOThreshold not found: check if there is a RefParameter without a condition.
2023-10-12 14:19:21,665 [WARN] IP:2113 - RXFIFOThreshold not found: check if there is a RefParameter without a condition.
2023-10-12 14:19:21,665 [WARN] IP:2113 - AutoBaudRateEnableParam not found: check if there is a RefParameter without a condition.
2023-10-12 14:19:22,042 [INFO] CodeEngine:255 - oldGeneratedFile, D:\Project\Rice Cooker\RiceCooker_v1\RiceCooker_v1_CubeIDE\MXTmpFiles\license.tmp_save
2023-10-12 14:19:22,440 [INFO] CodeEngine:279 - Generated code: D:\Project\Rice Cooker\RiceCooker_v1\RiceCooker_v1_CubeIDE\MXTmpFiles\license.tmp
2023-10-12 14:19:22,692 [INFO] CodeEngine:255 - oldGeneratedFile, D:\Project\Rice Cooker\RiceCooker_v1\RiceCooker_v1_CubeIDE\MXTmpFiles\gpio.tmp_save
2023-10-12 14:19:22,832 [INFO] CodeEngine:279 - Generated code: D:\Project\Rice Cooker\RiceCooker_v1\RiceCooker_v1_CubeIDE\MXTmpFiles\gpio.tmp
2023-10-12 14:19:24,183 [INFO] CodeEngine:255 - oldGeneratedFile, D:\Project\Rice Cooker\RiceCooker_v1\RiceCooker_v1_CubeIDE\MXTmpFiles\dma.tmp_save
2023-10-12 14:19:24,275 [INFO] CodeEngine:279 - Generated code: D:\Project\Rice Cooker\RiceCooker_v1\RiceCooker_v1_CubeIDE\MXTmpFiles\dma.tmp
2023-10-12 14:19:24,275 [INFO] CodeEngine:255 - oldGeneratedFile, D:\Project\Rice Cooker\RiceCooker_v1\RiceCooker_v1_CubeIDE\MXTmpFiles\dma_GV.tmp_save
2023-10-12 14:19:24,391 [INFO] CodeEngine:279 - Generated code: D:\Project\Rice Cooker\RiceCooker_v1\RiceCooker_v1_CubeIDE\MXTmpFiles\dma_GV.tmp
2023-10-12 14:19:24,407 [INFO] CodeEngine:255 - oldGeneratedFile, D:\Project\Rice Cooker\RiceCooker_v1\RiceCooker_v1_CubeIDE\Core\Src\stm32g0xx_it.c_save
2023-10-12 14:19:24,551 [INFO] CodeEngine:279 - Generated code: D:\Project\Rice Cooker\RiceCooker_v1\RiceCooker_v1_CubeIDE\Core\Src\stm32g0xx_it.c
2023-10-12 14:19:24,555 [INFO] CodeEngine:255 - oldGeneratedFile, D:\Project\Rice Cooker\RiceCooker_v1\RiceCooker_v1_CubeIDE\Core\Inc\stm32g0xx_it.h_save
2023-10-12 14:19:24,666 [INFO] CodeEngine:279 - Generated code: D:\Project\Rice Cooker\RiceCooker_v1\RiceCooker_v1_CubeIDE\Core\Inc\stm32g0xx_it.h
2023-10-12 14:19:24,679 [INFO] CodeEngine:255 - oldGeneratedFile, D:\Project\Rice Cooker\RiceCooker_v1\RiceCooker_v1_CubeIDE\Core\Src\stm32g0xx_hal_msp.c_save
2023-10-12 14:19:24,778 [INFO] CodeEngine:279 - Generated code: D:\Project\Rice Cooker\RiceCooker_v1\RiceCooker_v1_CubeIDE\Core\Src\stm32g0xx_hal_msp.c
2023-10-12 14:19:24,778 [INFO] CodeEngine:255 - oldGeneratedFile, D:\Project\Rice Cooker\RiceCooker_v1\RiceCooker_v1_CubeIDE\MXTmpFiles\system.tmp_save
2023-10-12 14:19:24,840 [INFO] CodeEngine:279 - Generated code: D:\Project\Rice Cooker\RiceCooker_v1\RiceCooker_v1_CubeIDE\MXTmpFiles\system.tmp
2023-10-12 14:19:24,857 [INFO] CodeEngine:311 - oldGeneratedFile, D:\Project\Rice Cooker\RiceCooker_v1\RiceCooker_v1_CubeIDE\Core\Inc\stm32g0xx_hal_conf.h_save
2023-10-12 14:19:24,929 [INFO] CodeEngine:335 - Generated code: D:\Project\Rice Cooker\RiceCooker_v1\RiceCooker_v1_CubeIDE\Core\Inc\stm32g0xx_hal_conf.h
2023-10-12 14:19:24,954 [WARN] IPConfigManager:3431 - IP not found : TIM
2023-10-12 14:19:24,956 [WARN] CodeGenerator:3754 - IP not found : null
2023-10-12 14:19:24,963 [INFO] CodeEngine:255 - oldGeneratedFile, D:\Project\Rice Cooker\RiceCooker_v1\RiceCooker_v1_CubeIDE\Core\Inc\main.h_save
2023-10-12 14:19:25,053 [INFO] CodeEngine:279 - Generated code: D:\Project\Rice Cooker\RiceCooker_v1\RiceCooker_v1_CubeIDE\Core\Inc\main.h
2023-10-12 14:19:25,080 [INFO] CodeEngine:255 - oldGeneratedFile, D:\Project\Rice Cooker\RiceCooker_v1\RiceCooker_v1_CubeIDE\Core\Src\main.c_save
2023-10-12 14:19:25,256 [ERROR] ConfigurationRetriever:142 - IOException on connection: connect timed out
2023-10-12 14:19:25,292 [INFO] CodeEngine:279 - Generated code: D:\Project\Rice Cooker\RiceCooker_v1\RiceCooker_v1_CubeIDE\Core\Src\main.c
2023-10-12 14:19:26,240 [INFO] ProjectBuilder:2996 - Time for Copy HAL[1] : 345mS.
2023-10-12 14:19:26,256 [INFO] ProjectBuilder:4304 - Project Generator version: 3.19.2
2023-10-12 14:19:26,567 [INFO] ConfigFileManager:1483 - The Die is : DIE466
2023-10-12 14:19:26,580 [INFO] ApiDbMcu:507 - Load IP Config File for FATFS
2023-10-12 14:19:26,588 [INFO] ApiDbMcu:507 - Load IP Config File for FREERTOS
2023-10-12 14:19:27,535 [INFO] LogOutputStream:77 - [STDOUT_REDIRECT] 
2023-10-12 14:19:29,420 [INFO] ProjectBuilder:4505 - Time for Generating toolchain IDE Files: 3163mS.
2023-10-12 14:19:29,421 [INFO] ProjectBuilder:2867 - Time for Copy CMSIS : 1mS.
2023-10-12 14:19:29,423 [INFO] ProjectBuilder:2867 - Time for Copy CMSIS : 0mS.
2023-10-12 14:19:30,263 [ERROR] ConfigurationRetriever:142 - IOException on connection: connect timed out
2023-10-12 14:19:35,280 [ERROR] ConfigurationRetriever:142 - IOException on connection: connect timed out
2023-10-12 14:24:09,517 [ERROR] ConfigurationRetriever:142 - IOException on connection: connect timed out
2023-10-12 14:24:11,527 [ERROR] ConfigurationRetriever:142 - IOException on connection: connect timed out
2023-10-12 14:24:13,539 [ERROR] ConfigurationRetriever:142 - IOException on connection: connect timed out
2023-10-12 14:36:09,144 [ERROR] ConfigurationRetriever:142 - IOException on connection: connect timed out
2023-10-12 14:36:11,152 [ERROR] ConfigurationRetriever:142 - IOException on connection: connect timed out
2023-10-12 14:36:13,165 [ERROR] ConfigurationRetriever:142 - IOException on connection: connect timed out
2023-10-12 14:53:11,564 [ERROR] ConfigurationRetriever:142 - IOException on connection: connect timed out
2023-10-12 14:53:13,564 [ERROR] ConfigurationRetriever:142 - IOException on connection: connect timed out
2023-10-12 14:53:15,576 [ERROR] ConfigurationRetriever:142 - IOException on connection: connect timed out
2023-10-12 14:53:22,633 [ERROR] ConfigurationRetriever:142 - IOException on connection: connect timed out
2023-10-12 14:53:24,642 [ERROR] ConfigurationRetriever:142 - IOException on connection: connect timed out
2023-10-12 14:53:26,654 [ERROR] ConfigurationRetriever:142 - IOException on connection: connect timed out
2023-10-12 14:55:19,631 [ERROR] ConfigurationRetriever:142 - IOException on connection: connect timed out
2023-10-12 14:55:21,640 [ERROR] ConfigurationRetriever:142 - IOException on connection: connect timed out
2023-10-12 14:55:23,649 [ERROR] ConfigurationRetriever:142 - IOException on connection: connect timed out
2023-10-12 14:55:25,675 [ERROR] ConfigurationRetriever:142 - IOException on connection: connect timed out
2023-10-12 14:55:27,687 [ERROR] ConfigurationRetriever:142 - IOException on connection: connect timed out
2023-10-12 14:55:29,699 [ERROR] ConfigurationRetriever:142 - IOException on connection: connect timed out
2023-10-12 15:06:45,954 [ERROR] ConfigurationRetriever:142 - IOException on connection: connect timed out
2023-10-12 15:06:47,962 [ERROR] ConfigurationRetriever:142 - IOException on connection: connect timed out
2023-10-12 15:06:49,974 [ERROR] ConfigurationRetriever:142 - IOException on connection: connect timed out
2023-10-12 15:06:52,016 [ERROR] ConfigurationRetriever:142 - IOException on connection: connect timed out
2023-10-12 15:06:54,028 [ERROR] ConfigurationRetriever:142 - IOException on connection: connect timed out
2023-10-12 15:06:56,040 [ERROR] ConfigurationRetriever:142 - IOException on connection: connect timed out
2023-10-12 15:07:58,485 [ERROR] ConfigurationRetriever:142 - IOException on connection: connect timed out
2023-10-12 15:08:00,494 [ERROR] ConfigurationRetriever:142 - IOException on connection: connect timed out
2023-10-12 15:08:02,500 [ERROR] ConfigurationRetriever:142 - IOException on connection: connect timed out
2023-10-12 15:08:04,527 [ERROR] ConfigurationRetriever:142 - IOException on connection: connect timed out
2023-10-12 15:08:06,538 [ERROR] ConfigurationRetriever:142 - IOException on connection: connect timed out
2023-10-12 15:08:08,548 [ERROR] ConfigurationRetriever:142 - IOException on connection: connect timed out
2023-10-12 15:09:05,454 [ERROR] ConfigurationRetriever:142 - IOException on connection: connect timed out
2023-10-12 15:09:07,459 [ERROR] ConfigurationRetriever:142 - IOException on connection: connect timed out
2023-10-12 15:09:09,472 [ERROR] ConfigurationRetriever:142 - IOException on connection: connect timed out
2023-10-12 15:09:11,501 [ERROR] ConfigurationRetriever:142 - IOException on connection: connect timed out
2023-10-12 15:09:13,506 [ERROR] ConfigurationRetriever:142 - IOException on connection: connect timed out
2023-10-12 15:09:15,514 [ERROR] ConfigurationRetriever:142 - IOException on connection: connect timed out
2023-10-12 15:12:57,159 [ERROR] ConfigurationRetriever:142 - IOException on connection: connect timed out
2023-10-12 15:12:59,167 [ERROR] ConfigurationRetriever:142 - IOException on connection: connect timed out
2023-10-12 15:13:01,174 [ERROR] ConfigurationRetriever:142 - IOException on connection: connect timed out
2023-10-12 15:13:03,205 [ERROR] ConfigurationRetriever:142 - IOException on connection: connect timed out
2023-10-12 15:13:05,217 [ERROR] ConfigurationRetriever:142 - IOException on connection: connect timed out
2023-10-12 15:13:07,230 [ERROR] ConfigurationRetriever:142 - IOException on connection: connect timed out
2023-10-12 15:26:12,479 [ERROR] ConfigurationRetriever:142 - IOException on connection: connect timed out
2023-10-12 15:26:14,488 [ERROR] ConfigurationRetriever:142 - IOException on connection: connect timed out
2023-10-12 15:26:16,495 [ERROR] ConfigurationRetriever:142 - IOException on connection: connect timed out
2023-10-12 15:26:18,522 [ERROR] ConfigurationRetriever:142 - IOException on connection: connect timed out
2023-10-12 15:26:20,526 [ERROR] ConfigurationRetriever:142 - IOException on connection: connect timed out
2023-10-12 15:26:22,534 [ERROR] ConfigurationRetriever:142 - IOException on connection: connect timed out
2023-10-12 15:28:06,356 [ERROR] ConfigurationRetriever:142 - IOException on connection: connect timed out
2023-10-12 15:28:08,364 [ERROR] ConfigurationRetriever:142 - IOException on connection: connect timed out
2023-10-12 15:28:10,377 [ERROR] ConfigurationRetriever:142 - IOException on connection: connect timed out
2023-10-12 15:30:54,074 [ERROR] ConfigurationRetriever:142 - IOException on connection: connect timed out
2023-10-12 15:30:56,087 [ERROR] ConfigurationRetriever:142 - IOException on connection: connect timed out
2023-10-12 15:30:58,099 [ERROR] ConfigurationRetriever:142 - IOException on connection: connect timed out
2023-10-12 15:31:15,624 [ERROR] ConfigurationRetriever:142 - IOException on connection: connect timed out
2023-10-12 15:31:17,627 [ERROR] ConfigurationRetriever:142 - IOException on connection: connect timed out
2023-10-12 15:31:19,630 [ERROR] ConfigurationRetriever:142 - IOException on connection: connect timed out
2023-10-12 15:31:21,674 [ERROR] ConfigurationRetriever:142 - IOException on connection: connect timed out
2023-10-12 15:31:23,683 [ERROR] ConfigurationRetriever:142 - IOException on connection: connect timed out
2023-10-12 15:31:25,733 [ERROR] ConfigurationRetriever:142 - IOException on connection: connect timed out
2023-10-12 15:36:34,231 [ERROR] ConfigurationRetriever:142 - IOException on connection: connect timed out
2023-10-12 15:36:36,236 [ERROR] ConfigurationRetriever:142 - IOException on connection: connect timed out
2023-10-12 15:36:38,238 [ERROR] ConfigurationRetriever:142 - IOException on connection: connect timed out
2023-10-12 15:36:40,281 [ERROR] ConfigurationRetriever:142 - IOException on connection: connect timed out
2023-10-12 15:36:42,298 [ERROR] ConfigurationRetriever:142 - IOException on connection: connect timed out
2023-10-12 15:36:44,307 [ERROR] ConfigurationRetriever:142 - IOException on connection: connect timed out
2023-10-12 15:42:28,944 [ERROR] ConfigurationRetriever:142 - IOException on connection: connect timed out
2023-10-12 15:42:30,957 [ERROR] ConfigurationRetriever:142 - IOException on connection: connect timed out
2023-10-12 15:42:32,961 [ERROR] ConfigurationRetriever:142 - IOException on connection: connect timed out
2023-10-12 15:42:34,985 [ERROR] ConfigurationRetriever:142 - IOException on connection: connect timed out
2023-10-12 15:42:36,993 [ERROR] ConfigurationRetriever:142 - IOException on connection: connect timed out
2023-10-12 15:42:38,994 [ERROR] ConfigurationRetriever:142 - IOException on connection: connect timed out
