2023-08-29 10:14:25,279 [INFO] Activator:176 - 


2023-08-29 10:14:25,286 [INFO] Activator:177 - !SESSION log4j initialized
2023-08-29 10:14:32,649 [INFO] LogOutputStream:77 - [STDOUT_REDIRECT] 
2023-08-29 10:14:54,582 [ERROR] LogOutputStream:75 - [STDERR_REDIRECT] SLF4J: Failed to load class "org.slf4j.impl.StaticLoggerBinder".
2023-08-29 10:14:54,583 [ERROR] LogOutputStream:75 - [STDERR_REDIRECT] SLF4J: Defaulting to no-operation (NOP) logger implementation
2023-08-29 10:14:54,585 [ERROR] LogOutputStream:75 - [STDERR_REDIRECT] SLF4J: See http://www.slf4j.org/codes.html#StaticLoggerBinder for further details.
2023-08-29 10:58:55,820 [ERROR] ConfigurationRetriever:142 - IOException on connection: sw-center.st.com
2023-08-29 10:58:55,851 [ERROR] ConfigurationRetriever:142 - IOException on connection: sw-center.st.com
2023-08-29 10:58:55,867 [ERROR] ConfigurationRetriever:142 - IOException on connection: sw-center.st.com
2023-08-29 11:08:33,810 [INFO] Activator:176 - 


2023-08-29 11:08:33,811 [INFO] Activator:177 - !SESSION log4j initialized
2023-08-29 11:08:41,260 [INFO] LogOutputStream:77 - [STDOUT_REDIRECT] 
2023-08-29 11:08:43,611 [ERROR] ConfigurationRetriever:142 - IOException on connection: connect timed out
2023-08-29 11:08:45,627 [ERROR] ConfigurationRetriever:142 - IOException on connection: connect timed out
2023-08-29 11:08:47,629 [ERROR] ConfigurationRetriever:142 - IOException on connection: connect timed out
2023-08-29 11:09:02,911 [ERROR] LogOutputStream:75 - [STDERR_REDIRECT] SLF4J: Failed to load class "org.slf4j.impl.StaticLoggerBinder".
2023-08-29 11:09:02,911 [ERROR] LogOutputStream:75 - [STDERR_REDIRECT] SLF4J: Defaulting to no-operation (NOP) logger implementation
2023-08-29 11:09:02,911 [ERROR] LogOutputStream:75 - [STDERR_REDIRECT] SLF4J: See http://www.slf4j.org/codes.html#StaticLoggerBinder for further details.
2023-08-29 11:43:05,131 [ERROR] ConfigurationRetriever:142 - IOException on connection: connect timed out
2023-08-29 11:43:07,131 [ERROR] ConfigurationRetriever:142 - IOException on connection: connect timed out
2023-08-29 11:43:09,147 [ERROR] ConfigurationRetriever:142 - IOException on connection: connect timed out
2023-08-29 11:43:11,196 [ERROR] ConfigurationRetriever:142 - IOException on connection: connect timed out
2023-08-29 11:43:13,201 [ERROR] ConfigurationRetriever:142 - IOException on connection: connect timed out
2023-08-29 11:43:15,214 [ERROR] ConfigurationRetriever:142 - IOException on connection: connect timed out
2023-08-29 11:44:35,230 [ERROR] ConfigurationRetriever:142 - IOException on connection: connect timed out
2023-08-29 11:44:37,247 [ERROR] ConfigurationRetriever:142 - IOException on connection: connect timed out
2023-08-29 11:44:39,250 [ERROR] ConfigurationRetriever:142 - IOException on connection: connect timed out
2023-08-29 11:44:41,297 [ERROR] ConfigurationRetriever:142 - IOException on connection: connect timed out
2023-08-29 11:44:43,299 [ERROR] ConfigurationRetriever:142 - IOException on connection: connect timed out
2023-08-29 11:44:45,314 [ERROR] ConfigurationRetriever:142 - IOException on connection: connect timed out
2023-08-29 11:47:12,282 [ERROR] ConfigurationRetriever:142 - IOException on connection: connect timed out
2023-08-29 11:47:14,299 [ERROR] ConfigurationRetriever:142 - IOException on connection: connect timed out
2023-08-29 11:47:16,313 [ERROR] ConfigurationRetriever:142 - IOException on connection: connect timed out
2023-08-29 11:47:18,333 [ERROR] ConfigurationRetriever:142 - IOException on connection: connect timed out
2023-08-29 11:47:20,348 [ERROR] ConfigurationRetriever:142 - IOException on connection: connect timed out
2023-08-29 11:47:22,351 [ERROR] ConfigurationRetriever:142 - IOException on connection: connect timed out
2023-08-29 11:48:27,916 [ERROR] AdobePublisher:162 - Exception while opening the connection: java.net.SocketTimeoutException: Read timed out
2023-08-29 11:48:30,982 [ERROR] AdobePublisher:162 - Exception while opening the connection: java.net.SocketTimeoutException: Read timed out
2023-08-29 11:49:35,548 [ERROR] ConfigurationRetriever:142 - IOException on connection: connect timed out
2023-08-29 11:49:37,549 [ERROR] ConfigurationRetriever:142 - IOException on connection: connect timed out
2023-08-29 11:49:39,565 [ERROR] ConfigurationRetriever:142 - IOException on connection: connect timed out
2023-08-29 11:49:41,597 [ERROR] ConfigurationRetriever:142 - IOException on connection: connect timed out
2023-08-29 11:49:43,599 [ERROR] ConfigurationRetriever:142 - IOException on connection: connect timed out
2023-08-29 11:49:45,613 [ERROR] ConfigurationRetriever:142 - IOException on connection: connect timed out
2023-08-29 13:25:02,541 [ERROR] ConfigurationRetriever:142 - IOException on connection: connect timed out
2023-08-29 13:25:04,557 [ERROR] ConfigurationRetriever:142 - IOException on connection: connect timed out
2023-08-29 13:25:06,559 [ERROR] ConfigurationRetriever:142 - IOException on connection: connect timed out
2023-08-29 13:25:08,589 [ERROR] ConfigurationRetriever:142 - IOException on connection: connect timed out
2023-08-29 13:25:10,606 [ERROR] ConfigurationRetriever:142 - IOException on connection: connect timed out
2023-08-29 13:25:12,607 [ERROR] ConfigurationRetriever:142 - IOException on connection: connect timed out
2023-08-29 13:28:49,031 [INFO] ApplicationProperties:184 - Using Application install path: C:\ST\STM32CubeIDE_1.12.1\STM32CubeIDE\plugins\com.st.stm32cube.common.mx_6.8.1.202304191431
2023-08-29 13:28:49,061 [INFO] DbMcusXml:78 - Set database path to: C:\ST\STM32CubeIDE_1.12.1\STM32CubeIDE\plugins\com.st.stm32cube.common.mx_6.8.1.202304191431\\db\/mcu/
2023-08-29 13:28:49,061 [INFO] ApiDb:274 - Set plugin database path to: C:\ST\STM32CubeIDE_1.12.1\STM32CubeIDE\plugins\com.st.stm32cube.common.mx_6.8.1.202304191431\\db\/plugins/boardmanager/
2023-08-29 13:28:49,061 [WARN] ApiDb:259 - Overriding images path with different value:  => C:\ST\STM32CubeIDE_1.12.1\STM32CubeIDE\plugins\com.st.stm32cube.common.mx_6.8.1.202304191431\\db\/plugins/mcufinder/images/
2023-08-29 13:28:49,074 [INFO] ApiDb:250 - Set database path to: C:\Users\KDS-LTP-0415\.stmcufinder\plugins\mcufinder//mcu/
2023-08-29 13:28:49,081 [INFO] DbMcusAds:125 - Set database path to: C:\Users\KDS-LTP-0415\.stmcufinder\plugins\mcufinder//mcu/
2023-08-29 13:28:49,081 [INFO] CrossReferenceDbSqlite:203 - Set database path to: C:\Users\KDS-LTP-0415\.stmcufinder\plugins\mcufinder//mcu/cs/
2023-08-29 13:28:49,201 [INFO] RulesReader:64 - Compatibility file has been processed (293 Rules)
2023-08-29 13:28:49,274 [INFO] DbMcusXml:78 - Set database path to: C:\ST\STM32CubeIDE_1.12.1\STM32CubeIDE\plugins\com.st.stm32cube.common.mx_6.8.1.202304191431\\db\/mcu/
2023-08-29 13:28:49,274 [INFO] ApiDb:274 - Set plugin database path to: C:\ST\STM32CubeIDE_1.12.1\STM32CubeIDE\plugins\com.st.stm32cube.common.mx_6.8.1.202304191431\\db\/plugins/boardmanager/
2023-08-29 13:28:49,274 [INFO] ApiDb:261 - Set plugin images path to: C:\ST\STM32CubeIDE_1.12.1\STM32CubeIDE\plugins\com.st.stm32cube.common.mx_6.8.1.202304191431\\db\/plugins/mcufinder/images/
2023-08-29 13:28:49,274 [WARN] DbFile:41 - Overriding database path with different value: C:\Users\KDS-LTP-0415\.stmcufinder\plugins\mcufinder/ => C:\Users\KDS-LTP-0415\.stmcufinder\plugins\mcufinder
2023-08-29 13:28:49,274 [INFO] ApiDb:250 - Set database path to: C:\Users\KDS-LTP-0415\.stmcufinder\plugins\mcufinder//mcu/
2023-08-29 13:28:49,274 [WARN] DbFile:41 - Overriding database path with different value: C:\Users\KDS-LTP-0415\.stmcufinder\plugins\mcufinder/ => C:\Users\KDS-LTP-0415\.stmcufinder\plugins\mcufinder
2023-08-29 13:28:49,274 [INFO] DbMcusAds:125 - Set database path to: C:\Users\KDS-LTP-0415\.stmcufinder\plugins\mcufinder//mcu/
2023-08-29 13:28:49,274 [WARN] DbFile:41 - Overriding database path with different value: C:\Users\KDS-LTP-0415\.stmcufinder\plugins\mcufinder/ => C:\Users\KDS-LTP-0415\.stmcufinder\plugins\mcufinder
2023-08-29 13:28:49,274 [WARN] DbFile:41 - Overriding database path with different value: C:\Users\KDS-LTP-0415\.stmcufinder\plugins\mcufinder/ => C:\Users\KDS-LTP-0415\.stmcufinder\plugins\mcufinder
2023-08-29 13:28:49,274 [INFO] CrossReferenceDbSqlite:203 - Set database path to: C:\Users\KDS-LTP-0415\.stmcufinder\plugins\mcufinder//mcu/cs/
2023-08-29 13:28:49,373 [INFO] MainPanel:253 - HeapMemory: 521142272
2023-08-29 13:28:49,501 [INFO] DbMcusXml:78 - Set database path to: C:\ST\STM32CubeIDE_1.12.1\STM32CubeIDE\plugins\com.st.stm32cube.common.mx_6.8.1.202304191431\\db\/mcu/
2023-08-29 13:28:49,501 [INFO] ApiDb:274 - Set plugin database path to: C:\ST\STM32CubeIDE_1.12.1\STM32CubeIDE\plugins\com.st.stm32cube.common.mx_6.8.1.202304191431\\db\/plugins/boardmanager/
2023-08-29 13:28:49,501 [INFO] ApiDb:261 - Set plugin images path to: C:\ST\STM32CubeIDE_1.12.1\STM32CubeIDE\plugins\com.st.stm32cube.common.mx_6.8.1.202304191431\\db\/plugins/mcufinder/images/
2023-08-29 13:28:49,501 [WARN] DbFile:41 - Overriding database path with different value: C:\Users\KDS-LTP-0415\.stmcufinder\plugins\mcufinder/ => C:\Users\KDS-LTP-0415\.stmcufinder\plugins\mcufinder
2023-08-29 13:28:49,501 [INFO] ApiDb:250 - Set database path to: C:\Users\KDS-LTP-0415\.stmcufinder\plugins\mcufinder//mcu/
2023-08-29 13:28:49,501 [WARN] DbFile:41 - Overriding database path with different value: C:\Users\KDS-LTP-0415\.stmcufinder\plugins\mcufinder/ => C:\Users\KDS-LTP-0415\.stmcufinder\plugins\mcufinder
2023-08-29 13:28:49,501 [INFO] DbMcusAds:125 - Set database path to: C:\Users\KDS-LTP-0415\.stmcufinder\plugins\mcufinder//mcu/
2023-08-29 13:28:49,501 [WARN] DbFile:41 - Overriding database path with different value: C:\Users\KDS-LTP-0415\.stmcufinder\plugins\mcufinder/ => C:\Users\KDS-LTP-0415\.stmcufinder\plugins\mcufinder
2023-08-29 13:28:49,501 [WARN] DbFile:41 - Overriding database path with different value: C:\Users\KDS-LTP-0415\.stmcufinder\plugins\mcufinder/ => C:\Users\KDS-LTP-0415\.stmcufinder\plugins\mcufinder
2023-08-29 13:28:49,501 [INFO] CrossReferenceDbSqlite:203 - Set database path to: C:\Users\KDS-LTP-0415\.stmcufinder\plugins\mcufinder//mcu/cs/
2023-08-29 13:28:49,528 [INFO] ApplicationProperties:184 - Using Application install path: C:\ST\STM32CubeIDE_1.12.1\STM32CubeIDE\plugins\com.st.stm32cube.common.mx_6.8.1.202304191431
2023-08-29 13:28:49,531 [INFO] PluginManage:196 - Search for loadable plugins [exclusion list=, ]
2023-08-29 13:28:49,531 [INFO] PluginManage:310 - Check plugin analytics
2023-08-29 13:28:49,751 [INFO] AnalyticsPlugin:253 - Accepted Software Licenses: STM32CubeMX.6.2.1,STM32CubeMX.6.6.1,STM32CubeMX.6.7.0,STM32CubeMX.6.8.1,STM32CubeMX.6.9.1
2023-08-29 13:28:49,751 [INFO] AnalyticsPlugin:255 - Accepted CMSIS Pack Licenses: EdgeImpulse.osugiw-project-1.1.0.1
2023-08-29 13:28:49,751 [INFO] AnalyticsPlugin:257 - Accepted Firmware Licenses: FW.G0.1.6.0,FW.WB.1.16.0
2023-08-29 13:28:49,757 [INFO] PluginManage:359 - Loaded plugin analytics (category:tool,tabindex:-1)
2023-08-29 13:28:49,757 [INFO] PluginManage:310 - Check plugin cadmodel
2023-08-29 13:28:49,764 [INFO] CADModel:105 - Init CAD model plugin
2023-08-29 13:28:49,764 [INFO] PluginManage:359 - Loaded plugin cadmodel (category:power,tabindex:5)
2023-08-29 13:28:49,764 [INFO] PluginManage:310 - Check plugin clock
2023-08-29 13:28:49,777 [INFO] PluginManage:359 - Loaded plugin clock (category:base,tabindex:2)
2023-08-29 13:28:49,777 [INFO] PluginManage:310 - Check plugin ddr
2023-08-29 13:28:49,780 [INFO] PluginManage:359 - Loaded plugin ddr (category:tool,tabindex:6)
2023-08-29 13:28:49,780 [INFO] PluginManage:310 - Check plugin filemanager
2023-08-29 13:28:49,941 [INFO] PluginManage:359 - Loaded plugin filemanager (category:base,tabindex:10)
2023-08-29 13:28:49,941 [INFO] PluginManage:310 - Check plugin ipmanager
2023-08-29 13:28:49,956 [INFO] PluginManage:359 - Loaded plugin ipmanager (category:base,tabindex:5)
2023-08-29 13:28:49,956 [INFO] PluginManage:310 - Check plugin lpbam
2023-08-29 13:28:49,961 [INFO] PluginManage:359 - Loaded plugin lpbam (category:base,tabindex:0)
2023-08-29 13:28:49,961 [INFO] PluginManage:310 - Check plugin pinoutandconfiguration
2023-08-29 13:28:49,974 [INFO] PluginManage:359 - Loaded plugin pinoutandconfiguration (category:base,tabindex:1)
2023-08-29 13:28:49,974 [INFO] PluginManage:310 - Check plugin pinoutconfig
2023-08-29 13:28:50,071 [WARN] SupportedApi:132 - Cannot load RTOS API schema: s4s-elt-must-match.1: The content of 'definitions' must match (annotation?, (simpleType | complexType)?, (unique | key | keyref)*)). A problem was found starting at: attribute.
2023-08-29 13:28:50,241 [INFO] PluginManage:359 - Loaded plugin pinoutconfig (category:base,tabindex:0)
2023-08-29 13:28:50,241 [INFO] PluginManage:310 - Check plugin power
2023-08-29 13:28:50,261 [INFO] PluginManage:359 - Loaded plugin power (category:power,tabindex:4)
2023-08-29 13:28:50,261 [INFO] PluginManage:310 - Check plugin projectmanager
2023-08-29 13:28:50,286 [INFO] PluginManage:359 - Loaded plugin projectmanager (category:projectmanager,tabindex:3)
2023-08-29 13:28:50,286 [INFO] PluginManage:310 - Check plugin thirdparty
2023-08-29 13:28:50,461 [INFO] PluginManage:359 - Loaded plugin thirdparty (category:base,tabindex:-1)
2023-08-29 13:28:50,461 [WARN] IntegrityCheckThread:84 - waiting for thirdparty lock release [integrity check]
2023-08-29 13:28:50,461 [INFO] PluginManage:310 - Check plugin tools
2023-08-29 13:28:50,461 [INFO] IntegrityCheckThread:86 - entering critical section [integrity check]
2023-08-29 13:28:50,461 [INFO] ThirdPartyUpdaterWithRetryManager:70 - Updater plugin not ready yet. [1/15]
2023-08-29 13:28:50,461 [INFO] PluginManage:359 - Loaded plugin tools (category:base,tabindex:7)
2023-08-29 13:28:50,461 [INFO] PluginManage:310 - Check plugin tutovideos
2023-08-29 13:28:50,711 [INFO] PluginManage:359 - Loaded plugin tutovideos (category:base,tabindex:-1)
2023-08-29 13:28:50,711 [INFO] PluginManage:310 - Check plugin updater
2023-08-29 13:28:50,757 [INFO] PluginManage:359 - Loaded plugin updater (category:base,tabindex:12)
2023-08-29 13:28:50,757 [INFO] PluginManage:283 - PluginManage : Loaded plugins [15]
2023-08-29 13:28:51,051 [INFO] PinOutPanel:1499 - setPackage(No Configuration,No Configuration)
2023-08-29 13:28:51,123 [INFO] CADModel:165 - CPN selected for project level
2023-08-29 13:28:51,123 [INFO] CADModel:114 - Register for checkConnection events
2023-08-29 13:28:51,141 [INFO] IPUIPlugin:80 - create IPUIPlugin
2023-08-29 13:28:51,141 [INFO] PluginManager:220 - loadIPPluginJar : add adc
2023-08-29 13:28:51,141 [INFO] IPUIPlugin:80 - create IPUIPlugin
2023-08-29 13:28:51,141 [INFO] PluginManager:220 - loadIPPluginJar : add aes
2023-08-29 13:28:51,141 [INFO] IPUIPlugin:80 - create IPUIPlugin
2023-08-29 13:28:51,141 [INFO] PluginManager:220 - loadIPPluginJar : add can
2023-08-29 13:28:51,151 [INFO] IPUIPlugin:80 - create IPUIPlugin
2023-08-29 13:28:51,151 [INFO] PluginManager:220 - loadIPPluginJar : add comp
2023-08-29 13:28:51,151 [INFO] IPUIPlugin:80 - create IPUIPlugin
2023-08-29 13:28:51,151 [INFO] PluginManager:220 - loadIPPluginJar : add cryp
2023-08-29 13:28:51,157 [INFO] IPUIPlugin:80 - create IPUIPlugin
2023-08-29 13:28:51,157 [INFO] PluginManager:220 - loadIPPluginJar : add dfsdm
2023-08-29 13:28:51,161 [INFO] IPUIPlugin:80 - create IPUIPlugin
2023-08-29 13:28:51,161 [INFO] PluginManager:220 - loadIPPluginJar : add dma
2023-08-29 13:28:51,161 [INFO] IPUIPlugin:80 - create IPUIPlugin
2023-08-29 13:28:51,161 [INFO] PluginManager:220 - loadIPPluginJar : add dma3
2023-08-29 13:28:51,161 [INFO] IPUIPlugin:80 - create IPUIPlugin
2023-08-29 13:28:51,161 [INFO] PluginManager:220 - loadIPPluginJar : add fatfs
2023-08-29 13:28:51,174 [INFO] IPUIPlugin:80 - create IPUIPlugin
2023-08-29 13:28:51,174 [INFO] PluginManager:220 - loadIPPluginJar : add fmc
2023-08-29 13:28:51,181 [INFO] IPUIPlugin:80 - create IPUIPlugin
2023-08-29 13:28:51,181 [INFO] PluginManager:220 - loadIPPluginJar : add freertos
2023-08-29 13:28:51,181 [INFO] IPUIPlugin:80 - create IPUIPlugin
2023-08-29 13:28:51,181 [INFO] PluginManager:220 - loadIPPluginJar : add genericplugin
2023-08-29 13:28:51,181 [INFO] IPUIPlugin:80 - create IPUIPlugin
2023-08-29 13:28:51,181 [INFO] PluginManager:220 - loadIPPluginJar : add gfxmmu
2023-08-29 13:28:51,191 [INFO] IPUIPlugin:80 - create IPUIPlugin
2023-08-29 13:28:51,191 [INFO] PluginManager:220 - loadIPPluginJar : add gic
2023-08-29 13:28:51,208 [INFO] IPUIPlugin:80 - create IPUIPlugin
2023-08-29 13:28:51,208 [INFO] PluginManager:220 - loadIPPluginJar : add gpio
2023-08-29 13:28:51,211 [INFO] IPUIPlugin:80 - create IPUIPlugin
2023-08-29 13:28:51,211 [INFO] PluginManager:220 - loadIPPluginJar : add gtzc
2023-08-29 13:28:51,211 [INFO] IPUIPlugin:80 - create IPUIPlugin
2023-08-29 13:28:51,211 [INFO] PluginManager:220 - loadIPPluginJar : add hash
2023-08-29 13:28:51,211 [INFO] IPUIPlugin:80 - create IPUIPlugin
2023-08-29 13:28:51,211 [INFO] PluginManager:220 - loadIPPluginJar : add i2c
2023-08-29 13:28:51,211 [INFO] IPUIPlugin:80 - create IPUIPlugin
2023-08-29 13:28:51,211 [INFO] PluginManager:220 - loadIPPluginJar : add i2s
2023-08-29 13:28:51,222 [INFO] IPUIPlugin:80 - create IPUIPlugin
2023-08-29 13:28:51,223 [INFO] PluginManager:220 - loadIPPluginJar : add i3c
2023-08-29 13:28:51,224 [INFO] IPUIPlugin:80 - create IPUIPlugin
2023-08-29 13:28:51,224 [INFO] PluginManager:220 - loadIPPluginJar : add ipddr
2023-08-29 13:28:51,231 [INFO] IPUIPlugin:80 - create IPUIPlugin
2023-08-29 13:28:51,231 [INFO] PluginManager:220 - loadIPPluginJar : add linkedlist
2023-08-29 13:28:51,231 [INFO] IPUIPlugin:80 - create IPUIPlugin
2023-08-29 13:28:51,231 [INFO] PluginManager:220 - loadIPPluginJar : add lorawan
2023-08-29 13:28:51,240 [INFO] IPUIPlugin:80 - create IPUIPlugin
2023-08-29 13:28:51,240 [INFO] PluginManager:220 - loadIPPluginJar : add ltdc
2023-08-29 13:28:51,241 [INFO] IPUIPlugin:80 - create IPUIPlugin
2023-08-29 13:28:51,241 [INFO] PluginManager:220 - loadIPPluginJar : add mdma
2023-08-29 13:28:51,251 [INFO] IPUIPlugin:80 - create IPUIPlugin
2023-08-29 13:28:51,251 [INFO] PluginManager:220 - loadIPPluginJar : add nvic
2023-08-29 13:28:51,257 [INFO] IPUIPlugin:80 - create IPUIPlugin
2023-08-29 13:28:51,257 [INFO] PluginManager:220 - loadIPPluginJar : add opamp
2023-08-29 13:28:51,261 [INFO] IPUIPlugin:80 - create IPUIPlugin
2023-08-29 13:28:51,261 [INFO] PluginManager:220 - loadIPPluginJar : add openamp
2023-08-29 13:28:51,261 [INFO] IPUIPlugin:80 - create IPUIPlugin
2023-08-29 13:28:51,261 [INFO] PluginManager:220 - loadIPPluginJar : add pdm2pcm
2023-08-29 13:28:51,274 [INFO] IPUIPlugin:80 - create IPUIPlugin
2023-08-29 13:28:51,281 [INFO] PluginManager:220 - loadIPPluginJar : add plateformsettings
2023-08-29 13:28:51,281 [INFO] IPUIPlugin:80 - create IPUIPlugin
2023-08-29 13:28:51,281 [INFO] PluginManager:220 - loadIPPluginJar : add quadspi
2023-08-29 13:28:51,290 [INFO] IPUIPlugin:80 - create IPUIPlugin
2023-08-29 13:28:51,290 [INFO] PluginManager:220 - loadIPPluginJar : add resmgrutility
2023-08-29 13:28:51,291 [INFO] IPUIPlugin:80 - create IPUIPlugin
2023-08-29 13:28:51,291 [INFO] PluginManager:220 - loadIPPluginJar : add sai
2023-08-29 13:28:51,291 [INFO] IPUIPlugin:80 - create IPUIPlugin
2023-08-29 13:28:51,291 [INFO] PluginManager:220 - loadIPPluginJar : add spi
2023-08-29 13:28:51,301 [INFO] IPUIPlugin:80 - create IPUIPlugin
2023-08-29 13:28:51,301 [INFO] PluginManager:220 - loadIPPluginJar : add stm32_wpan
2023-08-29 13:28:51,307 [INFO] IPUIPlugin:80 - create IPUIPlugin
2023-08-29 13:28:51,307 [INFO] PluginManager:220 - loadIPPluginJar : add tim
2023-08-29 13:28:51,311 [INFO] IPUIPlugin:80 - create IPUIPlugin
2023-08-29 13:28:51,311 [INFO] PluginManager:220 - loadIPPluginJar : add touchsensing
2023-08-29 13:28:51,311 [INFO] IPUIPlugin:80 - create IPUIPlugin
2023-08-29 13:28:51,311 [INFO] PluginManager:220 - loadIPPluginJar : add tracer_emb
2023-08-29 13:28:51,311 [INFO] IPUIPlugin:80 - create IPUIPlugin
2023-08-29 13:28:51,311 [INFO] PluginManager:220 - loadIPPluginJar : add ts
2023-08-29 13:28:51,311 [INFO] IPUIPlugin:80 - create IPUIPlugin
2023-08-29 13:28:51,311 [INFO] PluginManager:220 - loadIPPluginJar : add tsc
2023-08-29 13:28:51,323 [INFO] IPUIPlugin:80 - create IPUIPlugin
2023-08-29 13:28:51,324 [INFO] PluginManager:220 - loadIPPluginJar : add ucpd
2023-08-29 13:28:51,327 [INFO] IPUIPlugin:80 - create IPUIPlugin
2023-08-29 13:28:51,327 [INFO] PluginManager:220 - loadIPPluginJar : add usart
2023-08-29 13:28:51,332 [INFO] IPUIPlugin:80 - create IPUIPlugin
2023-08-29 13:28:51,332 [INFO] PluginManager:220 - loadIPPluginJar : add usbx
2023-08-29 13:28:51,457 [INFO] CADModel:165 - CPN selected for project level
2023-08-29 13:28:51,457 [INFO] CADModel:114 - Register for checkConnection events
2023-08-29 13:28:51,457 [FATAL] Updater:308 - Updater called before beeing initialized
2023-08-29 13:28:51,457 [ERROR] CADModel:125 - Updater not yet initialized, retry later 
2023-08-29 13:28:51,641 [INFO] CADModel:165 - CPN selected for project level
2023-08-29 13:28:51,641 [INFO] CADModel:114 - Register for checkConnection events
2023-08-29 13:28:51,641 [FATAL] Updater:308 - Updater called before beeing initialized
2023-08-29 13:28:51,641 [ERROR] CADModel:125 - Updater not yet initialized, retry later 
2023-08-29 13:28:51,646 [FATAL] Updater:308 - Updater called before beeing initialized
2023-08-29 13:28:51,774 [FATAL] Updater:308 - Updater called before beeing initialized
2023-08-29 13:28:51,781 [INFO] DbMcusAds:53 - JSON generation date=Tue Mar 07 15:50:55 ICT 2023 (1678179055114)
2023-08-29 13:28:51,781 [FATAL] Updater:308 - Updater called before beeing initialized
2023-08-29 13:28:51,824 [WARN] DetailPanel:346 - Failed to get advertising image, set to default
2023-08-29 13:28:52,001 [FATAL] Updater:308 - Updater called before beeing initialized
2023-08-29 13:28:52,007 [FATAL] Updater:308 - Updater called before beeing initialized
2023-08-29 13:28:52,007 [FATAL] Updater:308 - Updater called before beeing initialized
2023-08-29 13:28:52,007 [WARN] DetailPanel:346 - Failed to get advertising image, set to default
2023-08-29 13:28:52,007 [FATAL] Updater:308 - Updater called before beeing initialized
2023-08-29 13:28:52,057 [ERROR] Updater:1120 - MainUpdater not yet initialized. External WinMGr cannot be set.
2023-08-29 13:28:52,061 [INFO] Updater:1056 - Updater Version found : 6.8.1
2023-08-29 13:28:52,081 [INFO] ApplicationProperties:184 - Using Application install path: C:\ST\STM32CubeIDE_1.12.1\STM32CubeIDE\plugins\com.st.stm32cube.common.mx_6.8.1.202304191431
2023-08-29 13:28:52,491 [INFO] MainUpdater:519 - Copy updater definitions from MX database
2023-08-29 13:28:53,473 [INFO] ThirdPartyUpdaterWithRetryManager:70 - Updater plugin not ready yet. [2/15]
2023-08-29 13:28:54,111 [INFO] MainUpdater:2854 - connection check result : 10
2023-08-29 13:28:54,111 [INFO] MainUpdater:3548 - Updater definition file requires update
2023-08-29 13:28:54,111 [INFO] MainUpdater:283 - Updater Check For Update Now.
2023-08-29 13:28:54,111 [INFO] MicroXplorer:498 - Change Database Version : DB.6.0.81
2023-08-29 13:28:54,157 [INFO] ServerAccessManage:473 - Download File updaters.zip
2023-08-29 13:28:54,332 [INFO] FileExtend:240 - Unzip File : updaters.zip
2023-08-29 13:28:54,332 [INFO] FileExtend:255 - Standard Zip Deflate
2023-08-29 13:28:54,641 [INFO] ServerAccessManage:473 - Download File PacksControlFlags.xml
2023-08-29 13:28:54,681 [INFO] ServerAccessManage:473 - Download File cubemx.pidx
2023-08-29 13:28:54,782 [INFO] LoadServerUpdatesThread:373 - End of LoadServerUpdate Thread
2023-08-29 13:28:54,956 [INFO] MainUpdater:2854 - connection check result : 10
2023-08-29 13:28:54,974 [INFO] CheckServerUpdateThread:120 - End of CheckServer Thread
2023-08-29 13:28:55,007 [INFO] MicroXplorer:468 - Change Database Path : 
2023-08-29 13:28:55,008 [INFO] MicroXplorer:498 - Change Database Version : DB.6.0.81
2023-08-29 13:28:55,008 [WARN] ThirdParty:871 - waiting for thirdparty lock release [close project]
2023-08-29 13:28:56,701 [WARN] PackLoader:240 - Cannot read IP mode file for STMicroelectronics.X-CUBE-SMBUS.2.1.0
2023-08-29 13:28:56,731 [WARN] PackLoader:240 - Cannot read IP mode file for STMicroelectronics.X-CUBE-AZRTOS-F7.1.1.0
2023-08-29 13:28:56,741 [ERROR] RealEvaluatedCondition:428 - Found unsupported composite condition: GROUP='STM32_MetaDataManager' CLASS='Data Exchange'
2023-08-29 13:28:56,741 [ERROR] RealEvaluatedCondition:428 - Found unsupported composite condition: CLASS='Data Exchange' GROUP='STM32_MetaDataManager'
2023-08-29 13:28:56,741 [WARN] PackLoader:240 - Cannot read IP mode file for STMicroelectronics.FP-SNS-MOTENV1.4.3.0
2023-08-29 13:28:56,751 [WARN] PackLoader:240 - Cannot read IP mode file for STMicroelectronics.FP-SNS-MOTENV1.4.3.2
2023-08-29 13:28:56,761 [WARN] PackLoader:240 - Cannot read IP mode file for STMicroelectronics.FP-SNS-FLIGHT1.5.0.0
2023-08-29 13:28:56,761 [ERROR] RealEvaluatedCondition:428 - Found unsupported composite condition: CLASS='Data Exchange' GROUP='STM32_MetaDataManager'
2023-08-29 13:28:56,761 [ERROR] RealEvaluatedCondition:428 - Found unsupported composite condition: CLASS='Data Exchange' GROUP='STM32_MetaDataManager'
2023-08-29 13:28:56,761 [WARN] PackLoader:240 - Cannot read IP mode file for STMicroelectronics.FP-SNS-MOTENV1.4.3.1
2023-08-29 13:28:56,774 [WARN] PackLoader:240 - Cannot read IP mode file for STMicroelectronics.FP-SNS-FLIGHT1.5.0.1
2023-08-29 13:28:56,781 [WARN] PackLoader:240 - Cannot read IP mode file for STMicroelectronics.X-CUBE-BLE1.6.2.3
2023-08-29 13:28:56,791 [WARN] PackLoader:240 - Cannot read IP mode file for STMicroelectronics.X-CUBE-BLE1.6.2.4
2023-08-29 13:28:56,791 [WARN] PackLoader:240 - Cannot read IP mode file for STMicroelectronics.FP-SNS-FLIGHT1.5.0.2
2023-08-29 13:28:56,806 [WARN] PackLoader:240 - Cannot read IP mode file for STMicroelectronics.X-CUBE-TOF1.3.1.0
2023-08-29 13:28:56,821 [WARN] PackLoader:240 - Cannot read IP mode file for STMicroelectronics.X-CUBE-DISPLAY.3.0.0
2023-08-29 13:28:56,831 [WARN] PackLoader:240 - Cannot read IP mode file for STMicroelectronics.X-CUBE-BLE1.7.0.0
2023-08-29 13:28:56,831 [WARN] PackLoader:240 - Cannot read IP mode file for emotas.I-CUBE-CANOPEN.1.3.0
2023-08-29 13:28:56,841 [WARN] PackLoader:240 - Cannot read IP mode file for STMicroelectronics.X-CUBE-TOUCHGFX.4.22.0
2023-08-29 13:28:56,915 [WARN] PackLoader:240 - Cannot read IP mode file for STMicroelectronics.X-CUBE-MEMS1.9.3.0
2023-08-29 13:28:57,081 [WARN] PackLoader:240 - Cannot read IP mode file for STMicroelectronics.X-CUBE-AI.7.2.0
2023-08-29 13:28:57,091 [INFO] LogOutputStream:77 - [STDOUT_REDIRECT] 1 : Invalid condition id : UX_CORESTACK_Condition cause : null
2023-08-29 13:28:57,091 [INFO] LogOutputStream:77 - [STDOUT_REDIRECT] 1 : Invalid condition id : UX_CORESTACK_Condition cause : null
2023-08-29 13:28:57,091 [INFO] LogOutputStream:77 - [STDOUT_REDIRECT] 1 : Invalid condition id : UX_CORESTACK_Condition cause : null
2023-08-29 13:28:57,091 [INFO] LogOutputStream:77 - [STDOUT_REDIRECT] 1 : Invalid condition id : UX_CORESTACK_Condition cause : null
2023-08-29 13:28:57,091 [INFO] LogOutputStream:77 - [STDOUT_REDIRECT] 1 : Invalid condition id : UX_CORESTACK_Condition cause : null
2023-08-29 13:28:57,101 [WARN] PackLoader:240 - Cannot read IP mode file for STMicroelectronics.X-CUBE-AZRTOS-WL.2.0.0
2023-08-29 13:28:57,111 [WARN] PackLoader:240 - Cannot read IP mode file for WES.I-CUBE-Cesium.1.3.0
2023-08-29 13:28:57,121 [WARN] PackLoader:240 - Cannot read IP mode file for STMicroelectronics.X-CUBE-BLE2.3.3.0
2023-08-29 13:28:57,128 [WARN] PackLoader:240 - Cannot read IP mode file for STMicroelectronics.X-CUBE-DISPLAY.2.2.0
2023-08-29 13:28:57,141 [WARN] PackLoader:240 - Cannot read IP mode file for STMicroelectronics.X-CUBE-TOF1.3.2.0
2023-08-29 13:28:57,156 [WARN] PackLoader:240 - Cannot read IP mode file for STMicroelectronics.X-CUBE-ISPU.1.0.0
2023-08-29 13:28:57,174 [WARN] PackLoader:240 - Cannot read IP mode file for STMicroelectronics.X-CUBE-AZRTOS-H7.2.1.0
2023-08-29 13:28:57,181 [WARN] PackLoader:240 - Cannot read IP mode file for STMicroelectronics.X-CUBE-TOUCHGFX.4.21.1
2023-08-29 13:28:57,181 [WARN] PackLoader:240 - Cannot read IP mode file for STMicroelectronics.X-CUBE-TOUCHGFX.4.21.3
2023-08-29 13:28:57,181 [WARN] PackLoader:240 - Cannot read IP mode file for STMicroelectronics.X-CUBE-TOUCHGFX.4.21.4
2023-08-29 13:28:57,224 [WARN] PackLoader:240 - Cannot read IP mode file for STMicroelectronics.X-CUBE-MEMS1.9.4.0
2023-08-29 13:28:57,424 [WARN] PackLoader:240 - Cannot read IP mode file for STMicroelectronics.X-CUBE-AI.7.3.0
2023-08-29 13:28:57,461 [WARN] PackLoader:240 - Cannot read IP mode file for STMicroelectronics.X-CUBE-ALGOBUILD.1.3.0
2023-08-29 13:28:57,486 [WARN] PackLoader:240 - Cannot read IP mode file for STMicroelectronics.X-CUBE-AZRTOS-G0.1.1.0
2023-08-29 13:28:57,494 [WARN] PackLoader:240 - Cannot read IP mode file for STMicroelectronics.X-CUBE-NFC4.3.0.0
2023-08-29 13:28:57,531 [WARN] PackLoader:240 - Cannot read IP mode file for SEGGER.I-CUBE-embOS.1.2.0
2023-08-29 13:28:57,568 [WARN] PackLoader:240 - Cannot read IP mode file for STMicroelectronics.X-CUBE-BLEMGR.1.3.0
2023-08-29 13:28:57,577 [WARN] PackLoader:240 - Cannot read IP mode file for STMicroelectronics.FP-ATR-SIGFOX1.3.2.0
2023-08-29 13:28:57,583 [WARN] PackLoader:240 - Cannot read IP mode file for emotas.I-CUBE-CANOPEN.1.1.2
2023-08-29 13:28:57,585 [WARN] PackLoader:240 - Cannot read IP mode file for STMicroelectronics.X-CUBE-TOUCHGFX.4.20.0
2023-08-29 13:28:57,633 [WARN] PackLoader:240 - Cannot read IP mode file for STMicroelectronics.X-CUBE-MEMS1.9.5.0
2023-08-29 13:28:57,751 [WARN] PackLoader:240 - Cannot read IP mode file for SEGGER.I-CUBE-embOS.1.3.1
2023-08-29 13:28:57,781 [WARN] PackLoader:240 - Cannot read IP mode file for STMicroelectronics.X-CUBE-GNSS1.6.0.0
2023-08-29 13:28:57,801 [WARN] PackLoader:240 - Cannot read IP mode file for STMicroelectronics.X-CUBE-AZRTOS-F4.1.1.0
2023-08-29 13:28:57,807 [WARN] PackLoader:240 - Cannot read IP mode file for wolfSSL.I-CUBE-wolfSSL.5.6.3
2023-08-29 13:28:57,811 [WARN] PackLoader:240 - Cannot read IP mode file for wolfSSL.I-CUBE-wolfSSL.5.6.0
2023-08-29 13:28:57,821 [WARN] PackLoader:240 - Cannot read IP mode file for STMicroelectronics.X-CUBE-BLEMGR.1.2.0
2023-08-29 13:28:57,832 [WARN] PackLoader:240 - Cannot read IP mode file for STMicroelectronics.X-CUBE-AZRTOS-L5.2.0.0
2023-08-29 13:28:57,874 [WARN] PackLoader:240 - Cannot read IP mode file for STMicroelectronics.X-CUBE-MEMS1.9.6.0
2023-08-29 13:28:57,991 [WARN] PackLoader:240 - Cannot read IP mode file for emotas.I-CUBE-CANOPEN.1.1.3
2023-08-29 13:28:57,996 [WARN] PackLoader:240 - Cannot read IP mode file for STMicroelectronics.X-CUBE-BLEMGR.2.0.0
2023-08-29 13:28:58,004 [WARN] PackLoader:240 - Cannot read IP mode file for STMicroelectronics.X-CUBE-NFC4.2.0.5
2023-08-29 13:28:58,007 [WARN] PackLoader:240 - Cannot read IP mode file for STMicroelectronics.X-CUBE-NFC4.2.0.4
2023-08-29 13:28:58,024 [WARN] ConditionMgr:438 - getConditionDescription Invalid condition id : UX DEVICE CLASS RTOS Condition cause : null
2023-08-29 13:28:58,024 [WARN] ConditionMgr:438 - getConditionDescription Invalid condition id : UX DEVICE CLASS RTOS Condition cause : null
2023-08-29 13:28:58,024 [WARN] PackLoader:240 - Cannot read IP mode file for STMicroelectronics.X-CUBE-AZRTOS-H7.3.1.0
2023-08-29 13:28:58,031 [WARN] ConditionMgr:1039 - genDependencies : Invalid condition id : UX DEVICE CLASS RTOS Condition cause : null
2023-08-29 13:28:58,031 [WARN] ConditionMgr:1039 - genDependencies : Invalid condition id : UX DEVICE CLASS RTOS Condition cause : null
2023-08-29 13:28:58,031 [WARN] ConditionMgr:1039 - genDependencies : Invalid condition id : UX DEVICE CLASS RTOS Condition cause : null
2023-08-29 13:28:58,033 [WARN] ConditionMgr:1039 - genDependencies : Invalid condition id : UX DEVICE CLASS RTOS Condition cause : null
2023-08-29 13:28:58,033 [WARN] ConditionMgr:1039 - genDependencies : Invalid condition id : UX DEVICE CLASS RTOS Condition cause : null
2023-08-29 13:28:58,033 [WARN] PackLoader:240 - Cannot read IP mode file for STMicroelectronics.X-CUBE-NFC7.1.0.1
2023-08-29 13:28:58,041 [WARN] PackLoader:240 - Cannot read IP mode file for STMicroelectronics.X-CUBE-NFC7.1.0.0
2023-08-29 13:28:58,041 [WARN] PackLoader:240 - Cannot read IP mode file for STMicroelectronics.X-CUBE-EEPRMA1.4.1.0
2023-08-29 13:28:58,051 [WARN] PackLoader:240 - Cannot read IP mode file for STMicroelectronics.X-CUBE-AI.8.1.0
2023-08-29 13:28:58,081 [WARN] ConditionMgr:438 - getConditionDescription Invalid condition id : LAN8742 Phy interface Condition cause : null
2023-08-29 13:28:58,081 [WARN] PackLoader:240 - Cannot read IP mode file for STMicroelectronics.X-CUBE-AZRTOS-L4.2.0.0
2023-08-29 13:28:58,084 [WARN] ConditionMgr:1039 - genDependencies : Invalid condition id : LAN8742 Phy interface Condition cause : null
2023-08-29 13:28:58,085 [WARN] ConditionMgr:1039 - genDependencies : Invalid condition id : LAN8742 Phy interface Condition cause : null
2023-08-29 13:28:58,086 [WARN] ConditionMgr:1039 - genDependencies : Invalid condition id : LAN8742 Phy interface Condition cause : null
2023-08-29 13:28:58,091 [WARN] PackLoader:240 - Cannot read IP mode file for STMicroelectronics.X-CUBE-SFXS2LP1.4.0.0
2023-08-29 13:28:58,107 [WARN] PackLoader:240 - Cannot read IP mode file for STMicroelectronics.X-CUBE-AZRTOS-H7.3.0.0
2023-08-29 13:28:58,111 [WARN] PackLoader:240 - Cannot read IP mode file for STMicroelectronics.X-CUBE-ISPU.1.1.0
2023-08-29 13:28:58,111 [WARN] PackLoader:240 - Cannot read IP mode file for RoweBots.I-CUBE-UNISONRTOS.5.5.0-4
2023-08-29 13:28:58,123 [WARN] PackLoader:240 - Cannot read IP mode file for wolfSSL.I-CUBE-wolfSSL.5.4.0
2023-08-29 13:28:58,124 [WARN] PackLoader:240 - Cannot read IP mode file for STMicroelectronics.X-CUBE-AI.8.0.0
2023-08-29 13:28:58,133 [WARN] ConditionMgr:438 - getConditionDescription Invalid condition id : UX DEVICE CLASS RTOS Condition cause : null
2023-08-29 13:28:58,133 [WARN] ConditionMgr:438 - getConditionDescription Invalid condition id : UX DEVICE CLASS RTOS Condition cause : null
2023-08-29 13:28:58,141 [WARN] PackLoader:240 - Cannot read IP mode file for STMicroelectronics.X-CUBE-AZRTOS-WB.2.0.0
2023-08-29 13:28:58,141 [WARN] ConditionMgr:1039 - genDependencies : Invalid condition id : UX DEVICE CLASS RTOS Condition cause : null
2023-08-29 13:28:58,141 [WARN] ConditionMgr:1039 - genDependencies : Invalid condition id : UX DEVICE CLASS RTOS Condition cause : null
2023-08-29 13:28:58,141 [WARN] ConditionMgr:1039 - genDependencies : Invalid condition id : UX DEVICE CLASS RTOS Condition cause : null
2023-08-29 13:28:58,141 [WARN] ConditionMgr:1039 - genDependencies : Invalid condition id : UX DEVICE CLASS RTOS Condition cause : null
2023-08-29 13:28:58,141 [WARN] ConditionMgr:1039 - genDependencies : Invalid condition id : UX DEVICE CLASS RTOS Condition cause : null
2023-08-29 13:28:58,141 [WARN] PackLoader:240 - Cannot read IP mode file for STMicroelectronics.X-CUBE-FREERTOS.1.0.0
2023-08-29 13:28:58,151 [WARN] PackLoader:240 - Cannot read IP mode file for STMicroelectronics.X-CUBE-FREERTOS.1.0.1
2023-08-29 13:28:58,157 [WARN] PackLoader:240 - Cannot read IP mode file for STMicroelectronics.X-CUBE-BLEMGR.1.0.0
2023-08-29 13:28:58,171 [WARN] PackLoader:240 - Cannot read IP mode file for STMicroelectronics.X-CUBE-AZRTOS-L5.1.1.0
2023-08-29 13:28:58,174 [WARN] PackLoader:240 - Cannot read IP mode file for STMicroelectronics.X-CUBE-AI.8.0.1
2023-08-29 13:28:58,181 [WARN] PackLoader:240 - Cannot read IP mode file for STMicroelectronics.X-CUBE-SUBG2.5.0.0
2023-08-29 13:28:58,196 [WARN] PackLoader:240 - Cannot read IP mode file for STMicroelectronics.X-CUBE-TOF1.3.3.1
2023-08-29 13:28:58,211 [WARN] PackLoader:240 - Cannot read IP mode file for STMicroelectronics.X-CUBE-AZRTOS-G4.2.0.0
2023-08-29 13:28:58,233 [WARN] PackLoader:240 - Cannot read IP mode file for STMicroelectronics.X-CUBE-TOF1.3.3.0
2023-08-29 13:28:58,241 [WARN] PackLoader:240 - Cannot read IP mode file for STMicroelectronics.FP-ATR-ASTRA1.1.1.1
2023-08-29 13:28:58,241 [WARN] PackLoader:240 - Cannot read IP mode file for STMicroelectronics.FP-ATR-ASTRA1.1.1.0
2023-08-29 13:28:58,258 [WARN] PackLoader:240 - Cannot read IP mode file for STMicroelectronics.X-CUBE-AZRTOS-G4.1.0.0
2023-08-29 13:28:58,274 [WARN] PackLoader:240 - Cannot read IP mode file for STMicroelectronics.X-CUBE-AZRTOS-L4.1.0.0
2023-08-29 13:28:58,274 [WARN] PackLoader:240 - Cannot read IP mode file for STMicroelectronics.X-CUBE-FREERTOS.1.1.0
2023-08-29 13:28:58,291 [WARN] PackLoader:240 - Cannot read IP mode file for STMicroelectronics.X-CUBE-AZRTOS-WL.1.0.0
2023-08-29 13:28:58,292 [WARN] PackLoader:240 - Cannot read IP mode file for portGmbH.I-Cube-SoM-uGOAL.1.1.0
2023-08-29 13:28:58,301 [WARN] PackLoader:240 - Cannot read IP mode file for STMicroelectronics.X-CUBE-ALS.1.0.1
2023-08-29 13:28:58,311 [WARN] PackLoader:240 - Cannot read IP mode file for STMicroelectronics.X-CUBE-AZRTOS-WB.1.1.0
2023-08-29 13:28:58,324 [WARN] PackLoader:240 - Cannot read IP mode file for STMicroelectronics.X-CUBE-AZRTOS-L5.1.0.0
2023-08-29 13:28:58,333 [WARN] PackLoader:240 - Cannot read IP mode file for STMicroelectronics.X-CUBE-EEPRMA1.3.1.1
2023-08-29 13:28:58,341 [WARN] PackLoader:240 - Cannot read IP mode file for STMicroelectronics.FP-ATR-ASTRA1.2.0.0
2023-08-29 13:28:58,341 [INFO] ThirdParty:978 - Integrity check success = true
2023-08-29 13:28:58,341 [INFO] IntegrityCheckThread:100 - exiting critical section [integrity check]
2023-08-29 13:28:58,341 [INFO] IntegrityCheckThread:103 - End integrity checks thread
2023-08-29 13:28:58,341 [INFO] ThirdParty:873 - entering critical section [close project]
2023-08-29 13:28:58,341 [INFO] ThirdParty:883 - exiting critical section [close project]
2023-08-29 13:28:58,341 [INFO] PinOutPanel:1499 - setPackage(No Configuration,No Configuration)
2023-08-29 13:28:58,351 [INFO] UtilMem:75 - Begin LoadConfig() Used Memory: 603387984 Bytes (758120448)
2023-08-29 13:28:58,358 [INFO] MicroXplorer:468 - Change Database Path : 
2023-08-29 13:28:58,358 [INFO] MicroXplorer:498 - Change Database Version : DB.6.0.81
2023-08-29 13:28:58,358 [INFO] OpenFileManager:308 - Change cursor
2023-08-29 13:28:58,420 [INFO] Mcu:1937 - Initializing MCU STM32G030C(6-8)Tx STM32G030C8Tx STM32G031K8T6
2023-08-29 13:29:37,982 [INFO] Context:659 - Trying to add GPIOservice into a context  which must be forbidden
2023-08-29 13:29:38,707 [INFO] RtosManager:555 - Registered RTOS mode: class=CMSIS, group=RTOS, mode=CMSIS_V1, owner=FREERTOS
2023-08-29 13:29:38,707 [INFO] RtosManager:555 - Registered RTOS mode: class=CMSIS, group=RTOS2, mode=CMSIS_V2, owner=FREERTOS
2023-08-29 13:29:38,707 [INFO] RtosManager:555 - Registered RTOS mode: class=RTOS, group=Core, mode=CMSIS_V1, owner=FREERTOS
2023-08-29 13:29:38,707 [INFO] RtosManager:555 - Registered RTOS mode: class=RTOS, group=Core, mode=CMSIS_V2, owner=FREERTOS
2023-08-29 13:29:38,707 [WARN] ModelIntegratedComponent:184 - Missing modes for component STMicroelectronics:FreeRTOS:0.0.1:STMicroelectronics:RTOS:FreeRTOS:Core:::10.2.0:
2023-08-29 13:29:38,711 [WARN] ModelIntegratedComponent:63 - No mode defined for component null
2023-08-29 13:29:38,711 [WARN] ModelIntegratedComponent:63 - No mode defined for component null
2023-08-29 13:29:38,711 [WARN] ModelIntegratedComponent:63 - No mode defined for component null
2023-08-29 13:29:38,711 [WARN] ModelIntegratedComponent:63 - No mode defined for component null
2023-08-29 13:29:38,711 [WARN] ModelIntegratedComponent:63 - No mode defined for component null
2023-08-29 13:29:38,711 [WARN] ModelIntegratedComponent:63 - No mode defined for component null
2023-08-29 13:29:38,711 [WARN] ModelIntegratedComponent:63 - No mode defined for component null
2023-08-29 13:29:38,711 [WARN] ModelIntegratedComponent:63 - No mode defined for component null
2023-08-29 13:29:38,711 [WARN] ModelIntegratedComponent:63 - No mode defined for component null
2023-08-29 13:29:38,711 [WARN] ModelIntegratedComponent:63 - No mode defined for component null
2023-08-29 13:29:38,711 [WARN] ModelIntegratedComponent:63 - No mode defined for component null
2023-08-29 13:29:38,711 [WARN] ModelIntegratedComponent:63 - No mode defined for component null
2023-08-29 13:29:38,711 [WARN] ModelIntegratedComponent:63 - No mode defined for component null
2023-08-29 13:29:38,711 [WARN] ModelIntegratedComponent:63 - No mode defined for component null
2023-08-29 13:29:38,711 [WARN] ModelIntegratedComponent:63 - No mode defined for component null
2023-08-29 13:29:38,711 [WARN] ModelIntegratedComponent:63 - No mode defined for component null
2023-08-29 13:29:38,711 [WARN] ModelIntegratedComponent:63 - No mode defined for component null
2023-08-29 13:29:38,711 [WARN] ModelIntegratedComponent:63 - No mode defined for component null
2023-08-29 13:29:38,711 [WARN] ModelIntegratedComponent:63 - No mode defined for component null
2023-08-29 13:29:38,711 [WARN] ModelIntegratedComponent:63 - No mode defined for component null
2023-08-29 13:29:38,711 [WARN] ModelIntegratedComponent:63 - No mode defined for component null
2023-08-29 13:29:38,711 [WARN] ModelIntegratedComponent:63 - No mode defined for component null
2023-08-29 13:29:38,711 [WARN] ModelIntegratedComponent:63 - No mode defined for component null
2023-08-29 13:29:38,711 [WARN] ModelIntegratedComponent:63 - No mode defined for component null
2023-08-29 13:29:38,711 [WARN] ModelIntegratedComponent:63 - No mode defined for component null
2023-08-29 13:29:38,711 [WARN] ModelIntegratedComponent:63 - No mode defined for component null
2023-08-29 13:29:38,711 [WARN] ModelIntegratedComponent:63 - No mode defined for component null
2023-08-29 13:29:38,711 [WARN] ModelIntegratedComponent:63 - No mode defined for component null
2023-08-29 13:29:38,711 [WARN] ModelIntegratedComponent:63 - No mode defined for component null
2023-08-29 13:29:38,711 [WARN] ModelIntegratedComponent:63 - No mode defined for component null
2023-08-29 13:29:38,711 [WARN] ModelIntegratedComponent:63 - No mode defined for component null
2023-08-29 13:29:38,711 [WARN] ModelIntegratedComponent:63 - No mode defined for component null
2023-08-29 13:29:38,711 [WARN] ModelIntegratedComponent:63 - No mode defined for component null
2023-08-29 13:29:38,941 [INFO] ThirdPartyModel:298 - Start build external matchings
2023-08-29 13:29:39,722 [INFO] ThirdPartyModel:316 - End build external matchings
2023-08-29 13:29:39,761 [INFO] ImportTextPane:194 - (OptionalMessage_ERROR) IP (DMA) : Parameter (Instance) has Id (ADC1) currently not set
2023-08-29 13:29:39,761 [INFO] ImportTextPane:194 - (OptionalMessage_ERROR) IP (DMA) : Parameter (Request) has Id (ADC1) currently not set
2023-08-29 13:29:39,761 [INFO] ImportTextPane:194 - (OptionalMessage_ERROR) IP (DMA) : Parameter (Direction) has Id (ADC1) currently not set
2023-08-29 13:29:39,761 [INFO] ImportTextPane:194 - (OptionalMessage_ERROR) IP (DMA) : Parameter (PeriphInc) has Id (ADC1) currently not set
2023-08-29 13:29:39,761 [INFO] ImportTextPane:194 - (OptionalMessage_ERROR) IP (DMA) : Parameter (MemInc) has Id (ADC1) currently not set
2023-08-29 13:29:39,761 [INFO] ImportTextPane:194 - (OptionalMessage_ERROR) IP (DMA) : Parameter (PeriphDataAlignment) has Id (ADC1) currently not set
2023-08-29 13:29:39,761 [INFO] ImportTextPane:194 - (OptionalMessage_ERROR) IP (DMA) : Parameter (MemDataAlignment) has Id (ADC1) currently not set
2023-08-29 13:29:39,761 [INFO] ImportTextPane:194 - (OptionalMessage_ERROR) IP (DMA) : Parameter (Mode) has Id (ADC1) currently not set
2023-08-29 13:29:39,761 [INFO] ImportTextPane:194 - (OptionalMessage_ERROR) IP (DMA) : Parameter (Priority) has Id (ADC1) currently not set
2023-08-29 13:29:39,761 [INFO] ImportTextPane:194 - (OptionalMessage_ERROR) IP (DMA) : Parameter (SignalID) has Id (ADC1) currently not set
2023-08-29 13:29:39,761 [INFO] ImportTextPane:194 - (OptionalMessage_ERROR) IP (DMA) : Parameter (Polarity) has Id (ADC1) currently not set
2023-08-29 13:29:39,761 [INFO] ImportTextPane:194 - (OptionalMessage_ERROR) IP (DMA) : Parameter (RequestNumber) has Id (ADC1) currently not set
2023-08-29 13:29:39,761 [INFO] ImportTextPane:194 - (OptionalMessage_ERROR) IP (DMA) : Parameter (SyncSignalID) has Id (ADC1) currently not set
2023-08-29 13:29:39,761 [INFO] ImportTextPane:194 - (OptionalMessage_ERROR) IP (DMA) : Parameter (SyncPolarity) has Id (ADC1) currently not set
2023-08-29 13:29:39,761 [INFO] ImportTextPane:194 - (OptionalMessage_ERROR) IP (DMA) : Parameter (SyncEnable) has Id (ADC1) currently not set
2023-08-29 13:29:39,761 [INFO] ImportTextPane:194 - (OptionalMessage_ERROR) IP (DMA) : Parameter (EventEnable) has Id (ADC1) currently not set
2023-08-29 13:29:39,761 [INFO] ImportTextPane:194 - (OptionalMessage_ERROR) IP (DMA) : Parameter (SyncRequestNumber) has Id (ADC1) currently not set
2023-08-29 13:29:39,791 [WARN] IP:2113 - FIFOMode not found: check if there is a RefParameter without a condition.
2023-08-29 13:29:39,791 [WARN] IP:2113 - TXFIFOThreshold not found: check if there is a RefParameter without a condition.
2023-08-29 13:29:39,791 [WARN] IP:2113 - RXFIFOThreshold not found: check if there is a RefParameter without a condition.
2023-08-29 13:29:39,802 [WARN] IP:2113 - AutoBaudRateEnableParam not found: check if there is a RefParameter without a condition.
2023-08-29 13:29:42,400 [INFO] UtilMem:75 - End LoadConfig() Used Memory: 558688168 Bytes (758120448)
2023-08-29 13:29:43,856 [INFO] ApiDb:581 - Connected to CubeFinder SQLite database (C:\Users\KDS-LTP-0415\.stmcufinder\plugins\mcufinder\mcu\cube-finder-db.db)
2023-08-29 13:29:43,911 [INFO] ApiDb:668 - CubeFinder database Data Model version=2.1
2023-08-29 13:29:43,911 [INFO] ApiDb:669 - CubeFinder database Configuration version=3.0.37
2023-08-29 13:29:43,911 [INFO] ApiDb:670 - CubeFinder database generation date=2023-06-26 (1687786131)
2023-08-29 13:29:43,911 [INFO] ApiDb:671 - CubeFinder database FW Pack versions=[FP-ATR-ASTRA1_V2.0.0, FP-SNS-FLIGHT1_V5.0.1, FP-SNS-MOTENV1_V4.3.1, STM32Cube_FW_C0_V1.1.0, STM32Cube_FW_F4_V1.27.1, STM32Cube_FW_F7_V1.17.0, STM32Cube_FW_G0_V1.6.1, STM32Cube_FW_G4_V1.5.1, STM32Cube_FW_H5_V0.5.1, STM32Cube_FW_H5_V1.1.0, STM32Cube_FW_H7_V1.11.0, STM32Cube_FW_L0_V1.12.2, STM32Cube_FW_L5_V1.5.0, STM32Cube_FW_U5_V1.3.0, STM32Cube_FW_U5_V1.3.0RC4, STM32Cube_FW_WBA_V1.0.0RC1, STM32Cube_FW_WBA_V1.1.0, STM32Cube_FW_WBA_V1.1.0RC1, STM32Cube_FW_WB_V1.15.0RC1, STM32Cube_FW_WB_V1.16.0, STM32Cube_FW_WB_V1.16.0RC2, STM32Cube_FW_WB_V1.17.0, STM32Cube_FW_WL_V1.3.0, X-CUBE-ALGOBUILD_V1.3.0, X-CUBE-ALS_V1.0.1, X-CUBE-AZRTOS-F4_V1.1.0, X-CUBE-AZRTOS-F7_V1.1.0, X-CUBE-AZRTOS-G0_V1.1.0, X-CUBE-AZRTOS-G4_V2.0.0, X-CUBE-AZRTOS-H7_V3.1.0, X-CUBE-AZRTOS-L4_V1.0.0, X-CUBE-AZRTOS-L4_V2.0.0, X-CUBE-AZRTOS-L5_V1.1.0, X-CUBE-AZRTOS-WB_V1.1.0, X-CUBE-AZRTOS-WL_V2.0.0, X-CUBE-BLE1_V6.2.4, X-CUBE-BLE2_V3.3.0, X-CUBE-BLEMGR_V2.0.0, X-CUBE-EEPRMA1_V4.1.0, X-CUBE-FREERTOS_V1.0.1, X-CUBE-GNSS1_V6.0.0, X-CUBE-MEMS1_V9.1.0, X-CUBE-MEMS1_V9.4.0, X-CUBE-MEMS1_V9.6.0, X-CUBE-NFC4_V3.0.0, X-CUBE-NFC7_V1.0.0, X-CUBE-SFXS2LP1_V4.0.0, X-CUBE-SUBG2_V5.0.0]
2023-08-29 13:29:46,051 [INFO] ApiDb:240 - Found 297 in-development CPN: [B-G473E-ZEST1S, B-WB1M-WPAN1, B-WL5M-SUBG1, NUCLEO-C031C6, NUCLEO-H503RB, NUCLEO-H563ZI, NUCLEO-U545RE-Q, NUCLEO-U5A5ZJ-Q, NUCLEO-WBA52CG, STEVAL-PROTEUS1, STEVAL-STWINBX1, STM320518-EVAL, STM32C0116-DK, STM32C011D6Y3TR, STM32C011D6Y6TR, STM32C011F4P3, STM32C011F4P6, STM32C011F4U3, STM32C011F4U6TR, STM32C011F6P3, STM32C011F6P6, STM32C011F6U3, STM32C011F6U6TR, STM32C011J4M3, STM32C011J4M6, STM32C011J6M3, STM32C011J6M6, STM32C0316-DK, STM32C031C4T3, STM32C031C4T6, STM32C031C4U3, STM32C031C4U6, STM32C031C6T3, STM32C031C6T6, STM32C031C6U3, STM32C031C6U6, STM32C031F4P3, STM32C031F4P6, STM32C031F6P3, STM32C031F6P6, STM32C031G4U3, STM32C031G4U6, STM32C031G6U3, STM32C031G6U6, STM32C031K4T3, STM32C031K4T6, STM32C031K4U3, STM32C031K4U6, STM32C031K6T3, STM32C031K6T6, STM32C031K6U3, STM32C031K6U6, STM32G071K8TXN, STM32G071K8UXN, STM32G081GBU6N, STM32G081KBT6N, STM32G081KBUXN, STM32G0B1CCT6N, STM32G0B1KCT6, STM32G0B1NEY6TR, STM32G0B1RCT6N, STM32G0C1CCT6, STM32G0C1CCT6N, STM32G0C1CCU6N, STM32G0C1CET6N, STM32G0C1CEU6N, STM32G0C1KCT6, STM32G0C1NEY6TR, STM32G0C1RCI6N, STM32G0C1RCT6N, STM32G0C1REI6N, STM32G0C1RET6N, STM32G0C1VCI6, STM32G0C1VEI6, STM32G471CCT6, STM32G471CCU6, STM32G471CET3, STM32G471CET6, STM32G471CEU3, STM32G471CEU6, STM32G471MCT6, STM32G471MET3, STM32G471MET6, STM32G471MEY6TR, STM32G471QCT6, STM32G471QET3, STM32G471RCT6, STM32G471RET3, STM32G471RET6, STM32G471VCH6, STM32G471VCI6, STM32G471VCT6, STM32G471VEH3, STM32G471VEH6, STM32G471VEI3, STM32G471VEI6, STM32G471VET3, STM32G471VET6, STM32G474CCT6, STM32H503CBT6, STM32H503CBU6, STM32H503EBY6TR, STM32H503KBU6, STM32H503RBT6, STM32H562AGI6, STM32H562AII6, STM32H562IGK6, STM32H562IGT6, STM32H562IIK6, STM32H562IIT6, STM32H562RGT6, STM32H562RGV6, STM32H562RIT6, STM32H562RIV6, STM32H562VGT6, STM32H562VIT6, STM32H562ZGT6, STM32H562ZIT6, STM32H563AGI6, STM32H563AII3Q, STM32H563AII6, STM32H563IGK6, STM32H563IGT6, STM32H563IIK3Q, STM32H563IIK6, STM32H563IIT3Q, STM32H563IIT6, STM32H563MIY3QTR, STM32H563RGT6, STM32H563RGV6, STM32H563RIT6, STM32H563RIV6, STM32H563VGT6, STM32H563VIT3Q, STM32H563VIT6, STM32H563ZGT6, STM32H563ZIT3Q, STM32H563ZIT6, STM32H573AII3Q, STM32H573AII6, STM32H573I-DK, STM32H573IIK3Q, STM32H573IIK6, STM32H573IIT3Q, STM32H573IIT6, STM32H573MIY3QTR, STM32H573RIT6, STM32H573RIV6, STM32H573VIT3Q, STM32H573VIT6, STM32H573ZIT3Q, STM32H573ZIT6, STM32L4R5QGI6STR, STM32MP131AAE3, STM32MP131AAF3, STM32MP131AAG3, STM32MP131CAE3, STM32MP131CAF3, STM32MP131CAG3, STM32MP131DAE7, STM32MP131DAF7, STM32MP131DAG7, STM32MP131FAE7, STM32MP131FAF7, STM32MP131FAG7, STM32MP133AAE3, STM32MP133AAF3, STM32MP133AAG3, STM32MP133CAE3, STM32MP133CAF3, STM32MP133CAG3, STM32MP133DAE7, STM32MP133DAF7, STM32MP133DAG7, STM32MP133FAE7, STM32MP133FAF7, STM32MP133FAG7, STM32MP135AAE3, STM32MP135AAF3, STM32MP135AAG3, STM32MP135CAE3, STM32MP135CAF3, STM32MP135CAG3, STM32MP135DAE7, STM32MP135DAF7, STM32MP135DAG7, STM32MP135F-DK, STM32MP135FAE7, STM32MP135FAF7, STM32MP135FAF7T, STM32MP135FAF7U, STM32MP135FAG7, STM32U535CBT6, STM32U535CBT6Q, STM32U535CBU6, STM32U535CBU6Q, STM32U535CCT6, STM32U535CCT6Q, STM32U535CCU6, STM32U535CCU6Q, STM32U535CET6, STM32U535CET6Q, STM32U535CEU6, STM32U535CEU6Q, STM32U535JEY6QTR, STM32U535NCY6QTR, STM32U535NEY6QTR, STM32U535RBI6, STM32U535RBI6Q, STM32U535RBT6, STM32U535RBT6Q, STM32U535RCI6, STM32U535RCI6Q, STM32U535RCT6, STM32U535RCT6Q, STM32U535REI6, STM32U535REI6Q, STM32U535RET6, STM32U535RET6Q, STM32U535VCI6, STM32U535VCI6Q, STM32U535VCT6, STM32U535VCT6Q, STM32U535VEI6, STM32U535VEI6Q, STM32U535VET6, STM32U535VET6Q, STM32U545CET6, STM32U545CET6Q, STM32U545CEU6, STM32U545CEU6Q, STM32U545JEY6QTR, STM32U545NEY6QTR, STM32U545REI6, STM32U545REI6Q, STM32U545RET6, STM32U545RET6Q, STM32U545VEI6, STM32U545VEI6Q, STM32U545VET6, STM32U545VET6Q, STM32U595AIH6, STM32U595AIH6Q, STM32U595AJH6, STM32U595AJH6Q, STM32U595QII6, STM32U595QII6Q, STM32U595QJI6, STM32U595QJI6Q, STM32U595RIT6, STM32U595RIT6Q, STM32U595RJT6, STM32U595RJT6Q, STM32U595VIT6, STM32U595VIT6Q, STM32U595VJT6, STM32U595VJT6Q, STM32U595ZIT6, STM32U595ZIT6Q, STM32U595ZIY6QTR, STM32U595ZJT6, STM32U595ZJT6Q, STM32U595ZJY6QTR, STM32U599BJY6QTR, STM32U599NIH6Q, STM32U599NJH6Q, STM32U599VIT6Q, STM32U599VJT6, STM32U599VJT6Q, STM32U599ZIT6Q, STM32U599ZIY6QTR, STM32U599ZJT6Q, STM32U599ZJY6QTR, STM32U5A5AJH6, STM32U5A5AJH6Q, STM32U5A5QJI6, STM32U5A5QJI6Q, STM32U5A5RJT6, STM32U5A5RJT6Q, STM32U5A5VJT6, STM32U5A5VJT6Q, STM32U5A5ZJT6, STM32U5A5ZJT6Q, STM32U5A5ZJY6QTR, STM32U5A9BJY6QTR, STM32U5A9J-DK, STM32U5A9NJH6Q, STM32U5A9VJT6Q, STM32U5A9ZJT6Q, STM32U5A9ZJY6QTR, STM32WB1MMCH6, STM32WBA52CEU6, STM32WBA52CEU6T, STM32WBA52CGU6, STM32WBA52CGU6T, STM32WL5MOCH6, STM32WL5MOCH6TR]
2023-08-29 13:29:46,051 [INFO] DbMcus:216 - Found 3825 MCUs, 3825 are supported
2023-08-29 13:29:46,057 [INFO] ApiDb:423 - Load user favorites file C:\Users\KDS-LTP-0415/.stm32cubeide/favorites.mcus.txt: 0 item(s)
2023-08-29 13:29:46,057 [INFO] ApiDb:427 - User favorites MCUs=[]
2023-08-29 13:29:46,057 [INFO] DbMcus:222 - Set 0 / 0 favorites MCUs
2023-08-29 13:29:46,347 [WARN] ThirdParty:833 - waiting for thirdparty lock release [change project]
2023-08-29 13:29:46,347 [INFO] ThirdParty:835 - entering critical section [change project]
2023-08-29 13:29:46,347 [INFO] ThirdParty:1030 - CMSIS Pack Vendor :STMicroelectronics X-CUBE-GNSS1 6.0.0
2023-08-29 13:29:46,347 [INFO] ThirdParty:1030 - CMSIS Pack Vendor :STMicroelectronics USB_HOST 2.0.0
2023-08-29 13:29:46,347 [INFO] ThirdParty:1030 - CMSIS Pack Vendor :STMicroelectronics X-CUBE-AZRTOS-F4 1.1.0
2023-08-29 13:29:46,347 [INFO] ThirdParty:1030 - CMSIS Pack Vendor :STMicroelectronics LIBJPEG 8.0.0
2023-08-29 13:29:46,347 [INFO] ThirdParty:1030 - CMSIS Pack Vendor :wolfSSL I-CUBE-wolfSSL 5.6.3
2023-08-29 13:29:46,347 [INFO] ThirdParty:1030 - CMSIS Pack Vendor :STMicroelectronics X-CUBE-SMBUS 2.1.0
2023-08-29 13:29:46,347 [INFO] ThirdParty:1030 - CMSIS Pack Vendor :wolfSSL I-CUBE-wolfSSL 5.6.0
2023-08-29 13:29:46,347 [INFO] ThirdParty:1030 - CMSIS Pack Vendor :STMicroelectronics X-CUBE-BLEMGR 1.2.0
2023-08-29 13:29:46,347 [INFO] ThirdParty:1030 - CMSIS Pack Vendor :STMicroelectronics X-CUBE-AZRTOS-F7 1.1.0
2023-08-29 13:29:46,347 [INFO] ThirdParty:1030 - CMSIS Pack Vendor :STMicroelectronics X-CUBE-AZRTOS-L5 2.0.0
2023-08-29 13:29:46,347 [INFO] ThirdParty:1030 - CMSIS Pack Vendor :STMicroelectronics USB_DEVICE 2.0.0
2023-08-29 13:29:46,347 [INFO] ThirdParty:1030 - CMSIS Pack Vendor :STMicroelectronics X-CUBE-MEMS1 9.6.0
2023-08-29 13:29:46,347 [INFO] ThirdParty:1030 - CMSIS Pack Vendor :STMicroelectronics FP-SNS-MOTENV1 4.3.0
2023-08-29 13:29:46,347 [INFO] ThirdParty:1030 - CMSIS Pack Vendor :STMicroelectronics FP-SNS-MOTENV1 4.3.2
2023-08-29 13:29:46,347 [INFO] ThirdParty:1030 - CMSIS Pack Vendor :STMicroelectronics FP-SNS-FLIGHT1 5.0.0
2023-08-29 13:29:46,347 [INFO] ThirdParty:1030 - CMSIS Pack Vendor :STMicroelectronics FP-SNS-MOTENV1 4.3.1
2023-08-29 13:29:46,347 [INFO] ThirdParty:1030 - CMSIS Pack Vendor :STMicroelectronics FP-SNS-FLIGHT1 5.0.1
2023-08-29 13:29:46,347 [INFO] ThirdParty:1030 - CMSIS Pack Vendor :STMicroelectronics X-CUBE-BLE1 6.2.3
2023-08-29 13:29:46,347 [INFO] ThirdParty:1030 - CMSIS Pack Vendor :STMicroelectronics X-CUBE-BLE1 6.2.4
2023-08-29 13:29:46,347 [INFO] ThirdParty:1030 - CMSIS Pack Vendor :STMicroelectronics FreeRTOS 0.0.1
2023-08-29 13:29:46,347 [INFO] ThirdParty:1030 - CMSIS Pack Vendor :emotas I-CUBE-CANOPEN 1.1.3
2023-08-29 13:29:46,347 [INFO] ThirdParty:1030 - CMSIS Pack Vendor :STMicroelectronics X-CUBE-BLEMGR 2.0.0
2023-08-29 13:29:46,347 [INFO] ThirdParty:1030 - CMSIS Pack Vendor :STMicroelectronics FP-SNS-FLIGHT1 5.0.2
2023-08-29 13:29:46,347 [INFO] ThirdParty:1030 - CMSIS Pack Vendor :STMicroelectronics X-CUBE-NFC4 2.0.5
2023-08-29 13:29:46,347 [INFO] ThirdParty:1030 - CMSIS Pack Vendor :STMicroelectronics X-CUBE-NFC4 2.0.4
2023-08-29 13:29:46,347 [INFO] ThirdParty:1030 - CMSIS Pack Vendor :STMicroelectronics X-CUBE-AZRTOS-H7 3.1.0
2023-08-29 13:29:46,347 [INFO] ThirdParty:1030 - CMSIS Pack Vendor :STMicroelectronics PDM2PCM 3.3.0
2023-08-29 13:29:46,347 [INFO] ThirdParty:1030 - CMSIS Pack Vendor :STMicroelectronics X-CUBE-TOF1 3.1.0
2023-08-29 13:29:46,347 [INFO] ThirdParty:1030 - CMSIS Pack Vendor :STMicroelectronics X-CUBE-DISPLAY 3.0.0
2023-08-29 13:29:46,347 [INFO] ThirdParty:1030 - CMSIS Pack Vendor :STMicroelectronics X-CUBE-BLE1 7.0.0
2023-08-29 13:29:46,347 [INFO] ThirdParty:1030 - CMSIS Pack Vendor :STMicroelectronics HAL Drivers 0.0.0
2023-08-29 13:29:46,347 [INFO] ThirdParty:1030 - CMSIS Pack Vendor :emotas I-CUBE-CANOPEN 1.3.0
2023-08-29 13:29:46,347 [INFO] ThirdParty:1030 - CMSIS Pack Vendor :STMicroelectronics X-CUBE-TOUCHGFX 4.22.0
2023-08-29 13:29:46,347 [INFO] ThirdParty:1030 - CMSIS Pack Vendor :STMicroelectronics X-CUBE-NFC7 1.0.1
2023-08-29 13:29:46,347 [INFO] ThirdParty:1030 - CMSIS Pack Vendor :STMicroelectronics MBEDTLS 2.14.1
2023-08-29 13:29:46,347 [INFO] ThirdParty:1030 - CMSIS Pack Vendor :STMicroelectronics X-CUBE-NFC7 1.0.0
2023-08-29 13:29:46,347 [INFO] ThirdParty:1030 - CMSIS Pack Vendor :STMicroelectronics X-CUBE-MEMS1 9.3.0
2023-08-29 13:29:46,347 [INFO] ThirdParty:1030 - CMSIS Pack Vendor :STMicroelectronics X-CUBE-EEPRMA1 4.1.0
2023-08-29 13:29:46,347 [INFO] ThirdParty:1030 - CMSIS Pack Vendor :STMicroelectronics X-CUBE-AI 7.2.0
2023-08-29 13:29:46,347 [INFO] ThirdParty:1030 - CMSIS Pack Vendor :STMicroelectronics X-CUBE-AZRTOS-WL 2.0.0
2023-08-29 13:29:46,347 [INFO] ThirdParty:1030 - CMSIS Pack Vendor :STMicroelectronics USB_DEVICE 1.0.0
2023-08-29 13:29:46,347 [INFO] ThirdParty:1030 - CMSIS Pack Vendor :STMicroelectronics X-CUBE-AI 8.1.0
2023-08-29 13:29:46,347 [INFO] ThirdParty:1030 - CMSIS Pack Vendor :STMicroelectronics X-CUBE-AZRTOS-L4 2.0.0
2023-08-29 13:29:46,347 [INFO] ThirdParty:1030 - CMSIS Pack Vendor :STMicroelectronics ThreadX 0.0.2
2023-08-29 13:29:46,347 [INFO] ThirdParty:1030 - CMSIS Pack Vendor :WES I-CUBE-Cesium 1.3.0
2023-08-29 13:29:46,347 [INFO] ThirdParty:1030 - CMSIS Pack Vendor :STMicroelectronics lwIP 2.1.2
2023-08-29 13:29:46,347 [INFO] ThirdParty:1030 - CMSIS Pack Vendor :STMicroelectronics X-CUBE-SFXS2LP1 4.0.0
2023-08-29 13:29:46,347 [INFO] ThirdParty:1030 - CMSIS Pack Vendor :STMicroelectronics X-CUBE-BLE2 3.3.0
2023-08-29 13:29:46,347 [INFO] ThirdParty:1030 - CMSIS Pack Vendor :STMicroelectronics X-CUBE-DISPLAY 2.2.0
2023-08-29 13:29:46,347 [INFO] ThirdParty:1030 - CMSIS Pack Vendor :STMicroelectronics X-CUBE-TOF1 3.2.0
2023-08-29 13:29:46,347 [INFO] ThirdParty:1030 - CMSIS Pack Vendor :STMicroelectronics PDM2PCM 3.2.0
2023-08-29 13:29:46,347 [INFO] ThirdParty:1030 - CMSIS Pack Vendor :STMicroelectronics X-CUBE-AZRTOS-H7 3.0.0
2023-08-29 13:29:46,347 [INFO] ThirdParty:1030 - CMSIS Pack Vendor :STMicroelectronics X-CUBE-ISPU 1.0.0
2023-08-29 13:29:46,347 [INFO] ThirdParty:1030 - CMSIS Pack Vendor :STMicroelectronics X-CUBE-ISPU 1.1.0
2023-08-29 13:29:46,347 [INFO] ThirdParty:1030 - CMSIS Pack Vendor :RoweBots I-CUBE-UNISONRTOS 5.5.0-4
2023-08-29 13:29:46,347 [INFO] ThirdParty:1030 - CMSIS Pack Vendor :STMicroelectronics X-CUBE-AZRTOS-H7 2.1.0
2023-08-29 13:29:46,347 [INFO] ThirdParty:1030 - CMSIS Pack Vendor :wolfSSL I-CUBE-wolfSSL 5.4.0
2023-08-29 13:29:46,347 [INFO] ThirdParty:1030 - CMSIS Pack Vendor :STMicroelectronics USB_DEVICE 3.0.0
2023-08-29 13:29:46,347 [INFO] ThirdParty:1030 - CMSIS Pack Vendor :STMicroelectronics X-CUBE-AI 8.0.0
2023-08-29 13:29:46,347 [INFO] ThirdParty:1030 - CMSIS Pack Vendor :STMicroelectronics X-CUBE-AZRTOS-WB 2.0.0
2023-08-29 13:29:46,347 [INFO] ThirdParty:1030 - CMSIS Pack Vendor :STMicroelectronics X-CUBE-FREERTOS 1.0.0
2023-08-29 13:29:46,347 [INFO] ThirdParty:1030 - CMSIS Pack Vendor :STMicroelectronics X-CUBE-FREERTOS 1.0.1
2023-08-29 13:29:46,347 [INFO] ThirdParty:1030 - CMSIS Pack Vendor :STMicroelectronics X-CUBE-TOUCHGFX 4.21.1
2023-08-29 13:29:46,347 [INFO] ThirdParty:1030 - CMSIS Pack Vendor :STMicroelectronics X-CUBE-TOUCHGFX 4.21.3
2023-08-29 13:29:46,347 [INFO] ThirdParty:1030 - CMSIS Pack Vendor :STMicroelectronics X-CUBE-BLEMGR 1.0.0
2023-08-29 13:29:46,347 [INFO] ThirdParty:1030 - CMSIS Pack Vendor :STMicroelectronics X-CUBE-TOUCHGFX 4.21.4
2023-08-29 13:29:46,347 [INFO] ThirdParty:1030 - CMSIS Pack Vendor :STMicroelectronics X-CUBE-MEMS1 9.4.0
2023-08-29 13:29:46,347 [INFO] ThirdParty:1030 - CMSIS Pack Vendor :STMicroelectronics X-CUBE-AI 7.3.0
2023-08-29 13:29:46,347 [INFO] ThirdParty:1030 - CMSIS Pack Vendor :EdgeImpulse osugiw-project-1 1.0.1
2023-08-29 13:29:46,347 [INFO] ThirdParty:1030 - CMSIS Pack Vendor :STMicroelectronics X-CUBE-ALGOBUILD 1.3.0
2023-08-29 13:29:46,347 [INFO] ThirdParty:1030 - CMSIS Pack Vendor :STMicroelectronics X-CUBE-AZRTOS-L5 1.1.0
2023-08-29 13:29:46,351 [INFO] ThirdParty:1030 - CMSIS Pack Vendor :STMicroelectronics X-CUBE-AZRTOS-G0 1.1.0
2023-08-29 13:29:46,351 [INFO] ThirdParty:1030 - CMSIS Pack Vendor :STMicroelectronics X-CUBE-AI 8.0.1
2023-08-29 13:29:46,351 [INFO] ThirdParty:1030 - CMSIS Pack Vendor :STMicroelectronics X-CUBE-NFC4 3.0.0
2023-08-29 13:29:46,351 [INFO] ThirdParty:1030 - CMSIS Pack Vendor :SEGGER I-CUBE-embOS 1.2.0
2023-08-29 13:29:46,351 [INFO] ThirdParty:1030 - CMSIS Pack Vendor :STMicroelectronics X-CUBE-SUBG2 5.0.0
2023-08-29 13:29:46,351 [INFO] ThirdParty:1030 - CMSIS Pack Vendor :STMicroelectronics STM32_WPAN 1.0.0
2023-08-29 13:29:46,351 [INFO] ThirdParty:1030 - CMSIS Pack Vendor :STMicroelectronics lwIP 2.0.3
2023-08-29 13:29:46,351 [INFO] ThirdParty:1030 - CMSIS Pack Vendor :STMicroelectronics USB_HOST 1.0.0
2023-08-29 13:29:46,351 [INFO] ThirdParty:1030 - CMSIS Pack Vendor :STMicroelectronics X-CUBE-TOF1 3.3.1
2023-08-29 13:29:46,351 [INFO] ThirdParty:1030 - CMSIS Pack Vendor :STMicroelectronics X-CUBE-AZRTOS-G4 2.0.0
2023-08-29 13:29:46,351 [INFO] ThirdParty:1030 - CMSIS Pack Vendor :STMicroelectronics PDM2PCM 3.1.0
2023-08-29 13:29:46,351 [INFO] ThirdParty:1030 - CMSIS Pack Vendor :STMicroelectronics X-CUBE-TOF1 3.3.0
2023-08-29 13:29:46,351 [INFO] ThirdParty:1030 - CMSIS Pack Vendor :STMicroelectronics FP-ATR-ASTRA1 1.1.1
2023-08-29 13:29:46,351 [INFO] ThirdParty:1030 - CMSIS Pack Vendor :STMicroelectronics FP-ATR-ASTRA1 1.1.0
2023-08-29 13:29:46,351 [INFO] ThirdParty:1030 - CMSIS Pack Vendor :STMicroelectronics X-CUBE-BLEMGR 1.3.0
2023-08-29 13:29:46,351 [INFO] ThirdParty:1030 - CMSIS Pack Vendor :STMicroelectronics FP-ATR-SIGFOX1 3.2.0
2023-08-29 13:29:46,351 [INFO] ThirdParty:1030 - CMSIS Pack Vendor :STMicroelectronics X-CUBE-AZRTOS-G4 1.0.0
2023-08-29 13:29:46,351 [INFO] ThirdParty:1030 - CMSIS Pack Vendor :STMicroelectronics X-CUBE-AZRTOS-L4 1.0.0
2023-08-29 13:29:46,351 [INFO] ThirdParty:1030 - CMSIS Pack Vendor :STMicroelectronics MBEDTLS 2.16.2
2023-08-29 13:29:46,351 [INFO] ThirdParty:1030 - CMSIS Pack Vendor :emotas I-CUBE-CANOPEN 1.1.2
2023-08-29 13:29:46,351 [INFO] ThirdParty:1030 - CMSIS Pack Vendor :STMicroelectronics X-CUBE-TOUCHGFX 4.20.0
2023-08-29 13:29:46,351 [INFO] ThirdParty:1030 - CMSIS Pack Vendor :STMicroelectronics X-CUBE-FREERTOS 1.1.0
2023-08-29 13:29:46,351 [INFO] ThirdParty:1030 - CMSIS Pack Vendor :STMicroelectronics X-CUBE-AZRTOS-WL 1.0.0
2023-08-29 13:29:46,351 [INFO] ThirdParty:1030 - CMSIS Pack Vendor :portGmbH I-Cube-SoM-uGOAL 1.1.0
2023-08-29 13:29:46,351 [INFO] ThirdParty:1030 - CMSIS Pack Vendor :STMicroelectronics X-CUBE-ALS 1.0.1
2023-08-29 13:29:46,351 [INFO] ThirdParty:1030 - CMSIS Pack Vendor :STMicroelectronics X-CUBE-MEMS1 9.5.0
2023-08-29 13:29:46,351 [INFO] ThirdParty:1030 - CMSIS Pack Vendor :STMicroelectronics ThreadX 1.0.0
2023-08-29 13:29:46,351 [INFO] ThirdParty:1030 - CMSIS Pack Vendor :STMicroelectronics X-CUBE-AZRTOS-WB 1.1.0
2023-08-29 13:29:46,351 [INFO] ThirdParty:1030 - CMSIS Pack Vendor :SEGGER I-CUBE-embOS 1.3.1
2023-08-29 13:29:46,351 [INFO] ThirdParty:1030 - CMSIS Pack Vendor :STMicroelectronics X-CUBE-AZRTOS-L5 1.0.0
2023-08-29 13:29:46,351 [INFO] ThirdParty:1030 - CMSIS Pack Vendor :STMicroelectronics X-CUBE-EEPRMA1 3.1.1
2023-08-29 13:29:46,351 [INFO] ThirdParty:1030 - CMSIS Pack Vendor :STMicroelectronics FP-ATR-ASTRA1 2.0.0
2023-08-29 13:29:46,351 [INFO] ThirdParty:841 - exiting critical section [change project]
2023-08-29 13:29:46,674 [INFO] PinOutPanel:1499 - setPackage(No Configuration,No Configuration)
2023-08-29 13:29:46,674 [INFO] PinOutPanel:1499 - setPackage(STM32G030C8Tx,LQFP48)
2023-08-29 13:29:47,231 [INFO] UtilMem:75 - Before build in PCC Used Memory: 594498768 Bytes (758120448)
2023-08-29 13:29:48,119 [INFO] UtilMem:75 - After build in PCC Used Memory: 617574664 Bytes (758120448)
2023-08-29 13:29:48,146 [INFO] IPUIPlugin:80 - create IPUIPlugin
2023-08-29 13:29:48,151 [INFO] IPUIPlugin:80 - create IPUIPlugin
2023-08-29 13:29:48,151 [INFO] IPUIPlugin:80 - create IPUIPlugin
2023-08-29 13:29:48,151 [INFO] IPUIPlugin:80 - create IPUIPlugin
2023-08-29 13:29:48,151 [INFO] IPUIPlugin:80 - create IPUIPlugin
2023-08-29 13:29:48,151 [INFO] IPUIPlugin:80 - create IPUIPlugin
2023-08-29 13:29:48,151 [INFO] IPUIPlugin:80 - create IPUIPlugin
2023-08-29 13:29:48,151 [INFO] IPUIPlugin:80 - create IPUIPlugin
2023-08-29 13:29:48,151 [INFO] IPUIPlugin:80 - create IPUIPlugin
2023-08-29 13:29:48,151 [INFO] IPUIPlugin:80 - create IPUIPlugin
2023-08-29 13:29:48,151 [INFO] IPUIPlugin:80 - create IPUIPlugin
2023-08-29 13:29:48,151 [INFO] IPUIPlugin:80 - create IPUIPlugin
2023-08-29 13:29:48,151 [INFO] IPUIPlugin:80 - create IPUIPlugin
2023-08-29 13:29:48,151 [INFO] IPUIPlugin:80 - create IPUIPlugin
2023-08-29 13:29:48,151 [INFO] IPUIPlugin:80 - create IPUIPlugin
2023-08-29 13:29:48,151 [INFO] IPUIPlugin:80 - create IPUIPlugin
2023-08-29 13:29:48,151 [INFO] IPUIPlugin:80 - create IPUIPlugin
2023-08-29 13:29:48,151 [INFO] IPUIPlugin:80 - create IPUIPlugin
2023-08-29 13:29:48,151 [INFO] IPUIPlugin:80 - create IPUIPlugin
2023-08-29 13:29:48,151 [INFO] IPUIPlugin:80 - create IPUIPlugin
2023-08-29 13:29:48,151 [INFO] IPUIPlugin:80 - create IPUIPlugin
2023-08-29 13:29:48,151 [INFO] IPUIPlugin:80 - create IPUIPlugin
2023-08-29 13:29:48,151 [INFO] IPUIPlugin:80 - create IPUIPlugin
2023-08-29 13:29:48,151 [INFO] IPUIPlugin:80 - create IPUIPlugin
2023-08-29 13:29:48,157 [INFO] IPUIPlugin:80 - create IPUIPlugin
2023-08-29 13:29:48,174 [WARN] IP:2113 - FIFOMode not found: check if there is a RefParameter without a condition.
2023-08-29 13:29:48,174 [WARN] IP:2113 - TXFIFOThreshold not found: check if there is a RefParameter without a condition.
2023-08-29 13:29:48,174 [WARN] IP:2113 - RXFIFOThreshold not found: check if there is a RefParameter without a condition.
2023-08-29 13:29:48,174 [WARN] IP:2113 - AutoBaudRateEnableParam not found: check if there is a RefParameter without a condition.
2023-08-29 13:29:48,488 [INFO] CADModel:165 - CPN selected for project levelSTM32G031K8T6
2023-08-29 13:29:48,488 [INFO] CADModel:114 - Register for checkConnection events
2023-08-29 13:29:48,561 [INFO] OpenFileManager:328 - Restore cursor
2023-08-29 13:29:48,843 [WARN] IP:2113 - FIFOMode not found: check if there is a RefParameter without a condition.
2023-08-29 13:29:48,843 [WARN] IP:2113 - TXFIFOThreshold not found: check if there is a RefParameter without a condition.
2023-08-29 13:29:48,843 [WARN] IP:2113 - RXFIFOThreshold not found: check if there is a RefParameter without a condition.
2023-08-29 13:29:48,843 [WARN] IP:2113 - AutoBaudRateEnableParam not found: check if there is a RefParameter without a condition.
2023-08-29 13:29:48,843 [WARN] IP:2113 - FIFOMode not found: check if there is a RefParameter without a condition.
2023-08-29 13:29:48,843 [WARN] IP:2113 - TXFIFOThreshold not found: check if there is a RefParameter without a condition.
2023-08-29 13:29:48,843 [WARN] IP:2113 - RXFIFOThreshold not found: check if there is a RefParameter without a condition.
2023-08-29 13:29:48,843 [WARN] IP:2113 - AutoBaudRateEnableParam not found: check if there is a RefParameter without a condition.
2023-08-29 13:29:59,791 [ERROR] AdobePublisher:162 - Exception while opening the connection: java.net.SocketTimeoutException: Read timed out
2023-08-29 13:36:02,002 [INFO] Gpio:273 - dependency for GPIO [ADC1, SYS, TIM3, USART2]
2023-08-29 13:45:53,658 [ERROR] ConfigurationRetriever:142 - IOException on connection: connect timed out
2023-08-29 13:45:55,674 [ERROR] ConfigurationRetriever:142 - IOException on connection: connect timed out
2023-08-29 13:45:57,688 [ERROR] ConfigurationRetriever:142 - IOException on connection: connect timed out
2023-08-29 13:45:59,738 [ERROR] ConfigurationRetriever:142 - IOException on connection: connect timed out
2023-08-29 13:46:01,753 [ERROR] ConfigurationRetriever:142 - IOException on connection: connect timed out
2023-08-29 13:46:03,758 [ERROR] ConfigurationRetriever:142 - IOException on connection: connect timed out
2023-08-29 13:47:09,458 [ERROR] ConfigurationRetriever:142 - IOException on connection: connect timed out
2023-08-29 13:47:11,475 [ERROR] ConfigurationRetriever:142 - IOException on connection: connect timed out
2023-08-29 13:47:13,476 [ERROR] ConfigurationRetriever:142 - IOException on connection: connect timed out
2023-08-29 13:52:12,825 [ERROR] ConfigurationRetriever:142 - IOException on connection: connect timed out
2023-08-29 13:52:14,843 [ERROR] ConfigurationRetriever:142 - IOException on connection: connect timed out
2023-08-29 13:52:16,844 [ERROR] ConfigurationRetriever:142 - IOException on connection: connect timed out
2023-08-29 13:52:26,942 [ERROR] ConfigurationRetriever:142 - IOException on connection: connect timed out
2023-08-29 13:52:28,943 [ERROR] ConfigurationRetriever:142 - IOException on connection: connect timed out
2023-08-29 13:52:30,944 [ERROR] ConfigurationRetriever:142 - IOException on connection: connect timed out
2023-08-29 14:01:45,060 [ERROR] ConfigurationRetriever:142 - IOException on connection: connect timed out
2023-08-29 14:01:47,061 [ERROR] ConfigurationRetriever:142 - IOException on connection: connect timed out
2023-08-29 14:01:49,076 [ERROR] ConfigurationRetriever:142 - IOException on connection: connect timed out
2023-08-29 14:01:51,095 [ERROR] ConfigurationRetriever:142 - IOException on connection: connect timed out
2023-08-29 14:01:53,096 [ERROR] ConfigurationRetriever:142 - IOException on connection: connect timed out
2023-08-29 14:01:55,109 [ERROR] ConfigurationRetriever:142 - IOException on connection: connect timed out
2023-08-29 14:02:48,227 [ERROR] ConfigurationRetriever:142 - IOException on connection: connect timed out
2023-08-29 14:02:50,228 [ERROR] ConfigurationRetriever:142 - IOException on connection: connect timed out
2023-08-29 14:02:52,233 [ERROR] ConfigurationRetriever:142 - IOException on connection: connect timed out
2023-08-29 14:02:54,259 [ERROR] ConfigurationRetriever:142 - IOException on connection: connect timed out
2023-08-29 14:02:56,261 [ERROR] ConfigurationRetriever:142 - IOException on connection: connect timed out
2023-08-29 14:02:58,276 [ERROR] ConfigurationRetriever:142 - IOException on connection: connect timed out
2023-08-29 14:17:26,754 [ERROR] ConfigurationRetriever:142 - IOException on connection: connect timed out
2023-08-29 14:17:28,762 [ERROR] ConfigurationRetriever:142 - IOException on connection: connect timed out
2023-08-29 14:17:30,778 [ERROR] ConfigurationRetriever:142 - IOException on connection: connect timed out
2023-08-29 14:18:49,754 [ERROR] ConfigurationRetriever:142 - IOException on connection: connect timed out
2023-08-29 14:18:51,761 [ERROR] ConfigurationRetriever:142 - IOException on connection: connect timed out
2023-08-29 14:18:53,764 [ERROR] ConfigurationRetriever:142 - IOException on connection: connect timed out
2023-08-29 14:18:55,796 [ERROR] ConfigurationRetriever:142 - IOException on connection: connect timed out
2023-08-29 14:18:57,811 [ERROR] ConfigurationRetriever:142 - IOException on connection: connect timed out
2023-08-29 14:18:59,812 [ERROR] ConfigurationRetriever:142 - IOException on connection: connect timed out
2023-08-29 14:28:09,162 [ERROR] ConfigurationRetriever:142 - IOException on connection: connect timed out
2023-08-29 14:28:11,179 [ERROR] ConfigurationRetriever:142 - IOException on connection: connect timed out
2023-08-29 14:28:13,181 [ERROR] ConfigurationRetriever:142 - IOException on connection: connect timed out
2023-08-29 14:28:23,162 [ERROR] ConfigurationRetriever:142 - IOException on connection: connect timed out
2023-08-29 14:28:25,163 [ERROR] ConfigurationRetriever:142 - IOException on connection: connect timed out
2023-08-29 14:28:27,164 [ERROR] ConfigurationRetriever:142 - IOException on connection: connect timed out
2023-08-29 15:00:32,025 [ERROR] ConfigurationRetriever:142 - IOException on connection: connect timed out
2023-08-29 15:00:34,034 [ERROR] ConfigurationRetriever:142 - IOException on connection: connect timed out
2023-08-29 15:00:36,043 [ERROR] ConfigurationRetriever:142 - IOException on connection: connect timed out
2023-08-29 15:00:38,068 [ERROR] ConfigurationRetriever:142 - IOException on connection: connect timed out
2023-08-29 15:00:40,082 [ERROR] ConfigurationRetriever:142 - IOException on connection: connect timed out
2023-08-29 15:00:42,086 [ERROR] ConfigurationRetriever:142 - IOException on connection: connect timed out
2023-08-29 15:08:11,453 [ERROR] ConfigurationRetriever:142 - IOException on connection: connect timed out
2023-08-29 15:08:13,466 [ERROR] ConfigurationRetriever:142 - IOException on connection: connect timed out
2023-08-29 15:08:15,468 [ERROR] ConfigurationRetriever:142 - IOException on connection: connect timed out
2023-08-29 15:08:17,500 [ERROR] ConfigurationRetriever:142 - IOException on connection: connect timed out
2023-08-29 15:08:19,516 [ERROR] ConfigurationRetriever:142 - IOException on connection: connect timed out
2023-08-29 15:08:21,532 [ERROR] ConfigurationRetriever:142 - IOException on connection: connect timed out
2023-08-29 15:14:17,425 [ERROR] ConfigurationRetriever:142 - IOException on connection: connect timed out
2023-08-29 15:14:19,440 [ERROR] ConfigurationRetriever:142 - IOException on connection: connect timed out
2023-08-29 15:14:21,447 [ERROR] ConfigurationRetriever:142 - IOException on connection: connect timed out
2023-08-29 15:14:23,475 [ERROR] ConfigurationRetriever:142 - IOException on connection: connect timed out
2023-08-29 15:14:25,489 [ERROR] ConfigurationRetriever:142 - IOException on connection: connect timed out
2023-08-29 15:14:27,501 [ERROR] ConfigurationRetriever:142 - IOException on connection: connect timed out
2023-08-29 15:19:36,895 [ERROR] ConfigurationRetriever:142 - IOException on connection: connect timed out
2023-08-29 15:19:38,908 [ERROR] ConfigurationRetriever:142 - IOException on connection: connect timed out
2023-08-29 15:19:40,912 [ERROR] ConfigurationRetriever:142 - IOException on connection: connect timed out
2023-08-29 15:19:42,942 [ERROR] ConfigurationRetriever:142 - IOException on connection: connect timed out
2023-08-29 15:19:44,955 [ERROR] ConfigurationRetriever:142 - IOException on connection: connect timed out
2023-08-29 15:19:46,967 [ERROR] ConfigurationRetriever:142 - IOException on connection: connect timed out
2023-08-29 15:21:52,713 [ERROR] ConfigurationRetriever:142 - IOException on connection: connect timed out
2023-08-29 15:21:54,715 [ERROR] ConfigurationRetriever:142 - IOException on connection: connect timed out
2023-08-29 15:21:56,723 [ERROR] ConfigurationRetriever:142 - IOException on connection: connect timed out
2023-08-29 15:21:58,742 [ERROR] ConfigurationRetriever:142 - IOException on connection: connect timed out
2023-08-29 15:22:00,753 [ERROR] ConfigurationRetriever:142 - IOException on connection: connect timed out
2023-08-29 15:22:02,767 [ERROR] ConfigurationRetriever:142 - IOException on connection: connect timed out
2023-08-29 15:26:27,758 [ERROR] ConfigurationRetriever:142 - IOException on connection: Read timed out
2023-08-29 15:29:00,539 [ERROR] ConfigurationRetriever:142 - IOException on connection: connect timed out
2023-08-29 15:29:02,553 [ERROR] ConfigurationRetriever:142 - IOException on connection: connect timed out
2023-08-29 15:29:04,556 [ERROR] ConfigurationRetriever:142 - IOException on connection: connect timed out
2023-08-29 15:29:06,584 [ERROR] ConfigurationRetriever:142 - IOException on connection: connect timed out
2023-08-29 15:29:08,592 [ERROR] ConfigurationRetriever:142 - IOException on connection: connect timed out
2023-08-29 15:29:10,598 [ERROR] ConfigurationRetriever:142 - IOException on connection: connect timed out
2023-08-29 15:38:46,106 [ERROR] ConfigurationRetriever:142 - IOException on connection: connect timed out
2023-08-29 15:38:48,121 [ERROR] ConfigurationRetriever:142 - IOException on connection: connect timed out
2023-08-29 15:38:50,124 [ERROR] ConfigurationRetriever:142 - IOException on connection: connect timed out
2023-08-29 15:38:52,153 [ERROR] ConfigurationRetriever:142 - IOException on connection: connect timed out
2023-08-29 15:38:54,168 [ERROR] ConfigurationRetriever:142 - IOException on connection: connect timed out
2023-08-29 15:38:56,184 [ERROR] ConfigurationRetriever:142 - IOException on connection: connect timed out
2023-08-29 15:45:26,619 [ERROR] ConfigurationRetriever:142 - IOException on connection: connect timed out
2023-08-29 15:45:28,620 [ERROR] ConfigurationRetriever:142 - IOException on connection: connect timed out
2023-08-29 15:45:30,623 [ERROR] ConfigurationRetriever:142 - IOException on connection: connect timed out
2023-08-29 15:45:32,650 [ERROR] ConfigurationRetriever:142 - IOException on connection: connect timed out
2023-08-29 15:45:34,663 [ERROR] ConfigurationRetriever:142 - IOException on connection: connect timed out
2023-08-29 15:45:36,677 [ERROR] ConfigurationRetriever:142 - IOException on connection: connect timed out
2023-08-29 15:51:13,293 [ERROR] ConfigurationRetriever:142 - IOException on connection: connect timed out
2023-08-29 15:51:15,297 [ERROR] ConfigurationRetriever:142 - IOException on connection: connect timed out
2023-08-29 15:51:17,303 [ERROR] ConfigurationRetriever:142 - IOException on connection: connect timed out
2023-08-29 16:06:13,572 [ERROR] ConfigurationRetriever:142 - IOException on connection: connect timed out
2023-08-29 16:06:15,588 [ERROR] ConfigurationRetriever:142 - IOException on connection: connect timed out
2023-08-29 16:06:17,589 [ERROR] ConfigurationRetriever:142 - IOException on connection: connect timed out
2023-08-29 16:06:19,622 [ERROR] ConfigurationRetriever:142 - IOException on connection: connect timed out
2023-08-29 16:06:21,622 [ERROR] ConfigurationRetriever:142 - IOException on connection: connect timed out
2023-08-29 16:06:23,639 [ERROR] ConfigurationRetriever:142 - IOException on connection: connect timed out
2023-08-29 16:25:59,773 [ERROR] ConfigurationRetriever:142 - IOException on connection: connect timed out
2023-08-29 16:26:01,774 [ERROR] ConfigurationRetriever:142 - IOException on connection: connect timed out
2023-08-29 16:26:03,775 [ERROR] ConfigurationRetriever:142 - IOException on connection: connect timed out
2023-08-29 16:26:05,807 [ERROR] ConfigurationRetriever:142 - IOException on connection: connect timed out
2023-08-29 16:26:07,822 [ERROR] ConfigurationRetriever:142 - IOException on connection: connect timed out
2023-08-29 16:26:09,824 [ERROR] ConfigurationRetriever:142 - IOException on connection: connect timed out
2023-08-29 16:31:57,523 [ERROR] ConfigurationRetriever:142 - IOException on connection: connect timed out
2023-08-29 16:31:59,524 [ERROR] ConfigurationRetriever:142 - IOException on connection: connect timed out
2023-08-29 16:32:01,539 [ERROR] ConfigurationRetriever:142 - IOException on connection: connect timed out
2023-08-29 16:32:03,558 [ERROR] ConfigurationRetriever:142 - IOException on connection: connect timed out
2023-08-29 16:32:05,573 [ERROR] ConfigurationRetriever:142 - IOException on connection: connect timed out
2023-08-29 16:32:07,597 [ERROR] ConfigurationRetriever:142 - IOException on connection: connect timed out
2023-08-29 16:39:04,062 [ERROR] ConfigurationRetriever:142 - IOException on connection: connect timed out
2023-08-29 16:39:06,075 [ERROR] ConfigurationRetriever:142 - IOException on connection: connect timed out
2023-08-29 16:39:08,077 [ERROR] ConfigurationRetriever:142 - IOException on connection: connect timed out
2023-08-29 16:39:10,108 [ERROR] ConfigurationRetriever:142 - IOException on connection: connect timed out
2023-08-29 16:39:12,109 [ERROR] ConfigurationRetriever:142 - IOException on connection: connect timed out
2023-08-29 16:39:14,125 [ERROR] ConfigurationRetriever:142 - IOException on connection: connect timed out
2023-08-29 16:49:55,527 [ERROR] ConfigurationRetriever:142 - IOException on connection: connect timed out
2023-08-29 16:49:57,543 [ERROR] ConfigurationRetriever:142 - IOException on connection: connect timed out
2023-08-29 16:49:59,558 [ERROR] ConfigurationRetriever:142 - IOException on connection: connect timed out
2023-08-29 16:50:01,592 [ERROR] ConfigurationRetriever:142 - IOException on connection: connect timed out
2023-08-29 16:50:03,608 [ERROR] ConfigurationRetriever:142 - IOException on connection: connect timed out
2023-08-29 16:50:05,625 [ERROR] ConfigurationRetriever:142 - IOException on connection: connect timed out
2023-08-29 16:54:16,217 [ERROR] ConfigurationRetriever:142 - IOException on connection: connect timed out
2023-08-29 16:54:18,232 [ERROR] ConfigurationRetriever:142 - IOException on connection: connect timed out
2023-08-29 16:54:20,246 [ERROR] ConfigurationRetriever:142 - IOException on connection: connect timed out
2023-08-29 16:54:22,273 [ERROR] ConfigurationRetriever:142 - IOException on connection: connect timed out
2023-08-29 16:54:24,286 [ERROR] ConfigurationRetriever:142 - IOException on connection: connect timed out
2023-08-29 16:54:26,299 [ERROR] ConfigurationRetriever:142 - IOException on connection: connect timed out
