2024-01-15 08:45:15,863 [INFO] Activator:176 - 


2024-01-15 08:45:15,872 [INFO] Activator:177 - !SESSION log4j initialized
2024-01-15 08:45:25,067 [INFO] LogOutputStream:77 - [STDOUT_REDIRECT] 
2024-01-15 08:45:48,876 [ERROR] LogOutputStream:75 - [STDERR_REDIRECT] SLF4J: Failed to load class "org.slf4j.impl.StaticLoggerBinder".
2024-01-15 08:45:48,877 [ERROR] LogOutputStream:75 - [STDERR_REDIRECT] SLF4J: Defaulting to no-operation (NOP) logger implementation
2024-01-15 08:45:48,878 [ERROR] LogOutputStream:75 - [STDERR_REDIRECT] SLF4J: See http://www.slf4j.org/codes.html#StaticLoggerBinder for further details.
2024-01-15 12:00:17,020 [ERROR] ConfigurationRetriever:142 - IOException on connection: Read timed out
2024-01-15 12:00:19,738 [ERROR] ConfigurationRetriever:142 - IOException on connection: Read timed out
2024-01-15 12:00:25,170 [ERROR] ConfigurationRetriever:142 - IOException on connection: Read timed out
2024-01-15 12:00:27,187 [ERROR] ConfigurationRetriever:142 - IOException on connection: connect timed out
2024-01-15 12:00:32,702 [ERROR] ConfigurationRetriever:142 - IOException on connection: Read timed out
2024-01-15 15:11:22,468 [INFO] ApplicationProperties:184 - Using Application install path: C:\ST\STM32CubeIDE_1.12.0\STM32CubeIDE\plugins\com.st.stm32cube.common.mx_6.8.0.202302231600
2024-01-15 15:11:22,499 [INFO] DbMcusXml:78 - Set database path to: C:\ST\STM32CubeIDE_1.12.0\STM32CubeIDE\plugins\com.st.stm32cube.common.mx_6.8.0.202302231600\\db\/mcu/
2024-01-15 15:11:22,499 [INFO] ApiDb:274 - Set plugin database path to: C:\ST\STM32CubeIDE_1.12.0\STM32CubeIDE\plugins\com.st.stm32cube.common.mx_6.8.0.202302231600\\db\/plugins/boardmanager/
2024-01-15 15:11:22,499 [WARN] ApiDb:259 - Overriding images path with different value:  => C:\ST\STM32CubeIDE_1.12.0\STM32CubeIDE\plugins\com.st.stm32cube.common.mx_6.8.0.202302231600\\db\/plugins/mcufinder/images/
2024-01-15 15:11:22,531 [INFO] ApiDb:250 - Set database path to: C:\Users\KDS-LTP-0415\.stmcufinder\plugins\mcufinder//mcu/
2024-01-15 15:11:22,531 [INFO] DbMcusAds:125 - Set database path to: C:\Users\KDS-LTP-0415\.stmcufinder\plugins\mcufinder//mcu/
2024-01-15 15:11:22,578 [INFO] CrossReferenceDbSqlite:203 - Set database path to: C:\Users\KDS-LTP-0415\.stmcufinder\plugins\mcufinder//mcu/cs/
2024-01-15 15:11:22,735 [INFO] RulesReader:64 - Compatibility file has been processed (293 Rules)
2024-01-15 15:11:22,829 [INFO] DbMcusXml:78 - Set database path to: C:\ST\STM32CubeIDE_1.12.0\STM32CubeIDE\plugins\com.st.stm32cube.common.mx_6.8.0.202302231600\\db\/mcu/
2024-01-15 15:11:22,829 [INFO] ApiDb:274 - Set plugin database path to: C:\ST\STM32CubeIDE_1.12.0\STM32CubeIDE\plugins\com.st.stm32cube.common.mx_6.8.0.202302231600\\db\/plugins/boardmanager/
2024-01-15 15:11:22,829 [INFO] ApiDb:261 - Set plugin images path to: C:\ST\STM32CubeIDE_1.12.0\STM32CubeIDE\plugins\com.st.stm32cube.common.mx_6.8.0.202302231600\\db\/plugins/mcufinder/images/
2024-01-15 15:11:22,829 [WARN] DbFile:41 - Overriding database path with different value: C:\Users\KDS-LTP-0415\.stmcufinder\plugins\mcufinder/ => C:\Users\KDS-LTP-0415\.stmcufinder\plugins\mcufinder
2024-01-15 15:11:22,829 [INFO] ApiDb:250 - Set database path to: C:\Users\KDS-LTP-0415\.stmcufinder\plugins\mcufinder//mcu/
2024-01-15 15:11:22,829 [WARN] DbFile:41 - Overriding database path with different value: C:\Users\KDS-LTP-0415\.stmcufinder\plugins\mcufinder/ => C:\Users\KDS-LTP-0415\.stmcufinder\plugins\mcufinder
2024-01-15 15:11:22,829 [INFO] DbMcusAds:125 - Set database path to: C:\Users\KDS-LTP-0415\.stmcufinder\plugins\mcufinder//mcu/
2024-01-15 15:11:22,829 [WARN] DbFile:41 - Overriding database path with different value: C:\Users\KDS-LTP-0415\.stmcufinder\plugins\mcufinder/ => C:\Users\KDS-LTP-0415\.stmcufinder\plugins\mcufinder
2024-01-15 15:11:22,829 [WARN] DbFile:41 - Overriding database path with different value: C:\Users\KDS-LTP-0415\.stmcufinder\plugins\mcufinder/ => C:\Users\KDS-LTP-0415\.stmcufinder\plugins\mcufinder
2024-01-15 15:11:22,829 [INFO] CrossReferenceDbSqlite:203 - Set database path to: C:\Users\KDS-LTP-0415\.stmcufinder\plugins\mcufinder//mcu/cs/
2024-01-15 15:11:22,939 [INFO] MainPanel:253 - HeapMemory: 774897664
2024-01-15 15:11:23,048 [INFO] DbMcusXml:78 - Set database path to: C:\ST\STM32CubeIDE_1.12.0\STM32CubeIDE\plugins\com.st.stm32cube.common.mx_6.8.0.202302231600\\db\/mcu/
2024-01-15 15:11:23,048 [INFO] ApiDb:274 - Set plugin database path to: C:\ST\STM32CubeIDE_1.12.0\STM32CubeIDE\plugins\com.st.stm32cube.common.mx_6.8.0.202302231600\\db\/plugins/boardmanager/
2024-01-15 15:11:23,048 [INFO] ApiDb:261 - Set plugin images path to: C:\ST\STM32CubeIDE_1.12.0\STM32CubeIDE\plugins\com.st.stm32cube.common.mx_6.8.0.202302231600\\db\/plugins/mcufinder/images/
2024-01-15 15:11:23,048 [WARN] DbFile:41 - Overriding database path with different value: C:\Users\KDS-LTP-0415\.stmcufinder\plugins\mcufinder/ => C:\Users\KDS-LTP-0415\.stmcufinder\plugins\mcufinder
2024-01-15 15:11:23,048 [INFO] ApiDb:250 - Set database path to: C:\Users\KDS-LTP-0415\.stmcufinder\plugins\mcufinder//mcu/
2024-01-15 15:11:23,048 [WARN] DbFile:41 - Overriding database path with different value: C:\Users\KDS-LTP-0415\.stmcufinder\plugins\mcufinder/ => C:\Users\KDS-LTP-0415\.stmcufinder\plugins\mcufinder
2024-01-15 15:11:23,048 [INFO] DbMcusAds:125 - Set database path to: C:\Users\KDS-LTP-0415\.stmcufinder\plugins\mcufinder//mcu/
2024-01-15 15:11:23,048 [WARN] DbFile:41 - Overriding database path with different value: C:\Users\KDS-LTP-0415\.stmcufinder\plugins\mcufinder/ => C:\Users\KDS-LTP-0415\.stmcufinder\plugins\mcufinder
2024-01-15 15:11:23,048 [WARN] DbFile:41 - Overriding database path with different value: C:\Users\KDS-LTP-0415\.stmcufinder\plugins\mcufinder/ => C:\Users\KDS-LTP-0415\.stmcufinder\plugins\mcufinder
2024-01-15 15:11:23,048 [INFO] CrossReferenceDbSqlite:203 - Set database path to: C:\Users\KDS-LTP-0415\.stmcufinder\plugins\mcufinder//mcu/cs/
2024-01-15 15:11:23,080 [INFO] ApplicationProperties:184 - Using Application install path: C:\ST\STM32CubeIDE_1.12.0\STM32CubeIDE\plugins\com.st.stm32cube.common.mx_6.8.0.202302231600
2024-01-15 15:11:23,080 [INFO] PluginManage:196 - Search for loadable plugins [exclusion list=, ]
2024-01-15 15:11:23,080 [INFO] PluginManage:310 - Check plugin analytics
2024-01-15 15:11:23,315 [INFO] AnalyticsPlugin:253 - Accepted Software Licenses: STM32CubeMX.6.2.1,STM32CubeMX.6.6.1,STM32CubeMX.6.7.0,STM32CubeMX.6.8.1,STM32CubeMX.6.9.1
2024-01-15 15:11:23,315 [INFO] AnalyticsPlugin:255 - Accepted CMSIS Pack Licenses: EdgeImpulse.osugiw-project-1.1.0.1,STMicroelectronics.X-CUBE-DISPLAY.3.0.0
2024-01-15 15:11:23,315 [INFO] AnalyticsPlugin:257 - Accepted Firmware Licenses: FW.G0.1.6.0,FW.WB.1.16.0,FW.WB.1.18.0
2024-01-15 15:11:23,315 [INFO] PluginManage:359 - Loaded plugin analytics (category:tool,tabindex:-1)
2024-01-15 15:11:23,315 [INFO] PluginManage:310 - Check plugin cadmodel
2024-01-15 15:11:23,331 [INFO] CADModel:105 - Init CAD model plugin
2024-01-15 15:11:23,331 [INFO] PluginManage:359 - Loaded plugin cadmodel (category:power,tabindex:5)
2024-01-15 15:11:23,331 [INFO] PluginManage:310 - Check plugin clock
2024-01-15 15:11:23,347 [INFO] PluginManage:359 - Loaded plugin clock (category:base,tabindex:2)
2024-01-15 15:11:23,347 [INFO] PluginManage:310 - Check plugin ddr
2024-01-15 15:11:23,347 [INFO] PluginManage:359 - Loaded plugin ddr (category:tool,tabindex:6)
2024-01-15 15:11:23,347 [INFO] PluginManage:310 - Check plugin filemanager
2024-01-15 15:11:23,535 [INFO] PluginManage:359 - Loaded plugin filemanager (category:base,tabindex:10)
2024-01-15 15:11:23,535 [INFO] PluginManage:310 - Check plugin ipmanager
2024-01-15 15:11:23,535 [INFO] PluginManage:359 - Loaded plugin ipmanager (category:base,tabindex:5)
2024-01-15 15:11:23,535 [INFO] PluginManage:310 - Check plugin lpbam
2024-01-15 15:11:23,551 [INFO] PluginManage:359 - Loaded plugin lpbam (category:base,tabindex:0)
2024-01-15 15:11:23,551 [INFO] PluginManage:310 - Check plugin pinoutandconfiguration
2024-01-15 15:11:23,566 [INFO] PluginManage:359 - Loaded plugin pinoutandconfiguration (category:base,tabindex:1)
2024-01-15 15:11:23,566 [INFO] PluginManage:310 - Check plugin pinoutconfig
2024-01-15 15:11:23,677 [WARN] SupportedApi:132 - Cannot load RTOS API schema: s4s-elt-must-match.1: The content of 'definitions' must match (annotation?, (simpleType | complexType)?, (unique | key | keyref)*)). A problem was found starting at: attribute.
2024-01-15 15:11:23,818 [INFO] PluginManage:359 - Loaded plugin pinoutconfig (category:base,tabindex:0)
2024-01-15 15:11:23,818 [INFO] PluginManage:310 - Check plugin power
2024-01-15 15:11:23,833 [INFO] PluginManage:359 - Loaded plugin power (category:power,tabindex:4)
2024-01-15 15:11:23,833 [INFO] PluginManage:310 - Check plugin projectmanager
2024-01-15 15:11:23,849 [INFO] PluginManage:359 - Loaded plugin projectmanager (category:projectmanager,tabindex:3)
2024-01-15 15:11:23,849 [INFO] PluginManage:310 - Check plugin thirdparty
2024-01-15 15:11:24,068 [WARN] IntegrityCheckThread:84 - waiting for thirdparty lock release [integrity check]
2024-01-15 15:11:24,068 [INFO] PluginManage:359 - Loaded plugin thirdparty (category:base,tabindex:-1)
2024-01-15 15:11:24,068 [INFO] IntegrityCheckThread:86 - entering critical section [integrity check]
2024-01-15 15:11:24,068 [INFO] PluginManage:310 - Check plugin tools
2024-01-15 15:11:24,068 [INFO] ThirdPartyUpdaterWithRetryManager:70 - Updater plugin not ready yet. [1/15]
2024-01-15 15:11:24,078 [INFO] PluginManage:359 - Loaded plugin tools (category:base,tabindex:7)
2024-01-15 15:11:24,078 [INFO] PluginManage:310 - Check plugin tutovideos
2024-01-15 15:11:24,304 [INFO] PluginManage:359 - Loaded plugin tutovideos (category:base,tabindex:-1)
2024-01-15 15:11:24,304 [INFO] PluginManage:310 - Check plugin updater
2024-01-15 15:11:24,319 [INFO] PluginManage:359 - Loaded plugin updater (category:base,tabindex:12)
2024-01-15 15:11:24,319 [INFO] PluginManage:283 - PluginManage : Loaded plugins [15]
2024-01-15 15:11:24,587 [INFO] PinOutPanel:1499 - setPackage(No Configuration,No Configuration)
2024-01-15 15:11:24,649 [INFO] CADModel:165 - CPN selected for project level
2024-01-15 15:11:24,649 [INFO] CADModel:114 - Register for checkConnection events
2024-01-15 15:11:24,681 [INFO] IPUIPlugin:80 - create IPUIPlugin
2024-01-15 15:11:24,681 [INFO] PluginManager:220 - loadIPPluginJar : add adc
2024-01-15 15:11:24,681 [INFO] IPUIPlugin:80 - create IPUIPlugin
2024-01-15 15:11:24,681 [INFO] PluginManager:220 - loadIPPluginJar : add aes
2024-01-15 15:11:24,697 [INFO] IPUIPlugin:80 - create IPUIPlugin
2024-01-15 15:11:24,697 [INFO] PluginManager:220 - loadIPPluginJar : add can
2024-01-15 15:11:24,697 [INFO] IPUIPlugin:80 - create IPUIPlugin
2024-01-15 15:11:24,697 [INFO] PluginManager:220 - loadIPPluginJar : add comp
2024-01-15 15:11:24,697 [INFO] IPUIPlugin:80 - create IPUIPlugin
2024-01-15 15:11:24,697 [INFO] PluginManager:220 - loadIPPluginJar : add cryp
2024-01-15 15:11:24,712 [INFO] IPUIPlugin:80 - create IPUIPlugin
2024-01-15 15:11:24,712 [INFO] PluginManager:220 - loadIPPluginJar : add dfsdm
2024-01-15 15:11:24,728 [INFO] IPUIPlugin:80 - create IPUIPlugin
2024-01-15 15:11:24,728 [INFO] PluginManager:220 - loadIPPluginJar : add dma
2024-01-15 15:11:24,728 [INFO] IPUIPlugin:80 - create IPUIPlugin
2024-01-15 15:11:24,728 [INFO] PluginManager:220 - loadIPPluginJar : add dma3
2024-01-15 15:11:24,728 [INFO] IPUIPlugin:80 - create IPUIPlugin
2024-01-15 15:11:24,728 [INFO] PluginManager:220 - loadIPPluginJar : add fatfs
2024-01-15 15:11:24,743 [INFO] IPUIPlugin:80 - create IPUIPlugin
2024-01-15 15:11:24,743 [INFO] PluginManager:220 - loadIPPluginJar : add fmc
2024-01-15 15:11:24,759 [INFO] IPUIPlugin:80 - create IPUIPlugin
2024-01-15 15:11:24,759 [INFO] PluginManager:220 - loadIPPluginJar : add freertos
2024-01-15 15:11:24,759 [INFO] IPUIPlugin:80 - create IPUIPlugin
2024-01-15 15:11:24,759 [INFO] PluginManager:220 - loadIPPluginJar : add genericplugin
2024-01-15 15:11:24,759 [INFO] IPUIPlugin:80 - create IPUIPlugin
2024-01-15 15:11:24,759 [INFO] PluginManager:220 - loadIPPluginJar : add gfxmmu
2024-01-15 15:11:24,780 [INFO] IPUIPlugin:80 - create IPUIPlugin
2024-01-15 15:11:24,780 [INFO] PluginManager:220 - loadIPPluginJar : add gic
2024-01-15 15:11:24,780 [INFO] IPUIPlugin:80 - create IPUIPlugin
2024-01-15 15:11:24,780 [INFO] PluginManager:220 - loadIPPluginJar : add gpio
2024-01-15 15:11:24,791 [INFO] IPUIPlugin:80 - create IPUIPlugin
2024-01-15 15:11:24,791 [INFO] PluginManager:220 - loadIPPluginJar : add gtzc
2024-01-15 15:11:24,791 [INFO] IPUIPlugin:80 - create IPUIPlugin
2024-01-15 15:11:24,791 [INFO] PluginManager:220 - loadIPPluginJar : add hash
2024-01-15 15:11:24,791 [INFO] IPUIPlugin:80 - create IPUIPlugin
2024-01-15 15:11:24,791 [INFO] PluginManager:220 - loadIPPluginJar : add i2c
2024-01-15 15:11:24,807 [INFO] IPUIPlugin:80 - create IPUIPlugin
2024-01-15 15:11:24,807 [INFO] PluginManager:220 - loadIPPluginJar : add i2s
2024-01-15 15:11:24,807 [INFO] IPUIPlugin:80 - create IPUIPlugin
2024-01-15 15:11:24,807 [INFO] PluginManager:220 - loadIPPluginJar : add i3c
2024-01-15 15:11:24,822 [INFO] IPUIPlugin:80 - create IPUIPlugin
2024-01-15 15:11:24,822 [INFO] PluginManager:220 - loadIPPluginJar : add ipddr
2024-01-15 15:11:24,822 [INFO] IPUIPlugin:80 - create IPUIPlugin
2024-01-15 15:11:24,822 [INFO] PluginManager:220 - loadIPPluginJar : add linkedlist
2024-01-15 15:11:24,838 [INFO] IPUIPlugin:80 - create IPUIPlugin
2024-01-15 15:11:24,838 [INFO] PluginManager:220 - loadIPPluginJar : add lorawan
2024-01-15 15:11:24,838 [INFO] IPUIPlugin:80 - create IPUIPlugin
2024-01-15 15:11:24,838 [INFO] PluginManager:220 - loadIPPluginJar : add ltdc
2024-01-15 15:11:24,838 [INFO] IPUIPlugin:80 - create IPUIPlugin
2024-01-15 15:11:24,838 [INFO] PluginManager:220 - loadIPPluginJar : add mdma
2024-01-15 15:11:24,853 [INFO] IPUIPlugin:80 - create IPUIPlugin
2024-01-15 15:11:24,853 [INFO] PluginManager:220 - loadIPPluginJar : add nvic
2024-01-15 15:11:24,853 [INFO] IPUIPlugin:80 - create IPUIPlugin
2024-01-15 15:11:24,853 [INFO] PluginManager:220 - loadIPPluginJar : add opamp
2024-01-15 15:11:24,853 [INFO] IPUIPlugin:80 - create IPUIPlugin
2024-01-15 15:11:24,853 [INFO] PluginManager:220 - loadIPPluginJar : add openamp
2024-01-15 15:11:24,869 [INFO] IPUIPlugin:80 - create IPUIPlugin
2024-01-15 15:11:24,869 [INFO] PluginManager:220 - loadIPPluginJar : add pdm2pcm
2024-01-15 15:11:24,880 [INFO] IPUIPlugin:80 - create IPUIPlugin
2024-01-15 15:11:24,885 [INFO] PluginManager:220 - loadIPPluginJar : add plateformsettings
2024-01-15 15:11:24,885 [INFO] IPUIPlugin:80 - create IPUIPlugin
2024-01-15 15:11:24,885 [INFO] PluginManager:220 - loadIPPluginJar : add quadspi
2024-01-15 15:11:24,885 [INFO] IPUIPlugin:80 - create IPUIPlugin
2024-01-15 15:11:24,885 [INFO] PluginManager:220 - loadIPPluginJar : add resmgrutility
2024-01-15 15:11:24,901 [INFO] IPUIPlugin:80 - create IPUIPlugin
2024-01-15 15:11:24,901 [INFO] PluginManager:220 - loadIPPluginJar : add sai
2024-01-15 15:11:24,901 [INFO] IPUIPlugin:80 - create IPUIPlugin
2024-01-15 15:11:24,901 [INFO] PluginManager:220 - loadIPPluginJar : add spi
2024-01-15 15:11:24,917 [INFO] IPUIPlugin:80 - create IPUIPlugin
2024-01-15 15:11:24,917 [INFO] PluginManager:220 - loadIPPluginJar : add stm32_wpan
2024-01-15 15:11:24,917 [INFO] IPUIPlugin:80 - create IPUIPlugin
2024-01-15 15:11:24,917 [INFO] PluginManager:220 - loadIPPluginJar : add tim
2024-01-15 15:11:24,917 [INFO] IPUIPlugin:80 - create IPUIPlugin
2024-01-15 15:11:24,917 [INFO] PluginManager:220 - loadIPPluginJar : add touchsensing
2024-01-15 15:11:24,932 [INFO] IPUIPlugin:80 - create IPUIPlugin
2024-01-15 15:11:24,932 [INFO] PluginManager:220 - loadIPPluginJar : add tracer_emb
2024-01-15 15:11:24,932 [INFO] IPUIPlugin:80 - create IPUIPlugin
2024-01-15 15:11:24,932 [INFO] PluginManager:220 - loadIPPluginJar : add ts
2024-01-15 15:11:24,932 [INFO] IPUIPlugin:80 - create IPUIPlugin
2024-01-15 15:11:24,932 [INFO] PluginManager:220 - loadIPPluginJar : add tsc
2024-01-15 15:11:24,932 [INFO] IPUIPlugin:80 - create IPUIPlugin
2024-01-15 15:11:24,932 [INFO] PluginManager:220 - loadIPPluginJar : add ucpd
2024-01-15 15:11:24,948 [INFO] IPUIPlugin:80 - create IPUIPlugin
2024-01-15 15:11:24,948 [INFO] PluginManager:220 - loadIPPluginJar : add usart
2024-01-15 15:11:24,948 [INFO] IPUIPlugin:80 - create IPUIPlugin
2024-01-15 15:11:24,948 [INFO] PluginManager:220 - loadIPPluginJar : add usbx
2024-01-15 15:11:25,081 [INFO] CADModel:165 - CPN selected for project level
2024-01-15 15:11:25,081 [INFO] CADModel:114 - Register for checkConnection events
2024-01-15 15:11:25,081 [FATAL] Updater:308 - Updater called before beeing initialized
2024-01-15 15:11:25,081 [ERROR] CADModel:125 - Updater not yet initialized, retry later 
2024-01-15 15:11:25,236 [INFO] CADModel:165 - CPN selected for project level
2024-01-15 15:11:25,236 [INFO] CADModel:114 - Register for checkConnection events
2024-01-15 15:11:25,236 [FATAL] Updater:308 - Updater called before beeing initialized
2024-01-15 15:11:25,236 [ERROR] CADModel:125 - Updater not yet initialized, retry later 
2024-01-15 15:11:25,252 [FATAL] Updater:308 - Updater called before beeing initialized
2024-01-15 15:11:25,362 [FATAL] Updater:308 - Updater called before beeing initialized
2024-01-15 15:11:25,362 [INFO] DbMcusAds:53 - JSON generation date=Wed Nov 29 17:52:27 ICT 2023 (1701255147349)
2024-01-15 15:11:25,362 [FATAL] Updater:308 - Updater called before beeing initialized
2024-01-15 15:11:25,409 [WARN] DetailPanel:346 - Failed to get advertising image, set to default
2024-01-15 15:11:25,534 [FATAL] Updater:308 - Updater called before beeing initialized
2024-01-15 15:11:25,534 [FATAL] Updater:308 - Updater called before beeing initialized
2024-01-15 15:11:25,534 [FATAL] Updater:308 - Updater called before beeing initialized
2024-01-15 15:11:25,534 [WARN] DetailPanel:346 - Failed to get advertising image, set to default
2024-01-15 15:11:25,534 [FATAL] Updater:308 - Updater called before beeing initialized
2024-01-15 15:11:25,582 [ERROR] Updater:1120 - MainUpdater not yet initialized. External WinMGr cannot be set.
2024-01-15 15:11:25,597 [INFO] Updater:1056 - Updater Version found : 6.8.0
2024-01-15 15:11:25,613 [INFO] ApplicationProperties:184 - Using Application install path: C:\ST\STM32CubeIDE_1.12.0\STM32CubeIDE\plugins\com.st.stm32cube.common.mx_6.8.0.202302231600
2024-01-15 15:11:25,723 [INFO] MainUpdater:519 - Copy updater definitions from MX database
2024-01-15 15:11:25,817 [INFO] MainUpdater:2854 - connection check result : 10
2024-01-15 15:11:25,817 [INFO] MainUpdater:3548 - Updater definition file requires update
2024-01-15 15:11:25,832 [INFO] MainUpdater:283 - Updater Check For Update Now.
2024-01-15 15:11:25,832 [INFO] MicroXplorer:498 - Change Database Version : DB.6.0.80
2024-01-15 15:11:25,864 [INFO] ServerAccessManage:473 - Download File updaters.zip
2024-01-15 15:11:25,911 [INFO] FileExtend:240 - Unzip File : updaters.zip
2024-01-15 15:11:25,911 [INFO] FileExtend:255 - Standard Zip Deflate
2024-01-15 15:11:26,762 [INFO] ServerAccessManage:473 - Download File PacksControlFlags.xml
2024-01-15 15:11:26,840 [INFO] ServerAccessManage:473 - Download File cubemx.pidx
2024-01-15 15:11:27,084 [WARN] MainUpdater:1187 - Updater busy. Cannot search thirdparties
2024-01-15 15:11:27,084 [INFO] ThirdPartyUpdaterWithRetryManager:96 - Updater plugin is busy. [1/15]
2024-01-15 15:11:27,092 [INFO] LoadServerUpdatesThread:373 - End of LoadServerUpdate Thread
2024-01-15 15:11:27,255 [INFO] CheckServerUpdateThread:120 - End of CheckServer Thread
2024-01-15 15:11:27,296 [INFO] MainUpdater:2854 - connection check result : 10
2024-01-15 15:11:27,786 [INFO] MicroXplorer:468 - Change Database Path : 
2024-01-15 15:11:27,786 [INFO] MicroXplorer:498 - Change Database Version : DB.6.0.80
2024-01-15 15:11:27,786 [WARN] ThirdParty:871 - waiting for thirdparty lock release [close project]
2024-01-15 15:11:30,360 [WARN] PackLoader:240 - Cannot read IP mode file for STMicroelectronics.X-CUBE-SMBUS.2.1.0
2024-01-15 15:11:30,376 [WARN] PackLoader:240 - Cannot read IP mode file for STMicroelectronics.X-CUBE-TOUCHGFX.4.23.0
2024-01-15 15:11:30,406 [WARN] PackLoader:240 - Cannot read IP mode file for STMicroelectronics.X-CUBE-AZRTOS-F7.1.1.0
2024-01-15 15:11:30,408 [ERROR] RealEvaluatedCondition:428 - Found unsupported composite condition: CLASS='Data Exchange' GROUP='STM32_MetaDataManager'
2024-01-15 15:11:30,408 [ERROR] RealEvaluatedCondition:428 - Found unsupported composite condition: CLASS='Data Exchange' GROUP='STM32_MetaDataManager'
2024-01-15 15:11:30,408 [WARN] PackLoader:240 - Cannot read IP mode file for STMicroelectronics.FP-SNS-MOTENV1.4.3.0
2024-01-15 15:11:30,423 [WARN] PackLoader:240 - Cannot read IP mode file for STMicroelectronics.FP-SNS-MOTENV1.4.3.2
2024-01-15 15:11:30,439 [WARN] PackLoader:240 - Cannot read IP mode file for STMicroelectronics.FP-SNS-FLIGHT1.5.0.0
2024-01-15 15:11:30,439 [ERROR] RealEvaluatedCondition:428 - Found unsupported composite condition: CLASS='Data Exchange' GROUP='STM32_MetaDataManager'
2024-01-15 15:11:30,439 [ERROR] RealEvaluatedCondition:428 - Found unsupported composite condition: GROUP='STM32_MetaDataManager' CLASS='Data Exchange'
2024-01-15 15:11:30,439 [WARN] PackLoader:240 - Cannot read IP mode file for STMicroelectronics.FP-SNS-MOTENV1.4.3.1
2024-01-15 15:11:30,455 [WARN] PackLoader:240 - Cannot read IP mode file for STMicroelectronics.FP-SNS-FLIGHT1.5.0.1
2024-01-15 15:11:30,455 [WARN] PackLoader:240 - Cannot read IP mode file for STMicroelectronics.X-CUBE-BLE1.6.2.3
2024-01-15 15:11:30,472 [WARN] PackLoader:240 - Cannot read IP mode file for STMicroelectronics.X-CUBE-BLE1.6.2.4
2024-01-15 15:11:30,472 [WARN] PackLoader:240 - Cannot read IP mode file for STMicroelectronics.FP-SNS-FLIGHT1.5.0.2
2024-01-15 15:11:30,488 [WARN] PackLoader:240 - Cannot read IP mode file for STMicroelectronics.X-CUBE-TOF1.3.1.0
2024-01-15 15:11:30,503 [WARN] PackLoader:240 - Cannot read IP mode file for STMicroelectronics.X-CUBE-DISPLAY.3.0.0
2024-01-15 15:11:30,647 [WARN] PackLoader:240 - Cannot read IP mode file for STMicroelectronics.X-CUBE-BLE1.7.0.0
2024-01-15 15:11:30,647 [WARN] PackLoader:240 - Cannot read IP mode file for emotas.I-CUBE-CANOPEN.1.3.0
2024-01-15 15:11:30,662 [WARN] PackLoader:240 - Cannot read IP mode file for STMicroelectronics.X-CUBE-TOUCHGFX.4.22.0
2024-01-15 15:11:30,662 [WARN] PackLoader:240 - Cannot read IP mode file for STMicroelectronics.X-CUBE-TOUCHGFX.4.22.1
2024-01-15 15:11:30,709 [WARN] PackLoader:240 - Cannot read IP mode file for STMicroelectronics.X-CUBE-MEMS1.9.3.0
2024-01-15 15:11:30,803 [WARN] PackLoader:240 - Cannot read IP mode file for STMicroelectronics.X-CUBE-AI.7.2.0
2024-01-15 15:11:30,803 [WARN] PackLoader:240 - Cannot read IP mode file for STMicroelectronics.FP-SNS-SMARTAG2.1.2.0
2024-01-15 15:11:30,819 [INFO] LogOutputStream:77 - [STDOUT_REDIRECT] 1 : Invalid condition id : UX_CORESTACK_Condition cause : null
2024-01-15 15:11:30,835 [INFO] LogOutputStream:77 - [STDOUT_REDIRECT] 1 : Invalid condition id : UX_CORESTACK_Condition cause : null
2024-01-15 15:11:30,835 [INFO] LogOutputStream:77 - [STDOUT_REDIRECT] 1 : Invalid condition id : UX_CORESTACK_Condition cause : null
2024-01-15 15:11:30,835 [INFO] LogOutputStream:77 - [STDOUT_REDIRECT] 1 : Invalid condition id : UX_CORESTACK_Condition cause : null
2024-01-15 15:11:30,835 [INFO] LogOutputStream:77 - [STDOUT_REDIRECT] 1 : Invalid condition id : UX_CORESTACK_Condition cause : null
2024-01-15 15:11:30,835 [WARN] PackLoader:240 - Cannot read IP mode file for STMicroelectronics.X-CUBE-AZRTOS-WL.2.0.0
2024-01-15 15:11:30,850 [WARN] PackLoader:240 - Cannot read IP mode file for WES.I-CUBE-Cesium.1.3.0
2024-01-15 15:11:30,850 [WARN] PackLoader:240 - Cannot read IP mode file for STMicroelectronics.X-CUBE-BLE2.3.3.0
2024-01-15 15:11:30,866 [WARN] PackLoader:240 - Cannot read IP mode file for STMicroelectronics.X-CUBE-DISPLAY.2.2.0
2024-01-15 15:11:30,882 [WARN] PackLoader:240 - Cannot read IP mode file for STMicroelectronics.X-CUBE-TOF1.3.2.0
2024-01-15 15:11:30,889 [WARN] PackLoader:240 - Cannot read IP mode file for STMicroelectronics.X-CUBE-ISPU.1.0.0
2024-01-15 15:11:30,898 [WARN] PackLoader:240 - Cannot read IP mode file for STMicroelectronics.X-CUBE-AZRTOS-H7.2.1.0
2024-01-15 15:11:30,913 [WARN] PackLoader:240 - Cannot read IP mode file for STMicroelectronics.X-CUBE-TOUCHGFX.4.21.1
2024-01-15 15:11:30,913 [WARN] PackLoader:240 - Cannot read IP mode file for STMicroelectronics.X-CUBE-TOUCHGFX.4.21.3
2024-01-15 15:11:30,929 [WARN] PackLoader:240 - Cannot read IP mode file for STMicroelectronics.X-CUBE-TOUCHGFX.4.21.4
2024-01-15 15:11:30,960 [WARN] PackLoader:240 - Cannot read IP mode file for STMicroelectronics.X-CUBE-MEMS1.9.4.0
2024-01-15 15:11:31,039 [WARN] PackLoader:240 - Cannot read IP mode file for STMicroelectronics.X-CUBE-AI.7.3.0
2024-01-15 15:11:31,070 [WARN] PackLoader:240 - Cannot read IP mode file for STMicroelectronics.X-CUBE-ALGOBUILD.1.3.0
2024-01-15 15:11:31,089 [WARN] PackLoader:240 - Cannot read IP mode file for STMicroelectronics.X-CUBE-AZRTOS-G0.1.1.0
2024-01-15 15:11:31,102 [WARN] PackLoader:240 - Cannot read IP mode file for STMicroelectronics.X-CUBE-NFC4.3.0.0
2024-01-15 15:11:31,149 [WARN] PackLoader:240 - Cannot read IP mode file for SEGGER.I-CUBE-embOS.1.2.0
2024-01-15 15:11:31,196 [WARN] PackLoader:240 - Cannot read IP mode file for STMicroelectronics.X-CUBE-BLEMGR.3.0.0
2024-01-15 15:11:31,211 [WARN] PackLoader:240 - Cannot read IP mode file for STMicroelectronics.X-CUBE-BLEMGR.1.3.0
2024-01-15 15:11:31,227 [WARN] PackLoader:240 - Cannot read IP mode file for STMicroelectronics.FP-ATR-SIGFOX1.3.2.0
2024-01-15 15:11:31,227 [WARN] PackLoader:240 - Cannot read IP mode file for emotas.I-CUBE-CANOPEN.1.1.2
2024-01-15 15:11:31,227 [WARN] PackLoader:240 - Cannot read IP mode file for STMicroelectronics.X-CUBE-TOUCHGFX.4.20.0
2024-01-15 15:11:31,275 [WARN] PackLoader:240 - Cannot read IP mode file for STMicroelectronics.X-CUBE-MEMS1.9.5.0
2024-01-15 15:11:31,389 [WARN] PackLoader:240 - Cannot read IP mode file for SEGGER.I-CUBE-embOS.1.3.1
2024-01-15 15:11:31,415 [WARN] PackLoader:240 - Cannot read IP mode file for STMicroelectronics.X-CUBE-GNSS1.6.0.0
2024-01-15 15:11:31,431 [WARN] PackLoader:240 - Cannot read IP mode file for STMicroelectronics.X-CUBE-AZRTOS-F4.1.1.0
2024-01-15 15:11:31,448 [WARN] PackLoader:240 - Cannot read IP mode file for wolfSSL.I-CUBE-wolfSSL.5.6.3
2024-01-15 15:11:31,448 [WARN] PackLoader:240 - Cannot read IP mode file for wolfSSL.I-CUBE-wolfSSL.5.6.0
2024-01-15 15:11:31,463 [WARN] PackLoader:240 - Cannot read IP mode file for wolfSSL.I-CUBE-wolfSSL.5.6.6
2024-01-15 15:11:31,463 [WARN] PackLoader:240 - Cannot read IP mode file for STMicroelectronics.X-CUBE-BLEMGR.1.2.0
2024-01-15 15:11:31,490 [WARN] PackLoader:240 - Cannot read IP mode file for STMicroelectronics.X-CUBE-AZRTOS-L5.2.0.0
2024-01-15 15:11:31,525 [WARN] PackLoader:240 - Cannot read IP mode file for STMicroelectronics.X-CUBE-MEMS1.9.6.0
2024-01-15 15:11:31,652 [WARN] PackLoader:240 - Cannot read IP mode file for STMicroelectronics.X-CUBE-EEPRMA1.4.2.0
2024-01-15 15:11:31,667 [WARN] PackLoader:240 - Cannot read IP mode file for ITTIA_DB.I-CUBE-ITTIADB.8.8.0
2024-01-15 15:11:31,667 [WARN] PackLoader:240 - Cannot read IP mode file for emotas.I-CUBE-CANOPEN.1.1.3
2024-01-15 15:11:31,683 [WARN] PackLoader:240 - Cannot read IP mode file for STMicroelectronics.X-CUBE-BLEMGR.2.0.0
2024-01-15 15:11:31,690 [WARN] PackLoader:240 - Cannot read IP mode file for STMicroelectronics.X-CUBE-NFC4.2.0.5
2024-01-15 15:11:31,699 [WARN] PackLoader:240 - Cannot read IP mode file for STMicroelectronics.X-CUBE-NFC4.2.0.4
2024-01-15 15:11:31,714 [WARN] ConditionMgr:438 - getConditionDescription Invalid condition id : UX DEVICE CLASS RTOS Condition cause : null
2024-01-15 15:11:31,714 [WARN] ConditionMgr:438 - getConditionDescription Invalid condition id : UX DEVICE CLASS RTOS Condition cause : null
2024-01-15 15:11:31,714 [WARN] PackLoader:240 - Cannot read IP mode file for STMicroelectronics.X-CUBE-AZRTOS-H7.3.1.0
2024-01-15 15:11:31,714 [WARN] ConditionMgr:1039 - genDependencies : Invalid condition id : UX DEVICE CLASS RTOS Condition cause : null
2024-01-15 15:11:31,714 [WARN] ConditionMgr:1039 - genDependencies : Invalid condition id : UX DEVICE CLASS RTOS Condition cause : null
2024-01-15 15:11:31,714 [WARN] ConditionMgr:1039 - genDependencies : Invalid condition id : UX DEVICE CLASS RTOS Condition cause : null
2024-01-15 15:11:31,714 [WARN] ConditionMgr:1039 - genDependencies : Invalid condition id : UX DEVICE CLASS RTOS Condition cause : null
2024-01-15 15:11:31,714 [WARN] ConditionMgr:1039 - genDependencies : Invalid condition id : UX DEVICE CLASS RTOS Condition cause : null
2024-01-15 15:11:31,730 [WARN] PackLoader:240 - Cannot read IP mode file for STMicroelectronics.X-CUBE-NFC7.1.0.1
2024-01-15 15:11:31,730 [WARN] PackLoader:240 - Cannot read IP mode file for STMicroelectronics.X-CUBE-NFC7.1.0.0
2024-01-15 15:11:31,746 [WARN] PackLoader:240 - Cannot read IP mode file for STMicroelectronics.X-CUBE-NFC6.3.0.0
2024-01-15 15:11:31,761 [WARN] PackLoader:240 - Cannot read IP mode file for STMicroelectronics.X-CUBE-EEPRMA1.4.1.0
2024-01-15 15:11:31,761 [WARN] PackLoader:240 - Cannot read IP mode file for STMicroelectronics.X-CUBE-AI.8.1.0
2024-01-15 15:11:31,790 [WARN] ConditionMgr:438 - getConditionDescription Invalid condition id : LAN8742 Phy interface Condition cause : null
2024-01-15 15:11:31,790 [WARN] PackLoader:240 - Cannot read IP mode file for STMicroelectronics.X-CUBE-AZRTOS-L4.2.0.0
2024-01-15 15:11:31,790 [WARN] ConditionMgr:1039 - genDependencies : Invalid condition id : LAN8742 Phy interface Condition cause : null
2024-01-15 15:11:31,790 [WARN] ConditionMgr:1039 - genDependencies : Invalid condition id : LAN8742 Phy interface Condition cause : null
2024-01-15 15:11:31,793 [WARN] ConditionMgr:1039 - genDependencies : Invalid condition id : LAN8742 Phy interface Condition cause : null
2024-01-15 15:11:31,793 [WARN] PackLoader:240 - Cannot read IP mode file for STMicroelectronics.X-CUBE-SFXS2LP1.4.0.0
2024-01-15 15:11:31,809 [WARN] PackLoader:240 - Cannot read IP mode file for STMicroelectronics.X-CUBE-AZRTOS-H7.3.0.0
2024-01-15 15:11:31,824 [WARN] PackLoader:240 - Cannot read IP mode file for STMicroelectronics.X-CUBE-ISPU.1.1.0
2024-01-15 15:11:31,824 [WARN] PackLoader:240 - Cannot read IP mode file for RoweBots.I-CUBE-UNISONRTOS.5.5.0-4
2024-01-15 15:11:31,840 [WARN] PackLoader:240 - Cannot read IP mode file for wolfSSL.I-CUBE-wolfSSL.5.4.0
2024-01-15 15:11:31,840 [WARN] PackLoader:240 - Cannot read IP mode file for STMicroelectronics.X-CUBE-AI.8.0.0
2024-01-15 15:11:31,855 [WARN] ConditionMgr:438 - getConditionDescription Invalid condition id : UX DEVICE CLASS RTOS Condition cause : null
2024-01-15 15:11:31,855 [WARN] ConditionMgr:438 - getConditionDescription Invalid condition id : UX DEVICE CLASS RTOS Condition cause : null
2024-01-15 15:11:31,855 [WARN] PackLoader:240 - Cannot read IP mode file for STMicroelectronics.X-CUBE-AZRTOS-WB.2.0.0
2024-01-15 15:11:31,855 [WARN] ConditionMgr:1039 - genDependencies : Invalid condition id : UX DEVICE CLASS RTOS Condition cause : null
2024-01-15 15:11:31,855 [WARN] ConditionMgr:1039 - genDependencies : Invalid condition id : UX DEVICE CLASS RTOS Condition cause : null
2024-01-15 15:11:31,855 [WARN] ConditionMgr:1039 - genDependencies : Invalid condition id : UX DEVICE CLASS RTOS Condition cause : null
2024-01-15 15:11:31,855 [WARN] ConditionMgr:1039 - genDependencies : Invalid condition id : UX DEVICE CLASS RTOS Condition cause : null
2024-01-15 15:11:31,855 [WARN] ConditionMgr:1039 - genDependencies : Invalid condition id : UX DEVICE CLASS RTOS Condition cause : null
2024-01-15 15:11:31,871 [WARN] PackLoader:240 - Cannot read IP mode file for STMicroelectronics.X-CUBE-FREERTOS.1.0.0
2024-01-15 15:11:31,871 [WARN] PackLoader:240 - Cannot read IP mode file for STMicroelectronics.X-CUBE-FREERTOS.1.0.1
2024-01-15 15:11:31,887 [WARN] PackLoader:240 - Cannot read IP mode file for STMicroelectronics.X-CUBE-BLEMGR.1.0.0
2024-01-15 15:11:31,918 [WARN] PackLoader:240 - Cannot read IP mode file for STMicroelectronics.X-CUBE-AZRTOS-L5.1.1.0
2024-01-15 15:11:31,918 [WARN] PackLoader:240 - Cannot read IP mode file for STMicroelectronics.X-CUBE-AI.8.0.1
2024-01-15 15:11:31,934 [WARN] PackLoader:240 - Cannot read IP mode file for STMicroelectronics.X-CUBE-SUBG2.5.0.0
2024-01-15 15:11:31,950 [WARN] PackLoader:240 - Cannot read IP mode file for STMicroelectronics.X-CUBE-TOF1.3.3.1
2024-01-15 15:11:31,981 [WARN] PackLoader:240 - Cannot read IP mode file for STMicroelectronics.X-CUBE-AZRTOS-G4.2.0.0
2024-01-15 15:11:31,999 [WARN] PackLoader:240 - Cannot read IP mode file for STMicroelectronics.X-CUBE-TOF1.3.3.0
2024-01-15 15:11:32,013 [WARN] PackLoader:240 - Cannot read IP mode file for STMicroelectronics.FP-ATR-ASTRA1.1.1.1
2024-01-15 15:11:32,029 [WARN] PackLoader:240 - Cannot read IP mode file for Infineon.AIROC-Wi-Fi-Bluetooth-STM32.1.5.1
2024-01-15 15:11:32,029 [WARN] PackLoader:240 - Cannot read IP mode file for STMicroelectronics.FP-ATR-ASTRA1.1.1.0
2024-01-15 15:11:32,044 [WARN] PackLoader:240 - Cannot read IP mode file for STMicroelectronics.FP-SNS-MOTENVWB1.1.3.0
2024-01-15 15:11:32,044 [WARN] PackLoader:240 - Cannot read IP mode file for STMicroelectronics.FP-SNS-MOTENVWB1.1.3.1
2024-01-15 15:11:32,060 [WARN] PackLoader:240 - Cannot read IP mode file for STMicroelectronics.X-CUBE-AZRTOS-G4.1.0.0
2024-01-15 15:11:32,090 [WARN] PackLoader:240 - Cannot read IP mode file for STMicroelectronics.X-CUBE-AZRTOS-L4.1.0.0
2024-01-15 15:11:32,092 [WARN] PackLoader:240 - Cannot read IP mode file for STMicroelectronics.X-CUBE-ISPU.2.0.0
2024-01-15 15:11:32,139 [WARN] PackLoader:240 - Cannot read IP mode file for STMicroelectronics.X-CUBE-MEMS1.10.0.0
2024-01-15 15:11:32,250 [WARN] PackLoader:240 - Cannot read IP mode file for STMicroelectronics.X-CUBE-FREERTOS.1.1.0
2024-01-15 15:11:32,265 [WARN] PackLoader:240 - Cannot read IP mode file for STMicroelectronics.X-CUBE-AZRTOS-WL.1.0.0
2024-01-15 15:11:32,265 [WARN] PackLoader:240 - Cannot read IP mode file for portGmbH.I-Cube-SoM-uGOAL.1.1.0
2024-01-15 15:11:32,281 [WARN] PackLoader:240 - Cannot read IP mode file for STMicroelectronics.X-CUBE-ALS.1.0.1
2024-01-15 15:11:32,301 [WARN] PackLoader:240 - Cannot read IP mode file for STMicroelectronics.X-CUBE-AZRTOS-WB.1.1.0
2024-01-15 15:11:32,313 [WARN] PackLoader:240 - Cannot read IP mode file for STMicroelectronics.X-CUBE-AZRTOS-L5.1.0.0
2024-01-15 15:11:32,329 [WARN] PackLoader:240 - Cannot read IP mode file for STMicroelectronics.X-CUBE-EEPRMA1.3.1.1
2024-01-15 15:11:32,335 [WARN] PackLoader:240 - Cannot read IP mode file for STMicroelectronics.FP-ATR-ASTRA1.2.0.0
2024-01-15 15:11:32,345 [WARN] PackLoader:240 - Cannot read IP mode file for STMicroelectronics.X-CUBE-TOF1.3.4.0
2024-01-15 15:11:32,376 [WARN] PackLoader:240 - Cannot read IP mode file for STMicroelectronics.X-CUBE-AZRTOS-H7.3.2.0
2024-01-15 15:11:32,376 [INFO] ThirdParty:978 - Integrity check success = true
2024-01-15 15:11:32,376 [INFO] IntegrityCheckThread:100 - exiting critical section [integrity check]
2024-01-15 15:11:32,376 [INFO] IntegrityCheckThread:103 - End integrity checks thread
2024-01-15 15:11:32,614 [INFO] ThirdParty:873 - entering critical section [close project]
2024-01-15 15:11:32,614 [INFO] ThirdParty:883 - exiting critical section [close project]
2024-01-15 15:11:32,614 [INFO] PinOutPanel:1499 - setPackage(No Configuration,No Configuration)
2024-01-15 15:11:32,630 [INFO] UtilMem:75 - Begin LoadConfig() Used Memory: 746705592 Bytes (991952896)
2024-01-15 15:11:32,630 [INFO] MicroXplorer:468 - Change Database Path : 
2024-01-15 15:11:32,630 [INFO] MicroXplorer:498 - Change Database Version : DB.6.0.80
2024-01-15 15:11:32,630 [INFO] OpenFileManager:308 - Change cursor
2024-01-15 15:11:32,928 [INFO] Mcu:1937 - Initializing MCU STM32WB15CCUx STM32WB15CCUx STM32WB15CCU6
2024-01-15 15:12:06,455 [INFO] Context:659 - Trying to add GPIOservice into a context  which must be forbidden
2024-01-15 15:12:07,185 [INFO] RtosManager:555 - Registered RTOS mode: class=CMSIS, group=RTOS, mode=CMSIS_V1, owner=FREERTOS
2024-01-15 15:12:07,185 [INFO] RtosManager:555 - Registered RTOS mode: class=CMSIS, group=RTOS2, mode=CMSIS_V2, owner=FREERTOS
2024-01-15 15:12:07,185 [INFO] RtosManager:555 - Registered RTOS mode: class=RTOS, group=Core, mode=CMSIS_V1, owner=FREERTOS
2024-01-15 15:12:07,185 [INFO] RtosManager:555 - Registered RTOS mode: class=RTOS, group=Core, mode=CMSIS_V2, owner=FREERTOS
2024-01-15 15:12:07,185 [WARN] ModelIntegratedComponent:184 - Missing modes for component STMicroelectronics:FreeRTOS:0.0.1:STMicroelectronics:RTOS:FreeRTOS:Core:::10.2.0:
2024-01-15 15:12:07,201 [WARN] ModelIntegratedComponent:63 - No mode defined for component null
2024-01-15 15:12:07,201 [WARN] ModelIntegratedComponent:63 - No mode defined for component null
2024-01-15 15:12:07,201 [WARN] ModelIntegratedComponent:63 - No mode defined for component null
2024-01-15 15:12:07,201 [WARN] ModelIntegratedComponent:63 - No mode defined for component null
2024-01-15 15:12:07,201 [WARN] ModelIntegratedComponent:63 - No mode defined for component null
2024-01-15 15:12:07,201 [WARN] ModelIntegratedComponent:63 - No mode defined for component null
2024-01-15 15:12:07,201 [WARN] ModelIntegratedComponent:63 - No mode defined for component null
2024-01-15 15:12:07,201 [WARN] ModelIntegratedComponent:63 - No mode defined for component null
2024-01-15 15:12:07,201 [WARN] ModelIntegratedComponent:63 - No mode defined for component null
2024-01-15 15:12:07,201 [WARN] ModelIntegratedComponent:63 - No mode defined for component null
2024-01-15 15:12:07,201 [WARN] ModelIntegratedComponent:63 - No mode defined for component null
2024-01-15 15:12:07,201 [WARN] ModelIntegratedComponent:63 - No mode defined for component null
2024-01-15 15:12:07,201 [WARN] ModelIntegratedComponent:63 - No mode defined for component null
2024-01-15 15:12:07,201 [WARN] ModelIntegratedComponent:63 - No mode defined for component null
2024-01-15 15:12:07,201 [WARN] ModelIntegratedComponent:63 - No mode defined for component null
2024-01-15 15:12:07,201 [WARN] ModelIntegratedComponent:63 - No mode defined for component null
2024-01-15 15:12:07,201 [WARN] ModelIntegratedComponent:63 - No mode defined for component null
2024-01-15 15:12:07,201 [WARN] ModelIntegratedComponent:63 - No mode defined for component null
2024-01-15 15:12:07,201 [WARN] ModelIntegratedComponent:63 - No mode defined for component null
2024-01-15 15:12:07,201 [WARN] ModelIntegratedComponent:63 - No mode defined for component null
2024-01-15 15:12:07,201 [WARN] ModelIntegratedComponent:63 - No mode defined for component null
2024-01-15 15:12:07,201 [WARN] ModelIntegratedComponent:63 - No mode defined for component null
2024-01-15 15:12:07,201 [WARN] ModelIntegratedComponent:63 - No mode defined for component null
2024-01-15 15:12:07,201 [WARN] ModelIntegratedComponent:63 - No mode defined for component null
2024-01-15 15:12:07,201 [WARN] ModelIntegratedComponent:63 - No mode defined for component null
2024-01-15 15:12:07,201 [WARN] ModelIntegratedComponent:63 - No mode defined for component null
2024-01-15 15:12:07,201 [WARN] ModelIntegratedComponent:63 - No mode defined for component null
2024-01-15 15:12:07,201 [WARN] ModelIntegratedComponent:63 - No mode defined for component null
2024-01-15 15:12:07,201 [WARN] ModelIntegratedComponent:63 - No mode defined for component null
2024-01-15 15:12:07,201 [WARN] ModelIntegratedComponent:63 - No mode defined for component null
2024-01-15 15:12:07,201 [WARN] ModelIntegratedComponent:63 - No mode defined for component null
2024-01-15 15:12:07,201 [WARN] ModelIntegratedComponent:63 - No mode defined for component null
2024-01-15 15:12:07,201 [WARN] ModelIntegratedComponent:63 - No mode defined for component null
2024-01-15 15:12:07,515 [INFO] ThirdPartyModel:298 - Start build external matchings
2024-01-15 15:12:08,974 [INFO] ThirdPartyModel:316 - End build external matchings
2024-01-15 15:12:09,037 [INFO] ImportTextPane:194 - (OptionalMessage_ERROR) IP (DMA) : Parameter (Instance) has Id (USART1_TX) currently not set
2024-01-15 15:12:09,037 [INFO] ImportTextPane:194 - (OptionalMessage_ERROR) IP (DMA) : Parameter (Request) has Id (USART1_TX) currently not set
2024-01-15 15:12:09,037 [INFO] ImportTextPane:194 - (OptionalMessage_ERROR) IP (DMA) : Parameter (Direction) has Id (USART1_TX) currently not set
2024-01-15 15:12:09,037 [INFO] ImportTextPane:194 - (OptionalMessage_ERROR) IP (DMA) : Parameter (PeriphInc) has Id (USART1_TX) currently not set
2024-01-15 15:12:09,037 [INFO] ImportTextPane:194 - (OptionalMessage_ERROR) IP (DMA) : Parameter (MemInc) has Id (USART1_TX) currently not set
2024-01-15 15:12:09,037 [INFO] ImportTextPane:194 - (OptionalMessage_ERROR) IP (DMA) : Parameter (PeriphDataAlignment) has Id (USART1_TX) currently not set
2024-01-15 15:12:09,037 [INFO] ImportTextPane:194 - (OptionalMessage_ERROR) IP (DMA) : Parameter (MemDataAlignment) has Id (USART1_TX) currently not set
2024-01-15 15:12:09,037 [INFO] ImportTextPane:194 - (OptionalMessage_ERROR) IP (DMA) : Parameter (Mode) has Id (USART1_TX) currently not set
2024-01-15 15:12:09,037 [INFO] ImportTextPane:194 - (OptionalMessage_ERROR) IP (DMA) : Parameter (Priority) has Id (USART1_TX) currently not set
2024-01-15 15:12:09,037 [INFO] ImportTextPane:194 - (OptionalMessage_ERROR) IP (DMA) : Parameter (SignalID) has Id (USART1_TX) currently not set
2024-01-15 15:12:09,037 [INFO] ImportTextPane:194 - (OptionalMessage_ERROR) IP (DMA) : Parameter (Polarity) has Id (USART1_TX) currently not set
2024-01-15 15:12:09,037 [INFO] ImportTextPane:194 - (OptionalMessage_ERROR) IP (DMA) : Parameter (RequestNumber) has Id (USART1_TX) currently not set
2024-01-15 15:12:09,037 [INFO] ImportTextPane:194 - (OptionalMessage_ERROR) IP (DMA) : Parameter (SyncSignalID) has Id (USART1_TX) currently not set
2024-01-15 15:12:09,037 [INFO] ImportTextPane:194 - (OptionalMessage_ERROR) IP (DMA) : Parameter (SyncPolarity) has Id (USART1_TX) currently not set
2024-01-15 15:12:09,037 [INFO] ImportTextPane:194 - (OptionalMessage_ERROR) IP (DMA) : Parameter (SyncEnable) has Id (USART1_TX) currently not set
2024-01-15 15:12:09,037 [INFO] ImportTextPane:194 - (OptionalMessage_ERROR) IP (DMA) : Parameter (EventEnable) has Id (USART1_TX) currently not set
2024-01-15 15:12:09,037 [INFO] ImportTextPane:194 - (OptionalMessage_ERROR) IP (DMA) : Parameter (SyncRequestNumber) has Id (USART1_TX) currently not set
2024-01-15 15:12:09,037 [INFO] ImportTextPane:194 - (OptionalMessage_ERROR) IP (RCC) : Invalid parameter (FamilyName)
2024-01-15 15:12:09,084 [WARN] IP:2113 - SERVICE1_UUID not found: check if there is a RefParameter without a condition.
2024-01-15 15:12:09,084 [WARN] IP:2113 - SERVICE2_UUID not found: check if there is a RefParameter without a condition.
2024-01-15 15:12:09,100 [WARN] IP:2113 - SERVICE3_UUID not found: check if there is a RefParameter without a condition.
2024-01-15 15:12:09,100 [WARN] IP:2113 - SERVICE4_UUID not found: check if there is a RefParameter without a condition.
2024-01-15 15:12:09,100 [WARN] IP:2113 - SERVICE5_UUID not found: check if there is a RefParameter without a condition.
2024-01-15 15:12:14,721 [INFO] UtilMem:75 - End LoadConfig() Used Memory: 758365920 Bytes (991952896)
2024-01-15 15:12:15,223 [INFO] ApiDb:581 - Connected to CubeFinder SQLite database (C:\Users\KDS-LTP-0415\.stmcufinder\plugins\mcufinder\mcu\cube-finder-db.db)
2024-01-15 15:12:15,286 [INFO] ApiDb:668 - CubeFinder database Data Model version=2.1
2024-01-15 15:12:15,286 [INFO] ApiDb:669 - CubeFinder database Configuration version=3.0.39
2024-01-15 15:12:15,286 [INFO] ApiDb:670 - CubeFinder database generation date=2023-12-08 (1702028721)
2024-01-15 15:12:15,286 [INFO] ApiDb:671 - CubeFinder database FW Pack versions=[FP-ATR-ASTRA1_V2.0.0, FP-SNS-FLIGHT1_V5.0.1, FP-SNS-FLIGHT1_V5.0.2, FP-SNS-MOTENV1_V4.3.1, FP-SNS-MOTENV1_V4.3.2, FP-SNS-MOTENVWB1_V1.3.1, FP-SNS-SMARTAG2_V1.2.0, STM32Cube_FW_C0_V1.1.0, STM32Cube_FW_F4_V1.28.0, STM32Cube_FW_F7_V1.17.0, STM32Cube_FW_G0_V1.6.1, STM32Cube_FW_G4_V1.5.1, STM32Cube_FW_H5_V0.5.1, STM32Cube_FW_H5_V1.1.1, STM32Cube_FW_H5_V1.2.0RC2, STM32Cube_FW_H7_V1.11.0, STM32Cube_FW_L0_V1.12.2, STM32Cube_FW_L5_V1.5.0, STM32Cube_FW_U5_V1.3.0RC4, STM32Cube_FW_U5_V1.4.0, STM32Cube_FW_WBA_V1.0.0RC1, STM32Cube_FW_WBA_V1.1.0RC1, STM32Cube_FW_WBA_V1.2.0, STM32Cube_FW_WBA_V1.2.0RC2, STM32Cube_FW_WB_V1.15.0RC1, STM32Cube_FW_WB_V1.16.0, STM32Cube_FW_WB_V1.16.0RC2, STM32Cube_FW_WB_V1.18.0, STM32Cube_FW_WL_V1.3.0, X-CUBE-ALGOBUILD_V1.3.0, X-CUBE-ALS_V1.0.1, X-CUBE-AZRTOS-F4_V1.1.0, X-CUBE-AZRTOS-F7_V1.1.0, X-CUBE-AZRTOS-G0_V1.1.0, X-CUBE-AZRTOS-G4_V2.0.0, X-CUBE-AZRTOS-H7_V3.1.0, X-CUBE-AZRTOS-L4_V1.0.0, X-CUBE-AZRTOS-L4_V2.0.0, X-CUBE-AZRTOS-L5_V1.1.0, X-CUBE-AZRTOS-WB_V2.0.0, X-CUBE-AZRTOS-WL_V2.0.0, X-CUBE-BLE1_V7.0.0, X-CUBE-BLE2_V3.3.0, X-CUBE-BLEMGR_V3.0.0, X-CUBE-EEPRMA1_V4.1.0, X-CUBE-EEPRMA1_V4.2.0, X-CUBE-FREERTOS_V1.1.0, X-CUBE-GNSS1_V6.0.0, X-CUBE-MEMS1_V10.0.0, X-CUBE-MEMS1_V9.1.0, X-CUBE-MEMS1_V9.4.0, X-CUBE-MEMS1_V9.6.0, X-CUBE-NFC4_V3.0.0, X-CUBE-NFC7_V1.0.1, X-CUBE-SFXS2LP1_V4.0.0, X-CUBE-SUBG2_V5.0.0, X-CUBE-TOF1_V3.4.0]
2024-01-15 15:12:17,546 [INFO] ApiDb:240 - Found 297 in-development CPN: [B-G473E-ZEST1S, B-WB1M-WPAN1, B-WL5M-SUBG1, NUCLEO-C031C6, NUCLEO-H503RB, NUCLEO-H563ZI, NUCLEO-U545RE-Q, NUCLEO-U5A5ZJ-Q, NUCLEO-WBA52CG, STEVAL-PROTEUS1, STEVAL-STWINBX1, STM320518-EVAL, STM32C0116-DK, STM32C011D6Y3TR, STM32C011D6Y6TR, STM32C011F4P3, STM32C011F4P6, STM32C011F4U3, STM32C011F4U6TR, STM32C011F6P3, STM32C011F6P6, STM32C011F6U3, STM32C011F6U6TR, STM32C011J4M3, STM32C011J4M6, STM32C011J6M3, STM32C011J6M6, STM32C0316-DK, STM32C031C4T3, STM32C031C4T6, STM32C031C4U3, STM32C031C4U6, STM32C031C6T3, STM32C031C6T6, STM32C031C6U3, STM32C031C6U6, STM32C031F4P3, STM32C031F4P6, STM32C031F6P3, STM32C031F6P6, STM32C031G4U3, STM32C031G4U6, STM32C031G6U3, STM32C031G6U6, STM32C031K4T3, STM32C031K4T6, STM32C031K4U3, STM32C031K4U6, STM32C031K6T3, STM32C031K6T6, STM32C031K6U3, STM32C031K6U6, STM32G071K8TXN, STM32G071K8UXN, STM32G081GBU6N, STM32G081KBT6N, STM32G081KBUXN, STM32G0B1CCT6N, STM32G0B1KCT6, STM32G0B1NEY6TR, STM32G0B1RCT6N, STM32G0C1CCT6, STM32G0C1CCT6N, STM32G0C1CCU6N, STM32G0C1CET6N, STM32G0C1CEU6N, STM32G0C1KCT6, STM32G0C1NEY6TR, STM32G0C1RCI6N, STM32G0C1RCT6N, STM32G0C1REI6N, STM32G0C1RET6N, STM32G0C1VCI6, STM32G0C1VEI6, STM32G471CCT6, STM32G471CCU6, STM32G471CET3, STM32G471CET6, STM32G471CEU3, STM32G471CEU6, STM32G471MCT6, STM32G471MET3, STM32G471MET6, STM32G471MEY6TR, STM32G471QCT6, STM32G471QET3, STM32G471RCT6, STM32G471RET3, STM32G471RET6, STM32G471VCH6, STM32G471VCI6, STM32G471VCT6, STM32G471VEH3, STM32G471VEH6, STM32G471VEI3, STM32G471VEI6, STM32G471VET3, STM32G471VET6, STM32G474CCT6, STM32H503CBT6, STM32H503CBU6, STM32H503EBY6TR, STM32H503KBU6, STM32H503RBT6, STM32H562AGI6, STM32H562AII6, STM32H562IGK6, STM32H562IGT6, STM32H562IIK6, STM32H562IIT6, STM32H562RGT6, STM32H562RGV6, STM32H562RIT6, STM32H562RIV6, STM32H562VGT6, STM32H562VIT6, STM32H562ZGT6, STM32H562ZIT6, STM32H563AGI6, STM32H563AII3Q, STM32H563AII6, STM32H563IGK6, STM32H563IGT6, STM32H563IIK3Q, STM32H563IIK6, STM32H563IIT3Q, STM32H563IIT6, STM32H563MIY3QTR, STM32H563RGT6, STM32H563RGV6, STM32H563RIT6, STM32H563RIV6, STM32H563VGT6, STM32H563VIT3Q, STM32H563VIT6, STM32H563ZGT6, STM32H563ZIT3Q, STM32H563ZIT6, STM32H573AII3Q, STM32H573AII6, STM32H573I-DK, STM32H573IIK3Q, STM32H573IIK6, STM32H573IIT3Q, STM32H573IIT6, STM32H573MIY3QTR, STM32H573RIT6, STM32H573RIV6, STM32H573VIT3Q, STM32H573VIT6, STM32H573ZIT3Q, STM32H573ZIT6, STM32L4R5QGI6STR, STM32MP131AAE3, STM32MP131AAF3, STM32MP131AAG3, STM32MP131CAE3, STM32MP131CAF3, STM32MP131CAG3, STM32MP131DAE7, STM32MP131DAF7, STM32MP131DAG7, STM32MP131FAE7, STM32MP131FAF7, STM32MP131FAG7, STM32MP133AAE3, STM32MP133AAF3, STM32MP133AAG3, STM32MP133CAE3, STM32MP133CAF3, STM32MP133CAG3, STM32MP133DAE7, STM32MP133DAF7, STM32MP133DAG7, STM32MP133FAE7, STM32MP133FAF7, STM32MP133FAG7, STM32MP135AAE3, STM32MP135AAF3, STM32MP135AAG3, STM32MP135CAE3, STM32MP135CAF3, STM32MP135CAG3, STM32MP135DAE7, STM32MP135DAF7, STM32MP135DAG7, STM32MP135F-DK, STM32MP135FAE7, STM32MP135FAF7, STM32MP135FAF7T, STM32MP135FAF7U, STM32MP135FAG7, STM32U535CBT6, STM32U535CBT6Q, STM32U535CBU6, STM32U535CBU6Q, STM32U535CCT6, STM32U535CCT6Q, STM32U535CCU6, STM32U535CCU6Q, STM32U535CET6, STM32U535CET6Q, STM32U535CEU6, STM32U535CEU6Q, STM32U535JEY6QTR, STM32U535NCY6QTR, STM32U535NEY6QTR, STM32U535RBI6, STM32U535RBI6Q, STM32U535RBT6, STM32U535RBT6Q, STM32U535RCI6, STM32U535RCI6Q, STM32U535RCT6, STM32U535RCT6Q, STM32U535REI6, STM32U535REI6Q, STM32U535RET6, STM32U535RET6Q, STM32U535VCI6, STM32U535VCI6Q, STM32U535VCT6, STM32U535VCT6Q, STM32U535VEI6, STM32U535VEI6Q, STM32U535VET6, STM32U535VET6Q, STM32U545CET6, STM32U545CET6Q, STM32U545CEU6, STM32U545CEU6Q, STM32U545JEY6QTR, STM32U545NEY6QTR, STM32U545REI6, STM32U545REI6Q, STM32U545RET6, STM32U545RET6Q, STM32U545VEI6, STM32U545VEI6Q, STM32U545VET6, STM32U545VET6Q, STM32U595AIH6, STM32U595AIH6Q, STM32U595AJH6, STM32U595AJH6Q, STM32U595QII6, STM32U595QII6Q, STM32U595QJI6, STM32U595QJI6Q, STM32U595RIT6, STM32U595RIT6Q, STM32U595RJT6, STM32U595RJT6Q, STM32U595VIT6, STM32U595VIT6Q, STM32U595VJT6, STM32U595VJT6Q, STM32U595ZIT6, STM32U595ZIT6Q, STM32U595ZIY6QTR, STM32U595ZJT6, STM32U595ZJT6Q, STM32U595ZJY6QTR, STM32U599BJY6QTR, STM32U599NIH6Q, STM32U599NJH6Q, STM32U599VIT6Q, STM32U599VJT6, STM32U599VJT6Q, STM32U599ZIT6Q, STM32U599ZIY6QTR, STM32U599ZJT6Q, STM32U599ZJY6QTR, STM32U5A5AJH6, STM32U5A5AJH6Q, STM32U5A5QJI6, STM32U5A5QJI6Q, STM32U5A5RJT6, STM32U5A5RJT6Q, STM32U5A5VJT6, STM32U5A5VJT6Q, STM32U5A5ZJT6, STM32U5A5ZJT6Q, STM32U5A5ZJY6QTR, STM32U5A9BJY6QTR, STM32U5A9J-DK, STM32U5A9NJH6Q, STM32U5A9VJT6Q, STM32U5A9ZJT6Q, STM32U5A9ZJY6QTR, STM32WB1MMCH6, STM32WBA52CEU6, STM32WBA52CEU6T, STM32WBA52CGU6, STM32WBA52CGU6T, STM32WL5MOCH6, STM32WL5MOCH6TR]
2024-01-15 15:12:17,561 [INFO] DbMcus:216 - Found 3861 MCUs, 3861 are supported
2024-01-15 15:12:17,561 [INFO] ApiDb:423 - Load user favorites file C:\Users\KDS-LTP-0415/.stm32cubeide/favorites.mcus.txt: 0 item(s)
2024-01-15 15:12:17,561 [INFO] ApiDb:427 - User favorites MCUs=[]
2024-01-15 15:12:17,561 [INFO] DbMcus:222 - Set 0 / 0 favorites MCUs
2024-01-15 15:12:17,890 [WARN] ThirdParty:833 - waiting for thirdparty lock release [change project]
2024-01-15 15:12:17,890 [INFO] ThirdParty:835 - entering critical section [change project]
2024-01-15 15:12:17,890 [INFO] ThirdParty:1030 - CMSIS Pack Vendor :STMicroelectronics X-CUBE-GNSS1 6.0.0
2024-01-15 15:12:17,890 [INFO] ThirdParty:1030 - CMSIS Pack Vendor :STMicroelectronics USB_HOST 2.0.0
2024-01-15 15:12:17,890 [INFO] ThirdParty:1030 - CMSIS Pack Vendor :STMicroelectronics X-CUBE-AZRTOS-F4 1.1.0
2024-01-15 15:12:17,890 [INFO] ThirdParty:1030 - CMSIS Pack Vendor :STMicroelectronics LIBJPEG 8.0.0
2024-01-15 15:12:17,890 [INFO] ThirdParty:1030 - CMSIS Pack Vendor :wolfSSL I-CUBE-wolfSSL 5.6.3
2024-01-15 15:12:17,890 [INFO] ThirdParty:1030 - CMSIS Pack Vendor :STMicroelectronics X-CUBE-SMBUS 2.1.0
2024-01-15 15:12:17,890 [INFO] ThirdParty:1030 - CMSIS Pack Vendor :wolfSSL I-CUBE-wolfSSL 5.6.0
2024-01-15 15:12:17,890 [INFO] ThirdParty:1030 - CMSIS Pack Vendor :wolfSSL I-CUBE-wolfSSL 5.6.6
2024-01-15 15:12:17,890 [INFO] ThirdParty:1030 - CMSIS Pack Vendor :STMicroelectronics X-CUBE-TOUCHGFX 4.23.0
2024-01-15 15:12:17,890 [INFO] ThirdParty:1030 - CMSIS Pack Vendor :STMicroelectronics X-CUBE-BLEMGR 1.2.0
2024-01-15 15:12:17,890 [INFO] ThirdParty:1030 - CMSIS Pack Vendor :STMicroelectronics X-CUBE-AZRTOS-F7 1.1.0
2024-01-15 15:12:17,890 [INFO] ThirdParty:1030 - CMSIS Pack Vendor :STMicroelectronics X-CUBE-AZRTOS-L5 2.0.0
2024-01-15 15:12:17,890 [INFO] ThirdParty:1030 - CMSIS Pack Vendor :STMicroelectronics USB_DEVICE 2.0.0
2024-01-15 15:12:17,890 [INFO] ThirdParty:1030 - CMSIS Pack Vendor :STMicroelectronics X-CUBE-MEMS1 9.6.0
2024-01-15 15:12:17,890 [INFO] ThirdParty:1030 - CMSIS Pack Vendor :STMicroelectronics X-CUBE-EEPRMA1 4.2.0
2024-01-15 15:12:17,890 [INFO] ThirdParty:1030 - CMSIS Pack Vendor :ITTIA_DB I-CUBE-ITTIADB 8.8.0
2024-01-15 15:12:17,890 [INFO] ThirdParty:1030 - CMSIS Pack Vendor :STMicroelectronics FP-SNS-MOTENV1 4.3.0
2024-01-15 15:12:17,890 [INFO] ThirdParty:1030 - CMSIS Pack Vendor :STMicroelectronics FP-SNS-MOTENV1 4.3.2
2024-01-15 15:12:17,890 [INFO] ThirdParty:1030 - CMSIS Pack Vendor :STMicroelectronics FP-SNS-FLIGHT1 5.0.0
2024-01-15 15:12:17,890 [INFO] ThirdParty:1030 - CMSIS Pack Vendor :STMicroelectronics FP-SNS-MOTENV1 4.3.1
2024-01-15 15:12:17,890 [INFO] ThirdParty:1030 - CMSIS Pack Vendor :STMicroelectronics FP-SNS-FLIGHT1 5.0.1
2024-01-15 15:12:17,890 [INFO] ThirdParty:1030 - CMSIS Pack Vendor :STMicroelectronics X-CUBE-BLE1 6.2.3
2024-01-15 15:12:17,890 [INFO] ThirdParty:1030 - CMSIS Pack Vendor :STMicroelectronics X-CUBE-BLE1 6.2.4
2024-01-15 15:12:17,890 [INFO] ThirdParty:1030 - CMSIS Pack Vendor :STMicroelectronics FreeRTOS 0.0.1
2024-01-15 15:12:17,890 [INFO] ThirdParty:1030 - CMSIS Pack Vendor :emotas I-CUBE-CANOPEN 1.1.3
2024-01-15 15:12:17,890 [INFO] ThirdParty:1030 - CMSIS Pack Vendor :STMicroelectronics X-CUBE-BLEMGR 2.0.0
2024-01-15 15:12:17,890 [INFO] ThirdParty:1030 - CMSIS Pack Vendor :STMicroelectronics FP-SNS-FLIGHT1 5.0.2
2024-01-15 15:12:17,890 [INFO] ThirdParty:1030 - CMSIS Pack Vendor :STMicroelectronics X-CUBE-NFC4 2.0.5
2024-01-15 15:12:17,890 [INFO] ThirdParty:1030 - CMSIS Pack Vendor :STMicroelectronics X-CUBE-NFC4 2.0.4
2024-01-15 15:12:17,890 [INFO] ThirdParty:1030 - CMSIS Pack Vendor :STMicroelectronics X-CUBE-AZRTOS-H7 3.1.0
2024-01-15 15:12:17,890 [INFO] ThirdParty:1030 - CMSIS Pack Vendor :STMicroelectronics PDM2PCM 3.3.0
2024-01-15 15:12:17,890 [INFO] ThirdParty:1030 - CMSIS Pack Vendor :STMicroelectronics X-CUBE-TOF1 3.1.0
2024-01-15 15:12:17,890 [INFO] ThirdParty:1030 - CMSIS Pack Vendor :STMicroelectronics X-CUBE-DISPLAY 3.0.0
2024-01-15 15:12:17,890 [INFO] ThirdParty:1030 - CMSIS Pack Vendor :STMicroelectronics X-CUBE-BLE1 7.0.0
2024-01-15 15:12:17,890 [INFO] ThirdParty:1030 - CMSIS Pack Vendor :STMicroelectronics HAL Drivers 0.0.0
2024-01-15 15:12:17,890 [INFO] ThirdParty:1030 - CMSIS Pack Vendor :emotas I-CUBE-CANOPEN 1.3.0
2024-01-15 15:12:17,890 [INFO] ThirdParty:1030 - CMSIS Pack Vendor :STMicroelectronics X-CUBE-TOUCHGFX 4.22.0
2024-01-15 15:12:17,890 [INFO] ThirdParty:1030 - CMSIS Pack Vendor :STMicroelectronics X-CUBE-NFC7 1.0.1
2024-01-15 15:12:17,890 [INFO] ThirdParty:1030 - CMSIS Pack Vendor :STMicroelectronics MBEDTLS 2.14.1
2024-01-15 15:12:17,890 [INFO] ThirdParty:1030 - CMSIS Pack Vendor :STMicroelectronics X-CUBE-NFC7 1.0.0
2024-01-15 15:12:17,890 [INFO] ThirdParty:1030 - CMSIS Pack Vendor :STMicroelectronics X-CUBE-TOUCHGFX 4.22.1
2024-01-15 15:12:17,890 [INFO] ThirdParty:1030 - CMSIS Pack Vendor :STMicroelectronics X-CUBE-NFC6 3.0.0
2024-01-15 15:12:17,890 [INFO] ThirdParty:1030 - CMSIS Pack Vendor :STMicroelectronics X-CUBE-MEMS1 9.3.0
2024-01-15 15:12:17,890 [INFO] ThirdParty:1030 - CMSIS Pack Vendor :STMicroelectronics X-CUBE-EEPRMA1 4.1.0
2024-01-15 15:12:17,890 [INFO] ThirdParty:1030 - CMSIS Pack Vendor :STMicroelectronics X-CUBE-AI 7.2.0
2024-01-15 15:12:17,890 [INFO] ThirdParty:1030 - CMSIS Pack Vendor :STMicroelectronics FP-SNS-SMARTAG2 1.2.0
2024-01-15 15:12:17,890 [INFO] ThirdParty:1030 - CMSIS Pack Vendor :STMicroelectronics X-CUBE-AZRTOS-WL 2.0.0
2024-01-15 15:12:17,890 [INFO] ThirdParty:1030 - CMSIS Pack Vendor :STMicroelectronics USB_DEVICE 1.0.0
2024-01-15 15:12:17,890 [INFO] ThirdParty:1030 - CMSIS Pack Vendor :STMicroelectronics X-CUBE-AI 8.1.0
2024-01-15 15:12:17,890 [INFO] ThirdParty:1030 - CMSIS Pack Vendor :STMicroelectronics X-CUBE-AZRTOS-L4 2.0.0
2024-01-15 15:12:17,890 [INFO] ThirdParty:1030 - CMSIS Pack Vendor :STMicroelectronics ThreadX 0.0.2
2024-01-15 15:12:17,890 [INFO] ThirdParty:1030 - CMSIS Pack Vendor :WES I-CUBE-Cesium 1.3.0
2024-01-15 15:12:17,890 [INFO] ThirdParty:1030 - CMSIS Pack Vendor :STMicroelectronics lwIP 2.1.2
2024-01-15 15:12:17,890 [INFO] ThirdParty:1030 - CMSIS Pack Vendor :STMicroelectronics X-CUBE-SFXS2LP1 4.0.0
2024-01-15 15:12:17,890 [INFO] ThirdParty:1030 - CMSIS Pack Vendor :STMicroelectronics X-CUBE-BLE2 3.3.0
2024-01-15 15:12:17,890 [INFO] ThirdParty:1030 - CMSIS Pack Vendor :STMicroelectronics X-CUBE-DISPLAY 2.2.0
2024-01-15 15:12:17,890 [INFO] ThirdParty:1030 - CMSIS Pack Vendor :STMicroelectronics X-CUBE-TOF1 3.2.0
2024-01-15 15:12:17,890 [INFO] ThirdParty:1030 - CMSIS Pack Vendor :STMicroelectronics PDM2PCM 3.2.0
2024-01-15 15:12:17,890 [INFO] ThirdParty:1030 - CMSIS Pack Vendor :STMicroelectronics X-CUBE-AZRTOS-H7 3.0.0
2024-01-15 15:12:17,890 [INFO] ThirdParty:1030 - CMSIS Pack Vendor :STMicroelectronics X-CUBE-ISPU 1.0.0
2024-01-15 15:12:17,890 [INFO] ThirdParty:1030 - CMSIS Pack Vendor :STMicroelectronics X-CUBE-ISPU 1.1.0
2024-01-15 15:12:17,890 [INFO] ThirdParty:1030 - CMSIS Pack Vendor :RoweBots I-CUBE-UNISONRTOS 5.5.0-4
2024-01-15 15:12:17,890 [INFO] ThirdParty:1030 - CMSIS Pack Vendor :STMicroelectronics X-CUBE-AZRTOS-H7 2.1.0
2024-01-15 15:12:17,890 [INFO] ThirdParty:1030 - CMSIS Pack Vendor :wolfSSL I-CUBE-wolfSSL 5.4.0
2024-01-15 15:12:17,890 [INFO] ThirdParty:1030 - CMSIS Pack Vendor :STMicroelectronics USB_DEVICE 3.0.0
2024-01-15 15:12:17,890 [INFO] ThirdParty:1030 - CMSIS Pack Vendor :STMicroelectronics X-CUBE-AI 8.0.0
2024-01-15 15:12:17,890 [INFO] ThirdParty:1030 - CMSIS Pack Vendor :STMicroelectronics X-CUBE-AZRTOS-WB 2.0.0
2024-01-15 15:12:17,890 [INFO] ThirdParty:1030 - CMSIS Pack Vendor :STMicroelectronics X-CUBE-FREERTOS 1.0.0
2024-01-15 15:12:17,890 [INFO] ThirdParty:1030 - CMSIS Pack Vendor :STMicroelectronics X-CUBE-FREERTOS 1.0.1
2024-01-15 15:12:17,890 [INFO] ThirdParty:1030 - CMSIS Pack Vendor :STMicroelectronics X-CUBE-TOUCHGFX 4.21.1
2024-01-15 15:12:17,890 [INFO] ThirdParty:1030 - CMSIS Pack Vendor :STMicroelectronics X-CUBE-TOUCHGFX 4.21.3
2024-01-15 15:12:17,890 [INFO] ThirdParty:1030 - CMSIS Pack Vendor :STMicroelectronics X-CUBE-BLEMGR 1.0.0
2024-01-15 15:12:17,890 [INFO] ThirdParty:1030 - CMSIS Pack Vendor :STMicroelectronics X-CUBE-TOUCHGFX 4.21.4
2024-01-15 15:12:17,890 [INFO] ThirdParty:1030 - CMSIS Pack Vendor :STMicroelectronics X-CUBE-MEMS1 9.4.0
2024-01-15 15:12:17,890 [INFO] ThirdParty:1030 - CMSIS Pack Vendor :STMicroelectronics X-CUBE-AI 7.3.0
2024-01-15 15:12:17,953 [INFO] ThirdParty:1030 - CMSIS Pack Vendor :EdgeImpulse osugiw-project-1 1.0.1
2024-01-15 15:12:17,953 [INFO] ThirdParty:1030 - CMSIS Pack Vendor :STMicroelectronics X-CUBE-ALGOBUILD 1.3.0
2024-01-15 15:12:17,953 [INFO] ThirdParty:1030 - CMSIS Pack Vendor :STMicroelectronics X-CUBE-AZRTOS-L5 1.1.0
2024-01-15 15:12:17,953 [INFO] ThirdParty:1030 - CMSIS Pack Vendor :STMicroelectronics X-CUBE-AZRTOS-G0 1.1.0
2024-01-15 15:12:17,953 [INFO] ThirdParty:1030 - CMSIS Pack Vendor :STMicroelectronics X-CUBE-AI 8.0.1
2024-01-15 15:12:17,953 [INFO] ThirdParty:1030 - CMSIS Pack Vendor :STMicroelectronics X-CUBE-NFC4 3.0.0
2024-01-15 15:12:17,953 [INFO] ThirdParty:1030 - CMSIS Pack Vendor :SEGGER I-CUBE-embOS 1.2.0
2024-01-15 15:12:17,953 [INFO] ThirdParty:1030 - CMSIS Pack Vendor :STMicroelectronics X-CUBE-SUBG2 5.0.0
2024-01-15 15:12:17,953 [INFO] ThirdParty:1030 - CMSIS Pack Vendor :STMicroelectronics STM32_WPAN 1.0.0
2024-01-15 15:12:17,953 [INFO] ThirdParty:1030 - CMSIS Pack Vendor :STMicroelectronics lwIP 2.0.3
2024-01-15 15:12:17,953 [INFO] ThirdParty:1030 - CMSIS Pack Vendor :STMicroelectronics USB_HOST 1.0.0
2024-01-15 15:12:17,953 [INFO] ThirdParty:1030 - CMSIS Pack Vendor :STMicroelectronics X-CUBE-TOF1 3.3.1
2024-01-15 15:12:17,953 [INFO] ThirdParty:1030 - CMSIS Pack Vendor :STMicroelectronics X-CUBE-AZRTOS-G4 2.0.0
2024-01-15 15:12:17,953 [INFO] ThirdParty:1030 - CMSIS Pack Vendor :STMicroelectronics PDM2PCM 3.1.0
2024-01-15 15:12:17,953 [INFO] ThirdParty:1030 - CMSIS Pack Vendor :STMicroelectronics X-CUBE-TOF1 3.3.0
2024-01-15 15:12:17,953 [INFO] ThirdParty:1030 - CMSIS Pack Vendor :STMicroelectronics FP-ATR-ASTRA1 1.1.1
2024-01-15 15:12:17,953 [INFO] ThirdParty:1030 - CMSIS Pack Vendor :Infineon AIROC-Wi-Fi-Bluetooth-STM32 1.5.1
2024-01-15 15:12:17,953 [INFO] ThirdParty:1030 - CMSIS Pack Vendor :STMicroelectronics X-CUBE-BLEMGR 3.0.0
2024-01-15 15:12:17,953 [INFO] ThirdParty:1030 - CMSIS Pack Vendor :STMicroelectronics FP-ATR-ASTRA1 1.1.0
2024-01-15 15:12:17,953 [INFO] ThirdParty:1030 - CMSIS Pack Vendor :STMicroelectronics X-CUBE-BLEMGR 1.3.0
2024-01-15 15:12:17,953 [INFO] ThirdParty:1030 - CMSIS Pack Vendor :STMicroelectronics FP-SNS-MOTENVWB1 1.3.0
2024-01-15 15:12:17,953 [INFO] ThirdParty:1030 - CMSIS Pack Vendor :STMicroelectronics FP-SNS-MOTENVWB1 1.3.1
2024-01-15 15:12:17,953 [INFO] ThirdParty:1030 - CMSIS Pack Vendor :STMicroelectronics FP-ATR-SIGFOX1 3.2.0
2024-01-15 15:12:17,953 [INFO] ThirdParty:1030 - CMSIS Pack Vendor :STMicroelectronics X-CUBE-AZRTOS-G4 1.0.0
2024-01-15 15:12:17,953 [INFO] ThirdParty:1030 - CMSIS Pack Vendor :STMicroelectronics X-CUBE-AZRTOS-L4 1.0.0
2024-01-15 15:12:17,953 [INFO] ThirdParty:1030 - CMSIS Pack Vendor :STMicroelectronics X-CUBE-ISPU 2.0.0
2024-01-15 15:12:17,953 [INFO] ThirdParty:1030 - CMSIS Pack Vendor :STMicroelectronics MBEDTLS 2.16.2
2024-01-15 15:12:17,953 [INFO] ThirdParty:1030 - CMSIS Pack Vendor :emotas I-CUBE-CANOPEN 1.1.2
2024-01-15 15:12:17,953 [INFO] ThirdParty:1030 - CMSIS Pack Vendor :STMicroelectronics X-CUBE-TOUCHGFX 4.20.0
2024-01-15 15:12:17,953 [INFO] ThirdParty:1030 - CMSIS Pack Vendor :STMicroelectronics X-CUBE-MEMS1 10.0.0
2024-01-15 15:12:17,953 [INFO] ThirdParty:1030 - CMSIS Pack Vendor :STMicroelectronics X-CUBE-FREERTOS 1.1.0
2024-01-15 15:12:17,953 [INFO] ThirdParty:1030 - CMSIS Pack Vendor :STMicroelectronics X-CUBE-AZRTOS-WL 1.0.0
2024-01-15 15:12:17,953 [INFO] ThirdParty:1030 - CMSIS Pack Vendor :portGmbH I-Cube-SoM-uGOAL 1.1.0
2024-01-15 15:12:17,953 [INFO] ThirdParty:1030 - CMSIS Pack Vendor :STMicroelectronics X-CUBE-ALS 1.0.1
2024-01-15 15:12:17,953 [INFO] ThirdParty:1030 - CMSIS Pack Vendor :STMicroelectronics X-CUBE-MEMS1 9.5.0
2024-01-15 15:12:17,953 [INFO] ThirdParty:1030 - CMSIS Pack Vendor :STMicroelectronics ThreadX 1.0.0
2024-01-15 15:12:17,953 [INFO] ThirdParty:1030 - CMSIS Pack Vendor :STMicroelectronics X-CUBE-AZRTOS-WB 1.1.0
2024-01-15 15:12:17,953 [INFO] ThirdParty:1030 - CMSIS Pack Vendor :SEGGER I-CUBE-embOS 1.3.1
2024-01-15 15:12:17,953 [INFO] ThirdParty:1030 - CMSIS Pack Vendor :STMicroelectronics X-CUBE-AZRTOS-L5 1.0.0
2024-01-15 15:12:17,953 [INFO] ThirdParty:1030 - CMSIS Pack Vendor :STMicroelectronics X-CUBE-EEPRMA1 3.1.1
2024-01-15 15:12:17,969 [INFO] ThirdParty:1030 - CMSIS Pack Vendor :STMicroelectronics FP-ATR-ASTRA1 2.0.0
2024-01-15 15:12:17,969 [INFO] ThirdParty:1030 - CMSIS Pack Vendor :STMicroelectronics X-CUBE-TOF1 3.4.0
2024-01-15 15:12:17,969 [INFO] ThirdParty:1030 - CMSIS Pack Vendor :STMicroelectronics X-CUBE-AZRTOS-H7 3.2.0
2024-01-15 15:12:17,969 [INFO] ThirdParty:841 - exiting critical section [change project]
2024-01-15 15:12:18,314 [INFO] PinOutPanel:1499 - setPackage(No Configuration,No Configuration)
2024-01-15 15:12:18,314 [INFO] PinOutPanel:1499 - setPackage(STM32WB15CCUx,UFQFPN48)
2024-01-15 15:12:19,084 [INFO] UtilMem:75 - Before build in PCC Used Memory: 801925608 Bytes (991952896)
2024-01-15 15:12:20,183 [INFO] UtilMem:75 - After build in PCC Used Memory: 826135416 Bytes (991952896)
2024-01-15 15:12:20,606 [INFO] ApiDbMcu:507 - Load IP Config File for STM32_WPAN
2024-01-15 15:12:20,622 [INFO] IPUIPlugin:80 - create IPUIPlugin
2024-01-15 15:12:20,622 [INFO] IPUIPlugin:80 - create IPUIPlugin
2024-01-15 15:12:20,622 [INFO] IPUIPlugin:80 - create IPUIPlugin
2024-01-15 15:12:20,622 [INFO] IPUIPlugin:80 - create IPUIPlugin
2024-01-15 15:12:20,622 [INFO] IPUIPlugin:80 - create IPUIPlugin
2024-01-15 15:12:20,622 [INFO] IPUIPlugin:80 - create IPUIPlugin
2024-01-15 15:12:20,622 [INFO] IPUIPlugin:80 - create IPUIPlugin
2024-01-15 15:12:20,622 [INFO] IPUIPlugin:80 - create IPUIPlugin
2024-01-15 15:12:20,622 [INFO] IPUIPlugin:80 - create IPUIPlugin
2024-01-15 15:12:20,622 [INFO] IPUIPlugin:80 - create IPUIPlugin
2024-01-15 15:12:20,622 [INFO] IPUIPlugin:80 - create IPUIPlugin
2024-01-15 15:12:20,622 [INFO] IPUIPlugin:80 - create IPUIPlugin
2024-01-15 15:12:20,622 [INFO] IPUIPlugin:80 - create IPUIPlugin
2024-01-15 15:12:20,622 [INFO] IPUIPlugin:80 - create IPUIPlugin
2024-01-15 15:12:20,637 [INFO] IPUIPlugin:80 - create IPUIPlugin
2024-01-15 15:12:20,637 [INFO] IPUIPlugin:80 - create IPUIPlugin
2024-01-15 15:12:20,637 [INFO] IPUIPlugin:80 - create IPUIPlugin
2024-01-15 15:12:20,637 [INFO] IPUIPlugin:80 - create IPUIPlugin
2024-01-15 15:12:20,637 [INFO] IPUIPlugin:80 - create IPUIPlugin
2024-01-15 15:12:20,637 [INFO] IPUIPlugin:80 - create IPUIPlugin
2024-01-15 15:12:20,637 [INFO] IPUIPlugin:80 - create IPUIPlugin
2024-01-15 15:12:20,637 [INFO] IPUIPlugin:80 - create IPUIPlugin
2024-01-15 15:12:20,637 [INFO] IPUIPlugin:80 - create IPUIPlugin
2024-01-15 15:12:20,637 [INFO] IPUIPlugin:80 - create IPUIPlugin
2024-01-15 15:12:20,637 [INFO] IPUIPlugin:80 - create IPUIPlugin
2024-01-15 15:12:20,637 [INFO] IPUIPlugin:80 - create IPUIPlugin
2024-01-15 15:12:20,637 [INFO] IPUIPlugin:80 - create IPUIPlugin
2024-01-15 15:12:20,637 [INFO] IPUIPlugin:80 - create IPUIPlugin
2024-01-15 15:12:20,637 [INFO] IPUIPlugin:80 - create IPUIPlugin
2024-01-15 15:12:20,637 [INFO] IPUIPlugin:80 - create IPUIPlugin
2024-01-15 15:12:20,637 [INFO] IPUIPlugin:80 - create IPUIPlugin
2024-01-15 15:12:20,637 [INFO] IPUIPlugin:80 - create IPUIPlugin
2024-01-15 15:12:20,685 [WARN] IP:2113 - SERVICE1_UUID not found: check if there is a RefParameter without a condition.
2024-01-15 15:12:20,685 [WARN] IP:2113 - SERVICE2_UUID not found: check if there is a RefParameter without a condition.
2024-01-15 15:12:20,685 [WARN] IP:2113 - SERVICE3_UUID not found: check if there is a RefParameter without a condition.
2024-01-15 15:12:20,685 [WARN] IP:2113 - SERVICE4_UUID not found: check if there is a RefParameter without a condition.
2024-01-15 15:12:20,685 [WARN] IP:2113 - SERVICE5_UUID not found: check if there is a RefParameter without a condition.
2024-01-15 15:12:21,045 [INFO] CADModel:165 - CPN selected for project levelSTM32WB15CCU6
2024-01-15 15:12:21,045 [INFO] CADModel:114 - Register for checkConnection events
2024-01-15 15:12:21,139 [INFO] OpenFileManager:328 - Restore cursor
2024-01-15 15:12:21,422 [WARN] IP:2113 - SERVICE1_UUID not found: check if there is a RefParameter without a condition.
2024-01-15 15:12:21,438 [WARN] IP:2113 - SERVICE2_UUID not found: check if there is a RefParameter without a condition.
2024-01-15 15:12:21,438 [WARN] IP:2113 - SERVICE3_UUID not found: check if there is a RefParameter without a condition.
2024-01-15 15:12:21,438 [WARN] IP:2113 - SERVICE4_UUID not found: check if there is a RefParameter without a condition.
2024-01-15 15:12:21,453 [WARN] IP:2113 - SERVICE5_UUID not found: check if there is a RefParameter without a condition.
2024-01-15 15:12:21,585 [WARN] IP:2113 - SERVICE1_UUID not found: check if there is a RefParameter without a condition.
2024-01-15 15:12:21,585 [WARN] IP:2113 - SERVICE2_UUID not found: check if there is a RefParameter without a condition.
2024-01-15 15:12:21,585 [WARN] IP:2113 - SERVICE3_UUID not found: check if there is a RefParameter without a condition.
2024-01-15 15:12:21,594 [WARN] IP:2113 - SERVICE4_UUID not found: check if there is a RefParameter without a condition.
2024-01-15 15:12:21,594 [WARN] IP:2113 - SERVICE5_UUID not found: check if there is a RefParameter without a condition.
2024-01-15 15:12:21,735 [WARN] IpParametersView:150 - Warning: This peripheral hasn't parameters
2024-01-15 15:12:28,689 [WARN] IP:2113 - SERVICE1_UUID not found: check if there is a RefParameter without a condition.
2024-01-15 15:12:28,689 [WARN] IP:2113 - SERVICE2_UUID not found: check if there is a RefParameter without a condition.
2024-01-15 15:12:28,689 [WARN] IP:2113 - SERVICE3_UUID not found: check if there is a RefParameter without a condition.
2024-01-15 15:12:28,699 [WARN] IP:2113 - SERVICE4_UUID not found: check if there is a RefParameter without a condition.
2024-01-15 15:12:28,699 [WARN] IP:2113 - SERVICE5_UUID not found: check if there is a RefParameter without a condition.
2024-01-15 15:12:28,783 [WARN] IpParametersView:150 - Warning: This peripheral hasn't parameters
2024-01-15 15:13:42,516 [WARN] IP:2113 - SERVICE1_UUID not found: check if there is a RefParameter without a condition.
2024-01-15 15:13:42,516 [WARN] IP:2113 - SERVICE2_UUID not found: check if there is a RefParameter without a condition.
2024-01-15 15:13:42,520 [WARN] IP:2113 - SERVICE3_UUID not found: check if there is a RefParameter without a condition.
2024-01-15 15:13:42,521 [WARN] IP:2113 - SERVICE4_UUID not found: check if there is a RefParameter without a condition.
2024-01-15 15:13:42,526 [WARN] IP:2113 - SERVICE5_UUID not found: check if there is a RefParameter without a condition.
2024-01-15 15:14:24,458 [WARN] IP:2113 - SERVICE1_UUID not found: check if there is a RefParameter without a condition.
2024-01-15 15:14:24,458 [WARN] IP:2113 - SERVICE2_UUID not found: check if there is a RefParameter without a condition.
2024-01-15 15:14:24,458 [WARN] IP:2113 - SERVICE3_UUID not found: check if there is a RefParameter without a condition.
2024-01-15 15:14:24,466 [WARN] IP:2113 - SERVICE4_UUID not found: check if there is a RefParameter without a condition.
2024-01-15 15:14:24,467 [WARN] IP:2113 - SERVICE5_UUID not found: check if there is a RefParameter without a condition.
2024-01-15 15:14:24,538 [WARN] IP:2113 - SERVICE1_UUID not found: check if there is a RefParameter without a condition.
2024-01-15 15:14:24,538 [WARN] IP:2113 - SERVICE2_UUID not found: check if there is a RefParameter without a condition.
2024-01-15 15:14:24,545 [WARN] IP:2113 - SERVICE3_UUID not found: check if there is a RefParameter without a condition.
2024-01-15 15:14:24,547 [WARN] IP:2113 - SERVICE4_UUID not found: check if there is a RefParameter without a condition.
2024-01-15 15:14:24,547 [WARN] IP:2113 - SERVICE5_UUID not found: check if there is a RefParameter without a condition.
2024-01-15 15:14:24,657 [WARN] IP:2113 - SERVICE1_UUID not found: check if there is a RefParameter without a condition.
2024-01-15 15:14:24,666 [WARN] IP:2113 - SERVICE2_UUID not found: check if there is a RefParameter without a condition.
2024-01-15 15:14:24,666 [WARN] IP:2113 - SERVICE3_UUID not found: check if there is a RefParameter without a condition.
2024-01-15 15:14:24,666 [WARN] IP:2113 - SERVICE4_UUID not found: check if there is a RefParameter without a condition.
2024-01-15 15:14:24,666 [WARN] IP:2113 - SERVICE5_UUID not found: check if there is a RefParameter without a condition.
2024-01-15 15:14:31,645 [WARN] IP:2113 - SERVICE1_UUID not found: check if there is a RefParameter without a condition.
2024-01-15 15:14:31,645 [WARN] IP:2113 - SERVICE2_UUID not found: check if there is a RefParameter without a condition.
2024-01-15 15:14:31,645 [WARN] IP:2113 - SERVICE3_UUID not found: check if there is a RefParameter without a condition.
2024-01-15 15:14:31,645 [WARN] IP:2113 - SERVICE4_UUID not found: check if there is a RefParameter without a condition.
2024-01-15 15:14:31,657 [WARN] IP:2113 - SERVICE5_UUID not found: check if there is a RefParameter without a condition.
2024-01-15 15:14:31,709 [WARN] IP:2113 - SERVICE1_UUID not found: check if there is a RefParameter without a condition.
2024-01-15 15:14:31,709 [WARN] IP:2113 - SERVICE2_UUID not found: check if there is a RefParameter without a condition.
2024-01-15 15:14:31,709 [WARN] IP:2113 - SERVICE3_UUID not found: check if there is a RefParameter without a condition.
2024-01-15 15:14:31,716 [WARN] IP:2113 - SERVICE4_UUID not found: check if there is a RefParameter without a condition.
2024-01-15 15:14:31,717 [WARN] IP:2113 - SERVICE5_UUID not found: check if there is a RefParameter without a condition.
2024-01-15 15:14:31,807 [WARN] IP:2113 - SERVICE1_UUID not found: check if there is a RefParameter without a condition.
2024-01-15 15:14:31,807 [WARN] IP:2113 - SERVICE2_UUID not found: check if there is a RefParameter without a condition.
2024-01-15 15:14:31,807 [WARN] IP:2113 - SERVICE3_UUID not found: check if there is a RefParameter without a condition.
2024-01-15 15:14:31,807 [WARN] IP:2113 - SERVICE4_UUID not found: check if there is a RefParameter without a condition.
2024-01-15 15:14:31,816 [WARN] IP:2113 - SERVICE5_UUID not found: check if there is a RefParameter without a condition.
2024-01-15 15:14:46,341 [WARN] IP:2113 - SERVICE1_UUID not found: check if there is a RefParameter without a condition.
2024-01-15 15:14:46,345 [WARN] IP:2113 - SERVICE2_UUID not found: check if there is a RefParameter without a condition.
2024-01-15 15:14:46,345 [WARN] IP:2113 - SERVICE3_UUID not found: check if there is a RefParameter without a condition.
2024-01-15 15:14:46,345 [WARN] IP:2113 - SERVICE4_UUID not found: check if there is a RefParameter without a condition.
2024-01-15 15:14:46,350 [WARN] IP:2113 - SERVICE5_UUID not found: check if there is a RefParameter without a condition.
2024-01-15 15:14:46,406 [WARN] IP:2113 - SERVICE1_UUID not found: check if there is a RefParameter without a condition.
2024-01-15 15:14:46,406 [WARN] IP:2113 - SERVICE2_UUID not found: check if there is a RefParameter without a condition.
2024-01-15 15:14:46,410 [WARN] IP:2113 - SERVICE3_UUID not found: check if there is a RefParameter without a condition.
2024-01-15 15:14:46,410 [WARN] IP:2113 - SERVICE4_UUID not found: check if there is a RefParameter without a condition.
2024-01-15 15:14:46,410 [WARN] IP:2113 - SERVICE5_UUID not found: check if there is a RefParameter without a condition.
2024-01-15 15:14:46,499 [WARN] IP:2113 - SERVICE1_UUID not found: check if there is a RefParameter without a condition.
2024-01-15 15:14:46,507 [WARN] IP:2113 - SERVICE2_UUID not found: check if there is a RefParameter without a condition.
2024-01-15 15:14:46,507 [WARN] IP:2113 - SERVICE3_UUID not found: check if there is a RefParameter without a condition.
2024-01-15 15:14:46,507 [WARN] IP:2113 - SERVICE4_UUID not found: check if there is a RefParameter without a condition.
2024-01-15 15:14:46,515 [WARN] IP:2113 - SERVICE5_UUID not found: check if there is a RefParameter without a condition.
2024-01-15 15:14:56,345 [WARN] IP:2113 - SERVICE1_UUID not found: check if there is a RefParameter without a condition.
2024-01-15 15:14:56,345 [WARN] IP:2113 - SERVICE2_UUID not found: check if there is a RefParameter without a condition.
2024-01-15 15:14:56,357 [WARN] IP:2113 - SERVICE3_UUID not found: check if there is a RefParameter without a condition.
2024-01-15 15:14:56,360 [WARN] IP:2113 - SERVICE4_UUID not found: check if there is a RefParameter without a condition.
2024-01-15 15:14:56,365 [WARN] IP:2113 - SERVICE5_UUID not found: check if there is a RefParameter without a condition.
2024-01-15 15:14:56,827 [WARN] IP:2113 - SERVICE1_UUID not found: check if there is a RefParameter without a condition.
2024-01-15 15:14:56,827 [WARN] IP:2113 - SERVICE2_UUID not found: check if there is a RefParameter without a condition.
2024-01-15 15:14:56,833 [WARN] IP:2113 - SERVICE3_UUID not found: check if there is a RefParameter without a condition.
2024-01-15 15:14:56,836 [WARN] IP:2113 - SERVICE4_UUID not found: check if there is a RefParameter without a condition.
2024-01-15 15:14:56,840 [WARN] IP:2113 - SERVICE5_UUID not found: check if there is a RefParameter without a condition.
2024-01-15 15:15:08,496 [INFO] UtilMem:75 - End SaveConfig() Used Memory: 685765768 Bytes (991952896)
2024-01-15 15:15:08,607 [INFO] UtilMem:75 - End SaveConfig() Used Memory: 700939496 Bytes (991952896)
2024-01-15 15:15:09,580 [INFO] UtilMem:75 - End SaveConfig() Used Memory: 809753320 Bytes (991952896)
2024-01-15 15:15:10,397 [INFO] BlockDiagram:2759 - set Specific Code input for plugin: RTC
2024-01-15 15:15:10,397 [INFO] BlockDiagram:2759 - set Specific Code input for plugin: NVIC
2024-01-15 15:15:10,397 [INFO] BlockDiagram:2759 - set Specific Code input for plugin: SEQUENCER
2024-01-15 15:15:10,397 [INFO] BlockDiagram:2759 - set Specific Code input for plugin: STM32_WPAN
2024-01-15 15:15:10,397 [INFO] BlockDiagram:2759 - set Specific Code input for plugin: RNG
2024-01-15 15:15:10,397 [INFO] BlockDiagram:2759 - set Specific Code input for plugin: USART
2024-01-15 15:15:10,397 [INFO] BlockDiagram:2759 - set Specific Code input for plugin: HSEM
2024-01-15 15:15:10,397 [INFO] BlockDiagram:2759 - set Specific Code input for plugin: DMA
2024-01-15 15:15:10,397 [INFO] BlockDiagram:2759 - set Specific Code input for plugin: IPCC
2024-01-15 15:15:10,397 [INFO] BlockDiagram:2759 - set Specific Code input for plugin: SYS
2024-01-15 15:15:10,397 [INFO] BlockDiagram:2759 - set Specific Code input for plugin: GPIO
2024-01-15 15:15:10,397 [INFO] BlockDiagram:2759 - set Specific Code input for plugin: RCC
2024-01-15 15:15:10,397 [INFO] BlockDiagram:2759 - set Specific Code input for plugin: RF
2024-01-15 15:15:10,397 [INFO] BlockDiagram:2759 - set Specific Code input for plugin: TINY_LPM
2024-01-15 15:15:10,397 [INFO] CodeGenerator:793 - code generatio: config db path: C:\ST\STM32CubeIDE_1.12.0\STM32CubeIDE\plugins\com.st.stm32cube.common.mx_6.8.0.202302231600\\db\
2024-01-15 15:15:10,459 [WARN] IP:2113 - SERVICE1_UUID not found: check if there is a RefParameter without a condition.
2024-01-15 15:15:10,459 [WARN] IP:2113 - SERVICE2_UUID not found: check if there is a RefParameter without a condition.
2024-01-15 15:15:10,466 [WARN] IP:2113 - SERVICE3_UUID not found: check if there is a RefParameter without a condition.
2024-01-15 15:15:10,507 [WARN] IP:2113 - SERVICE4_UUID not found: check if there is a RefParameter without a condition.
2024-01-15 15:15:10,516 [WARN] IP:2113 - SERVICE5_UUID not found: check if there is a RefParameter without a condition.
2024-01-15 15:15:10,956 [INFO] CodeEngine:255 - oldGeneratedFile, D:\Project\Rice Cooker\BluetoothDebugger\riceCooker_debugger\MXTmpFiles\license.tmp_save
2024-01-15 15:15:11,455 [INFO] CodeEngine:279 - Generated code: D:\Project\Rice Cooker\BluetoothDebugger\riceCooker_debugger\MXTmpFiles\license.tmp
2024-01-15 15:15:11,584 [INFO] CodeEngine:255 - oldGeneratedFile, D:\Project\Rice Cooker\BluetoothDebugger\riceCooker_debugger\MXTmpFiles\gpio.tmp_save
2024-01-15 15:15:11,717 [INFO] CodeEngine:279 - Generated code: D:\Project\Rice Cooker\BluetoothDebugger\riceCooker_debugger\MXTmpFiles\gpio.tmp
2024-01-15 15:15:11,827 [WARN] IPConfigManager:99 - WARNING: Missing Config File for RF ip!!
2024-01-15 15:15:12,236 [INFO] Middleware:1439 - No code input for Bsp Dependency
2024-01-15 15:15:12,270 [INFO] CodeEngine:255 - oldGeneratedFile, D:\Project\Rice Cooker\BluetoothDebugger\riceCooker_debugger\MXTmpFiles\dma.tmp_save
2024-01-15 15:15:12,356 [INFO] CodeEngine:279 - Generated code: D:\Project\Rice Cooker\BluetoothDebugger\riceCooker_debugger\MXTmpFiles\dma.tmp
2024-01-15 15:15:12,365 [INFO] CodeEngine:255 - oldGeneratedFile, D:\Project\Rice Cooker\BluetoothDebugger\riceCooker_debugger\MXTmpFiles\dma_GV.tmp_save
2024-01-15 15:15:12,435 [INFO] CodeEngine:279 - Generated code: D:\Project\Rice Cooker\BluetoothDebugger\riceCooker_debugger\MXTmpFiles\dma_GV.tmp
2024-01-15 15:15:12,476 [INFO] Middleware:1439 - No code input for Bsp Dependency
2024-01-15 15:15:12,505 [INFO] CodeEngine:255 - oldGeneratedFile, D:\Project\Rice Cooker\BluetoothDebugger\riceCooker_debugger\Core\Inc\app_common.h_save
2024-01-15 15:15:12,586 [INFO] CodeEngine:279 - Generated code: D:\Project\Rice Cooker\BluetoothDebugger\riceCooker_debugger\Core\Inc\app_common.h
2024-01-15 15:15:12,606 [INFO] CodeEngine:255 - oldGeneratedFile, D:\Project\Rice Cooker\BluetoothDebugger\riceCooker_debugger\Core\Inc\app_debug.h_save
2024-01-15 15:15:12,677 [INFO] CodeEngine:279 - Generated code: D:\Project\Rice Cooker\BluetoothDebugger\riceCooker_debugger\Core\Inc\app_debug.h
2024-01-15 15:15:12,693 [INFO] CodeEngine:255 - oldGeneratedFile, D:\Project\Rice Cooker\BluetoothDebugger\riceCooker_debugger\Core\Inc\app_conf.h_save
2024-01-15 15:15:12,836 [INFO] CodeEngine:279 - Generated code: D:\Project\Rice Cooker\BluetoothDebugger\riceCooker_debugger\Core\Inc\app_conf.h
2024-01-15 15:15:12,847 [INFO] CodeEngine:255 - oldGeneratedFile, D:\Project\Rice Cooker\BluetoothDebugger\riceCooker_debugger\Core\Inc\app_entry.h_save
2024-01-15 15:15:12,916 [INFO] CodeEngine:279 - Generated code: D:\Project\Rice Cooker\BluetoothDebugger\riceCooker_debugger\Core\Inc\app_entry.h
2024-01-15 15:15:12,926 [INFO] CodeEngine:255 - oldGeneratedFile, D:\Project\Rice Cooker\BluetoothDebugger\riceCooker_debugger\Core\Inc\hw_conf.h_save
2024-01-15 15:15:13,006 [INFO] CodeEngine:279 - Generated code: D:\Project\Rice Cooker\BluetoothDebugger\riceCooker_debugger\Core\Inc\hw_conf.h
2024-01-15 15:15:13,017 [INFO] CodeEngine:255 - oldGeneratedFile, D:\Project\Rice Cooker\BluetoothDebugger\riceCooker_debugger\Core\Inc\hw_if.h_save
2024-01-15 15:15:13,076 [INFO] CodeEngine:279 - Generated code: D:\Project\Rice Cooker\BluetoothDebugger\riceCooker_debugger\Core\Inc\hw_if.h
2024-01-15 15:15:13,087 [INFO] CodeEngine:255 - oldGeneratedFile, D:\Project\Rice Cooker\BluetoothDebugger\riceCooker_debugger\Core\Inc\utilities_conf.h_save
2024-01-15 15:15:13,147 [INFO] CodeEngine:279 - Generated code: D:\Project\Rice Cooker\BluetoothDebugger\riceCooker_debugger\Core\Inc\utilities_conf.h
2024-01-15 15:15:13,156 [INFO] CodeEngine:255 - oldGeneratedFile, D:\Project\Rice Cooker\BluetoothDebugger\riceCooker_debugger\Core\Inc\stm32_lpm_if.h_save
2024-01-15 15:15:13,267 [INFO] CodeEngine:279 - Generated code: D:\Project\Rice Cooker\BluetoothDebugger\riceCooker_debugger\Core\Inc\stm32_lpm_if.h
2024-01-15 15:15:13,277 [INFO] CodeEngine:255 - oldGeneratedFile, D:\Project\Rice Cooker\BluetoothDebugger\riceCooker_debugger\Core\Src\app_entry.c_save
2024-01-15 15:15:13,378 [INFO] CodeEngine:279 - Generated code: D:\Project\Rice Cooker\BluetoothDebugger\riceCooker_debugger\Core\Src\app_entry.c
2024-01-15 15:15:13,387 [INFO] CodeEngine:255 - oldGeneratedFile, D:\Project\Rice Cooker\BluetoothDebugger\riceCooker_debugger\Core\Src\app_debug.c_save
2024-01-15 15:15:13,467 [INFO] CodeEngine:279 - Generated code: D:\Project\Rice Cooker\BluetoothDebugger\riceCooker_debugger\Core\Src\app_debug.c
2024-01-15 15:15:13,476 [INFO] CodeEngine:255 - oldGeneratedFile, D:\Project\Rice Cooker\BluetoothDebugger\riceCooker_debugger\Core\Src\hw_timerserver.c_save
2024-01-15 15:15:13,537 [INFO] CodeEngine:279 - Generated code: D:\Project\Rice Cooker\BluetoothDebugger\riceCooker_debugger\Core\Src\hw_timerserver.c
2024-01-15 15:15:13,550 [INFO] CodeEngine:255 - oldGeneratedFile, D:\Project\Rice Cooker\BluetoothDebugger\riceCooker_debugger\Core\Src\hw_uart.c_save
2024-01-15 15:15:13,617 [INFO] CodeEngine:279 - Generated code: D:\Project\Rice Cooker\BluetoothDebugger\riceCooker_debugger\Core\Src\hw_uart.c
2024-01-15 15:15:13,626 [INFO] CodeEngine:255 - oldGeneratedFile, D:\Project\Rice Cooker\BluetoothDebugger\riceCooker_debugger\Core\Src\stm32_lpm_if.c_save
2024-01-15 15:15:13,700 [INFO] CodeEngine:279 - Generated code: D:\Project\Rice Cooker\BluetoothDebugger\riceCooker_debugger\Core\Src\stm32_lpm_if.c
2024-01-15 15:15:13,710 [INFO] CodeEngine:255 - oldGeneratedFile, D:\Project\Rice Cooker\BluetoothDebugger\riceCooker_debugger\STM32_WPAN\App\app_ble.c_save
2024-01-15 15:15:14,189 [INFO] CodeEngine:279 - Generated code: D:\Project\Rice Cooker\BluetoothDebugger\riceCooker_debugger\STM32_WPAN\App\app_ble.c
2024-01-15 15:15:14,205 [INFO] CodeEngine:255 - oldGeneratedFile, D:\Project\Rice Cooker\BluetoothDebugger\riceCooker_debugger\STM32_WPAN\App\app_ble.h_save
2024-01-15 15:15:14,275 [INFO] CodeEngine:279 - Generated code: D:\Project\Rice Cooker\BluetoothDebugger\riceCooker_debugger\STM32_WPAN\App\app_ble.h
2024-01-15 15:15:14,285 [INFO] CodeEngine:255 - oldGeneratedFile, D:\Project\Rice Cooker\BluetoothDebugger\riceCooker_debugger\STM32_WPAN\App\ble_conf.h_save
2024-01-15 15:15:14,365 [INFO] CodeEngine:279 - Generated code: D:\Project\Rice Cooker\BluetoothDebugger\riceCooker_debugger\STM32_WPAN\App\ble_conf.h
2024-01-15 15:15:14,367 [INFO] CodeEngine:255 - oldGeneratedFile, D:\Project\Rice Cooker\BluetoothDebugger\riceCooker_debugger\STM32_WPAN\App\ble_dbg_conf.h_save
2024-01-15 15:15:14,436 [INFO] CodeEngine:279 - Generated code: D:\Project\Rice Cooker\BluetoothDebugger\riceCooker_debugger\STM32_WPAN\App\ble_dbg_conf.h
2024-01-15 15:15:14,445 [INFO] CodeEngine:255 - oldGeneratedFile, D:\Project\Rice Cooker\BluetoothDebugger\riceCooker_debugger\STM32_WPAN\App\tl_dbg_conf.h_save
2024-01-15 15:15:14,506 [INFO] CodeEngine:279 - Generated code: D:\Project\Rice Cooker\BluetoothDebugger\riceCooker_debugger\STM32_WPAN\App\tl_dbg_conf.h
2024-01-15 15:15:14,506 [INFO] CodeEngine:255 - oldGeneratedFile, D:\Project\Rice Cooker\BluetoothDebugger\riceCooker_debugger\Core\Src\standby.c_save
2024-01-15 15:15:14,568 [INFO] CodeEngine:279 - Generated code: D:\Project\Rice Cooker\BluetoothDebugger\riceCooker_debugger\Core\Src\standby.c
2024-01-15 15:15:14,577 [INFO] CodeEngine:255 - oldGeneratedFile, D:\Project\Rice Cooker\BluetoothDebugger\riceCooker_debugger\Core\Inc\standby.h_save
2024-01-15 15:15:14,617 [INFO] CodeEngine:279 - Generated code: D:\Project\Rice Cooker\BluetoothDebugger\riceCooker_debugger\Core\Inc\standby.h
2024-01-15 15:15:14,632 [INFO] CodeEngine:255 - oldGeneratedFile, D:\Project\Rice Cooker\BluetoothDebugger\riceCooker_debugger\STM32_WPAN\App\p2p_server_app.c_save
2024-01-15 15:15:14,685 [INFO] CodeEngine:279 - Generated code: D:\Project\Rice Cooker\BluetoothDebugger\riceCooker_debugger\STM32_WPAN\App\p2p_server_app.c
2024-01-15 15:15:14,687 [INFO] CodeEngine:255 - oldGeneratedFile, D:\Project\Rice Cooker\BluetoothDebugger\riceCooker_debugger\STM32_WPAN\App\p2p_server_app.h_save
2024-01-15 15:15:14,759 [INFO] CodeEngine:279 - Generated code: D:\Project\Rice Cooker\BluetoothDebugger\riceCooker_debugger\STM32_WPAN\App\p2p_server_app.h
2024-01-15 15:15:14,767 [INFO] CodeEngine:255 - oldGeneratedFile, D:\Project\Rice Cooker\BluetoothDebugger\riceCooker_debugger\STM32_WPAN\Target\hw_ipcc.c_save
2024-01-15 15:15:14,825 [INFO] CodeEngine:279 - Generated code: D:\Project\Rice Cooker\BluetoothDebugger\riceCooker_debugger\STM32_WPAN\Target\hw_ipcc.c
2024-01-15 15:15:14,839 [INFO] CodeEngine:255 - oldGeneratedFile, D:\Project\Rice Cooker\BluetoothDebugger\riceCooker_debugger\Core\Src\stm32wbxx_it.c_save
2024-01-15 15:15:14,917 [INFO] CodeEngine:279 - Generated code: D:\Project\Rice Cooker\BluetoothDebugger\riceCooker_debugger\Core\Src\stm32wbxx_it.c
2024-01-15 15:15:14,926 [INFO] CodeEngine:255 - oldGeneratedFile, D:\Project\Rice Cooker\BluetoothDebugger\riceCooker_debugger\Core\Inc\stm32wbxx_it.h_save
2024-01-15 15:15:14,967 [INFO] CodeEngine:279 - Generated code: D:\Project\Rice Cooker\BluetoothDebugger\riceCooker_debugger\Core\Inc\stm32wbxx_it.h
2024-01-15 15:15:14,987 [INFO] CodeEngine:255 - oldGeneratedFile, D:\Project\Rice Cooker\BluetoothDebugger\riceCooker_debugger\Core\Src\stm32wbxx_hal_msp.c_save
2024-01-15 15:15:15,146 [INFO] CodeEngine:279 - Generated code: D:\Project\Rice Cooker\BluetoothDebugger\riceCooker_debugger\Core\Src\stm32wbxx_hal_msp.c
2024-01-15 15:15:15,155 [INFO] CodeEngine:255 - oldGeneratedFile, D:\Project\Rice Cooker\BluetoothDebugger\riceCooker_debugger\MXTmpFiles\system.tmp_save
2024-01-15 15:15:15,210 [INFO] CodeEngine:279 - Generated code: D:\Project\Rice Cooker\BluetoothDebugger\riceCooker_debugger\MXTmpFiles\system.tmp
2024-01-15 15:15:15,227 [INFO] CodeEngine:311 - oldGeneratedFile, D:\Project\Rice Cooker\BluetoothDebugger\riceCooker_debugger\Core\Inc\stm32wbxx_hal_conf.h_save
2024-01-15 15:15:15,297 [INFO] CodeEngine:335 - Generated code: D:\Project\Rice Cooker\BluetoothDebugger\riceCooker_debugger\Core\Inc\stm32wbxx_hal_conf.h
2024-01-15 15:15:15,320 [WARN] IPConfigManager:2937 - Warning: the RefConfig RCC_PClockConfig is not available in your config.xml file
2024-01-15 15:15:15,356 [INFO] CodeEngine:255 - oldGeneratedFile, D:\Project\Rice Cooker\BluetoothDebugger\riceCooker_debugger\Core\Inc\main.h_save
2024-01-15 15:15:15,462 [INFO] CodeEngine:279 - Generated code: D:\Project\Rice Cooker\BluetoothDebugger\riceCooker_debugger\Core\Inc\main.h
2024-01-15 15:15:15,473 [INFO] CodeEngine:255 - oldGeneratedFile, D:\Project\Rice Cooker\BluetoothDebugger\riceCooker_debugger\Core\Src\main.c_save
2024-01-15 15:15:15,596 [INFO] CodeEngine:279 - Generated code: D:\Project\Rice Cooker\BluetoothDebugger\riceCooker_debugger\Core\Src\main.c
2024-01-15 15:15:16,957 [INFO] ProjectBuilder:2996 - Time for Copy HAL[1] : 598mS.
2024-01-15 15:15:16,989 [INFO] ProjectBuilder:4304 - Project Generator version: 3.19.2
2024-01-15 15:15:17,587 [INFO] ConfigFileManager:1483 - The Die is : DIE494
2024-01-15 15:15:17,596 [INFO] ApiDbMcu:507 - Load IP Config File for FATFS
2024-01-15 15:15:17,607 [INFO] ApiDbMcu:507 - Load IP Config File for FREERTOS
2024-01-15 15:15:17,640 [INFO] ApiDbMcu:507 - Load IP Config File for TOUCHSENSING
2024-01-15 15:15:19,667 [INFO] LogOutputStream:77 - [STDOUT_REDIRECT] 
2024-01-15 15:15:22,367 [INFO] ProjectBuilder:4505 - Time for Generating toolchain IDE Files: 5377mS.
2024-01-15 15:15:22,374 [INFO] ProjectBuilder:2867 - Time for Copy CMSIS : 1mS.
2024-01-15 15:15:22,377 [INFO] ProjectBuilder:2867 - Time for Copy CMSIS : 0mS.
2024-01-15 15:18:17,327 [WARN] IP:2113 - SERVICE1_UUID not found: check if there is a RefParameter without a condition.
2024-01-15 15:18:17,335 [WARN] IP:2113 - SERVICE2_UUID not found: check if there is a RefParameter without a condition.
2024-01-15 15:18:17,337 [WARN] IP:2113 - SERVICE3_UUID not found: check if there is a RefParameter without a condition.
2024-01-15 15:18:17,365 [WARN] IP:2113 - SERVICE4_UUID not found: check if there is a RefParameter without a condition.
2024-01-15 15:18:17,367 [WARN] IP:2113 - SERVICE5_UUID not found: check if there is a RefParameter without a condition.
