2023-07-10 08:20:55,483 [INFO] Activator:176 - 


2023-07-10 08:20:55,488 [INFO] Activator:177 - !SESSION log4j initialized
2023-07-10 08:21:03,665 [INFO] LogOutputStream:77 - [STDOUT_REDIRECT] 
2023-07-10 08:21:25,929 [ERROR] LogOutputStream:75 - [STDERR_REDIRECT] SLF4J: Failed to load class "org.slf4j.impl.StaticLoggerBinder".
2023-07-10 08:21:25,930 [ERROR] LogOutputStream:75 - [STDERR_REDIRECT] SLF4J: Defaulting to no-operation (NOP) logger implementation
2023-07-10 08:21:25,931 [ERROR] LogOutputStream:75 - [STDERR_REDIRECT] SLF4J: See http://www.slf4j.org/codes.html#StaticLoggerBinder for further details.
2023-07-10 08:36:07,803 [INFO] ApplicationProperties:184 - Using Application install path: C:\ST\STM32CubeIDE_1.12.1\STM32CubeIDE\plugins\com.st.stm32cube.common.mx_6.8.1.202304191431
2023-07-10 08:36:07,829 [INFO] DbMcusXml:78 - Set database path to: C:\ST\STM32CubeIDE_1.12.1\STM32CubeIDE\plugins\com.st.stm32cube.common.mx_6.8.1.202304191431\\db\/mcu/
2023-07-10 08:36:07,829 [INFO] ApiDb:274 - Set plugin database path to: C:\ST\STM32CubeIDE_1.12.1\STM32CubeIDE\plugins\com.st.stm32cube.common.mx_6.8.1.202304191431\\db\/plugins/boardmanager/
2023-07-10 08:36:07,830 [WARN] ApiDb:259 - Overriding images path with different value:  => C:\ST\STM32CubeIDE_1.12.1\STM32CubeIDE\plugins\com.st.stm32cube.common.mx_6.8.1.202304191431\\db\/plugins/mcufinder/images/
2023-07-10 08:36:07,861 [INFO] ApiDb:250 - Set database path to: C:\Users\KDS-LTP-0415\.stmcufinder\plugins\mcufinder//mcu/
2023-07-10 08:36:07,864 [INFO] DbMcusAds:125 - Set database path to: C:\Users\KDS-LTP-0415\.stmcufinder\plugins\mcufinder//mcu/
2023-07-10 08:36:07,872 [INFO] CrossReferenceDbSqlite:203 - Set database path to: C:\Users\KDS-LTP-0415\.stmcufinder\plugins\mcufinder//mcu/cs/
2023-07-10 08:36:07,981 [INFO] RulesReader:64 - Compatibility file has been processed (293 Rules)
2023-07-10 08:36:08,087 [INFO] DbMcusXml:78 - Set database path to: C:\ST\STM32CubeIDE_1.12.1\STM32CubeIDE\plugins\com.st.stm32cube.common.mx_6.8.1.202304191431\\db\/mcu/
2023-07-10 08:36:08,087 [INFO] ApiDb:274 - Set plugin database path to: C:\ST\STM32CubeIDE_1.12.1\STM32CubeIDE\plugins\com.st.stm32cube.common.mx_6.8.1.202304191431\\db\/plugins/boardmanager/
2023-07-10 08:36:08,087 [INFO] ApiDb:261 - Set plugin images path to: C:\ST\STM32CubeIDE_1.12.1\STM32CubeIDE\plugins\com.st.stm32cube.common.mx_6.8.1.202304191431\\db\/plugins/mcufinder/images/
2023-07-10 08:36:08,088 [WARN] DbFile:41 - Overriding database path with different value: C:\Users\KDS-LTP-0415\.stmcufinder\plugins\mcufinder/ => C:\Users\KDS-LTP-0415\.stmcufinder\plugins\mcufinder
2023-07-10 08:36:08,088 [INFO] ApiDb:250 - Set database path to: C:\Users\KDS-LTP-0415\.stmcufinder\plugins\mcufinder//mcu/
2023-07-10 08:36:08,088 [WARN] DbFile:41 - Overriding database path with different value: C:\Users\KDS-LTP-0415\.stmcufinder\plugins\mcufinder/ => C:\Users\KDS-LTP-0415\.stmcufinder\plugins\mcufinder
2023-07-10 08:36:08,088 [INFO] DbMcusAds:125 - Set database path to: C:\Users\KDS-LTP-0415\.stmcufinder\plugins\mcufinder//mcu/
2023-07-10 08:36:08,088 [WARN] DbFile:41 - Overriding database path with different value: C:\Users\KDS-LTP-0415\.stmcufinder\plugins\mcufinder/ => C:\Users\KDS-LTP-0415\.stmcufinder\plugins\mcufinder
2023-07-10 08:36:08,089 [WARN] DbFile:41 - Overriding database path with different value: C:\Users\KDS-LTP-0415\.stmcufinder\plugins\mcufinder/ => C:\Users\KDS-LTP-0415\.stmcufinder\plugins\mcufinder
2023-07-10 08:36:08,089 [INFO] CrossReferenceDbSqlite:203 - Set database path to: C:\Users\KDS-LTP-0415\.stmcufinder\plugins\mcufinder//mcu/cs/
2023-07-10 08:36:08,185 [INFO] MainPanel:253 - HeapMemory: 442499072
2023-07-10 08:36:08,301 [INFO] DbMcusXml:78 - Set database path to: C:\ST\STM32CubeIDE_1.12.1\STM32CubeIDE\plugins\com.st.stm32cube.common.mx_6.8.1.202304191431\\db\/mcu/
2023-07-10 08:36:08,301 [INFO] ApiDb:274 - Set plugin database path to: C:\ST\STM32CubeIDE_1.12.1\STM32CubeIDE\plugins\com.st.stm32cube.common.mx_6.8.1.202304191431\\db\/plugins/boardmanager/
2023-07-10 08:36:08,301 [INFO] ApiDb:261 - Set plugin images path to: C:\ST\STM32CubeIDE_1.12.1\STM32CubeIDE\plugins\com.st.stm32cube.common.mx_6.8.1.202304191431\\db\/plugins/mcufinder/images/
2023-07-10 08:36:08,302 [WARN] DbFile:41 - Overriding database path with different value: C:\Users\KDS-LTP-0415\.stmcufinder\plugins\mcufinder/ => C:\Users\KDS-LTP-0415\.stmcufinder\plugins\mcufinder
2023-07-10 08:36:08,302 [INFO] ApiDb:250 - Set database path to: C:\Users\KDS-LTP-0415\.stmcufinder\plugins\mcufinder//mcu/
2023-07-10 08:36:08,302 [WARN] DbFile:41 - Overriding database path with different value: C:\Users\KDS-LTP-0415\.stmcufinder\plugins\mcufinder/ => C:\Users\KDS-LTP-0415\.stmcufinder\plugins\mcufinder
2023-07-10 08:36:08,304 [INFO] DbMcusAds:125 - Set database path to: C:\Users\KDS-LTP-0415\.stmcufinder\plugins\mcufinder//mcu/
2023-07-10 08:36:08,304 [WARN] DbFile:41 - Overriding database path with different value: C:\Users\KDS-LTP-0415\.stmcufinder\plugins\mcufinder/ => C:\Users\KDS-LTP-0415\.stmcufinder\plugins\mcufinder
2023-07-10 08:36:08,304 [WARN] DbFile:41 - Overriding database path with different value: C:\Users\KDS-LTP-0415\.stmcufinder\plugins\mcufinder/ => C:\Users\KDS-LTP-0415\.stmcufinder\plugins\mcufinder
2023-07-10 08:36:08,304 [INFO] CrossReferenceDbSqlite:203 - Set database path to: C:\Users\KDS-LTP-0415\.stmcufinder\plugins\mcufinder//mcu/cs/
2023-07-10 08:36:08,324 [INFO] ApplicationProperties:184 - Using Application install path: C:\ST\STM32CubeIDE_1.12.1\STM32CubeIDE\plugins\com.st.stm32cube.common.mx_6.8.1.202304191431
2023-07-10 08:36:08,326 [INFO] PluginManage:196 - Search for loadable plugins [exclusion list=, ]
2023-07-10 08:36:08,328 [INFO] PluginManage:310 - Check plugin analytics
2023-07-10 08:36:08,594 [INFO] AnalyticsPlugin:253 - Accepted Software Licenses: STM32CubeMX.6.2.1,STM32CubeMX.6.6.1,STM32CubeMX.6.7.0,STM32CubeMX.6.8.1
2023-07-10 08:36:08,595 [INFO] AnalyticsPlugin:255 - Accepted CMSIS Pack Licenses: EdgeImpulse.osugiw-project-1.1.0.1
2023-07-10 08:36:08,596 [INFO] AnalyticsPlugin:257 - Accepted Firmware Licenses: FW.G0.1.6.0,FW.WB.1.16.0
2023-07-10 08:36:08,607 [INFO] PluginManage:359 - Loaded plugin analytics (category:tool,tabindex:-1)
2023-07-10 08:36:08,607 [INFO] PluginManage:310 - Check plugin cadmodel
2023-07-10 08:36:08,616 [INFO] CADModel:105 - Init CAD model plugin
2023-07-10 08:36:08,616 [INFO] PluginManage:359 - Loaded plugin cadmodel (category:power,tabindex:5)
2023-07-10 08:36:08,617 [INFO] PluginManage:310 - Check plugin clock
2023-07-10 08:36:08,631 [INFO] PluginManage:359 - Loaded plugin clock (category:base,tabindex:2)
2023-07-10 08:36:08,631 [INFO] PluginManage:310 - Check plugin ddr
2023-07-10 08:36:08,634 [INFO] PluginManage:359 - Loaded plugin ddr (category:tool,tabindex:6)
2023-07-10 08:36:08,634 [INFO] PluginManage:310 - Check plugin filemanager
2023-07-10 08:36:08,794 [INFO] PluginManage:359 - Loaded plugin filemanager (category:base,tabindex:10)
2023-07-10 08:36:08,794 [INFO] PluginManage:310 - Check plugin ipmanager
2023-07-10 08:36:08,802 [INFO] PluginManage:359 - Loaded plugin ipmanager (category:base,tabindex:5)
2023-07-10 08:36:08,803 [INFO] PluginManage:310 - Check plugin lpbam
2023-07-10 08:36:08,814 [INFO] PluginManage:359 - Loaded plugin lpbam (category:base,tabindex:0)
2023-07-10 08:36:08,814 [INFO] PluginManage:310 - Check plugin pinoutandconfiguration
2023-07-10 08:36:08,828 [INFO] PluginManage:359 - Loaded plugin pinoutandconfiguration (category:base,tabindex:1)
2023-07-10 08:36:08,828 [INFO] PluginManage:310 - Check plugin pinoutconfig
2023-07-10 08:36:08,932 [WARN] SupportedApi:132 - Cannot load RTOS API schema: s4s-elt-must-match.1: The content of 'definitions' must match (annotation?, (simpleType | complexType)?, (unique | key | keyref)*)). A problem was found starting at: attribute.
2023-07-10 08:36:09,099 [INFO] PluginManage:359 - Loaded plugin pinoutconfig (category:base,tabindex:0)
2023-07-10 08:36:09,100 [INFO] PluginManage:310 - Check plugin power
2023-07-10 08:36:09,117 [INFO] PluginManage:359 - Loaded plugin power (category:power,tabindex:4)
2023-07-10 08:36:09,117 [INFO] PluginManage:310 - Check plugin projectmanager
2023-07-10 08:36:09,142 [INFO] PluginManage:359 - Loaded plugin projectmanager (category:projectmanager,tabindex:3)
2023-07-10 08:36:09,142 [INFO] PluginManage:310 - Check plugin thirdparty
2023-07-10 08:36:09,322 [INFO] PluginManage:359 - Loaded plugin thirdparty (category:base,tabindex:-1)
2023-07-10 08:36:09,322 [WARN] IntegrityCheckThread:84 - waiting for thirdparty lock release [integrity check]
2023-07-10 08:36:09,323 [INFO] PluginManage:310 - Check plugin tools
2023-07-10 08:36:09,323 [INFO] IntegrityCheckThread:86 - entering critical section [integrity check]
2023-07-10 08:36:09,324 [INFO] ThirdPartyUpdaterWithRetryManager:70 - Updater plugin not ready yet. [1/15]
2023-07-10 08:36:09,326 [INFO] PluginManage:359 - Loaded plugin tools (category:base,tabindex:7)
2023-07-10 08:36:09,327 [INFO] PluginManage:310 - Check plugin tutovideos
2023-07-10 08:36:09,617 [INFO] PluginManage:359 - Loaded plugin tutovideos (category:base,tabindex:-1)
2023-07-10 08:36:09,617 [INFO] PluginManage:310 - Check plugin updater
2023-07-10 08:36:09,641 [INFO] PluginManage:359 - Loaded plugin updater (category:base,tabindex:12)
2023-07-10 08:36:09,642 [INFO] PluginManage:283 - PluginManage : Loaded plugins [15]
2023-07-10 08:36:09,935 [INFO] PinOutPanel:1499 - setPackage(No Configuration,No Configuration)
2023-07-10 08:36:10,009 [INFO] CADModel:165 - CPN selected for project level
2023-07-10 08:36:10,009 [INFO] CADModel:114 - Register for checkConnection events
2023-07-10 08:36:10,047 [INFO] IPUIPlugin:80 - create IPUIPlugin
2023-07-10 08:36:10,047 [INFO] PluginManager:220 - loadIPPluginJar : add adc
2023-07-10 08:36:10,051 [INFO] IPUIPlugin:80 - create IPUIPlugin
2023-07-10 08:36:10,051 [INFO] PluginManager:220 - loadIPPluginJar : add aes
2023-07-10 08:36:10,055 [INFO] IPUIPlugin:80 - create IPUIPlugin
2023-07-10 08:36:10,056 [INFO] PluginManager:220 - loadIPPluginJar : add can
2023-07-10 08:36:10,058 [INFO] IPUIPlugin:80 - create IPUIPlugin
2023-07-10 08:36:10,058 [INFO] PluginManager:220 - loadIPPluginJar : add comp
2023-07-10 08:36:10,062 [INFO] IPUIPlugin:80 - create IPUIPlugin
2023-07-10 08:36:10,062 [INFO] PluginManager:220 - loadIPPluginJar : add cryp
2023-07-10 08:36:10,066 [INFO] IPUIPlugin:80 - create IPUIPlugin
2023-07-10 08:36:10,066 [INFO] PluginManager:220 - loadIPPluginJar : add dfsdm
2023-07-10 08:36:10,075 [INFO] IPUIPlugin:80 - create IPUIPlugin
2023-07-10 08:36:10,076 [INFO] PluginManager:220 - loadIPPluginJar : add dma
2023-07-10 08:36:10,079 [INFO] IPUIPlugin:80 - create IPUIPlugin
2023-07-10 08:36:10,079 [INFO] PluginManager:220 - loadIPPluginJar : add dma3
2023-07-10 08:36:10,081 [INFO] IPUIPlugin:80 - create IPUIPlugin
2023-07-10 08:36:10,081 [INFO] PluginManager:220 - loadIPPluginJar : add fatfs
2023-07-10 08:36:10,087 [INFO] IPUIPlugin:80 - create IPUIPlugin
2023-07-10 08:36:10,087 [INFO] PluginManager:220 - loadIPPluginJar : add fmc
2023-07-10 08:36:10,095 [INFO] IPUIPlugin:80 - create IPUIPlugin
2023-07-10 08:36:10,095 [INFO] PluginManager:220 - loadIPPluginJar : add freertos
2023-07-10 08:36:10,096 [INFO] IPUIPlugin:80 - create IPUIPlugin
2023-07-10 08:36:10,097 [INFO] PluginManager:220 - loadIPPluginJar : add genericplugin
2023-07-10 08:36:10,100 [INFO] IPUIPlugin:80 - create IPUIPlugin
2023-07-10 08:36:10,100 [INFO] PluginManager:220 - loadIPPluginJar : add gfxmmu
2023-07-10 08:36:10,105 [INFO] IPUIPlugin:80 - create IPUIPlugin
2023-07-10 08:36:10,105 [INFO] PluginManager:220 - loadIPPluginJar : add gic
2023-07-10 08:36:10,109 [INFO] IPUIPlugin:80 - create IPUIPlugin
2023-07-10 08:36:10,110 [INFO] PluginManager:220 - loadIPPluginJar : add gpio
2023-07-10 08:36:10,112 [INFO] IPUIPlugin:80 - create IPUIPlugin
2023-07-10 08:36:10,113 [INFO] PluginManager:220 - loadIPPluginJar : add gtzc
2023-07-10 08:36:10,115 [INFO] IPUIPlugin:80 - create IPUIPlugin
2023-07-10 08:36:10,115 [INFO] PluginManager:220 - loadIPPluginJar : add hash
2023-07-10 08:36:10,118 [INFO] IPUIPlugin:80 - create IPUIPlugin
2023-07-10 08:36:10,118 [INFO] PluginManager:220 - loadIPPluginJar : add i2c
2023-07-10 08:36:10,121 [INFO] IPUIPlugin:80 - create IPUIPlugin
2023-07-10 08:36:10,121 [INFO] PluginManager:220 - loadIPPluginJar : add i2s
2023-07-10 08:36:10,126 [INFO] IPUIPlugin:80 - create IPUIPlugin
2023-07-10 08:36:10,126 [INFO] PluginManager:220 - loadIPPluginJar : add i3c
2023-07-10 08:36:10,132 [INFO] IPUIPlugin:80 - create IPUIPlugin
2023-07-10 08:36:10,132 [INFO] PluginManager:220 - loadIPPluginJar : add ipddr
2023-07-10 08:36:10,144 [INFO] IPUIPlugin:80 - create IPUIPlugin
2023-07-10 08:36:10,144 [INFO] PluginManager:220 - loadIPPluginJar : add linkedlist
2023-07-10 08:36:10,148 [INFO] IPUIPlugin:80 - create IPUIPlugin
2023-07-10 08:36:10,148 [INFO] PluginManager:220 - loadIPPluginJar : add lorawan
2023-07-10 08:36:10,150 [INFO] IPUIPlugin:80 - create IPUIPlugin
2023-07-10 08:36:10,150 [INFO] PluginManager:220 - loadIPPluginJar : add ltdc
2023-07-10 08:36:10,155 [INFO] IPUIPlugin:80 - create IPUIPlugin
2023-07-10 08:36:10,156 [INFO] PluginManager:220 - loadIPPluginJar : add mdma
2023-07-10 08:36:10,161 [INFO] IPUIPlugin:80 - create IPUIPlugin
2023-07-10 08:36:10,161 [INFO] PluginManager:220 - loadIPPluginJar : add nvic
2023-07-10 08:36:10,166 [INFO] IPUIPlugin:80 - create IPUIPlugin
2023-07-10 08:36:10,166 [INFO] PluginManager:220 - loadIPPluginJar : add opamp
2023-07-10 08:36:10,169 [INFO] IPUIPlugin:80 - create IPUIPlugin
2023-07-10 08:36:10,169 [INFO] PluginManager:220 - loadIPPluginJar : add openamp
2023-07-10 08:36:10,173 [INFO] IPUIPlugin:80 - create IPUIPlugin
2023-07-10 08:36:10,173 [INFO] PluginManager:220 - loadIPPluginJar : add pdm2pcm
2023-07-10 08:36:10,181 [INFO] IPUIPlugin:80 - create IPUIPlugin
2023-07-10 08:36:10,183 [INFO] PluginManager:220 - loadIPPluginJar : add plateformsettings
2023-07-10 08:36:10,185 [INFO] IPUIPlugin:80 - create IPUIPlugin
2023-07-10 08:36:10,186 [INFO] PluginManager:220 - loadIPPluginJar : add quadspi
2023-07-10 08:36:10,190 [INFO] IPUIPlugin:80 - create IPUIPlugin
2023-07-10 08:36:10,190 [INFO] PluginManager:220 - loadIPPluginJar : add resmgrutility
2023-07-10 08:36:10,194 [INFO] IPUIPlugin:80 - create IPUIPlugin
2023-07-10 08:36:10,194 [INFO] PluginManager:220 - loadIPPluginJar : add sai
2023-07-10 08:36:10,198 [INFO] IPUIPlugin:80 - create IPUIPlugin
2023-07-10 08:36:10,198 [INFO] PluginManager:220 - loadIPPluginJar : add spi
2023-07-10 08:36:10,203 [INFO] IPUIPlugin:80 - create IPUIPlugin
2023-07-10 08:36:10,203 [INFO] PluginManager:220 - loadIPPluginJar : add stm32_wpan
2023-07-10 08:36:10,205 [INFO] IPUIPlugin:80 - create IPUIPlugin
2023-07-10 08:36:10,205 [INFO] PluginManager:220 - loadIPPluginJar : add tim
2023-07-10 08:36:10,208 [INFO] IPUIPlugin:80 - create IPUIPlugin
2023-07-10 08:36:10,208 [INFO] PluginManager:220 - loadIPPluginJar : add touchsensing
2023-07-10 08:36:10,211 [INFO] IPUIPlugin:80 - create IPUIPlugin
2023-07-10 08:36:10,211 [INFO] PluginManager:220 - loadIPPluginJar : add tracer_emb
2023-07-10 08:36:10,214 [INFO] IPUIPlugin:80 - create IPUIPlugin
2023-07-10 08:36:10,214 [INFO] PluginManager:220 - loadIPPluginJar : add ts
2023-07-10 08:36:10,216 [INFO] IPUIPlugin:80 - create IPUIPlugin
2023-07-10 08:36:10,216 [INFO] PluginManager:220 - loadIPPluginJar : add tsc
2023-07-10 08:36:10,217 [INFO] IPUIPlugin:80 - create IPUIPlugin
2023-07-10 08:36:10,217 [INFO] PluginManager:220 - loadIPPluginJar : add ucpd
2023-07-10 08:36:10,220 [INFO] IPUIPlugin:80 - create IPUIPlugin
2023-07-10 08:36:10,220 [INFO] PluginManager:220 - loadIPPluginJar : add usart
2023-07-10 08:36:10,224 [INFO] IPUIPlugin:80 - create IPUIPlugin
2023-07-10 08:36:10,224 [INFO] PluginManager:220 - loadIPPluginJar : add usbx
2023-07-10 08:36:10,357 [INFO] CADModel:165 - CPN selected for project level
2023-07-10 08:36:10,357 [INFO] CADModel:114 - Register for checkConnection events
2023-07-10 08:36:10,358 [FATAL] Updater:308 - Updater called before beeing initialized
2023-07-10 08:36:10,358 [ERROR] CADModel:125 - Updater not yet initialized, retry later 
2023-07-10 08:36:10,589 [INFO] CADModel:165 - CPN selected for project level
2023-07-10 08:36:10,590 [INFO] CADModel:114 - Register for checkConnection events
2023-07-10 08:36:10,590 [FATAL] Updater:308 - Updater called before beeing initialized
2023-07-10 08:36:10,590 [ERROR] CADModel:125 - Updater not yet initialized, retry later 
2023-07-10 08:36:10,594 [FATAL] Updater:308 - Updater called before beeing initialized
2023-07-10 08:36:10,764 [FATAL] Updater:308 - Updater called before beeing initialized
2023-07-10 08:36:10,770 [INFO] DbMcusAds:53 - JSON generation date=Tue Mar 07 15:50:55 ICT 2023 (1678179055335)
2023-07-10 08:36:10,770 [FATAL] Updater:308 - Updater called before beeing initialized
2023-07-10 08:36:10,819 [WARN] DetailPanel:346 - Failed to get advertising image, set to default
2023-07-10 08:36:10,940 [FATAL] Updater:308 - Updater called before beeing initialized
2023-07-10 08:36:10,944 [FATAL] Updater:308 - Updater called before beeing initialized
2023-07-10 08:36:10,944 [FATAL] Updater:308 - Updater called before beeing initialized
2023-07-10 08:36:10,944 [WARN] DetailPanel:346 - Failed to get advertising image, set to default
2023-07-10 08:36:10,946 [FATAL] Updater:308 - Updater called before beeing initialized
2023-07-10 08:36:10,998 [ERROR] Updater:1120 - MainUpdater not yet initialized. External WinMGr cannot be set.
2023-07-10 08:36:11,001 [INFO] Updater:1056 - Updater Version found : 6.8.1
2023-07-10 08:36:11,021 [INFO] ApplicationProperties:184 - Using Application install path: C:\ST\STM32CubeIDE_1.12.1\STM32CubeIDE\plugins\com.st.stm32cube.common.mx_6.8.1.202304191431
2023-07-10 08:36:11,400 [INFO] MainUpdater:2854 - connection check result : 10
2023-07-10 08:36:11,411 [INFO] MainUpdater:283 - Updater Check For Update Now.
2023-07-10 08:36:11,412 [INFO] MicroXplorer:498 - Change Database Version : DB.6.0.81
2023-07-10 08:36:11,622 [INFO] CheckServerUpdateThread:120 - End of CheckServer Thread
2023-07-10 08:36:11,640 [INFO] MainUpdater:2854 - connection check result : 10
2023-07-10 08:36:11,642 [INFO] MainUpdater:2854 - connection check result : 10
2023-07-10 08:36:11,716 [INFO] MicroXplorer:468 - Change Database Path : 
2023-07-10 08:36:11,716 [INFO] MicroXplorer:498 - Change Database Version : DB.6.0.81
2023-07-10 08:36:11,717 [WARN] ThirdParty:871 - waiting for thirdparty lock release [close project]
2023-07-10 08:36:12,577 [WARN] PackLoader:240 - Cannot read IP mode file for STMicroelectronics.X-CUBE-SMBUS.2.1.0
2023-07-10 08:36:12,612 [WARN] PackLoader:240 - Cannot read IP mode file for STMicroelectronics.X-CUBE-AZRTOS-F7.1.1.0
2023-07-10 08:36:12,620 [ERROR] RealEvaluatedCondition:428 - Found unsupported composite condition: GROUP='STM32_MetaDataManager' CLASS='Data Exchange'
2023-07-10 08:36:12,621 [ERROR] RealEvaluatedCondition:428 - Found unsupported composite condition: GROUP='STM32_MetaDataManager' CLASS='Data Exchange'
2023-07-10 08:36:12,622 [WARN] PackLoader:240 - Cannot read IP mode file for STMicroelectronics.FP-SNS-MOTENV1.4.3.0
2023-07-10 08:36:12,630 [WARN] PackLoader:240 - Cannot read IP mode file for STMicroelectronics.FP-SNS-MOTENV1.4.3.2
2023-07-10 08:36:12,636 [WARN] PackLoader:240 - Cannot read IP mode file for STMicroelectronics.FP-SNS-FLIGHT1.5.0.0
2023-07-10 08:36:12,640 [ERROR] RealEvaluatedCondition:428 - Found unsupported composite condition: GROUP='STM32_MetaDataManager' CLASS='Data Exchange'
2023-07-10 08:36:12,641 [ERROR] RealEvaluatedCondition:428 - Found unsupported composite condition: GROUP='STM32_MetaDataManager' CLASS='Data Exchange'
2023-07-10 08:36:12,642 [WARN] PackLoader:240 - Cannot read IP mode file for STMicroelectronics.FP-SNS-MOTENV1.4.3.1
2023-07-10 08:36:12,647 [WARN] PackLoader:240 - Cannot read IP mode file for STMicroelectronics.FP-SNS-FLIGHT1.5.0.1
2023-07-10 08:36:12,659 [WARN] PackLoader:240 - Cannot read IP mode file for STMicroelectronics.X-CUBE-BLE1.6.2.3
2023-07-10 08:36:12,664 [WARN] PackLoader:240 - Cannot read IP mode file for STMicroelectronics.X-CUBE-BLE1.6.2.4
2023-07-10 08:36:12,674 [WARN] PackLoader:240 - Cannot read IP mode file for STMicroelectronics.X-CUBE-TOF1.3.1.0
2023-07-10 08:36:12,686 [WARN] PackLoader:240 - Cannot read IP mode file for STMicroelectronics.X-CUBE-DISPLAY.3.0.0
2023-07-10 08:36:12,697 [WARN] PackLoader:240 - Cannot read IP mode file for emotas.I-CUBE-CANOPEN.1.3.0
2023-07-10 08:36:12,702 [WARN] PackLoader:240 - Cannot read IP mode file for STMicroelectronics.X-CUBE-TOUCHGFX.4.22.0
2023-07-10 08:36:12,744 [WARN] PackLoader:240 - Cannot read IP mode file for STMicroelectronics.X-CUBE-MEMS1.9.3.0
2023-07-10 08:36:12,886 [WARN] PackLoader:240 - Cannot read IP mode file for STMicroelectronics.X-CUBE-AI.7.2.0
2023-07-10 08:36:12,898 [INFO] LogOutputStream:77 - [STDOUT_REDIRECT] 1 : Invalid condition id : UX_CORESTACK_Condition cause : null
2023-07-10 08:36:12,899 [INFO] LogOutputStream:77 - [STDOUT_REDIRECT] 1 : Invalid condition id : UX_CORESTACK_Condition cause : null
2023-07-10 08:36:12,900 [INFO] LogOutputStream:77 - [STDOUT_REDIRECT] 1 : Invalid condition id : UX_CORESTACK_Condition cause : null
2023-07-10 08:36:12,901 [INFO] LogOutputStream:77 - [STDOUT_REDIRECT] 1 : Invalid condition id : UX_CORESTACK_Condition cause : null
2023-07-10 08:36:12,902 [INFO] LogOutputStream:77 - [STDOUT_REDIRECT] 1 : Invalid condition id : UX_CORESTACK_Condition cause : null
2023-07-10 08:36:12,906 [WARN] PackLoader:240 - Cannot read IP mode file for STMicroelectronics.X-CUBE-AZRTOS-WL.2.0.0
2023-07-10 08:36:12,916 [WARN] PackLoader:240 - Cannot read IP mode file for WES.I-CUBE-Cesium.1.3.0
2023-07-10 08:36:12,922 [WARN] PackLoader:240 - Cannot read IP mode file for STMicroelectronics.X-CUBE-BLE2.3.3.0
2023-07-10 08:36:12,930 [WARN] PackLoader:240 - Cannot read IP mode file for STMicroelectronics.X-CUBE-DISPLAY.2.2.0
2023-07-10 08:36:12,940 [WARN] PackLoader:240 - Cannot read IP mode file for STMicroelectronics.X-CUBE-TOF1.3.2.0
2023-07-10 08:36:12,949 [WARN] PackLoader:240 - Cannot read IP mode file for STMicroelectronics.X-CUBE-ISPU.1.0.0
2023-07-10 08:36:12,969 [WARN] PackLoader:240 - Cannot read IP mode file for STMicroelectronics.X-CUBE-AZRTOS-H7.2.1.0
2023-07-10 08:36:12,975 [WARN] PackLoader:240 - Cannot read IP mode file for STMicroelectronics.X-CUBE-TOUCHGFX.4.21.1
2023-07-10 08:36:12,978 [WARN] PackLoader:240 - Cannot read IP mode file for STMicroelectronics.X-CUBE-TOUCHGFX.4.21.3
2023-07-10 08:36:12,980 [WARN] PackLoader:240 - Cannot read IP mode file for STMicroelectronics.X-CUBE-TOUCHGFX.4.21.4
2023-07-10 08:36:13,014 [WARN] PackLoader:240 - Cannot read IP mode file for STMicroelectronics.X-CUBE-MEMS1.9.4.0
2023-07-10 08:36:13,109 [WARN] PackLoader:240 - Cannot read IP mode file for STMicroelectronics.X-CUBE-AI.7.3.0
2023-07-10 08:36:13,156 [WARN] PackLoader:240 - Cannot read IP mode file for STMicroelectronics.X-CUBE-ALGOBUILD.1.3.0
2023-07-10 08:36:13,174 [WARN] PackLoader:240 - Cannot read IP mode file for STMicroelectronics.X-CUBE-AZRTOS-G0.1.1.0
2023-07-10 08:36:13,180 [WARN] PackLoader:240 - Cannot read IP mode file for STMicroelectronics.X-CUBE-NFC4.3.0.0
2023-07-10 08:36:13,249 [WARN] PackLoader:240 - Cannot read IP mode file for SEGGER.I-CUBE-embOS.1.2.0
2023-07-10 08:36:13,288 [WARN] PackLoader:240 - Cannot read IP mode file for STMicroelectronics.X-CUBE-BLEMGR.1.3.0
2023-07-10 08:36:13,292 [WARN] PackLoader:240 - Cannot read IP mode file for STMicroelectronics.FP-ATR-SIGFOX1.3.2.0
2023-07-10 08:36:13,299 [WARN] PackLoader:240 - Cannot read IP mode file for emotas.I-CUBE-CANOPEN.1.1.2
2023-07-10 08:36:13,302 [WARN] PackLoader:240 - Cannot read IP mode file for STMicroelectronics.X-CUBE-TOUCHGFX.4.20.0
2023-07-10 08:36:13,331 [WARN] PackLoader:240 - Cannot read IP mode file for STMicroelectronics.X-CUBE-MEMS1.9.5.0
2023-07-10 08:36:13,469 [WARN] PackLoader:240 - Cannot read IP mode file for SEGGER.I-CUBE-embOS.1.3.1
2023-07-10 08:36:13,496 [WARN] PackLoader:240 - Cannot read IP mode file for STMicroelectronics.X-CUBE-GNSS1.6.0.0
2023-07-10 08:36:13,510 [WARN] PackLoader:240 - Cannot read IP mode file for STMicroelectronics.X-CUBE-AZRTOS-F4.1.1.0
2023-07-10 08:36:13,517 [WARN] PackLoader:240 - Cannot read IP mode file for wolfSSL.I-CUBE-wolfSSL.5.6.3
2023-07-10 08:36:13,520 [WARN] PackLoader:240 - Cannot read IP mode file for wolfSSL.I-CUBE-wolfSSL.5.6.0
2023-07-10 08:36:13,525 [WARN] PackLoader:240 - Cannot read IP mode file for STMicroelectronics.X-CUBE-BLEMGR.1.2.0
2023-07-10 08:36:13,556 [WARN] PackLoader:240 - Cannot read IP mode file for STMicroelectronics.X-CUBE-MEMS1.9.6.0
2023-07-10 08:36:13,667 [WARN] PackLoader:240 - Cannot read IP mode file for emotas.I-CUBE-CANOPEN.1.1.3
2023-07-10 08:36:13,675 [WARN] PackLoader:240 - Cannot read IP mode file for STMicroelectronics.X-CUBE-BLEMGR.2.0.0
2023-07-10 08:36:13,683 [WARN] PackLoader:240 - Cannot read IP mode file for STMicroelectronics.X-CUBE-NFC4.2.0.5
2023-07-10 08:36:13,689 [WARN] PackLoader:240 - Cannot read IP mode file for STMicroelectronics.X-CUBE-NFC4.2.0.4
2023-07-10 08:36:13,709 [WARN] ConditionMgr:438 - getConditionDescription Invalid condition id : UX DEVICE CLASS RTOS Condition cause : null
2023-07-10 08:36:13,710 [WARN] ConditionMgr:438 - getConditionDescription Invalid condition id : UX DEVICE CLASS RTOS Condition cause : null
2023-07-10 08:36:13,714 [WARN] PackLoader:240 - Cannot read IP mode file for STMicroelectronics.X-CUBE-AZRTOS-H7.3.1.0
2023-07-10 08:36:13,715 [WARN] ConditionMgr:1039 - genDependencies : Invalid condition id : UX DEVICE CLASS RTOS Condition cause : null
2023-07-10 08:36:13,716 [WARN] ConditionMgr:1039 - genDependencies : Invalid condition id : UX DEVICE CLASS RTOS Condition cause : null
2023-07-10 08:36:13,716 [WARN] ConditionMgr:1039 - genDependencies : Invalid condition id : UX DEVICE CLASS RTOS Condition cause : null
2023-07-10 08:36:13,717 [WARN] ConditionMgr:1039 - genDependencies : Invalid condition id : UX DEVICE CLASS RTOS Condition cause : null
2023-07-10 08:36:13,717 [WARN] ConditionMgr:1039 - genDependencies : Invalid condition id : UX DEVICE CLASS RTOS Condition cause : null
2023-07-10 08:36:13,723 [WARN] PackLoader:240 - Cannot read IP mode file for STMicroelectronics.X-CUBE-NFC7.1.0.1
2023-07-10 08:36:13,729 [WARN] PackLoader:240 - Cannot read IP mode file for STMicroelectronics.X-CUBE-NFC7.1.0.0
2023-07-10 08:36:13,736 [WARN] PackLoader:240 - Cannot read IP mode file for STMicroelectronics.X-CUBE-EEPRMA1.4.1.0
2023-07-10 08:36:13,776 [WARN] ConditionMgr:438 - getConditionDescription Invalid condition id : LAN8742 Phy interface Condition cause : null
2023-07-10 08:36:13,777 [WARN] PackLoader:240 - Cannot read IP mode file for STMicroelectronics.X-CUBE-AZRTOS-L4.2.0.0
2023-07-10 08:36:13,778 [WARN] ConditionMgr:1039 - genDependencies : Invalid condition id : LAN8742 Phy interface Condition cause : null
2023-07-10 08:36:13,778 [WARN] ConditionMgr:1039 - genDependencies : Invalid condition id : LAN8742 Phy interface Condition cause : null
2023-07-10 08:36:13,779 [WARN] ConditionMgr:1039 - genDependencies : Invalid condition id : LAN8742 Phy interface Condition cause : null
2023-07-10 08:36:13,785 [WARN] PackLoader:240 - Cannot read IP mode file for STMicroelectronics.X-CUBE-SFXS2LP1.4.0.0
2023-07-10 08:36:13,807 [WARN] PackLoader:240 - Cannot read IP mode file for STMicroelectronics.X-CUBE-AZRTOS-H7.3.0.0
2023-07-10 08:36:13,814 [WARN] PackLoader:240 - Cannot read IP mode file for STMicroelectronics.X-CUBE-ISPU.1.1.0
2023-07-10 08:36:13,821 [WARN] PackLoader:240 - Cannot read IP mode file for RoweBots.I-CUBE-UNISONRTOS.5.5.0-4
2023-07-10 08:36:13,825 [WARN] PackLoader:240 - Cannot read IP mode file for wolfSSL.I-CUBE-wolfSSL.5.4.0
2023-07-10 08:36:13,828 [WARN] PackLoader:240 - Cannot read IP mode file for STMicroelectronics.X-CUBE-AI.8.0.0
2023-07-10 08:36:13,831 [WARN] PackLoader:240 - Cannot read IP mode file for STMicroelectronics.X-CUBE-FREERTOS.1.0.0
2023-07-10 08:36:13,835 [WARN] PackLoader:240 - Cannot read IP mode file for STMicroelectronics.X-CUBE-FREERTOS.1.0.1
2023-07-10 08:36:13,840 [WARN] PackLoader:240 - Cannot read IP mode file for STMicroelectronics.X-CUBE-BLEMGR.1.0.0
2023-07-10 08:36:13,852 [WARN] PackLoader:240 - Cannot read IP mode file for STMicroelectronics.X-CUBE-AZRTOS-L5.1.1.0
2023-07-10 08:36:13,857 [WARN] PackLoader:240 - Cannot read IP mode file for STMicroelectronics.X-CUBE-AI.8.0.1
2023-07-10 08:36:13,865 [WARN] PackLoader:240 - Cannot read IP mode file for STMicroelectronics.X-CUBE-SUBG2.5.0.0
2023-07-10 08:36:13,882 [WARN] PackLoader:240 - Cannot read IP mode file for STMicroelectronics.X-CUBE-AZRTOS-G4.2.0.0
2023-07-10 08:36:13,888 [WARN] PackLoader:240 - Cannot read IP mode file for STMicroelectronics.X-CUBE-TOF1.3.3.0
2023-07-10 08:36:13,898 [WARN] PackLoader:240 - Cannot read IP mode file for STMicroelectronics.FP-ATR-ASTRA1.1.1.1
2023-07-10 08:36:13,901 [WARN] PackLoader:240 - Cannot read IP mode file for STMicroelectronics.FP-ATR-ASTRA1.1.1.0
2023-07-10 08:36:13,914 [WARN] PackLoader:240 - Cannot read IP mode file for STMicroelectronics.X-CUBE-AZRTOS-G4.1.0.0
2023-07-10 08:36:13,930 [WARN] PackLoader:240 - Cannot read IP mode file for STMicroelectronics.X-CUBE-AZRTOS-L4.1.0.0
2023-07-10 08:36:13,937 [WARN] PackLoader:240 - Cannot read IP mode file for STMicroelectronics.X-CUBE-AZRTOS-WL.1.0.0
2023-07-10 08:36:13,941 [WARN] PackLoader:240 - Cannot read IP mode file for portGmbH.I-Cube-SoM-uGOAL.1.1.0
2023-07-10 08:36:13,947 [WARN] PackLoader:240 - Cannot read IP mode file for STMicroelectronics.X-CUBE-ALS.1.0.1
2023-07-10 08:36:13,955 [WARN] PackLoader:240 - Cannot read IP mode file for STMicroelectronics.X-CUBE-AZRTOS-WB.1.1.0
2023-07-10 08:36:13,972 [WARN] PackLoader:240 - Cannot read IP mode file for STMicroelectronics.X-CUBE-AZRTOS-L5.1.0.0
2023-07-10 08:36:13,979 [WARN] PackLoader:240 - Cannot read IP mode file for STMicroelectronics.X-CUBE-EEPRMA1.3.1.1
2023-07-10 08:36:13,982 [WARN] PackLoader:240 - Cannot read IP mode file for STMicroelectronics.FP-ATR-ASTRA1.2.0.0
2023-07-10 08:36:13,983 [INFO] ThirdParty:978 - Integrity check success = true
2023-07-10 08:36:13,983 [INFO] IntegrityCheckThread:100 - exiting critical section [integrity check]
2023-07-10 08:36:13,983 [INFO] IntegrityCheckThread:103 - End integrity checks thread
2023-07-10 08:36:13,983 [INFO] ThirdParty:873 - entering critical section [close project]
2023-07-10 08:36:13,984 [INFO] ThirdParty:883 - exiting critical section [close project]
2023-07-10 08:36:13,988 [INFO] PinOutPanel:1499 - setPackage(No Configuration,No Configuration)
2023-07-10 08:36:13,992 [INFO] UtilMem:75 - Begin LoadConfig() Used Memory: 174041808 Bytes (442499072)
2023-07-10 08:36:13,993 [INFO] OpenFileManager:308 - Change cursor
2023-07-10 08:36:14,051 [INFO] Mcu:1937 - Initializing MCU STM32WB55RGVx STM32WB55RGVx STM32WB55RGV6
2023-07-10 08:36:31,011 [INFO] Context:659 - Trying to add GPIOservice into a context  which must be forbidden
2023-07-10 08:36:31,885 [INFO] RtosManager:555 - Registered RTOS mode: class=CMSIS, group=RTOS, mode=CMSIS_V1, owner=FREERTOS
2023-07-10 08:36:31,886 [INFO] RtosManager:555 - Registered RTOS mode: class=CMSIS, group=RTOS2, mode=CMSIS_V2, owner=FREERTOS
2023-07-10 08:36:31,886 [INFO] RtosManager:555 - Registered RTOS mode: class=RTOS, group=Core, mode=CMSIS_V1, owner=FREERTOS
2023-07-10 08:36:31,886 [INFO] RtosManager:555 - Registered RTOS mode: class=RTOS, group=Core, mode=CMSIS_V2, owner=FREERTOS
2023-07-10 08:36:31,886 [WARN] ModelIntegratedComponent:184 - Missing modes for component STMicroelectronics:FreeRTOS:0.0.1:STMicroelectronics:RTOS:FreeRTOS:Core:::10.2.0:
2023-07-10 08:36:31,899 [WARN] ModelIntegratedComponent:63 - No mode defined for component null
2023-07-10 08:36:31,900 [WARN] ModelIntegratedComponent:63 - No mode defined for component null
2023-07-10 08:36:31,900 [WARN] ModelIntegratedComponent:63 - No mode defined for component null
2023-07-10 08:36:31,900 [WARN] ModelIntegratedComponent:63 - No mode defined for component null
2023-07-10 08:36:31,900 [WARN] ModelIntegratedComponent:63 - No mode defined for component null
2023-07-10 08:36:31,900 [WARN] ModelIntegratedComponent:63 - No mode defined for component null
2023-07-10 08:36:31,900 [WARN] ModelIntegratedComponent:63 - No mode defined for component null
2023-07-10 08:36:31,900 [WARN] ModelIntegratedComponent:63 - No mode defined for component null
2023-07-10 08:36:31,900 [WARN] ModelIntegratedComponent:63 - No mode defined for component null
2023-07-10 08:36:31,900 [WARN] ModelIntegratedComponent:63 - No mode defined for component null
2023-07-10 08:36:31,900 [WARN] ModelIntegratedComponent:63 - No mode defined for component null
2023-07-10 08:36:31,900 [WARN] ModelIntegratedComponent:63 - No mode defined for component null
2023-07-10 08:36:31,900 [WARN] ModelIntegratedComponent:63 - No mode defined for component null
2023-07-10 08:36:31,900 [WARN] ModelIntegratedComponent:63 - No mode defined for component null
2023-07-10 08:36:31,900 [WARN] ModelIntegratedComponent:63 - No mode defined for component null
2023-07-10 08:36:31,900 [WARN] ModelIntegratedComponent:63 - No mode defined for component null
2023-07-10 08:36:31,900 [WARN] ModelIntegratedComponent:63 - No mode defined for component null
2023-07-10 08:36:31,900 [WARN] ModelIntegratedComponent:63 - No mode defined for component null
2023-07-10 08:36:31,900 [WARN] ModelIntegratedComponent:63 - No mode defined for component null
2023-07-10 08:36:31,900 [WARN] ModelIntegratedComponent:63 - No mode defined for component null
2023-07-10 08:36:31,900 [WARN] ModelIntegratedComponent:63 - No mode defined for component null
2023-07-10 08:36:31,900 [WARN] ModelIntegratedComponent:63 - No mode defined for component null
2023-07-10 08:36:31,901 [WARN] ModelIntegratedComponent:63 - No mode defined for component null
2023-07-10 08:36:31,901 [WARN] ModelIntegratedComponent:63 - No mode defined for component null
2023-07-10 08:36:31,901 [WARN] ModelIntegratedComponent:63 - No mode defined for component null
2023-07-10 08:36:31,901 [WARN] ModelIntegratedComponent:63 - No mode defined for component null
2023-07-10 08:36:31,901 [WARN] ModelIntegratedComponent:63 - No mode defined for component null
2023-07-10 08:36:31,901 [WARN] ModelIntegratedComponent:63 - No mode defined for component null
2023-07-10 08:36:31,901 [WARN] ModelIntegratedComponent:63 - No mode defined for component null
2023-07-10 08:36:31,901 [WARN] ModelIntegratedComponent:63 - No mode defined for component null
2023-07-10 08:36:31,901 [WARN] ModelIntegratedComponent:63 - No mode defined for component null
2023-07-10 08:36:31,901 [WARN] ModelIntegratedComponent:63 - No mode defined for component null
2023-07-10 08:36:31,901 [WARN] ModelIntegratedComponent:63 - No mode defined for component null
2023-07-10 08:36:32,052 [INFO] ThirdPartyModel:298 - Start build external matchings
2023-07-10 08:36:32,883 [INFO] ThirdPartyModel:316 - End build external matchings
2023-07-10 08:36:32,972 [INFO] ImportTextPane:194 - (OptionalMessage_ERROR) IP (DMA) : Parameter (Instance) has Id (LPUART1_TX) currently not set
2023-07-10 08:36:32,972 [INFO] ImportTextPane:194 - (OptionalMessage_ERROR) IP (DMA) : Parameter (Request) has Id (LPUART1_TX) currently not set
2023-07-10 08:36:32,972 [INFO] ImportTextPane:194 - (OptionalMessage_ERROR) IP (DMA) : Parameter (Direction) has Id (LPUART1_TX) currently not set
2023-07-10 08:36:32,972 [INFO] ImportTextPane:194 - (OptionalMessage_ERROR) IP (DMA) : Parameter (PeriphInc) has Id (LPUART1_TX) currently not set
2023-07-10 08:36:32,972 [INFO] ImportTextPane:194 - (OptionalMessage_ERROR) IP (DMA) : Parameter (MemInc) has Id (LPUART1_TX) currently not set
2023-07-10 08:36:32,972 [INFO] ImportTextPane:194 - (OptionalMessage_ERROR) IP (DMA) : Parameter (PeriphDataAlignment) has Id (LPUART1_TX) currently not set
2023-07-10 08:36:32,972 [INFO] ImportTextPane:194 - (OptionalMessage_ERROR) IP (DMA) : Parameter (MemDataAlignment) has Id (LPUART1_TX) currently not set
2023-07-10 08:36:32,972 [INFO] ImportTextPane:194 - (OptionalMessage_ERROR) IP (DMA) : Parameter (Mode) has Id (LPUART1_TX) currently not set
2023-07-10 08:36:32,972 [INFO] ImportTextPane:194 - (OptionalMessage_ERROR) IP (DMA) : Parameter (Priority) has Id (LPUART1_TX) currently not set
2023-07-10 08:36:32,974 [INFO] ImportTextPane:194 - (OptionalMessage_ERROR) IP (DMA) : Parameter (SignalID) has Id (LPUART1_TX) currently not set
2023-07-10 08:36:32,974 [INFO] ImportTextPane:194 - (OptionalMessage_ERROR) IP (DMA) : Parameter (Polarity) has Id (LPUART1_TX) currently not set
2023-07-10 08:36:32,974 [INFO] ImportTextPane:194 - (OptionalMessage_ERROR) IP (DMA) : Parameter (RequestNumber) has Id (LPUART1_TX) currently not set
2023-07-10 08:36:32,974 [INFO] ImportTextPane:194 - (OptionalMessage_ERROR) IP (DMA) : Parameter (SyncSignalID) has Id (LPUART1_TX) currently not set
2023-07-10 08:36:32,974 [INFO] ImportTextPane:194 - (OptionalMessage_ERROR) IP (DMA) : Parameter (SyncPolarity) has Id (LPUART1_TX) currently not set
2023-07-10 08:36:32,974 [INFO] ImportTextPane:194 - (OptionalMessage_ERROR) IP (DMA) : Parameter (SyncEnable) has Id (LPUART1_TX) currently not set
2023-07-10 08:36:32,974 [INFO] ImportTextPane:194 - (OptionalMessage_ERROR) IP (DMA) : Parameter (EventEnable) has Id (LPUART1_TX) currently not set
2023-07-10 08:36:32,974 [INFO] ImportTextPane:194 - (OptionalMessage_ERROR) IP (DMA) : Parameter (SyncRequestNumber) has Id (LPUART1_TX) currently not set
2023-07-10 08:36:32,974 [INFO] ImportTextPane:194 - (OptionalMessage_ERROR) IP (DMA) : Parameter (Instance) has Id (USART1_TX) currently not set
2023-07-10 08:36:32,974 [INFO] ImportTextPane:194 - (OptionalMessage_ERROR) IP (DMA) : Parameter (Request) has Id (USART1_TX) currently not set
2023-07-10 08:36:32,974 [INFO] ImportTextPane:194 - (OptionalMessage_ERROR) IP (DMA) : Parameter (Direction) has Id (USART1_TX) currently not set
2023-07-10 08:36:32,974 [INFO] ImportTextPane:194 - (OptionalMessage_ERROR) IP (DMA) : Parameter (PeriphInc) has Id (USART1_TX) currently not set
2023-07-10 08:36:32,974 [INFO] ImportTextPane:194 - (OptionalMessage_ERROR) IP (DMA) : Parameter (MemInc) has Id (USART1_TX) currently not set
2023-07-10 08:36:32,974 [INFO] ImportTextPane:194 - (OptionalMessage_ERROR) IP (DMA) : Parameter (PeriphDataAlignment) has Id (USART1_TX) currently not set
2023-07-10 08:36:32,974 [INFO] ImportTextPane:194 - (OptionalMessage_ERROR) IP (DMA) : Parameter (MemDataAlignment) has Id (USART1_TX) currently not set
2023-07-10 08:36:32,974 [INFO] ImportTextPane:194 - (OptionalMessage_ERROR) IP (DMA) : Parameter (Mode) has Id (USART1_TX) currently not set
2023-07-10 08:36:32,974 [INFO] ImportTextPane:194 - (OptionalMessage_ERROR) IP (DMA) : Parameter (Priority) has Id (USART1_TX) currently not set
2023-07-10 08:36:32,974 [INFO] ImportTextPane:194 - (OptionalMessage_ERROR) IP (DMA) : Parameter (SignalID) has Id (USART1_TX) currently not set
2023-07-10 08:36:32,974 [INFO] ImportTextPane:194 - (OptionalMessage_ERROR) IP (DMA) : Parameter (Polarity) has Id (USART1_TX) currently not set
2023-07-10 08:36:32,974 [INFO] ImportTextPane:194 - (OptionalMessage_ERROR) IP (DMA) : Parameter (RequestNumber) has Id (USART1_TX) currently not set
2023-07-10 08:36:32,974 [INFO] ImportTextPane:194 - (OptionalMessage_ERROR) IP (DMA) : Parameter (SyncSignalID) has Id (USART1_TX) currently not set
2023-07-10 08:36:32,974 [INFO] ImportTextPane:194 - (OptionalMessage_ERROR) IP (DMA) : Parameter (SyncPolarity) has Id (USART1_TX) currently not set
2023-07-10 08:36:32,974 [INFO] ImportTextPane:194 - (OptionalMessage_ERROR) IP (DMA) : Parameter (SyncEnable) has Id (USART1_TX) currently not set
2023-07-10 08:36:32,974 [INFO] ImportTextPane:194 - (OptionalMessage_ERROR) IP (DMA) : Parameter (EventEnable) has Id (USART1_TX) currently not set
2023-07-10 08:36:32,974 [INFO] ImportTextPane:194 - (OptionalMessage_ERROR) IP (DMA) : Parameter (SyncRequestNumber) has Id (USART1_TX) currently not set
2023-07-10 08:36:32,980 [INFO] ImportTextPane:194 - (OptionalMessage_ERROR) IP (RCC) : Invalid parameter (FamilyName)
2023-07-10 08:36:33,145 [WARN] IP:2113 - SERVICE3_UUID not found: check if there is a RefParameter without a condition.
2023-07-10 08:36:33,154 [WARN] IP:2113 - SERVICE4_UUID not found: check if there is a RefParameter without a condition.
2023-07-10 08:36:33,159 [WARN] IP:2113 - SERVICE5_UUID not found: check if there is a RefParameter without a condition.
2023-07-10 08:36:33,182 [INFO] ImportTextPane:194 - (OptionalMessage_ERROR) IP (STM32_WPAN) : Invalid parameter (INCLUDE_AD_TYPE_SHORTENED_LOCAL_NAME )
2023-07-10 08:36:33,182 [INFO] ImportTextPane:194 - (OptionalMessage_ERROR) IP (STM32_WPAN) : Invalid parameter (AD_TYPE_SHORTENED_LOCAL_NAME )
2023-07-10 08:36:33,182 [INFO] ImportTextPane:194 - (OptionalMessage_ERROR) IP (STM32_WPAN) : Parameter (AD_SERVICE_CLASS_UUID_1_INV) has invalid value ([0D, 18])
2023-07-10 08:36:38,071 [INFO] UtilMem:75 - End LoadConfig() Used Memory: 333921600 Bytes (442499072)
2023-07-10 08:36:38,729 [INFO] ApiDb:581 - Connected to CubeFinder SQLite database (C:\Users\KDS-LTP-0415\.stmcufinder\plugins\mcufinder\mcu\cube-finder-db.db)
2023-07-10 08:36:38,810 [INFO] ApiDb:668 - CubeFinder database Data Model version=2.1
2023-07-10 08:36:38,811 [INFO] ApiDb:669 - CubeFinder database Configuration version=3.0.35
2023-07-10 08:36:38,811 [INFO] ApiDb:670 - CubeFinder database generation date=2023-05-12 (1683877179)
2023-07-10 08:36:38,811 [INFO] ApiDb:671 - CubeFinder database FW Pack versions=[FP-ATR-ASTRA1_V2.0.0, FP-SNS-FLIGHT1_V5.0.0, FP-SNS-MOTENV1_V4.3.0, STM32Cube_FW_C0_V1.0.1, STM32Cube_FW_F0_V1.11.4, STM32Cube_FW_F3_V1.11.4, STM32Cube_FW_F4_V1.27.1, STM32Cube_FW_F7_V1.17.0, STM32Cube_FW_G0_V1.6.1, STM32Cube_FW_G4_V1.5.1, STM32Cube_FW_H5_V0.5.1, STM32Cube_FW_H5_V1.0.0, STM32Cube_FW_H7_V1.11.0, STM32Cube_FW_L0_V1.12.2, STM32Cube_FW_L5_V1.5.0, STM32Cube_FW_U5_V1.2.0, STM32Cube_FW_WBA_V1.0.0, STM32Cube_FW_WBA_V1.0.0RC1, STM32Cube_FW_WBA_V1.0.0RC3, STM32Cube_FW_WB_V1.15.0RC1, STM32Cube_FW_WB_V1.16.0, STM32Cube_FW_WB_V1.16.0RC2, STM32Cube_FW_WL_V1.3.0, X-CUBE-ALGOBUILD_V1.3.0, X-CUBE-ALS_V1.0.1, X-CUBE-AZRTOS-F4_V1.1.0, X-CUBE-AZRTOS-F7_V1.1.0, X-CUBE-AZRTOS-G0_V1.1.0, X-CUBE-AZRTOS-G4_V2.0.0, X-CUBE-AZRTOS-H7_V3.1.0, X-CUBE-AZRTOS-L4_V1.0.0, X-CUBE-AZRTOS-L5_V1.1.0, X-CUBE-AZRTOS-WB_V1.1.0, X-CUBE-AZRTOS-WL_V1.0.0, X-CUBE-BLE1_V6.2.4, X-CUBE-BLE2_V3.3.0, X-CUBE-BLEMGR_V2.0.0, X-CUBE-EEPRMA1_V4.1.0, X-CUBE-FREERTOS_V1.0.1, X-CUBE-GNSS1_V6.0.0, X-CUBE-MEMS1_V9.1.0, X-CUBE-MEMS1_V9.4.0, X-CUBE-MEMS1_V9.6.0, X-CUBE-NFC4_V3.0.0, X-CUBE-NFC7_V1.0.0, X-CUBE-SFXS2LP1_V4.0.0, X-CUBE-SUBG2_V5.0.0]
2023-07-10 08:36:41,118 [INFO] ApiDb:240 - Found 297 in-development CPN: [B-G473E-ZEST1S, B-WB1M-WPAN1, B-WL5M-SUBG1, NUCLEO-C031C6, NUCLEO-H503RB, NUCLEO-H563ZI, NUCLEO-U545RE-Q, NUCLEO-U5A5ZJ-Q, NUCLEO-WBA52CG, STEVAL-PROTEUS1, STEVAL-STWINBX1, STM320518-EVAL, STM32C0116-DK, STM32C011D6Y3TR, STM32C011D6Y6TR, STM32C011F4P3, STM32C011F4P6, STM32C011F4U3, STM32C011F4U6TR, STM32C011F6P3, STM32C011F6P6, STM32C011F6U3, STM32C011F6U6TR, STM32C011J4M3, STM32C011J4M6, STM32C011J6M3, STM32C011J6M6, STM32C0316-DK, STM32C031C4T3, STM32C031C4T6, STM32C031C4U3, STM32C031C4U6, STM32C031C6T3, STM32C031C6T6, STM32C031C6U3, STM32C031C6U6, STM32C031F4P3, STM32C031F4P6, STM32C031F6P3, STM32C031F6P6, STM32C031G4U3, STM32C031G4U6, STM32C031G6U3, STM32C031G6U6, STM32C031K4T3, STM32C031K4T6, STM32C031K4U3, STM32C031K4U6, STM32C031K6T3, STM32C031K6T6, STM32C031K6U3, STM32C031K6U6, STM32G071K8TXN, STM32G071K8UXN, STM32G081GBU6N, STM32G081KBT6N, STM32G081KBUXN, STM32G0B1CCT6N, STM32G0B1KCT6, STM32G0B1NEY6TR, STM32G0B1RCT6N, STM32G0C1CCT6, STM32G0C1CCT6N, STM32G0C1CCU6N, STM32G0C1CET6N, STM32G0C1CEU6N, STM32G0C1KCT6, STM32G0C1NEY6TR, STM32G0C1RCI6N, STM32G0C1RCT6N, STM32G0C1REI6N, STM32G0C1RET6N, STM32G0C1VCI6, STM32G0C1VEI6, STM32G471CCT6, STM32G471CCU6, STM32G471CET3, STM32G471CET6, STM32G471CEU3, STM32G471CEU6, STM32G471MCT6, STM32G471MET3, STM32G471MET6, STM32G471MEY6TR, STM32G471QCT6, STM32G471QET3, STM32G471RCT6, STM32G471RET3, STM32G471RET6, STM32G471VCH6, STM32G471VCI6, STM32G471VCT6, STM32G471VEH3, STM32G471VEH6, STM32G471VEI3, STM32G471VEI6, STM32G471VET3, STM32G471VET6, STM32G474CCT6, STM32H503CBT6, STM32H503CBU6, STM32H503EBY6TR, STM32H503KBU6, STM32H503RBT6, STM32H562AGI6, STM32H562AII6, STM32H562IGK6, STM32H562IGT6, STM32H562IIK6, STM32H562IIT6, STM32H562RGT6, STM32H562RGV6, STM32H562RIT6, STM32H562RIV6, STM32H562VGT6, STM32H562VIT6, STM32H562ZGT6, STM32H562ZIT6, STM32H563AGI6, STM32H563AII3Q, STM32H563AII6, STM32H563IGK6, STM32H563IGT6, STM32H563IIK3Q, STM32H563IIK6, STM32H563IIT3Q, STM32H563IIT6, STM32H563MIY3QTR, STM32H563RGT6, STM32H563RGV6, STM32H563RIT6, STM32H563RIV6, STM32H563VGT6, STM32H563VIT3Q, STM32H563VIT6, STM32H563ZGT6, STM32H563ZIT3Q, STM32H563ZIT6, STM32H573AII3Q, STM32H573AII6, STM32H573I-DK, STM32H573IIK3Q, STM32H573IIK6, STM32H573IIT3Q, STM32H573IIT6, STM32H573MIY3QTR, STM32H573RIT6, STM32H573RIV6, STM32H573VIT3Q, STM32H573VIT6, STM32H573ZIT3Q, STM32H573ZIT6, STM32L4R5QGI6STR, STM32MP131AAE3, STM32MP131AAF3, STM32MP131AAG3, STM32MP131CAE3, STM32MP131CAF3, STM32MP131CAG3, STM32MP131DAE7, STM32MP131DAF7, STM32MP131DAG7, STM32MP131FAE7, STM32MP131FAF7, STM32MP131FAG7, STM32MP133AAE3, STM32MP133AAF3, STM32MP133AAG3, STM32MP133CAE3, STM32MP133CAF3, STM32MP133CAG3, STM32MP133DAE7, STM32MP133DAF7, STM32MP133DAG7, STM32MP133FAE7, STM32MP133FAF7, STM32MP133FAG7, STM32MP135AAE3, STM32MP135AAF3, STM32MP135AAG3, STM32MP135CAE3, STM32MP135CAF3, STM32MP135CAG3, STM32MP135DAE7, STM32MP135DAF7, STM32MP135DAG7, STM32MP135F-DK, STM32MP135FAE7, STM32MP135FAF7, STM32MP135FAF7T, STM32MP135FAF7U, STM32MP135FAG7, STM32U535CBT6, STM32U535CBT6Q, STM32U535CBU6, STM32U535CBU6Q, STM32U535CCT6, STM32U535CCT6Q, STM32U535CCU6, STM32U535CCU6Q, STM32U535CET6, STM32U535CET6Q, STM32U535CEU6, STM32U535CEU6Q, STM32U535JEY6QTR, STM32U535NCY6QTR, STM32U535NEY6QTR, STM32U535RBI6, STM32U535RBI6Q, STM32U535RBT6, STM32U535RBT6Q, STM32U535RCI6, STM32U535RCI6Q, STM32U535RCT6, STM32U535RCT6Q, STM32U535REI6, STM32U535REI6Q, STM32U535RET6, STM32U535RET6Q, STM32U535VCI6, STM32U535VCI6Q, STM32U535VCT6, STM32U535VCT6Q, STM32U535VEI6, STM32U535VEI6Q, STM32U535VET6, STM32U535VET6Q, STM32U545CET6, STM32U545CET6Q, STM32U545CEU6, STM32U545CEU6Q, STM32U545JEY6QTR, STM32U545NEY6QTR, STM32U545REI6, STM32U545REI6Q, STM32U545RET6, STM32U545RET6Q, STM32U545VEI6, STM32U545VEI6Q, STM32U545VET6, STM32U545VET6Q, STM32U595AIH6, STM32U595AIH6Q, STM32U595AJH6, STM32U595AJH6Q, STM32U595QII6, STM32U595QII6Q, STM32U595QJI6, STM32U595QJI6Q, STM32U595RIT6, STM32U595RIT6Q, STM32U595RJT6, STM32U595RJT6Q, STM32U595VIT6, STM32U595VIT6Q, STM32U595VJT6, STM32U595VJT6Q, STM32U595ZIT6, STM32U595ZIT6Q, STM32U595ZIY6QTR, STM32U595ZJT6, STM32U595ZJT6Q, STM32U595ZJY6QTR, STM32U599BJY6QTR, STM32U599NIH6Q, STM32U599NJH6Q, STM32U599VIT6Q, STM32U599VJT6, STM32U599VJT6Q, STM32U599ZIT6Q, STM32U599ZIY6QTR, STM32U599ZJT6Q, STM32U599ZJY6QTR, STM32U5A5AJH6, STM32U5A5AJH6Q, STM32U5A5QJI6, STM32U5A5QJI6Q, STM32U5A5RJT6, STM32U5A5RJT6Q, STM32U5A5VJT6, STM32U5A5VJT6Q, STM32U5A5ZJT6, STM32U5A5ZJT6Q, STM32U5A5ZJY6QTR, STM32U5A9BJY6QTR, STM32U5A9J-DK, STM32U5A9NJH6Q, STM32U5A9VJT6Q, STM32U5A9ZJT6Q, STM32U5A9ZJY6QTR, STM32WB1MMCH6, STM32WBA52CEU6, STM32WBA52CEU6T, STM32WBA52CGU6, STM32WBA52CGU6T, STM32WL5MOCH6, STM32WL5MOCH6TR]
2023-07-10 08:36:41,122 [INFO] DbMcus:216 - Found 3775 MCUs, 3775 are supported
2023-07-10 08:36:41,124 [INFO] ApiDb:423 - Load user favorites file C:\Users\KDS-LTP-0415/.stm32cubeide/favorites.mcus.txt: 0 item(s)
2023-07-10 08:36:41,124 [INFO] ApiDb:427 - User favorites MCUs=[]
2023-07-10 08:36:41,125 [INFO] DbMcus:222 - Set 0 / 0 favorites MCUs
2023-07-10 08:36:41,467 [WARN] ThirdParty:833 - waiting for thirdparty lock release [change project]
2023-07-10 08:36:41,467 [INFO] ThirdParty:835 - entering critical section [change project]
2023-07-10 08:36:41,467 [INFO] ThirdParty:1030 - CMSIS Pack Vendor :STMicroelectronics X-CUBE-ISPU 1.1.0
2023-07-10 08:36:41,467 [INFO] ThirdParty:1030 - CMSIS Pack Vendor :RoweBots I-CUBE-UNISONRTOS 5.5.0-4
2023-07-10 08:36:41,467 [INFO] ThirdParty:1030 - CMSIS Pack Vendor :STMicroelectronics X-CUBE-GNSS1 6.0.0
2023-07-10 08:36:41,467 [INFO] ThirdParty:1030 - CMSIS Pack Vendor :STMicroelectronics X-CUBE-AZRTOS-H7 2.1.0
2023-07-10 08:36:41,467 [INFO] ThirdParty:1030 - CMSIS Pack Vendor :STMicroelectronics USB_HOST 2.0.0
2023-07-10 08:36:41,467 [INFO] ThirdParty:1030 - CMSIS Pack Vendor :STMicroelectronics X-CUBE-AZRTOS-F4 1.1.0
2023-07-10 08:36:41,467 [INFO] ThirdParty:1030 - CMSIS Pack Vendor :STMicroelectronics LIBJPEG 8.0.0
2023-07-10 08:36:41,467 [INFO] ThirdParty:1030 - CMSIS Pack Vendor :wolfSSL I-CUBE-wolfSSL 5.6.3
2023-07-10 08:36:41,468 [INFO] ThirdParty:1030 - CMSIS Pack Vendor :wolfSSL I-CUBE-wolfSSL 5.4.0
2023-07-10 08:36:41,468 [INFO] ThirdParty:1030 - CMSIS Pack Vendor :STMicroelectronics X-CUBE-SMBUS 2.1.0
2023-07-10 08:36:41,468 [INFO] ThirdParty:1030 - CMSIS Pack Vendor :wolfSSL I-CUBE-wolfSSL 5.6.0
2023-07-10 08:36:41,468 [INFO] ThirdParty:1030 - CMSIS Pack Vendor :STMicroelectronics USB_DEVICE 3.0.0
2023-07-10 08:36:41,468 [INFO] ThirdParty:1030 - CMSIS Pack Vendor :STMicroelectronics X-CUBE-AI 8.0.0
2023-07-10 08:36:41,468 [INFO] ThirdParty:1030 - CMSIS Pack Vendor :STMicroelectronics X-CUBE-FREERTOS 1.0.0
2023-07-10 08:36:41,468 [INFO] ThirdParty:1030 - CMSIS Pack Vendor :STMicroelectronics X-CUBE-FREERTOS 1.0.1
2023-07-10 08:36:41,469 [INFO] ThirdParty:1030 - CMSIS Pack Vendor :STMicroelectronics X-CUBE-TOUCHGFX 4.21.1
2023-07-10 08:36:41,469 [INFO] ThirdParty:1030 - CMSIS Pack Vendor :STMicroelectronics X-CUBE-TOUCHGFX 4.21.3
2023-07-10 08:36:41,469 [INFO] ThirdParty:1030 - CMSIS Pack Vendor :STMicroelectronics X-CUBE-BLEMGR 1.0.0
2023-07-10 08:36:41,469 [INFO] ThirdParty:1030 - CMSIS Pack Vendor :STMicroelectronics X-CUBE-BLEMGR 1.2.0
2023-07-10 08:36:41,469 [INFO] ThirdParty:1030 - CMSIS Pack Vendor :STMicroelectronics X-CUBE-AZRTOS-F7 1.1.0
2023-07-10 08:36:41,469 [INFO] ThirdParty:1030 - CMSIS Pack Vendor :STMicroelectronics X-CUBE-TOUCHGFX 4.21.4
2023-07-10 08:36:41,469 [INFO] ThirdParty:1030 - CMSIS Pack Vendor :STMicroelectronics X-CUBE-MEMS1 9.4.0
2023-07-10 08:36:41,469 [INFO] ThirdParty:1030 - CMSIS Pack Vendor :STMicroelectronics USB_DEVICE 2.0.0
2023-07-10 08:36:41,469 [INFO] ThirdParty:1030 - CMSIS Pack Vendor :STMicroelectronics X-CUBE-AI 7.3.0
2023-07-10 08:36:41,469 [INFO] ThirdParty:1030 - CMSIS Pack Vendor :STMicroelectronics X-CUBE-MEMS1 9.6.0
2023-07-10 08:36:41,469 [INFO] ThirdParty:1030 - CMSIS Pack Vendor :STMicroelectronics FP-SNS-MOTENV1 4.3.0
2023-07-10 08:36:41,469 [INFO] ThirdParty:1030 - CMSIS Pack Vendor :EdgeImpulse osugiw-project-1 1.0.1
2023-07-10 08:36:41,469 [INFO] ThirdParty:1030 - CMSIS Pack Vendor :STMicroelectronics FP-SNS-MOTENV1 4.3.2
2023-07-10 08:36:41,469 [INFO] ThirdParty:1030 - CMSIS Pack Vendor :STMicroelectronics FP-SNS-FLIGHT1 5.0.0
2023-07-10 08:36:41,469 [INFO] ThirdParty:1030 - CMSIS Pack Vendor :STMicroelectronics FP-SNS-MOTENV1 4.3.1
2023-07-10 08:36:41,469 [INFO] ThirdParty:1030 - CMSIS Pack Vendor :STMicroelectronics FP-SNS-FLIGHT1 5.0.1
2023-07-10 08:36:41,469 [INFO] ThirdParty:1030 - CMSIS Pack Vendor :STMicroelectronics X-CUBE-BLE1 6.2.3
2023-07-10 08:36:41,469 [INFO] ThirdParty:1030 - CMSIS Pack Vendor :STMicroelectronics X-CUBE-ALGOBUILD 1.3.0
2023-07-10 08:36:41,469 [INFO] ThirdParty:1030 - CMSIS Pack Vendor :STMicroelectronics X-CUBE-BLE1 6.2.4
2023-07-10 08:36:41,469 [INFO] ThirdParty:1030 - CMSIS Pack Vendor :STMicroelectronics X-CUBE-AZRTOS-L5 1.1.0
2023-07-10 08:36:41,469 [INFO] ThirdParty:1030 - CMSIS Pack Vendor :STMicroelectronics FreeRTOS 0.0.1
2023-07-10 08:36:41,469 [INFO] ThirdParty:1030 - CMSIS Pack Vendor :STMicroelectronics X-CUBE-AZRTOS-G0 1.1.0
2023-07-10 08:36:41,469 [INFO] ThirdParty:1030 - CMSIS Pack Vendor :emotas I-CUBE-CANOPEN 1.1.3
2023-07-10 08:36:41,469 [INFO] ThirdParty:1030 - CMSIS Pack Vendor :STMicroelectronics X-CUBE-BLEMGR 2.0.0
2023-07-10 08:36:41,469 [INFO] ThirdParty:1030 - CMSIS Pack Vendor :STMicroelectronics X-CUBE-AI 8.0.1
2023-07-10 08:36:41,469 [INFO] ThirdParty:1030 - CMSIS Pack Vendor :STMicroelectronics X-CUBE-NFC4 3.0.0
2023-07-10 08:36:41,469 [INFO] ThirdParty:1030 - CMSIS Pack Vendor :SEGGER I-CUBE-embOS 1.2.0
2023-07-10 08:36:41,469 [INFO] ThirdParty:1030 - CMSIS Pack Vendor :STMicroelectronics X-CUBE-SUBG2 5.0.0
2023-07-10 08:36:41,470 [INFO] ThirdParty:1030 - CMSIS Pack Vendor :STMicroelectronics STM32_WPAN 1.0.0
2023-07-10 08:36:41,470 [INFO] ThirdParty:1030 - CMSIS Pack Vendor :STMicroelectronics lwIP 2.0.3
2023-07-10 08:36:41,470 [INFO] ThirdParty:1030 - CMSIS Pack Vendor :STMicroelectronics X-CUBE-NFC4 2.0.5
2023-07-10 08:36:41,470 [INFO] ThirdParty:1030 - CMSIS Pack Vendor :STMicroelectronics X-CUBE-NFC4 2.0.4
2023-07-10 08:36:41,470 [INFO] ThirdParty:1030 - CMSIS Pack Vendor :STMicroelectronics USB_HOST 1.0.0
2023-07-10 08:36:41,470 [INFO] ThirdParty:1030 - CMSIS Pack Vendor :STMicroelectronics X-CUBE-AZRTOS-G4 2.0.0
2023-07-10 08:36:41,470 [INFO] ThirdParty:1030 - CMSIS Pack Vendor :STMicroelectronics PDM2PCM 3.1.0
2023-07-10 08:36:41,470 [INFO] ThirdParty:1030 - CMSIS Pack Vendor :STMicroelectronics X-CUBE-AZRTOS-H7 3.1.0
2023-07-10 08:36:41,470 [INFO] ThirdParty:1030 - CMSIS Pack Vendor :STMicroelectronics X-CUBE-TOF1 3.3.0
2023-07-10 08:36:41,470 [INFO] ThirdParty:1030 - CMSIS Pack Vendor :STMicroelectronics FP-ATR-ASTRA1 1.1.1
2023-07-10 08:36:41,470 [INFO] ThirdParty:1030 - CMSIS Pack Vendor :STMicroelectronics PDM2PCM 3.3.0
2023-07-10 08:36:41,470 [INFO] ThirdParty:1030 - CMSIS Pack Vendor :STMicroelectronics X-CUBE-TOF1 3.1.0
2023-07-10 08:36:41,470 [INFO] ThirdParty:1030 - CMSIS Pack Vendor :STMicroelectronics FP-ATR-ASTRA1 1.1.0
2023-07-10 08:36:41,470 [INFO] ThirdParty:1030 - CMSIS Pack Vendor :STMicroelectronics X-CUBE-DISPLAY 3.0.0
2023-07-10 08:36:41,470 [INFO] ThirdParty:1030 - CMSIS Pack Vendor :STMicroelectronics X-CUBE-BLEMGR 1.3.0
2023-07-10 08:36:41,470 [INFO] ThirdParty:1030 - CMSIS Pack Vendor :STMicroelectronics FP-ATR-SIGFOX1 3.2.0
2023-07-10 08:36:41,470 [INFO] ThirdParty:1030 - CMSIS Pack Vendor :STMicroelectronics X-CUBE-AZRTOS-G4 1.0.0
2023-07-10 08:36:41,470 [INFO] ThirdParty:1030 - CMSIS Pack Vendor :STMicroelectronics X-CUBE-AZRTOS-L4 1.0.0
2023-07-10 08:36:41,470 [INFO] ThirdParty:1030 - CMSIS Pack Vendor :STMicroelectronics HAL Drivers 0.0.0
2023-07-10 08:36:41,470 [INFO] ThirdParty:1030 - CMSIS Pack Vendor :STMicroelectronics MBEDTLS 2.16.2
2023-07-10 08:36:41,470 [INFO] ThirdParty:1030 - CMSIS Pack Vendor :emotas I-CUBE-CANOPEN 1.3.0
2023-07-10 08:36:41,470 [INFO] ThirdParty:1030 - CMSIS Pack Vendor :emotas I-CUBE-CANOPEN 1.1.2
2023-07-10 08:36:41,470 [INFO] ThirdParty:1030 - CMSIS Pack Vendor :STMicroelectronics X-CUBE-TOUCHGFX 4.20.0
2023-07-10 08:36:41,470 [INFO] ThirdParty:1030 - CMSIS Pack Vendor :STMicroelectronics X-CUBE-TOUCHGFX 4.22.0
2023-07-10 08:36:41,470 [INFO] ThirdParty:1030 - CMSIS Pack Vendor :STMicroelectronics X-CUBE-NFC7 1.0.1
2023-07-10 08:36:41,470 [INFO] ThirdParty:1030 - CMSIS Pack Vendor :STMicroelectronics MBEDTLS 2.14.1
2023-07-10 08:36:41,470 [INFO] ThirdParty:1030 - CMSIS Pack Vendor :STMicroelectronics X-CUBE-NFC7 1.0.0
2023-07-10 08:36:41,470 [INFO] ThirdParty:1030 - CMSIS Pack Vendor :STMicroelectronics X-CUBE-AZRTOS-WL 1.0.0
2023-07-10 08:36:41,470 [INFO] ThirdParty:1030 - CMSIS Pack Vendor :STMicroelectronics X-CUBE-MEMS1 9.3.0
2023-07-10 08:36:41,471 [INFO] ThirdParty:1030 - CMSIS Pack Vendor :STMicroelectronics X-CUBE-EEPRMA1 4.1.0
2023-07-10 08:36:41,471 [INFO] ThirdParty:1030 - CMSIS Pack Vendor :portGmbH I-Cube-SoM-uGOAL 1.1.0
2023-07-10 08:36:41,471 [INFO] ThirdParty:1030 - CMSIS Pack Vendor :STMicroelectronics X-CUBE-ALS 1.0.1
2023-07-10 08:36:41,471 [INFO] ThirdParty:1030 - CMSIS Pack Vendor :STMicroelectronics X-CUBE-AI 7.2.0
2023-07-10 08:36:41,471 [INFO] ThirdParty:1030 - CMSIS Pack Vendor :STMicroelectronics X-CUBE-MEMS1 9.5.0
2023-07-10 08:36:41,471 [INFO] ThirdParty:1030 - CMSIS Pack Vendor :STMicroelectronics ThreadX 1.0.0
2023-07-10 08:36:41,471 [INFO] ThirdParty:1030 - CMSIS Pack Vendor :STMicroelectronics X-CUBE-AZRTOS-WB 1.1.0
2023-07-10 08:36:41,471 [INFO] ThirdParty:1030 - CMSIS Pack Vendor :STMicroelectronics X-CUBE-AZRTOS-WL 2.0.0
2023-07-10 08:36:41,471 [INFO] ThirdParty:1030 - CMSIS Pack Vendor :SEGGER I-CUBE-embOS 1.3.1
2023-07-10 08:36:41,471 [INFO] ThirdParty:1030 - CMSIS Pack Vendor :STMicroelectronics X-CUBE-AZRTOS-L5 1.0.0
2023-07-10 08:36:41,471 [INFO] ThirdParty:1030 - CMSIS Pack Vendor :STMicroelectronics USB_DEVICE 1.0.0
2023-07-10 08:36:41,471 [INFO] ThirdParty:1030 - CMSIS Pack Vendor :STMicroelectronics X-CUBE-EEPRMA1 3.1.1
2023-07-10 08:36:41,471 [INFO] ThirdParty:1030 - CMSIS Pack Vendor :STMicroelectronics X-CUBE-AZRTOS-L4 2.0.0
2023-07-10 08:36:41,471 [INFO] ThirdParty:1030 - CMSIS Pack Vendor :STMicroelectronics ThreadX 0.0.2
2023-07-10 08:36:41,471 [INFO] ThirdParty:1030 - CMSIS Pack Vendor :WES I-CUBE-Cesium 1.3.0
2023-07-10 08:36:41,471 [INFO] ThirdParty:1030 - CMSIS Pack Vendor :STMicroelectronics FP-ATR-ASTRA1 2.0.0
2023-07-10 08:36:41,471 [INFO] ThirdParty:1030 - CMSIS Pack Vendor :STMicroelectronics lwIP 2.1.2
2023-07-10 08:36:41,471 [INFO] ThirdParty:1030 - CMSIS Pack Vendor :STMicroelectronics X-CUBE-SFXS2LP1 4.0.0
2023-07-10 08:36:41,471 [INFO] ThirdParty:1030 - CMSIS Pack Vendor :STMicroelectronics X-CUBE-BLE2 3.3.0
2023-07-10 08:36:41,471 [INFO] ThirdParty:1030 - CMSIS Pack Vendor :STMicroelectronics X-CUBE-DISPLAY 2.2.0
2023-07-10 08:36:41,472 [INFO] ThirdParty:1030 - CMSIS Pack Vendor :STMicroelectronics X-CUBE-TOF1 3.2.0
2023-07-10 08:36:41,472 [INFO] ThirdParty:1030 - CMSIS Pack Vendor :STMicroelectronics PDM2PCM 3.2.0
2023-07-10 08:36:41,472 [INFO] ThirdParty:1030 - CMSIS Pack Vendor :STMicroelectronics X-CUBE-AZRTOS-H7 3.0.0
2023-07-10 08:36:41,472 [INFO] ThirdParty:1030 - CMSIS Pack Vendor :STMicroelectronics X-CUBE-ISPU 1.0.0
2023-07-10 08:36:41,472 [INFO] ThirdParty:841 - exiting critical section [change project]
2023-07-10 08:36:41,859 [INFO] PinOutPanel:1499 - setPackage(No Configuration,No Configuration)
2023-07-10 08:36:41,862 [INFO] PinOutPanel:1499 - setPackage(STM32WB55RGVx,VFQFPN68)
2023-07-10 08:36:42,838 [INFO] UtilMem:75 - Before build in PCC Used Memory: 220212672 Bytes (442499072)
2023-07-10 08:36:43,884 [INFO] UtilMem:75 - After build in PCC Used Memory: 297850192 Bytes (442499072)
2023-07-10 08:36:44,066 [INFO] ApiDbMcu:507 - Load IP Config File for STM32_WPAN
2023-07-10 08:36:44,098 [INFO] IPUIPlugin:80 - create IPUIPlugin
2023-07-10 08:36:44,098 [INFO] IPUIPlugin:80 - create IPUIPlugin
2023-07-10 08:36:44,098 [INFO] IPUIPlugin:80 - create IPUIPlugin
2023-07-10 08:36:44,098 [INFO] IPUIPlugin:80 - create IPUIPlugin
2023-07-10 08:36:44,098 [INFO] IPUIPlugin:80 - create IPUIPlugin
2023-07-10 08:36:44,098 [INFO] IPUIPlugin:80 - create IPUIPlugin
2023-07-10 08:36:44,098 [INFO] IPUIPlugin:80 - create IPUIPlugin
2023-07-10 08:36:44,098 [INFO] IPUIPlugin:80 - create IPUIPlugin
2023-07-10 08:36:44,098 [INFO] IPUIPlugin:80 - create IPUIPlugin
2023-07-10 08:36:44,099 [INFO] IPUIPlugin:80 - create IPUIPlugin
2023-07-10 08:36:44,099 [INFO] IPUIPlugin:80 - create IPUIPlugin
2023-07-10 08:36:44,099 [INFO] IPUIPlugin:80 - create IPUIPlugin
2023-07-10 08:36:44,099 [INFO] IPUIPlugin:80 - create IPUIPlugin
2023-07-10 08:36:44,099 [INFO] IPUIPlugin:80 - create IPUIPlugin
2023-07-10 08:36:44,100 [INFO] IPUIPlugin:80 - create IPUIPlugin
2023-07-10 08:36:44,100 [INFO] IPUIPlugin:80 - create IPUIPlugin
2023-07-10 08:36:44,100 [INFO] IPUIPlugin:80 - create IPUIPlugin
2023-07-10 08:36:44,101 [INFO] IPUIPlugin:80 - create IPUIPlugin
2023-07-10 08:36:44,101 [INFO] IPUIPlugin:80 - create IPUIPlugin
2023-07-10 08:36:44,101 [INFO] IPUIPlugin:80 - create IPUIPlugin
2023-07-10 08:36:44,101 [INFO] IPUIPlugin:80 - create IPUIPlugin
2023-07-10 08:36:44,101 [INFO] IPUIPlugin:80 - create IPUIPlugin
2023-07-10 08:36:44,102 [INFO] IPUIPlugin:80 - create IPUIPlugin
2023-07-10 08:36:44,102 [INFO] IPUIPlugin:80 - create IPUIPlugin
2023-07-10 08:36:44,102 [INFO] IPUIPlugin:80 - create IPUIPlugin
2023-07-10 08:36:44,103 [INFO] IPUIPlugin:80 - create IPUIPlugin
2023-07-10 08:36:44,103 [INFO] IPUIPlugin:80 - create IPUIPlugin
2023-07-10 08:36:44,103 [INFO] IPUIPlugin:80 - create IPUIPlugin
2023-07-10 08:36:44,104 [INFO] IPUIPlugin:80 - create IPUIPlugin
2023-07-10 08:36:44,104 [INFO] IPUIPlugin:80 - create IPUIPlugin
2023-07-10 08:36:44,104 [INFO] IPUIPlugin:80 - create IPUIPlugin
2023-07-10 08:36:44,104 [INFO] IPUIPlugin:80 - create IPUIPlugin
2023-07-10 08:36:44,105 [INFO] IPUIPlugin:80 - create IPUIPlugin
2023-07-10 08:36:44,105 [INFO] IPUIPlugin:80 - create IPUIPlugin
2023-07-10 08:36:44,105 [INFO] IPUIPlugin:80 - create IPUIPlugin
2023-07-10 08:36:44,105 [INFO] IPUIPlugin:80 - create IPUIPlugin
2023-07-10 08:36:44,106 [INFO] IPUIPlugin:80 - create IPUIPlugin
2023-07-10 08:36:44,106 [INFO] IPUIPlugin:80 - create IPUIPlugin
2023-07-10 08:36:44,106 [INFO] IPUIPlugin:80 - create IPUIPlugin
2023-07-10 08:36:44,106 [INFO] IPUIPlugin:80 - create IPUIPlugin
2023-07-10 08:36:44,106 [INFO] IPUIPlugin:80 - create IPUIPlugin
2023-07-10 08:36:44,107 [INFO] IPUIPlugin:80 - create IPUIPlugin
2023-07-10 08:36:44,107 [INFO] IPUIPlugin:80 - create IPUIPlugin
2023-07-10 08:36:44,107 [INFO] IPUIPlugin:80 - create IPUIPlugin
2023-07-10 08:36:44,215 [WARN] IP:2113 - SERVICE3_UUID not found: check if there is a RefParameter without a condition.
2023-07-10 08:36:44,221 [WARN] IP:2113 - SERVICE4_UUID not found: check if there is a RefParameter without a condition.
2023-07-10 08:36:44,227 [WARN] IP:2113 - SERVICE5_UUID not found: check if there is a RefParameter without a condition.
2023-07-10 08:36:44,655 [INFO] CADModel:165 - CPN selected for project levelSTM32WB55RGV6
2023-07-10 08:36:44,655 [INFO] CADModel:114 - Register for checkConnection events
2023-07-10 08:36:44,707 [INFO] OpenFileManager:328 - Restore cursor
2023-07-10 08:36:44,898 [WARN] IP:2113 - SERVICE3_UUID not found: check if there is a RefParameter without a condition.
2023-07-10 08:36:44,901 [WARN] IP:2113 - SERVICE4_UUID not found: check if there is a RefParameter without a condition.
2023-07-10 08:36:44,904 [WARN] IP:2113 - SERVICE5_UUID not found: check if there is a RefParameter without a condition.
2023-07-10 08:36:45,026 [WARN] IP:2113 - SERVICE3_UUID not found: check if there is a RefParameter without a condition.
2023-07-10 08:36:45,030 [WARN] IP:2113 - SERVICE4_UUID not found: check if there is a RefParameter without a condition.
2023-07-10 08:36:45,033 [WARN] IP:2113 - SERVICE5_UUID not found: check if there is a RefParameter without a condition.
2023-07-10 08:36:45,119 [WARN] IpParametersView:150 - Warning: This peripheral hasn't parameters
2023-07-10 08:37:26,991 [INFO] Gpio:273 - dependency for GPIO [LPUART1, RCC, RF, SYS, USART1]
2023-07-10 08:37:28,051 [WARN] MainPanel:366 - Warning: This peripheral has no parameters to be configured
2023-07-10 08:37:29,692 [INFO] Gpio:273 - dependency for GPIO [LPUART1, RCC, RF, SYS, USART1]
2023-07-10 08:37:31,522 [INFO] NvicIntPanel:101 - NVIC parent = com.st.microxplorer.plugins.ip.nvic.MultiNvicIntPanel[,2,46,395x501,layout=javax.swing.BoxLayout,alignmentX=0.0,alignmentY=0.0,border=,flags=9,maximumSize=,minimumSize=,preferredSize=]
2023-07-10 08:37:45,516 [WARN] IP:2113 - SERVICE3_UUID not found: check if there is a RefParameter without a condition.
2023-07-10 08:37:45,520 [WARN] IP:2113 - SERVICE4_UUID not found: check if there is a RefParameter without a condition.
2023-07-10 08:37:45,526 [WARN] IP:2113 - SERVICE5_UUID not found: check if there is a RefParameter without a condition.
2023-07-10 08:37:45,628 [WARN] IP:2113 - SERVICE3_UUID not found: check if there is a RefParameter without a condition.
2023-07-10 08:37:45,631 [WARN] IP:2113 - SERVICE4_UUID not found: check if there is a RefParameter without a condition.
2023-07-10 08:37:45,634 [WARN] IP:2113 - SERVICE5_UUID not found: check if there is a RefParameter without a condition.
2023-07-10 08:37:45,746 [INFO] Gpio:273 - dependency for GPIO [LPUART1, RCC, RF, SYS, USART1]
2023-07-10 08:37:45,800 [INFO] NvicIntPanel:101 - NVIC parent = com.st.microxplorer.plugins.ip.nvic.MultiNvicIntPanel[,0,0,0x0,invalid,layout=javax.swing.BoxLayout,alignmentX=0.0,alignmentY=0.0,border=,flags=9,maximumSize=,minimumSize=,preferredSize=]
2023-07-10 08:37:45,854 [WARN] IP:2113 - SERVICE3_UUID not found: check if there is a RefParameter without a condition.
2023-07-10 08:37:45,857 [WARN] IP:2113 - SERVICE4_UUID not found: check if there is a RefParameter without a condition.
2023-07-10 08:37:45,861 [WARN] IP:2113 - SERVICE5_UUID not found: check if there is a RefParameter without a condition.
2023-07-10 08:37:45,960 [WARN] IP:2113 - SERVICE3_UUID not found: check if there is a RefParameter without a condition.
2023-07-10 08:37:45,964 [WARN] IP:2113 - SERVICE4_UUID not found: check if there is a RefParameter without a condition.
2023-07-10 08:37:45,966 [WARN] IP:2113 - SERVICE5_UUID not found: check if there is a RefParameter without a condition.
2023-07-10 08:37:46,119 [INFO] Gpio:273 - dependency for GPIO [LPUART1, RCC, RF, SYS, USART1]
2023-07-10 08:37:46,176 [INFO] NvicIntPanel:101 - NVIC parent = com.st.microxplorer.plugins.ip.nvic.MultiNvicIntPanel[,0,0,0x0,invalid,layout=javax.swing.BoxLayout,alignmentX=0.0,alignmentY=0.0,border=,flags=9,maximumSize=,minimumSize=,preferredSize=]
2023-07-10 09:27:07,876 [INFO] NvicIntPanel:101 - NVIC parent = com.st.microxplorer.plugins.ip.nvic.MultiNvicIntPanel[,0,0,450x181,layout=javax.swing.BoxLayout,alignmentX=0.0,alignmentY=0.0,border=,flags=9,maximumSize=,minimumSize=,preferredSize=]
2023-07-10 09:27:59,549 [WARN] IP:2113 - SERVICE3_UUID not found: check if there is a RefParameter without a condition.
2023-07-10 09:27:59,554 [WARN] IP:2113 - SERVICE4_UUID not found: check if there is a RefParameter without a condition.
2023-07-10 09:27:59,554 [WARN] IP:2113 - SERVICE5_UUID not found: check if there is a RefParameter without a condition.
2023-07-10 09:27:59,638 [WARN] IP:2113 - SERVICE3_UUID not found: check if there is a RefParameter without a condition.
2023-07-10 09:27:59,638 [WARN] IP:2113 - SERVICE4_UUID not found: check if there is a RefParameter without a condition.
2023-07-10 09:27:59,645 [WARN] IP:2113 - SERVICE5_UUID not found: check if there is a RefParameter without a condition.
2023-07-10 09:27:59,765 [INFO] NvicIntPanel:101 - NVIC parent = com.st.microxplorer.plugins.ip.nvic.MultiNvicIntPanel[,0,0,0x0,invalid,layout=javax.swing.BoxLayout,alignmentX=0.0,alignmentY=0.0,border=,flags=9,maximumSize=,minimumSize=,preferredSize=]
2023-07-10 09:27:59,809 [WARN] IP:2113 - SERVICE3_UUID not found: check if there is a RefParameter without a condition.
2023-07-10 09:27:59,809 [WARN] IP:2113 - SERVICE4_UUID not found: check if there is a RefParameter without a condition.
2023-07-10 09:27:59,813 [WARN] IP:2113 - SERVICE5_UUID not found: check if there is a RefParameter without a condition.
2023-07-10 09:27:59,899 [WARN] IP:2113 - SERVICE3_UUID not found: check if there is a RefParameter without a condition.
2023-07-10 09:27:59,899 [WARN] IP:2113 - SERVICE4_UUID not found: check if there is a RefParameter without a condition.
2023-07-10 09:27:59,904 [WARN] IP:2113 - SERVICE5_UUID not found: check if there is a RefParameter without a condition.
2023-07-10 09:28:00,024 [INFO] NvicIntPanel:101 - NVIC parent = com.st.microxplorer.plugins.ip.nvic.MultiNvicIntPanel[,0,0,0x0,invalid,layout=javax.swing.BoxLayout,alignmentX=0.0,alignmentY=0.0,border=,flags=9,maximumSize=,minimumSize=,preferredSize=]
2023-07-10 09:28:01,815 [WARN] MainPanel:366 - Warning: This peripheral has no parameters to be configured
2023-07-10 09:28:17,465 [INFO] Gpio:273 - dependency for GPIO [LPUART1, RCC, RF, SYS, USART1]
2023-07-10 09:28:42,434 [WARN] MainPanel:257 - <html><b><center>Warning: This peripheral has no parameters to be configured<br></b></html>
2023-07-10 09:45:50,183 [WARN] IP:2113 - SERVICE3_UUID not found: check if there is a RefParameter without a condition.
2023-07-10 09:45:50,186 [WARN] IP:2113 - SERVICE4_UUID not found: check if there is a RefParameter without a condition.
2023-07-10 09:45:50,186 [WARN] IP:2113 - SERVICE5_UUID not found: check if there is a RefParameter without a condition.
2023-07-10 09:45:50,267 [WARN] IP:2113 - SERVICE3_UUID not found: check if there is a RefParameter without a condition.
2023-07-10 09:45:50,267 [WARN] IP:2113 - SERVICE4_UUID not found: check if there is a RefParameter without a condition.
2023-07-10 09:45:50,276 [WARN] IP:2113 - SERVICE5_UUID not found: check if there is a RefParameter without a condition.
2023-07-10 09:45:50,418 [WARN] IP:2113 - SERVICE3_UUID not found: check if there is a RefParameter without a condition.
2023-07-10 09:45:50,422 [WARN] IP:2113 - SERVICE4_UUID not found: check if there is a RefParameter without a condition.
2023-07-10 09:45:50,426 [WARN] IP:2113 - SERVICE5_UUID not found: check if there is a RefParameter without a condition.
2023-07-10 09:45:50,511 [WARN] IP:2113 - SERVICE3_UUID not found: check if there is a RefParameter without a condition.
2023-07-10 09:45:50,511 [WARN] IP:2113 - SERVICE4_UUID not found: check if there is a RefParameter without a condition.
2023-07-10 09:45:50,518 [WARN] IP:2113 - SERVICE5_UUID not found: check if there is a RefParameter without a condition.
2023-07-10 11:33:28,380 [INFO] MainUpdater:2854 - connection check result : 10
2023-07-10 11:33:28,409 [INFO] MainUpdater:2854 - connection check result : 10
2023-07-10 11:33:29,878 [INFO] MicroXplorer:468 - Change Database Path : 
2023-07-10 11:33:29,878 [INFO] MicroXplorer:498 - Change Database Version : DB.6.0.81
2023-07-10 11:33:30,060 [WARN] ThirdParty:871 - waiting for thirdparty lock release [close project]
2023-07-10 11:33:30,060 [INFO] ThirdParty:873 - entering critical section [close project]
2023-07-10 11:33:30,060 [INFO] ThirdParty:883 - exiting critical section [close project]
2023-07-10 11:33:30,078 [INFO] PinOutPanel:1499 - setPackage(No Configuration,No Configuration)
2023-07-10 11:33:30,538 [WARN] IP:2113 - SERVICE3_UUID not found: check if there is a RefParameter without a condition.
2023-07-10 11:33:30,557 [WARN] IP:2113 - SERVICE4_UUID not found: check if there is a RefParameter without a condition.
2023-07-10 11:33:30,578 [WARN] IP:2113 - SERVICE5_UUID not found: check if there is a RefParameter without a condition.
2023-07-10 11:33:31,040 [WARN] IpParametersView:150 - Warning: This peripheral hasn't parameters
2023-07-10 11:33:31,170 [WARN] IpParametersView:150 - Warning: This peripheral hasn't parameters
2023-07-10 11:33:31,188 [WARN] IpParametersView:150 - Warning: This peripheral hasn't parameters
2023-07-10 11:33:31,198 [WARN] IpParametersView:150 - Warning: This peripheral hasn't parameters
2023-07-10 11:33:31,209 [WARN] IpParametersView:150 - Warning: This peripheral hasn't parameters
2023-07-10 11:33:31,228 [WARN] IpParametersView:150 - Warning: This peripheral hasn't parameters
2023-07-10 11:33:31,378 [INFO] UtilMem:75 - Begin LoadConfig() Used Memory: 379643280 Bytes (442499072)
2023-07-10 11:33:31,378 [INFO] OpenFileManager:308 - Change cursor
2023-07-10 11:33:31,492 [INFO] Mcu:1937 - Initializing MCU STM32WB55RGVx STM32WB55RGVx STM32WB55RGV6
2023-07-10 11:33:39,005 [INFO] Context:659 - Trying to add GPIOservice into a context  which must be forbidden
2023-07-10 11:33:39,784 [INFO] RtosManager:555 - Registered RTOS mode: class=CMSIS, group=RTOS, mode=CMSIS_V1, owner=FREERTOS
2023-07-10 11:33:39,784 [INFO] RtosManager:555 - Registered RTOS mode: class=CMSIS, group=RTOS2, mode=CMSIS_V2, owner=FREERTOS
2023-07-10 11:33:39,784 [INFO] RtosManager:555 - Registered RTOS mode: class=RTOS, group=Core, mode=CMSIS_V1, owner=FREERTOS
2023-07-10 11:33:39,784 [INFO] RtosManager:555 - Registered RTOS mode: class=RTOS, group=Core, mode=CMSIS_V2, owner=FREERTOS
2023-07-10 11:33:39,784 [WARN] ModelIntegratedComponent:184 - Missing modes for component STMicroelectronics:FreeRTOS:0.0.1:STMicroelectronics:RTOS:FreeRTOS:Core:::10.2.0:
2023-07-10 11:33:39,798 [WARN] ModelIntegratedComponent:63 - No mode defined for component null
2023-07-10 11:33:39,798 [WARN] ModelIntegratedComponent:63 - No mode defined for component null
2023-07-10 11:33:39,799 [WARN] ModelIntegratedComponent:63 - No mode defined for component null
2023-07-10 11:33:39,799 [WARN] ModelIntegratedComponent:63 - No mode defined for component null
2023-07-10 11:33:39,799 [WARN] ModelIntegratedComponent:63 - No mode defined for component null
2023-07-10 11:33:39,799 [WARN] ModelIntegratedComponent:63 - No mode defined for component null
2023-07-10 11:33:39,799 [WARN] ModelIntegratedComponent:63 - No mode defined for component null
2023-07-10 11:33:39,799 [WARN] ModelIntegratedComponent:63 - No mode defined for component null
2023-07-10 11:33:39,799 [WARN] ModelIntegratedComponent:63 - No mode defined for component null
2023-07-10 11:33:39,799 [WARN] ModelIntegratedComponent:63 - No mode defined for component null
2023-07-10 11:33:39,799 [WARN] ModelIntegratedComponent:63 - No mode defined for component null
2023-07-10 11:33:39,799 [WARN] ModelIntegratedComponent:63 - No mode defined for component null
2023-07-10 11:33:39,799 [WARN] ModelIntegratedComponent:63 - No mode defined for component null
2023-07-10 11:33:39,799 [WARN] ModelIntegratedComponent:63 - No mode defined for component null
2023-07-10 11:33:39,799 [WARN] ModelIntegratedComponent:63 - No mode defined for component null
2023-07-10 11:33:39,799 [WARN] ModelIntegratedComponent:63 - No mode defined for component null
2023-07-10 11:33:39,799 [WARN] ModelIntegratedComponent:63 - No mode defined for component null
2023-07-10 11:33:39,799 [WARN] ModelIntegratedComponent:63 - No mode defined for component null
2023-07-10 11:33:39,799 [WARN] ModelIntegratedComponent:63 - No mode defined for component null
2023-07-10 11:33:39,799 [WARN] ModelIntegratedComponent:63 - No mode defined for component null
2023-07-10 11:33:39,800 [WARN] ModelIntegratedComponent:63 - No mode defined for component null
2023-07-10 11:33:39,800 [WARN] ModelIntegratedComponent:63 - No mode defined for component null
2023-07-10 11:33:39,800 [WARN] ModelIntegratedComponent:63 - No mode defined for component null
2023-07-10 11:33:39,800 [WARN] ModelIntegratedComponent:63 - No mode defined for component null
2023-07-10 11:33:39,800 [WARN] ModelIntegratedComponent:63 - No mode defined for component null
2023-07-10 11:33:39,800 [WARN] ModelIntegratedComponent:63 - No mode defined for component null
2023-07-10 11:33:39,800 [WARN] ModelIntegratedComponent:63 - No mode defined for component null
2023-07-10 11:33:39,800 [WARN] ModelIntegratedComponent:63 - No mode defined for component null
2023-07-10 11:33:39,800 [WARN] ModelIntegratedComponent:63 - No mode defined for component null
2023-07-10 11:33:39,800 [WARN] ModelIntegratedComponent:63 - No mode defined for component null
2023-07-10 11:33:39,800 [WARN] ModelIntegratedComponent:63 - No mode defined for component null
2023-07-10 11:33:39,800 [WARN] ModelIntegratedComponent:63 - No mode defined for component null
2023-07-10 11:33:39,800 [WARN] ModelIntegratedComponent:63 - No mode defined for component null
2023-07-10 11:33:40,016 [INFO] ThirdPartyModel:298 - Start build external matchings
2023-07-10 11:33:40,976 [INFO] ThirdPartyModel:316 - End build external matchings
2023-07-10 11:33:41,008 [INFO] ImportTextPane:194 - (OptionalMessage_ERROR) IP (DMA) : Parameter (Instance) has Id (LPUART1_TX) currently not set
2023-07-10 11:33:41,009 [INFO] ImportTextPane:194 - (OptionalMessage_ERROR) IP (DMA) : Parameter (Request) has Id (LPUART1_TX) currently not set
2023-07-10 11:33:41,009 [INFO] ImportTextPane:194 - (OptionalMessage_ERROR) IP (DMA) : Parameter (Direction) has Id (LPUART1_TX) currently not set
2023-07-10 11:33:41,009 [INFO] ImportTextPane:194 - (OptionalMessage_ERROR) IP (DMA) : Parameter (PeriphInc) has Id (LPUART1_TX) currently not set
2023-07-10 11:33:41,009 [INFO] ImportTextPane:194 - (OptionalMessage_ERROR) IP (DMA) : Parameter (MemInc) has Id (LPUART1_TX) currently not set
2023-07-10 11:33:41,009 [INFO] ImportTextPane:194 - (OptionalMessage_ERROR) IP (DMA) : Parameter (PeriphDataAlignment) has Id (LPUART1_TX) currently not set
2023-07-10 11:33:41,011 [INFO] ImportTextPane:194 - (OptionalMessage_ERROR) IP (DMA) : Parameter (MemDataAlignment) has Id (LPUART1_TX) currently not set
2023-07-10 11:33:41,011 [INFO] ImportTextPane:194 - (OptionalMessage_ERROR) IP (DMA) : Parameter (Mode) has Id (LPUART1_TX) currently not set
2023-07-10 11:33:41,011 [INFO] ImportTextPane:194 - (OptionalMessage_ERROR) IP (DMA) : Parameter (Priority) has Id (LPUART1_TX) currently not set
2023-07-10 11:33:41,011 [INFO] ImportTextPane:194 - (OptionalMessage_ERROR) IP (DMA) : Parameter (SignalID) has Id (LPUART1_TX) currently not set
2023-07-10 11:33:41,011 [INFO] ImportTextPane:194 - (OptionalMessage_ERROR) IP (DMA) : Parameter (Polarity) has Id (LPUART1_TX) currently not set
2023-07-10 11:33:41,011 [INFO] ImportTextPane:194 - (OptionalMessage_ERROR) IP (DMA) : Parameter (RequestNumber) has Id (LPUART1_TX) currently not set
2023-07-10 11:33:41,011 [INFO] ImportTextPane:194 - (OptionalMessage_ERROR) IP (DMA) : Parameter (SyncSignalID) has Id (LPUART1_TX) currently not set
2023-07-10 11:33:41,011 [INFO] ImportTextPane:194 - (OptionalMessage_ERROR) IP (DMA) : Parameter (SyncPolarity) has Id (LPUART1_TX) currently not set
2023-07-10 11:33:41,011 [INFO] ImportTextPane:194 - (OptionalMessage_ERROR) IP (DMA) : Parameter (SyncEnable) has Id (LPUART1_TX) currently not set
2023-07-10 11:33:41,011 [INFO] ImportTextPane:194 - (OptionalMessage_ERROR) IP (DMA) : Parameter (EventEnable) has Id (LPUART1_TX) currently not set
2023-07-10 11:33:41,011 [INFO] ImportTextPane:194 - (OptionalMessage_ERROR) IP (DMA) : Parameter (SyncRequestNumber) has Id (LPUART1_TX) currently not set
2023-07-10 11:33:41,011 [INFO] ImportTextPane:194 - (OptionalMessage_ERROR) IP (DMA) : Parameter (Instance) has Id (USART1_TX) currently not set
2023-07-10 11:33:41,011 [INFO] ImportTextPane:194 - (OptionalMessage_ERROR) IP (DMA) : Parameter (Request) has Id (USART1_TX) currently not set
2023-07-10 11:33:41,012 [INFO] ImportTextPane:194 - (OptionalMessage_ERROR) IP (DMA) : Parameter (Direction) has Id (USART1_TX) currently not set
2023-07-10 11:33:41,012 [INFO] ImportTextPane:194 - (OptionalMessage_ERROR) IP (DMA) : Parameter (PeriphInc) has Id (USART1_TX) currently not set
2023-07-10 11:33:41,012 [INFO] ImportTextPane:194 - (OptionalMessage_ERROR) IP (DMA) : Parameter (MemInc) has Id (USART1_TX) currently not set
2023-07-10 11:33:41,012 [INFO] ImportTextPane:194 - (OptionalMessage_ERROR) IP (DMA) : Parameter (PeriphDataAlignment) has Id (USART1_TX) currently not set
2023-07-10 11:33:41,012 [INFO] ImportTextPane:194 - (OptionalMessage_ERROR) IP (DMA) : Parameter (MemDataAlignment) has Id (USART1_TX) currently not set
2023-07-10 11:33:41,012 [INFO] ImportTextPane:194 - (OptionalMessage_ERROR) IP (DMA) : Parameter (Mode) has Id (USART1_TX) currently not set
2023-07-10 11:33:41,012 [INFO] ImportTextPane:194 - (OptionalMessage_ERROR) IP (DMA) : Parameter (Priority) has Id (USART1_TX) currently not set
2023-07-10 11:33:41,012 [INFO] ImportTextPane:194 - (OptionalMessage_ERROR) IP (DMA) : Parameter (SignalID) has Id (USART1_TX) currently not set
2023-07-10 11:33:41,012 [INFO] ImportTextPane:194 - (OptionalMessage_ERROR) IP (DMA) : Parameter (Polarity) has Id (USART1_TX) currently not set
2023-07-10 11:33:41,012 [INFO] ImportTextPane:194 - (OptionalMessage_ERROR) IP (DMA) : Parameter (RequestNumber) has Id (USART1_TX) currently not set
2023-07-10 11:33:41,012 [INFO] ImportTextPane:194 - (OptionalMessage_ERROR) IP (DMA) : Parameter (SyncSignalID) has Id (USART1_TX) currently not set
2023-07-10 11:33:41,012 [INFO] ImportTextPane:194 - (OptionalMessage_ERROR) IP (DMA) : Parameter (SyncPolarity) has Id (USART1_TX) currently not set
2023-07-10 11:33:41,012 [INFO] ImportTextPane:194 - (OptionalMessage_ERROR) IP (DMA) : Parameter (SyncEnable) has Id (USART1_TX) currently not set
2023-07-10 11:33:41,012 [INFO] ImportTextPane:194 - (OptionalMessage_ERROR) IP (DMA) : Parameter (EventEnable) has Id (USART1_TX) currently not set
2023-07-10 11:33:41,013 [INFO] ImportTextPane:194 - (OptionalMessage_ERROR) IP (DMA) : Parameter (SyncRequestNumber) has Id (USART1_TX) currently not set
2023-07-10 11:33:41,015 [INFO] ImportTextPane:194 - (OptionalMessage_ERROR) IP (RCC) : Invalid parameter (FamilyName)
2023-07-10 11:33:41,060 [WARN] IP:2113 - SERVICE3_UUID not found: check if there is a RefParameter without a condition.
2023-07-10 11:33:41,063 [WARN] IP:2113 - SERVICE4_UUID not found: check if there is a RefParameter without a condition.
2023-07-10 11:33:41,067 [WARN] IP:2113 - SERVICE5_UUID not found: check if there is a RefParameter without a condition.
2023-07-10 11:33:41,079 [INFO] ImportTextPane:194 - (OptionalMessage_ERROR) IP (STM32_WPAN) : Invalid parameter (INCLUDE_AD_TYPE_SHORTENED_LOCAL_NAME )
2023-07-10 11:33:41,081 [INFO] ImportTextPane:194 - (OptionalMessage_ERROR) IP (STM32_WPAN) : Invalid parameter (AD_TYPE_SHORTENED_LOCAL_NAME )
2023-07-10 11:33:41,081 [INFO] ImportTextPane:194 - (OptionalMessage_ERROR) IP (STM32_WPAN) : Parameter (AD_SERVICE_CLASS_UUID_1_INV) has invalid value ([0D, 18])
2023-07-10 11:33:42,161 [INFO] UtilMem:75 - End LoadConfig() Used Memory: 329946408 Bytes (442499072)
2023-07-10 11:33:42,254 [WARN] ThirdParty:833 - waiting for thirdparty lock release [change project]
2023-07-10 11:33:42,255 [INFO] ThirdParty:835 - entering critical section [change project]
2023-07-10 11:33:42,256 [INFO] ThirdParty:1030 - CMSIS Pack Vendor :STMicroelectronics X-CUBE-ISPU 1.1.0
2023-07-10 11:33:42,256 [INFO] ThirdParty:1030 - CMSIS Pack Vendor :RoweBots I-CUBE-UNISONRTOS 5.5.0-4
2023-07-10 11:33:42,256 [INFO] ThirdParty:1030 - CMSIS Pack Vendor :STMicroelectronics X-CUBE-GNSS1 6.0.0
2023-07-10 11:33:42,256 [INFO] ThirdParty:1030 - CMSIS Pack Vendor :STMicroelectronics X-CUBE-AZRTOS-H7 2.1.0
2023-07-10 11:33:42,256 [INFO] ThirdParty:1030 - CMSIS Pack Vendor :STMicroelectronics USB_HOST 2.0.0
2023-07-10 11:33:42,256 [INFO] ThirdParty:1030 - CMSIS Pack Vendor :STMicroelectronics X-CUBE-AZRTOS-F4 1.1.0
2023-07-10 11:33:42,256 [INFO] ThirdParty:1030 - CMSIS Pack Vendor :STMicroelectronics LIBJPEG 8.0.0
2023-07-10 11:33:42,256 [INFO] ThirdParty:1030 - CMSIS Pack Vendor :wolfSSL I-CUBE-wolfSSL 5.6.3
2023-07-10 11:33:42,256 [INFO] ThirdParty:1030 - CMSIS Pack Vendor :wolfSSL I-CUBE-wolfSSL 5.4.0
2023-07-10 11:33:42,256 [INFO] ThirdParty:1030 - CMSIS Pack Vendor :STMicroelectronics X-CUBE-SMBUS 2.1.0
2023-07-10 11:33:42,256 [INFO] ThirdParty:1030 - CMSIS Pack Vendor :wolfSSL I-CUBE-wolfSSL 5.6.0
2023-07-10 11:33:42,256 [INFO] ThirdParty:1030 - CMSIS Pack Vendor :STMicroelectronics USB_DEVICE 3.0.0
2023-07-10 11:33:42,257 [INFO] ThirdParty:1030 - CMSIS Pack Vendor :STMicroelectronics X-CUBE-AI 8.0.0
2023-07-10 11:33:42,257 [INFO] ThirdParty:1030 - CMSIS Pack Vendor :STMicroelectronics X-CUBE-FREERTOS 1.0.0
2023-07-10 11:33:42,257 [INFO] ThirdParty:1030 - CMSIS Pack Vendor :STMicroelectronics X-CUBE-FREERTOS 1.0.1
2023-07-10 11:33:42,257 [INFO] ThirdParty:1030 - CMSIS Pack Vendor :STMicroelectronics X-CUBE-TOUCHGFX 4.21.1
2023-07-10 11:33:42,257 [INFO] ThirdParty:1030 - CMSIS Pack Vendor :STMicroelectronics X-CUBE-TOUCHGFX 4.21.3
2023-07-10 11:33:42,257 [INFO] ThirdParty:1030 - CMSIS Pack Vendor :STMicroelectronics X-CUBE-BLEMGR 1.0.0
2023-07-10 11:33:42,257 [INFO] ThirdParty:1030 - CMSIS Pack Vendor :STMicroelectronics X-CUBE-BLEMGR 1.2.0
2023-07-10 11:33:42,257 [INFO] ThirdParty:1030 - CMSIS Pack Vendor :STMicroelectronics X-CUBE-AZRTOS-F7 1.1.0
2023-07-10 11:33:42,257 [INFO] ThirdParty:1030 - CMSIS Pack Vendor :STMicroelectronics X-CUBE-TOUCHGFX 4.21.4
2023-07-10 11:33:42,258 [INFO] ThirdParty:1030 - CMSIS Pack Vendor :STMicroelectronics X-CUBE-MEMS1 9.4.0
2023-07-10 11:33:42,258 [INFO] ThirdParty:1030 - CMSIS Pack Vendor :STMicroelectronics USB_DEVICE 2.0.0
2023-07-10 11:33:42,258 [INFO] ThirdParty:1030 - CMSIS Pack Vendor :STMicroelectronics X-CUBE-AI 7.3.0
2023-07-10 11:33:42,258 [INFO] ThirdParty:1030 - CMSIS Pack Vendor :STMicroelectronics X-CUBE-MEMS1 9.6.0
2023-07-10 11:33:42,258 [INFO] ThirdParty:1030 - CMSIS Pack Vendor :STMicroelectronics FP-SNS-MOTENV1 4.3.0
2023-07-10 11:33:42,258 [INFO] ThirdParty:1030 - CMSIS Pack Vendor :EdgeImpulse osugiw-project-1 1.0.1
2023-07-10 11:33:42,258 [INFO] ThirdParty:1030 - CMSIS Pack Vendor :STMicroelectronics FP-SNS-MOTENV1 4.3.2
2023-07-10 11:33:42,258 [INFO] ThirdParty:1030 - CMSIS Pack Vendor :STMicroelectronics FP-SNS-FLIGHT1 5.0.0
2023-07-10 11:33:42,258 [INFO] ThirdParty:1030 - CMSIS Pack Vendor :STMicroelectronics FP-SNS-MOTENV1 4.3.1
2023-07-10 11:33:42,258 [INFO] ThirdParty:1030 - CMSIS Pack Vendor :STMicroelectronics FP-SNS-FLIGHT1 5.0.1
2023-07-10 11:33:42,259 [INFO] ThirdParty:1030 - CMSIS Pack Vendor :STMicroelectronics X-CUBE-BLE1 6.2.3
2023-07-10 11:33:42,259 [INFO] ThirdParty:1030 - CMSIS Pack Vendor :STMicroelectronics X-CUBE-ALGOBUILD 1.3.0
2023-07-10 11:33:42,259 [INFO] ThirdParty:1030 - CMSIS Pack Vendor :STMicroelectronics X-CUBE-BLE1 6.2.4
2023-07-10 11:33:42,259 [INFO] ThirdParty:1030 - CMSIS Pack Vendor :STMicroelectronics X-CUBE-AZRTOS-L5 1.1.0
2023-07-10 11:33:42,259 [INFO] ThirdParty:1030 - CMSIS Pack Vendor :STMicroelectronics FreeRTOS 0.0.1
2023-07-10 11:33:42,259 [INFO] ThirdParty:1030 - CMSIS Pack Vendor :STMicroelectronics X-CUBE-AZRTOS-G0 1.1.0
2023-07-10 11:33:42,259 [INFO] ThirdParty:1030 - CMSIS Pack Vendor :emotas I-CUBE-CANOPEN 1.1.3
2023-07-10 11:33:42,259 [INFO] ThirdParty:1030 - CMSIS Pack Vendor :STMicroelectronics X-CUBE-BLEMGR 2.0.0
2023-07-10 11:33:42,259 [INFO] ThirdParty:1030 - CMSIS Pack Vendor :STMicroelectronics X-CUBE-AI 8.0.1
2023-07-10 11:33:42,259 [INFO] ThirdParty:1030 - CMSIS Pack Vendor :STMicroelectronics X-CUBE-NFC4 3.0.0
2023-07-10 11:33:42,259 [INFO] ThirdParty:1030 - CMSIS Pack Vendor :SEGGER I-CUBE-embOS 1.2.0
2023-07-10 11:33:42,259 [INFO] ThirdParty:1030 - CMSIS Pack Vendor :STMicroelectronics X-CUBE-SUBG2 5.0.0
2023-07-10 11:33:42,259 [INFO] ThirdParty:1030 - CMSIS Pack Vendor :STMicroelectronics STM32_WPAN 1.0.0
2023-07-10 11:33:42,259 [INFO] ThirdParty:1030 - CMSIS Pack Vendor :STMicroelectronics lwIP 2.0.3
2023-07-10 11:33:42,259 [INFO] ThirdParty:1030 - CMSIS Pack Vendor :STMicroelectronics X-CUBE-NFC4 2.0.5
2023-07-10 11:33:42,259 [INFO] ThirdParty:1030 - CMSIS Pack Vendor :STMicroelectronics X-CUBE-NFC4 2.0.4
2023-07-10 11:33:42,259 [INFO] ThirdParty:1030 - CMSIS Pack Vendor :STMicroelectronics USB_HOST 1.0.0
2023-07-10 11:33:42,259 [INFO] ThirdParty:1030 - CMSIS Pack Vendor :STMicroelectronics X-CUBE-AZRTOS-G4 2.0.0
2023-07-10 11:33:42,259 [INFO] ThirdParty:1030 - CMSIS Pack Vendor :STMicroelectronics PDM2PCM 3.1.0
2023-07-10 11:33:42,259 [INFO] ThirdParty:1030 - CMSIS Pack Vendor :STMicroelectronics X-CUBE-AZRTOS-H7 3.1.0
2023-07-10 11:33:42,259 [INFO] ThirdParty:1030 - CMSIS Pack Vendor :STMicroelectronics X-CUBE-TOF1 3.3.0
2023-07-10 11:33:42,259 [INFO] ThirdParty:1030 - CMSIS Pack Vendor :STMicroelectronics FP-ATR-ASTRA1 1.1.1
2023-07-10 11:33:42,259 [INFO] ThirdParty:1030 - CMSIS Pack Vendor :STMicroelectronics PDM2PCM 3.3.0
2023-07-10 11:33:42,259 [INFO] ThirdParty:1030 - CMSIS Pack Vendor :STMicroelectronics X-CUBE-TOF1 3.1.0
2023-07-10 11:33:42,259 [INFO] ThirdParty:1030 - CMSIS Pack Vendor :STMicroelectronics FP-ATR-ASTRA1 1.1.0
2023-07-10 11:33:42,259 [INFO] ThirdParty:1030 - CMSIS Pack Vendor :STMicroelectronics X-CUBE-DISPLAY 3.0.0
2023-07-10 11:33:42,260 [INFO] ThirdParty:1030 - CMSIS Pack Vendor :STMicroelectronics X-CUBE-BLEMGR 1.3.0
2023-07-10 11:33:42,260 [INFO] ThirdParty:1030 - CMSIS Pack Vendor :STMicroelectronics FP-ATR-SIGFOX1 3.2.0
2023-07-10 11:33:42,260 [INFO] ThirdParty:1030 - CMSIS Pack Vendor :STMicroelectronics X-CUBE-AZRTOS-G4 1.0.0
2023-07-10 11:33:42,260 [INFO] ThirdParty:1030 - CMSIS Pack Vendor :STMicroelectronics X-CUBE-AZRTOS-L4 1.0.0
2023-07-10 11:33:42,260 [INFO] ThirdParty:1030 - CMSIS Pack Vendor :STMicroelectronics HAL Drivers 0.0.0
2023-07-10 11:33:42,260 [INFO] ThirdParty:1030 - CMSIS Pack Vendor :STMicroelectronics MBEDTLS 2.16.2
2023-07-10 11:33:42,260 [INFO] ThirdParty:1030 - CMSIS Pack Vendor :emotas I-CUBE-CANOPEN 1.3.0
2023-07-10 11:33:42,260 [INFO] ThirdParty:1030 - CMSIS Pack Vendor :emotas I-CUBE-CANOPEN 1.1.2
2023-07-10 11:33:42,260 [INFO] ThirdParty:1030 - CMSIS Pack Vendor :STMicroelectronics X-CUBE-TOUCHGFX 4.20.0
2023-07-10 11:33:42,260 [INFO] ThirdParty:1030 - CMSIS Pack Vendor :STMicroelectronics X-CUBE-TOUCHGFX 4.22.0
2023-07-10 11:33:42,260 [INFO] ThirdParty:1030 - CMSIS Pack Vendor :STMicroelectronics X-CUBE-NFC7 1.0.1
2023-07-10 11:33:42,260 [INFO] ThirdParty:1030 - CMSIS Pack Vendor :STMicroelectronics MBEDTLS 2.14.1
2023-07-10 11:33:42,260 [INFO] ThirdParty:1030 - CMSIS Pack Vendor :STMicroelectronics X-CUBE-NFC7 1.0.0
2023-07-10 11:33:42,260 [INFO] ThirdParty:1030 - CMSIS Pack Vendor :STMicroelectronics X-CUBE-AZRTOS-WL 1.0.0
2023-07-10 11:33:42,260 [INFO] ThirdParty:1030 - CMSIS Pack Vendor :STMicroelectronics X-CUBE-MEMS1 9.3.0
2023-07-10 11:33:42,260 [INFO] ThirdParty:1030 - CMSIS Pack Vendor :STMicroelectronics X-CUBE-EEPRMA1 4.1.0
2023-07-10 11:33:42,260 [INFO] ThirdParty:1030 - CMSIS Pack Vendor :portGmbH I-Cube-SoM-uGOAL 1.1.0
2023-07-10 11:33:42,260 [INFO] ThirdParty:1030 - CMSIS Pack Vendor :STMicroelectronics X-CUBE-ALS 1.0.1
2023-07-10 11:33:42,260 [INFO] ThirdParty:1030 - CMSIS Pack Vendor :STMicroelectronics X-CUBE-AI 7.2.0
2023-07-10 11:33:42,260 [INFO] ThirdParty:1030 - CMSIS Pack Vendor :STMicroelectronics X-CUBE-MEMS1 9.5.0
2023-07-10 11:33:42,260 [INFO] ThirdParty:1030 - CMSIS Pack Vendor :STMicroelectronics ThreadX 1.0.0
2023-07-10 11:33:42,260 [INFO] ThirdParty:1030 - CMSIS Pack Vendor :STMicroelectronics X-CUBE-AZRTOS-WB 1.1.0
2023-07-10 11:33:42,260 [INFO] ThirdParty:1030 - CMSIS Pack Vendor :STMicroelectronics X-CUBE-AZRTOS-WL 2.0.0
2023-07-10 11:33:42,260 [INFO] ThirdParty:1030 - CMSIS Pack Vendor :SEGGER I-CUBE-embOS 1.3.1
2023-07-10 11:33:42,260 [INFO] ThirdParty:1030 - CMSIS Pack Vendor :STMicroelectronics X-CUBE-AZRTOS-L5 1.0.0
2023-07-10 11:33:42,260 [INFO] ThirdParty:1030 - CMSIS Pack Vendor :STMicroelectronics USB_DEVICE 1.0.0
2023-07-10 11:33:42,260 [INFO] ThirdParty:1030 - CMSIS Pack Vendor :STMicroelectronics X-CUBE-EEPRMA1 3.1.1
2023-07-10 11:33:42,260 [INFO] ThirdParty:1030 - CMSIS Pack Vendor :STMicroelectronics X-CUBE-AZRTOS-L4 2.0.0
2023-07-10 11:33:42,260 [INFO] ThirdParty:1030 - CMSIS Pack Vendor :STMicroelectronics ThreadX 0.0.2
2023-07-10 11:33:42,260 [INFO] ThirdParty:1030 - CMSIS Pack Vendor :WES I-CUBE-Cesium 1.3.0
2023-07-10 11:33:42,260 [INFO] ThirdParty:1030 - CMSIS Pack Vendor :STMicroelectronics FP-ATR-ASTRA1 2.0.0
2023-07-10 11:33:42,260 [INFO] ThirdParty:1030 - CMSIS Pack Vendor :STMicroelectronics lwIP 2.1.2
2023-07-10 11:33:42,260 [INFO] ThirdParty:1030 - CMSIS Pack Vendor :STMicroelectronics X-CUBE-SFXS2LP1 4.0.0
2023-07-10 11:33:42,260 [INFO] ThirdParty:1030 - CMSIS Pack Vendor :STMicroelectronics X-CUBE-BLE2 3.3.0
2023-07-10 11:33:42,260 [INFO] ThirdParty:1030 - CMSIS Pack Vendor :STMicroelectronics X-CUBE-DISPLAY 2.2.0
2023-07-10 11:33:42,260 [INFO] ThirdParty:1030 - CMSIS Pack Vendor :STMicroelectronics X-CUBE-TOF1 3.2.0
2023-07-10 11:33:42,262 [INFO] ThirdParty:1030 - CMSIS Pack Vendor :STMicroelectronics PDM2PCM 3.2.0
2023-07-10 11:33:42,262 [INFO] ThirdParty:1030 - CMSIS Pack Vendor :STMicroelectronics X-CUBE-AZRTOS-H7 3.0.0
2023-07-10 11:33:42,262 [INFO] ThirdParty:1030 - CMSIS Pack Vendor :STMicroelectronics X-CUBE-ISPU 1.0.0
2023-07-10 11:33:42,262 [INFO] ThirdParty:841 - exiting critical section [change project]
2023-07-10 11:33:42,439 [INFO] PinOutPanel:1499 - setPackage(No Configuration,No Configuration)
2023-07-10 11:33:42,439 [INFO] PinOutPanel:1499 - setPackage(STM32WB55RGVx,VFQFPN68)
2023-07-10 11:33:42,923 [INFO] UtilMem:75 - Before build in PCC Used Memory: 306668032 Bytes (442499072)
2023-07-10 11:33:43,189 [INFO] UtilMem:75 - After build in PCC Used Memory: 376396288 Bytes (442499072)
2023-07-10 11:33:43,208 [INFO] ApiDbMcu:507 - Load IP Config File for STM32_WPAN
2023-07-10 11:33:43,230 [INFO] IPUIPlugin:80 - create IPUIPlugin
2023-07-10 11:33:43,230 [INFO] IPUIPlugin:80 - create IPUIPlugin
2023-07-10 11:33:43,230 [INFO] IPUIPlugin:80 - create IPUIPlugin
2023-07-10 11:33:43,230 [INFO] IPUIPlugin:80 - create IPUIPlugin
2023-07-10 11:33:43,230 [INFO] IPUIPlugin:80 - create IPUIPlugin
2023-07-10 11:33:43,230 [INFO] IPUIPlugin:80 - create IPUIPlugin
2023-07-10 11:33:43,230 [INFO] IPUIPlugin:80 - create IPUIPlugin
2023-07-10 11:33:43,230 [INFO] IPUIPlugin:80 - create IPUIPlugin
2023-07-10 11:33:43,230 [INFO] IPUIPlugin:80 - create IPUIPlugin
2023-07-10 11:33:43,230 [INFO] IPUIPlugin:80 - create IPUIPlugin
2023-07-10 11:33:43,230 [INFO] IPUIPlugin:80 - create IPUIPlugin
2023-07-10 11:33:43,230 [INFO] IPUIPlugin:80 - create IPUIPlugin
2023-07-10 11:33:43,230 [INFO] IPUIPlugin:80 - create IPUIPlugin
2023-07-10 11:33:43,230 [INFO] IPUIPlugin:80 - create IPUIPlugin
2023-07-10 11:33:43,230 [INFO] IPUIPlugin:80 - create IPUIPlugin
2023-07-10 11:33:43,230 [INFO] IPUIPlugin:80 - create IPUIPlugin
2023-07-10 11:33:43,230 [INFO] IPUIPlugin:80 - create IPUIPlugin
2023-07-10 11:33:43,230 [INFO] IPUIPlugin:80 - create IPUIPlugin
2023-07-10 11:33:43,230 [INFO] IPUIPlugin:80 - create IPUIPlugin
2023-07-10 11:33:43,230 [INFO] IPUIPlugin:80 - create IPUIPlugin
2023-07-10 11:33:43,230 [INFO] IPUIPlugin:80 - create IPUIPlugin
2023-07-10 11:33:43,270 [INFO] IPUIPlugin:80 - create IPUIPlugin
2023-07-10 11:33:43,270 [INFO] IPUIPlugin:80 - create IPUIPlugin
2023-07-10 11:33:43,270 [INFO] IPUIPlugin:80 - create IPUIPlugin
2023-07-10 11:33:43,270 [INFO] IPUIPlugin:80 - create IPUIPlugin
2023-07-10 11:33:43,270 [INFO] IPUIPlugin:80 - create IPUIPlugin
2023-07-10 11:33:43,270 [INFO] IPUIPlugin:80 - create IPUIPlugin
2023-07-10 11:33:43,270 [INFO] IPUIPlugin:80 - create IPUIPlugin
2023-07-10 11:33:43,273 [INFO] IPUIPlugin:80 - create IPUIPlugin
2023-07-10 11:33:43,273 [INFO] IPUIPlugin:80 - create IPUIPlugin
2023-07-10 11:33:43,273 [INFO] IPUIPlugin:80 - create IPUIPlugin
2023-07-10 11:33:43,273 [INFO] IPUIPlugin:80 - create IPUIPlugin
2023-07-10 11:33:43,273 [INFO] IPUIPlugin:80 - create IPUIPlugin
2023-07-10 11:33:43,273 [INFO] IPUIPlugin:80 - create IPUIPlugin
2023-07-10 11:33:43,273 [INFO] IPUIPlugin:80 - create IPUIPlugin
2023-07-10 11:33:43,273 [INFO] IPUIPlugin:80 - create IPUIPlugin
2023-07-10 11:33:43,273 [INFO] IPUIPlugin:80 - create IPUIPlugin
2023-07-10 11:33:43,273 [INFO] IPUIPlugin:80 - create IPUIPlugin
2023-07-10 11:33:43,273 [INFO] IPUIPlugin:80 - create IPUIPlugin
2023-07-10 11:33:43,273 [INFO] IPUIPlugin:80 - create IPUIPlugin
2023-07-10 11:33:43,273 [INFO] IPUIPlugin:80 - create IPUIPlugin
2023-07-10 11:33:43,273 [INFO] IPUIPlugin:80 - create IPUIPlugin
2023-07-10 11:33:43,273 [INFO] IPUIPlugin:80 - create IPUIPlugin
2023-07-10 11:33:43,273 [INFO] IPUIPlugin:80 - create IPUIPlugin
2023-07-10 11:33:43,318 [WARN] IP:2113 - SERVICE3_UUID not found: check if there is a RefParameter without a condition.
2023-07-10 11:33:43,322 [WARN] IP:2113 - SERVICE4_UUID not found: check if there is a RefParameter without a condition.
2023-07-10 11:33:43,324 [WARN] IP:2113 - SERVICE5_UUID not found: check if there is a RefParameter without a condition.
2023-07-10 11:33:43,462 [INFO] CADModel:165 - CPN selected for project levelSTM32WB55RGV6
2023-07-10 11:33:43,463 [INFO] CADModel:114 - Register for checkConnection events
2023-07-10 11:33:43,505 [INFO] OpenFileManager:328 - Restore cursor
2023-07-10 11:33:43,856 [WARN] IP:2113 - SERVICE3_UUID not found: check if there is a RefParameter without a condition.
2023-07-10 11:33:43,858 [WARN] IP:2113 - SERVICE4_UUID not found: check if there is a RefParameter without a condition.
2023-07-10 11:33:43,861 [WARN] IP:2113 - SERVICE5_UUID not found: check if there is a RefParameter without a condition.
2023-07-10 11:33:43,986 [WARN] IP:2113 - SERVICE3_UUID not found: check if there is a RefParameter without a condition.
2023-07-10 11:33:43,990 [WARN] IP:2113 - SERVICE4_UUID not found: check if there is a RefParameter without a condition.
2023-07-10 11:33:43,993 [WARN] IP:2113 - SERVICE5_UUID not found: check if there is a RefParameter without a condition.
2023-07-10 11:33:44,063 [WARN] IpParametersView:150 - Warning: This peripheral hasn't parameters
2023-07-10 17:01:39,401 [ERROR] AdobePublisher:162 - Exception while opening the connection: java.net.UnknownHostException: stmicroelectronics.d3.sc.omtrdc.net
2023-07-10 17:01:39,407 [ERROR] AdobePublisher:162 - Exception while opening the connection: java.net.UnknownHostException: stmicroelectronics.d3.sc.omtrdc.net
2023-07-10 17:01:39,407 [ERROR] AdobePublisher:162 - Exception while opening the connection: java.net.UnknownHostException: stmicroelectronics.d3.sc.omtrdc.net
2023-07-10 17:01:39,407 [ERROR] AdobePublisher:162 - Exception while opening the connection: java.net.UnknownHostException: stmicroelectronics.d3.sc.omtrdc.net
2023-07-10 17:01:39,407 [ERROR] AdobePublisher:162 - Exception while opening the connection: java.net.UnknownHostException: stmicroelectronics.d3.sc.omtrdc.net
