2023-08-14 08:13:46,930 [INFO] Activator:176 - 


2023-08-14 08:13:46,946 [INFO] Activator:177 - !SESSION log4j initialized
2023-08-14 08:13:55,348 [INFO] LogOutputStream:77 - [STDOUT_REDIRECT] 
2023-08-14 08:14:17,647 [ERROR] LogOutputStream:75 - [STDERR_REDIRECT] SLF4J: Failed to load class "org.slf4j.impl.StaticLoggerBinder".
2023-08-14 08:14:17,647 [ERROR] LogOutputStream:75 - [STDERR_REDIRECT] SLF4J: Defaulting to no-operation (NOP) logger implementation
2023-08-14 08:14:17,650 [ERROR] LogOutputStream:75 - [STDERR_REDIRECT] SLF4J: See http://www.slf4j.org/codes.html#StaticLoggerBinder for further details.
2023-08-14 08:57:46,105 [ERROR] ConfigurationRetriever:142 - IOException on connection: Read timed out
2023-08-14 08:57:48,130 [ERROR] ConfigurationRetriever:142 - IOException on connection: Read timed out
2023-08-14 10:00:04,614 [INFO] ApplicationProperties:184 - Using Application install path: C:\ST\STM32CubeIDE_1.12.1\STM32CubeIDE\plugins\com.st.stm32cube.common.mx_6.8.1.202304191431
2023-08-14 10:00:04,640 [INFO] DbMcusXml:78 - Set database path to: C:\ST\STM32CubeIDE_1.12.1\STM32CubeIDE\plugins\com.st.stm32cube.common.mx_6.8.1.202304191431\\db\/mcu/
2023-08-14 10:00:04,640 [INFO] ApiDb:274 - Set plugin database path to: C:\ST\STM32CubeIDE_1.12.1\STM32CubeIDE\plugins\com.st.stm32cube.common.mx_6.8.1.202304191431\\db\/plugins/boardmanager/
2023-08-14 10:00:04,640 [WARN] ApiDb:259 - Overriding images path with different value:  => C:\ST\STM32CubeIDE_1.12.1\STM32CubeIDE\plugins\com.st.stm32cube.common.mx_6.8.1.202304191431\\db\/plugins/mcufinder/images/
2023-08-14 10:00:04,658 [INFO] ApiDb:250 - Set database path to: C:\Users\KDS-LTP-0415\.stmcufinder\plugins\mcufinder//mcu/
2023-08-14 10:00:04,662 [INFO] DbMcusAds:125 - Set database path to: C:\Users\KDS-LTP-0415\.stmcufinder\plugins\mcufinder//mcu/
2023-08-14 10:00:04,712 [INFO] CrossReferenceDbSqlite:203 - Set database path to: C:\Users\KDS-LTP-0415\.stmcufinder\plugins\mcufinder//mcu/cs/
2023-08-14 10:00:04,828 [INFO] RulesReader:64 - Compatibility file has been processed (293 Rules)
2023-08-14 10:00:04,923 [INFO] DbMcusXml:78 - Set database path to: C:\ST\STM32CubeIDE_1.12.1\STM32CubeIDE\plugins\com.st.stm32cube.common.mx_6.8.1.202304191431\\db\/mcu/
2023-08-14 10:00:04,923 [INFO] ApiDb:274 - Set plugin database path to: C:\ST\STM32CubeIDE_1.12.1\STM32CubeIDE\plugins\com.st.stm32cube.common.mx_6.8.1.202304191431\\db\/plugins/boardmanager/
2023-08-14 10:00:04,923 [INFO] ApiDb:261 - Set plugin images path to: C:\ST\STM32CubeIDE_1.12.1\STM32CubeIDE\plugins\com.st.stm32cube.common.mx_6.8.1.202304191431\\db\/plugins/mcufinder/images/
2023-08-14 10:00:04,923 [WARN] DbFile:41 - Overriding database path with different value: C:\Users\KDS-LTP-0415\.stmcufinder\plugins\mcufinder/ => C:\Users\KDS-LTP-0415\.stmcufinder\plugins\mcufinder
2023-08-14 10:00:04,923 [INFO] ApiDb:250 - Set database path to: C:\Users\KDS-LTP-0415\.stmcufinder\plugins\mcufinder//mcu/
2023-08-14 10:00:04,923 [WARN] DbFile:41 - Overriding database path with different value: C:\Users\KDS-LTP-0415\.stmcufinder\plugins\mcufinder/ => C:\Users\KDS-LTP-0415\.stmcufinder\plugins\mcufinder
2023-08-14 10:00:04,923 [INFO] DbMcusAds:125 - Set database path to: C:\Users\KDS-LTP-0415\.stmcufinder\plugins\mcufinder//mcu/
2023-08-14 10:00:04,923 [WARN] DbFile:41 - Overriding database path with different value: C:\Users\KDS-LTP-0415\.stmcufinder\plugins\mcufinder/ => C:\Users\KDS-LTP-0415\.stmcufinder\plugins\mcufinder
2023-08-14 10:00:04,923 [WARN] DbFile:41 - Overriding database path with different value: C:\Users\KDS-LTP-0415\.stmcufinder\plugins\mcufinder/ => C:\Users\KDS-LTP-0415\.stmcufinder\plugins\mcufinder
2023-08-14 10:00:04,923 [INFO] CrossReferenceDbSqlite:203 - Set database path to: C:\Users\KDS-LTP-0415\.stmcufinder\plugins\mcufinder//mcu/cs/
2023-08-14 10:00:05,009 [INFO] MainPanel:253 - HeapMemory: 502267904
2023-08-14 10:00:05,138 [INFO] DbMcusXml:78 - Set database path to: C:\ST\STM32CubeIDE_1.12.1\STM32CubeIDE\plugins\com.st.stm32cube.common.mx_6.8.1.202304191431\\db\/mcu/
2023-08-14 10:00:05,140 [INFO] ApiDb:274 - Set plugin database path to: C:\ST\STM32CubeIDE_1.12.1\STM32CubeIDE\plugins\com.st.stm32cube.common.mx_6.8.1.202304191431\\db\/plugins/boardmanager/
2023-08-14 10:00:05,140 [INFO] ApiDb:261 - Set plugin images path to: C:\ST\STM32CubeIDE_1.12.1\STM32CubeIDE\plugins\com.st.stm32cube.common.mx_6.8.1.202304191431\\db\/plugins/mcufinder/images/
2023-08-14 10:00:05,140 [WARN] DbFile:41 - Overriding database path with different value: C:\Users\KDS-LTP-0415\.stmcufinder\plugins\mcufinder/ => C:\Users\KDS-LTP-0415\.stmcufinder\plugins\mcufinder
2023-08-14 10:00:05,140 [INFO] ApiDb:250 - Set database path to: C:\Users\KDS-LTP-0415\.stmcufinder\plugins\mcufinder//mcu/
2023-08-14 10:00:05,140 [WARN] DbFile:41 - Overriding database path with different value: C:\Users\KDS-LTP-0415\.stmcufinder\plugins\mcufinder/ => C:\Users\KDS-LTP-0415\.stmcufinder\plugins\mcufinder
2023-08-14 10:00:05,140 [INFO] DbMcusAds:125 - Set database path to: C:\Users\KDS-LTP-0415\.stmcufinder\plugins\mcufinder//mcu/
2023-08-14 10:00:05,140 [WARN] DbFile:41 - Overriding database path with different value: C:\Users\KDS-LTP-0415\.stmcufinder\plugins\mcufinder/ => C:\Users\KDS-LTP-0415\.stmcufinder\plugins\mcufinder
2023-08-14 10:00:05,140 [WARN] DbFile:41 - Overriding database path with different value: C:\Users\KDS-LTP-0415\.stmcufinder\plugins\mcufinder/ => C:\Users\KDS-LTP-0415\.stmcufinder\plugins\mcufinder
2023-08-14 10:00:05,140 [INFO] CrossReferenceDbSqlite:203 - Set database path to: C:\Users\KDS-LTP-0415\.stmcufinder\plugins\mcufinder//mcu/cs/
2023-08-14 10:00:05,163 [INFO] ApplicationProperties:184 - Using Application install path: C:\ST\STM32CubeIDE_1.12.1\STM32CubeIDE\plugins\com.st.stm32cube.common.mx_6.8.1.202304191431
2023-08-14 10:00:05,164 [INFO] PluginManage:196 - Search for loadable plugins [exclusion list=, ]
2023-08-14 10:00:05,168 [INFO] PluginManage:310 - Check plugin analytics
2023-08-14 10:00:05,446 [INFO] AnalyticsPlugin:253 - Accepted Software Licenses: STM32CubeMX.6.2.1,STM32CubeMX.6.6.1,STM32CubeMX.6.7.0,STM32CubeMX.6.8.1
2023-08-14 10:00:05,446 [INFO] AnalyticsPlugin:255 - Accepted CMSIS Pack Licenses: EdgeImpulse.osugiw-project-1.1.0.1
2023-08-14 10:00:05,446 [INFO] AnalyticsPlugin:257 - Accepted Firmware Licenses: FW.G0.1.6.0,FW.WB.1.16.0
2023-08-14 10:00:05,450 [INFO] PluginManage:359 - Loaded plugin analytics (category:tool,tabindex:-1)
2023-08-14 10:00:05,452 [INFO] PluginManage:310 - Check plugin cadmodel
2023-08-14 10:00:05,464 [INFO] CADModel:105 - Init CAD model plugin
2023-08-14 10:00:05,464 [INFO] PluginManage:359 - Loaded plugin cadmodel (category:power,tabindex:5)
2023-08-14 10:00:05,465 [INFO] PluginManage:310 - Check plugin clock
2023-08-14 10:00:05,478 [INFO] PluginManage:359 - Loaded plugin clock (category:base,tabindex:2)
2023-08-14 10:00:05,478 [INFO] PluginManage:310 - Check plugin ddr
2023-08-14 10:00:05,483 [INFO] PluginManage:359 - Loaded plugin ddr (category:tool,tabindex:6)
2023-08-14 10:00:05,483 [INFO] PluginManage:310 - Check plugin filemanager
2023-08-14 10:00:05,660 [INFO] PluginManage:359 - Loaded plugin filemanager (category:base,tabindex:10)
2023-08-14 10:00:05,662 [INFO] PluginManage:310 - Check plugin ipmanager
2023-08-14 10:00:05,668 [INFO] PluginManage:359 - Loaded plugin ipmanager (category:base,tabindex:5)
2023-08-14 10:00:05,668 [INFO] PluginManage:310 - Check plugin lpbam
2023-08-14 10:00:05,680 [INFO] PluginManage:359 - Loaded plugin lpbam (category:base,tabindex:0)
2023-08-14 10:00:05,680 [INFO] PluginManage:310 - Check plugin pinoutandconfiguration
2023-08-14 10:00:05,694 [INFO] PluginManage:359 - Loaded plugin pinoutandconfiguration (category:base,tabindex:1)
2023-08-14 10:00:05,694 [INFO] PluginManage:310 - Check plugin pinoutconfig
2023-08-14 10:00:05,830 [WARN] SupportedApi:132 - Cannot load RTOS API schema: s4s-elt-must-match.1: The content of 'definitions' must match (annotation?, (simpleType | complexType)?, (unique | key | keyref)*)). A problem was found starting at: attribute.
2023-08-14 10:00:06,013 [INFO] PluginManage:359 - Loaded plugin pinoutconfig (category:base,tabindex:0)
2023-08-14 10:00:06,013 [INFO] PluginManage:310 - Check plugin power
2023-08-14 10:00:06,033 [INFO] PluginManage:359 - Loaded plugin power (category:power,tabindex:4)
2023-08-14 10:00:06,033 [INFO] PluginManage:310 - Check plugin projectmanager
2023-08-14 10:00:06,057 [INFO] PluginManage:359 - Loaded plugin projectmanager (category:projectmanager,tabindex:3)
2023-08-14 10:00:06,057 [INFO] PluginManage:310 - Check plugin thirdparty
2023-08-14 10:00:06,200 [INFO] PluginManage:359 - Loaded plugin thirdparty (category:base,tabindex:-1)
2023-08-14 10:00:06,199 [WARN] IntegrityCheckThread:84 - waiting for thirdparty lock release [integrity check]
2023-08-14 10:00:06,200 [INFO] PluginManage:310 - Check plugin tools
2023-08-14 10:00:06,200 [INFO] IntegrityCheckThread:86 - entering critical section [integrity check]
2023-08-14 10:00:06,200 [INFO] ThirdPartyUpdaterWithRetryManager:70 - Updater plugin not ready yet. [1/15]
2023-08-14 10:00:06,203 [INFO] PluginManage:359 - Loaded plugin tools (category:base,tabindex:7)
2023-08-14 10:00:06,203 [INFO] PluginManage:310 - Check plugin tutovideos
2023-08-14 10:00:06,450 [INFO] PluginManage:359 - Loaded plugin tutovideos (category:base,tabindex:-1)
2023-08-14 10:00:06,450 [INFO] PluginManage:310 - Check plugin updater
2023-08-14 10:00:06,474 [INFO] PluginManage:359 - Loaded plugin updater (category:base,tabindex:12)
2023-08-14 10:00:06,474 [INFO] PluginManage:283 - PluginManage : Loaded plugins [15]
2023-08-14 10:00:08,130 [INFO] PinOutPanel:1499 - setPackage(No Configuration,No Configuration)
2023-08-14 10:00:08,214 [INFO] CADModel:165 - CPN selected for project level
2023-08-14 10:00:08,214 [INFO] CADModel:114 - Register for checkConnection events
2023-08-14 10:00:08,238 [INFO] IPUIPlugin:80 - create IPUIPlugin
2023-08-14 10:00:08,238 [INFO] PluginManager:220 - loadIPPluginJar : add adc
2023-08-14 10:00:08,242 [INFO] IPUIPlugin:80 - create IPUIPlugin
2023-08-14 10:00:08,242 [INFO] PluginManager:220 - loadIPPluginJar : add aes
2023-08-14 10:00:08,244 [INFO] IPUIPlugin:80 - create IPUIPlugin
2023-08-14 10:00:08,244 [INFO] PluginManager:220 - loadIPPluginJar : add can
2023-08-14 10:00:08,248 [INFO] IPUIPlugin:80 - create IPUIPlugin
2023-08-14 10:00:08,248 [INFO] PluginManager:220 - loadIPPluginJar : add comp
2023-08-14 10:00:08,250 [INFO] IPUIPlugin:80 - create IPUIPlugin
2023-08-14 10:00:08,250 [INFO] PluginManager:220 - loadIPPluginJar : add cryp
2023-08-14 10:00:08,253 [INFO] IPUIPlugin:80 - create IPUIPlugin
2023-08-14 10:00:08,253 [INFO] PluginManager:220 - loadIPPluginJar : add dfsdm
2023-08-14 10:00:08,260 [INFO] IPUIPlugin:80 - create IPUIPlugin
2023-08-14 10:00:08,260 [INFO] PluginManager:220 - loadIPPluginJar : add dma
2023-08-14 10:00:08,264 [INFO] IPUIPlugin:80 - create IPUIPlugin
2023-08-14 10:00:08,264 [INFO] PluginManager:220 - loadIPPluginJar : add dma3
2023-08-14 10:00:08,264 [INFO] IPUIPlugin:80 - create IPUIPlugin
2023-08-14 10:00:08,267 [INFO] PluginManager:220 - loadIPPluginJar : add fatfs
2023-08-14 10:00:08,271 [INFO] IPUIPlugin:80 - create IPUIPlugin
2023-08-14 10:00:08,272 [INFO] PluginManager:220 - loadIPPluginJar : add fmc
2023-08-14 10:00:08,278 [INFO] IPUIPlugin:80 - create IPUIPlugin
2023-08-14 10:00:08,278 [INFO] PluginManager:220 - loadIPPluginJar : add freertos
2023-08-14 10:00:08,280 [INFO] IPUIPlugin:80 - create IPUIPlugin
2023-08-14 10:00:08,280 [INFO] PluginManager:220 - loadIPPluginJar : add genericplugin
2023-08-14 10:00:08,284 [INFO] IPUIPlugin:80 - create IPUIPlugin
2023-08-14 10:00:08,284 [INFO] PluginManager:220 - loadIPPluginJar : add gfxmmu
2023-08-14 10:00:08,303 [INFO] IPUIPlugin:80 - create IPUIPlugin
2023-08-14 10:00:08,303 [INFO] PluginManager:220 - loadIPPluginJar : add gic
2023-08-14 10:00:08,308 [INFO] IPUIPlugin:80 - create IPUIPlugin
2023-08-14 10:00:08,308 [INFO] PluginManager:220 - loadIPPluginJar : add gpio
2023-08-14 10:00:08,312 [INFO] IPUIPlugin:80 - create IPUIPlugin
2023-08-14 10:00:08,312 [INFO] PluginManager:220 - loadIPPluginJar : add gtzc
2023-08-14 10:00:08,315 [INFO] IPUIPlugin:80 - create IPUIPlugin
2023-08-14 10:00:08,315 [INFO] PluginManager:220 - loadIPPluginJar : add hash
2023-08-14 10:00:08,319 [INFO] IPUIPlugin:80 - create IPUIPlugin
2023-08-14 10:00:08,319 [INFO] PluginManager:220 - loadIPPluginJar : add i2c
2023-08-14 10:00:08,322 [INFO] IPUIPlugin:80 - create IPUIPlugin
2023-08-14 10:00:08,322 [INFO] PluginManager:220 - loadIPPluginJar : add i2s
2023-08-14 10:00:08,325 [INFO] IPUIPlugin:80 - create IPUIPlugin
2023-08-14 10:00:08,325 [INFO] PluginManager:220 - loadIPPluginJar : add i3c
2023-08-14 10:00:08,329 [INFO] IPUIPlugin:80 - create IPUIPlugin
2023-08-14 10:00:08,329 [INFO] PluginManager:220 - loadIPPluginJar : add ipddr
2023-08-14 10:00:08,338 [INFO] IPUIPlugin:80 - create IPUIPlugin
2023-08-14 10:00:08,338 [INFO] PluginManager:220 - loadIPPluginJar : add linkedlist
2023-08-14 10:00:08,343 [INFO] IPUIPlugin:80 - create IPUIPlugin
2023-08-14 10:00:08,343 [INFO] PluginManager:220 - loadIPPluginJar : add lorawan
2023-08-14 10:00:08,345 [INFO] IPUIPlugin:80 - create IPUIPlugin
2023-08-14 10:00:08,345 [INFO] PluginManager:220 - loadIPPluginJar : add ltdc
2023-08-14 10:00:08,352 [INFO] IPUIPlugin:80 - create IPUIPlugin
2023-08-14 10:00:08,352 [INFO] PluginManager:220 - loadIPPluginJar : add mdma
2023-08-14 10:00:08,356 [INFO] IPUIPlugin:80 - create IPUIPlugin
2023-08-14 10:00:08,356 [INFO] PluginManager:220 - loadIPPluginJar : add nvic
2023-08-14 10:00:08,358 [INFO] IPUIPlugin:80 - create IPUIPlugin
2023-08-14 10:00:08,358 [INFO] PluginManager:220 - loadIPPluginJar : add opamp
2023-08-14 10:00:08,364 [INFO] IPUIPlugin:80 - create IPUIPlugin
2023-08-14 10:00:08,364 [INFO] PluginManager:220 - loadIPPluginJar : add openamp
2023-08-14 10:00:08,368 [INFO] IPUIPlugin:80 - create IPUIPlugin
2023-08-14 10:00:08,368 [INFO] PluginManager:220 - loadIPPluginJar : add pdm2pcm
2023-08-14 10:00:08,377 [INFO] IPUIPlugin:80 - create IPUIPlugin
2023-08-14 10:00:08,379 [INFO] PluginManager:220 - loadIPPluginJar : add plateformsettings
2023-08-14 10:00:08,381 [INFO] IPUIPlugin:80 - create IPUIPlugin
2023-08-14 10:00:08,381 [INFO] PluginManager:220 - loadIPPluginJar : add quadspi
2023-08-14 10:00:08,386 [INFO] IPUIPlugin:80 - create IPUIPlugin
2023-08-14 10:00:08,386 [INFO] PluginManager:220 - loadIPPluginJar : add resmgrutility
2023-08-14 10:00:08,390 [INFO] IPUIPlugin:80 - create IPUIPlugin
2023-08-14 10:00:08,390 [INFO] PluginManager:220 - loadIPPluginJar : add sai
2023-08-14 10:00:08,393 [INFO] IPUIPlugin:80 - create IPUIPlugin
2023-08-14 10:00:08,393 [INFO] PluginManager:220 - loadIPPluginJar : add spi
2023-08-14 10:00:08,398 [INFO] IPUIPlugin:80 - create IPUIPlugin
2023-08-14 10:00:08,398 [INFO] PluginManager:220 - loadIPPluginJar : add stm32_wpan
2023-08-14 10:00:08,400 [INFO] IPUIPlugin:80 - create IPUIPlugin
2023-08-14 10:00:08,400 [INFO] PluginManager:220 - loadIPPluginJar : add tim
2023-08-14 10:00:08,404 [INFO] IPUIPlugin:80 - create IPUIPlugin
2023-08-14 10:00:08,404 [INFO] PluginManager:220 - loadIPPluginJar : add touchsensing
2023-08-14 10:00:08,406 [INFO] IPUIPlugin:80 - create IPUIPlugin
2023-08-14 10:00:08,406 [INFO] PluginManager:220 - loadIPPluginJar : add tracer_emb
2023-08-14 10:00:08,410 [INFO] IPUIPlugin:80 - create IPUIPlugin
2023-08-14 10:00:08,410 [INFO] PluginManager:220 - loadIPPluginJar : add ts
2023-08-14 10:00:08,412 [INFO] IPUIPlugin:80 - create IPUIPlugin
2023-08-14 10:00:08,412 [INFO] PluginManager:220 - loadIPPluginJar : add tsc
2023-08-14 10:00:08,414 [INFO] IPUIPlugin:80 - create IPUIPlugin
2023-08-14 10:00:08,414 [INFO] PluginManager:220 - loadIPPluginJar : add ucpd
2023-08-14 10:00:08,417 [INFO] IPUIPlugin:80 - create IPUIPlugin
2023-08-14 10:00:08,417 [INFO] PluginManager:220 - loadIPPluginJar : add usart
2023-08-14 10:00:08,420 [INFO] IPUIPlugin:80 - create IPUIPlugin
2023-08-14 10:00:08,420 [INFO] PluginManager:220 - loadIPPluginJar : add usbx
2023-08-14 10:00:08,548 [INFO] CADModel:165 - CPN selected for project level
2023-08-14 10:00:08,549 [INFO] CADModel:114 - Register for checkConnection events
2023-08-14 10:00:08,549 [FATAL] Updater:308 - Updater called before beeing initialized
2023-08-14 10:00:08,549 [ERROR] CADModel:125 - Updater not yet initialized, retry later 
2023-08-14 10:00:08,760 [INFO] CADModel:165 - CPN selected for project level
2023-08-14 10:00:08,760 [INFO] CADModel:114 - Register for checkConnection events
2023-08-14 10:00:08,760 [FATAL] Updater:308 - Updater called before beeing initialized
2023-08-14 10:00:08,760 [ERROR] CADModel:125 - Updater not yet initialized, retry later 
2023-08-14 10:00:08,764 [FATAL] Updater:308 - Updater called before beeing initialized
2023-08-14 10:00:08,908 [FATAL] Updater:308 - Updater called before beeing initialized
2023-08-14 10:00:08,915 [INFO] DbMcusAds:53 - JSON generation date=Tue Mar 07 15:50:55 ICT 2023 (1678179055114)
2023-08-14 10:00:08,915 [FATAL] Updater:308 - Updater called before beeing initialized
2023-08-14 10:00:08,958 [WARN] DetailPanel:346 - Failed to get advertising image, set to default
2023-08-14 10:00:09,120 [FATAL] Updater:308 - Updater called before beeing initialized
2023-08-14 10:00:09,124 [FATAL] Updater:308 - Updater called before beeing initialized
2023-08-14 10:00:09,124 [FATAL] Updater:308 - Updater called before beeing initialized
2023-08-14 10:00:09,124 [WARN] DetailPanel:346 - Failed to get advertising image, set to default
2023-08-14 10:00:09,126 [FATAL] Updater:308 - Updater called before beeing initialized
2023-08-14 10:00:09,176 [ERROR] Updater:1120 - MainUpdater not yet initialized. External WinMGr cannot be set.
2023-08-14 10:00:09,180 [INFO] Updater:1056 - Updater Version found : 6.8.1
2023-08-14 10:00:09,203 [INFO] ApplicationProperties:184 - Using Application install path: C:\ST\STM32CubeIDE_1.12.1\STM32CubeIDE\plugins\com.st.stm32cube.common.mx_6.8.1.202304191431
2023-08-14 10:00:09,212 [INFO] ThirdPartyUpdaterWithRetryManager:70 - Updater plugin not ready yet. [2/15]
2023-08-14 10:00:09,318 [INFO] MainUpdater:519 - Copy updater definitions from MX database
2023-08-14 10:00:09,463 [INFO] MainUpdater:2854 - connection check result : 10
2023-08-14 10:00:09,463 [INFO] MainUpdater:3548 - Updater definition file requires update
2023-08-14 10:00:09,466 [INFO] MainUpdater:283 - Updater Check For Update Now.
2023-08-14 10:00:09,466 [INFO] MicroXplorer:498 - Change Database Version : DB.6.0.81
2023-08-14 10:00:09,551 [INFO] ServerAccessManage:473 - Download File updaters.zip
2023-08-14 10:00:09,636 [INFO] FileExtend:240 - Unzip File : updaters.zip
2023-08-14 10:00:09,636 [INFO] FileExtend:255 - Standard Zip Deflate
2023-08-14 10:00:09,933 [INFO] ServerAccessManage:473 - Download File PacksControlFlags.xml
2023-08-14 10:00:09,978 [INFO] ServerAccessManage:473 - Download File cubemx.pidx
2023-08-14 10:00:10,355 [INFO] ServerAccessManage:473 - Download File STMicroelectronics.X-CUBE-BLE1.pdsc
2023-08-14 10:00:11,225 [ERROR] ServerAccessManage:1089 - Problem, file not found on Server
2023-08-14 10:00:11,826 [WARN] PackLoader:240 - Cannot read IP mode file for STMicroelectronics.X-CUBE-BLE1.7.0.0
2023-08-14 10:00:11,828 [INFO] PopulateThirdPartyThread:66 - Ending populate Thread
2023-08-14 10:00:11,834 [INFO] ThirdParty:1030 - CMSIS Pack Vendor :STMicroelectronics X-CUBE-BLE1 7.0.0
2023-08-14 10:00:11,834 [INFO] LoadServerUpdatesThread:373 - End of LoadServerUpdate Thread
2023-08-14 10:00:11,974 [INFO] CheckServerUpdateThread:120 - End of CheckServer Thread
2023-08-14 10:00:11,990 [INFO] MainUpdater:2854 - connection check result : 10
2023-08-14 10:00:12,046 [INFO] MicroXplorer:468 - Change Database Path : 
2023-08-14 10:00:12,046 [INFO] MicroXplorer:498 - Change Database Version : DB.6.0.81
2023-08-14 10:00:12,046 [WARN] ThirdParty:871 - waiting for thirdparty lock release [close project]
2023-08-14 10:00:12,414 [WARN] PackLoader:240 - Cannot read IP mode file for STMicroelectronics.X-CUBE-SMBUS.2.1.0
2023-08-14 10:00:12,438 [WARN] PackLoader:240 - Cannot read IP mode file for STMicroelectronics.X-CUBE-AZRTOS-F7.1.1.0
2023-08-14 10:00:12,448 [ERROR] RealEvaluatedCondition:428 - Found unsupported composite condition: GROUP='STM32_MetaDataManager' CLASS='Data Exchange'
2023-08-14 10:00:12,448 [ERROR] RealEvaluatedCondition:428 - Found unsupported composite condition: GROUP='STM32_MetaDataManager' CLASS='Data Exchange'
2023-08-14 10:00:12,448 [WARN] PackLoader:240 - Cannot read IP mode file for STMicroelectronics.FP-SNS-MOTENV1.4.3.0
2023-08-14 10:00:12,462 [WARN] PackLoader:240 - Cannot read IP mode file for STMicroelectronics.FP-SNS-MOTENV1.4.3.2
2023-08-14 10:00:12,470 [WARN] PackLoader:240 - Cannot read IP mode file for STMicroelectronics.FP-SNS-FLIGHT1.5.0.0
2023-08-14 10:00:12,475 [ERROR] RealEvaluatedCondition:428 - Found unsupported composite condition: GROUP='STM32_MetaDataManager' CLASS='Data Exchange'
2023-08-14 10:00:12,475 [ERROR] RealEvaluatedCondition:428 - Found unsupported composite condition: CLASS='Data Exchange' GROUP='STM32_MetaDataManager'
2023-08-14 10:00:12,477 [WARN] PackLoader:240 - Cannot read IP mode file for STMicroelectronics.FP-SNS-MOTENV1.4.3.1
2023-08-14 10:00:12,483 [WARN] PackLoader:240 - Cannot read IP mode file for STMicroelectronics.FP-SNS-FLIGHT1.5.0.1
2023-08-14 10:00:12,489 [WARN] PackLoader:240 - Cannot read IP mode file for STMicroelectronics.X-CUBE-BLE1.6.2.3
2023-08-14 10:00:12,495 [WARN] PackLoader:240 - Cannot read IP mode file for STMicroelectronics.X-CUBE-BLE1.6.2.4
2023-08-14 10:00:12,501 [WARN] PackLoader:240 - Cannot read IP mode file for STMicroelectronics.FP-SNS-FLIGHT1.5.0.2
2023-08-14 10:00:12,513 [WARN] PackLoader:240 - Cannot read IP mode file for STMicroelectronics.X-CUBE-TOF1.3.1.0
2023-08-14 10:00:12,529 [WARN] PackLoader:240 - Cannot read IP mode file for STMicroelectronics.X-CUBE-DISPLAY.3.0.0
2023-08-14 10:00:12,539 [WARN] PackLoader:240 - Cannot read IP mode file for STMicroelectronics.X-CUBE-BLE1.7.0.0
2023-08-14 10:00:12,547 [WARN] PackLoader:240 - Cannot read IP mode file for emotas.I-CUBE-CANOPEN.1.3.0
2023-08-14 10:00:12,553 [WARN] PackLoader:240 - Cannot read IP mode file for STMicroelectronics.X-CUBE-TOUCHGFX.4.22.0
2023-08-14 10:00:12,605 [WARN] PackLoader:240 - Cannot read IP mode file for STMicroelectronics.X-CUBE-MEMS1.9.3.0
2023-08-14 10:00:12,766 [WARN] PackLoader:240 - Cannot read IP mode file for STMicroelectronics.X-CUBE-AI.7.2.0
2023-08-14 10:00:12,778 [INFO] LogOutputStream:77 - [STDOUT_REDIRECT] 1 : Invalid condition id : UX_CORESTACK_Condition cause : null
2023-08-14 10:00:12,778 [INFO] LogOutputStream:77 - [STDOUT_REDIRECT] 1 : Invalid condition id : UX_CORESTACK_Condition cause : null
2023-08-14 10:00:12,781 [INFO] LogOutputStream:77 - [STDOUT_REDIRECT] 1 : Invalid condition id : UX_CORESTACK_Condition cause : null
2023-08-14 10:00:12,782 [INFO] LogOutputStream:77 - [STDOUT_REDIRECT] 1 : Invalid condition id : UX_CORESTACK_Condition cause : null
2023-08-14 10:00:12,799 [INFO] LogOutputStream:77 - [STDOUT_REDIRECT] 1 : Invalid condition id : UX_CORESTACK_Condition cause : null
2023-08-14 10:00:12,805 [WARN] PackLoader:240 - Cannot read IP mode file for STMicroelectronics.X-CUBE-AZRTOS-WL.2.0.0
2023-08-14 10:00:12,814 [WARN] PackLoader:240 - Cannot read IP mode file for WES.I-CUBE-Cesium.1.3.0
2023-08-14 10:00:12,821 [WARN] PackLoader:240 - Cannot read IP mode file for STMicroelectronics.X-CUBE-BLE2.3.3.0
2023-08-14 10:00:12,827 [WARN] PackLoader:240 - Cannot read IP mode file for STMicroelectronics.X-CUBE-DISPLAY.2.2.0
2023-08-14 10:00:12,840 [WARN] PackLoader:240 - Cannot read IP mode file for STMicroelectronics.X-CUBE-TOF1.3.2.0
2023-08-14 10:00:12,854 [WARN] PackLoader:240 - Cannot read IP mode file for STMicroelectronics.X-CUBE-ISPU.1.0.0
2023-08-14 10:00:12,876 [WARN] PackLoader:240 - Cannot read IP mode file for STMicroelectronics.X-CUBE-AZRTOS-H7.2.1.0
2023-08-14 10:00:12,883 [WARN] PackLoader:240 - Cannot read IP mode file for STMicroelectronics.X-CUBE-TOUCHGFX.4.21.1
2023-08-14 10:00:12,886 [WARN] PackLoader:240 - Cannot read IP mode file for STMicroelectronics.X-CUBE-TOUCHGFX.4.21.3
2023-08-14 10:00:12,890 [WARN] PackLoader:240 - Cannot read IP mode file for STMicroelectronics.X-CUBE-TOUCHGFX.4.21.4
2023-08-14 10:00:12,960 [WARN] PackLoader:240 - Cannot read IP mode file for STMicroelectronics.X-CUBE-MEMS1.9.4.0
2023-08-14 10:00:13,094 [WARN] PackLoader:240 - Cannot read IP mode file for STMicroelectronics.X-CUBE-AI.7.3.0
2023-08-14 10:00:13,134 [WARN] PackLoader:240 - Cannot read IP mode file for STMicroelectronics.X-CUBE-ALGOBUILD.1.3.0
2023-08-14 10:00:13,147 [WARN] PackLoader:240 - Cannot read IP mode file for STMicroelectronics.X-CUBE-AZRTOS-G0.1.1.0
2023-08-14 10:00:13,154 [WARN] PackLoader:240 - Cannot read IP mode file for STMicroelectronics.X-CUBE-NFC4.3.0.0
2023-08-14 10:00:13,188 [WARN] PackLoader:240 - Cannot read IP mode file for SEGGER.I-CUBE-embOS.1.2.0
2023-08-14 10:00:13,236 [WARN] PackLoader:240 - Cannot read IP mode file for STMicroelectronics.X-CUBE-BLEMGR.1.3.0
2023-08-14 10:00:13,243 [WARN] PackLoader:240 - Cannot read IP mode file for STMicroelectronics.FP-ATR-SIGFOX1.3.2.0
2023-08-14 10:00:13,248 [WARN] PackLoader:240 - Cannot read IP mode file for emotas.I-CUBE-CANOPEN.1.1.2
2023-08-14 10:00:13,250 [WARN] PackLoader:240 - Cannot read IP mode file for STMicroelectronics.X-CUBE-TOUCHGFX.4.20.0
2023-08-14 10:00:13,283 [WARN] PackLoader:240 - Cannot read IP mode file for STMicroelectronics.X-CUBE-MEMS1.9.5.0
2023-08-14 10:00:13,433 [WARN] PackLoader:240 - Cannot read IP mode file for SEGGER.I-CUBE-embOS.1.3.1
2023-08-14 10:00:13,456 [WARN] PackLoader:240 - Cannot read IP mode file for STMicroelectronics.X-CUBE-GNSS1.6.0.0
2023-08-14 10:00:13,478 [WARN] PackLoader:240 - Cannot read IP mode file for STMicroelectronics.X-CUBE-AZRTOS-F4.1.1.0
2023-08-14 10:00:13,486 [WARN] PackLoader:240 - Cannot read IP mode file for wolfSSL.I-CUBE-wolfSSL.5.6.3
2023-08-14 10:00:13,488 [WARN] PackLoader:240 - Cannot read IP mode file for wolfSSL.I-CUBE-wolfSSL.5.6.0
2023-08-14 10:00:13,496 [WARN] PackLoader:240 - Cannot read IP mode file for STMicroelectronics.X-CUBE-BLEMGR.1.2.0
2023-08-14 10:00:13,514 [WARN] PackLoader:240 - Cannot read IP mode file for STMicroelectronics.X-CUBE-AZRTOS-L5.2.0.0
2023-08-14 10:00:13,556 [WARN] PackLoader:240 - Cannot read IP mode file for STMicroelectronics.X-CUBE-MEMS1.9.6.0
2023-08-14 10:00:13,694 [WARN] PackLoader:240 - Cannot read IP mode file for emotas.I-CUBE-CANOPEN.1.1.3
2023-08-14 10:00:13,710 [WARN] PackLoader:240 - Cannot read IP mode file for STMicroelectronics.X-CUBE-BLEMGR.2.0.0
2023-08-14 10:00:13,716 [WARN] PackLoader:240 - Cannot read IP mode file for STMicroelectronics.X-CUBE-NFC4.2.0.5
2023-08-14 10:00:13,723 [WARN] PackLoader:240 - Cannot read IP mode file for STMicroelectronics.X-CUBE-NFC4.2.0.4
2023-08-14 10:00:13,740 [WARN] ConditionMgr:438 - getConditionDescription Invalid condition id : UX DEVICE CLASS RTOS Condition cause : null
2023-08-14 10:00:13,740 [WARN] ConditionMgr:438 - getConditionDescription Invalid condition id : UX DEVICE CLASS RTOS Condition cause : null
2023-08-14 10:00:13,744 [WARN] PackLoader:240 - Cannot read IP mode file for STMicroelectronics.X-CUBE-AZRTOS-H7.3.1.0
2023-08-14 10:00:13,746 [WARN] ConditionMgr:1039 - genDependencies : Invalid condition id : UX DEVICE CLASS RTOS Condition cause : null
2023-08-14 10:00:13,746 [WARN] ConditionMgr:1039 - genDependencies : Invalid condition id : UX DEVICE CLASS RTOS Condition cause : null
2023-08-14 10:00:13,746 [WARN] ConditionMgr:1039 - genDependencies : Invalid condition id : UX DEVICE CLASS RTOS Condition cause : null
2023-08-14 10:00:13,746 [WARN] ConditionMgr:1039 - genDependencies : Invalid condition id : UX DEVICE CLASS RTOS Condition cause : null
2023-08-14 10:00:13,746 [WARN] ConditionMgr:1039 - genDependencies : Invalid condition id : UX DEVICE CLASS RTOS Condition cause : null
2023-08-14 10:00:13,752 [WARN] PackLoader:240 - Cannot read IP mode file for STMicroelectronics.X-CUBE-NFC7.1.0.1
2023-08-14 10:00:13,756 [WARN] PackLoader:240 - Cannot read IP mode file for STMicroelectronics.X-CUBE-NFC7.1.0.0
2023-08-14 10:00:13,763 [WARN] PackLoader:240 - Cannot read IP mode file for STMicroelectronics.X-CUBE-EEPRMA1.4.1.0
2023-08-14 10:00:13,766 [WARN] PackLoader:240 - Cannot read IP mode file for STMicroelectronics.X-CUBE-AI.8.1.0
2023-08-14 10:00:13,786 [WARN] ConditionMgr:438 - getConditionDescription Invalid condition id : LAN8742 Phy interface Condition cause : null
2023-08-14 10:00:13,786 [WARN] PackLoader:240 - Cannot read IP mode file for STMicroelectronics.X-CUBE-AZRTOS-L4.2.0.0
2023-08-14 10:00:13,786 [WARN] ConditionMgr:1039 - genDependencies : Invalid condition id : LAN8742 Phy interface Condition cause : null
2023-08-14 10:00:13,788 [WARN] ConditionMgr:1039 - genDependencies : Invalid condition id : LAN8742 Phy interface Condition cause : null
2023-08-14 10:00:13,788 [WARN] ConditionMgr:1039 - genDependencies : Invalid condition id : LAN8742 Phy interface Condition cause : null
2023-08-14 10:00:13,794 [WARN] PackLoader:240 - Cannot read IP mode file for STMicroelectronics.X-CUBE-SFXS2LP1.4.0.0
2023-08-14 10:00:13,817 [WARN] PackLoader:240 - Cannot read IP mode file for STMicroelectronics.X-CUBE-AZRTOS-H7.3.0.0
2023-08-14 10:00:13,822 [WARN] PackLoader:240 - Cannot read IP mode file for STMicroelectronics.X-CUBE-ISPU.1.1.0
2023-08-14 10:00:13,828 [WARN] PackLoader:240 - Cannot read IP mode file for RoweBots.I-CUBE-UNISONRTOS.5.5.0-4
2023-08-14 10:00:13,834 [WARN] PackLoader:240 - Cannot read IP mode file for wolfSSL.I-CUBE-wolfSSL.5.4.0
2023-08-14 10:00:13,838 [WARN] PackLoader:240 - Cannot read IP mode file for STMicroelectronics.X-CUBE-AI.8.0.0
2023-08-14 10:00:13,850 [WARN] ConditionMgr:438 - getConditionDescription Invalid condition id : UX DEVICE CLASS RTOS Condition cause : null
2023-08-14 10:00:13,850 [WARN] ConditionMgr:438 - getConditionDescription Invalid condition id : UX DEVICE CLASS RTOS Condition cause : null
2023-08-14 10:00:13,854 [WARN] PackLoader:240 - Cannot read IP mode file for STMicroelectronics.X-CUBE-AZRTOS-WB.2.0.0
2023-08-14 10:00:13,854 [WARN] ConditionMgr:1039 - genDependencies : Invalid condition id : UX DEVICE CLASS RTOS Condition cause : null
2023-08-14 10:00:13,854 [WARN] ConditionMgr:1039 - genDependencies : Invalid condition id : UX DEVICE CLASS RTOS Condition cause : null
2023-08-14 10:00:13,856 [WARN] ConditionMgr:1039 - genDependencies : Invalid condition id : UX DEVICE CLASS RTOS Condition cause : null
2023-08-14 10:00:13,856 [WARN] ConditionMgr:1039 - genDependencies : Invalid condition id : UX DEVICE CLASS RTOS Condition cause : null
2023-08-14 10:00:13,856 [WARN] ConditionMgr:1039 - genDependencies : Invalid condition id : UX DEVICE CLASS RTOS Condition cause : null
2023-08-14 10:00:13,862 [WARN] PackLoader:240 - Cannot read IP mode file for STMicroelectronics.X-CUBE-FREERTOS.1.0.0
2023-08-14 10:00:13,866 [WARN] PackLoader:240 - Cannot read IP mode file for STMicroelectronics.X-CUBE-FREERTOS.1.0.1
2023-08-14 10:00:13,873 [WARN] PackLoader:240 - Cannot read IP mode file for STMicroelectronics.X-CUBE-BLEMGR.1.0.0
2023-08-14 10:00:13,888 [WARN] PackLoader:240 - Cannot read IP mode file for STMicroelectronics.X-CUBE-AZRTOS-L5.1.1.0
2023-08-14 10:00:13,894 [WARN] PackLoader:240 - Cannot read IP mode file for STMicroelectronics.X-CUBE-AI.8.0.1
2023-08-14 10:00:13,928 [WARN] PackLoader:240 - Cannot read IP mode file for STMicroelectronics.X-CUBE-SUBG2.5.0.0
2023-08-14 10:00:13,936 [WARN] PackLoader:240 - Cannot read IP mode file for STMicroelectronics.X-CUBE-TOF1.3.3.1
2023-08-14 10:00:13,954 [WARN] PackLoader:240 - Cannot read IP mode file for STMicroelectronics.X-CUBE-AZRTOS-G4.2.0.0
2023-08-14 10:00:13,963 [WARN] PackLoader:240 - Cannot read IP mode file for STMicroelectronics.X-CUBE-TOF1.3.3.0
2023-08-14 10:00:13,971 [WARN] PackLoader:240 - Cannot read IP mode file for STMicroelectronics.FP-ATR-ASTRA1.1.1.1
2023-08-14 10:00:13,973 [WARN] PackLoader:240 - Cannot read IP mode file for STMicroelectronics.FP-ATR-ASTRA1.1.1.0
2023-08-14 10:00:13,990 [WARN] PackLoader:240 - Cannot read IP mode file for STMicroelectronics.X-CUBE-AZRTOS-G4.1.0.0
2023-08-14 10:00:14,003 [WARN] PackLoader:240 - Cannot read IP mode file for STMicroelectronics.X-CUBE-AZRTOS-L4.1.0.0
2023-08-14 10:00:14,014 [WARN] PackLoader:240 - Cannot read IP mode file for STMicroelectronics.X-CUBE-AZRTOS-WL.1.0.0
2023-08-14 10:00:14,020 [WARN] PackLoader:240 - Cannot read IP mode file for portGmbH.I-Cube-SoM-uGOAL.1.1.0
2023-08-14 10:00:14,024 [WARN] PackLoader:240 - Cannot read IP mode file for STMicroelectronics.X-CUBE-ALS.1.0.1
2023-08-14 10:00:14,033 [WARN] PackLoader:240 - Cannot read IP mode file for STMicroelectronics.X-CUBE-AZRTOS-WB.1.1.0
2023-08-14 10:00:14,043 [WARN] PackLoader:240 - Cannot read IP mode file for STMicroelectronics.X-CUBE-AZRTOS-L5.1.0.0
2023-08-14 10:00:14,048 [WARN] PackLoader:240 - Cannot read IP mode file for STMicroelectronics.X-CUBE-EEPRMA1.3.1.1
2023-08-14 10:00:14,050 [WARN] PackLoader:240 - Cannot read IP mode file for STMicroelectronics.FP-ATR-ASTRA1.2.0.0
2023-08-14 10:00:14,050 [INFO] ThirdParty:978 - Integrity check success = true
2023-08-14 10:00:14,050 [INFO] IntegrityCheckThread:100 - exiting critical section [integrity check]
2023-08-14 10:00:14,050 [INFO] IntegrityCheckThread:103 - End integrity checks thread
2023-08-14 10:00:14,052 [INFO] ThirdParty:873 - entering critical section [close project]
2023-08-14 10:00:14,053 [INFO] ThirdParty:883 - exiting critical section [close project]
2023-08-14 10:00:14,058 [INFO] PinOutPanel:1499 - setPackage(No Configuration,No Configuration)
2023-08-14 10:00:14,064 [INFO] UtilMem:75 - Begin LoadConfig() Used Memory: 513846824 Bytes (683671552)
2023-08-14 10:00:14,066 [INFO] MicroXplorer:468 - Change Database Path : 
2023-08-14 10:00:14,066 [INFO] MicroXplorer:498 - Change Database Version : DB.6.0.81
2023-08-14 10:00:14,066 [INFO] OpenFileManager:308 - Change cursor
2023-08-14 10:00:14,213 [INFO] Mcu:1937 - Initializing MCU STM32G030K(6-8)Tx STM32G030K6Tx STM32G030K6T6
2023-08-14 10:00:36,522 [INFO] Context:659 - Trying to add GPIOservice into a context  which must be forbidden
2023-08-14 10:00:37,186 [INFO] RtosManager:555 - Registered RTOS mode: class=CMSIS, group=RTOS, mode=CMSIS_V1, owner=FREERTOS
2023-08-14 10:00:37,188 [INFO] RtosManager:555 - Registered RTOS mode: class=CMSIS, group=RTOS2, mode=CMSIS_V2, owner=FREERTOS
2023-08-14 10:00:37,188 [INFO] RtosManager:555 - Registered RTOS mode: class=RTOS, group=Core, mode=CMSIS_V1, owner=FREERTOS
2023-08-14 10:00:37,188 [INFO] RtosManager:555 - Registered RTOS mode: class=RTOS, group=Core, mode=CMSIS_V2, owner=FREERTOS
2023-08-14 10:00:37,188 [WARN] ModelIntegratedComponent:184 - Missing modes for component STMicroelectronics:FreeRTOS:0.0.1:STMicroelectronics:RTOS:FreeRTOS:Core:::10.2.0:
2023-08-14 10:00:37,196 [WARN] ModelIntegratedComponent:63 - No mode defined for component null
2023-08-14 10:00:37,196 [WARN] ModelIntegratedComponent:63 - No mode defined for component null
2023-08-14 10:00:37,196 [WARN] ModelIntegratedComponent:63 - No mode defined for component null
2023-08-14 10:00:37,196 [WARN] ModelIntegratedComponent:63 - No mode defined for component null
2023-08-14 10:00:37,196 [WARN] ModelIntegratedComponent:63 - No mode defined for component null
2023-08-14 10:00:37,196 [WARN] ModelIntegratedComponent:63 - No mode defined for component null
2023-08-14 10:00:37,196 [WARN] ModelIntegratedComponent:63 - No mode defined for component null
2023-08-14 10:00:37,196 [WARN] ModelIntegratedComponent:63 - No mode defined for component null
2023-08-14 10:00:37,196 [WARN] ModelIntegratedComponent:63 - No mode defined for component null
2023-08-14 10:00:37,196 [WARN] ModelIntegratedComponent:63 - No mode defined for component null
2023-08-14 10:00:37,196 [WARN] ModelIntegratedComponent:63 - No mode defined for component null
2023-08-14 10:00:37,196 [WARN] ModelIntegratedComponent:63 - No mode defined for component null
2023-08-14 10:00:37,196 [WARN] ModelIntegratedComponent:63 - No mode defined for component null
2023-08-14 10:00:37,196 [WARN] ModelIntegratedComponent:63 - No mode defined for component null
2023-08-14 10:00:37,196 [WARN] ModelIntegratedComponent:63 - No mode defined for component null
2023-08-14 10:00:37,196 [WARN] ModelIntegratedComponent:63 - No mode defined for component null
2023-08-14 10:00:37,196 [WARN] ModelIntegratedComponent:63 - No mode defined for component null
2023-08-14 10:00:37,196 [WARN] ModelIntegratedComponent:63 - No mode defined for component null
2023-08-14 10:00:37,196 [WARN] ModelIntegratedComponent:63 - No mode defined for component null
2023-08-14 10:00:37,196 [WARN] ModelIntegratedComponent:63 - No mode defined for component null
2023-08-14 10:00:37,196 [WARN] ModelIntegratedComponent:63 - No mode defined for component null
2023-08-14 10:00:37,198 [WARN] ModelIntegratedComponent:63 - No mode defined for component null
2023-08-14 10:00:37,198 [WARN] ModelIntegratedComponent:63 - No mode defined for component null
2023-08-14 10:00:37,198 [WARN] ModelIntegratedComponent:63 - No mode defined for component null
2023-08-14 10:00:37,198 [WARN] ModelIntegratedComponent:63 - No mode defined for component null
2023-08-14 10:00:37,198 [WARN] ModelIntegratedComponent:63 - No mode defined for component null
2023-08-14 10:00:37,198 [WARN] ModelIntegratedComponent:63 - No mode defined for component null
2023-08-14 10:00:37,198 [WARN] ModelIntegratedComponent:63 - No mode defined for component null
2023-08-14 10:00:37,198 [WARN] ModelIntegratedComponent:63 - No mode defined for component null
2023-08-14 10:00:37,198 [WARN] ModelIntegratedComponent:63 - No mode defined for component null
2023-08-14 10:00:37,198 [WARN] ModelIntegratedComponent:63 - No mode defined for component null
2023-08-14 10:00:37,198 [WARN] ModelIntegratedComponent:63 - No mode defined for component null
2023-08-14 10:00:37,198 [WARN] ModelIntegratedComponent:63 - No mode defined for component null
2023-08-14 10:00:37,434 [INFO] ThirdPartyModel:298 - Start build external matchings
2023-08-14 10:00:38,247 [INFO] ThirdPartyModel:316 - End build external matchings
2023-08-14 10:00:38,290 [INFO] ImportTextPane:194 - (OptionalMessage_ERROR) IP (DMA) : Parameter (Instance) has Id (ADC1) currently not set
2023-08-14 10:00:38,292 [INFO] ImportTextPane:194 - (OptionalMessage_ERROR) IP (DMA) : Parameter (Request) has Id (ADC1) currently not set
2023-08-14 10:00:38,292 [INFO] ImportTextPane:194 - (OptionalMessage_ERROR) IP (DMA) : Parameter (Direction) has Id (ADC1) currently not set
2023-08-14 10:00:38,292 [INFO] ImportTextPane:194 - (OptionalMessage_ERROR) IP (DMA) : Parameter (PeriphInc) has Id (ADC1) currently not set
2023-08-14 10:00:38,292 [INFO] ImportTextPane:194 - (OptionalMessage_ERROR) IP (DMA) : Parameter (MemInc) has Id (ADC1) currently not set
2023-08-14 10:00:38,293 [INFO] ImportTextPane:194 - (OptionalMessage_ERROR) IP (DMA) : Parameter (PeriphDataAlignment) has Id (ADC1) currently not set
2023-08-14 10:00:38,293 [INFO] ImportTextPane:194 - (OptionalMessage_ERROR) IP (DMA) : Parameter (MemDataAlignment) has Id (ADC1) currently not set
2023-08-14 10:00:38,293 [INFO] ImportTextPane:194 - (OptionalMessage_ERROR) IP (DMA) : Parameter (Mode) has Id (ADC1) currently not set
2023-08-14 10:00:38,293 [INFO] ImportTextPane:194 - (OptionalMessage_ERROR) IP (DMA) : Parameter (Priority) has Id (ADC1) currently not set
2023-08-14 10:00:38,293 [INFO] ImportTextPane:194 - (OptionalMessage_ERROR) IP (DMA) : Parameter (SignalID) has Id (ADC1) currently not set
2023-08-14 10:00:38,293 [INFO] ImportTextPane:194 - (OptionalMessage_ERROR) IP (DMA) : Parameter (Polarity) has Id (ADC1) currently not set
2023-08-14 10:00:38,293 [INFO] ImportTextPane:194 - (OptionalMessage_ERROR) IP (DMA) : Parameter (RequestNumber) has Id (ADC1) currently not set
2023-08-14 10:00:38,293 [INFO] ImportTextPane:194 - (OptionalMessage_ERROR) IP (DMA) : Parameter (SyncSignalID) has Id (ADC1) currently not set
2023-08-14 10:00:38,294 [INFO] ImportTextPane:194 - (OptionalMessage_ERROR) IP (DMA) : Parameter (SyncPolarity) has Id (ADC1) currently not set
2023-08-14 10:00:38,294 [INFO] ImportTextPane:194 - (OptionalMessage_ERROR) IP (DMA) : Parameter (SyncEnable) has Id (ADC1) currently not set
2023-08-14 10:00:38,294 [INFO] ImportTextPane:194 - (OptionalMessage_ERROR) IP (DMA) : Parameter (EventEnable) has Id (ADC1) currently not set
2023-08-14 10:00:38,294 [INFO] ImportTextPane:194 - (OptionalMessage_ERROR) IP (DMA) : Parameter (SyncRequestNumber) has Id (ADC1) currently not set
2023-08-14 10:00:38,314 [WARN] IP:2113 - FIFOMode not found: check if there is a RefParameter without a condition.
2023-08-14 10:00:38,314 [WARN] IP:2113 - TXFIFOThreshold not found: check if there is a RefParameter without a condition.
2023-08-14 10:00:38,314 [WARN] IP:2113 - RXFIFOThreshold not found: check if there is a RefParameter without a condition.
2023-08-14 10:00:38,314 [WARN] IP:2113 - AutoBaudRateEnableParam not found: check if there is a RefParameter without a condition.
2023-08-14 10:00:40,257 [INFO] UtilMem:75 - End LoadConfig() Used Memory: 510546944 Bytes (683671552)
2023-08-14 10:00:41,876 [INFO] ApiDb:581 - Connected to CubeFinder SQLite database (C:\Users\KDS-LTP-0415\.stmcufinder\plugins\mcufinder\mcu\cube-finder-db.db)
2023-08-14 10:00:41,963 [INFO] ApiDb:668 - CubeFinder database Data Model version=2.1
2023-08-14 10:00:41,963 [INFO] ApiDb:669 - CubeFinder database Configuration version=3.0.37
2023-08-14 10:00:41,964 [INFO] ApiDb:670 - CubeFinder database generation date=2023-06-26 (1687786131)
2023-08-14 10:00:41,965 [INFO] ApiDb:671 - CubeFinder database FW Pack versions=[FP-ATR-ASTRA1_V2.0.0, FP-SNS-FLIGHT1_V5.0.1, FP-SNS-MOTENV1_V4.3.1, STM32Cube_FW_C0_V1.1.0, STM32Cube_FW_F4_V1.27.1, STM32Cube_FW_F7_V1.17.0, STM32Cube_FW_G0_V1.6.1, STM32Cube_FW_G4_V1.5.1, STM32Cube_FW_H5_V0.5.1, STM32Cube_FW_H5_V1.1.0, STM32Cube_FW_H7_V1.11.0, STM32Cube_FW_L0_V1.12.2, STM32Cube_FW_L5_V1.5.0, STM32Cube_FW_U5_V1.3.0, STM32Cube_FW_U5_V1.3.0RC4, STM32Cube_FW_WBA_V1.0.0RC1, STM32Cube_FW_WBA_V1.1.0, STM32Cube_FW_WBA_V1.1.0RC1, STM32Cube_FW_WB_V1.15.0RC1, STM32Cube_FW_WB_V1.16.0, STM32Cube_FW_WB_V1.16.0RC2, STM32Cube_FW_WB_V1.17.0, STM32Cube_FW_WL_V1.3.0, X-CUBE-ALGOBUILD_V1.3.0, X-CUBE-ALS_V1.0.1, X-CUBE-AZRTOS-F4_V1.1.0, X-CUBE-AZRTOS-F7_V1.1.0, X-CUBE-AZRTOS-G0_V1.1.0, X-CUBE-AZRTOS-G4_V2.0.0, X-CUBE-AZRTOS-H7_V3.1.0, X-CUBE-AZRTOS-L4_V1.0.0, X-CUBE-AZRTOS-L4_V2.0.0, X-CUBE-AZRTOS-L5_V1.1.0, X-CUBE-AZRTOS-WB_V1.1.0, X-CUBE-AZRTOS-WL_V2.0.0, X-CUBE-BLE1_V6.2.4, X-CUBE-BLE2_V3.3.0, X-CUBE-BLEMGR_V2.0.0, X-CUBE-EEPRMA1_V4.1.0, X-CUBE-FREERTOS_V1.0.1, X-CUBE-GNSS1_V6.0.0, X-CUBE-MEMS1_V9.1.0, X-CUBE-MEMS1_V9.4.0, X-CUBE-MEMS1_V9.6.0, X-CUBE-NFC4_V3.0.0, X-CUBE-NFC7_V1.0.0, X-CUBE-SFXS2LP1_V4.0.0, X-CUBE-SUBG2_V5.0.0]
2023-08-14 10:00:44,258 [INFO] ApiDb:240 - Found 297 in-development CPN: [B-G473E-ZEST1S, B-WB1M-WPAN1, B-WL5M-SUBG1, NUCLEO-C031C6, NUCLEO-H503RB, NUCLEO-H563ZI, NUCLEO-U545RE-Q, NUCLEO-U5A5ZJ-Q, NUCLEO-WBA52CG, STEVAL-PROTEUS1, STEVAL-STWINBX1, STM320518-EVAL, STM32C0116-DK, STM32C011D6Y3TR, STM32C011D6Y6TR, STM32C011F4P3, STM32C011F4P6, STM32C011F4U3, STM32C011F4U6TR, STM32C011F6P3, STM32C011F6P6, STM32C011F6U3, STM32C011F6U6TR, STM32C011J4M3, STM32C011J4M6, STM32C011J6M3, STM32C011J6M6, STM32C0316-DK, STM32C031C4T3, STM32C031C4T6, STM32C031C4U3, STM32C031C4U6, STM32C031C6T3, STM32C031C6T6, STM32C031C6U3, STM32C031C6U6, STM32C031F4P3, STM32C031F4P6, STM32C031F6P3, STM32C031F6P6, STM32C031G4U3, STM32C031G4U6, STM32C031G6U3, STM32C031G6U6, STM32C031K4T3, STM32C031K4T6, STM32C031K4U3, STM32C031K4U6, STM32C031K6T3, STM32C031K6T6, STM32C031K6U3, STM32C031K6U6, STM32G071K8TXN, STM32G071K8UXN, STM32G081GBU6N, STM32G081KBT6N, STM32G081KBUXN, STM32G0B1CCT6N, STM32G0B1KCT6, STM32G0B1NEY6TR, STM32G0B1RCT6N, STM32G0C1CCT6, STM32G0C1CCT6N, STM32G0C1CCU6N, STM32G0C1CET6N, STM32G0C1CEU6N, STM32G0C1KCT6, STM32G0C1NEY6TR, STM32G0C1RCI6N, STM32G0C1RCT6N, STM32G0C1REI6N, STM32G0C1RET6N, STM32G0C1VCI6, STM32G0C1VEI6, STM32G471CCT6, STM32G471CCU6, STM32G471CET3, STM32G471CET6, STM32G471CEU3, STM32G471CEU6, STM32G471MCT6, STM32G471MET3, STM32G471MET6, STM32G471MEY6TR, STM32G471QCT6, STM32G471QET3, STM32G471RCT6, STM32G471RET3, STM32G471RET6, STM32G471VCH6, STM32G471VCI6, STM32G471VCT6, STM32G471VEH3, STM32G471VEH6, STM32G471VEI3, STM32G471VEI6, STM32G471VET3, STM32G471VET6, STM32G474CCT6, STM32H503CBT6, STM32H503CBU6, STM32H503EBY6TR, STM32H503KBU6, STM32H503RBT6, STM32H562AGI6, STM32H562AII6, STM32H562IGK6, STM32H562IGT6, STM32H562IIK6, STM32H562IIT6, STM32H562RGT6, STM32H562RGV6, STM32H562RIT6, STM32H562RIV6, STM32H562VGT6, STM32H562VIT6, STM32H562ZGT6, STM32H562ZIT6, STM32H563AGI6, STM32H563AII3Q, STM32H563AII6, STM32H563IGK6, STM32H563IGT6, STM32H563IIK3Q, STM32H563IIK6, STM32H563IIT3Q, STM32H563IIT6, STM32H563MIY3QTR, STM32H563RGT6, STM32H563RGV6, STM32H563RIT6, STM32H563RIV6, STM32H563VGT6, STM32H563VIT3Q, STM32H563VIT6, STM32H563ZGT6, STM32H563ZIT3Q, STM32H563ZIT6, STM32H573AII3Q, STM32H573AII6, STM32H573I-DK, STM32H573IIK3Q, STM32H573IIK6, STM32H573IIT3Q, STM32H573IIT6, STM32H573MIY3QTR, STM32H573RIT6, STM32H573RIV6, STM32H573VIT3Q, STM32H573VIT6, STM32H573ZIT3Q, STM32H573ZIT6, STM32L4R5QGI6STR, STM32MP131AAE3, STM32MP131AAF3, STM32MP131AAG3, STM32MP131CAE3, STM32MP131CAF3, STM32MP131CAG3, STM32MP131DAE7, STM32MP131DAF7, STM32MP131DAG7, STM32MP131FAE7, STM32MP131FAF7, STM32MP131FAG7, STM32MP133AAE3, STM32MP133AAF3, STM32MP133AAG3, STM32MP133CAE3, STM32MP133CAF3, STM32MP133CAG3, STM32MP133DAE7, STM32MP133DAF7, STM32MP133DAG7, STM32MP133FAE7, STM32MP133FAF7, STM32MP133FAG7, STM32MP135AAE3, STM32MP135AAF3, STM32MP135AAG3, STM32MP135CAE3, STM32MP135CAF3, STM32MP135CAG3, STM32MP135DAE7, STM32MP135DAF7, STM32MP135DAG7, STM32MP135F-DK, STM32MP135FAE7, STM32MP135FAF7, STM32MP135FAF7T, STM32MP135FAF7U, STM32MP135FAG7, STM32U535CBT6, STM32U535CBT6Q, STM32U535CBU6, STM32U535CBU6Q, STM32U535CCT6, STM32U535CCT6Q, STM32U535CCU6, STM32U535CCU6Q, STM32U535CET6, STM32U535CET6Q, STM32U535CEU6, STM32U535CEU6Q, STM32U535JEY6QTR, STM32U535NCY6QTR, STM32U535NEY6QTR, STM32U535RBI6, STM32U535RBI6Q, STM32U535RBT6, STM32U535RBT6Q, STM32U535RCI6, STM32U535RCI6Q, STM32U535RCT6, STM32U535RCT6Q, STM32U535REI6, STM32U535REI6Q, STM32U535RET6, STM32U535RET6Q, STM32U535VCI6, STM32U535VCI6Q, STM32U535VCT6, STM32U535VCT6Q, STM32U535VEI6, STM32U535VEI6Q, STM32U535VET6, STM32U535VET6Q, STM32U545CET6, STM32U545CET6Q, STM32U545CEU6, STM32U545CEU6Q, STM32U545JEY6QTR, STM32U545NEY6QTR, STM32U545REI6, STM32U545REI6Q, STM32U545RET6, STM32U545RET6Q, STM32U545VEI6, STM32U545VEI6Q, STM32U545VET6, STM32U545VET6Q, STM32U595AIH6, STM32U595AIH6Q, STM32U595AJH6, STM32U595AJH6Q, STM32U595QII6, STM32U595QII6Q, STM32U595QJI6, STM32U595QJI6Q, STM32U595RIT6, STM32U595RIT6Q, STM32U595RJT6, STM32U595RJT6Q, STM32U595VIT6, STM32U595VIT6Q, STM32U595VJT6, STM32U595VJT6Q, STM32U595ZIT6, STM32U595ZIT6Q, STM32U595ZIY6QTR, STM32U595ZJT6, STM32U595ZJT6Q, STM32U595ZJY6QTR, STM32U599BJY6QTR, STM32U599NIH6Q, STM32U599NJH6Q, STM32U599VIT6Q, STM32U599VJT6, STM32U599VJT6Q, STM32U599ZIT6Q, STM32U599ZIY6QTR, STM32U599ZJT6Q, STM32U599ZJY6QTR, STM32U5A5AJH6, STM32U5A5AJH6Q, STM32U5A5QJI6, STM32U5A5QJI6Q, STM32U5A5RJT6, STM32U5A5RJT6Q, STM32U5A5VJT6, STM32U5A5VJT6Q, STM32U5A5ZJT6, STM32U5A5ZJT6Q, STM32U5A5ZJY6QTR, STM32U5A9BJY6QTR, STM32U5A9J-DK, STM32U5A9NJH6Q, STM32U5A9VJT6Q, STM32U5A9ZJT6Q, STM32U5A9ZJY6QTR, STM32WB1MMCH6, STM32WBA52CEU6, STM32WBA52CEU6T, STM32WBA52CGU6, STM32WBA52CGU6T, STM32WL5MOCH6, STM32WL5MOCH6TR]
2023-08-14 10:00:44,264 [INFO] DbMcus:216 - Found 3825 MCUs, 3825 are supported
2023-08-14 10:00:44,266 [INFO] ApiDb:423 - Load user favorites file C:\Users\KDS-LTP-0415/.stm32cubeide/favorites.mcus.txt: 0 item(s)
2023-08-14 10:00:44,266 [INFO] ApiDb:427 - User favorites MCUs=[]
2023-08-14 10:00:44,266 [INFO] DbMcus:222 - Set 0 / 0 favorites MCUs
2023-08-14 10:00:44,648 [WARN] ThirdParty:833 - waiting for thirdparty lock release [change project]
2023-08-14 10:00:44,648 [INFO] ThirdParty:835 - entering critical section [change project]
2023-08-14 10:00:44,648 [INFO] ThirdParty:1030 - CMSIS Pack Vendor :STMicroelectronics X-CUBE-GNSS1 6.0.0
2023-08-14 10:00:44,648 [INFO] ThirdParty:1030 - CMSIS Pack Vendor :STMicroelectronics USB_HOST 2.0.0
2023-08-14 10:00:44,648 [INFO] ThirdParty:1030 - CMSIS Pack Vendor :STMicroelectronics X-CUBE-AZRTOS-F4 1.1.0
2023-08-14 10:00:44,648 [INFO] ThirdParty:1030 - CMSIS Pack Vendor :STMicroelectronics LIBJPEG 8.0.0
2023-08-14 10:00:44,648 [INFO] ThirdParty:1030 - CMSIS Pack Vendor :wolfSSL I-CUBE-wolfSSL 5.6.3
2023-08-14 10:00:44,648 [INFO] ThirdParty:1030 - CMSIS Pack Vendor :STMicroelectronics X-CUBE-SMBUS 2.1.0
2023-08-14 10:00:44,650 [INFO] ThirdParty:1030 - CMSIS Pack Vendor :wolfSSL I-CUBE-wolfSSL 5.6.0
2023-08-14 10:00:44,650 [INFO] ThirdParty:1030 - CMSIS Pack Vendor :STMicroelectronics X-CUBE-BLEMGR 1.2.0
2023-08-14 10:00:44,650 [INFO] ThirdParty:1030 - CMSIS Pack Vendor :STMicroelectronics X-CUBE-AZRTOS-F7 1.1.0
2023-08-14 10:00:44,650 [INFO] ThirdParty:1030 - CMSIS Pack Vendor :STMicroelectronics X-CUBE-AZRTOS-L5 2.0.0
2023-08-14 10:00:44,650 [INFO] ThirdParty:1030 - CMSIS Pack Vendor :STMicroelectronics USB_DEVICE 2.0.0
2023-08-14 10:00:44,650 [INFO] ThirdParty:1030 - CMSIS Pack Vendor :STMicroelectronics X-CUBE-MEMS1 9.6.0
2023-08-14 10:00:44,650 [INFO] ThirdParty:1030 - CMSIS Pack Vendor :STMicroelectronics FP-SNS-MOTENV1 4.3.0
2023-08-14 10:00:44,650 [INFO] ThirdParty:1030 - CMSIS Pack Vendor :STMicroelectronics FP-SNS-MOTENV1 4.3.2
2023-08-14 10:00:44,650 [INFO] ThirdParty:1030 - CMSIS Pack Vendor :STMicroelectronics FP-SNS-FLIGHT1 5.0.0
2023-08-14 10:00:44,650 [INFO] ThirdParty:1030 - CMSIS Pack Vendor :STMicroelectronics FP-SNS-MOTENV1 4.3.1
2023-08-14 10:00:44,650 [INFO] ThirdParty:1030 - CMSIS Pack Vendor :STMicroelectronics FP-SNS-FLIGHT1 5.0.1
2023-08-14 10:00:44,650 [INFO] ThirdParty:1030 - CMSIS Pack Vendor :STMicroelectronics X-CUBE-BLE1 6.2.3
2023-08-14 10:00:44,650 [INFO] ThirdParty:1030 - CMSIS Pack Vendor :STMicroelectronics X-CUBE-BLE1 6.2.4
2023-08-14 10:00:44,650 [INFO] ThirdParty:1030 - CMSIS Pack Vendor :STMicroelectronics FreeRTOS 0.0.1
2023-08-14 10:00:44,650 [INFO] ThirdParty:1030 - CMSIS Pack Vendor :emotas I-CUBE-CANOPEN 1.1.3
2023-08-14 10:00:44,650 [INFO] ThirdParty:1030 - CMSIS Pack Vendor :STMicroelectronics X-CUBE-BLEMGR 2.0.0
2023-08-14 10:00:44,650 [INFO] ThirdParty:1030 - CMSIS Pack Vendor :STMicroelectronics FP-SNS-FLIGHT1 5.0.2
2023-08-14 10:00:44,650 [INFO] ThirdParty:1030 - CMSIS Pack Vendor :STMicroelectronics X-CUBE-NFC4 2.0.5
2023-08-14 10:00:44,650 [INFO] ThirdParty:1030 - CMSIS Pack Vendor :STMicroelectronics X-CUBE-NFC4 2.0.4
2023-08-14 10:00:44,650 [INFO] ThirdParty:1030 - CMSIS Pack Vendor :STMicroelectronics X-CUBE-AZRTOS-H7 3.1.0
2023-08-14 10:00:44,650 [INFO] ThirdParty:1030 - CMSIS Pack Vendor :STMicroelectronics PDM2PCM 3.3.0
2023-08-14 10:00:44,650 [INFO] ThirdParty:1030 - CMSIS Pack Vendor :STMicroelectronics X-CUBE-TOF1 3.1.0
2023-08-14 10:00:44,650 [INFO] ThirdParty:1030 - CMSIS Pack Vendor :STMicroelectronics X-CUBE-DISPLAY 3.0.0
2023-08-14 10:00:44,650 [INFO] ThirdParty:1030 - CMSIS Pack Vendor :STMicroelectronics X-CUBE-BLE1 7.0.0
2023-08-14 10:00:44,650 [INFO] ThirdParty:1030 - CMSIS Pack Vendor :STMicroelectronics HAL Drivers 0.0.0
2023-08-14 10:00:44,650 [INFO] ThirdParty:1030 - CMSIS Pack Vendor :emotas I-CUBE-CANOPEN 1.3.0
2023-08-14 10:00:44,650 [INFO] ThirdParty:1030 - CMSIS Pack Vendor :STMicroelectronics X-CUBE-TOUCHGFX 4.22.0
2023-08-14 10:00:44,650 [INFO] ThirdParty:1030 - CMSIS Pack Vendor :STMicroelectronics X-CUBE-NFC7 1.0.1
2023-08-14 10:00:44,650 [INFO] ThirdParty:1030 - CMSIS Pack Vendor :STMicroelectronics MBEDTLS 2.14.1
2023-08-14 10:00:44,650 [INFO] ThirdParty:1030 - CMSIS Pack Vendor :STMicroelectronics X-CUBE-NFC7 1.0.0
2023-08-14 10:00:44,650 [INFO] ThirdParty:1030 - CMSIS Pack Vendor :STMicroelectronics X-CUBE-MEMS1 9.3.0
2023-08-14 10:00:44,650 [INFO] ThirdParty:1030 - CMSIS Pack Vendor :STMicroelectronics X-CUBE-EEPRMA1 4.1.0
2023-08-14 10:00:44,650 [INFO] ThirdParty:1030 - CMSIS Pack Vendor :STMicroelectronics X-CUBE-AI 7.2.0
2023-08-14 10:00:44,650 [INFO] ThirdParty:1030 - CMSIS Pack Vendor :STMicroelectronics X-CUBE-AZRTOS-WL 2.0.0
2023-08-14 10:00:44,650 [INFO] ThirdParty:1030 - CMSIS Pack Vendor :STMicroelectronics USB_DEVICE 1.0.0
2023-08-14 10:00:44,650 [INFO] ThirdParty:1030 - CMSIS Pack Vendor :STMicroelectronics X-CUBE-AI 8.1.0
2023-08-14 10:00:44,650 [INFO] ThirdParty:1030 - CMSIS Pack Vendor :STMicroelectronics X-CUBE-AZRTOS-L4 2.0.0
2023-08-14 10:00:44,650 [INFO] ThirdParty:1030 - CMSIS Pack Vendor :STMicroelectronics ThreadX 0.0.2
2023-08-14 10:00:44,650 [INFO] ThirdParty:1030 - CMSIS Pack Vendor :WES I-CUBE-Cesium 1.3.0
2023-08-14 10:00:44,650 [INFO] ThirdParty:1030 - CMSIS Pack Vendor :STMicroelectronics lwIP 2.1.2
2023-08-14 10:00:44,650 [INFO] ThirdParty:1030 - CMSIS Pack Vendor :STMicroelectronics X-CUBE-SFXS2LP1 4.0.0
2023-08-14 10:00:44,650 [INFO] ThirdParty:1030 - CMSIS Pack Vendor :STMicroelectronics X-CUBE-BLE2 3.3.0
2023-08-14 10:00:44,650 [INFO] ThirdParty:1030 - CMSIS Pack Vendor :STMicroelectronics X-CUBE-DISPLAY 2.2.0
2023-08-14 10:00:44,650 [INFO] ThirdParty:1030 - CMSIS Pack Vendor :STMicroelectronics X-CUBE-TOF1 3.2.0
2023-08-14 10:00:44,650 [INFO] ThirdParty:1030 - CMSIS Pack Vendor :STMicroelectronics PDM2PCM 3.2.0
2023-08-14 10:00:44,650 [INFO] ThirdParty:1030 - CMSIS Pack Vendor :STMicroelectronics X-CUBE-AZRTOS-H7 3.0.0
2023-08-14 10:00:44,650 [INFO] ThirdParty:1030 - CMSIS Pack Vendor :STMicroelectronics X-CUBE-ISPU 1.0.0
2023-08-14 10:00:44,650 [INFO] ThirdParty:1030 - CMSIS Pack Vendor :STMicroelectronics X-CUBE-ISPU 1.1.0
2023-08-14 10:00:44,650 [INFO] ThirdParty:1030 - CMSIS Pack Vendor :RoweBots I-CUBE-UNISONRTOS 5.5.0-4
2023-08-14 10:00:44,650 [INFO] ThirdParty:1030 - CMSIS Pack Vendor :STMicroelectronics X-CUBE-AZRTOS-H7 2.1.0
2023-08-14 10:00:44,650 [INFO] ThirdParty:1030 - CMSIS Pack Vendor :wolfSSL I-CUBE-wolfSSL 5.4.0
2023-08-14 10:00:44,650 [INFO] ThirdParty:1030 - CMSIS Pack Vendor :STMicroelectronics USB_DEVICE 3.0.0
2023-08-14 10:00:44,650 [INFO] ThirdParty:1030 - CMSIS Pack Vendor :STMicroelectronics X-CUBE-AI 8.0.0
2023-08-14 10:00:44,650 [INFO] ThirdParty:1030 - CMSIS Pack Vendor :STMicroelectronics X-CUBE-AZRTOS-WB 2.0.0
2023-08-14 10:00:44,650 [INFO] ThirdParty:1030 - CMSIS Pack Vendor :STMicroelectronics X-CUBE-FREERTOS 1.0.0
2023-08-14 10:00:44,650 [INFO] ThirdParty:1030 - CMSIS Pack Vendor :STMicroelectronics X-CUBE-FREERTOS 1.0.1
2023-08-14 10:00:44,652 [INFO] ThirdParty:1030 - CMSIS Pack Vendor :STMicroelectronics X-CUBE-TOUCHGFX 4.21.1
2023-08-14 10:00:44,652 [INFO] ThirdParty:1030 - CMSIS Pack Vendor :STMicroelectronics X-CUBE-TOUCHGFX 4.21.3
2023-08-14 10:00:44,652 [INFO] ThirdParty:1030 - CMSIS Pack Vendor :STMicroelectronics X-CUBE-BLEMGR 1.0.0
2023-08-14 10:00:44,652 [INFO] ThirdParty:1030 - CMSIS Pack Vendor :STMicroelectronics X-CUBE-TOUCHGFX 4.21.4
2023-08-14 10:00:44,652 [INFO] ThirdParty:1030 - CMSIS Pack Vendor :STMicroelectronics X-CUBE-MEMS1 9.4.0
2023-08-14 10:00:44,652 [INFO] ThirdParty:1030 - CMSIS Pack Vendor :STMicroelectronics X-CUBE-AI 7.3.0
2023-08-14 10:00:44,652 [INFO] ThirdParty:1030 - CMSIS Pack Vendor :EdgeImpulse osugiw-project-1 1.0.1
2023-08-14 10:00:44,652 [INFO] ThirdParty:1030 - CMSIS Pack Vendor :STMicroelectronics X-CUBE-ALGOBUILD 1.3.0
2023-08-14 10:00:44,652 [INFO] ThirdParty:1030 - CMSIS Pack Vendor :STMicroelectronics X-CUBE-AZRTOS-L5 1.1.0
2023-08-14 10:00:44,652 [INFO] ThirdParty:1030 - CMSIS Pack Vendor :STMicroelectronics X-CUBE-AZRTOS-G0 1.1.0
2023-08-14 10:00:44,653 [INFO] ThirdParty:1030 - CMSIS Pack Vendor :STMicroelectronics X-CUBE-AI 8.0.1
2023-08-14 10:00:44,653 [INFO] ThirdParty:1030 - CMSIS Pack Vendor :STMicroelectronics X-CUBE-NFC4 3.0.0
2023-08-14 10:00:44,653 [INFO] ThirdParty:1030 - CMSIS Pack Vendor :SEGGER I-CUBE-embOS 1.2.0
2023-08-14 10:00:44,653 [INFO] ThirdParty:1030 - CMSIS Pack Vendor :STMicroelectronics X-CUBE-SUBG2 5.0.0
2023-08-14 10:00:44,653 [INFO] ThirdParty:1030 - CMSIS Pack Vendor :STMicroelectronics STM32_WPAN 1.0.0
2023-08-14 10:00:44,653 [INFO] ThirdParty:1030 - CMSIS Pack Vendor :STMicroelectronics lwIP 2.0.3
2023-08-14 10:00:44,653 [INFO] ThirdParty:1030 - CMSIS Pack Vendor :STMicroelectronics USB_HOST 1.0.0
2023-08-14 10:00:44,653 [INFO] ThirdParty:1030 - CMSIS Pack Vendor :STMicroelectronics X-CUBE-TOF1 3.3.1
2023-08-14 10:00:44,653 [INFO] ThirdParty:1030 - CMSIS Pack Vendor :STMicroelectronics X-CUBE-AZRTOS-G4 2.0.0
2023-08-14 10:00:44,653 [INFO] ThirdParty:1030 - CMSIS Pack Vendor :STMicroelectronics PDM2PCM 3.1.0
2023-08-14 10:00:44,653 [INFO] ThirdParty:1030 - CMSIS Pack Vendor :STMicroelectronics X-CUBE-TOF1 3.3.0
2023-08-14 10:00:44,653 [INFO] ThirdParty:1030 - CMSIS Pack Vendor :STMicroelectronics FP-ATR-ASTRA1 1.1.1
2023-08-14 10:00:44,653 [INFO] ThirdParty:1030 - CMSIS Pack Vendor :STMicroelectronics FP-ATR-ASTRA1 1.1.0
2023-08-14 10:00:44,653 [INFO] ThirdParty:1030 - CMSIS Pack Vendor :STMicroelectronics X-CUBE-BLEMGR 1.3.0
2023-08-14 10:00:44,653 [INFO] ThirdParty:1030 - CMSIS Pack Vendor :STMicroelectronics FP-ATR-SIGFOX1 3.2.0
2023-08-14 10:00:44,653 [INFO] ThirdParty:1030 - CMSIS Pack Vendor :STMicroelectronics X-CUBE-AZRTOS-G4 1.0.0
2023-08-14 10:00:44,653 [INFO] ThirdParty:1030 - CMSIS Pack Vendor :STMicroelectronics X-CUBE-AZRTOS-L4 1.0.0
2023-08-14 10:00:44,653 [INFO] ThirdParty:1030 - CMSIS Pack Vendor :STMicroelectronics MBEDTLS 2.16.2
2023-08-14 10:00:44,653 [INFO] ThirdParty:1030 - CMSIS Pack Vendor :emotas I-CUBE-CANOPEN 1.1.2
2023-08-14 10:00:44,653 [INFO] ThirdParty:1030 - CMSIS Pack Vendor :STMicroelectronics X-CUBE-TOUCHGFX 4.20.0
2023-08-14 10:00:44,654 [INFO] ThirdParty:1030 - CMSIS Pack Vendor :STMicroelectronics X-CUBE-AZRTOS-WL 1.0.0
2023-08-14 10:00:44,654 [INFO] ThirdParty:1030 - CMSIS Pack Vendor :portGmbH I-Cube-SoM-uGOAL 1.1.0
2023-08-14 10:00:44,654 [INFO] ThirdParty:1030 - CMSIS Pack Vendor :STMicroelectronics X-CUBE-ALS 1.0.1
2023-08-14 10:00:44,654 [INFO] ThirdParty:1030 - CMSIS Pack Vendor :STMicroelectronics X-CUBE-MEMS1 9.5.0
2023-08-14 10:00:44,654 [INFO] ThirdParty:1030 - CMSIS Pack Vendor :STMicroelectronics ThreadX 1.0.0
2023-08-14 10:00:44,654 [INFO] ThirdParty:1030 - CMSIS Pack Vendor :STMicroelectronics X-CUBE-AZRTOS-WB 1.1.0
2023-08-14 10:00:44,654 [INFO] ThirdParty:1030 - CMSIS Pack Vendor :SEGGER I-CUBE-embOS 1.3.1
2023-08-14 10:00:44,654 [INFO] ThirdParty:1030 - CMSIS Pack Vendor :STMicroelectronics X-CUBE-AZRTOS-L5 1.0.0
2023-08-14 10:00:44,654 [INFO] ThirdParty:1030 - CMSIS Pack Vendor :STMicroelectronics X-CUBE-EEPRMA1 3.1.1
2023-08-14 10:00:44,654 [INFO] ThirdParty:1030 - CMSIS Pack Vendor :STMicroelectronics FP-ATR-ASTRA1 2.0.0
2023-08-14 10:00:44,654 [INFO] ThirdParty:841 - exiting critical section [change project]
2023-08-14 10:00:44,950 [INFO] PinOutPanel:1499 - setPackage(No Configuration,No Configuration)
2023-08-14 10:00:44,954 [INFO] PinOutPanel:1499 - setPackage(STM32G030K6Tx,LQFP32)
2023-08-14 10:00:45,440 [INFO] UtilMem:75 - Before build in PCC Used Memory: 540851936 Bytes (683671552)
2023-08-14 10:00:46,460 [INFO] UtilMem:75 - After build in PCC Used Memory: 542928280 Bytes (683671552)
2023-08-14 10:00:46,480 [INFO] IPUIPlugin:80 - create IPUIPlugin
2023-08-14 10:00:46,482 [INFO] IPUIPlugin:80 - create IPUIPlugin
2023-08-14 10:00:46,482 [INFO] IPUIPlugin:80 - create IPUIPlugin
2023-08-14 10:00:46,482 [INFO] IPUIPlugin:80 - create IPUIPlugin
2023-08-14 10:00:46,482 [INFO] IPUIPlugin:80 - create IPUIPlugin
2023-08-14 10:00:46,482 [INFO] IPUIPlugin:80 - create IPUIPlugin
2023-08-14 10:00:46,483 [INFO] IPUIPlugin:80 - create IPUIPlugin
2023-08-14 10:00:46,483 [INFO] IPUIPlugin:80 - create IPUIPlugin
2023-08-14 10:00:46,483 [INFO] IPUIPlugin:80 - create IPUIPlugin
2023-08-14 10:00:46,483 [INFO] IPUIPlugin:80 - create IPUIPlugin
2023-08-14 10:00:46,483 [INFO] IPUIPlugin:80 - create IPUIPlugin
2023-08-14 10:00:46,483 [INFO] IPUIPlugin:80 - create IPUIPlugin
2023-08-14 10:00:46,484 [INFO] IPUIPlugin:80 - create IPUIPlugin
2023-08-14 10:00:46,484 [INFO] IPUIPlugin:80 - create IPUIPlugin
2023-08-14 10:00:46,484 [INFO] IPUIPlugin:80 - create IPUIPlugin
2023-08-14 10:00:46,484 [INFO] IPUIPlugin:80 - create IPUIPlugin
2023-08-14 10:00:46,484 [INFO] IPUIPlugin:80 - create IPUIPlugin
2023-08-14 10:00:46,484 [INFO] IPUIPlugin:80 - create IPUIPlugin
2023-08-14 10:00:46,484 [INFO] IPUIPlugin:80 - create IPUIPlugin
2023-08-14 10:00:46,484 [INFO] IPUIPlugin:80 - create IPUIPlugin
2023-08-14 10:00:46,484 [INFO] IPUIPlugin:80 - create IPUIPlugin
2023-08-14 10:00:46,484 [INFO] IPUIPlugin:80 - create IPUIPlugin
2023-08-14 10:00:46,484 [INFO] IPUIPlugin:80 - create IPUIPlugin
2023-08-14 10:00:46,484 [INFO] IPUIPlugin:80 - create IPUIPlugin
2023-08-14 10:00:46,484 [INFO] IPUIPlugin:80 - create IPUIPlugin
2023-08-14 10:00:46,498 [WARN] IP:2113 - FIFOMode not found: check if there is a RefParameter without a condition.
2023-08-14 10:00:46,498 [WARN] IP:2113 - TXFIFOThreshold not found: check if there is a RefParameter without a condition.
2023-08-14 10:00:46,498 [WARN] IP:2113 - RXFIFOThreshold not found: check if there is a RefParameter without a condition.
2023-08-14 10:00:46,498 [WARN] IP:2113 - AutoBaudRateEnableParam not found: check if there is a RefParameter without a condition.
2023-08-14 10:00:46,728 [INFO] CADModel:165 - CPN selected for project levelSTM32G030K6T6
2023-08-14 10:00:46,728 [INFO] CADModel:114 - Register for checkConnection events
2023-08-14 10:00:46,801 [INFO] OpenFileManager:328 - Restore cursor
2023-08-14 10:00:46,946 [WARN] IP:2113 - FIFOMode not found: check if there is a RefParameter without a condition.
2023-08-14 10:00:46,946 [WARN] IP:2113 - TXFIFOThreshold not found: check if there is a RefParameter without a condition.
2023-08-14 10:00:46,946 [WARN] IP:2113 - RXFIFOThreshold not found: check if there is a RefParameter without a condition.
2023-08-14 10:00:46,946 [WARN] IP:2113 - AutoBaudRateEnableParam not found: check if there is a RefParameter without a condition.
2023-08-14 10:00:46,948 [WARN] IP:2113 - FIFOMode not found: check if there is a RefParameter without a condition.
2023-08-14 10:00:46,948 [WARN] IP:2113 - TXFIFOThreshold not found: check if there is a RefParameter without a condition.
2023-08-14 10:00:46,948 [WARN] IP:2113 - RXFIFOThreshold not found: check if there is a RefParameter without a condition.
2023-08-14 10:00:46,950 [WARN] IP:2113 - AutoBaudRateEnableParam not found: check if there is a RefParameter without a condition.
2023-08-14 10:01:55,451 [INFO] NvicIntPanel:101 - NVIC parent = com.st.microxplorer.plugins.ip.nvic.MultiNvicIntPanel[,0,0,0x0,invalid,layout=javax.swing.BoxLayout,alignmentX=0.0,alignmentY=0.0,border=,flags=9,maximumSize=,minimumSize=,preferredSize=]
2023-08-14 10:01:59,993 [INFO] NvicIntPanel:101 - NVIC parent = com.st.microxplorer.plugins.ip.nvic.MultiNvicIntPanel[,0,0,0x0,invalid,layout=javax.swing.BoxLayout,alignmentX=0.0,alignmentY=0.0,border=,flags=9,maximumSize=,minimumSize=,preferredSize=]
2023-08-14 10:02:04,913 [INFO] NvicIntPanel:101 - NVIC parent = com.st.microxplorer.plugins.ip.nvic.MultiNvicIntPanel[,0,0,0x0,invalid,layout=javax.swing.BoxLayout,alignmentX=0.0,alignmentY=0.0,border=,flags=9,maximumSize=,minimumSize=,preferredSize=]
2023-08-14 10:04:13,380 [INFO] UtilMem:75 - End SaveConfig() Used Memory: 590703320 Bytes (683671552)
2023-08-14 10:04:13,466 [INFO] UtilMem:75 - End SaveConfig() Used Memory: 599622864 Bytes (683671552)
2023-08-14 10:04:14,057 [INFO] UtilMem:75 - End SaveConfig() Used Memory: 565919864 Bytes (683671552)
2023-08-14 10:04:15,000 [INFO] BlockDiagram:2759 - set Specific Code input for plugin: NVIC
2023-08-14 10:04:15,000 [INFO] BlockDiagram:2759 - set Specific Code input for plugin: USART
2023-08-14 10:04:15,000 [INFO] BlockDiagram:2759 - set Specific Code input for plugin: DMA
2023-08-14 10:04:15,000 [INFO] BlockDiagram:2759 - set Specific Code input for plugin: TIM1_8G0
2023-08-14 10:04:15,000 [INFO] BlockDiagram:2759 - set Specific Code input for plugin: TIM1_8G0
2023-08-14 10:04:15,000 [INFO] BlockDiagram:2759 - set Specific Code input for plugin: TIM1_8G0
2023-08-14 10:04:15,000 [INFO] BlockDiagram:2759 - set Specific Code input for plugin: SYS
2023-08-14 10:04:15,002 [INFO] BlockDiagram:2759 - set Specific Code input for plugin: GPIO
2023-08-14 10:04:15,003 [INFO] BlockDiagram:2759 - set Specific Code input for plugin: ADC
2023-08-14 10:04:15,003 [INFO] BlockDiagram:2759 - set Specific Code input for plugin: RCC
2023-08-14 10:04:15,006 [INFO] CodeGenerator:793 - code generatio: config db path: C:\ST\STM32CubeIDE_1.12.1\STM32CubeIDE\plugins\com.st.stm32cube.common.mx_6.8.1.202304191431\\db\
2023-08-14 10:04:15,052 [WARN] IP:2113 - FIFOMode not found: check if there is a RefParameter without a condition.
2023-08-14 10:04:15,052 [WARN] IP:2113 - TXFIFOThreshold not found: check if there is a RefParameter without a condition.
2023-08-14 10:04:15,053 [WARN] IP:2113 - RXFIFOThreshold not found: check if there is a RefParameter without a condition.
2023-08-14 10:04:15,053 [WARN] IP:2113 - AutoBaudRateEnableParam not found: check if there is a RefParameter without a condition.
2023-08-14 10:04:15,410 [INFO] CodeEngine:255 - oldGeneratedFile, D:\Project\Rice Cooker\RiceCooker_v0\CubeIDE\MXTmpFiles\license.tmp_save
2023-08-14 10:04:15,846 [INFO] CodeEngine:279 - Generated code: D:\Project\Rice Cooker\RiceCooker_v0\CubeIDE\MXTmpFiles\license.tmp
2023-08-14 10:04:16,080 [INFO] CodeEngine:255 - oldGeneratedFile, D:\Project\Rice Cooker\RiceCooker_v0\CubeIDE\MXTmpFiles\gpio.tmp_save
2023-08-14 10:04:16,239 [INFO] CodeEngine:279 - Generated code: D:\Project\Rice Cooker\RiceCooker_v0\CubeIDE\MXTmpFiles\gpio.tmp
2023-08-14 10:04:17,578 [INFO] CodeEngine:255 - oldGeneratedFile, D:\Project\Rice Cooker\RiceCooker_v0\CubeIDE\MXTmpFiles\dma.tmp_save
2023-08-14 10:04:17,680 [INFO] CodeEngine:279 - Generated code: D:\Project\Rice Cooker\RiceCooker_v0\CubeIDE\MXTmpFiles\dma.tmp
2023-08-14 10:04:17,684 [INFO] CodeEngine:255 - oldGeneratedFile, D:\Project\Rice Cooker\RiceCooker_v0\CubeIDE\MXTmpFiles\dma_GV.tmp_save
2023-08-14 10:04:17,792 [INFO] CodeEngine:279 - Generated code: D:\Project\Rice Cooker\RiceCooker_v0\CubeIDE\MXTmpFiles\dma_GV.tmp
2023-08-14 10:04:17,816 [INFO] CodeEngine:255 - oldGeneratedFile, D:\Project\Rice Cooker\RiceCooker_v0\CubeIDE\Core\Src\stm32g0xx_it.c_save
2023-08-14 10:04:17,964 [INFO] CodeEngine:279 - Generated code: D:\Project\Rice Cooker\RiceCooker_v0\CubeIDE\Core\Src\stm32g0xx_it.c
2023-08-14 10:04:17,968 [INFO] CodeEngine:255 - oldGeneratedFile, D:\Project\Rice Cooker\RiceCooker_v0\CubeIDE\Core\Inc\stm32g0xx_it.h_save
2023-08-14 10:04:18,054 [INFO] CodeEngine:279 - Generated code: D:\Project\Rice Cooker\RiceCooker_v0\CubeIDE\Core\Inc\stm32g0xx_it.h
2023-08-14 10:04:18,068 [INFO] CodeEngine:255 - oldGeneratedFile, D:\Project\Rice Cooker\RiceCooker_v0\CubeIDE\Core\Src\stm32g0xx_hal_msp.c_save
2023-08-14 10:04:18,320 [INFO] CodeEngine:279 - Generated code: D:\Project\Rice Cooker\RiceCooker_v0\CubeIDE\Core\Src\stm32g0xx_hal_msp.c
2023-08-14 10:04:18,328 [INFO] CodeEngine:255 - oldGeneratedFile, D:\Project\Rice Cooker\RiceCooker_v0\CubeIDE\MXTmpFiles\system.tmp_save
2023-08-14 10:04:18,400 [INFO] CodeEngine:279 - Generated code: D:\Project\Rice Cooker\RiceCooker_v0\CubeIDE\MXTmpFiles\system.tmp
2023-08-14 10:04:18,414 [INFO] CodeEngine:311 - oldGeneratedFile, D:\Project\Rice Cooker\RiceCooker_v0\CubeIDE\Core\Inc\stm32g0xx_hal_conf.h_save
2023-08-14 10:04:18,513 [INFO] CodeEngine:335 - Generated code: D:\Project\Rice Cooker\RiceCooker_v0\CubeIDE\Core\Inc\stm32g0xx_hal_conf.h
2023-08-14 10:04:18,544 [WARN] IPConfigManager:3431 - IP not found : TIM
2023-08-14 10:04:18,546 [WARN] CodeGenerator:3754 - IP not found : null
2023-08-14 10:04:18,554 [INFO] CodeEngine:255 - oldGeneratedFile, D:\Project\Rice Cooker\RiceCooker_v0\CubeIDE\Core\Inc\main.h_save
2023-08-14 10:04:18,668 [INFO] CodeEngine:279 - Generated code: D:\Project\Rice Cooker\RiceCooker_v0\CubeIDE\Core\Inc\main.h
2023-08-14 10:04:18,674 [INFO] CodeEngine:255 - oldGeneratedFile, D:\Project\Rice Cooker\RiceCooker_v0\CubeIDE\Core\Src\main.c_save
2023-08-14 10:04:18,886 [INFO] CodeEngine:279 - Generated code: D:\Project\Rice Cooker\RiceCooker_v0\CubeIDE\Core\Src\main.c
2023-08-14 10:04:19,823 [INFO] ProjectBuilder:2996 - Time for Copy HAL[1] : 288mS.
2023-08-14 10:04:19,846 [INFO] ProjectBuilder:4304 - Project Generator version: 3.19.2
2023-08-14 10:04:20,316 [INFO] ConfigFileManager:1483 - The Die is : DIE466
2023-08-14 10:04:20,330 [INFO] ApiDbMcu:507 - Load IP Config File for FATFS
2023-08-14 10:04:20,340 [INFO] ApiDbMcu:507 - Load IP Config File for FREERTOS
2023-08-14 10:04:21,463 [INFO] LogOutputStream:77 - [STDOUT_REDIRECT] 
2023-08-14 10:04:22,745 [INFO] ProjectBuilder:4505 - Time for Generating toolchain IDE Files: 2899mS.
2023-08-14 10:04:22,747 [INFO] ProjectBuilder:2867 - Time for Copy CMSIS : 1mS.
2023-08-14 10:04:22,748 [INFO] ProjectBuilder:2867 - Time for Copy CMSIS : 0mS.
2023-08-14 11:14:56,178 [ERROR] ConfigurationRetriever:142 - IOException on connection: connect timed out
2023-08-14 11:14:58,193 [ERROR] ConfigurationRetriever:142 - IOException on connection: connect timed out
2023-08-14 11:15:00,193 [ERROR] ConfigurationRetriever:142 - IOException on connection: connect timed out
2023-08-14 11:25:37,186 [ERROR] ConfigurationRetriever:142 - IOException on connection: connect timed out
2023-08-14 11:25:39,187 [ERROR] ConfigurationRetriever:142 - IOException on connection: connect timed out
2023-08-14 11:25:41,195 [ERROR] ConfigurationRetriever:142 - IOException on connection: connect timed out
2023-08-14 11:25:43,219 [ERROR] ConfigurationRetriever:142 - IOException on connection: connect timed out
2023-08-14 11:25:45,230 [ERROR] ConfigurationRetriever:142 - IOException on connection: connect timed out
2023-08-14 11:25:47,239 [ERROR] ConfigurationRetriever:142 - IOException on connection: connect timed out
2023-08-14 11:29:11,067 [ERROR] ConfigurationRetriever:142 - IOException on connection: connect timed out
2023-08-14 11:29:13,079 [ERROR] ConfigurationRetriever:142 - IOException on connection: connect timed out
2023-08-14 11:29:15,086 [ERROR] ConfigurationRetriever:142 - IOException on connection: connect timed out
2023-08-14 11:29:17,114 [ERROR] ConfigurationRetriever:142 - IOException on connection: connect timed out
2023-08-14 11:29:19,119 [ERROR] ConfigurationRetriever:142 - IOException on connection: connect timed out
2023-08-14 11:29:21,129 [ERROR] ConfigurationRetriever:142 - IOException on connection: connect timed out
2023-08-14 11:35:09,925 [ERROR] ConfigurationRetriever:142 - IOException on connection: connect timed out
2023-08-14 11:35:11,938 [ERROR] ConfigurationRetriever:142 - IOException on connection: connect timed out
2023-08-14 11:35:13,946 [ERROR] ConfigurationRetriever:142 - IOException on connection: connect timed out
2023-08-14 11:35:15,975 [ERROR] ConfigurationRetriever:142 - IOException on connection: connect timed out
2023-08-14 11:35:17,979 [ERROR] ConfigurationRetriever:142 - IOException on connection: connect timed out
2023-08-14 11:35:19,983 [ERROR] ConfigurationRetriever:142 - IOException on connection: connect timed out
2023-08-14 11:40:44,834 [ERROR] ConfigurationRetriever:142 - IOException on connection: connect timed out
2023-08-14 11:40:46,844 [ERROR] ConfigurationRetriever:142 - IOException on connection: connect timed out
2023-08-14 11:40:48,846 [ERROR] ConfigurationRetriever:142 - IOException on connection: connect timed out
2023-08-14 11:40:52,231 [ERROR] ConfigurationRetriever:142 - IOException on connection: connect timed out
2023-08-14 11:40:54,235 [ERROR] ConfigurationRetriever:142 - IOException on connection: connect timed out
2023-08-14 11:40:56,251 [ERROR] ConfigurationRetriever:142 - IOException on connection: connect timed out
2023-08-14 11:47:37,951 [ERROR] ConfigurationRetriever:142 - IOException on connection: connect timed out
2023-08-14 11:47:39,963 [ERROR] ConfigurationRetriever:142 - IOException on connection: connect timed out
2023-08-14 11:47:41,965 [ERROR] ConfigurationRetriever:142 - IOException on connection: connect timed out
2023-08-14 11:47:50,224 [ERROR] ConfigurationRetriever:142 - IOException on connection: connect timed out
2023-08-14 11:47:52,228 [ERROR] ConfigurationRetriever:142 - IOException on connection: connect timed out
2023-08-14 11:47:54,240 [ERROR] ConfigurationRetriever:142 - IOException on connection: connect timed out
2023-08-14 11:57:09,415 [ERROR] ConfigurationRetriever:142 - IOException on connection: connect timed out
2023-08-14 12:00:10,464 [ERROR] ConfigurationRetriever:142 - IOException on connection: connect timed out
2023-08-14 12:00:12,468 [ERROR] ConfigurationRetriever:142 - IOException on connection: connect timed out
2023-08-14 12:00:14,473 [ERROR] ConfigurationRetriever:142 - IOException on connection: connect timed out
2023-08-14 13:18:00,187 [ERROR] ConfigurationRetriever:142 - IOException on connection: connect timed out
2023-08-14 13:18:03,394 [ERROR] ConfigurationRetriever:142 - IOException on connection: connect timed out
2023-08-14 13:18:05,405 [ERROR] ConfigurationRetriever:142 - IOException on connection: connect timed out
2023-08-14 13:18:07,457 [ERROR] ConfigurationRetriever:142 - IOException on connection: connect timed out
2023-08-14 13:18:09,466 [ERROR] ConfigurationRetriever:142 - IOException on connection: connect timed out
2023-08-14 13:18:11,481 [ERROR] ConfigurationRetriever:142 - IOException on connection: connect timed out
2023-08-14 13:20:53,441 [ERROR] ConfigurationRetriever:142 - IOException on connection: connect timed out
2023-08-14 13:20:55,444 [ERROR] ConfigurationRetriever:142 - IOException on connection: connect timed out
2023-08-14 13:20:57,447 [ERROR] ConfigurationRetriever:142 - IOException on connection: connect timed out
2023-08-14 13:20:59,480 [ERROR] ConfigurationRetriever:142 - IOException on connection: connect timed out
2023-08-14 13:21:01,494 [ERROR] ConfigurationRetriever:142 - IOException on connection: connect timed out
2023-08-14 13:21:03,510 [ERROR] ConfigurationRetriever:142 - IOException on connection: connect timed out
2023-08-14 13:23:24,847 [ERROR] ConfigurationRetriever:142 - IOException on connection: connect timed out
2023-08-14 13:23:26,858 [ERROR] ConfigurationRetriever:142 - IOException on connection: connect timed out
2023-08-14 13:23:28,860 [ERROR] ConfigurationRetriever:142 - IOException on connection: connect timed out
2023-08-14 13:23:30,885 [ERROR] ConfigurationRetriever:142 - IOException on connection: connect timed out
2023-08-14 13:23:32,895 [ERROR] ConfigurationRetriever:142 - IOException on connection: connect timed out
2023-08-14 13:23:34,899 [ERROR] ConfigurationRetriever:142 - IOException on connection: connect timed out
2023-08-14 13:52:20,881 [ERROR] ConfigurationRetriever:142 - IOException on connection: connect timed out
2023-08-14 13:52:22,889 [ERROR] ConfigurationRetriever:142 - IOException on connection: connect timed out
2023-08-14 13:52:24,891 [ERROR] ConfigurationRetriever:142 - IOException on connection: connect timed out
2023-08-14 13:52:26,921 [ERROR] ConfigurationRetriever:142 - IOException on connection: connect timed out
2023-08-14 13:52:28,927 [ERROR] ConfigurationRetriever:142 - IOException on connection: connect timed out
2023-08-14 13:52:30,931 [ERROR] ConfigurationRetriever:142 - IOException on connection: connect timed out
2023-08-14 13:59:57,333 [ERROR] ConfigurationRetriever:142 - IOException on connection: connect timed out
2023-08-14 13:59:59,348 [ERROR] ConfigurationRetriever:142 - IOException on connection: connect timed out
2023-08-14 14:00:01,362 [ERROR] ConfigurationRetriever:142 - IOException on connection: connect timed out
2023-08-14 14:00:03,394 [ERROR] ConfigurationRetriever:142 - IOException on connection: connect timed out
2023-08-14 14:00:05,408 [ERROR] ConfigurationRetriever:142 - IOException on connection: connect timed out
2023-08-14 14:00:07,423 [ERROR] ConfigurationRetriever:142 - IOException on connection: connect timed out
2023-08-14 14:14:57,178 [ERROR] ConfigurationRetriever:142 - IOException on connection: connect timed out
2023-08-14 14:14:59,194 [ERROR] ConfigurationRetriever:142 - IOException on connection: connect timed out
2023-08-14 14:15:01,197 [ERROR] ConfigurationRetriever:142 - IOException on connection: connect timed out
2023-08-14 14:15:03,218 [ERROR] ConfigurationRetriever:142 - IOException on connection: connect timed out
2023-08-14 14:15:05,223 [ERROR] ConfigurationRetriever:142 - IOException on connection: connect timed out
2023-08-14 14:15:07,236 [ERROR] ConfigurationRetriever:142 - IOException on connection: connect timed out
2023-08-14 16:27:23,778 [ERROR] ConfigurationRetriever:142 - IOException on connection: connect timed out
2023-08-14 16:27:25,799 [ERROR] ConfigurationRetriever:142 - IOException on connection: connect timed out
2023-08-14 16:27:27,809 [ERROR] ConfigurationRetriever:142 - IOException on connection: connect timed out
2023-08-14 16:27:29,894 [ERROR] ConfigurationRetriever:142 - IOException on connection: connect timed out
2023-08-14 16:27:31,898 [ERROR] ConfigurationRetriever:142 - IOException on connection: connect timed out
2023-08-14 16:27:33,902 [ERROR] ConfigurationRetriever:142 - IOException on connection: connect timed out
2023-08-14 16:41:13,361 [ERROR] ConfigurationRetriever:142 - IOException on connection: connect timed out
2023-08-14 17:00:51,272 [ERROR] ConfigurationRetriever:142 - IOException on connection: connect timed out
2023-08-14 17:00:53,286 [ERROR] ConfigurationRetriever:142 - IOException on connection: connect timed out
2023-08-14 17:00:55,299 [ERROR] ConfigurationRetriever:142 - IOException on connection: connect timed out
