2024-02-23 09:42:30,439 [INFO] Activator:176 - 


2024-02-23 09:42:30,446 [INFO] Activator:177 - !SESSION log4j initialized
2024-02-23 09:42:39,374 [INFO] LogOutputStream:77 - [STDOUT_REDIRECT] 
2024-02-23 09:42:43,794 [INFO] ApplicationProperties:184 - Using Application install path: C:\ST\STM32CubeIDE_1.12.0\STM32CubeIDE\plugins\com.st.stm32cube.common.mx_6.8.0.202302231600
2024-02-23 09:42:43,821 [INFO] DbMcusXml:78 - Set database path to: C:\ST\STM32CubeIDE_1.12.0\STM32CubeIDE\plugins\com.st.stm32cube.common.mx_6.8.0.202302231600\\db\/mcu/
2024-02-23 09:42:43,822 [INFO] ApiDb:274 - Set plugin database path to: C:\ST\STM32CubeIDE_1.12.0\STM32CubeIDE\plugins\com.st.stm32cube.common.mx_6.8.0.202302231600\\db\/plugins/boardmanager/
2024-02-23 09:42:43,824 [WARN] ApiDb:259 - Overriding images path with different value:  => C:\ST\STM32CubeIDE_1.12.0\STM32CubeIDE\plugins\com.st.stm32cube.common.mx_6.8.0.202302231600\\db\/plugins/mcufinder/images/
2024-02-23 09:42:43,854 [INFO] ApiDb:250 - Set database path to: C:\Users\KDS-LTP-0415\.stmcufinder\plugins\mcufinder//mcu/
2024-02-23 09:42:43,858 [INFO] DbMcusAds:125 - Set database path to: C:\Users\KDS-LTP-0415\.stmcufinder\plugins\mcufinder//mcu/
2024-02-23 09:42:43,865 [INFO] CrossReferenceDbSqlite:203 - Set database path to: C:\Users\KDS-LTP-0415\.stmcufinder\plugins\mcufinder//mcu/cs/
2024-02-23 09:42:43,996 [INFO] RulesReader:64 - Compatibility file has been processed (293 Rules)
2024-02-23 09:42:44,114 [INFO] DbMcusXml:78 - Set database path to: C:\ST\STM32CubeIDE_1.12.0\STM32CubeIDE\plugins\com.st.stm32cube.common.mx_6.8.0.202302231600\\db\/mcu/
2024-02-23 09:42:44,114 [INFO] ApiDb:274 - Set plugin database path to: C:\ST\STM32CubeIDE_1.12.0\STM32CubeIDE\plugins\com.st.stm32cube.common.mx_6.8.0.202302231600\\db\/plugins/boardmanager/
2024-02-23 09:42:44,114 [INFO] ApiDb:261 - Set plugin images path to: C:\ST\STM32CubeIDE_1.12.0\STM32CubeIDE\plugins\com.st.stm32cube.common.mx_6.8.0.202302231600\\db\/plugins/mcufinder/images/
2024-02-23 09:42:44,115 [WARN] DbFile:41 - Overriding database path with different value: C:\Users\KDS-LTP-0415\.stmcufinder\plugins\mcufinder/ => C:\Users\KDS-LTP-0415\.stmcufinder\plugins\mcufinder
2024-02-23 09:42:44,115 [INFO] ApiDb:250 - Set database path to: C:\Users\KDS-LTP-0415\.stmcufinder\plugins\mcufinder//mcu/
2024-02-23 09:42:44,115 [WARN] DbFile:41 - Overriding database path with different value: C:\Users\KDS-LTP-0415\.stmcufinder\plugins\mcufinder/ => C:\Users\KDS-LTP-0415\.stmcufinder\plugins\mcufinder
2024-02-23 09:42:44,115 [INFO] DbMcusAds:125 - Set database path to: C:\Users\KDS-LTP-0415\.stmcufinder\plugins\mcufinder//mcu/
2024-02-23 09:42:44,115 [WARN] DbFile:41 - Overriding database path with different value: C:\Users\KDS-LTP-0415\.stmcufinder\plugins\mcufinder/ => C:\Users\KDS-LTP-0415\.stmcufinder\plugins\mcufinder
2024-02-23 09:42:44,115 [WARN] DbFile:41 - Overriding database path with different value: C:\Users\KDS-LTP-0415\.stmcufinder\plugins\mcufinder/ => C:\Users\KDS-LTP-0415\.stmcufinder\plugins\mcufinder
2024-02-23 09:42:44,115 [INFO] CrossReferenceDbSqlite:203 - Set database path to: C:\Users\KDS-LTP-0415\.stmcufinder\plugins\mcufinder//mcu/cs/
2024-02-23 09:42:44,219 [INFO] MainPanel:253 - HeapMemory: 268435456
2024-02-23 09:42:44,343 [INFO] DbMcusXml:78 - Set database path to: C:\ST\STM32CubeIDE_1.12.0\STM32CubeIDE\plugins\com.st.stm32cube.common.mx_6.8.0.202302231600\\db\/mcu/
2024-02-23 09:42:44,344 [INFO] ApiDb:274 - Set plugin database path to: C:\ST\STM32CubeIDE_1.12.0\STM32CubeIDE\plugins\com.st.stm32cube.common.mx_6.8.0.202302231600\\db\/plugins/boardmanager/
2024-02-23 09:42:44,344 [INFO] ApiDb:261 - Set plugin images path to: C:\ST\STM32CubeIDE_1.12.0\STM32CubeIDE\plugins\com.st.stm32cube.common.mx_6.8.0.202302231600\\db\/plugins/mcufinder/images/
2024-02-23 09:42:44,345 [WARN] DbFile:41 - Overriding database path with different value: C:\Users\KDS-LTP-0415\.stmcufinder\plugins\mcufinder/ => C:\Users\KDS-LTP-0415\.stmcufinder\plugins\mcufinder
2024-02-23 09:42:44,345 [INFO] ApiDb:250 - Set database path to: C:\Users\KDS-LTP-0415\.stmcufinder\plugins\mcufinder//mcu/
2024-02-23 09:42:44,345 [WARN] DbFile:41 - Overriding database path with different value: C:\Users\KDS-LTP-0415\.stmcufinder\plugins\mcufinder/ => C:\Users\KDS-LTP-0415\.stmcufinder\plugins\mcufinder
2024-02-23 09:42:44,345 [INFO] DbMcusAds:125 - Set database path to: C:\Users\KDS-LTP-0415\.stmcufinder\plugins\mcufinder//mcu/
2024-02-23 09:42:44,345 [WARN] DbFile:41 - Overriding database path with different value: C:\Users\KDS-LTP-0415\.stmcufinder\plugins\mcufinder/ => C:\Users\KDS-LTP-0415\.stmcufinder\plugins\mcufinder
2024-02-23 09:42:44,345 [WARN] DbFile:41 - Overriding database path with different value: C:\Users\KDS-LTP-0415\.stmcufinder\plugins\mcufinder/ => C:\Users\KDS-LTP-0415\.stmcufinder\plugins\mcufinder
2024-02-23 09:42:44,345 [INFO] CrossReferenceDbSqlite:203 - Set database path to: C:\Users\KDS-LTP-0415\.stmcufinder\plugins\mcufinder//mcu/cs/
2024-02-23 09:42:44,365 [INFO] ApplicationProperties:184 - Using Application install path: C:\ST\STM32CubeIDE_1.12.0\STM32CubeIDE\plugins\com.st.stm32cube.common.mx_6.8.0.202302231600
2024-02-23 09:42:44,367 [INFO] PluginManage:196 - Search for loadable plugins [exclusion list=, ]
2024-02-23 09:42:44,369 [INFO] PluginManage:310 - Check plugin analytics
2024-02-23 09:42:44,533 [INFO] AnalyticsPlugin:253 - Accepted Software Licenses: STM32CubeMX.6.2.1,STM32CubeMX.6.6.1,STM32CubeMX.6.7.0,STM32CubeMX.6.8.1,STM32CubeMX.6.9.1
2024-02-23 09:42:44,534 [INFO] AnalyticsPlugin:255 - Accepted CMSIS Pack Licenses: EdgeImpulse.osugiw-project-1.1.0.1,STMicroelectronics.X-CUBE-DISPLAY.3.0.0
2024-02-23 09:42:44,534 [INFO] AnalyticsPlugin:257 - Accepted Firmware Licenses: FW.G0.1.6.0,FW.WB.1.16.0,FW.WB.1.18.0
2024-02-23 09:42:44,550 [INFO] PluginManage:359 - Loaded plugin analytics (category:tool,tabindex:-1)
2024-02-23 09:42:44,550 [INFO] PluginManage:310 - Check plugin cadmodel
2024-02-23 09:42:44,569 [INFO] CADModel:105 - Init CAD model plugin
2024-02-23 09:42:44,570 [INFO] PluginManage:359 - Loaded plugin cadmodel (category:power,tabindex:5)
2024-02-23 09:42:44,570 [INFO] PluginManage:310 - Check plugin clock
2024-02-23 09:42:44,587 [INFO] PluginManage:359 - Loaded plugin clock (category:base,tabindex:2)
2024-02-23 09:42:44,588 [INFO] PluginManage:310 - Check plugin ddr
2024-02-23 09:42:44,591 [INFO] PluginManage:359 - Loaded plugin ddr (category:tool,tabindex:6)
2024-02-23 09:42:44,591 [INFO] PluginManage:310 - Check plugin filemanager
2024-02-23 09:42:44,741 [INFO] PluginManage:359 - Loaded plugin filemanager (category:base,tabindex:10)
2024-02-23 09:42:44,741 [INFO] PluginManage:310 - Check plugin ipmanager
2024-02-23 09:42:44,748 [INFO] PluginManage:359 - Loaded plugin ipmanager (category:base,tabindex:5)
2024-02-23 09:42:44,748 [INFO] PluginManage:310 - Check plugin lpbam
2024-02-23 09:42:44,762 [INFO] PluginManage:359 - Loaded plugin lpbam (category:base,tabindex:0)
2024-02-23 09:42:44,763 [INFO] PluginManage:310 - Check plugin pinoutandconfiguration
2024-02-23 09:42:44,777 [INFO] PluginManage:359 - Loaded plugin pinoutandconfiguration (category:base,tabindex:1)
2024-02-23 09:42:44,777 [INFO] PluginManage:310 - Check plugin pinoutconfig
2024-02-23 09:42:44,885 [WARN] SupportedApi:132 - Cannot load RTOS API schema: s4s-elt-must-match.1: The content of 'definitions' must match (annotation?, (simpleType | complexType)?, (unique | key | keyref)*)). A problem was found starting at: attribute.
2024-02-23 09:42:45,055 [INFO] PluginManage:359 - Loaded plugin pinoutconfig (category:base,tabindex:0)
2024-02-23 09:42:45,055 [INFO] PluginManage:310 - Check plugin power
2024-02-23 09:42:45,076 [INFO] PluginManage:359 - Loaded plugin power (category:power,tabindex:4)
2024-02-23 09:42:45,076 [INFO] PluginManage:310 - Check plugin projectmanager
2024-02-23 09:42:45,105 [INFO] PluginManage:359 - Loaded plugin projectmanager (category:projectmanager,tabindex:3)
2024-02-23 09:42:45,105 [INFO] PluginManage:310 - Check plugin thirdparty
2024-02-23 09:42:45,394 [INFO] PluginManage:359 - Loaded plugin thirdparty (category:base,tabindex:-1)
2024-02-23 09:42:45,394 [WARN] IntegrityCheckThread:84 - waiting for thirdparty lock release [integrity check]
2024-02-23 09:42:45,394 [INFO] IntegrityCheckThread:86 - entering critical section [integrity check]
2024-02-23 09:42:45,394 [INFO] PluginManage:310 - Check plugin tools
2024-02-23 09:42:45,395 [INFO] ThirdPartyUpdaterWithRetryManager:70 - Updater plugin not ready yet. [1/15]
2024-02-23 09:42:45,419 [INFO] PluginManage:359 - Loaded plugin tools (category:base,tabindex:7)
2024-02-23 09:42:45,419 [INFO] PluginManage:310 - Check plugin tutovideos
2024-02-23 09:42:45,659 [INFO] PluginManage:359 - Loaded plugin tutovideos (category:base,tabindex:-1)
2024-02-23 09:42:45,660 [INFO] PluginManage:310 - Check plugin updater
2024-02-23 09:42:45,677 [INFO] PluginManage:359 - Loaded plugin updater (category:base,tabindex:12)
2024-02-23 09:42:45,678 [INFO] PluginManage:283 - PluginManage : Loaded plugins [15]
2024-02-23 09:42:45,980 [INFO] PinOutPanel:1499 - setPackage(No Configuration,No Configuration)
2024-02-23 09:42:46,061 [INFO] CADModel:165 - CPN selected for project level
2024-02-23 09:42:46,062 [INFO] CADModel:114 - Register for checkConnection events
2024-02-23 09:42:46,162 [INFO] IPUIPlugin:80 - create IPUIPlugin
2024-02-23 09:42:46,162 [INFO] PluginManager:220 - loadIPPluginJar : add adc
2024-02-23 09:42:46,195 [INFO] IPUIPlugin:80 - create IPUIPlugin
2024-02-23 09:42:46,196 [INFO] PluginManager:220 - loadIPPluginJar : add aes
2024-02-23 09:42:46,226 [INFO] IPUIPlugin:80 - create IPUIPlugin
2024-02-23 09:42:46,226 [INFO] PluginManager:220 - loadIPPluginJar : add can
2024-02-23 09:42:46,246 [INFO] IPUIPlugin:80 - create IPUIPlugin
2024-02-23 09:42:46,246 [INFO] PluginManager:220 - loadIPPluginJar : add comp
2024-02-23 09:42:46,273 [INFO] IPUIPlugin:80 - create IPUIPlugin
2024-02-23 09:42:46,273 [INFO] PluginManager:220 - loadIPPluginJar : add cryp
2024-02-23 09:42:46,279 [INFO] IPUIPlugin:80 - create IPUIPlugin
2024-02-23 09:42:46,279 [INFO] PluginManager:220 - loadIPPluginJar : add dfsdm
2024-02-23 09:42:46,289 [INFO] IPUIPlugin:80 - create IPUIPlugin
2024-02-23 09:42:46,289 [INFO] PluginManager:220 - loadIPPluginJar : add dma
2024-02-23 09:42:46,295 [INFO] IPUIPlugin:80 - create IPUIPlugin
2024-02-23 09:42:46,295 [INFO] PluginManager:220 - loadIPPluginJar : add dma3
2024-02-23 09:42:46,311 [INFO] IPUIPlugin:80 - create IPUIPlugin
2024-02-23 09:42:46,311 [INFO] PluginManager:220 - loadIPPluginJar : add fatfs
2024-02-23 09:42:46,319 [INFO] IPUIPlugin:80 - create IPUIPlugin
2024-02-23 09:42:46,319 [INFO] PluginManager:220 - loadIPPluginJar : add fmc
2024-02-23 09:42:46,328 [INFO] IPUIPlugin:80 - create IPUIPlugin
2024-02-23 09:42:46,328 [INFO] PluginManager:220 - loadIPPluginJar : add freertos
2024-02-23 09:42:46,333 [INFO] IPUIPlugin:80 - create IPUIPlugin
2024-02-23 09:42:46,333 [INFO] PluginManager:220 - loadIPPluginJar : add genericplugin
2024-02-23 09:42:46,338 [INFO] IPUIPlugin:80 - create IPUIPlugin
2024-02-23 09:42:46,339 [INFO] PluginManager:220 - loadIPPluginJar : add gfxmmu
2024-02-23 09:42:46,347 [INFO] IPUIPlugin:80 - create IPUIPlugin
2024-02-23 09:42:46,347 [INFO] PluginManager:220 - loadIPPluginJar : add gic
2024-02-23 09:42:46,355 [INFO] IPUIPlugin:80 - create IPUIPlugin
2024-02-23 09:42:46,355 [INFO] PluginManager:220 - loadIPPluginJar : add gpio
2024-02-23 09:42:46,362 [INFO] IPUIPlugin:80 - create IPUIPlugin
2024-02-23 09:42:46,363 [INFO] PluginManager:220 - loadIPPluginJar : add gtzc
2024-02-23 09:42:46,369 [INFO] IPUIPlugin:80 - create IPUIPlugin
2024-02-23 09:42:46,369 [INFO] PluginManager:220 - loadIPPluginJar : add hash
2024-02-23 09:42:46,374 [INFO] IPUIPlugin:80 - create IPUIPlugin
2024-02-23 09:42:46,374 [INFO] PluginManager:220 - loadIPPluginJar : add i2c
2024-02-23 09:42:46,402 [INFO] IPUIPlugin:80 - create IPUIPlugin
2024-02-23 09:42:46,402 [INFO] PluginManager:220 - loadIPPluginJar : add i2s
2024-02-23 09:42:46,429 [INFO] IPUIPlugin:80 - create IPUIPlugin
2024-02-23 09:42:46,430 [INFO] PluginManager:220 - loadIPPluginJar : add i3c
2024-02-23 09:42:46,477 [INFO] IPUIPlugin:80 - create IPUIPlugin
2024-02-23 09:42:46,477 [INFO] PluginManager:220 - loadIPPluginJar : add ipddr
2024-02-23 09:42:46,488 [INFO] IPUIPlugin:80 - create IPUIPlugin
2024-02-23 09:42:46,488 [INFO] PluginManager:220 - loadIPPluginJar : add linkedlist
2024-02-23 09:42:46,517 [INFO] IPUIPlugin:80 - create IPUIPlugin
2024-02-23 09:42:46,517 [INFO] PluginManager:220 - loadIPPluginJar : add lorawan
2024-02-23 09:42:46,552 [INFO] IPUIPlugin:80 - create IPUIPlugin
2024-02-23 09:42:46,552 [INFO] PluginManager:220 - loadIPPluginJar : add ltdc
2024-02-23 09:42:46,564 [INFO] IPUIPlugin:80 - create IPUIPlugin
2024-02-23 09:42:46,564 [INFO] PluginManager:220 - loadIPPluginJar : add mdma
2024-02-23 09:42:46,573 [INFO] IPUIPlugin:80 - create IPUIPlugin
2024-02-23 09:42:46,574 [INFO] PluginManager:220 - loadIPPluginJar : add nvic
2024-02-23 09:42:46,579 [INFO] IPUIPlugin:80 - create IPUIPlugin
2024-02-23 09:42:46,579 [INFO] PluginManager:220 - loadIPPluginJar : add opamp
2024-02-23 09:42:46,587 [INFO] IPUIPlugin:80 - create IPUIPlugin
2024-02-23 09:42:46,587 [INFO] PluginManager:220 - loadIPPluginJar : add openamp
2024-02-23 09:42:46,595 [INFO] IPUIPlugin:80 - create IPUIPlugin
2024-02-23 09:42:46,595 [INFO] PluginManager:220 - loadIPPluginJar : add pdm2pcm
2024-02-23 09:42:46,607 [INFO] IPUIPlugin:80 - create IPUIPlugin
2024-02-23 09:42:46,609 [INFO] PluginManager:220 - loadIPPluginJar : add plateformsettings
2024-02-23 09:42:46,628 [INFO] IPUIPlugin:80 - create IPUIPlugin
2024-02-23 09:42:46,628 [INFO] PluginManager:220 - loadIPPluginJar : add quadspi
2024-02-23 09:42:46,640 [INFO] IPUIPlugin:80 - create IPUIPlugin
2024-02-23 09:42:46,640 [INFO] PluginManager:220 - loadIPPluginJar : add resmgrutility
2024-02-23 09:42:46,647 [INFO] IPUIPlugin:80 - create IPUIPlugin
2024-02-23 09:42:46,647 [INFO] PluginManager:220 - loadIPPluginJar : add sai
2024-02-23 09:42:46,652 [INFO] IPUIPlugin:80 - create IPUIPlugin
2024-02-23 09:42:46,653 [INFO] PluginManager:220 - loadIPPluginJar : add spi
2024-02-23 09:42:46,662 [INFO] IPUIPlugin:80 - create IPUIPlugin
2024-02-23 09:42:46,662 [INFO] PluginManager:220 - loadIPPluginJar : add stm32_wpan
2024-02-23 09:42:46,667 [INFO] IPUIPlugin:80 - create IPUIPlugin
2024-02-23 09:42:46,668 [INFO] PluginManager:220 - loadIPPluginJar : add tim
2024-02-23 09:42:46,674 [INFO] IPUIPlugin:80 - create IPUIPlugin
2024-02-23 09:42:46,674 [INFO] PluginManager:220 - loadIPPluginJar : add touchsensing
2024-02-23 09:42:46,680 [INFO] IPUIPlugin:80 - create IPUIPlugin
2024-02-23 09:42:46,680 [INFO] PluginManager:220 - loadIPPluginJar : add tracer_emb
2024-02-23 09:42:46,684 [INFO] IPUIPlugin:80 - create IPUIPlugin
2024-02-23 09:42:46,684 [INFO] PluginManager:220 - loadIPPluginJar : add ts
2024-02-23 09:42:46,689 [INFO] IPUIPlugin:80 - create IPUIPlugin
2024-02-23 09:42:46,689 [INFO] PluginManager:220 - loadIPPluginJar : add tsc
2024-02-23 09:42:46,693 [INFO] IPUIPlugin:80 - create IPUIPlugin
2024-02-23 09:42:46,693 [INFO] PluginManager:220 - loadIPPluginJar : add ucpd
2024-02-23 09:42:46,699 [INFO] IPUIPlugin:80 - create IPUIPlugin
2024-02-23 09:42:46,699 [INFO] PluginManager:220 - loadIPPluginJar : add usart
2024-02-23 09:42:46,729 [INFO] IPUIPlugin:80 - create IPUIPlugin
2024-02-23 09:42:46,729 [INFO] PluginManager:220 - loadIPPluginJar : add usbx
2024-02-23 09:42:46,866 [INFO] CADModel:165 - CPN selected for project level
2024-02-23 09:42:46,866 [INFO] CADModel:114 - Register for checkConnection events
2024-02-23 09:42:46,867 [FATAL] Updater:308 - Updater called before beeing initialized
2024-02-23 09:42:46,867 [ERROR] CADModel:125 - Updater not yet initialized, retry later 
2024-02-23 09:42:47,030 [INFO] CADModel:165 - CPN selected for project level
2024-02-23 09:42:47,030 [INFO] CADModel:114 - Register for checkConnection events
2024-02-23 09:42:47,030 [FATAL] Updater:308 - Updater called before beeing initialized
2024-02-23 09:42:47,030 [ERROR] CADModel:125 - Updater not yet initialized, retry later 
2024-02-23 09:42:47,033 [FATAL] Updater:308 - Updater called before beeing initialized
2024-02-23 09:42:47,168 [FATAL] Updater:308 - Updater called before beeing initialized
2024-02-23 09:42:47,181 [INFO] DbMcusAds:53 - JSON generation date=Wed Nov 29 17:52:27 ICT 2023 (1701255147349)
2024-02-23 09:42:47,181 [FATAL] Updater:308 - Updater called before beeing initialized
2024-02-23 09:42:47,231 [WARN] DetailPanel:346 - Failed to get advertising image, set to default
2024-02-23 09:42:47,346 [FATAL] Updater:308 - Updater called before beeing initialized
2024-02-23 09:42:47,349 [FATAL] Updater:308 - Updater called before beeing initialized
2024-02-23 09:42:47,349 [FATAL] Updater:308 - Updater called before beeing initialized
2024-02-23 09:42:47,349 [WARN] DetailPanel:346 - Failed to get advertising image, set to default
2024-02-23 09:42:47,350 [FATAL] Updater:308 - Updater called before beeing initialized
2024-02-23 09:42:47,436 [ERROR] Updater:1120 - MainUpdater not yet initialized. External WinMGr cannot be set.
2024-02-23 09:42:47,443 [INFO] Updater:1056 - Updater Version found : 6.8.0
2024-02-23 09:42:47,463 [INFO] ApplicationProperties:184 - Using Application install path: C:\ST\STM32CubeIDE_1.12.0\STM32CubeIDE\plugins\com.st.stm32cube.common.mx_6.8.0.202302231600
2024-02-23 09:42:47,899 [INFO] MainUpdater:2854 - connection check result : 10
2024-02-23 09:42:47,899 [INFO] MainUpdater:3548 - Updater definition file requires update
2024-02-23 09:42:47,911 [INFO] MainUpdater:283 - Updater Check For Update Now.
2024-02-23 09:42:47,912 [INFO] MicroXplorer:498 - Change Database Version : DB.6.0.80
2024-02-23 09:42:48,410 [WARN] MainUpdater:1187 - Updater busy. Cannot search thirdparties
2024-02-23 09:42:48,410 [INFO] ThirdPartyUpdaterWithRetryManager:96 - Updater plugin is busy. [1/15]
2024-02-23 09:42:49,916 [INFO] ServerAccessManage:473 - Download File updaters.zip
2024-02-23 09:42:49,965 [INFO] FileExtend:240 - Unzip File : updaters.zip
2024-02-23 09:42:49,965 [INFO] FileExtend:255 - Standard Zip Deflate
2024-02-23 09:42:51,418 [WARN] MainUpdater:1187 - Updater busy. Cannot search thirdparties
2024-02-23 09:42:51,419 [INFO] ThirdPartyUpdaterWithRetryManager:96 - Updater plugin is busy. [2/15]
2024-02-23 09:42:51,619 [INFO] ServerAccessManage:473 - Download File PacksControlFlags.xml
2024-02-23 09:42:52,783 [INFO] ServerAccessManage:473 - Download File cubemx.pidx
2024-02-23 09:42:52,905 [INFO] LoadServerUpdatesThread:373 - End of LoadServerUpdate Thread
2024-02-23 09:42:53,086 [INFO] CheckServerUpdateThread:120 - End of CheckServer Thread
2024-02-23 09:42:53,213 [INFO] MainUpdater:2854 - connection check result : 10
2024-02-23 09:42:53,367 [INFO] MicroXplorer:468 - Change Database Path : 
2024-02-23 09:42:53,367 [INFO] MicroXplorer:498 - Change Database Version : DB.6.0.80
2024-02-23 09:42:53,367 [WARN] ThirdParty:871 - waiting for thirdparty lock release [close project]
2024-02-23 09:42:54,798 [WARN] PackLoader:240 - Cannot read IP mode file for STMicroelectronics.X-CUBE-SMBUS.2.1.0
2024-02-23 09:42:54,812 [WARN] PackLoader:240 - Cannot read IP mode file for STMicroelectronics.X-CUBE-TOUCHGFX.4.23.0
2024-02-23 09:42:54,858 [WARN] PackLoader:240 - Cannot read IP mode file for STMicroelectronics.X-CUBE-AZRTOS-F7.1.1.0
2024-02-23 09:42:54,879 [ERROR] RealEvaluatedCondition:428 - Found unsupported composite condition: CLASS='Data Exchange' GROUP='STM32_MetaDataManager'
2024-02-23 09:42:54,879 [ERROR] RealEvaluatedCondition:428 - Found unsupported composite condition: CLASS='Data Exchange' GROUP='STM32_MetaDataManager'
2024-02-23 09:42:54,881 [WARN] PackLoader:240 - Cannot read IP mode file for STMicroelectronics.FP-SNS-MOTENV1.4.3.0
2024-02-23 09:42:54,900 [WARN] PackLoader:240 - Cannot read IP mode file for STMicroelectronics.FP-SNS-MOTENV1.4.3.2
2024-02-23 09:42:54,918 [WARN] PackLoader:240 - Cannot read IP mode file for STMicroelectronics.FP-SNS-FLIGHT1.5.0.0
2024-02-23 09:42:54,931 [ERROR] RealEvaluatedCondition:428 - Found unsupported composite condition: CLASS='Data Exchange' GROUP='STM32_MetaDataManager'
2024-02-23 09:42:54,931 [ERROR] RealEvaluatedCondition:428 - Found unsupported composite condition: CLASS='Data Exchange' GROUP='STM32_MetaDataManager'
2024-02-23 09:42:54,932 [WARN] PackLoader:240 - Cannot read IP mode file for STMicroelectronics.FP-SNS-MOTENV1.4.3.1
2024-02-23 09:42:54,947 [WARN] PackLoader:240 - Cannot read IP mode file for STMicroelectronics.FP-SNS-FLIGHT1.5.0.1
2024-02-23 09:42:54,963 [WARN] PackLoader:240 - Cannot read IP mode file for STMicroelectronics.X-CUBE-BLE1.6.2.3
2024-02-23 09:42:54,976 [WARN] PackLoader:240 - Cannot read IP mode file for STMicroelectronics.X-CUBE-BLE1.6.2.4
2024-02-23 09:42:54,988 [WARN] PackLoader:240 - Cannot read IP mode file for STMicroelectronics.FP-SNS-FLIGHT1.5.0.2
2024-02-23 09:42:55,005 [WARN] PackLoader:240 - Cannot read IP mode file for STMicroelectronics.X-CUBE-TOF1.3.1.0
2024-02-23 09:42:55,035 [WARN] PackLoader:240 - Cannot read IP mode file for STMicroelectronics.X-CUBE-DISPLAY.3.0.0
2024-02-23 09:42:55,176 [WARN] PackLoader:240 - Cannot read IP mode file for STMicroelectronics.X-CUBE-BLE1.7.0.0
2024-02-23 09:42:55,190 [WARN] PackLoader:240 - Cannot read IP mode file for emotas.I-CUBE-CANOPEN.1.3.0
2024-02-23 09:42:55,201 [WARN] PackLoader:240 - Cannot read IP mode file for STMicroelectronics.X-CUBE-TOUCHGFX.4.22.0
2024-02-23 09:42:55,213 [WARN] PackLoader:240 - Cannot read IP mode file for STMicroelectronics.X-CUBE-TOUCHGFX.4.22.1
2024-02-23 09:42:55,274 [WARN] PackLoader:240 - Cannot read IP mode file for STMicroelectronics.X-CUBE-MEMS1.9.3.0
2024-02-23 09:42:55,390 [WARN] PackLoader:240 - Cannot read IP mode file for STMicroelectronics.X-CUBE-AI.7.2.0
2024-02-23 09:42:55,401 [WARN] PackLoader:240 - Cannot read IP mode file for STMicroelectronics.FP-SNS-SMARTAG2.1.2.0
2024-02-23 09:42:55,422 [INFO] LogOutputStream:77 - [STDOUT_REDIRECT] 1 : Invalid condition id : UX_CORESTACK_Condition cause : null
2024-02-23 09:42:55,423 [INFO] LogOutputStream:77 - [STDOUT_REDIRECT] 1 : Invalid condition id : UX_CORESTACK_Condition cause : null
2024-02-23 09:42:55,425 [INFO] LogOutputStream:77 - [STDOUT_REDIRECT] 1 : Invalid condition id : UX_CORESTACK_Condition cause : null
2024-02-23 09:42:55,426 [INFO] LogOutputStream:77 - [STDOUT_REDIRECT] 1 : Invalid condition id : UX_CORESTACK_Condition cause : null
2024-02-23 09:42:55,427 [INFO] LogOutputStream:77 - [STDOUT_REDIRECT] 1 : Invalid condition id : UX_CORESTACK_Condition cause : null
2024-02-23 09:42:55,430 [WARN] PackLoader:240 - Cannot read IP mode file for STMicroelectronics.X-CUBE-AZRTOS-WL.2.0.0
2024-02-23 09:42:55,450 [WARN] PackLoader:240 - Cannot read IP mode file for WES.I-CUBE-Cesium.1.3.0
2024-02-23 09:42:55,462 [WARN] PackLoader:240 - Cannot read IP mode file for STMicroelectronics.X-CUBE-BLE2.3.3.0
2024-02-23 09:42:55,474 [WARN] PackLoader:240 - Cannot read IP mode file for STMicroelectronics.X-CUBE-DISPLAY.2.2.0
2024-02-23 09:42:55,496 [WARN] PackLoader:240 - Cannot read IP mode file for STMicroelectronics.X-CUBE-TOF1.3.2.0
2024-02-23 09:42:55,512 [WARN] PackLoader:240 - Cannot read IP mode file for STMicroelectronics.X-CUBE-ISPU.1.0.0
2024-02-23 09:42:55,541 [WARN] PackLoader:240 - Cannot read IP mode file for STMicroelectronics.X-CUBE-AZRTOS-H7.2.1.0
2024-02-23 09:42:55,552 [WARN] PackLoader:240 - Cannot read IP mode file for STMicroelectronics.X-CUBE-TOUCHGFX.4.21.1
2024-02-23 09:42:55,564 [WARN] PackLoader:240 - Cannot read IP mode file for STMicroelectronics.X-CUBE-TOUCHGFX.4.21.3
2024-02-23 09:42:55,575 [WARN] PackLoader:240 - Cannot read IP mode file for STMicroelectronics.X-CUBE-TOUCHGFX.4.21.4
2024-02-23 09:42:55,612 [WARN] PackLoader:240 - Cannot read IP mode file for STMicroelectronics.X-CUBE-MEMS1.9.4.0
2024-02-23 09:42:55,708 [WARN] PackLoader:240 - Cannot read IP mode file for STMicroelectronics.X-CUBE-AI.7.3.0
2024-02-23 09:42:55,771 [WARN] PackLoader:240 - Cannot read IP mode file for STMicroelectronics.X-CUBE-ALGOBUILD.1.3.0
2024-02-23 09:42:55,798 [WARN] PackLoader:240 - Cannot read IP mode file for STMicroelectronics.X-CUBE-AZRTOS-G0.1.1.0
2024-02-23 09:42:55,815 [WARN] PackLoader:240 - Cannot read IP mode file for STMicroelectronics.X-CUBE-NFC4.3.0.0
2024-02-23 09:42:55,855 [WARN] PackLoader:240 - Cannot read IP mode file for SEGGER.I-CUBE-embOS.1.2.0
2024-02-23 09:42:55,905 [WARN] PackLoader:240 - Cannot read IP mode file for STMicroelectronics.X-CUBE-BLEMGR.3.0.0
2024-02-23 09:42:55,923 [WARN] PackLoader:240 - Cannot read IP mode file for STMicroelectronics.X-CUBE-BLEMGR.1.3.0
2024-02-23 09:42:55,936 [WARN] PackLoader:240 - Cannot read IP mode file for STMicroelectronics.FP-ATR-SIGFOX1.3.2.0
2024-02-23 09:42:55,950 [WARN] PackLoader:240 - Cannot read IP mode file for STMicroelectronics.X-CUBE-EEPRMA1.5.1.0
2024-02-23 09:42:55,967 [WARN] PackLoader:240 - Cannot read IP mode file for emotas.I-CUBE-CANOPEN.1.1.2
2024-02-23 09:42:55,979 [WARN] PackLoader:240 - Cannot read IP mode file for STMicroelectronics.X-CUBE-TOUCHGFX.4.20.0
2024-02-23 09:42:56,023 [WARN] PackLoader:240 - Cannot read IP mode file for STMicroelectronics.X-CUBE-MEMS1.9.5.0
2024-02-23 09:42:56,156 [WARN] PackLoader:240 - Cannot read IP mode file for SEGGER.I-CUBE-embOS.1.3.1
2024-02-23 09:42:56,200 [WARN] PackLoader:240 - Cannot read IP mode file for STMicroelectronics.X-CUBE-GNSS1.6.0.0
2024-02-23 09:42:56,230 [WARN] PackLoader:240 - Cannot read IP mode file for STMicroelectronics.X-CUBE-AZRTOS-F4.1.1.0
2024-02-23 09:42:56,248 [WARN] PackLoader:240 - Cannot read IP mode file for wolfSSL.I-CUBE-wolfSSL.5.6.3
2024-02-23 09:42:56,261 [WARN] PackLoader:240 - Cannot read IP mode file for wolfSSL.I-CUBE-wolfSSL.5.6.0
2024-02-23 09:42:56,272 [WARN] PackLoader:240 - Cannot read IP mode file for wolfSSL.I-CUBE-wolfSSL.5.6.6
2024-02-23 09:42:56,291 [WARN] PackLoader:240 - Cannot read IP mode file for STMicroelectronics.X-CUBE-BLEMGR.1.2.0
2024-02-23 09:42:56,327 [WARN] PackLoader:240 - Cannot read IP mode file for STMicroelectronics.X-CUBE-AZRTOS-L5.2.0.0
2024-02-23 09:42:56,400 [WARN] PackLoader:240 - Cannot read IP mode file for STMicroelectronics.X-CUBE-MEMS1.9.6.0
2024-02-23 09:42:56,519 [WARN] PackLoader:240 - Cannot read IP mode file for STMicroelectronics.X-CUBE-EEPRMA1.4.2.0
2024-02-23 09:42:56,535 [WARN] PackLoader:240 - Cannot read IP mode file for ITTIA_DB.I-CUBE-ITTIADB.8.8.0
2024-02-23 09:42:56,553 [WARN] PackLoader:240 - Cannot read IP mode file for emotas.I-CUBE-CANOPEN.1.1.3
2024-02-23 09:42:56,571 [WARN] PackLoader:240 - Cannot read IP mode file for STMicroelectronics.X-CUBE-BLEMGR.2.0.0
2024-02-23 09:42:56,588 [WARN] PackLoader:240 - Cannot read IP mode file for STMicroelectronics.X-CUBE-NFC4.2.0.5
2024-02-23 09:42:56,603 [WARN] PackLoader:240 - Cannot read IP mode file for STMicroelectronics.X-CUBE-NFC4.2.0.4
2024-02-23 09:42:56,632 [WARN] ConditionMgr:438 - getConditionDescription Invalid condition id : UX DEVICE CLASS RTOS Condition cause : null
2024-02-23 09:42:56,632 [WARN] ConditionMgr:438 - getConditionDescription Invalid condition id : UX DEVICE CLASS RTOS Condition cause : null
2024-02-23 09:42:56,635 [WARN] PackLoader:240 - Cannot read IP mode file for STMicroelectronics.X-CUBE-AZRTOS-H7.3.1.0
2024-02-23 09:42:56,635 [WARN] ConditionMgr:1039 - genDependencies : Invalid condition id : UX DEVICE CLASS RTOS Condition cause : null
2024-02-23 09:42:56,635 [WARN] ConditionMgr:1039 - genDependencies : Invalid condition id : UX DEVICE CLASS RTOS Condition cause : null
2024-02-23 09:42:56,637 [WARN] ConditionMgr:1039 - genDependencies : Invalid condition id : UX DEVICE CLASS RTOS Condition cause : null
2024-02-23 09:42:56,637 [WARN] ConditionMgr:1039 - genDependencies : Invalid condition id : UX DEVICE CLASS RTOS Condition cause : null
2024-02-23 09:42:56,637 [WARN] ConditionMgr:1039 - genDependencies : Invalid condition id : UX DEVICE CLASS RTOS Condition cause : null
2024-02-23 09:42:56,652 [WARN] PackLoader:240 - Cannot read IP mode file for STMicroelectronics.X-CUBE-NFC7.1.0.1
2024-02-23 09:42:56,667 [WARN] PackLoader:240 - Cannot read IP mode file for STMicroelectronics.X-CUBE-NFC7.1.0.0
2024-02-23 09:42:56,682 [WARN] PackLoader:240 - Cannot read IP mode file for STMicroelectronics.X-CUBE-NFC6.3.0.0
2024-02-23 09:42:56,699 [WARN] PackLoader:240 - Cannot read IP mode file for STMicroelectronics.X-CUBE-EEPRMA1.4.1.0
2024-02-23 09:42:56,712 [WARN] PackLoader:240 - Cannot read IP mode file for STMicroelectronics.X-CUBE-AI.8.1.0
2024-02-23 09:42:56,740 [WARN] ConditionMgr:438 - getConditionDescription Invalid condition id : LAN8742 Phy interface Condition cause : null
2024-02-23 09:42:56,742 [WARN] PackLoader:240 - Cannot read IP mode file for STMicroelectronics.X-CUBE-AZRTOS-L4.2.0.0
2024-02-23 09:42:56,743 [WARN] ConditionMgr:1039 - genDependencies : Invalid condition id : LAN8742 Phy interface Condition cause : null
2024-02-23 09:42:56,743 [WARN] ConditionMgr:1039 - genDependencies : Invalid condition id : LAN8742 Phy interface Condition cause : null
2024-02-23 09:42:56,744 [WARN] ConditionMgr:1039 - genDependencies : Invalid condition id : LAN8742 Phy interface Condition cause : null
2024-02-23 09:42:56,760 [WARN] PackLoader:240 - Cannot read IP mode file for STMicroelectronics.X-CUBE-SFXS2LP1.4.0.0
2024-02-23 09:42:56,793 [WARN] PackLoader:240 - Cannot read IP mode file for STMicroelectronics.X-CUBE-AZRTOS-H7.3.0.0
2024-02-23 09:42:56,809 [WARN] PackLoader:240 - Cannot read IP mode file for STMicroelectronics.X-CUBE-ISPU.1.1.0
2024-02-23 09:42:56,828 [WARN] PackLoader:240 - Cannot read IP mode file for RoweBots.I-CUBE-UNISONRTOS.5.5.0-4
2024-02-23 09:42:56,843 [WARN] PackLoader:240 - Cannot read IP mode file for wolfSSL.I-CUBE-wolfSSL.5.4.0
2024-02-23 09:42:56,854 [WARN] PackLoader:240 - Cannot read IP mode file for STMicroelectronics.X-CUBE-AI.8.0.0
2024-02-23 09:42:56,883 [WARN] ConditionMgr:438 - getConditionDescription Invalid condition id : UX DEVICE CLASS RTOS Condition cause : null
2024-02-23 09:42:56,883 [WARN] ConditionMgr:438 - getConditionDescription Invalid condition id : UX DEVICE CLASS RTOS Condition cause : null
2024-02-23 09:42:56,885 [WARN] PackLoader:240 - Cannot read IP mode file for STMicroelectronics.X-CUBE-AZRTOS-WB.2.0.0
2024-02-23 09:42:56,887 [WARN] ConditionMgr:1039 - genDependencies : Invalid condition id : UX DEVICE CLASS RTOS Condition cause : null
2024-02-23 09:42:56,887 [WARN] ConditionMgr:1039 - genDependencies : Invalid condition id : UX DEVICE CLASS RTOS Condition cause : null
2024-02-23 09:42:56,887 [WARN] ConditionMgr:1039 - genDependencies : Invalid condition id : UX DEVICE CLASS RTOS Condition cause : null
2024-02-23 09:42:56,887 [WARN] ConditionMgr:1039 - genDependencies : Invalid condition id : UX DEVICE CLASS RTOS Condition cause : null
2024-02-23 09:42:56,887 [WARN] ConditionMgr:1039 - genDependencies : Invalid condition id : UX DEVICE CLASS RTOS Condition cause : null
2024-02-23 09:42:56,900 [WARN] PackLoader:240 - Cannot read IP mode file for STMicroelectronics.X-CUBE-FREERTOS.1.0.0
2024-02-23 09:42:56,912 [WARN] PackLoader:240 - Cannot read IP mode file for STMicroelectronics.X-CUBE-FREERTOS.1.0.1
2024-02-23 09:42:56,929 [WARN] PackLoader:240 - Cannot read IP mode file for STMicroelectronics.X-CUBE-BLEMGR.1.0.0
2024-02-23 09:42:56,960 [WARN] PackLoader:240 - Cannot read IP mode file for STMicroelectronics.X-CUBE-AZRTOS-L5.1.1.0
2024-02-23 09:42:56,974 [WARN] PackLoader:240 - Cannot read IP mode file for STMicroelectronics.X-CUBE-AI.8.0.1
2024-02-23 09:42:56,993 [WARN] PackLoader:240 - Cannot read IP mode file for STMicroelectronics.X-CUBE-SUBG2.5.0.0
2024-02-23 09:42:57,018 [WARN] PackLoader:240 - Cannot read IP mode file for STMicroelectronics.X-CUBE-TOF1.3.3.1
2024-02-23 09:42:57,049 [WARN] PackLoader:240 - Cannot read IP mode file for STMicroelectronics.X-CUBE-AZRTOS-G4.2.0.0
2024-02-23 09:42:57,068 [WARN] PackLoader:240 - Cannot read IP mode file for STMicroelectronics.X-CUBE-TOF1.3.3.0
2024-02-23 09:42:57,087 [WARN] PackLoader:240 - Cannot read IP mode file for STMicroelectronics.FP-ATR-ASTRA1.1.1.1
2024-02-23 09:42:57,110 [WARN] PackLoader:240 - Cannot read IP mode file for Infineon.AIROC-Wi-Fi-Bluetooth-STM32.1.5.1
2024-02-23 09:42:57,123 [WARN] PackLoader:240 - Cannot read IP mode file for STMicroelectronics.FP-ATR-ASTRA1.1.1.0
2024-02-23 09:42:57,135 [WARN] PackLoader:240 - Cannot read IP mode file for STMicroelectronics.FP-SNS-MOTENVWB1.1.3.0
2024-02-23 09:42:57,147 [WARN] PackLoader:240 - Cannot read IP mode file for STMicroelectronics.FP-SNS-MOTENVWB1.1.3.1
2024-02-23 09:42:57,188 [WARN] PackLoader:240 - Cannot read IP mode file for STMicroelectronics.X-CUBE-AZRTOS-G4.1.0.0
2024-02-23 09:42:57,217 [WARN] PackLoader:240 - Cannot read IP mode file for STMicroelectronics.X-CUBE-AZRTOS-L4.1.0.0
2024-02-23 09:42:57,232 [WARN] PackLoader:240 - Cannot read IP mode file for STMicroelectronics.X-CUBE-ISPU.2.0.0
2024-02-23 09:42:57,275 [WARN] PackLoader:240 - Cannot read IP mode file for STMicroelectronics.X-CUBE-MEMS1.10.0.0
2024-02-23 09:42:57,370 [WARN] PackLoader:240 - Cannot read IP mode file for STMicroelectronics.X-CUBE-FREERTOS.1.1.0
2024-02-23 09:42:57,394 [WARN] PackLoader:240 - Cannot read IP mode file for STMicroelectronics.X-CUBE-AZRTOS-WL.1.0.0
2024-02-23 09:42:57,409 [WARN] PackLoader:240 - Cannot read IP mode file for portGmbH.I-Cube-SoM-uGOAL.1.1.0
2024-02-23 09:42:57,422 [WARN] PackLoader:240 - Cannot read IP mode file for STMicroelectronics.X-CUBE-ALS.1.0.1
2024-02-23 09:42:57,450 [WARN] PackLoader:240 - Cannot read IP mode file for STMicroelectronics.X-CUBE-AZRTOS-WB.1.1.0
2024-02-23 09:42:57,475 [WARN] PackLoader:240 - Cannot read IP mode file for STMicroelectronics.X-CUBE-AZRTOS-L5.1.0.0
2024-02-23 09:42:57,491 [WARN] PackLoader:240 - Cannot read IP mode file for STMicroelectronics.X-CUBE-EEPRMA1.3.1.1
2024-02-23 09:42:57,505 [WARN] PackLoader:240 - Cannot read IP mode file for STMicroelectronics.FP-ATR-ASTRA1.2.0.0
2024-02-23 09:42:57,527 [WARN] PackLoader:240 - Cannot read IP mode file for STMicroelectronics.X-CUBE-TOF1.3.4.0
2024-02-23 09:42:57,569 [WARN] PackLoader:240 - Cannot read IP mode file for STMicroelectronics.X-CUBE-AZRTOS-H7.3.2.0
2024-02-23 09:42:57,573 [INFO] ThirdParty:978 - Integrity check success = true
2024-02-23 09:42:57,573 [INFO] IntegrityCheckThread:100 - exiting critical section [integrity check]
2024-02-23 09:42:57,574 [INFO] IntegrityCheckThread:103 - End integrity checks thread
2024-02-23 09:42:57,574 [INFO] ThirdParty:873 - entering critical section [close project]
2024-02-23 09:42:57,575 [INFO] ThirdParty:883 - exiting critical section [close project]
2024-02-23 09:42:57,579 [INFO] PinOutPanel:1499 - setPackage(No Configuration,No Configuration)
2024-02-23 09:42:57,585 [INFO] UtilMem:75 - Begin LoadConfig() Used Memory: 285697424 Bytes (442499072)
2024-02-23 09:42:57,587 [INFO] MicroXplorer:468 - Change Database Path : 
2024-02-23 09:42:57,587 [INFO] MicroXplorer:498 - Change Database Version : DB.6.0.80
2024-02-23 09:42:57,587 [INFO] OpenFileManager:308 - Change cursor
2024-02-23 09:42:57,643 [INFO] Mcu:1937 - Initializing MCU STM32G030C(6-8)Tx STM32G030C8Tx STM32G031K8T6
2024-02-23 09:43:01,752 [ERROR] LogOutputStream:75 - [STDERR_REDIRECT] SLF4J: Failed to load class "org.slf4j.impl.StaticLoggerBinder".
2024-02-23 09:43:01,752 [ERROR] LogOutputStream:75 - [STDERR_REDIRECT] SLF4J: Defaulting to no-operation (NOP) logger implementation
2024-02-23 09:43:01,753 [ERROR] LogOutputStream:75 - [STDERR_REDIRECT] SLF4J: See http://www.slf4j.org/codes.html#StaticLoggerBinder for further details.
2024-02-23 09:43:21,465 [INFO] Context:659 - Trying to add GPIOservice into a context  which must be forbidden
2024-02-23 09:43:22,017 [INFO] RtosManager:555 - Registered RTOS mode: class=CMSIS, group=RTOS, mode=CMSIS_V1, owner=FREERTOS
2024-02-23 09:43:22,018 [INFO] RtosManager:555 - Registered RTOS mode: class=CMSIS, group=RTOS2, mode=CMSIS_V2, owner=FREERTOS
2024-02-23 09:43:22,018 [INFO] RtosManager:555 - Registered RTOS mode: class=RTOS, group=Core, mode=CMSIS_V1, owner=FREERTOS
2024-02-23 09:43:22,018 [INFO] RtosManager:555 - Registered RTOS mode: class=RTOS, group=Core, mode=CMSIS_V2, owner=FREERTOS
2024-02-23 09:43:22,018 [WARN] ModelIntegratedComponent:184 - Missing modes for component STMicroelectronics:FreeRTOS:0.0.1:STMicroelectronics:RTOS:FreeRTOS:Core:::10.2.0:
2024-02-23 09:43:22,023 [WARN] ModelIntegratedComponent:63 - No mode defined for component null
2024-02-23 09:43:22,024 [WARN] ModelIntegratedComponent:63 - No mode defined for component null
2024-02-23 09:43:22,024 [WARN] ModelIntegratedComponent:63 - No mode defined for component null
2024-02-23 09:43:22,024 [WARN] ModelIntegratedComponent:63 - No mode defined for component null
2024-02-23 09:43:22,024 [WARN] ModelIntegratedComponent:63 - No mode defined for component null
2024-02-23 09:43:22,024 [WARN] ModelIntegratedComponent:63 - No mode defined for component null
2024-02-23 09:43:22,024 [WARN] ModelIntegratedComponent:63 - No mode defined for component null
2024-02-23 09:43:22,024 [WARN] ModelIntegratedComponent:63 - No mode defined for component null
2024-02-23 09:43:22,024 [WARN] ModelIntegratedComponent:63 - No mode defined for component null
2024-02-23 09:43:22,025 [WARN] ModelIntegratedComponent:63 - No mode defined for component null
2024-02-23 09:43:22,025 [WARN] ModelIntegratedComponent:63 - No mode defined for component null
2024-02-23 09:43:22,025 [WARN] ModelIntegratedComponent:63 - No mode defined for component null
2024-02-23 09:43:22,025 [WARN] ModelIntegratedComponent:63 - No mode defined for component null
2024-02-23 09:43:22,025 [WARN] ModelIntegratedComponent:63 - No mode defined for component null
2024-02-23 09:43:22,025 [WARN] ModelIntegratedComponent:63 - No mode defined for component null
2024-02-23 09:43:22,025 [WARN] ModelIntegratedComponent:63 - No mode defined for component null
2024-02-23 09:43:22,025 [WARN] ModelIntegratedComponent:63 - No mode defined for component null
2024-02-23 09:43:22,025 [WARN] ModelIntegratedComponent:63 - No mode defined for component null
2024-02-23 09:43:22,025 [WARN] ModelIntegratedComponent:63 - No mode defined for component null
2024-02-23 09:43:22,025 [WARN] ModelIntegratedComponent:63 - No mode defined for component null
2024-02-23 09:43:22,025 [WARN] ModelIntegratedComponent:63 - No mode defined for component null
2024-02-23 09:43:22,025 [WARN] ModelIntegratedComponent:63 - No mode defined for component null
2024-02-23 09:43:22,025 [WARN] ModelIntegratedComponent:63 - No mode defined for component null
2024-02-23 09:43:22,025 [WARN] ModelIntegratedComponent:63 - No mode defined for component null
2024-02-23 09:43:22,025 [WARN] ModelIntegratedComponent:63 - No mode defined for component null
2024-02-23 09:43:22,025 [WARN] ModelIntegratedComponent:63 - No mode defined for component null
2024-02-23 09:43:22,025 [WARN] ModelIntegratedComponent:63 - No mode defined for component null
2024-02-23 09:43:22,025 [WARN] ModelIntegratedComponent:63 - No mode defined for component null
2024-02-23 09:43:22,025 [WARN] ModelIntegratedComponent:63 - No mode defined for component null
2024-02-23 09:43:22,025 [WARN] ModelIntegratedComponent:63 - No mode defined for component null
2024-02-23 09:43:22,025 [WARN] ModelIntegratedComponent:63 - No mode defined for component null
2024-02-23 09:43:22,026 [WARN] ModelIntegratedComponent:63 - No mode defined for component null
2024-02-23 09:43:22,026 [WARN] ModelIntegratedComponent:63 - No mode defined for component null
2024-02-23 09:43:22,271 [INFO] ThirdPartyModel:298 - Start build external matchings
2024-02-23 09:43:23,919 [INFO] ThirdPartyModel:316 - End build external matchings
2024-02-23 09:43:23,989 [INFO] ImportTextPane:194 - (OptionalMessage_ERROR) IP (DMA) : Parameter (Instance) has Id (ADC1) currently not set
2024-02-23 09:43:23,990 [INFO] ImportTextPane:194 - (OptionalMessage_ERROR) IP (DMA) : Parameter (Request) has Id (ADC1) currently not set
2024-02-23 09:43:23,990 [INFO] ImportTextPane:194 - (OptionalMessage_ERROR) IP (DMA) : Parameter (Direction) has Id (ADC1) currently not set
2024-02-23 09:43:23,990 [INFO] ImportTextPane:194 - (OptionalMessage_ERROR) IP (DMA) : Parameter (PeriphInc) has Id (ADC1) currently not set
2024-02-23 09:43:23,990 [INFO] ImportTextPane:194 - (OptionalMessage_ERROR) IP (DMA) : Parameter (MemInc) has Id (ADC1) currently not set
2024-02-23 09:43:23,990 [INFO] ImportTextPane:194 - (OptionalMessage_ERROR) IP (DMA) : Parameter (PeriphDataAlignment) has Id (ADC1) currently not set
2024-02-23 09:43:23,990 [INFO] ImportTextPane:194 - (OptionalMessage_ERROR) IP (DMA) : Parameter (MemDataAlignment) has Id (ADC1) currently not set
2024-02-23 09:43:23,990 [INFO] ImportTextPane:194 - (OptionalMessage_ERROR) IP (DMA) : Parameter (Mode) has Id (ADC1) currently not set
2024-02-23 09:43:23,991 [INFO] ImportTextPane:194 - (OptionalMessage_ERROR) IP (DMA) : Parameter (Priority) has Id (ADC1) currently not set
2024-02-23 09:43:23,991 [INFO] ImportTextPane:194 - (OptionalMessage_ERROR) IP (DMA) : Parameter (SignalID) has Id (ADC1) currently not set
2024-02-23 09:43:23,991 [INFO] ImportTextPane:194 - (OptionalMessage_ERROR) IP (DMA) : Parameter (Polarity) has Id (ADC1) currently not set
2024-02-23 09:43:23,991 [INFO] ImportTextPane:194 - (OptionalMessage_ERROR) IP (DMA) : Parameter (RequestNumber) has Id (ADC1) currently not set
2024-02-23 09:43:23,991 [INFO] ImportTextPane:194 - (OptionalMessage_ERROR) IP (DMA) : Parameter (SyncSignalID) has Id (ADC1) currently not set
2024-02-23 09:43:23,991 [INFO] ImportTextPane:194 - (OptionalMessage_ERROR) IP (DMA) : Parameter (SyncPolarity) has Id (ADC1) currently not set
2024-02-23 09:43:23,991 [INFO] ImportTextPane:194 - (OptionalMessage_ERROR) IP (DMA) : Parameter (SyncEnable) has Id (ADC1) currently not set
2024-02-23 09:43:23,991 [INFO] ImportTextPane:194 - (OptionalMessage_ERROR) IP (DMA) : Parameter (EventEnable) has Id (ADC1) currently not set
2024-02-23 09:43:23,991 [INFO] ImportTextPane:194 - (OptionalMessage_ERROR) IP (DMA) : Parameter (SyncRequestNumber) has Id (ADC1) currently not set
2024-02-23 09:43:24,027 [WARN] IP:2113 - FIFOMode not found: check if there is a RefParameter without a condition.
2024-02-23 09:43:24,028 [WARN] IP:2113 - TXFIFOThreshold not found: check if there is a RefParameter without a condition.
2024-02-23 09:43:24,028 [WARN] IP:2113 - RXFIFOThreshold not found: check if there is a RefParameter without a condition.
2024-02-23 09:43:24,028 [WARN] IP:2113 - AutoBaudRateEnableParam not found: check if there is a RefParameter without a condition.
2024-02-23 09:43:26,327 [INFO] UtilMem:75 - End LoadConfig() Used Memory: 209223088 Bytes (442499072)
2024-02-23 09:43:26,546 [INFO] ApiDb:581 - Connected to CubeFinder SQLite database (C:\Users\KDS-LTP-0415\.stmcufinder\plugins\mcufinder\mcu\cube-finder-db.db)
2024-02-23 09:43:26,631 [INFO] ApiDb:668 - CubeFinder database Data Model version=2.1
2024-02-23 09:43:26,631 [INFO] ApiDb:669 - CubeFinder database Configuration version=3.0.39
2024-02-23 09:43:26,631 [INFO] ApiDb:670 - CubeFinder database generation date=2023-12-08 (1702028721)
2024-02-23 09:43:26,631 [INFO] ApiDb:671 - CubeFinder database FW Pack versions=[FP-ATR-ASTRA1_V2.0.0, FP-SNS-FLIGHT1_V5.0.1, FP-SNS-FLIGHT1_V5.0.2, FP-SNS-MOTENV1_V4.3.1, FP-SNS-MOTENV1_V4.3.2, FP-SNS-MOTENVWB1_V1.3.1, FP-SNS-SMARTAG2_V1.2.0, STM32Cube_FW_C0_V1.1.0, STM32Cube_FW_F4_V1.28.0, STM32Cube_FW_F7_V1.17.0, STM32Cube_FW_G0_V1.6.1, STM32Cube_FW_G4_V1.5.1, STM32Cube_FW_H5_V0.5.1, STM32Cube_FW_H5_V1.1.1, STM32Cube_FW_H5_V1.2.0RC2, STM32Cube_FW_H7_V1.11.0, STM32Cube_FW_L0_V1.12.2, STM32Cube_FW_L5_V1.5.0, STM32Cube_FW_U5_V1.3.0RC4, STM32Cube_FW_U5_V1.4.0, STM32Cube_FW_WBA_V1.0.0RC1, STM32Cube_FW_WBA_V1.1.0RC1, STM32Cube_FW_WBA_V1.2.0, STM32Cube_FW_WBA_V1.2.0RC2, STM32Cube_FW_WB_V1.15.0RC1, STM32Cube_FW_WB_V1.16.0, STM32Cube_FW_WB_V1.16.0RC2, STM32Cube_FW_WB_V1.18.0, STM32Cube_FW_WL_V1.3.0, X-CUBE-ALGOBUILD_V1.3.0, X-CUBE-ALS_V1.0.1, X-CUBE-AZRTOS-F4_V1.1.0, X-CUBE-AZRTOS-F7_V1.1.0, X-CUBE-AZRTOS-G0_V1.1.0, X-CUBE-AZRTOS-G4_V2.0.0, X-CUBE-AZRTOS-H7_V3.1.0, X-CUBE-AZRTOS-L4_V1.0.0, X-CUBE-AZRTOS-L4_V2.0.0, X-CUBE-AZRTOS-L5_V1.1.0, X-CUBE-AZRTOS-WB_V2.0.0, X-CUBE-AZRTOS-WL_V2.0.0, X-CUBE-BLE1_V7.0.0, X-CUBE-BLE2_V3.3.0, X-CUBE-BLEMGR_V3.0.0, X-CUBE-EEPRMA1_V4.1.0, X-CUBE-EEPRMA1_V4.2.0, X-CUBE-FREERTOS_V1.1.0, X-CUBE-GNSS1_V6.0.0, X-CUBE-MEMS1_V10.0.0, X-CUBE-MEMS1_V9.1.0, X-CUBE-MEMS1_V9.4.0, X-CUBE-MEMS1_V9.6.0, X-CUBE-NFC4_V3.0.0, X-CUBE-NFC7_V1.0.1, X-CUBE-SFXS2LP1_V4.0.0, X-CUBE-SUBG2_V5.0.0, X-CUBE-TOF1_V3.4.0]
2024-02-23 09:43:29,059 [INFO] ApiDb:240 - Found 297 in-development CPN: [B-G473E-ZEST1S, B-WB1M-WPAN1, B-WL5M-SUBG1, NUCLEO-C031C6, NUCLEO-H503RB, NUCLEO-H563ZI, NUCLEO-U545RE-Q, NUCLEO-U5A5ZJ-Q, NUCLEO-WBA52CG, STEVAL-PROTEUS1, STEVAL-STWINBX1, STM320518-EVAL, STM32C0116-DK, STM32C011D6Y3TR, STM32C011D6Y6TR, STM32C011F4P3, STM32C011F4P6, STM32C011F4U3, STM32C011F4U6TR, STM32C011F6P3, STM32C011F6P6, STM32C011F6U3, STM32C011F6U6TR, STM32C011J4M3, STM32C011J4M6, STM32C011J6M3, STM32C011J6M6, STM32C0316-DK, STM32C031C4T3, STM32C031C4T6, STM32C031C4U3, STM32C031C4U6, STM32C031C6T3, STM32C031C6T6, STM32C031C6U3, STM32C031C6U6, STM32C031F4P3, STM32C031F4P6, STM32C031F6P3, STM32C031F6P6, STM32C031G4U3, STM32C031G4U6, STM32C031G6U3, STM32C031G6U6, STM32C031K4T3, STM32C031K4T6, STM32C031K4U3, STM32C031K4U6, STM32C031K6T3, STM32C031K6T6, STM32C031K6U3, STM32C031K6U6, STM32G071K8TXN, STM32G071K8UXN, STM32G081GBU6N, STM32G081KBT6N, STM32G081KBUXN, STM32G0B1CCT6N, STM32G0B1KCT6, STM32G0B1NEY6TR, STM32G0B1RCT6N, STM32G0C1CCT6, STM32G0C1CCT6N, STM32G0C1CCU6N, STM32G0C1CET6N, STM32G0C1CEU6N, STM32G0C1KCT6, STM32G0C1NEY6TR, STM32G0C1RCI6N, STM32G0C1RCT6N, STM32G0C1REI6N, STM32G0C1RET6N, STM32G0C1VCI6, STM32G0C1VEI6, STM32G471CCT6, STM32G471CCU6, STM32G471CET3, STM32G471CET6, STM32G471CEU3, STM32G471CEU6, STM32G471MCT6, STM32G471MET3, STM32G471MET6, STM32G471MEY6TR, STM32G471QCT6, STM32G471QET3, STM32G471RCT6, STM32G471RET3, STM32G471RET6, STM32G471VCH6, STM32G471VCI6, STM32G471VCT6, STM32G471VEH3, STM32G471VEH6, STM32G471VEI3, STM32G471VEI6, STM32G471VET3, STM32G471VET6, STM32G474CCT6, STM32H503CBT6, STM32H503CBU6, STM32H503EBY6TR, STM32H503KBU6, STM32H503RBT6, STM32H562AGI6, STM32H562AII6, STM32H562IGK6, STM32H562IGT6, STM32H562IIK6, STM32H562IIT6, STM32H562RGT6, STM32H562RGV6, STM32H562RIT6, STM32H562RIV6, STM32H562VGT6, STM32H562VIT6, STM32H562ZGT6, STM32H562ZIT6, STM32H563AGI6, STM32H563AII3Q, STM32H563AII6, STM32H563IGK6, STM32H563IGT6, STM32H563IIK3Q, STM32H563IIK6, STM32H563IIT3Q, STM32H563IIT6, STM32H563MIY3QTR, STM32H563RGT6, STM32H563RGV6, STM32H563RIT6, STM32H563RIV6, STM32H563VGT6, STM32H563VIT3Q, STM32H563VIT6, STM32H563ZGT6, STM32H563ZIT3Q, STM32H563ZIT6, STM32H573AII3Q, STM32H573AII6, STM32H573I-DK, STM32H573IIK3Q, STM32H573IIK6, STM32H573IIT3Q, STM32H573IIT6, STM32H573MIY3QTR, STM32H573RIT6, STM32H573RIV6, STM32H573VIT3Q, STM32H573VIT6, STM32H573ZIT3Q, STM32H573ZIT6, STM32L4R5QGI6STR, STM32MP131AAE3, STM32MP131AAF3, STM32MP131AAG3, STM32MP131CAE3, STM32MP131CAF3, STM32MP131CAG3, STM32MP131DAE7, STM32MP131DAF7, STM32MP131DAG7, STM32MP131FAE7, STM32MP131FAF7, STM32MP131FAG7, STM32MP133AAE3, STM32MP133AAF3, STM32MP133AAG3, STM32MP133CAE3, STM32MP133CAF3, STM32MP133CAG3, STM32MP133DAE7, STM32MP133DAF7, STM32MP133DAG7, STM32MP133FAE7, STM32MP133FAF7, STM32MP133FAG7, STM32MP135AAE3, STM32MP135AAF3, STM32MP135AAG3, STM32MP135CAE3, STM32MP135CAF3, STM32MP135CAG3, STM32MP135DAE7, STM32MP135DAF7, STM32MP135DAG7, STM32MP135F-DK, STM32MP135FAE7, STM32MP135FAF7, STM32MP135FAF7T, STM32MP135FAF7U, STM32MP135FAG7, STM32U535CBT6, STM32U535CBT6Q, STM32U535CBU6, STM32U535CBU6Q, STM32U535CCT6, STM32U535CCT6Q, STM32U535CCU6, STM32U535CCU6Q, STM32U535CET6, STM32U535CET6Q, STM32U535CEU6, STM32U535CEU6Q, STM32U535JEY6QTR, STM32U535NCY6QTR, STM32U535NEY6QTR, STM32U535RBI6, STM32U535RBI6Q, STM32U535RBT6, STM32U535RBT6Q, STM32U535RCI6, STM32U535RCI6Q, STM32U535RCT6, STM32U535RCT6Q, STM32U535REI6, STM32U535REI6Q, STM32U535RET6, STM32U535RET6Q, STM32U535VCI6, STM32U535VCI6Q, STM32U535VCT6, STM32U535VCT6Q, STM32U535VEI6, STM32U535VEI6Q, STM32U535VET6, STM32U535VET6Q, STM32U545CET6, STM32U545CET6Q, STM32U545CEU6, STM32U545CEU6Q, STM32U545JEY6QTR, STM32U545NEY6QTR, STM32U545REI6, STM32U545REI6Q, STM32U545RET6, STM32U545RET6Q, STM32U545VEI6, STM32U545VEI6Q, STM32U545VET6, STM32U545VET6Q, STM32U595AIH6, STM32U595AIH6Q, STM32U595AJH6, STM32U595AJH6Q, STM32U595QII6, STM32U595QII6Q, STM32U595QJI6, STM32U595QJI6Q, STM32U595RIT6, STM32U595RIT6Q, STM32U595RJT6, STM32U595RJT6Q, STM32U595VIT6, STM32U595VIT6Q, STM32U595VJT6, STM32U595VJT6Q, STM32U595ZIT6, STM32U595ZIT6Q, STM32U595ZIY6QTR, STM32U595ZJT6, STM32U595ZJT6Q, STM32U595ZJY6QTR, STM32U599BJY6QTR, STM32U599NIH6Q, STM32U599NJH6Q, STM32U599VIT6Q, STM32U599VJT6, STM32U599VJT6Q, STM32U599ZIT6Q, STM32U599ZIY6QTR, STM32U599ZJT6Q, STM32U599ZJY6QTR, STM32U5A5AJH6, STM32U5A5AJH6Q, STM32U5A5QJI6, STM32U5A5QJI6Q, STM32U5A5RJT6, STM32U5A5RJT6Q, STM32U5A5VJT6, STM32U5A5VJT6Q, STM32U5A5ZJT6, STM32U5A5ZJT6Q, STM32U5A5ZJY6QTR, STM32U5A9BJY6QTR, STM32U5A9J-DK, STM32U5A9NJH6Q, STM32U5A9VJT6Q, STM32U5A9ZJT6Q, STM32U5A9ZJY6QTR, STM32WB1MMCH6, STM32WBA52CEU6, STM32WBA52CEU6T, STM32WBA52CGU6, STM32WBA52CGU6T, STM32WL5MOCH6, STM32WL5MOCH6TR]
2024-02-23 09:43:29,063 [INFO] DbMcus:216 - Found 3861 MCUs, 3861 are supported
2024-02-23 09:43:29,070 [INFO] ApiDb:423 - Load user favorites file C:\Users\KDS-LTP-0415/.stm32cubeide/favorites.mcus.txt: 0 item(s)
2024-02-23 09:43:29,070 [INFO] ApiDb:427 - User favorites MCUs=[]
2024-02-23 09:43:29,070 [INFO] DbMcus:222 - Set 0 / 0 favorites MCUs
2024-02-23 09:43:29,451 [WARN] ThirdParty:833 - waiting for thirdparty lock release [change project]
2024-02-23 09:43:29,451 [INFO] ThirdParty:835 - entering critical section [change project]
2024-02-23 09:43:29,451 [INFO] ThirdParty:1030 - CMSIS Pack Vendor :STMicroelectronics X-CUBE-GNSS1 6.0.0
2024-02-23 09:43:29,451 [INFO] ThirdParty:1030 - CMSIS Pack Vendor :STMicroelectronics USB_HOST 2.0.0
2024-02-23 09:43:29,451 [INFO] ThirdParty:1030 - CMSIS Pack Vendor :STMicroelectronics X-CUBE-AZRTOS-F4 1.1.0
2024-02-23 09:43:29,451 [INFO] ThirdParty:1030 - CMSIS Pack Vendor :STMicroelectronics LIBJPEG 8.0.0
2024-02-23 09:43:29,451 [INFO] ThirdParty:1030 - CMSIS Pack Vendor :wolfSSL I-CUBE-wolfSSL 5.6.3
2024-02-23 09:43:29,452 [INFO] ThirdParty:1030 - CMSIS Pack Vendor :STMicroelectronics X-CUBE-SMBUS 2.1.0
2024-02-23 09:43:29,452 [INFO] ThirdParty:1030 - CMSIS Pack Vendor :wolfSSL I-CUBE-wolfSSL 5.6.0
2024-02-23 09:43:29,452 [INFO] ThirdParty:1030 - CMSIS Pack Vendor :wolfSSL I-CUBE-wolfSSL 5.6.6
2024-02-23 09:43:29,452 [INFO] ThirdParty:1030 - CMSIS Pack Vendor :STMicroelectronics X-CUBE-TOUCHGFX 4.23.0
2024-02-23 09:43:29,452 [INFO] ThirdParty:1030 - CMSIS Pack Vendor :STMicroelectronics X-CUBE-BLEMGR 1.2.0
2024-02-23 09:43:29,452 [INFO] ThirdParty:1030 - CMSIS Pack Vendor :STMicroelectronics X-CUBE-AZRTOS-F7 1.1.0
2024-02-23 09:43:29,452 [INFO] ThirdParty:1030 - CMSIS Pack Vendor :STMicroelectronics X-CUBE-AZRTOS-L5 2.0.0
2024-02-23 09:43:29,452 [INFO] ThirdParty:1030 - CMSIS Pack Vendor :STMicroelectronics USB_DEVICE 2.0.0
2024-02-23 09:43:29,452 [INFO] ThirdParty:1030 - CMSIS Pack Vendor :STMicroelectronics X-CUBE-MEMS1 9.6.0
2024-02-23 09:43:29,452 [INFO] ThirdParty:1030 - CMSIS Pack Vendor :STMicroelectronics X-CUBE-EEPRMA1 4.2.0
2024-02-23 09:43:29,452 [INFO] ThirdParty:1030 - CMSIS Pack Vendor :ITTIA_DB I-CUBE-ITTIADB 8.8.0
2024-02-23 09:43:29,452 [INFO] ThirdParty:1030 - CMSIS Pack Vendor :STMicroelectronics FP-SNS-MOTENV1 4.3.0
2024-02-23 09:43:29,452 [INFO] ThirdParty:1030 - CMSIS Pack Vendor :STMicroelectronics FP-SNS-MOTENV1 4.3.2
2024-02-23 09:43:29,452 [INFO] ThirdParty:1030 - CMSIS Pack Vendor :STMicroelectronics FP-SNS-FLIGHT1 5.0.0
2024-02-23 09:43:29,452 [INFO] ThirdParty:1030 - CMSIS Pack Vendor :STMicroelectronics FP-SNS-MOTENV1 4.3.1
2024-02-23 09:43:29,452 [INFO] ThirdParty:1030 - CMSIS Pack Vendor :STMicroelectronics FP-SNS-FLIGHT1 5.0.1
2024-02-23 09:43:29,452 [INFO] ThirdParty:1030 - CMSIS Pack Vendor :STMicroelectronics X-CUBE-BLE1 6.2.3
2024-02-23 09:43:29,452 [INFO] ThirdParty:1030 - CMSIS Pack Vendor :STMicroelectronics X-CUBE-BLE1 6.2.4
2024-02-23 09:43:29,452 [INFO] ThirdParty:1030 - CMSIS Pack Vendor :STMicroelectronics FreeRTOS 0.0.1
2024-02-23 09:43:29,452 [INFO] ThirdParty:1030 - CMSIS Pack Vendor :emotas I-CUBE-CANOPEN 1.1.3
2024-02-23 09:43:29,453 [INFO] ThirdParty:1030 - CMSIS Pack Vendor :STMicroelectronics X-CUBE-BLEMGR 2.0.0
2024-02-23 09:43:29,453 [INFO] ThirdParty:1030 - CMSIS Pack Vendor :STMicroelectronics FP-SNS-FLIGHT1 5.0.2
2024-02-23 09:43:29,453 [INFO] ThirdParty:1030 - CMSIS Pack Vendor :STMicroelectronics X-CUBE-NFC4 2.0.5
2024-02-23 09:43:29,453 [INFO] ThirdParty:1030 - CMSIS Pack Vendor :STMicroelectronics X-CUBE-NFC4 2.0.4
2024-02-23 09:43:29,453 [INFO] ThirdParty:1030 - CMSIS Pack Vendor :STMicroelectronics X-CUBE-AZRTOS-H7 3.1.0
2024-02-23 09:43:29,453 [INFO] ThirdParty:1030 - CMSIS Pack Vendor :STMicroelectronics PDM2PCM 3.3.0
2024-02-23 09:43:29,453 [INFO] ThirdParty:1030 - CMSIS Pack Vendor :STMicroelectronics X-CUBE-TOF1 3.1.0
2024-02-23 09:43:29,453 [INFO] ThirdParty:1030 - CMSIS Pack Vendor :STMicroelectronics X-CUBE-DISPLAY 3.0.0
2024-02-23 09:43:29,453 [INFO] ThirdParty:1030 - CMSIS Pack Vendor :STMicroelectronics X-CUBE-BLE1 7.0.0
2024-02-23 09:43:29,453 [INFO] ThirdParty:1030 - CMSIS Pack Vendor :STMicroelectronics HAL Drivers 0.0.0
2024-02-23 09:43:29,453 [INFO] ThirdParty:1030 - CMSIS Pack Vendor :emotas I-CUBE-CANOPEN 1.3.0
2024-02-23 09:43:29,453 [INFO] ThirdParty:1030 - CMSIS Pack Vendor :STMicroelectronics X-CUBE-TOUCHGFX 4.22.0
2024-02-23 09:43:29,453 [INFO] ThirdParty:1030 - CMSIS Pack Vendor :STMicroelectronics X-CUBE-NFC7 1.0.1
2024-02-23 09:43:29,453 [INFO] ThirdParty:1030 - CMSIS Pack Vendor :STMicroelectronics MBEDTLS 2.14.1
2024-02-23 09:43:29,453 [INFO] ThirdParty:1030 - CMSIS Pack Vendor :STMicroelectronics X-CUBE-NFC7 1.0.0
2024-02-23 09:43:29,453 [INFO] ThirdParty:1030 - CMSIS Pack Vendor :STMicroelectronics X-CUBE-TOUCHGFX 4.22.1
2024-02-23 09:43:29,453 [INFO] ThirdParty:1030 - CMSIS Pack Vendor :STMicroelectronics X-CUBE-NFC6 3.0.0
2024-02-23 09:43:29,453 [INFO] ThirdParty:1030 - CMSIS Pack Vendor :STMicroelectronics X-CUBE-MEMS1 9.3.0
2024-02-23 09:43:29,453 [INFO] ThirdParty:1030 - CMSIS Pack Vendor :STMicroelectronics X-CUBE-EEPRMA1 4.1.0
2024-02-23 09:43:29,453 [INFO] ThirdParty:1030 - CMSIS Pack Vendor :STMicroelectronics X-CUBE-AI 7.2.0
2024-02-23 09:43:29,453 [INFO] ThirdParty:1030 - CMSIS Pack Vendor :STMicroelectronics FP-SNS-SMARTAG2 1.2.0
2024-02-23 09:43:29,453 [INFO] ThirdParty:1030 - CMSIS Pack Vendor :STMicroelectronics X-CUBE-AZRTOS-WL 2.0.0
2024-02-23 09:43:29,453 [INFO] ThirdParty:1030 - CMSIS Pack Vendor :STMicroelectronics USB_DEVICE 1.0.0
2024-02-23 09:43:29,454 [INFO] ThirdParty:1030 - CMSIS Pack Vendor :STMicroelectronics X-CUBE-AI 8.1.0
2024-02-23 09:43:29,454 [INFO] ThirdParty:1030 - CMSIS Pack Vendor :STMicroelectronics X-CUBE-AZRTOS-L4 2.0.0
2024-02-23 09:43:29,454 [INFO] ThirdParty:1030 - CMSIS Pack Vendor :STMicroelectronics ThreadX 0.0.2
2024-02-23 09:43:29,454 [INFO] ThirdParty:1030 - CMSIS Pack Vendor :WES I-CUBE-Cesium 1.3.0
2024-02-23 09:43:29,454 [INFO] ThirdParty:1030 - CMSIS Pack Vendor :STMicroelectronics lwIP 2.1.2
2024-02-23 09:43:29,454 [INFO] ThirdParty:1030 - CMSIS Pack Vendor :STMicroelectronics X-CUBE-SFXS2LP1 4.0.0
2024-02-23 09:43:29,454 [INFO] ThirdParty:1030 - CMSIS Pack Vendor :STMicroelectronics X-CUBE-BLE2 3.3.0
2024-02-23 09:43:29,454 [INFO] ThirdParty:1030 - CMSIS Pack Vendor :STMicroelectronics X-CUBE-DISPLAY 2.2.0
2024-02-23 09:43:29,454 [INFO] ThirdParty:1030 - CMSIS Pack Vendor :STMicroelectronics X-CUBE-TOF1 3.2.0
2024-02-23 09:43:29,454 [INFO] ThirdParty:1030 - CMSIS Pack Vendor :STMicroelectronics PDM2PCM 3.2.0
2024-02-23 09:43:29,454 [INFO] ThirdParty:1030 - CMSIS Pack Vendor :STMicroelectronics X-CUBE-AZRTOS-H7 3.0.0
2024-02-23 09:43:29,454 [INFO] ThirdParty:1030 - CMSIS Pack Vendor :STMicroelectronics X-CUBE-ISPU 1.0.0
2024-02-23 09:43:29,454 [INFO] ThirdParty:1030 - CMSIS Pack Vendor :STMicroelectronics X-CUBE-ISPU 1.1.0
2024-02-23 09:43:29,454 [INFO] ThirdParty:1030 - CMSIS Pack Vendor :RoweBots I-CUBE-UNISONRTOS 5.5.0-4
2024-02-23 09:43:29,454 [INFO] ThirdParty:1030 - CMSIS Pack Vendor :STMicroelectronics X-CUBE-AZRTOS-H7 2.1.0
2024-02-23 09:43:29,454 [INFO] ThirdParty:1030 - CMSIS Pack Vendor :wolfSSL I-CUBE-wolfSSL 5.4.0
2024-02-23 09:43:29,454 [INFO] ThirdParty:1030 - CMSIS Pack Vendor :STMicroelectronics USB_DEVICE 3.0.0
2024-02-23 09:43:29,454 [INFO] ThirdParty:1030 - CMSIS Pack Vendor :STMicroelectronics X-CUBE-AI 8.0.0
2024-02-23 09:43:29,454 [INFO] ThirdParty:1030 - CMSIS Pack Vendor :STMicroelectronics X-CUBE-AZRTOS-WB 2.0.0
2024-02-23 09:43:29,454 [INFO] ThirdParty:1030 - CMSIS Pack Vendor :STMicroelectronics X-CUBE-FREERTOS 1.0.0
2024-02-23 09:43:29,454 [INFO] ThirdParty:1030 - CMSIS Pack Vendor :STMicroelectronics X-CUBE-FREERTOS 1.0.1
2024-02-23 09:43:29,454 [INFO] ThirdParty:1030 - CMSIS Pack Vendor :STMicroelectronics X-CUBE-TOUCHGFX 4.21.1
2024-02-23 09:43:29,454 [INFO] ThirdParty:1030 - CMSIS Pack Vendor :STMicroelectronics X-CUBE-TOUCHGFX 4.21.3
2024-02-23 09:43:29,454 [INFO] ThirdParty:1030 - CMSIS Pack Vendor :STMicroelectronics X-CUBE-BLEMGR 1.0.0
2024-02-23 09:43:29,454 [INFO] ThirdParty:1030 - CMSIS Pack Vendor :STMicroelectronics X-CUBE-TOUCHGFX 4.21.4
2024-02-23 09:43:29,454 [INFO] ThirdParty:1030 - CMSIS Pack Vendor :STMicroelectronics X-CUBE-MEMS1 9.4.0
2024-02-23 09:43:29,454 [INFO] ThirdParty:1030 - CMSIS Pack Vendor :STMicroelectronics X-CUBE-AI 7.3.0
2024-02-23 09:43:29,454 [INFO] ThirdParty:1030 - CMSIS Pack Vendor :EdgeImpulse osugiw-project-1 1.0.1
2024-02-23 09:43:29,454 [INFO] ThirdParty:1030 - CMSIS Pack Vendor :STMicroelectronics X-CUBE-ALGOBUILD 1.3.0
2024-02-23 09:43:29,454 [INFO] ThirdParty:1030 - CMSIS Pack Vendor :STMicroelectronics X-CUBE-AZRTOS-L5 1.1.0
2024-02-23 09:43:29,454 [INFO] ThirdParty:1030 - CMSIS Pack Vendor :STMicroelectronics X-CUBE-AZRTOS-G0 1.1.0
2024-02-23 09:43:29,454 [INFO] ThirdParty:1030 - CMSIS Pack Vendor :STMicroelectronics X-CUBE-AI 8.0.1
2024-02-23 09:43:29,454 [INFO] ThirdParty:1030 - CMSIS Pack Vendor :STMicroelectronics X-CUBE-NFC4 3.0.0
2024-02-23 09:43:29,454 [INFO] ThirdParty:1030 - CMSIS Pack Vendor :SEGGER I-CUBE-embOS 1.2.0
2024-02-23 09:43:29,454 [INFO] ThirdParty:1030 - CMSIS Pack Vendor :STMicroelectronics X-CUBE-SUBG2 5.0.0
2024-02-23 09:43:29,455 [INFO] ThirdParty:1030 - CMSIS Pack Vendor :STMicroelectronics STM32_WPAN 1.0.0
2024-02-23 09:43:29,455 [INFO] ThirdParty:1030 - CMSIS Pack Vendor :STMicroelectronics lwIP 2.0.3
2024-02-23 09:43:29,455 [INFO] ThirdParty:1030 - CMSIS Pack Vendor :STMicroelectronics USB_HOST 1.0.0
2024-02-23 09:43:29,455 [INFO] ThirdParty:1030 - CMSIS Pack Vendor :STMicroelectronics X-CUBE-TOF1 3.3.1
2024-02-23 09:43:29,455 [INFO] ThirdParty:1030 - CMSIS Pack Vendor :STMicroelectronics X-CUBE-AZRTOS-G4 2.0.0
2024-02-23 09:43:29,455 [INFO] ThirdParty:1030 - CMSIS Pack Vendor :STMicroelectronics PDM2PCM 3.1.0
2024-02-23 09:43:29,455 [INFO] ThirdParty:1030 - CMSIS Pack Vendor :STMicroelectronics X-CUBE-TOF1 3.3.0
2024-02-23 09:43:29,455 [INFO] ThirdParty:1030 - CMSIS Pack Vendor :STMicroelectronics FP-ATR-ASTRA1 1.1.1
2024-02-23 09:43:29,455 [INFO] ThirdParty:1030 - CMSIS Pack Vendor :Infineon AIROC-Wi-Fi-Bluetooth-STM32 1.5.1
2024-02-23 09:43:29,455 [INFO] ThirdParty:1030 - CMSIS Pack Vendor :STMicroelectronics X-CUBE-BLEMGR 3.0.0
2024-02-23 09:43:29,455 [INFO] ThirdParty:1030 - CMSIS Pack Vendor :STMicroelectronics FP-ATR-ASTRA1 1.1.0
2024-02-23 09:43:29,455 [INFO] ThirdParty:1030 - CMSIS Pack Vendor :STMicroelectronics X-CUBE-BLEMGR 1.3.0
2024-02-23 09:43:29,455 [INFO] ThirdParty:1030 - CMSIS Pack Vendor :STMicroelectronics FP-SNS-MOTENVWB1 1.3.0
2024-02-23 09:43:29,455 [INFO] ThirdParty:1030 - CMSIS Pack Vendor :STMicroelectronics FP-SNS-MOTENVWB1 1.3.1
2024-02-23 09:43:29,455 [INFO] ThirdParty:1030 - CMSIS Pack Vendor :STMicroelectronics FP-ATR-SIGFOX1 3.2.0
2024-02-23 09:43:29,455 [INFO] ThirdParty:1030 - CMSIS Pack Vendor :STMicroelectronics X-CUBE-AZRTOS-G4 1.0.0
2024-02-23 09:43:29,455 [INFO] ThirdParty:1030 - CMSIS Pack Vendor :STMicroelectronics X-CUBE-AZRTOS-L4 1.0.0
2024-02-23 09:43:29,455 [INFO] ThirdParty:1030 - CMSIS Pack Vendor :STMicroelectronics X-CUBE-ISPU 2.0.0
2024-02-23 09:43:29,455 [INFO] ThirdParty:1030 - CMSIS Pack Vendor :STMicroelectronics X-CUBE-EEPRMA1 5.1.0
2024-02-23 09:43:29,456 [INFO] ThirdParty:1030 - CMSIS Pack Vendor :STMicroelectronics MBEDTLS 2.16.2
2024-02-23 09:43:29,456 [INFO] ThirdParty:1030 - CMSIS Pack Vendor :emotas I-CUBE-CANOPEN 1.1.2
2024-02-23 09:43:29,456 [INFO] ThirdParty:1030 - CMSIS Pack Vendor :STMicroelectronics X-CUBE-TOUCHGFX 4.20.0
2024-02-23 09:43:29,457 [INFO] ThirdParty:1030 - CMSIS Pack Vendor :STMicroelectronics X-CUBE-MEMS1 10.0.0
2024-02-23 09:43:29,457 [INFO] ThirdParty:1030 - CMSIS Pack Vendor :STMicroelectronics X-CUBE-FREERTOS 1.1.0
2024-02-23 09:43:29,457 [INFO] ThirdParty:1030 - CMSIS Pack Vendor :STMicroelectronics X-CUBE-AZRTOS-WL 1.0.0
2024-02-23 09:43:29,457 [INFO] ThirdParty:1030 - CMSIS Pack Vendor :portGmbH I-Cube-SoM-uGOAL 1.1.0
2024-02-23 09:43:29,457 [INFO] ThirdParty:1030 - CMSIS Pack Vendor :STMicroelectronics X-CUBE-ALS 1.0.1
2024-02-23 09:43:29,457 [INFO] ThirdParty:1030 - CMSIS Pack Vendor :STMicroelectronics X-CUBE-MEMS1 9.5.0
2024-02-23 09:43:29,457 [INFO] ThirdParty:1030 - CMSIS Pack Vendor :STMicroelectronics ThreadX 1.0.0
2024-02-23 09:43:29,457 [INFO] ThirdParty:1030 - CMSIS Pack Vendor :STMicroelectronics X-CUBE-AZRTOS-WB 1.1.0
2024-02-23 09:43:29,457 [INFO] ThirdParty:1030 - CMSIS Pack Vendor :SEGGER I-CUBE-embOS 1.3.1
2024-02-23 09:43:29,458 [INFO] ThirdParty:1030 - CMSIS Pack Vendor :STMicroelectronics X-CUBE-AZRTOS-L5 1.0.0
2024-02-23 09:43:29,458 [INFO] ThirdParty:1030 - CMSIS Pack Vendor :STMicroelectronics X-CUBE-EEPRMA1 3.1.1
2024-02-23 09:43:29,458 [INFO] ThirdParty:1030 - CMSIS Pack Vendor :STMicroelectronics FP-ATR-ASTRA1 2.0.0
2024-02-23 09:43:29,458 [INFO] ThirdParty:1030 - CMSIS Pack Vendor :STMicroelectronics X-CUBE-TOF1 3.4.0
2024-02-23 09:43:29,458 [INFO] ThirdParty:1030 - CMSIS Pack Vendor :STMicroelectronics X-CUBE-AZRTOS-H7 3.2.0
2024-02-23 09:43:29,458 [INFO] ThirdParty:841 - exiting critical section [change project]
2024-02-23 09:43:29,786 [INFO] PinOutPanel:1499 - setPackage(No Configuration,No Configuration)
2024-02-23 09:43:29,789 [INFO] PinOutPanel:1499 - setPackage(STM32G030C8Tx,LQFP48)
2024-02-23 09:43:30,199 [INFO] UtilMem:75 - Before build in PCC Used Memory: 305816952 Bytes (442499072)
2024-02-23 09:43:31,022 [INFO] UtilMem:75 - After build in PCC Used Memory: 283832352 Bytes (442499072)
2024-02-23 09:43:31,047 [INFO] IPUIPlugin:80 - create IPUIPlugin
2024-02-23 09:43:31,047 [INFO] IPUIPlugin:80 - create IPUIPlugin
2024-02-23 09:43:31,047 [INFO] IPUIPlugin:80 - create IPUIPlugin
2024-02-23 09:43:31,047 [INFO] IPUIPlugin:80 - create IPUIPlugin
2024-02-23 09:43:31,048 [INFO] IPUIPlugin:80 - create IPUIPlugin
2024-02-23 09:43:31,048 [INFO] IPUIPlugin:80 - create IPUIPlugin
2024-02-23 09:43:31,048 [INFO] IPUIPlugin:80 - create IPUIPlugin
2024-02-23 09:43:31,048 [INFO] IPUIPlugin:80 - create IPUIPlugin
2024-02-23 09:43:31,048 [INFO] IPUIPlugin:80 - create IPUIPlugin
2024-02-23 09:43:31,048 [INFO] IPUIPlugin:80 - create IPUIPlugin
2024-02-23 09:43:31,048 [INFO] IPUIPlugin:80 - create IPUIPlugin
2024-02-23 09:43:31,048 [INFO] IPUIPlugin:80 - create IPUIPlugin
2024-02-23 09:43:31,048 [INFO] IPUIPlugin:80 - create IPUIPlugin
2024-02-23 09:43:31,049 [INFO] IPUIPlugin:80 - create IPUIPlugin
2024-02-23 09:43:31,049 [INFO] IPUIPlugin:80 - create IPUIPlugin
2024-02-23 09:43:31,049 [INFO] IPUIPlugin:80 - create IPUIPlugin
2024-02-23 09:43:31,049 [INFO] IPUIPlugin:80 - create IPUIPlugin
2024-02-23 09:43:31,049 [INFO] IPUIPlugin:80 - create IPUIPlugin
2024-02-23 09:43:31,049 [INFO] IPUIPlugin:80 - create IPUIPlugin
2024-02-23 09:43:31,049 [INFO] IPUIPlugin:80 - create IPUIPlugin
2024-02-23 09:43:31,049 [INFO] IPUIPlugin:80 - create IPUIPlugin
2024-02-23 09:43:31,050 [INFO] IPUIPlugin:80 - create IPUIPlugin
2024-02-23 09:43:31,050 [INFO] IPUIPlugin:80 - create IPUIPlugin
2024-02-23 09:43:31,050 [INFO] IPUIPlugin:80 - create IPUIPlugin
2024-02-23 09:43:31,050 [INFO] IPUIPlugin:80 - create IPUIPlugin
2024-02-23 09:43:31,065 [WARN] IP:2113 - FIFOMode not found: check if there is a RefParameter without a condition.
2024-02-23 09:43:31,065 [WARN] IP:2113 - TXFIFOThreshold not found: check if there is a RefParameter without a condition.
2024-02-23 09:43:31,065 [WARN] IP:2113 - RXFIFOThreshold not found: check if there is a RefParameter without a condition.
2024-02-23 09:43:31,065 [WARN] IP:2113 - AutoBaudRateEnableParam not found: check if there is a RefParameter without a condition.
2024-02-23 09:43:31,276 [INFO] CADModel:165 - CPN selected for project levelSTM32G031K8T6
2024-02-23 09:43:31,276 [INFO] CADModel:114 - Register for checkConnection events
2024-02-23 09:43:31,315 [INFO] OpenFileManager:328 - Restore cursor
2024-02-23 09:43:31,477 [WARN] IP:2113 - FIFOMode not found: check if there is a RefParameter without a condition.
2024-02-23 09:43:31,477 [WARN] IP:2113 - TXFIFOThreshold not found: check if there is a RefParameter without a condition.
2024-02-23 09:43:31,477 [WARN] IP:2113 - RXFIFOThreshold not found: check if there is a RefParameter without a condition.
2024-02-23 09:43:31,477 [WARN] IP:2113 - AutoBaudRateEnableParam not found: check if there is a RefParameter without a condition.
2024-02-23 09:43:31,478 [WARN] IP:2113 - FIFOMode not found: check if there is a RefParameter without a condition.
2024-02-23 09:43:31,478 [WARN] IP:2113 - TXFIFOThreshold not found: check if there is a RefParameter without a condition.
2024-02-23 09:43:31,478 [WARN] IP:2113 - RXFIFOThreshold not found: check if there is a RefParameter without a condition.
2024-02-23 09:43:31,478 [WARN] IP:2113 - AutoBaudRateEnableParam not found: check if there is a RefParameter without a condition.
2024-02-23 09:53:20,121 [INFO] Activator:176 - 


2024-02-23 09:53:20,127 [INFO] Activator:177 - !SESSION log4j initialized
2024-02-23 09:53:27,711 [INFO] LogOutputStream:77 - [STDOUT_REDIRECT] 
2024-02-23 09:53:49,263 [ERROR] LogOutputStream:75 - [STDERR_REDIRECT] SLF4J: Failed to load class "org.slf4j.impl.StaticLoggerBinder".
2024-02-23 09:53:49,263 [ERROR] LogOutputStream:75 - [STDERR_REDIRECT] SLF4J: Defaulting to no-operation (NOP) logger implementation
2024-02-23 09:53:49,278 [ERROR] LogOutputStream:75 - [STDERR_REDIRECT] SLF4J: See http://www.slf4j.org/codes.html#StaticLoggerBinder for further details.
2024-02-23 15:15:18,594 [INFO] Activator:176 - 


2024-02-23 15:15:18,597 [INFO] Activator:177 - !SESSION log4j initialized
2024-02-23 15:15:25,648 [INFO] LogOutputStream:77 - [STDOUT_REDIRECT] 
2024-02-23 15:15:48,678 [ERROR] LogOutputStream:75 - [STDERR_REDIRECT] SLF4J: Failed to load class "org.slf4j.impl.StaticLoggerBinder".
2024-02-23 15:15:48,678 [ERROR] LogOutputStream:75 - [STDERR_REDIRECT] SLF4J: Defaulting to no-operation (NOP) logger implementation
2024-02-23 15:15:48,678 [ERROR] LogOutputStream:75 - [STDERR_REDIRECT] SLF4J: See http://www.slf4j.org/codes.html#StaticLoggerBinder for further details.
