2024-01-12 08:16:24,153 [INFO] Activator:176 - 


2024-01-12 08:16:24,159 [INFO] Activator:177 - !SESSION log4j initialized
2024-01-12 08:16:31,664 [INFO] LogOutputStream:77 - [STDOUT_REDIRECT] 
2024-01-12 08:16:54,870 [ERROR] LogOutputStream:75 - [STDERR_REDIRECT] SLF4J: Failed to load class "org.slf4j.impl.StaticLoggerBinder".
2024-01-12 08:16:54,871 [ERROR] LogOutputStream:75 - [STDERR_REDIRECT] SLF4J: Defaulting to no-operation (NOP) logger implementation
2024-01-12 08:16:54,872 [ERROR] LogOutputStream:75 - [STDERR_REDIRECT] SLF4J: See http://www.slf4j.org/codes.html#StaticLoggerBinder for further details.
2024-01-12 10:59:26,855 [INFO] ApplicationProperties:184 - Using Application install path: C:\ST\STM32CubeIDE_1.12.0\STM32CubeIDE\plugins\com.st.stm32cube.common.mx_6.8.0.202302231600
2024-01-12 10:59:26,904 [INFO] DbMcusXml:78 - Set database path to: C:\ST\STM32CubeIDE_1.12.0\STM32CubeIDE\plugins\com.st.stm32cube.common.mx_6.8.0.202302231600\\db\/mcu/
2024-01-12 10:59:26,904 [INFO] ApiDb:274 - Set plugin database path to: C:\ST\STM32CubeIDE_1.12.0\STM32CubeIDE\plugins\com.st.stm32cube.common.mx_6.8.0.202302231600\\db\/plugins/boardmanager/
2024-01-12 10:59:26,904 [WARN] ApiDb:259 - Overriding images path with different value:  => C:\ST\STM32CubeIDE_1.12.0\STM32CubeIDE\plugins\com.st.stm32cube.common.mx_6.8.0.202302231600\\db\/plugins/mcufinder/images/
2024-01-12 10:59:26,931 [INFO] ApiDb:250 - Set database path to: C:\Users\KDS-LTP-0415\.stmcufinder\plugins\mcufinder//mcu/
2024-01-12 10:59:26,934 [INFO] DbMcusAds:125 - Set database path to: C:\Users\KDS-LTP-0415\.stmcufinder\plugins\mcufinder//mcu/
2024-01-12 10:59:26,984 [INFO] CrossReferenceDbSqlite:203 - Set database path to: C:\Users\KDS-LTP-0415\.stmcufinder\plugins\mcufinder//mcu/cs/
2024-01-12 10:59:27,105 [INFO] RulesReader:64 - Compatibility file has been processed (293 Rules)
2024-01-12 10:59:27,204 [INFO] DbMcusXml:78 - Set database path to: C:\ST\STM32CubeIDE_1.12.0\STM32CubeIDE\plugins\com.st.stm32cube.common.mx_6.8.0.202302231600\\db\/mcu/
2024-01-12 10:59:27,204 [INFO] ApiDb:274 - Set plugin database path to: C:\ST\STM32CubeIDE_1.12.0\STM32CubeIDE\plugins\com.st.stm32cube.common.mx_6.8.0.202302231600\\db\/plugins/boardmanager/
2024-01-12 10:59:27,204 [INFO] ApiDb:261 - Set plugin images path to: C:\ST\STM32CubeIDE_1.12.0\STM32CubeIDE\plugins\com.st.stm32cube.common.mx_6.8.0.202302231600\\db\/plugins/mcufinder/images/
2024-01-12 10:59:27,204 [WARN] DbFile:41 - Overriding database path with different value: C:\Users\KDS-LTP-0415\.stmcufinder\plugins\mcufinder/ => C:\Users\KDS-LTP-0415\.stmcufinder\plugins\mcufinder
2024-01-12 10:59:27,204 [INFO] ApiDb:250 - Set database path to: C:\Users\KDS-LTP-0415\.stmcufinder\plugins\mcufinder//mcu/
2024-01-12 10:59:27,204 [WARN] DbFile:41 - Overriding database path with different value: C:\Users\KDS-LTP-0415\.stmcufinder\plugins\mcufinder/ => C:\Users\KDS-LTP-0415\.stmcufinder\plugins\mcufinder
2024-01-12 10:59:27,213 [INFO] DbMcusAds:125 - Set database path to: C:\Users\KDS-LTP-0415\.stmcufinder\plugins\mcufinder//mcu/
2024-01-12 10:59:27,213 [WARN] DbFile:41 - Overriding database path with different value: C:\Users\KDS-LTP-0415\.stmcufinder\plugins\mcufinder/ => C:\Users\KDS-LTP-0415\.stmcufinder\plugins\mcufinder
2024-01-12 10:59:27,213 [WARN] DbFile:41 - Overriding database path with different value: C:\Users\KDS-LTP-0415\.stmcufinder\plugins\mcufinder/ => C:\Users\KDS-LTP-0415\.stmcufinder\plugins\mcufinder
2024-01-12 10:59:27,213 [INFO] CrossReferenceDbSqlite:203 - Set database path to: C:\Users\KDS-LTP-0415\.stmcufinder\plugins\mcufinder//mcu/cs/
2024-01-12 10:59:27,294 [INFO] MainPanel:253 - HeapMemory: 727711744
2024-01-12 10:59:27,414 [INFO] DbMcusXml:78 - Set database path to: C:\ST\STM32CubeIDE_1.12.0\STM32CubeIDE\plugins\com.st.stm32cube.common.mx_6.8.0.202302231600\\db\/mcu/
2024-01-12 10:59:27,414 [INFO] ApiDb:274 - Set plugin database path to: C:\ST\STM32CubeIDE_1.12.0\STM32CubeIDE\plugins\com.st.stm32cube.common.mx_6.8.0.202302231600\\db\/plugins/boardmanager/
2024-01-12 10:59:27,414 [INFO] ApiDb:261 - Set plugin images path to: C:\ST\STM32CubeIDE_1.12.0\STM32CubeIDE\plugins\com.st.stm32cube.common.mx_6.8.0.202302231600\\db\/plugins/mcufinder/images/
2024-01-12 10:59:27,414 [WARN] DbFile:41 - Overriding database path with different value: C:\Users\KDS-LTP-0415\.stmcufinder\plugins\mcufinder/ => C:\Users\KDS-LTP-0415\.stmcufinder\plugins\mcufinder
2024-01-12 10:59:27,414 [INFO] ApiDb:250 - Set database path to: C:\Users\KDS-LTP-0415\.stmcufinder\plugins\mcufinder//mcu/
2024-01-12 10:59:27,414 [WARN] DbFile:41 - Overriding database path with different value: C:\Users\KDS-LTP-0415\.stmcufinder\plugins\mcufinder/ => C:\Users\KDS-LTP-0415\.stmcufinder\plugins\mcufinder
2024-01-12 10:59:27,414 [INFO] DbMcusAds:125 - Set database path to: C:\Users\KDS-LTP-0415\.stmcufinder\plugins\mcufinder//mcu/
2024-01-12 10:59:27,414 [WARN] DbFile:41 - Overriding database path with different value: C:\Users\KDS-LTP-0415\.stmcufinder\plugins\mcufinder/ => C:\Users\KDS-LTP-0415\.stmcufinder\plugins\mcufinder
2024-01-12 10:59:27,414 [WARN] DbFile:41 - Overriding database path with different value: C:\Users\KDS-LTP-0415\.stmcufinder\plugins\mcufinder/ => C:\Users\KDS-LTP-0415\.stmcufinder\plugins\mcufinder
2024-01-12 10:59:27,414 [INFO] CrossReferenceDbSqlite:203 - Set database path to: C:\Users\KDS-LTP-0415\.stmcufinder\plugins\mcufinder//mcu/cs/
2024-01-12 10:59:27,437 [INFO] ApplicationProperties:184 - Using Application install path: C:\ST\STM32CubeIDE_1.12.0\STM32CubeIDE\plugins\com.st.stm32cube.common.mx_6.8.0.202302231600
2024-01-12 10:59:27,437 [INFO] PluginManage:196 - Search for loadable plugins [exclusion list=, ]
2024-01-12 10:59:27,444 [INFO] PluginManage:310 - Check plugin analytics
2024-01-12 10:59:27,644 [INFO] AnalyticsPlugin:253 - Accepted Software Licenses: STM32CubeMX.6.2.1,STM32CubeMX.6.6.1,STM32CubeMX.6.7.0,STM32CubeMX.6.8.1,STM32CubeMX.6.9.1
2024-01-12 10:59:27,644 [INFO] AnalyticsPlugin:255 - Accepted CMSIS Pack Licenses: EdgeImpulse.osugiw-project-1.1.0.1,STMicroelectronics.X-CUBE-DISPLAY.3.0.0
2024-01-12 10:59:27,644 [INFO] AnalyticsPlugin:257 - Accepted Firmware Licenses: FW.G0.1.6.0,FW.WB.1.16.0,FW.WB.1.18.0
2024-01-12 10:59:27,644 [INFO] PluginManage:359 - Loaded plugin analytics (category:tool,tabindex:-1)
2024-01-12 10:59:27,644 [INFO] PluginManage:310 - Check plugin cadmodel
2024-01-12 10:59:27,659 [INFO] CADModel:105 - Init CAD model plugin
2024-01-12 10:59:27,659 [INFO] PluginManage:359 - Loaded plugin cadmodel (category:power,tabindex:5)
2024-01-12 10:59:27,659 [INFO] PluginManage:310 - Check plugin clock
2024-01-12 10:59:27,675 [INFO] PluginManage:359 - Loaded plugin clock (category:base,tabindex:2)
2024-01-12 10:59:27,675 [INFO] PluginManage:310 - Check plugin ddr
2024-01-12 10:59:27,675 [INFO] PluginManage:359 - Loaded plugin ddr (category:tool,tabindex:6)
2024-01-12 10:59:27,675 [INFO] PluginManage:310 - Check plugin filemanager
2024-01-12 10:59:27,893 [INFO] PluginManage:359 - Loaded plugin filemanager (category:base,tabindex:10)
2024-01-12 10:59:27,893 [INFO] PluginManage:310 - Check plugin ipmanager
2024-01-12 10:59:27,897 [INFO] PluginManage:359 - Loaded plugin ipmanager (category:base,tabindex:5)
2024-01-12 10:59:27,897 [INFO] PluginManage:310 - Check plugin lpbam
2024-01-12 10:59:27,915 [INFO] PluginManage:359 - Loaded plugin lpbam (category:base,tabindex:0)
2024-01-12 10:59:27,915 [INFO] PluginManage:310 - Check plugin pinoutandconfiguration
2024-01-12 10:59:27,924 [INFO] PluginManage:359 - Loaded plugin pinoutandconfiguration (category:base,tabindex:1)
2024-01-12 10:59:27,924 [INFO] PluginManage:310 - Check plugin pinoutconfig
2024-01-12 10:59:28,025 [WARN] SupportedApi:132 - Cannot load RTOS API schema: s4s-elt-must-match.1: The content of 'definitions' must match (annotation?, (simpleType | complexType)?, (unique | key | keyref)*)). A problem was found starting at: attribute.
2024-01-12 10:59:28,164 [INFO] PluginManage:359 - Loaded plugin pinoutconfig (category:base,tabindex:0)
2024-01-12 10:59:28,164 [INFO] PluginManage:310 - Check plugin power
2024-01-12 10:59:28,184 [INFO] PluginManage:359 - Loaded plugin power (category:power,tabindex:4)
2024-01-12 10:59:28,184 [INFO] PluginManage:310 - Check plugin projectmanager
2024-01-12 10:59:28,204 [INFO] PluginManage:359 - Loaded plugin projectmanager (category:projectmanager,tabindex:3)
2024-01-12 10:59:28,204 [INFO] PluginManage:310 - Check plugin thirdparty
2024-01-12 10:59:28,437 [INFO] PluginManage:359 - Loaded plugin thirdparty (category:base,tabindex:-1)
2024-01-12 10:59:28,437 [INFO] PluginManage:310 - Check plugin tools
2024-01-12 10:59:28,437 [WARN] IntegrityCheckThread:84 - waiting for thirdparty lock release [integrity check]
2024-01-12 10:59:28,437 [INFO] IntegrityCheckThread:86 - entering critical section [integrity check]
2024-01-12 10:59:28,437 [INFO] ThirdPartyUpdaterWithRetryManager:70 - Updater plugin not ready yet. [1/15]
2024-01-12 10:59:28,444 [INFO] PluginManage:359 - Loaded plugin tools (category:base,tabindex:7)
2024-01-12 10:59:28,444 [INFO] PluginManage:310 - Check plugin tutovideos
2024-01-12 10:59:28,685 [INFO] PluginManage:359 - Loaded plugin tutovideos (category:base,tabindex:-1)
2024-01-12 10:59:28,685 [INFO] PluginManage:310 - Check plugin updater
2024-01-12 10:59:28,763 [INFO] PluginManage:359 - Loaded plugin updater (category:base,tabindex:12)
2024-01-12 10:59:28,764 [INFO] PluginManage:283 - PluginManage : Loaded plugins [15]
2024-01-12 10:59:29,067 [INFO] PinOutPanel:1499 - setPackage(No Configuration,No Configuration)
2024-01-12 10:59:29,146 [INFO] CADModel:165 - CPN selected for project level
2024-01-12 10:59:29,146 [INFO] CADModel:114 - Register for checkConnection events
2024-01-12 10:59:29,174 [INFO] IPUIPlugin:80 - create IPUIPlugin
2024-01-12 10:59:29,175 [INFO] PluginManager:220 - loadIPPluginJar : add adc
2024-01-12 10:59:29,184 [INFO] IPUIPlugin:80 - create IPUIPlugin
2024-01-12 10:59:29,184 [INFO] PluginManager:220 - loadIPPluginJar : add aes
2024-01-12 10:59:29,195 [INFO] IPUIPlugin:80 - create IPUIPlugin
2024-01-12 10:59:29,196 [INFO] PluginManager:220 - loadIPPluginJar : add can
2024-01-12 10:59:29,198 [INFO] IPUIPlugin:80 - create IPUIPlugin
2024-01-12 10:59:29,203 [INFO] PluginManager:220 - loadIPPluginJar : add comp
2024-01-12 10:59:29,209 [INFO] IPUIPlugin:80 - create IPUIPlugin
2024-01-12 10:59:29,209 [INFO] PluginManager:220 - loadIPPluginJar : add cryp
2024-01-12 10:59:29,215 [INFO] IPUIPlugin:80 - create IPUIPlugin
2024-01-12 10:59:29,215 [INFO] PluginManager:220 - loadIPPluginJar : add dfsdm
2024-01-12 10:59:29,225 [INFO] IPUIPlugin:80 - create IPUIPlugin
2024-01-12 10:59:29,225 [INFO] PluginManager:220 - loadIPPluginJar : add dma
2024-01-12 10:59:29,235 [INFO] IPUIPlugin:80 - create IPUIPlugin
2024-01-12 10:59:29,235 [INFO] PluginManager:220 - loadIPPluginJar : add dma3
2024-01-12 10:59:29,244 [INFO] IPUIPlugin:80 - create IPUIPlugin
2024-01-12 10:59:29,244 [INFO] PluginManager:220 - loadIPPluginJar : add fatfs
2024-01-12 10:59:29,254 [INFO] IPUIPlugin:80 - create IPUIPlugin
2024-01-12 10:59:29,254 [INFO] PluginManager:220 - loadIPPluginJar : add fmc
2024-01-12 10:59:29,265 [INFO] IPUIPlugin:80 - create IPUIPlugin
2024-01-12 10:59:29,265 [INFO] PluginManager:220 - loadIPPluginJar : add freertos
2024-01-12 10:59:29,265 [INFO] IPUIPlugin:80 - create IPUIPlugin
2024-01-12 10:59:29,265 [INFO] PluginManager:220 - loadIPPluginJar : add genericplugin
2024-01-12 10:59:29,274 [INFO] IPUIPlugin:80 - create IPUIPlugin
2024-01-12 10:59:29,274 [INFO] PluginManager:220 - loadIPPluginJar : add gfxmmu
2024-01-12 10:59:29,289 [INFO] IPUIPlugin:80 - create IPUIPlugin
2024-01-12 10:59:29,289 [INFO] PluginManager:220 - loadIPPluginJar : add gic
2024-01-12 10:59:29,298 [INFO] IPUIPlugin:80 - create IPUIPlugin
2024-01-12 10:59:29,298 [INFO] PluginManager:220 - loadIPPluginJar : add gpio
2024-01-12 10:59:29,305 [INFO] IPUIPlugin:80 - create IPUIPlugin
2024-01-12 10:59:29,305 [INFO] PluginManager:220 - loadIPPluginJar : add gtzc
2024-01-12 10:59:29,314 [INFO] IPUIPlugin:80 - create IPUIPlugin
2024-01-12 10:59:29,314 [INFO] PluginManager:220 - loadIPPluginJar : add hash
2024-01-12 10:59:29,320 [INFO] IPUIPlugin:80 - create IPUIPlugin
2024-01-12 10:59:29,320 [INFO] PluginManager:220 - loadIPPluginJar : add i2c
2024-01-12 10:59:29,325 [INFO] IPUIPlugin:80 - create IPUIPlugin
2024-01-12 10:59:29,325 [INFO] PluginManager:220 - loadIPPluginJar : add i2s
2024-01-12 10:59:29,336 [INFO] IPUIPlugin:80 - create IPUIPlugin
2024-01-12 10:59:29,336 [INFO] PluginManager:220 - loadIPPluginJar : add i3c
2024-01-12 10:59:29,336 [INFO] IPUIPlugin:80 - create IPUIPlugin
2024-01-12 10:59:29,336 [INFO] PluginManager:220 - loadIPPluginJar : add ipddr
2024-01-12 10:59:29,353 [INFO] IPUIPlugin:80 - create IPUIPlugin
2024-01-12 10:59:29,353 [INFO] PluginManager:220 - loadIPPluginJar : add linkedlist
2024-01-12 10:59:29,354 [INFO] IPUIPlugin:80 - create IPUIPlugin
2024-01-12 10:59:29,354 [INFO] PluginManager:220 - loadIPPluginJar : add lorawan
2024-01-12 10:59:29,363 [INFO] IPUIPlugin:80 - create IPUIPlugin
2024-01-12 10:59:29,363 [INFO] PluginManager:220 - loadIPPluginJar : add ltdc
2024-01-12 10:59:29,374 [INFO] IPUIPlugin:80 - create IPUIPlugin
2024-01-12 10:59:29,374 [INFO] PluginManager:220 - loadIPPluginJar : add mdma
2024-01-12 10:59:29,374 [INFO] IPUIPlugin:80 - create IPUIPlugin
2024-01-12 10:59:29,374 [INFO] PluginManager:220 - loadIPPluginJar : add nvic
2024-01-12 10:59:29,389 [INFO] IPUIPlugin:80 - create IPUIPlugin
2024-01-12 10:59:29,389 [INFO] PluginManager:220 - loadIPPluginJar : add opamp
2024-01-12 10:59:29,394 [INFO] IPUIPlugin:80 - create IPUIPlugin
2024-01-12 10:59:29,399 [INFO] PluginManager:220 - loadIPPluginJar : add openamp
2024-01-12 10:59:29,404 [INFO] IPUIPlugin:80 - create IPUIPlugin
2024-01-12 10:59:29,404 [INFO] PluginManager:220 - loadIPPluginJar : add pdm2pcm
2024-01-12 10:59:29,415 [INFO] IPUIPlugin:80 - create IPUIPlugin
2024-01-12 10:59:29,423 [INFO] PluginManager:220 - loadIPPluginJar : add plateformsettings
2024-01-12 10:59:29,424 [INFO] IPUIPlugin:80 - create IPUIPlugin
2024-01-12 10:59:29,428 [INFO] PluginManager:220 - loadIPPluginJar : add quadspi
2024-01-12 10:59:29,435 [INFO] IPUIPlugin:80 - create IPUIPlugin
2024-01-12 10:59:29,435 [INFO] PluginManager:220 - loadIPPluginJar : add resmgrutility
2024-01-12 10:59:29,435 [INFO] IPUIPlugin:80 - create IPUIPlugin
2024-01-12 10:59:29,443 [INFO] PluginManager:220 - loadIPPluginJar : add sai
2024-01-12 10:59:29,447 [INFO] IPUIPlugin:80 - create IPUIPlugin
2024-01-12 10:59:29,447 [INFO] PluginManager:220 - loadIPPluginJar : add spi
2024-01-12 10:59:29,455 [INFO] IPUIPlugin:80 - create IPUIPlugin
2024-01-12 10:59:29,455 [INFO] PluginManager:220 - loadIPPluginJar : add stm32_wpan
2024-01-12 10:59:29,455 [INFO] IPUIPlugin:80 - create IPUIPlugin
2024-01-12 10:59:29,455 [INFO] PluginManager:220 - loadIPPluginJar : add tim
2024-01-12 10:59:29,464 [INFO] IPUIPlugin:80 - create IPUIPlugin
2024-01-12 10:59:29,464 [INFO] PluginManager:220 - loadIPPluginJar : add touchsensing
2024-01-12 10:59:29,464 [INFO] IPUIPlugin:80 - create IPUIPlugin
2024-01-12 10:59:29,464 [INFO] PluginManager:220 - loadIPPluginJar : add tracer_emb
2024-01-12 10:59:29,475 [INFO] IPUIPlugin:80 - create IPUIPlugin
2024-01-12 10:59:29,475 [INFO] PluginManager:220 - loadIPPluginJar : add ts
2024-01-12 10:59:29,479 [INFO] IPUIPlugin:80 - create IPUIPlugin
2024-01-12 10:59:29,479 [INFO] PluginManager:220 - loadIPPluginJar : add tsc
2024-01-12 10:59:29,484 [INFO] IPUIPlugin:80 - create IPUIPlugin
2024-01-12 10:59:29,484 [INFO] PluginManager:220 - loadIPPluginJar : add ucpd
2024-01-12 10:59:29,489 [INFO] IPUIPlugin:80 - create IPUIPlugin
2024-01-12 10:59:29,489 [INFO] PluginManager:220 - loadIPPluginJar : add usart
2024-01-12 10:59:29,495 [INFO] IPUIPlugin:80 - create IPUIPlugin
2024-01-12 10:59:29,495 [INFO] PluginManager:220 - loadIPPluginJar : add usbx
2024-01-12 10:59:29,633 [INFO] CADModel:165 - CPN selected for project level
2024-01-12 10:59:29,633 [INFO] CADModel:114 - Register for checkConnection events
2024-01-12 10:59:29,634 [FATAL] Updater:308 - Updater called before beeing initialized
2024-01-12 10:59:29,634 [ERROR] CADModel:125 - Updater not yet initialized, retry later 
2024-01-12 10:59:29,804 [INFO] CADModel:165 - CPN selected for project level
2024-01-12 10:59:29,804 [INFO] CADModel:114 - Register for checkConnection events
2024-01-12 10:59:29,804 [FATAL] Updater:308 - Updater called before beeing initialized
2024-01-12 10:59:29,804 [ERROR] CADModel:125 - Updater not yet initialized, retry later 
2024-01-12 10:59:29,804 [FATAL] Updater:308 - Updater called before beeing initialized
2024-01-12 10:59:29,953 [FATAL] Updater:308 - Updater called before beeing initialized
2024-01-12 10:59:29,965 [INFO] DbMcusAds:53 - JSON generation date=Wed Nov 29 17:52:27 ICT 2023 (1701255147349)
2024-01-12 10:59:29,965 [FATAL] Updater:308 - Updater called before beeing initialized
2024-01-12 10:59:30,034 [WARN] DetailPanel:346 - Failed to get advertising image, set to default
2024-01-12 10:59:30,175 [FATAL] Updater:308 - Updater called before beeing initialized
2024-01-12 10:59:30,184 [FATAL] Updater:308 - Updater called before beeing initialized
2024-01-12 10:59:30,184 [FATAL] Updater:308 - Updater called before beeing initialized
2024-01-12 10:59:30,184 [WARN] DetailPanel:346 - Failed to get advertising image, set to default
2024-01-12 10:59:30,184 [FATAL] Updater:308 - Updater called before beeing initialized
2024-01-12 10:59:30,234 [ERROR] Updater:1120 - MainUpdater not yet initialized. External WinMGr cannot be set.
2024-01-12 10:59:30,245 [INFO] Updater:1056 - Updater Version found : 6.8.0
2024-01-12 10:59:30,264 [INFO] ApplicationProperties:184 - Using Application install path: C:\ST\STM32CubeIDE_1.12.0\STM32CubeIDE\plugins\com.st.stm32cube.common.mx_6.8.0.202302231600
2024-01-12 10:59:30,534 [INFO] MainUpdater:2854 - connection check result : 10
2024-01-12 10:59:30,566 [INFO] MainUpdater:283 - Updater Check For Update Now.
2024-01-12 10:59:30,566 [INFO] MicroXplorer:498 - Change Database Version : DB.6.0.80
2024-01-12 10:59:30,768 [INFO] CheckServerUpdateThread:120 - End of CheckServer Thread
2024-01-12 10:59:30,787 [INFO] MainUpdater:2854 - connection check result : 10
2024-01-12 10:59:30,934 [INFO] MicroXplorer:468 - Change Database Path : 
2024-01-12 10:59:30,934 [INFO] MicroXplorer:498 - Change Database Version : DB.6.0.80
2024-01-12 10:59:30,934 [WARN] ThirdParty:871 - waiting for thirdparty lock release [close project]
2024-01-12 10:59:31,664 [WARN] PackLoader:240 - Cannot read IP mode file for STMicroelectronics.X-CUBE-SMBUS.2.1.0
2024-01-12 10:59:31,675 [WARN] PackLoader:240 - Cannot read IP mode file for STMicroelectronics.X-CUBE-TOUCHGFX.4.23.0
2024-01-12 10:59:31,715 [WARN] PackLoader:240 - Cannot read IP mode file for STMicroelectronics.X-CUBE-AZRTOS-F7.1.1.0
2024-01-12 10:59:31,734 [ERROR] RealEvaluatedCondition:428 - Found unsupported composite condition: CLASS='Data Exchange' GROUP='STM32_MetaDataManager'
2024-01-12 10:59:31,734 [ERROR] RealEvaluatedCondition:428 - Found unsupported composite condition: GROUP='STM32_MetaDataManager' CLASS='Data Exchange'
2024-01-12 10:59:31,736 [WARN] PackLoader:240 - Cannot read IP mode file for STMicroelectronics.FP-SNS-MOTENV1.4.3.0
2024-01-12 10:59:31,753 [WARN] PackLoader:240 - Cannot read IP mode file for STMicroelectronics.FP-SNS-MOTENV1.4.3.2
2024-01-12 10:59:31,764 [WARN] PackLoader:240 - Cannot read IP mode file for STMicroelectronics.FP-SNS-FLIGHT1.5.0.0
2024-01-12 10:59:31,775 [ERROR] RealEvaluatedCondition:428 - Found unsupported composite condition: GROUP='STM32_MetaDataManager' CLASS='Data Exchange'
2024-01-12 10:59:31,775 [ERROR] RealEvaluatedCondition:428 - Found unsupported composite condition: CLASS='Data Exchange' GROUP='STM32_MetaDataManager'
2024-01-12 10:59:31,775 [WARN] PackLoader:240 - Cannot read IP mode file for STMicroelectronics.FP-SNS-MOTENV1.4.3.1
2024-01-12 10:59:31,786 [WARN] PackLoader:240 - Cannot read IP mode file for STMicroelectronics.FP-SNS-FLIGHT1.5.0.1
2024-01-12 10:59:31,804 [WARN] PackLoader:240 - Cannot read IP mode file for STMicroelectronics.X-CUBE-BLE1.6.2.3
2024-01-12 10:59:31,814 [WARN] PackLoader:240 - Cannot read IP mode file for STMicroelectronics.X-CUBE-BLE1.6.2.4
2024-01-12 10:59:31,825 [WARN] PackLoader:240 - Cannot read IP mode file for STMicroelectronics.FP-SNS-FLIGHT1.5.0.2
2024-01-12 10:59:31,845 [WARN] PackLoader:240 - Cannot read IP mode file for STMicroelectronics.X-CUBE-TOF1.3.1.0
2024-01-12 10:59:31,866 [WARN] PackLoader:240 - Cannot read IP mode file for STMicroelectronics.X-CUBE-DISPLAY.3.0.0
2024-01-12 10:59:32,015 [WARN] PackLoader:240 - Cannot read IP mode file for STMicroelectronics.X-CUBE-BLE1.7.0.0
2024-01-12 10:59:32,033 [WARN] PackLoader:240 - Cannot read IP mode file for emotas.I-CUBE-CANOPEN.1.3.0
2024-01-12 10:59:32,043 [WARN] PackLoader:240 - Cannot read IP mode file for STMicroelectronics.X-CUBE-TOUCHGFX.4.22.0
2024-01-12 10:59:32,044 [WARN] PackLoader:240 - Cannot read IP mode file for STMicroelectronics.X-CUBE-TOUCHGFX.4.22.1
2024-01-12 10:59:32,105 [WARN] PackLoader:240 - Cannot read IP mode file for STMicroelectronics.X-CUBE-MEMS1.9.3.0
2024-01-12 10:59:32,284 [WARN] PackLoader:240 - Cannot read IP mode file for STMicroelectronics.X-CUBE-AI.7.2.0
2024-01-12 10:59:32,295 [WARN] PackLoader:240 - Cannot read IP mode file for STMicroelectronics.FP-SNS-SMARTAG2.1.2.0
2024-01-12 10:59:32,314 [INFO] LogOutputStream:77 - [STDOUT_REDIRECT] 1 : Invalid condition id : UX_CORESTACK_Condition cause : null
2024-01-12 10:59:32,315 [INFO] LogOutputStream:77 - [STDOUT_REDIRECT] 1 : Invalid condition id : UX_CORESTACK_Condition cause : null
2024-01-12 10:59:32,315 [INFO] LogOutputStream:77 - [STDOUT_REDIRECT] 1 : Invalid condition id : UX_CORESTACK_Condition cause : null
2024-01-12 10:59:32,315 [INFO] LogOutputStream:77 - [STDOUT_REDIRECT] 1 : Invalid condition id : UX_CORESTACK_Condition cause : null
2024-01-12 10:59:32,315 [INFO] LogOutputStream:77 - [STDOUT_REDIRECT] 1 : Invalid condition id : UX_CORESTACK_Condition cause : null
2024-01-12 10:59:32,315 [WARN] PackLoader:240 - Cannot read IP mode file for STMicroelectronics.X-CUBE-AZRTOS-WL.2.0.0
2024-01-12 10:59:32,335 [WARN] PackLoader:240 - Cannot read IP mode file for WES.I-CUBE-Cesium.1.3.0
2024-01-12 10:59:32,356 [WARN] PackLoader:240 - Cannot read IP mode file for STMicroelectronics.X-CUBE-BLE2.3.3.0
2024-01-12 10:59:32,373 [WARN] PackLoader:240 - Cannot read IP mode file for STMicroelectronics.X-CUBE-DISPLAY.2.2.0
2024-01-12 10:59:32,395 [WARN] PackLoader:240 - Cannot read IP mode file for STMicroelectronics.X-CUBE-TOF1.3.2.0
2024-01-12 10:59:32,414 [WARN] PackLoader:240 - Cannot read IP mode file for STMicroelectronics.X-CUBE-ISPU.1.0.0
2024-01-12 10:59:32,454 [WARN] PackLoader:240 - Cannot read IP mode file for STMicroelectronics.X-CUBE-AZRTOS-H7.2.1.0
2024-01-12 10:59:32,465 [WARN] PackLoader:240 - Cannot read IP mode file for STMicroelectronics.X-CUBE-TOUCHGFX.4.21.1
2024-01-12 10:59:32,478 [WARN] PackLoader:240 - Cannot read IP mode file for STMicroelectronics.X-CUBE-TOUCHGFX.4.21.3
2024-01-12 10:59:32,491 [WARN] PackLoader:240 - Cannot read IP mode file for STMicroelectronics.X-CUBE-TOUCHGFX.4.21.4
2024-01-12 10:59:32,551 [WARN] PackLoader:240 - Cannot read IP mode file for STMicroelectronics.X-CUBE-MEMS1.9.4.0
2024-01-12 10:59:32,715 [WARN] PackLoader:240 - Cannot read IP mode file for STMicroelectronics.X-CUBE-AI.7.3.0
2024-01-12 10:59:32,774 [WARN] PackLoader:240 - Cannot read IP mode file for STMicroelectronics.X-CUBE-ALGOBUILD.1.3.0
2024-01-12 10:59:32,814 [WARN] PackLoader:240 - Cannot read IP mode file for STMicroelectronics.X-CUBE-AZRTOS-G0.1.1.0
2024-01-12 10:59:32,825 [WARN] PackLoader:240 - Cannot read IP mode file for STMicroelectronics.X-CUBE-NFC4.3.0.0
2024-01-12 10:59:32,874 [WARN] PackLoader:240 - Cannot read IP mode file for SEGGER.I-CUBE-embOS.1.2.0
2024-01-12 10:59:32,943 [WARN] PackLoader:240 - Cannot read IP mode file for STMicroelectronics.X-CUBE-BLEMGR.3.0.0
2024-01-12 10:59:32,955 [WARN] PackLoader:240 - Cannot read IP mode file for STMicroelectronics.X-CUBE-BLEMGR.1.3.0
2024-01-12 10:59:32,968 [WARN] PackLoader:240 - Cannot read IP mode file for STMicroelectronics.FP-ATR-SIGFOX1.3.2.0
2024-01-12 10:59:32,980 [WARN] PackLoader:240 - Cannot read IP mode file for emotas.I-CUBE-CANOPEN.1.1.2
2024-01-12 10:59:32,984 [WARN] PackLoader:240 - Cannot read IP mode file for STMicroelectronics.X-CUBE-TOUCHGFX.4.20.0
2024-01-12 10:59:33,024 [WARN] PackLoader:240 - Cannot read IP mode file for STMicroelectronics.X-CUBE-MEMS1.9.5.0
2024-01-12 10:59:33,125 [WARN] PackLoader:240 - Cannot read IP mode file for SEGGER.I-CUBE-embOS.1.3.1
2024-01-12 10:59:33,155 [WARN] PackLoader:240 - Cannot read IP mode file for STMicroelectronics.X-CUBE-GNSS1.6.0.0
2024-01-12 10:59:33,194 [WARN] PackLoader:240 - Cannot read IP mode file for STMicroelectronics.X-CUBE-AZRTOS-F4.1.1.0
2024-01-12 10:59:33,205 [WARN] PackLoader:240 - Cannot read IP mode file for wolfSSL.I-CUBE-wolfSSL.5.6.3
2024-01-12 10:59:33,214 [WARN] PackLoader:240 - Cannot read IP mode file for wolfSSL.I-CUBE-wolfSSL.5.6.0
2024-01-12 10:59:33,224 [WARN] PackLoader:240 - Cannot read IP mode file for wolfSSL.I-CUBE-wolfSSL.5.6.6
2024-01-12 10:59:33,234 [WARN] PackLoader:240 - Cannot read IP mode file for STMicroelectronics.X-CUBE-BLEMGR.1.2.0
2024-01-12 10:59:33,264 [WARN] PackLoader:240 - Cannot read IP mode file for STMicroelectronics.X-CUBE-AZRTOS-L5.2.0.0
2024-01-12 10:59:33,303 [WARN] PackLoader:240 - Cannot read IP mode file for STMicroelectronics.X-CUBE-MEMS1.9.6.0
2024-01-12 10:59:33,377 [WARN] PackLoader:240 - Cannot read IP mode file for STMicroelectronics.X-CUBE-EEPRMA1.4.2.0
2024-01-12 10:59:33,393 [WARN] PackLoader:240 - Cannot read IP mode file for ITTIA_DB.I-CUBE-ITTIADB.8.8.0
2024-01-12 10:59:33,404 [WARN] PackLoader:240 - Cannot read IP mode file for emotas.I-CUBE-CANOPEN.1.1.3
2024-01-12 10:59:33,425 [WARN] PackLoader:240 - Cannot read IP mode file for STMicroelectronics.X-CUBE-BLEMGR.2.0.0
2024-01-12 10:59:33,444 [WARN] PackLoader:240 - Cannot read IP mode file for STMicroelectronics.X-CUBE-NFC4.2.0.5
2024-01-12 10:59:33,457 [WARN] PackLoader:240 - Cannot read IP mode file for STMicroelectronics.X-CUBE-NFC4.2.0.4
2024-01-12 10:59:33,485 [WARN] ConditionMgr:438 - getConditionDescription Invalid condition id : UX DEVICE CLASS RTOS Condition cause : null
2024-01-12 10:59:33,485 [WARN] ConditionMgr:438 - getConditionDescription Invalid condition id : UX DEVICE CLASS RTOS Condition cause : null
2024-01-12 10:59:33,489 [WARN] PackLoader:240 - Cannot read IP mode file for STMicroelectronics.X-CUBE-AZRTOS-H7.3.1.0
2024-01-12 10:59:33,492 [WARN] ConditionMgr:1039 - genDependencies : Invalid condition id : UX DEVICE CLASS RTOS Condition cause : null
2024-01-12 10:59:33,492 [WARN] ConditionMgr:1039 - genDependencies : Invalid condition id : UX DEVICE CLASS RTOS Condition cause : null
2024-01-12 10:59:33,493 [WARN] ConditionMgr:1039 - genDependencies : Invalid condition id : UX DEVICE CLASS RTOS Condition cause : null
2024-01-12 10:59:33,494 [WARN] ConditionMgr:1039 - genDependencies : Invalid condition id : UX DEVICE CLASS RTOS Condition cause : null
2024-01-12 10:59:33,494 [WARN] ConditionMgr:1039 - genDependencies : Invalid condition id : UX DEVICE CLASS RTOS Condition cause : null
2024-01-12 10:59:33,505 [WARN] PackLoader:240 - Cannot read IP mode file for STMicroelectronics.X-CUBE-NFC7.1.0.1
2024-01-12 10:59:33,518 [WARN] PackLoader:240 - Cannot read IP mode file for STMicroelectronics.X-CUBE-NFC7.1.0.0
2024-01-12 10:59:33,533 [WARN] PackLoader:240 - Cannot read IP mode file for STMicroelectronics.X-CUBE-NFC6.3.0.0
2024-01-12 10:59:33,545 [WARN] PackLoader:240 - Cannot read IP mode file for STMicroelectronics.X-CUBE-EEPRMA1.4.1.0
2024-01-12 10:59:33,554 [WARN] PackLoader:240 - Cannot read IP mode file for STMicroelectronics.X-CUBE-AI.8.1.0
2024-01-12 10:59:33,584 [WARN] ConditionMgr:438 - getConditionDescription Invalid condition id : LAN8742 Phy interface Condition cause : null
2024-01-12 10:59:33,592 [WARN] PackLoader:240 - Cannot read IP mode file for STMicroelectronics.X-CUBE-AZRTOS-L4.2.0.0
2024-01-12 10:59:33,593 [WARN] ConditionMgr:1039 - genDependencies : Invalid condition id : LAN8742 Phy interface Condition cause : null
2024-01-12 10:59:33,593 [WARN] ConditionMgr:1039 - genDependencies : Invalid condition id : LAN8742 Phy interface Condition cause : null
2024-01-12 10:59:33,594 [WARN] ConditionMgr:1039 - genDependencies : Invalid condition id : LAN8742 Phy interface Condition cause : null
2024-01-12 10:59:33,604 [WARN] PackLoader:240 - Cannot read IP mode file for STMicroelectronics.X-CUBE-SFXS2LP1.4.0.0
2024-01-12 10:59:33,644 [WARN] PackLoader:240 - Cannot read IP mode file for STMicroelectronics.X-CUBE-AZRTOS-H7.3.0.0
2024-01-12 10:59:33,655 [WARN] PackLoader:240 - Cannot read IP mode file for STMicroelectronics.X-CUBE-ISPU.1.1.0
2024-01-12 10:59:33,675 [WARN] PackLoader:240 - Cannot read IP mode file for RoweBots.I-CUBE-UNISONRTOS.5.5.0-4
2024-01-12 10:59:33,684 [WARN] PackLoader:240 - Cannot read IP mode file for wolfSSL.I-CUBE-wolfSSL.5.4.0
2024-01-12 10:59:33,695 [WARN] PackLoader:240 - Cannot read IP mode file for STMicroelectronics.X-CUBE-AI.8.0.0
2024-01-12 10:59:33,715 [WARN] ConditionMgr:438 - getConditionDescription Invalid condition id : UX DEVICE CLASS RTOS Condition cause : null
2024-01-12 10:59:33,723 [WARN] ConditionMgr:438 - getConditionDescription Invalid condition id : UX DEVICE CLASS RTOS Condition cause : null
2024-01-12 10:59:33,724 [WARN] PackLoader:240 - Cannot read IP mode file for STMicroelectronics.X-CUBE-AZRTOS-WB.2.0.0
2024-01-12 10:59:33,724 [WARN] ConditionMgr:1039 - genDependencies : Invalid condition id : UX DEVICE CLASS RTOS Condition cause : null
2024-01-12 10:59:33,724 [WARN] ConditionMgr:1039 - genDependencies : Invalid condition id : UX DEVICE CLASS RTOS Condition cause : null
2024-01-12 10:59:33,724 [WARN] ConditionMgr:1039 - genDependencies : Invalid condition id : UX DEVICE CLASS RTOS Condition cause : null
2024-01-12 10:59:33,724 [WARN] ConditionMgr:1039 - genDependencies : Invalid condition id : UX DEVICE CLASS RTOS Condition cause : null
2024-01-12 10:59:33,724 [WARN] ConditionMgr:1039 - genDependencies : Invalid condition id : UX DEVICE CLASS RTOS Condition cause : null
2024-01-12 10:59:33,738 [WARN] PackLoader:240 - Cannot read IP mode file for STMicroelectronics.X-CUBE-FREERTOS.1.0.0
2024-01-12 10:59:33,746 [WARN] PackLoader:240 - Cannot read IP mode file for STMicroelectronics.X-CUBE-FREERTOS.1.0.1
2024-01-12 10:59:33,765 [WARN] PackLoader:240 - Cannot read IP mode file for STMicroelectronics.X-CUBE-BLEMGR.1.0.0
2024-01-12 10:59:33,798 [WARN] PackLoader:240 - Cannot read IP mode file for STMicroelectronics.X-CUBE-AZRTOS-L5.1.1.0
2024-01-12 10:59:33,814 [WARN] PackLoader:240 - Cannot read IP mode file for STMicroelectronics.X-CUBE-AI.8.0.1
2024-01-12 10:59:33,834 [WARN] PackLoader:240 - Cannot read IP mode file for STMicroelectronics.X-CUBE-SUBG2.5.0.0
2024-01-12 10:59:33,883 [WARN] PackLoader:240 - Cannot read IP mode file for STMicroelectronics.X-CUBE-TOF1.3.3.1
2024-01-12 10:59:33,914 [WARN] PackLoader:240 - Cannot read IP mode file for STMicroelectronics.X-CUBE-AZRTOS-G4.2.0.0
2024-01-12 10:59:33,935 [WARN] PackLoader:240 - Cannot read IP mode file for STMicroelectronics.X-CUBE-TOF1.3.3.0
2024-01-12 10:59:33,947 [WARN] PackLoader:240 - Cannot read IP mode file for STMicroelectronics.FP-ATR-ASTRA1.1.1.1
2024-01-12 10:59:33,993 [WARN] PackLoader:240 - Cannot read IP mode file for Infineon.AIROC-Wi-Fi-Bluetooth-STM32.1.5.1
2024-01-12 10:59:34,004 [WARN] PackLoader:240 - Cannot read IP mode file for STMicroelectronics.FP-ATR-ASTRA1.1.1.0
2024-01-12 10:59:34,015 [WARN] PackLoader:240 - Cannot read IP mode file for STMicroelectronics.FP-SNS-MOTENVWB1.1.3.0
2024-01-12 10:59:34,027 [WARN] PackLoader:240 - Cannot read IP mode file for STMicroelectronics.FP-SNS-MOTENVWB1.1.3.1
2024-01-12 10:59:34,054 [WARN] PackLoader:240 - Cannot read IP mode file for STMicroelectronics.X-CUBE-AZRTOS-G4.1.0.0
2024-01-12 10:59:34,074 [WARN] PackLoader:240 - Cannot read IP mode file for STMicroelectronics.X-CUBE-AZRTOS-L4.1.0.0
2024-01-12 10:59:34,090 [WARN] PackLoader:240 - Cannot read IP mode file for STMicroelectronics.X-CUBE-ISPU.2.0.0
2024-01-12 10:59:34,121 [WARN] PackLoader:240 - Cannot read IP mode file for STMicroelectronics.X-CUBE-MEMS1.10.0.0
2024-01-12 10:59:34,204 [WARN] PackLoader:240 - Cannot read IP mode file for STMicroelectronics.X-CUBE-FREERTOS.1.1.0
2024-01-12 10:59:34,224 [WARN] PackLoader:240 - Cannot read IP mode file for STMicroelectronics.X-CUBE-AZRTOS-WL.1.0.0
2024-01-12 10:59:34,235 [WARN] PackLoader:240 - Cannot read IP mode file for portGmbH.I-Cube-SoM-uGOAL.1.1.0
2024-01-12 10:59:34,247 [WARN] PackLoader:240 - Cannot read IP mode file for STMicroelectronics.X-CUBE-ALS.1.0.1
2024-01-12 10:59:34,268 [WARN] PackLoader:240 - Cannot read IP mode file for STMicroelectronics.X-CUBE-AZRTOS-WB.1.1.0
2024-01-12 10:59:34,295 [WARN] PackLoader:240 - Cannot read IP mode file for STMicroelectronics.X-CUBE-AZRTOS-L5.1.0.0
2024-01-12 10:59:34,304 [WARN] PackLoader:240 - Cannot read IP mode file for STMicroelectronics.X-CUBE-EEPRMA1.3.1.1
2024-01-12 10:59:34,315 [WARN] PackLoader:240 - Cannot read IP mode file for STMicroelectronics.FP-ATR-ASTRA1.2.0.0
2024-01-12 10:59:34,335 [WARN] PackLoader:240 - Cannot read IP mode file for STMicroelectronics.X-CUBE-TOF1.3.4.0
2024-01-12 10:59:34,374 [WARN] PackLoader:240 - Cannot read IP mode file for STMicroelectronics.X-CUBE-AZRTOS-H7.3.2.0
2024-01-12 10:59:34,374 [INFO] ThirdParty:978 - Integrity check success = true
2024-01-12 10:59:34,374 [INFO] IntegrityCheckThread:100 - exiting critical section [integrity check]
2024-01-12 10:59:34,374 [INFO] IntegrityCheckThread:103 - End integrity checks thread
2024-01-12 10:59:34,374 [INFO] ThirdParty:873 - entering critical section [close project]
2024-01-12 10:59:34,374 [INFO] ThirdParty:883 - exiting critical section [close project]
2024-01-12 10:59:34,383 [INFO] PinOutPanel:1499 - setPackage(No Configuration,No Configuration)
2024-01-12 10:59:34,385 [INFO] UtilMem:75 - Begin LoadConfig() Used Memory: 537110664 Bytes (727711744)
2024-01-12 10:59:34,390 [INFO] MicroXplorer:468 - Change Database Path : 
2024-01-12 10:59:34,390 [INFO] MicroXplorer:498 - Change Database Version : DB.6.0.80
2024-01-12 10:59:34,390 [INFO] OpenFileManager:308 - Change cursor
2024-01-12 10:59:34,434 [INFO] Mcu:1937 - Initializing MCU STM32WB15CCUx STM32WB15CCUx STM32WB15CCU6
2024-01-12 10:59:53,456 [INFO] Context:659 - Trying to add GPIOservice into a context  which must be forbidden
2024-01-12 10:59:54,177 [INFO] RtosManager:555 - Registered RTOS mode: class=CMSIS, group=RTOS, mode=CMSIS_V1, owner=FREERTOS
2024-01-12 10:59:54,177 [INFO] RtosManager:555 - Registered RTOS mode: class=CMSIS, group=RTOS2, mode=CMSIS_V2, owner=FREERTOS
2024-01-12 10:59:54,177 [INFO] RtosManager:555 - Registered RTOS mode: class=RTOS, group=Core, mode=CMSIS_V1, owner=FREERTOS
2024-01-12 10:59:54,177 [INFO] RtosManager:555 - Registered RTOS mode: class=RTOS, group=Core, mode=CMSIS_V2, owner=FREERTOS
2024-01-12 10:59:54,177 [WARN] ModelIntegratedComponent:184 - Missing modes for component STMicroelectronics:FreeRTOS:0.0.1:STMicroelectronics:RTOS:FreeRTOS:Core:::10.2.0:
2024-01-12 10:59:54,177 [WARN] ModelIntegratedComponent:63 - No mode defined for component null
2024-01-12 10:59:54,177 [WARN] ModelIntegratedComponent:63 - No mode defined for component null
2024-01-12 10:59:54,177 [WARN] ModelIntegratedComponent:63 - No mode defined for component null
2024-01-12 10:59:54,177 [WARN] ModelIntegratedComponent:63 - No mode defined for component null
2024-01-12 10:59:54,177 [WARN] ModelIntegratedComponent:63 - No mode defined for component null
2024-01-12 10:59:54,177 [WARN] ModelIntegratedComponent:63 - No mode defined for component null
2024-01-12 10:59:54,177 [WARN] ModelIntegratedComponent:63 - No mode defined for component null
2024-01-12 10:59:54,177 [WARN] ModelIntegratedComponent:63 - No mode defined for component null
2024-01-12 10:59:54,177 [WARN] ModelIntegratedComponent:63 - No mode defined for component null
2024-01-12 10:59:54,177 [WARN] ModelIntegratedComponent:63 - No mode defined for component null
2024-01-12 10:59:54,177 [WARN] ModelIntegratedComponent:63 - No mode defined for component null
2024-01-12 10:59:54,177 [WARN] ModelIntegratedComponent:63 - No mode defined for component null
2024-01-12 10:59:54,177 [WARN] ModelIntegratedComponent:63 - No mode defined for component null
2024-01-12 10:59:54,177 [WARN] ModelIntegratedComponent:63 - No mode defined for component null
2024-01-12 10:59:54,177 [WARN] ModelIntegratedComponent:63 - No mode defined for component null
2024-01-12 10:59:54,177 [WARN] ModelIntegratedComponent:63 - No mode defined for component null
2024-01-12 10:59:54,192 [WARN] ModelIntegratedComponent:63 - No mode defined for component null
2024-01-12 10:59:54,192 [WARN] ModelIntegratedComponent:63 - No mode defined for component null
2024-01-12 10:59:54,192 [WARN] ModelIntegratedComponent:63 - No mode defined for component null
2024-01-12 10:59:54,192 [WARN] ModelIntegratedComponent:63 - No mode defined for component null
2024-01-12 10:59:54,192 [WARN] ModelIntegratedComponent:63 - No mode defined for component null
2024-01-12 10:59:54,192 [WARN] ModelIntegratedComponent:63 - No mode defined for component null
2024-01-12 10:59:54,192 [WARN] ModelIntegratedComponent:63 - No mode defined for component null
2024-01-12 10:59:54,192 [WARN] ModelIntegratedComponent:63 - No mode defined for component null
2024-01-12 10:59:54,192 [WARN] ModelIntegratedComponent:63 - No mode defined for component null
2024-01-12 10:59:54,192 [WARN] ModelIntegratedComponent:63 - No mode defined for component null
2024-01-12 10:59:54,192 [WARN] ModelIntegratedComponent:63 - No mode defined for component null
2024-01-12 10:59:54,192 [WARN] ModelIntegratedComponent:63 - No mode defined for component null
2024-01-12 10:59:54,192 [WARN] ModelIntegratedComponent:63 - No mode defined for component null
2024-01-12 10:59:54,192 [WARN] ModelIntegratedComponent:63 - No mode defined for component null
2024-01-12 10:59:54,192 [WARN] ModelIntegratedComponent:63 - No mode defined for component null
2024-01-12 10:59:54,192 [WARN] ModelIntegratedComponent:63 - No mode defined for component null
2024-01-12 10:59:54,192 [WARN] ModelIntegratedComponent:63 - No mode defined for component null
2024-01-12 10:59:54,475 [INFO] ThirdPartyModel:298 - Start build external matchings
2024-01-12 10:59:55,652 [INFO] ThirdPartyModel:316 - End build external matchings
2024-01-12 10:59:55,699 [INFO] ImportTextPane:194 - (OptionalMessage_ERROR) IP (DMA) : Parameter (Instance) has Id (USART1_TX) currently not set
2024-01-12 10:59:55,699 [INFO] ImportTextPane:194 - (OptionalMessage_ERROR) IP (DMA) : Parameter (Request) has Id (USART1_TX) currently not set
2024-01-12 10:59:55,699 [INFO] ImportTextPane:194 - (OptionalMessage_ERROR) IP (DMA) : Parameter (Direction) has Id (USART1_TX) currently not set
2024-01-12 10:59:55,699 [INFO] ImportTextPane:194 - (OptionalMessage_ERROR) IP (DMA) : Parameter (PeriphInc) has Id (USART1_TX) currently not set
2024-01-12 10:59:55,699 [INFO] ImportTextPane:194 - (OptionalMessage_ERROR) IP (DMA) : Parameter (MemInc) has Id (USART1_TX) currently not set
2024-01-12 10:59:55,793 [INFO] ImportTextPane:194 - (OptionalMessage_ERROR) IP (DMA) : Parameter (PeriphDataAlignment) has Id (USART1_TX) currently not set
2024-01-12 10:59:55,793 [INFO] ImportTextPane:194 - (OptionalMessage_ERROR) IP (DMA) : Parameter (MemDataAlignment) has Id (USART1_TX) currently not set
2024-01-12 10:59:55,793 [INFO] ImportTextPane:194 - (OptionalMessage_ERROR) IP (DMA) : Parameter (Mode) has Id (USART1_TX) currently not set
2024-01-12 10:59:55,793 [INFO] ImportTextPane:194 - (OptionalMessage_ERROR) IP (DMA) : Parameter (Priority) has Id (USART1_TX) currently not set
2024-01-12 10:59:55,793 [INFO] ImportTextPane:194 - (OptionalMessage_ERROR) IP (DMA) : Parameter (SignalID) has Id (USART1_TX) currently not set
2024-01-12 10:59:55,793 [INFO] ImportTextPane:194 - (OptionalMessage_ERROR) IP (DMA) : Parameter (Polarity) has Id (USART1_TX) currently not set
2024-01-12 10:59:55,793 [INFO] ImportTextPane:194 - (OptionalMessage_ERROR) IP (DMA) : Parameter (RequestNumber) has Id (USART1_TX) currently not set
2024-01-12 10:59:55,793 [INFO] ImportTextPane:194 - (OptionalMessage_ERROR) IP (DMA) : Parameter (SyncSignalID) has Id (USART1_TX) currently not set
2024-01-12 10:59:55,793 [INFO] ImportTextPane:194 - (OptionalMessage_ERROR) IP (DMA) : Parameter (SyncPolarity) has Id (USART1_TX) currently not set
2024-01-12 10:59:55,793 [INFO] ImportTextPane:194 - (OptionalMessage_ERROR) IP (DMA) : Parameter (SyncEnable) has Id (USART1_TX) currently not set
2024-01-12 10:59:55,793 [INFO] ImportTextPane:194 - (OptionalMessage_ERROR) IP (DMA) : Parameter (EventEnable) has Id (USART1_TX) currently not set
2024-01-12 10:59:55,793 [INFO] ImportTextPane:194 - (OptionalMessage_ERROR) IP (DMA) : Parameter (SyncRequestNumber) has Id (USART1_TX) currently not set
2024-01-12 10:59:55,793 [INFO] ImportTextPane:194 - (OptionalMessage_ERROR) IP (RCC) : Invalid parameter (FamilyName)
2024-01-12 10:59:55,856 [WARN] IP:2113 - SERVICE1_UUID not found: check if there is a RefParameter without a condition.
2024-01-12 10:59:55,856 [WARN] IP:2113 - SERVICE2_UUID not found: check if there is a RefParameter without a condition.
2024-01-12 10:59:55,872 [WARN] IP:2113 - SERVICE3_UUID not found: check if there is a RefParameter without a condition.
2024-01-12 10:59:55,872 [WARN] IP:2113 - SERVICE4_UUID not found: check if there is a RefParameter without a condition.
2024-01-12 10:59:55,872 [WARN] IP:2113 - SERVICE5_UUID not found: check if there is a RefParameter without a condition.
2024-01-12 11:00:00,360 [INFO] UtilMem:75 - End LoadConfig() Used Memory: 618139520 Bytes (727711744)
2024-01-12 11:00:01,051 [INFO] ApiDb:581 - Connected to CubeFinder SQLite database (C:\Users\KDS-LTP-0415\.stmcufinder\plugins\mcufinder\mcu\cube-finder-db.db)
2024-01-12 11:00:01,135 [INFO] ApiDb:668 - CubeFinder database Data Model version=2.1
2024-01-12 11:00:01,135 [INFO] ApiDb:669 - CubeFinder database Configuration version=3.0.39
2024-01-12 11:00:01,135 [INFO] ApiDb:670 - CubeFinder database generation date=2023-12-08 (1702028721)
2024-01-12 11:00:01,135 [INFO] ApiDb:671 - CubeFinder database FW Pack versions=[FP-ATR-ASTRA1_V2.0.0, FP-SNS-FLIGHT1_V5.0.1, FP-SNS-FLIGHT1_V5.0.2, FP-SNS-MOTENV1_V4.3.1, FP-SNS-MOTENV1_V4.3.2, FP-SNS-MOTENVWB1_V1.3.1, FP-SNS-SMARTAG2_V1.2.0, STM32Cube_FW_C0_V1.1.0, STM32Cube_FW_F4_V1.28.0, STM32Cube_FW_F7_V1.17.0, STM32Cube_FW_G0_V1.6.1, STM32Cube_FW_G4_V1.5.1, STM32Cube_FW_H5_V0.5.1, STM32Cube_FW_H5_V1.1.1, STM32Cube_FW_H5_V1.2.0RC2, STM32Cube_FW_H7_V1.11.0, STM32Cube_FW_L0_V1.12.2, STM32Cube_FW_L5_V1.5.0, STM32Cube_FW_U5_V1.3.0RC4, STM32Cube_FW_U5_V1.4.0, STM32Cube_FW_WBA_V1.0.0RC1, STM32Cube_FW_WBA_V1.1.0RC1, STM32Cube_FW_WBA_V1.2.0, STM32Cube_FW_WBA_V1.2.0RC2, STM32Cube_FW_WB_V1.15.0RC1, STM32Cube_FW_WB_V1.16.0, STM32Cube_FW_WB_V1.16.0RC2, STM32Cube_FW_WB_V1.18.0, STM32Cube_FW_WL_V1.3.0, X-CUBE-ALGOBUILD_V1.3.0, X-CUBE-ALS_V1.0.1, X-CUBE-AZRTOS-F4_V1.1.0, X-CUBE-AZRTOS-F7_V1.1.0, X-CUBE-AZRTOS-G0_V1.1.0, X-CUBE-AZRTOS-G4_V2.0.0, X-CUBE-AZRTOS-H7_V3.1.0, X-CUBE-AZRTOS-L4_V1.0.0, X-CUBE-AZRTOS-L4_V2.0.0, X-CUBE-AZRTOS-L5_V1.1.0, X-CUBE-AZRTOS-WB_V2.0.0, X-CUBE-AZRTOS-WL_V2.0.0, X-CUBE-BLE1_V7.0.0, X-CUBE-BLE2_V3.3.0, X-CUBE-BLEMGR_V3.0.0, X-CUBE-EEPRMA1_V4.1.0, X-CUBE-EEPRMA1_V4.2.0, X-CUBE-FREERTOS_V1.1.0, X-CUBE-GNSS1_V6.0.0, X-CUBE-MEMS1_V10.0.0, X-CUBE-MEMS1_V9.1.0, X-CUBE-MEMS1_V9.4.0, X-CUBE-MEMS1_V9.6.0, X-CUBE-NFC4_V3.0.0, X-CUBE-NFC7_V1.0.1, X-CUBE-SFXS2LP1_V4.0.0, X-CUBE-SUBG2_V5.0.0, X-CUBE-TOF1_V3.4.0]
2024-01-12 11:00:03,106 [INFO] ApiDb:240 - Found 297 in-development CPN: [B-G473E-ZEST1S, B-WB1M-WPAN1, B-WL5M-SUBG1, NUCLEO-C031C6, NUCLEO-H503RB, NUCLEO-H563ZI, NUCLEO-U545RE-Q, NUCLEO-U5A5ZJ-Q, NUCLEO-WBA52CG, STEVAL-PROTEUS1, STEVAL-STWINBX1, STM320518-EVAL, STM32C0116-DK, STM32C011D6Y3TR, STM32C011D6Y6TR, STM32C011F4P3, STM32C011F4P6, STM32C011F4U3, STM32C011F4U6TR, STM32C011F6P3, STM32C011F6P6, STM32C011F6U3, STM32C011F6U6TR, STM32C011J4M3, STM32C011J4M6, STM32C011J6M3, STM32C011J6M6, STM32C0316-DK, STM32C031C4T3, STM32C031C4T6, STM32C031C4U3, STM32C031C4U6, STM32C031C6T3, STM32C031C6T6, STM32C031C6U3, STM32C031C6U6, STM32C031F4P3, STM32C031F4P6, STM32C031F6P3, STM32C031F6P6, STM32C031G4U3, STM32C031G4U6, STM32C031G6U3, STM32C031G6U6, STM32C031K4T3, STM32C031K4T6, STM32C031K4U3, STM32C031K4U6, STM32C031K6T3, STM32C031K6T6, STM32C031K6U3, STM32C031K6U6, STM32G071K8TXN, STM32G071K8UXN, STM32G081GBU6N, STM32G081KBT6N, STM32G081KBUXN, STM32G0B1CCT6N, STM32G0B1KCT6, STM32G0B1NEY6TR, STM32G0B1RCT6N, STM32G0C1CCT6, STM32G0C1CCT6N, STM32G0C1CCU6N, STM32G0C1CET6N, STM32G0C1CEU6N, STM32G0C1KCT6, STM32G0C1NEY6TR, STM32G0C1RCI6N, STM32G0C1RCT6N, STM32G0C1REI6N, STM32G0C1RET6N, STM32G0C1VCI6, STM32G0C1VEI6, STM32G471CCT6, STM32G471CCU6, STM32G471CET3, STM32G471CET6, STM32G471CEU3, STM32G471CEU6, STM32G471MCT6, STM32G471MET3, STM32G471MET6, STM32G471MEY6TR, STM32G471QCT6, STM32G471QET3, STM32G471RCT6, STM32G471RET3, STM32G471RET6, STM32G471VCH6, STM32G471VCI6, STM32G471VCT6, STM32G471VEH3, STM32G471VEH6, STM32G471VEI3, STM32G471VEI6, STM32G471VET3, STM32G471VET6, STM32G474CCT6, STM32H503CBT6, STM32H503CBU6, STM32H503EBY6TR, STM32H503KBU6, STM32H503RBT6, STM32H562AGI6, STM32H562AII6, STM32H562IGK6, STM32H562IGT6, STM32H562IIK6, STM32H562IIT6, STM32H562RGT6, STM32H562RGV6, STM32H562RIT6, STM32H562RIV6, STM32H562VGT6, STM32H562VIT6, STM32H562ZGT6, STM32H562ZIT6, STM32H563AGI6, STM32H563AII3Q, STM32H563AII6, STM32H563IGK6, STM32H563IGT6, STM32H563IIK3Q, STM32H563IIK6, STM32H563IIT3Q, STM32H563IIT6, STM32H563MIY3QTR, STM32H563RGT6, STM32H563RGV6, STM32H563RIT6, STM32H563RIV6, STM32H563VGT6, STM32H563VIT3Q, STM32H563VIT6, STM32H563ZGT6, STM32H563ZIT3Q, STM32H563ZIT6, STM32H573AII3Q, STM32H573AII6, STM32H573I-DK, STM32H573IIK3Q, STM32H573IIK6, STM32H573IIT3Q, STM32H573IIT6, STM32H573MIY3QTR, STM32H573RIT6, STM32H573RIV6, STM32H573VIT3Q, STM32H573VIT6, STM32H573ZIT3Q, STM32H573ZIT6, STM32L4R5QGI6STR, STM32MP131AAE3, STM32MP131AAF3, STM32MP131AAG3, STM32MP131CAE3, STM32MP131CAF3, STM32MP131CAG3, STM32MP131DAE7, STM32MP131DAF7, STM32MP131DAG7, STM32MP131FAE7, STM32MP131FAF7, STM32MP131FAG7, STM32MP133AAE3, STM32MP133AAF3, STM32MP133AAG3, STM32MP133CAE3, STM32MP133CAF3, STM32MP133CAG3, STM32MP133DAE7, STM32MP133DAF7, STM32MP133DAG7, STM32MP133FAE7, STM32MP133FAF7, STM32MP133FAG7, STM32MP135AAE3, STM32MP135AAF3, STM32MP135AAG3, STM32MP135CAE3, STM32MP135CAF3, STM32MP135CAG3, STM32MP135DAE7, STM32MP135DAF7, STM32MP135DAG7, STM32MP135F-DK, STM32MP135FAE7, STM32MP135FAF7, STM32MP135FAF7T, STM32MP135FAF7U, STM32MP135FAG7, STM32U535CBT6, STM32U535CBT6Q, STM32U535CBU6, STM32U535CBU6Q, STM32U535CCT6, STM32U535CCT6Q, STM32U535CCU6, STM32U535CCU6Q, STM32U535CET6, STM32U535CET6Q, STM32U535CEU6, STM32U535CEU6Q, STM32U535JEY6QTR, STM32U535NCY6QTR, STM32U535NEY6QTR, STM32U535RBI6, STM32U535RBI6Q, STM32U535RBT6, STM32U535RBT6Q, STM32U535RCI6, STM32U535RCI6Q, STM32U535RCT6, STM32U535RCT6Q, STM32U535REI6, STM32U535REI6Q, STM32U535RET6, STM32U535RET6Q, STM32U535VCI6, STM32U535VCI6Q, STM32U535VCT6, STM32U535VCT6Q, STM32U535VEI6, STM32U535VEI6Q, STM32U535VET6, STM32U535VET6Q, STM32U545CET6, STM32U545CET6Q, STM32U545CEU6, STM32U545CEU6Q, STM32U545JEY6QTR, STM32U545NEY6QTR, STM32U545REI6, STM32U545REI6Q, STM32U545RET6, STM32U545RET6Q, STM32U545VEI6, STM32U545VEI6Q, STM32U545VET6, STM32U545VET6Q, STM32U595AIH6, STM32U595AIH6Q, STM32U595AJH6, STM32U595AJH6Q, STM32U595QII6, STM32U595QII6Q, STM32U595QJI6, STM32U595QJI6Q, STM32U595RIT6, STM32U595RIT6Q, STM32U595RJT6, STM32U595RJT6Q, STM32U595VIT6, STM32U595VIT6Q, STM32U595VJT6, STM32U595VJT6Q, STM32U595ZIT6, STM32U595ZIT6Q, STM32U595ZIY6QTR, STM32U595ZJT6, STM32U595ZJT6Q, STM32U595ZJY6QTR, STM32U599BJY6QTR, STM32U599NIH6Q, STM32U599NJH6Q, STM32U599VIT6Q, STM32U599VJT6, STM32U599VJT6Q, STM32U599ZIT6Q, STM32U599ZIY6QTR, STM32U599ZJT6Q, STM32U599ZJY6QTR, STM32U5A5AJH6, STM32U5A5AJH6Q, STM32U5A5QJI6, STM32U5A5QJI6Q, STM32U5A5RJT6, STM32U5A5RJT6Q, STM32U5A5VJT6, STM32U5A5VJT6Q, STM32U5A5ZJT6, STM32U5A5ZJT6Q, STM32U5A5ZJY6QTR, STM32U5A9BJY6QTR, STM32U5A9J-DK, STM32U5A9NJH6Q, STM32U5A9VJT6Q, STM32U5A9ZJT6Q, STM32U5A9ZJY6QTR, STM32WB1MMCH6, STM32WBA52CEU6, STM32WBA52CEU6T, STM32WBA52CGU6, STM32WBA52CGU6T, STM32WL5MOCH6, STM32WL5MOCH6TR]
2024-01-12 11:00:03,106 [INFO] DbMcus:216 - Found 3861 MCUs, 3861 are supported
2024-01-12 11:00:03,106 [INFO] ApiDb:423 - Load user favorites file C:\Users\KDS-LTP-0415/.stm32cubeide/favorites.mcus.txt: 0 item(s)
2024-01-12 11:00:03,106 [INFO] ApiDb:427 - User favorites MCUs=[]
2024-01-12 11:00:03,106 [INFO] DbMcus:222 - Set 0 / 0 favorites MCUs
2024-01-12 11:00:03,373 [WARN] ThirdParty:833 - waiting for thirdparty lock release [change project]
2024-01-12 11:00:03,373 [INFO] ThirdParty:835 - entering critical section [change project]
2024-01-12 11:00:03,373 [INFO] ThirdParty:1030 - CMSIS Pack Vendor :STMicroelectronics X-CUBE-GNSS1 6.0.0
2024-01-12 11:00:03,373 [INFO] ThirdParty:1030 - CMSIS Pack Vendor :STMicroelectronics USB_HOST 2.0.0
2024-01-12 11:00:03,373 [INFO] ThirdParty:1030 - CMSIS Pack Vendor :STMicroelectronics X-CUBE-AZRTOS-F4 1.1.0
2024-01-12 11:00:03,373 [INFO] ThirdParty:1030 - CMSIS Pack Vendor :STMicroelectronics LIBJPEG 8.0.0
2024-01-12 11:00:03,373 [INFO] ThirdParty:1030 - CMSIS Pack Vendor :wolfSSL I-CUBE-wolfSSL 5.6.3
2024-01-12 11:00:03,373 [INFO] ThirdParty:1030 - CMSIS Pack Vendor :STMicroelectronics X-CUBE-SMBUS 2.1.0
2024-01-12 11:00:03,373 [INFO] ThirdParty:1030 - CMSIS Pack Vendor :wolfSSL I-CUBE-wolfSSL 5.6.0
2024-01-12 11:00:03,373 [INFO] ThirdParty:1030 - CMSIS Pack Vendor :wolfSSL I-CUBE-wolfSSL 5.6.6
2024-01-12 11:00:03,373 [INFO] ThirdParty:1030 - CMSIS Pack Vendor :STMicroelectronics X-CUBE-TOUCHGFX 4.23.0
2024-01-12 11:00:03,373 [INFO] ThirdParty:1030 - CMSIS Pack Vendor :STMicroelectronics X-CUBE-BLEMGR 1.2.0
2024-01-12 11:00:03,373 [INFO] ThirdParty:1030 - CMSIS Pack Vendor :STMicroelectronics X-CUBE-AZRTOS-F7 1.1.0
2024-01-12 11:00:03,373 [INFO] ThirdParty:1030 - CMSIS Pack Vendor :STMicroelectronics X-CUBE-AZRTOS-L5 2.0.0
2024-01-12 11:00:03,373 [INFO] ThirdParty:1030 - CMSIS Pack Vendor :STMicroelectronics USB_DEVICE 2.0.0
2024-01-12 11:00:03,373 [INFO] ThirdParty:1030 - CMSIS Pack Vendor :STMicroelectronics X-CUBE-MEMS1 9.6.0
2024-01-12 11:00:03,373 [INFO] ThirdParty:1030 - CMSIS Pack Vendor :STMicroelectronics X-CUBE-EEPRMA1 4.2.0
2024-01-12 11:00:03,373 [INFO] ThirdParty:1030 - CMSIS Pack Vendor :ITTIA_DB I-CUBE-ITTIADB 8.8.0
2024-01-12 11:00:03,373 [INFO] ThirdParty:1030 - CMSIS Pack Vendor :STMicroelectronics FP-SNS-MOTENV1 4.3.0
2024-01-12 11:00:03,373 [INFO] ThirdParty:1030 - CMSIS Pack Vendor :STMicroelectronics FP-SNS-MOTENV1 4.3.2
2024-01-12 11:00:03,373 [INFO] ThirdParty:1030 - CMSIS Pack Vendor :STMicroelectronics FP-SNS-FLIGHT1 5.0.0
2024-01-12 11:00:03,373 [INFO] ThirdParty:1030 - CMSIS Pack Vendor :STMicroelectronics FP-SNS-MOTENV1 4.3.1
2024-01-12 11:00:03,373 [INFO] ThirdParty:1030 - CMSIS Pack Vendor :STMicroelectronics FP-SNS-FLIGHT1 5.0.1
2024-01-12 11:00:03,373 [INFO] ThirdParty:1030 - CMSIS Pack Vendor :STMicroelectronics X-CUBE-BLE1 6.2.3
2024-01-12 11:00:03,373 [INFO] ThirdParty:1030 - CMSIS Pack Vendor :STMicroelectronics X-CUBE-BLE1 6.2.4
2024-01-12 11:00:03,373 [INFO] ThirdParty:1030 - CMSIS Pack Vendor :STMicroelectronics FreeRTOS 0.0.1
2024-01-12 11:00:03,373 [INFO] ThirdParty:1030 - CMSIS Pack Vendor :emotas I-CUBE-CANOPEN 1.1.3
2024-01-12 11:00:03,373 [INFO] ThirdParty:1030 - CMSIS Pack Vendor :STMicroelectronics X-CUBE-BLEMGR 2.0.0
2024-01-12 11:00:03,373 [INFO] ThirdParty:1030 - CMSIS Pack Vendor :STMicroelectronics FP-SNS-FLIGHT1 5.0.2
2024-01-12 11:00:03,373 [INFO] ThirdParty:1030 - CMSIS Pack Vendor :STMicroelectronics X-CUBE-NFC4 2.0.5
2024-01-12 11:00:03,373 [INFO] ThirdParty:1030 - CMSIS Pack Vendor :STMicroelectronics X-CUBE-NFC4 2.0.4
2024-01-12 11:00:03,373 [INFO] ThirdParty:1030 - CMSIS Pack Vendor :STMicroelectronics X-CUBE-AZRTOS-H7 3.1.0
2024-01-12 11:00:03,373 [INFO] ThirdParty:1030 - CMSIS Pack Vendor :STMicroelectronics PDM2PCM 3.3.0
2024-01-12 11:00:03,373 [INFO] ThirdParty:1030 - CMSIS Pack Vendor :STMicroelectronics X-CUBE-TOF1 3.1.0
2024-01-12 11:00:03,373 [INFO] ThirdParty:1030 - CMSIS Pack Vendor :STMicroelectronics X-CUBE-DISPLAY 3.0.0
2024-01-12 11:00:03,373 [INFO] ThirdParty:1030 - CMSIS Pack Vendor :STMicroelectronics X-CUBE-BLE1 7.0.0
2024-01-12 11:00:03,373 [INFO] ThirdParty:1030 - CMSIS Pack Vendor :STMicroelectronics HAL Drivers 0.0.0
2024-01-12 11:00:03,373 [INFO] ThirdParty:1030 - CMSIS Pack Vendor :emotas I-CUBE-CANOPEN 1.3.0
2024-01-12 11:00:03,373 [INFO] ThirdParty:1030 - CMSIS Pack Vendor :STMicroelectronics X-CUBE-TOUCHGFX 4.22.0
2024-01-12 11:00:03,373 [INFO] ThirdParty:1030 - CMSIS Pack Vendor :STMicroelectronics X-CUBE-NFC7 1.0.1
2024-01-12 11:00:03,373 [INFO] ThirdParty:1030 - CMSIS Pack Vendor :STMicroelectronics MBEDTLS 2.14.1
2024-01-12 11:00:03,373 [INFO] ThirdParty:1030 - CMSIS Pack Vendor :STMicroelectronics X-CUBE-NFC7 1.0.0
2024-01-12 11:00:03,373 [INFO] ThirdParty:1030 - CMSIS Pack Vendor :STMicroelectronics X-CUBE-TOUCHGFX 4.22.1
2024-01-12 11:00:03,373 [INFO] ThirdParty:1030 - CMSIS Pack Vendor :STMicroelectronics X-CUBE-NFC6 3.0.0
2024-01-12 11:00:03,373 [INFO] ThirdParty:1030 - CMSIS Pack Vendor :STMicroelectronics X-CUBE-MEMS1 9.3.0
2024-01-12 11:00:03,373 [INFO] ThirdParty:1030 - CMSIS Pack Vendor :STMicroelectronics X-CUBE-EEPRMA1 4.1.0
2024-01-12 11:00:03,373 [INFO] ThirdParty:1030 - CMSIS Pack Vendor :STMicroelectronics X-CUBE-AI 7.2.0
2024-01-12 11:00:03,373 [INFO] ThirdParty:1030 - CMSIS Pack Vendor :STMicroelectronics FP-SNS-SMARTAG2 1.2.0
2024-01-12 11:00:03,373 [INFO] ThirdParty:1030 - CMSIS Pack Vendor :STMicroelectronics X-CUBE-AZRTOS-WL 2.0.0
2024-01-12 11:00:03,373 [INFO] ThirdParty:1030 - CMSIS Pack Vendor :STMicroelectronics USB_DEVICE 1.0.0
2024-01-12 11:00:03,373 [INFO] ThirdParty:1030 - CMSIS Pack Vendor :STMicroelectronics X-CUBE-AI 8.1.0
2024-01-12 11:00:03,373 [INFO] ThirdParty:1030 - CMSIS Pack Vendor :STMicroelectronics X-CUBE-AZRTOS-L4 2.0.0
2024-01-12 11:00:03,373 [INFO] ThirdParty:1030 - CMSIS Pack Vendor :STMicroelectronics ThreadX 0.0.2
2024-01-12 11:00:03,373 [INFO] ThirdParty:1030 - CMSIS Pack Vendor :WES I-CUBE-Cesium 1.3.0
2024-01-12 11:00:03,373 [INFO] ThirdParty:1030 - CMSIS Pack Vendor :STMicroelectronics lwIP 2.1.2
2024-01-12 11:00:03,373 [INFO] ThirdParty:1030 - CMSIS Pack Vendor :STMicroelectronics X-CUBE-SFXS2LP1 4.0.0
2024-01-12 11:00:03,373 [INFO] ThirdParty:1030 - CMSIS Pack Vendor :STMicroelectronics X-CUBE-BLE2 3.3.0
2024-01-12 11:00:03,373 [INFO] ThirdParty:1030 - CMSIS Pack Vendor :STMicroelectronics X-CUBE-DISPLAY 2.2.0
2024-01-12 11:00:03,373 [INFO] ThirdParty:1030 - CMSIS Pack Vendor :STMicroelectronics X-CUBE-TOF1 3.2.0
2024-01-12 11:00:03,373 [INFO] ThirdParty:1030 - CMSIS Pack Vendor :STMicroelectronics PDM2PCM 3.2.0
2024-01-12 11:00:03,373 [INFO] ThirdParty:1030 - CMSIS Pack Vendor :STMicroelectronics X-CUBE-AZRTOS-H7 3.0.0
2024-01-12 11:00:03,373 [INFO] ThirdParty:1030 - CMSIS Pack Vendor :STMicroelectronics X-CUBE-ISPU 1.0.0
2024-01-12 11:00:03,373 [INFO] ThirdParty:1030 - CMSIS Pack Vendor :STMicroelectronics X-CUBE-ISPU 1.1.0
2024-01-12 11:00:03,373 [INFO] ThirdParty:1030 - CMSIS Pack Vendor :RoweBots I-CUBE-UNISONRTOS 5.5.0-4
2024-01-12 11:00:03,373 [INFO] ThirdParty:1030 - CMSIS Pack Vendor :STMicroelectronics X-CUBE-AZRTOS-H7 2.1.0
2024-01-12 11:00:03,373 [INFO] ThirdParty:1030 - CMSIS Pack Vendor :wolfSSL I-CUBE-wolfSSL 5.4.0
2024-01-12 11:00:03,373 [INFO] ThirdParty:1030 - CMSIS Pack Vendor :STMicroelectronics USB_DEVICE 3.0.0
2024-01-12 11:00:03,373 [INFO] ThirdParty:1030 - CMSIS Pack Vendor :STMicroelectronics X-CUBE-AI 8.0.0
2024-01-12 11:00:03,373 [INFO] ThirdParty:1030 - CMSIS Pack Vendor :STMicroelectronics X-CUBE-AZRTOS-WB 2.0.0
2024-01-12 11:00:03,373 [INFO] ThirdParty:1030 - CMSIS Pack Vendor :STMicroelectronics X-CUBE-FREERTOS 1.0.0
2024-01-12 11:00:03,373 [INFO] ThirdParty:1030 - CMSIS Pack Vendor :STMicroelectronics X-CUBE-FREERTOS 1.0.1
2024-01-12 11:00:03,373 [INFO] ThirdParty:1030 - CMSIS Pack Vendor :STMicroelectronics X-CUBE-TOUCHGFX 4.21.1
2024-01-12 11:00:03,373 [INFO] ThirdParty:1030 - CMSIS Pack Vendor :STMicroelectronics X-CUBE-TOUCHGFX 4.21.3
2024-01-12 11:00:03,373 [INFO] ThirdParty:1030 - CMSIS Pack Vendor :STMicroelectronics X-CUBE-BLEMGR 1.0.0
2024-01-12 11:00:03,373 [INFO] ThirdParty:1030 - CMSIS Pack Vendor :STMicroelectronics X-CUBE-TOUCHGFX 4.21.4
2024-01-12 11:00:03,373 [INFO] ThirdParty:1030 - CMSIS Pack Vendor :STMicroelectronics X-CUBE-MEMS1 9.4.0
2024-01-12 11:00:03,373 [INFO] ThirdParty:1030 - CMSIS Pack Vendor :STMicroelectronics X-CUBE-AI 7.3.0
2024-01-12 11:00:03,373 [INFO] ThirdParty:1030 - CMSIS Pack Vendor :EdgeImpulse osugiw-project-1 1.0.1
2024-01-12 11:00:03,373 [INFO] ThirdParty:1030 - CMSIS Pack Vendor :STMicroelectronics X-CUBE-ALGOBUILD 1.3.0
2024-01-12 11:00:03,373 [INFO] ThirdParty:1030 - CMSIS Pack Vendor :STMicroelectronics X-CUBE-AZRTOS-L5 1.1.0
2024-01-12 11:00:03,373 [INFO] ThirdParty:1030 - CMSIS Pack Vendor :STMicroelectronics X-CUBE-AZRTOS-G0 1.1.0
2024-01-12 11:00:03,373 [INFO] ThirdParty:1030 - CMSIS Pack Vendor :STMicroelectronics X-CUBE-AI 8.0.1
2024-01-12 11:00:03,373 [INFO] ThirdParty:1030 - CMSIS Pack Vendor :STMicroelectronics X-CUBE-NFC4 3.0.0
2024-01-12 11:00:03,373 [INFO] ThirdParty:1030 - CMSIS Pack Vendor :SEGGER I-CUBE-embOS 1.2.0
2024-01-12 11:00:03,373 [INFO] ThirdParty:1030 - CMSIS Pack Vendor :STMicroelectronics X-CUBE-SUBG2 5.0.0
2024-01-12 11:00:03,373 [INFO] ThirdParty:1030 - CMSIS Pack Vendor :STMicroelectronics STM32_WPAN 1.0.0
2024-01-12 11:00:03,373 [INFO] ThirdParty:1030 - CMSIS Pack Vendor :STMicroelectronics lwIP 2.0.3
2024-01-12 11:00:03,373 [INFO] ThirdParty:1030 - CMSIS Pack Vendor :STMicroelectronics USB_HOST 1.0.0
2024-01-12 11:00:03,373 [INFO] ThirdParty:1030 - CMSIS Pack Vendor :STMicroelectronics X-CUBE-TOF1 3.3.1
2024-01-12 11:00:03,373 [INFO] ThirdParty:1030 - CMSIS Pack Vendor :STMicroelectronics X-CUBE-AZRTOS-G4 2.0.0
2024-01-12 11:00:03,373 [INFO] ThirdParty:1030 - CMSIS Pack Vendor :STMicroelectronics PDM2PCM 3.1.0
2024-01-12 11:00:03,373 [INFO] ThirdParty:1030 - CMSIS Pack Vendor :STMicroelectronics X-CUBE-TOF1 3.3.0
2024-01-12 11:00:03,373 [INFO] ThirdParty:1030 - CMSIS Pack Vendor :STMicroelectronics FP-ATR-ASTRA1 1.1.1
2024-01-12 11:00:03,373 [INFO] ThirdParty:1030 - CMSIS Pack Vendor :Infineon AIROC-Wi-Fi-Bluetooth-STM32 1.5.1
2024-01-12 11:00:03,373 [INFO] ThirdParty:1030 - CMSIS Pack Vendor :STMicroelectronics X-CUBE-BLEMGR 3.0.0
2024-01-12 11:00:03,373 [INFO] ThirdParty:1030 - CMSIS Pack Vendor :STMicroelectronics FP-ATR-ASTRA1 1.1.0
2024-01-12 11:00:03,373 [INFO] ThirdParty:1030 - CMSIS Pack Vendor :STMicroelectronics X-CUBE-BLEMGR 1.3.0
2024-01-12 11:00:03,373 [INFO] ThirdParty:1030 - CMSIS Pack Vendor :STMicroelectronics FP-SNS-MOTENVWB1 1.3.0
2024-01-12 11:00:03,373 [INFO] ThirdParty:1030 - CMSIS Pack Vendor :STMicroelectronics FP-SNS-MOTENVWB1 1.3.1
2024-01-12 11:00:03,373 [INFO] ThirdParty:1030 - CMSIS Pack Vendor :STMicroelectronics FP-ATR-SIGFOX1 3.2.0
2024-01-12 11:00:03,373 [INFO] ThirdParty:1030 - CMSIS Pack Vendor :STMicroelectronics X-CUBE-AZRTOS-G4 1.0.0
2024-01-12 11:00:03,373 [INFO] ThirdParty:1030 - CMSIS Pack Vendor :STMicroelectronics X-CUBE-AZRTOS-L4 1.0.0
2024-01-12 11:00:03,373 [INFO] ThirdParty:1030 - CMSIS Pack Vendor :STMicroelectronics X-CUBE-ISPU 2.0.0
2024-01-12 11:00:03,373 [INFO] ThirdParty:1030 - CMSIS Pack Vendor :STMicroelectronics MBEDTLS 2.16.2
2024-01-12 11:00:03,373 [INFO] ThirdParty:1030 - CMSIS Pack Vendor :emotas I-CUBE-CANOPEN 1.1.2
2024-01-12 11:00:03,373 [INFO] ThirdParty:1030 - CMSIS Pack Vendor :STMicroelectronics X-CUBE-TOUCHGFX 4.20.0
2024-01-12 11:00:03,373 [INFO] ThirdParty:1030 - CMSIS Pack Vendor :STMicroelectronics X-CUBE-MEMS1 10.0.0
2024-01-12 11:00:03,373 [INFO] ThirdParty:1030 - CMSIS Pack Vendor :STMicroelectronics X-CUBE-FREERTOS 1.1.0
2024-01-12 11:00:03,373 [INFO] ThirdParty:1030 - CMSIS Pack Vendor :STMicroelectronics X-CUBE-AZRTOS-WL 1.0.0
2024-01-12 11:00:03,373 [INFO] ThirdParty:1030 - CMSIS Pack Vendor :portGmbH I-Cube-SoM-uGOAL 1.1.0
2024-01-12 11:00:03,373 [INFO] ThirdParty:1030 - CMSIS Pack Vendor :STMicroelectronics X-CUBE-ALS 1.0.1
2024-01-12 11:00:03,373 [INFO] ThirdParty:1030 - CMSIS Pack Vendor :STMicroelectronics X-CUBE-MEMS1 9.5.0
2024-01-12 11:00:03,373 [INFO] ThirdParty:1030 - CMSIS Pack Vendor :STMicroelectronics ThreadX 1.0.0
2024-01-12 11:00:03,373 [INFO] ThirdParty:1030 - CMSIS Pack Vendor :STMicroelectronics X-CUBE-AZRTOS-WB 1.1.0
2024-01-12 11:00:03,373 [INFO] ThirdParty:1030 - CMSIS Pack Vendor :SEGGER I-CUBE-embOS 1.3.1
2024-01-12 11:00:03,373 [INFO] ThirdParty:1030 - CMSIS Pack Vendor :STMicroelectronics X-CUBE-AZRTOS-L5 1.0.0
2024-01-12 11:00:03,373 [INFO] ThirdParty:1030 - CMSIS Pack Vendor :STMicroelectronics X-CUBE-EEPRMA1 3.1.1
2024-01-12 11:00:03,373 [INFO] ThirdParty:1030 - CMSIS Pack Vendor :STMicroelectronics FP-ATR-ASTRA1 2.0.0
2024-01-12 11:00:03,373 [INFO] ThirdParty:1030 - CMSIS Pack Vendor :STMicroelectronics X-CUBE-TOF1 3.4.0
2024-01-12 11:00:03,373 [INFO] ThirdParty:1030 - CMSIS Pack Vendor :STMicroelectronics X-CUBE-AZRTOS-H7 3.2.0
2024-01-12 11:00:03,373 [INFO] ThirdParty:841 - exiting critical section [change project]
2024-01-12 11:00:03,718 [INFO] PinOutPanel:1499 - setPackage(No Configuration,No Configuration)
2024-01-12 11:00:03,718 [INFO] PinOutPanel:1499 - setPackage(STM32WB15CCUx,UFQFPN48)
2024-01-12 11:00:04,565 [INFO] UtilMem:75 - Before build in PCC Used Memory: 601758424 Bytes (727711744)
2024-01-12 11:00:05,696 [INFO] UtilMem:75 - After build in PCC Used Memory: 641259528 Bytes (727711744)
2024-01-12 11:00:05,869 [INFO] ApiDbMcu:507 - Load IP Config File for STM32_WPAN
2024-01-12 11:00:05,900 [INFO] IPUIPlugin:80 - create IPUIPlugin
2024-01-12 11:00:05,900 [INFO] IPUIPlugin:80 - create IPUIPlugin
2024-01-12 11:00:05,900 [INFO] IPUIPlugin:80 - create IPUIPlugin
2024-01-12 11:00:05,900 [INFO] IPUIPlugin:80 - create IPUIPlugin
2024-01-12 11:00:05,900 [INFO] IPUIPlugin:80 - create IPUIPlugin
2024-01-12 11:00:05,900 [INFO] IPUIPlugin:80 - create IPUIPlugin
2024-01-12 11:00:05,900 [INFO] IPUIPlugin:80 - create IPUIPlugin
2024-01-12 11:00:05,900 [INFO] IPUIPlugin:80 - create IPUIPlugin
2024-01-12 11:00:05,900 [INFO] IPUIPlugin:80 - create IPUIPlugin
2024-01-12 11:00:05,900 [INFO] IPUIPlugin:80 - create IPUIPlugin
2024-01-12 11:00:05,900 [INFO] IPUIPlugin:80 - create IPUIPlugin
2024-01-12 11:00:05,900 [INFO] IPUIPlugin:80 - create IPUIPlugin
2024-01-12 11:00:05,900 [INFO] IPUIPlugin:80 - create IPUIPlugin
2024-01-12 11:00:05,900 [INFO] IPUIPlugin:80 - create IPUIPlugin
2024-01-12 11:00:05,900 [INFO] IPUIPlugin:80 - create IPUIPlugin
2024-01-12 11:00:05,900 [INFO] IPUIPlugin:80 - create IPUIPlugin
2024-01-12 11:00:05,900 [INFO] IPUIPlugin:80 - create IPUIPlugin
2024-01-12 11:00:05,900 [INFO] IPUIPlugin:80 - create IPUIPlugin
2024-01-12 11:00:05,900 [INFO] IPUIPlugin:80 - create IPUIPlugin
2024-01-12 11:00:05,900 [INFO] IPUIPlugin:80 - create IPUIPlugin
2024-01-12 11:00:05,900 [INFO] IPUIPlugin:80 - create IPUIPlugin
2024-01-12 11:00:05,900 [INFO] IPUIPlugin:80 - create IPUIPlugin
2024-01-12 11:00:05,900 [INFO] IPUIPlugin:80 - create IPUIPlugin
2024-01-12 11:00:05,900 [INFO] IPUIPlugin:80 - create IPUIPlugin
2024-01-12 11:00:05,900 [INFO] IPUIPlugin:80 - create IPUIPlugin
2024-01-12 11:00:05,900 [INFO] IPUIPlugin:80 - create IPUIPlugin
2024-01-12 11:00:05,900 [INFO] IPUIPlugin:80 - create IPUIPlugin
2024-01-12 11:00:05,900 [INFO] IPUIPlugin:80 - create IPUIPlugin
2024-01-12 11:00:05,900 [INFO] IPUIPlugin:80 - create IPUIPlugin
2024-01-12 11:00:05,900 [INFO] IPUIPlugin:80 - create IPUIPlugin
2024-01-12 11:00:05,900 [INFO] IPUIPlugin:80 - create IPUIPlugin
2024-01-12 11:00:05,900 [INFO] IPUIPlugin:80 - create IPUIPlugin
2024-01-12 11:00:05,963 [WARN] IP:2113 - SERVICE1_UUID not found: check if there is a RefParameter without a condition.
2024-01-12 11:00:05,963 [WARN] IP:2113 - SERVICE2_UUID not found: check if there is a RefParameter without a condition.
2024-01-12 11:00:05,963 [WARN] IP:2113 - SERVICE3_UUID not found: check if there is a RefParameter without a condition.
2024-01-12 11:00:05,979 [WARN] IP:2113 - SERVICE4_UUID not found: check if there is a RefParameter without a condition.
2024-01-12 11:00:05,979 [WARN] IP:2113 - SERVICE5_UUID not found: check if there is a RefParameter without a condition.
2024-01-12 11:00:06,323 [INFO] CADModel:165 - CPN selected for project levelSTM32WB15CCU6
2024-01-12 11:00:06,323 [INFO] CADModel:114 - Register for checkConnection events
2024-01-12 11:00:06,386 [INFO] OpenFileManager:328 - Restore cursor
2024-01-12 11:00:06,622 [WARN] IP:2113 - SERVICE1_UUID not found: check if there is a RefParameter without a condition.
2024-01-12 11:00:06,622 [WARN] IP:2113 - SERVICE2_UUID not found: check if there is a RefParameter without a condition.
2024-01-12 11:00:06,622 [WARN] IP:2113 - SERVICE3_UUID not found: check if there is a RefParameter without a condition.
2024-01-12 11:00:06,622 [WARN] IP:2113 - SERVICE4_UUID not found: check if there is a RefParameter without a condition.
2024-01-12 11:00:06,638 [WARN] IP:2113 - SERVICE5_UUID not found: check if there is a RefParameter without a condition.
2024-01-12 11:00:06,716 [WARN] IP:2113 - SERVICE1_UUID not found: check if there is a RefParameter without a condition.
2024-01-12 11:00:06,732 [WARN] IP:2113 - SERVICE2_UUID not found: check if there is a RefParameter without a condition.
2024-01-12 11:00:06,732 [WARN] IP:2113 - SERVICE3_UUID not found: check if there is a RefParameter without a condition.
2024-01-12 11:00:06,732 [WARN] IP:2113 - SERVICE4_UUID not found: check if there is a RefParameter without a condition.
2024-01-12 11:00:06,732 [WARN] IP:2113 - SERVICE5_UUID not found: check if there is a RefParameter without a condition.
2024-01-12 11:00:06,795 [WARN] IpParametersView:150 - Warning: This peripheral hasn't parameters
2024-01-12 11:05:00,630 [INFO] NvicIntPanel:101 - NVIC parent = com.st.microxplorer.plugins.ip.nvic.MultiNvicIntPanel[,0,0,459x199,layout=javax.swing.BoxLayout,alignmentX=0.0,alignmentY=0.0,border=,flags=9,maximumSize=,minimumSize=,preferredSize=]
