2023-11-09 08:35:17,735 [INFO] Activator:176 - 


2023-11-09 08:35:17,746 [INFO] Activator:177 - !SESSION log4j initialized
2023-11-09 08:35:22,995 [INFO] LogOutputStream:77 - [STDOUT_REDIRECT] 
2023-11-09 08:35:44,301 [ERROR] LogOutputStream:75 - [STDERR_REDIRECT] SLF4J: Failed to load class "org.slf4j.impl.StaticLoggerBinder".
2023-11-09 08:35:44,301 [ERROR] LogOutputStream:75 - [STDERR_REDIRECT] SLF4J: Defaulting to no-operation (NOP) logger implementation
2023-11-09 08:35:44,305 [ERROR] LogOutputStream:75 - [STDERR_REDIRECT] SLF4J: See http://www.slf4j.org/codes.html#StaticLoggerBinder for further details.
2023-11-09 14:48:34,931 [ERROR] ConfigurationRetriever:142 - IOException on connection: Read timed out
2023-11-09 14:48:36,980 [ERROR] ConfigurationRetriever:142 - IOException on connection: Read timed out
2023-11-09 14:53:52,018 [INFO] Activator:176 - 


2023-11-09 14:53:52,019 [INFO] Activator:177 - !SESSION log4j initialized
2023-11-09 14:54:01,204 [INFO] LogOutputStream:77 - [STDOUT_REDIRECT] 
2023-11-09 14:54:23,800 [ERROR] LogOutputStream:75 - [STDERR_REDIRECT] SLF4J: Failed to load class "org.slf4j.impl.StaticLoggerBinder".
2023-11-09 14:54:23,800 [ERROR] LogOutputStream:75 - [STDERR_REDIRECT] SLF4J: Defaulting to no-operation (NOP) logger implementation
2023-11-09 14:54:23,800 [ERROR] LogOutputStream:75 - [STDERR_REDIRECT] SLF4J: See http://www.slf4j.org/codes.html#StaticLoggerBinder for further details.
2023-11-09 15:21:21,008 [INFO] ApplicationProperties:184 - Using Application install path: C:\ST\STM32CubeIDE_1.12.1\STM32CubeIDE\plugins\com.st.stm32cube.common.mx_6.8.1.202304191431
2023-11-09 15:21:21,048 [INFO] DbMcusXml:78 - Set database path to: C:\ST\STM32CubeIDE_1.12.1\STM32CubeIDE\plugins\com.st.stm32cube.common.mx_6.8.1.202304191431\\db\/mcu/
2023-11-09 15:21:21,048 [INFO] ApiDb:274 - Set plugin database path to: C:\ST\STM32CubeIDE_1.12.1\STM32CubeIDE\plugins\com.st.stm32cube.common.mx_6.8.1.202304191431\\db\/plugins/boardmanager/
2023-11-09 15:21:21,048 [WARN] ApiDb:259 - Overriding images path with different value:  => C:\ST\STM32CubeIDE_1.12.1\STM32CubeIDE\plugins\com.st.stm32cube.common.mx_6.8.1.202304191431\\db\/plugins/mcufinder/images/
2023-11-09 15:21:21,069 [INFO] ApiDb:250 - Set database path to: C:\Users\KDS-LTP-0415\.stmcufinder\plugins\mcufinder//mcu/
2023-11-09 15:21:21,069 [INFO] DbMcusAds:125 - Set database path to: C:\Users\KDS-LTP-0415\.stmcufinder\plugins\mcufinder//mcu/
2023-11-09 15:21:21,085 [INFO] CrossReferenceDbSqlite:203 - Set database path to: C:\Users\KDS-LTP-0415\.stmcufinder\plugins\mcufinder//mcu/cs/
2023-11-09 15:21:21,198 [INFO] RulesReader:64 - Compatibility file has been processed (293 Rules)
2023-11-09 15:21:21,298 [INFO] DbMcusXml:78 - Set database path to: C:\ST\STM32CubeIDE_1.12.1\STM32CubeIDE\plugins\com.st.stm32cube.common.mx_6.8.1.202304191431\\db\/mcu/
2023-11-09 15:21:21,298 [INFO] ApiDb:274 - Set plugin database path to: C:\ST\STM32CubeIDE_1.12.1\STM32CubeIDE\plugins\com.st.stm32cube.common.mx_6.8.1.202304191431\\db\/plugins/boardmanager/
2023-11-09 15:21:21,298 [INFO] ApiDb:261 - Set plugin images path to: C:\ST\STM32CubeIDE_1.12.1\STM32CubeIDE\plugins\com.st.stm32cube.common.mx_6.8.1.202304191431\\db\/plugins/mcufinder/images/
2023-11-09 15:21:21,298 [WARN] DbFile:41 - Overriding database path with different value: C:\Users\KDS-LTP-0415\.stmcufinder\plugins\mcufinder/ => C:\Users\KDS-LTP-0415\.stmcufinder\plugins\mcufinder
2023-11-09 15:21:21,298 [INFO] ApiDb:250 - Set database path to: C:\Users\KDS-LTP-0415\.stmcufinder\plugins\mcufinder//mcu/
2023-11-09 15:21:21,298 [WARN] DbFile:41 - Overriding database path with different value: C:\Users\KDS-LTP-0415\.stmcufinder\plugins\mcufinder/ => C:\Users\KDS-LTP-0415\.stmcufinder\plugins\mcufinder
2023-11-09 15:21:21,298 [INFO] DbMcusAds:125 - Set database path to: C:\Users\KDS-LTP-0415\.stmcufinder\plugins\mcufinder//mcu/
2023-11-09 15:21:21,298 [WARN] DbFile:41 - Overriding database path with different value: C:\Users\KDS-LTP-0415\.stmcufinder\plugins\mcufinder/ => C:\Users\KDS-LTP-0415\.stmcufinder\plugins\mcufinder
2023-11-09 15:21:21,298 [WARN] DbFile:41 - Overriding database path with different value: C:\Users\KDS-LTP-0415\.stmcufinder\plugins\mcufinder/ => C:\Users\KDS-LTP-0415\.stmcufinder\plugins\mcufinder
2023-11-09 15:21:21,298 [INFO] CrossReferenceDbSqlite:203 - Set database path to: C:\Users\KDS-LTP-0415\.stmcufinder\plugins\mcufinder//mcu/cs/
2023-11-09 15:21:21,378 [INFO] MainPanel:253 - HeapMemory: 503316480
2023-11-09 15:21:21,499 [INFO] DbMcusXml:78 - Set database path to: C:\ST\STM32CubeIDE_1.12.1\STM32CubeIDE\plugins\com.st.stm32cube.common.mx_6.8.1.202304191431\\db\/mcu/
2023-11-09 15:21:21,499 [INFO] ApiDb:274 - Set plugin database path to: C:\ST\STM32CubeIDE_1.12.1\STM32CubeIDE\plugins\com.st.stm32cube.common.mx_6.8.1.202304191431\\db\/plugins/boardmanager/
2023-11-09 15:21:21,499 [INFO] ApiDb:261 - Set plugin images path to: C:\ST\STM32CubeIDE_1.12.1\STM32CubeIDE\plugins\com.st.stm32cube.common.mx_6.8.1.202304191431\\db\/plugins/mcufinder/images/
2023-11-09 15:21:21,499 [WARN] DbFile:41 - Overriding database path with different value: C:\Users\KDS-LTP-0415\.stmcufinder\plugins\mcufinder/ => C:\Users\KDS-LTP-0415\.stmcufinder\plugins\mcufinder
2023-11-09 15:21:21,499 [INFO] ApiDb:250 - Set database path to: C:\Users\KDS-LTP-0415\.stmcufinder\plugins\mcufinder//mcu/
2023-11-09 15:21:21,499 [WARN] DbFile:41 - Overriding database path with different value: C:\Users\KDS-LTP-0415\.stmcufinder\plugins\mcufinder/ => C:\Users\KDS-LTP-0415\.stmcufinder\plugins\mcufinder
2023-11-09 15:21:21,499 [INFO] DbMcusAds:125 - Set database path to: C:\Users\KDS-LTP-0415\.stmcufinder\plugins\mcufinder//mcu/
2023-11-09 15:21:21,499 [WARN] DbFile:41 - Overriding database path with different value: C:\Users\KDS-LTP-0415\.stmcufinder\plugins\mcufinder/ => C:\Users\KDS-LTP-0415\.stmcufinder\plugins\mcufinder
2023-11-09 15:21:21,499 [WARN] DbFile:41 - Overriding database path with different value: C:\Users\KDS-LTP-0415\.stmcufinder\plugins\mcufinder/ => C:\Users\KDS-LTP-0415\.stmcufinder\plugins\mcufinder
2023-11-09 15:21:21,499 [INFO] CrossReferenceDbSqlite:203 - Set database path to: C:\Users\KDS-LTP-0415\.stmcufinder\plugins\mcufinder//mcu/cs/
2023-11-09 15:21:21,517 [INFO] ApplicationProperties:184 - Using Application install path: C:\ST\STM32CubeIDE_1.12.1\STM32CubeIDE\plugins\com.st.stm32cube.common.mx_6.8.1.202304191431
2023-11-09 15:21:21,517 [INFO] PluginManage:196 - Search for loadable plugins [exclusion list=, ]
2023-11-09 15:21:21,527 [INFO] PluginManage:310 - Check plugin analytics
2023-11-09 15:21:21,757 [INFO] AnalyticsPlugin:253 - Accepted Software Licenses: STM32CubeMX.6.2.1,STM32CubeMX.6.6.1,STM32CubeMX.6.7.0,STM32CubeMX.6.8.1,STM32CubeMX.6.9.1
2023-11-09 15:21:21,757 [INFO] AnalyticsPlugin:255 - Accepted CMSIS Pack Licenses: EdgeImpulse.osugiw-project-1.1.0.1
2023-11-09 15:21:21,757 [INFO] AnalyticsPlugin:257 - Accepted Firmware Licenses: FW.G0.1.6.0,FW.WB.1.16.0
2023-11-09 15:21:21,762 [INFO] PluginManage:359 - Loaded plugin analytics (category:tool,tabindex:-1)
2023-11-09 15:21:21,762 [INFO] PluginManage:310 - Check plugin cadmodel
2023-11-09 15:21:21,769 [INFO] CADModel:105 - Init CAD model plugin
2023-11-09 15:21:21,769 [INFO] PluginManage:359 - Loaded plugin cadmodel (category:power,tabindex:5)
2023-11-09 15:21:21,769 [INFO] PluginManage:310 - Check plugin clock
2023-11-09 15:21:21,788 [INFO] PluginManage:359 - Loaded plugin clock (category:base,tabindex:2)
2023-11-09 15:21:21,788 [INFO] PluginManage:310 - Check plugin ddr
2023-11-09 15:21:21,793 [INFO] PluginManage:359 - Loaded plugin ddr (category:tool,tabindex:6)
2023-11-09 15:21:21,793 [INFO] PluginManage:310 - Check plugin filemanager
2023-11-09 15:21:21,953 [INFO] PluginManage:359 - Loaded plugin filemanager (category:base,tabindex:10)
2023-11-09 15:21:21,953 [INFO] PluginManage:310 - Check plugin ipmanager
2023-11-09 15:21:21,960 [INFO] PluginManage:359 - Loaded plugin ipmanager (category:base,tabindex:5)
2023-11-09 15:21:21,960 [INFO] PluginManage:310 - Check plugin lpbam
2023-11-09 15:21:21,968 [INFO] PluginManage:359 - Loaded plugin lpbam (category:base,tabindex:0)
2023-11-09 15:21:21,968 [INFO] PluginManage:310 - Check plugin pinoutandconfiguration
2023-11-09 15:21:21,978 [INFO] PluginManage:359 - Loaded plugin pinoutandconfiguration (category:base,tabindex:1)
2023-11-09 15:21:21,978 [INFO] PluginManage:310 - Check plugin pinoutconfig
2023-11-09 15:21:22,072 [WARN] SupportedApi:132 - Cannot load RTOS API schema: s4s-elt-must-match.1: The content of 'definitions' must match (annotation?, (simpleType | complexType)?, (unique | key | keyref)*)). A problem was found starting at: attribute.
2023-11-09 15:21:22,217 [INFO] PluginManage:359 - Loaded plugin pinoutconfig (category:base,tabindex:0)
2023-11-09 15:21:22,217 [INFO] PluginManage:310 - Check plugin power
2023-11-09 15:21:22,237 [INFO] PluginManage:359 - Loaded plugin power (category:power,tabindex:4)
2023-11-09 15:21:22,237 [INFO] PluginManage:310 - Check plugin projectmanager
2023-11-09 15:21:22,257 [INFO] PluginManage:359 - Loaded plugin projectmanager (category:projectmanager,tabindex:3)
2023-11-09 15:21:22,257 [INFO] PluginManage:310 - Check plugin thirdparty
2023-11-09 15:21:22,438 [WARN] IntegrityCheckThread:84 - waiting for thirdparty lock release [integrity check]
2023-11-09 15:21:22,438 [INFO] PluginManage:359 - Loaded plugin thirdparty (category:base,tabindex:-1)
2023-11-09 15:21:22,438 [INFO] IntegrityCheckThread:86 - entering critical section [integrity check]
2023-11-09 15:21:22,438 [INFO] PluginManage:310 - Check plugin tools
2023-11-09 15:21:22,438 [INFO] ThirdPartyUpdaterWithRetryManager:70 - Updater plugin not ready yet. [1/15]
2023-11-09 15:21:22,448 [INFO] PluginManage:359 - Loaded plugin tools (category:base,tabindex:7)
2023-11-09 15:21:22,449 [INFO] PluginManage:310 - Check plugin tutovideos
2023-11-09 15:21:22,707 [INFO] PluginManage:359 - Loaded plugin tutovideos (category:base,tabindex:-1)
2023-11-09 15:21:22,707 [INFO] PluginManage:310 - Check plugin updater
2023-11-09 15:21:22,739 [INFO] PluginManage:359 - Loaded plugin updater (category:base,tabindex:12)
2023-11-09 15:21:22,739 [INFO] PluginManage:283 - PluginManage : Loaded plugins [15]
2023-11-09 15:21:23,050 [INFO] PinOutPanel:1499 - setPackage(No Configuration,No Configuration)
2023-11-09 15:21:23,127 [INFO] CADModel:165 - CPN selected for project level
2023-11-09 15:21:23,127 [INFO] CADModel:114 - Register for checkConnection events
2023-11-09 15:21:23,150 [INFO] IPUIPlugin:80 - create IPUIPlugin
2023-11-09 15:21:23,150 [INFO] PluginManager:220 - loadIPPluginJar : add adc
2023-11-09 15:21:23,154 [INFO] IPUIPlugin:80 - create IPUIPlugin
2023-11-09 15:21:23,154 [INFO] PluginManager:220 - loadIPPluginJar : add aes
2023-11-09 15:21:23,154 [INFO] IPUIPlugin:80 - create IPUIPlugin
2023-11-09 15:21:23,158 [INFO] PluginManager:220 - loadIPPluginJar : add can
2023-11-09 15:21:23,158 [INFO] IPUIPlugin:80 - create IPUIPlugin
2023-11-09 15:21:23,158 [INFO] PluginManager:220 - loadIPPluginJar : add comp
2023-11-09 15:21:23,158 [INFO] IPUIPlugin:80 - create IPUIPlugin
2023-11-09 15:21:23,158 [INFO] PluginManager:220 - loadIPPluginJar : add cryp
2023-11-09 15:21:23,168 [INFO] IPUIPlugin:80 - create IPUIPlugin
2023-11-09 15:21:23,168 [INFO] PluginManager:220 - loadIPPluginJar : add dfsdm
2023-11-09 15:21:23,170 [INFO] IPUIPlugin:80 - create IPUIPlugin
2023-11-09 15:21:23,170 [INFO] PluginManager:220 - loadIPPluginJar : add dma
2023-11-09 15:21:23,178 [INFO] IPUIPlugin:80 - create IPUIPlugin
2023-11-09 15:21:23,178 [INFO] PluginManager:220 - loadIPPluginJar : add dma3
2023-11-09 15:21:23,178 [INFO] IPUIPlugin:80 - create IPUIPlugin
2023-11-09 15:21:23,178 [INFO] PluginManager:220 - loadIPPluginJar : add fatfs
2023-11-09 15:21:23,178 [INFO] IPUIPlugin:80 - create IPUIPlugin
2023-11-09 15:21:23,186 [INFO] PluginManager:220 - loadIPPluginJar : add fmc
2023-11-09 15:21:23,188 [INFO] IPUIPlugin:80 - create IPUIPlugin
2023-11-09 15:21:23,188 [INFO] PluginManager:220 - loadIPPluginJar : add freertos
2023-11-09 15:21:23,188 [INFO] IPUIPlugin:80 - create IPUIPlugin
2023-11-09 15:21:23,188 [INFO] PluginManager:220 - loadIPPluginJar : add genericplugin
2023-11-09 15:21:23,198 [INFO] IPUIPlugin:80 - create IPUIPlugin
2023-11-09 15:21:23,198 [INFO] PluginManager:220 - loadIPPluginJar : add gfxmmu
2023-11-09 15:21:23,202 [INFO] IPUIPlugin:80 - create IPUIPlugin
2023-11-09 15:21:23,202 [INFO] PluginManager:220 - loadIPPluginJar : add gic
2023-11-09 15:21:23,208 [INFO] IPUIPlugin:80 - create IPUIPlugin
2023-11-09 15:21:23,208 [INFO] PluginManager:220 - loadIPPluginJar : add gpio
2023-11-09 15:21:23,208 [INFO] IPUIPlugin:80 - create IPUIPlugin
2023-11-09 15:21:23,208 [INFO] PluginManager:220 - loadIPPluginJar : add gtzc
2023-11-09 15:21:23,208 [INFO] IPUIPlugin:80 - create IPUIPlugin
2023-11-09 15:21:23,208 [INFO] PluginManager:220 - loadIPPluginJar : add hash
2023-11-09 15:21:23,218 [INFO] IPUIPlugin:80 - create IPUIPlugin
2023-11-09 15:21:23,218 [INFO] PluginManager:220 - loadIPPluginJar : add i2c
2023-11-09 15:21:23,218 [INFO] IPUIPlugin:80 - create IPUIPlugin
2023-11-09 15:21:23,218 [INFO] PluginManager:220 - loadIPPluginJar : add i2s
2023-11-09 15:21:23,218 [INFO] IPUIPlugin:80 - create IPUIPlugin
2023-11-09 15:21:23,218 [INFO] PluginManager:220 - loadIPPluginJar : add i3c
2023-11-09 15:21:23,218 [INFO] IPUIPlugin:80 - create IPUIPlugin
2023-11-09 15:21:23,218 [INFO] PluginManager:220 - loadIPPluginJar : add ipddr
2023-11-09 15:21:23,234 [INFO] IPUIPlugin:80 - create IPUIPlugin
2023-11-09 15:21:23,234 [INFO] PluginManager:220 - loadIPPluginJar : add linkedlist
2023-11-09 15:21:23,237 [INFO] IPUIPlugin:80 - create IPUIPlugin
2023-11-09 15:21:23,237 [INFO] PluginManager:220 - loadIPPluginJar : add lorawan
2023-11-09 15:21:23,237 [INFO] IPUIPlugin:80 - create IPUIPlugin
2023-11-09 15:21:23,237 [INFO] PluginManager:220 - loadIPPluginJar : add ltdc
2023-11-09 15:21:23,237 [INFO] IPUIPlugin:80 - create IPUIPlugin
2023-11-09 15:21:23,237 [INFO] PluginManager:220 - loadIPPluginJar : add mdma
2023-11-09 15:21:23,248 [INFO] IPUIPlugin:80 - create IPUIPlugin
2023-11-09 15:21:23,248 [INFO] PluginManager:220 - loadIPPluginJar : add nvic
2023-11-09 15:21:23,250 [INFO] IPUIPlugin:80 - create IPUIPlugin
2023-11-09 15:21:23,250 [INFO] PluginManager:220 - loadIPPluginJar : add opamp
2023-11-09 15:21:23,250 [INFO] IPUIPlugin:80 - create IPUIPlugin
2023-11-09 15:21:23,250 [INFO] PluginManager:220 - loadIPPluginJar : add openamp
2023-11-09 15:21:23,258 [INFO] IPUIPlugin:80 - create IPUIPlugin
2023-11-09 15:21:23,258 [INFO] PluginManager:220 - loadIPPluginJar : add pdm2pcm
2023-11-09 15:21:23,266 [INFO] IPUIPlugin:80 - create IPUIPlugin
2023-11-09 15:21:23,268 [INFO] PluginManager:220 - loadIPPluginJar : add plateformsettings
2023-11-09 15:21:23,268 [INFO] IPUIPlugin:80 - create IPUIPlugin
2023-11-09 15:21:23,268 [INFO] PluginManager:220 - loadIPPluginJar : add quadspi
2023-11-09 15:21:23,268 [INFO] IPUIPlugin:80 - create IPUIPlugin
2023-11-09 15:21:23,268 [INFO] PluginManager:220 - loadIPPluginJar : add resmgrutility
2023-11-09 15:21:23,278 [INFO] IPUIPlugin:80 - create IPUIPlugin
2023-11-09 15:21:23,278 [INFO] PluginManager:220 - loadIPPluginJar : add sai
2023-11-09 15:21:23,282 [INFO] IPUIPlugin:80 - create IPUIPlugin
2023-11-09 15:21:23,282 [INFO] PluginManager:220 - loadIPPluginJar : add spi
2023-11-09 15:21:23,288 [INFO] IPUIPlugin:80 - create IPUIPlugin
2023-11-09 15:21:23,288 [INFO] PluginManager:220 - loadIPPluginJar : add stm32_wpan
2023-11-09 15:21:23,288 [INFO] IPUIPlugin:80 - create IPUIPlugin
2023-11-09 15:21:23,288 [INFO] PluginManager:220 - loadIPPluginJar : add tim
2023-11-09 15:21:23,288 [INFO] IPUIPlugin:80 - create IPUIPlugin
2023-11-09 15:21:23,288 [INFO] PluginManager:220 - loadIPPluginJar : add touchsensing
2023-11-09 15:21:23,288 [INFO] IPUIPlugin:80 - create IPUIPlugin
2023-11-09 15:21:23,288 [INFO] PluginManager:220 - loadIPPluginJar : add tracer_emb
2023-11-09 15:21:23,298 [INFO] IPUIPlugin:80 - create IPUIPlugin
2023-11-09 15:21:23,298 [INFO] PluginManager:220 - loadIPPluginJar : add ts
2023-11-09 15:21:23,298 [INFO] IPUIPlugin:80 - create IPUIPlugin
2023-11-09 15:21:23,298 [INFO] PluginManager:220 - loadIPPluginJar : add tsc
2023-11-09 15:21:23,298 [INFO] IPUIPlugin:80 - create IPUIPlugin
2023-11-09 15:21:23,298 [INFO] PluginManager:220 - loadIPPluginJar : add ucpd
2023-11-09 15:21:23,298 [INFO] IPUIPlugin:80 - create IPUIPlugin
2023-11-09 15:21:23,298 [INFO] PluginManager:220 - loadIPPluginJar : add usart
2023-11-09 15:21:23,308 [INFO] IPUIPlugin:80 - create IPUIPlugin
2023-11-09 15:21:23,308 [INFO] PluginManager:220 - loadIPPluginJar : add usbx
2023-11-09 15:21:23,438 [INFO] CADModel:165 - CPN selected for project level
2023-11-09 15:21:23,438 [INFO] CADModel:114 - Register for checkConnection events
2023-11-09 15:21:23,438 [FATAL] Updater:308 - Updater called before beeing initialized
2023-11-09 15:21:23,438 [ERROR] CADModel:125 - Updater not yet initialized, retry later 
2023-11-09 15:21:23,617 [INFO] CADModel:165 - CPN selected for project level
2023-11-09 15:21:23,623 [INFO] CADModel:114 - Register for checkConnection events
2023-11-09 15:21:23,623 [FATAL] Updater:308 - Updater called before beeing initialized
2023-11-09 15:21:23,623 [ERROR] CADModel:125 - Updater not yet initialized, retry later 
2023-11-09 15:21:23,628 [FATAL] Updater:308 - Updater called before beeing initialized
2023-11-09 15:21:23,768 [FATAL] Updater:308 - Updater called before beeing initialized
2023-11-09 15:21:23,778 [INFO] DbMcusAds:53 - JSON generation date=Tue Mar 07 15:50:55 ICT 2023 (1678179055114)
2023-11-09 15:21:23,778 [FATAL] Updater:308 - Updater called before beeing initialized
2023-11-09 15:21:23,818 [WARN] DetailPanel:346 - Failed to get advertising image, set to default
2023-11-09 15:21:23,958 [FATAL] Updater:308 - Updater called before beeing initialized
2023-11-09 15:21:23,968 [FATAL] Updater:308 - Updater called before beeing initialized
2023-11-09 15:21:23,968 [FATAL] Updater:308 - Updater called before beeing initialized
2023-11-09 15:21:23,968 [WARN] DetailPanel:346 - Failed to get advertising image, set to default
2023-11-09 15:21:23,968 [FATAL] Updater:308 - Updater called before beeing initialized
2023-11-09 15:21:24,020 [ERROR] Updater:1120 - MainUpdater not yet initialized. External WinMGr cannot be set.
2023-11-09 15:21:24,028 [INFO] Updater:1056 - Updater Version found : 6.8.1
2023-11-09 15:21:24,048 [INFO] ApplicationProperties:184 - Using Application install path: C:\ST\STM32CubeIDE_1.12.1\STM32CubeIDE\plugins\com.st.stm32cube.common.mx_6.8.1.202304191431
2023-11-09 15:21:24,291 [INFO] MainUpdater:2854 - connection check result : 10
2023-11-09 15:21:24,303 [INFO] MainUpdater:283 - Updater Check For Update Now.
2023-11-09 15:21:24,303 [INFO] MicroXplorer:498 - Change Database Version : DB.6.0.81
2023-11-09 15:21:24,568 [INFO] MainUpdater:2854 - connection check result : 10
2023-11-09 15:21:24,587 [INFO] CheckServerUpdateThread:120 - End of CheckServer Thread
2023-11-09 15:21:24,634 [INFO] MicroXplorer:468 - Change Database Path : 
2023-11-09 15:21:24,634 [INFO] MicroXplorer:498 - Change Database Version : DB.6.0.81
2023-11-09 15:21:24,635 [WARN] ThirdParty:871 - waiting for thirdparty lock release [close project]
2023-11-09 15:21:25,686 [WARN] PackLoader:240 - Cannot read IP mode file for STMicroelectronics.X-CUBE-SMBUS.2.1.0
2023-11-09 15:21:25,718 [WARN] PackLoader:240 - Cannot read IP mode file for STMicroelectronics.X-CUBE-AZRTOS-F7.1.1.0
2023-11-09 15:21:25,734 [ERROR] RealEvaluatedCondition:428 - Found unsupported composite condition: CLASS='Data Exchange' GROUP='STM32_MetaDataManager'
2023-11-09 15:21:25,734 [ERROR] RealEvaluatedCondition:428 - Found unsupported composite condition: GROUP='STM32_MetaDataManager' CLASS='Data Exchange'
2023-11-09 15:21:25,734 [WARN] PackLoader:240 - Cannot read IP mode file for STMicroelectronics.FP-SNS-MOTENV1.4.3.0
2023-11-09 15:21:25,738 [WARN] PackLoader:240 - Cannot read IP mode file for STMicroelectronics.FP-SNS-MOTENV1.4.3.2
2023-11-09 15:21:25,743 [WARN] PackLoader:240 - Cannot read IP mode file for STMicroelectronics.FP-SNS-FLIGHT1.5.0.0
2023-11-09 15:21:25,750 [ERROR] RealEvaluatedCondition:428 - Found unsupported composite condition: GROUP='STM32_MetaDataManager' CLASS='Data Exchange'
2023-11-09 15:21:25,750 [ERROR] RealEvaluatedCondition:428 - Found unsupported composite condition: GROUP='STM32_MetaDataManager' CLASS='Data Exchange'
2023-11-09 15:21:25,752 [WARN] PackLoader:240 - Cannot read IP mode file for STMicroelectronics.FP-SNS-MOTENV1.4.3.1
2023-11-09 15:21:25,752 [WARN] PackLoader:240 - Cannot read IP mode file for STMicroelectronics.FP-SNS-FLIGHT1.5.0.1
2023-11-09 15:21:25,766 [WARN] PackLoader:240 - Cannot read IP mode file for STMicroelectronics.X-CUBE-BLE1.6.2.3
2023-11-09 15:21:25,768 [WARN] PackLoader:240 - Cannot read IP mode file for STMicroelectronics.X-CUBE-BLE1.6.2.4
2023-11-09 15:21:25,773 [WARN] PackLoader:240 - Cannot read IP mode file for STMicroelectronics.FP-SNS-FLIGHT1.5.0.2
2023-11-09 15:21:25,778 [WARN] PackLoader:240 - Cannot read IP mode file for STMicroelectronics.X-CUBE-TOF1.3.1.0
2023-11-09 15:21:25,788 [WARN] PackLoader:240 - Cannot read IP mode file for STMicroelectronics.X-CUBE-DISPLAY.3.0.0
2023-11-09 15:21:25,797 [WARN] PackLoader:240 - Cannot read IP mode file for STMicroelectronics.X-CUBE-BLE1.7.0.0
2023-11-09 15:21:25,808 [WARN] PackLoader:240 - Cannot read IP mode file for emotas.I-CUBE-CANOPEN.1.3.0
2023-11-09 15:21:25,814 [WARN] PackLoader:240 - Cannot read IP mode file for STMicroelectronics.X-CUBE-TOUCHGFX.4.22.0
2023-11-09 15:21:25,814 [WARN] PackLoader:240 - Cannot read IP mode file for STMicroelectronics.X-CUBE-TOUCHGFX.4.22.1
2023-11-09 15:21:25,862 [WARN] PackLoader:240 - Cannot read IP mode file for STMicroelectronics.X-CUBE-MEMS1.9.3.0
2023-11-09 15:21:26,005 [WARN] PackLoader:240 - Cannot read IP mode file for STMicroelectronics.X-CUBE-AI.7.2.0
2023-11-09 15:21:26,008 [WARN] PackLoader:240 - Cannot read IP mode file for STMicroelectronics.FP-SNS-SMARTAG2.1.2.0
2023-11-09 15:21:26,028 [INFO] LogOutputStream:77 - [STDOUT_REDIRECT] 1 : Invalid condition id : UX_CORESTACK_Condition cause : null
2023-11-09 15:21:26,028 [INFO] LogOutputStream:77 - [STDOUT_REDIRECT] 1 : Invalid condition id : UX_CORESTACK_Condition cause : null
2023-11-09 15:21:26,028 [INFO] LogOutputStream:77 - [STDOUT_REDIRECT] 1 : Invalid condition id : UX_CORESTACK_Condition cause : null
2023-11-09 15:21:26,028 [INFO] LogOutputStream:77 - [STDOUT_REDIRECT] 1 : Invalid condition id : UX_CORESTACK_Condition cause : null
2023-11-09 15:21:26,033 [INFO] LogOutputStream:77 - [STDOUT_REDIRECT] 1 : Invalid condition id : UX_CORESTACK_Condition cause : null
2023-11-09 15:21:26,037 [WARN] PackLoader:240 - Cannot read IP mode file for STMicroelectronics.X-CUBE-AZRTOS-WL.2.0.0
2023-11-09 15:21:26,048 [WARN] PackLoader:240 - Cannot read IP mode file for WES.I-CUBE-Cesium.1.3.0
2023-11-09 15:21:26,053 [WARN] PackLoader:240 - Cannot read IP mode file for STMicroelectronics.X-CUBE-BLE2.3.3.0
2023-11-09 15:21:26,058 [WARN] PackLoader:240 - Cannot read IP mode file for STMicroelectronics.X-CUBE-DISPLAY.2.2.0
2023-11-09 15:21:26,069 [WARN] PackLoader:240 - Cannot read IP mode file for STMicroelectronics.X-CUBE-TOF1.3.2.0
2023-11-09 15:21:26,078 [WARN] PackLoader:240 - Cannot read IP mode file for STMicroelectronics.X-CUBE-ISPU.1.0.0
2023-11-09 15:21:26,102 [WARN] PackLoader:240 - Cannot read IP mode file for STMicroelectronics.X-CUBE-AZRTOS-H7.2.1.0
2023-11-09 15:21:26,117 [WARN] PackLoader:240 - Cannot read IP mode file for STMicroelectronics.X-CUBE-TOUCHGFX.4.21.1
2023-11-09 15:21:26,118 [WARN] PackLoader:240 - Cannot read IP mode file for STMicroelectronics.X-CUBE-TOUCHGFX.4.21.3
2023-11-09 15:21:26,123 [WARN] PackLoader:240 - Cannot read IP mode file for STMicroelectronics.X-CUBE-TOUCHGFX.4.21.4
2023-11-09 15:21:26,158 [WARN] PackLoader:240 - Cannot read IP mode file for STMicroelectronics.X-CUBE-MEMS1.9.4.0
2023-11-09 15:21:26,323 [WARN] PackLoader:240 - Cannot read IP mode file for STMicroelectronics.X-CUBE-AI.7.3.0
2023-11-09 15:21:26,372 [WARN] PackLoader:240 - Cannot read IP mode file for STMicroelectronics.X-CUBE-ALGOBUILD.1.3.0
2023-11-09 15:21:26,388 [WARN] PackLoader:240 - Cannot read IP mode file for STMicroelectronics.X-CUBE-AZRTOS-G0.1.1.0
2023-11-09 15:21:26,397 [WARN] PackLoader:240 - Cannot read IP mode file for STMicroelectronics.X-CUBE-NFC4.3.0.0
2023-11-09 15:21:26,438 [WARN] PackLoader:240 - Cannot read IP mode file for SEGGER.I-CUBE-embOS.1.2.0
2023-11-09 15:21:26,484 [WARN] PackLoader:240 - Cannot read IP mode file for STMicroelectronics.X-CUBE-BLEMGR.3.0.0
2023-11-09 15:21:26,488 [WARN] PackLoader:240 - Cannot read IP mode file for STMicroelectronics.X-CUBE-BLEMGR.1.3.0
2023-11-09 15:21:26,497 [WARN] PackLoader:240 - Cannot read IP mode file for STMicroelectronics.FP-ATR-SIGFOX1.3.2.0
2023-11-09 15:21:26,499 [WARN] PackLoader:240 - Cannot read IP mode file for emotas.I-CUBE-CANOPEN.1.1.2
2023-11-09 15:21:26,499 [WARN] PackLoader:240 - Cannot read IP mode file for STMicroelectronics.X-CUBE-TOUCHGFX.4.20.0
2023-11-09 15:21:26,532 [WARN] PackLoader:240 - Cannot read IP mode file for STMicroelectronics.X-CUBE-MEMS1.9.5.0
2023-11-09 15:21:26,689 [WARN] PackLoader:240 - Cannot read IP mode file for SEGGER.I-CUBE-embOS.1.3.1
2023-11-09 15:21:26,738 [WARN] PackLoader:240 - Cannot read IP mode file for STMicroelectronics.X-CUBE-GNSS1.6.0.0
2023-11-09 15:21:26,758 [WARN] PackLoader:240 - Cannot read IP mode file for STMicroelectronics.X-CUBE-AZRTOS-F4.1.1.0
2023-11-09 15:21:26,763 [WARN] PackLoader:240 - Cannot read IP mode file for wolfSSL.I-CUBE-wolfSSL.5.6.3
2023-11-09 15:21:26,769 [WARN] PackLoader:240 - Cannot read IP mode file for wolfSSL.I-CUBE-wolfSSL.5.6.0
2023-11-09 15:21:26,769 [WARN] PackLoader:240 - Cannot read IP mode file for STMicroelectronics.X-CUBE-BLEMGR.1.2.0
2023-11-09 15:21:26,788 [WARN] PackLoader:240 - Cannot read IP mode file for STMicroelectronics.X-CUBE-AZRTOS-L5.2.0.0
2023-11-09 15:21:26,838 [WARN] PackLoader:240 - Cannot read IP mode file for STMicroelectronics.X-CUBE-MEMS1.9.6.0
2023-11-09 15:21:27,008 [WARN] PackLoader:240 - Cannot read IP mode file for STMicroelectronics.X-CUBE-EEPRMA1.4.2.0
2023-11-09 15:21:27,018 [WARN] PackLoader:240 - Cannot read IP mode file for ITTIA_DB.I-CUBE-ITTIADB.8.8.0
2023-11-09 15:21:27,028 [WARN] PackLoader:240 - Cannot read IP mode file for emotas.I-CUBE-CANOPEN.1.1.3
2023-11-09 15:21:27,037 [WARN] PackLoader:240 - Cannot read IP mode file for STMicroelectronics.X-CUBE-BLEMGR.2.0.0
2023-11-09 15:21:27,042 [WARN] PackLoader:240 - Cannot read IP mode file for STMicroelectronics.X-CUBE-NFC4.2.0.5
2023-11-09 15:21:27,047 [WARN] PackLoader:240 - Cannot read IP mode file for STMicroelectronics.X-CUBE-NFC4.2.0.4
2023-11-09 15:21:27,069 [WARN] ConditionMgr:438 - getConditionDescription Invalid condition id : UX DEVICE CLASS RTOS Condition cause : null
2023-11-09 15:21:27,069 [WARN] ConditionMgr:438 - getConditionDescription Invalid condition id : UX DEVICE CLASS RTOS Condition cause : null
2023-11-09 15:21:27,069 [WARN] PackLoader:240 - Cannot read IP mode file for STMicroelectronics.X-CUBE-AZRTOS-H7.3.1.0
2023-11-09 15:21:27,069 [WARN] ConditionMgr:1039 - genDependencies : Invalid condition id : UX DEVICE CLASS RTOS Condition cause : null
2023-11-09 15:21:27,069 [WARN] ConditionMgr:1039 - genDependencies : Invalid condition id : UX DEVICE CLASS RTOS Condition cause : null
2023-11-09 15:21:27,069 [WARN] ConditionMgr:1039 - genDependencies : Invalid condition id : UX DEVICE CLASS RTOS Condition cause : null
2023-11-09 15:21:27,069 [WARN] ConditionMgr:1039 - genDependencies : Invalid condition id : UX DEVICE CLASS RTOS Condition cause : null
2023-11-09 15:21:27,069 [WARN] ConditionMgr:1039 - genDependencies : Invalid condition id : UX DEVICE CLASS RTOS Condition cause : null
2023-11-09 15:21:27,082 [WARN] PackLoader:240 - Cannot read IP mode file for STMicroelectronics.X-CUBE-NFC7.1.0.1
2023-11-09 15:21:27,087 [WARN] PackLoader:240 - Cannot read IP mode file for STMicroelectronics.X-CUBE-NFC7.1.0.0
2023-11-09 15:21:27,097 [WARN] PackLoader:240 - Cannot read IP mode file for STMicroelectronics.X-CUBE-NFC6.3.0.0
2023-11-09 15:21:27,101 [WARN] PackLoader:240 - Cannot read IP mode file for STMicroelectronics.X-CUBE-EEPRMA1.4.1.0
2023-11-09 15:21:27,108 [WARN] PackLoader:240 - Cannot read IP mode file for STMicroelectronics.X-CUBE-AI.8.1.0
2023-11-09 15:21:27,128 [WARN] ConditionMgr:438 - getConditionDescription Invalid condition id : LAN8742 Phy interface Condition cause : null
2023-11-09 15:21:27,128 [WARN] PackLoader:240 - Cannot read IP mode file for STMicroelectronics.X-CUBE-AZRTOS-L4.2.0.0
2023-11-09 15:21:27,128 [WARN] ConditionMgr:1039 - genDependencies : Invalid condition id : LAN8742 Phy interface Condition cause : null
2023-11-09 15:21:27,128 [WARN] ConditionMgr:1039 - genDependencies : Invalid condition id : LAN8742 Phy interface Condition cause : null
2023-11-09 15:21:27,128 [WARN] ConditionMgr:1039 - genDependencies : Invalid condition id : LAN8742 Phy interface Condition cause : null
2023-11-09 15:21:27,138 [WARN] PackLoader:240 - Cannot read IP mode file for STMicroelectronics.X-CUBE-SFXS2LP1.4.0.0
2023-11-09 15:21:27,164 [WARN] PackLoader:240 - Cannot read IP mode file for STMicroelectronics.X-CUBE-AZRTOS-H7.3.0.0
2023-11-09 15:21:27,167 [WARN] PackLoader:240 - Cannot read IP mode file for STMicroelectronics.X-CUBE-ISPU.1.1.0
2023-11-09 15:21:27,167 [WARN] PackLoader:240 - Cannot read IP mode file for RoweBots.I-CUBE-UNISONRTOS.5.5.0-4
2023-11-09 15:21:27,177 [WARN] PackLoader:240 - Cannot read IP mode file for wolfSSL.I-CUBE-wolfSSL.5.4.0
2023-11-09 15:21:27,180 [WARN] PackLoader:240 - Cannot read IP mode file for STMicroelectronics.X-CUBE-AI.8.0.0
2023-11-09 15:21:27,187 [WARN] ConditionMgr:438 - getConditionDescription Invalid condition id : UX DEVICE CLASS RTOS Condition cause : null
2023-11-09 15:21:27,187 [WARN] ConditionMgr:438 - getConditionDescription Invalid condition id : UX DEVICE CLASS RTOS Condition cause : null
2023-11-09 15:21:27,187 [WARN] PackLoader:240 - Cannot read IP mode file for STMicroelectronics.X-CUBE-AZRTOS-WB.2.0.0
2023-11-09 15:21:27,187 [WARN] ConditionMgr:1039 - genDependencies : Invalid condition id : UX DEVICE CLASS RTOS Condition cause : null
2023-11-09 15:21:27,187 [WARN] ConditionMgr:1039 - genDependencies : Invalid condition id : UX DEVICE CLASS RTOS Condition cause : null
2023-11-09 15:21:27,187 [WARN] ConditionMgr:1039 - genDependencies : Invalid condition id : UX DEVICE CLASS RTOS Condition cause : null
2023-11-09 15:21:27,187 [WARN] ConditionMgr:1039 - genDependencies : Invalid condition id : UX DEVICE CLASS RTOS Condition cause : null
2023-11-09 15:21:27,187 [WARN] ConditionMgr:1039 - genDependencies : Invalid condition id : UX DEVICE CLASS RTOS Condition cause : null
2023-11-09 15:21:27,192 [WARN] PackLoader:240 - Cannot read IP mode file for STMicroelectronics.X-CUBE-FREERTOS.1.0.0
2023-11-09 15:21:27,197 [WARN] PackLoader:240 - Cannot read IP mode file for STMicroelectronics.X-CUBE-FREERTOS.1.0.1
2023-11-09 15:21:27,197 [WARN] PackLoader:240 - Cannot read IP mode file for STMicroelectronics.X-CUBE-BLEMGR.1.0.0
2023-11-09 15:21:27,212 [WARN] PackLoader:240 - Cannot read IP mode file for STMicroelectronics.X-CUBE-AZRTOS-L5.1.1.0
2023-11-09 15:21:27,218 [WARN] PackLoader:240 - Cannot read IP mode file for STMicroelectronics.X-CUBE-AI.8.0.1
2023-11-09 15:21:27,218 [WARN] PackLoader:240 - Cannot read IP mode file for STMicroelectronics.X-CUBE-SUBG2.5.0.0
2023-11-09 15:21:27,228 [WARN] PackLoader:240 - Cannot read IP mode file for STMicroelectronics.X-CUBE-TOF1.3.3.1
2023-11-09 15:21:27,253 [WARN] PackLoader:240 - Cannot read IP mode file for STMicroelectronics.X-CUBE-AZRTOS-G4.2.0.0
2023-11-09 15:21:27,259 [WARN] PackLoader:240 - Cannot read IP mode file for STMicroelectronics.X-CUBE-TOF1.3.3.0
2023-11-09 15:21:27,268 [WARN] PackLoader:240 - Cannot read IP mode file for STMicroelectronics.FP-ATR-ASTRA1.1.1.1
2023-11-09 15:21:27,278 [WARN] PackLoader:240 - Cannot read IP mode file for Infineon.AIROC-Wi-Fi-Bluetooth-STM32.1.5.1
2023-11-09 15:21:27,278 [WARN] PackLoader:240 - Cannot read IP mode file for STMicroelectronics.FP-ATR-ASTRA1.1.1.0
2023-11-09 15:21:27,291 [WARN] PackLoader:240 - Cannot read IP mode file for STMicroelectronics.X-CUBE-AZRTOS-G4.1.0.0
2023-11-09 15:21:27,313 [WARN] PackLoader:240 - Cannot read IP mode file for STMicroelectronics.X-CUBE-AZRTOS-L4.1.0.0
2023-11-09 15:21:27,343 [WARN] PackLoader:240 - Cannot read IP mode file for STMicroelectronics.X-CUBE-MEMS1.10.0.0
2023-11-09 15:21:27,428 [WARN] PackLoader:240 - Cannot read IP mode file for STMicroelectronics.X-CUBE-FREERTOS.1.1.0
2023-11-09 15:21:27,438 [WARN] PackLoader:240 - Cannot read IP mode file for STMicroelectronics.X-CUBE-AZRTOS-WL.1.0.0
2023-11-09 15:21:27,450 [WARN] PackLoader:240 - Cannot read IP mode file for portGmbH.I-Cube-SoM-uGOAL.1.1.0
2023-11-09 15:21:27,454 [WARN] PackLoader:240 - Cannot read IP mode file for STMicroelectronics.X-CUBE-ALS.1.0.1
2023-11-09 15:21:27,466 [WARN] PackLoader:240 - Cannot read IP mode file for STMicroelectronics.X-CUBE-AZRTOS-WB.1.1.0
2023-11-09 15:21:27,468 [WARN] PackLoader:240 - Cannot read IP mode file for STMicroelectronics.X-CUBE-AZRTOS-L5.1.0.0
2023-11-09 15:21:27,478 [WARN] PackLoader:240 - Cannot read IP mode file for STMicroelectronics.X-CUBE-EEPRMA1.3.1.1
2023-11-09 15:21:27,482 [WARN] PackLoader:240 - Cannot read IP mode file for STMicroelectronics.FP-ATR-ASTRA1.2.0.0
2023-11-09 15:21:27,482 [INFO] ThirdParty:978 - Integrity check success = true
2023-11-09 15:21:27,482 [INFO] IntegrityCheckThread:100 - exiting critical section [integrity check]
2023-11-09 15:21:27,482 [INFO] IntegrityCheckThread:103 - End integrity checks thread
2023-11-09 15:21:27,482 [INFO] ThirdParty:873 - entering critical section [close project]
2023-11-09 15:21:27,482 [INFO] ThirdParty:883 - exiting critical section [close project]
2023-11-09 15:21:27,488 [INFO] PinOutPanel:1499 - setPackage(No Configuration,No Configuration)
2023-11-09 15:21:27,488 [INFO] UtilMem:75 - Begin LoadConfig() Used Memory: 557519904 Bytes (657457152)
2023-11-09 15:21:27,488 [INFO] MicroXplorer:468 - Change Database Path : 
2023-11-09 15:21:27,488 [INFO] MicroXplorer:498 - Change Database Version : DB.6.0.81
2023-11-09 15:21:27,488 [INFO] OpenFileManager:308 - Change cursor
2023-11-09 15:21:27,568 [INFO] Mcu:1937 - Initializing MCU STM32G030C(6-8)Tx STM32G030C8Tx STM32G031K8T6
2023-11-09 15:21:50,748 [INFO] Context:659 - Trying to add GPIOservice into a context  which must be forbidden
2023-11-09 15:21:51,343 [INFO] RtosManager:555 - Registered RTOS mode: class=CMSIS, group=RTOS, mode=CMSIS_V1, owner=FREERTOS
2023-11-09 15:21:51,343 [INFO] RtosManager:555 - Registered RTOS mode: class=CMSIS, group=RTOS2, mode=CMSIS_V2, owner=FREERTOS
2023-11-09 15:21:51,343 [INFO] RtosManager:555 - Registered RTOS mode: class=RTOS, group=Core, mode=CMSIS_V1, owner=FREERTOS
2023-11-09 15:21:51,343 [INFO] RtosManager:555 - Registered RTOS mode: class=RTOS, group=Core, mode=CMSIS_V2, owner=FREERTOS
2023-11-09 15:21:51,343 [WARN] ModelIntegratedComponent:184 - Missing modes for component STMicroelectronics:FreeRTOS:0.0.1:STMicroelectronics:RTOS:FreeRTOS:Core:::10.2.0:
2023-11-09 15:21:51,350 [WARN] ModelIntegratedComponent:63 - No mode defined for component null
2023-11-09 15:21:51,358 [WARN] ModelIntegratedComponent:63 - No mode defined for component null
2023-11-09 15:21:51,358 [WARN] ModelIntegratedComponent:63 - No mode defined for component null
2023-11-09 15:21:51,358 [WARN] ModelIntegratedComponent:63 - No mode defined for component null
2023-11-09 15:21:51,358 [WARN] ModelIntegratedComponent:63 - No mode defined for component null
2023-11-09 15:21:51,358 [WARN] ModelIntegratedComponent:63 - No mode defined for component null
2023-11-09 15:21:51,358 [WARN] ModelIntegratedComponent:63 - No mode defined for component null
2023-11-09 15:21:51,358 [WARN] ModelIntegratedComponent:63 - No mode defined for component null
2023-11-09 15:21:51,358 [WARN] ModelIntegratedComponent:63 - No mode defined for component null
2023-11-09 15:21:51,358 [WARN] ModelIntegratedComponent:63 - No mode defined for component null
2023-11-09 15:21:51,358 [WARN] ModelIntegratedComponent:63 - No mode defined for component null
2023-11-09 15:21:51,358 [WARN] ModelIntegratedComponent:63 - No mode defined for component null
2023-11-09 15:21:51,358 [WARN] ModelIntegratedComponent:63 - No mode defined for component null
2023-11-09 15:21:51,358 [WARN] ModelIntegratedComponent:63 - No mode defined for component null
2023-11-09 15:21:51,358 [WARN] ModelIntegratedComponent:63 - No mode defined for component null
2023-11-09 15:21:51,358 [WARN] ModelIntegratedComponent:63 - No mode defined for component null
2023-11-09 15:21:51,358 [WARN] ModelIntegratedComponent:63 - No mode defined for component null
2023-11-09 15:21:51,358 [WARN] ModelIntegratedComponent:63 - No mode defined for component null
2023-11-09 15:21:51,358 [WARN] ModelIntegratedComponent:63 - No mode defined for component null
2023-11-09 15:21:51,358 [WARN] ModelIntegratedComponent:63 - No mode defined for component null
2023-11-09 15:21:51,358 [WARN] ModelIntegratedComponent:63 - No mode defined for component null
2023-11-09 15:21:51,358 [WARN] ModelIntegratedComponent:63 - No mode defined for component null
2023-11-09 15:21:51,358 [WARN] ModelIntegratedComponent:63 - No mode defined for component null
2023-11-09 15:21:51,358 [WARN] ModelIntegratedComponent:63 - No mode defined for component null
2023-11-09 15:21:51,358 [WARN] ModelIntegratedComponent:63 - No mode defined for component null
2023-11-09 15:21:51,358 [WARN] ModelIntegratedComponent:63 - No mode defined for component null
2023-11-09 15:21:51,358 [WARN] ModelIntegratedComponent:63 - No mode defined for component null
2023-11-09 15:21:51,358 [WARN] ModelIntegratedComponent:63 - No mode defined for component null
2023-11-09 15:21:51,358 [WARN] ModelIntegratedComponent:63 - No mode defined for component null
2023-11-09 15:21:51,358 [WARN] ModelIntegratedComponent:63 - No mode defined for component null
2023-11-09 15:21:51,358 [WARN] ModelIntegratedComponent:63 - No mode defined for component null
2023-11-09 15:21:51,358 [WARN] ModelIntegratedComponent:63 - No mode defined for component null
2023-11-09 15:21:51,358 [WARN] ModelIntegratedComponent:63 - No mode defined for component null
2023-11-09 15:21:51,763 [INFO] ThirdPartyModel:298 - Start build external matchings
2023-11-09 15:21:53,028 [INFO] ThirdPartyModel:316 - End build external matchings
2023-11-09 15:21:53,149 [INFO] ImportTextPane:194 - (OptionalMessage_ERROR) IP (DMA) : Parameter (Instance) has Id (ADC1) currently not set
2023-11-09 15:21:53,149 [INFO] ImportTextPane:194 - (OptionalMessage_ERROR) IP (DMA) : Parameter (Request) has Id (ADC1) currently not set
2023-11-09 15:21:53,149 [INFO] ImportTextPane:194 - (OptionalMessage_ERROR) IP (DMA) : Parameter (Direction) has Id (ADC1) currently not set
2023-11-09 15:21:53,149 [INFO] ImportTextPane:194 - (OptionalMessage_ERROR) IP (DMA) : Parameter (PeriphInc) has Id (ADC1) currently not set
2023-11-09 15:21:53,149 [INFO] ImportTextPane:194 - (OptionalMessage_ERROR) IP (DMA) : Parameter (MemInc) has Id (ADC1) currently not set
2023-11-09 15:21:53,149 [INFO] ImportTextPane:194 - (OptionalMessage_ERROR) IP (DMA) : Parameter (PeriphDataAlignment) has Id (ADC1) currently not set
2023-11-09 15:21:53,149 [INFO] ImportTextPane:194 - (OptionalMessage_ERROR) IP (DMA) : Parameter (MemDataAlignment) has Id (ADC1) currently not set
2023-11-09 15:21:53,149 [INFO] ImportTextPane:194 - (OptionalMessage_ERROR) IP (DMA) : Parameter (Mode) has Id (ADC1) currently not set
2023-11-09 15:21:53,149 [INFO] ImportTextPane:194 - (OptionalMessage_ERROR) IP (DMA) : Parameter (Priority) has Id (ADC1) currently not set
2023-11-09 15:21:53,149 [INFO] ImportTextPane:194 - (OptionalMessage_ERROR) IP (DMA) : Parameter (SignalID) has Id (ADC1) currently not set
2023-11-09 15:21:53,149 [INFO] ImportTextPane:194 - (OptionalMessage_ERROR) IP (DMA) : Parameter (Polarity) has Id (ADC1) currently not set
2023-11-09 15:21:53,149 [INFO] ImportTextPane:194 - (OptionalMessage_ERROR) IP (DMA) : Parameter (RequestNumber) has Id (ADC1) currently not set
2023-11-09 15:21:53,149 [INFO] ImportTextPane:194 - (OptionalMessage_ERROR) IP (DMA) : Parameter (SyncSignalID) has Id (ADC1) currently not set
2023-11-09 15:21:53,149 [INFO] ImportTextPane:194 - (OptionalMessage_ERROR) IP (DMA) : Parameter (SyncPolarity) has Id (ADC1) currently not set
2023-11-09 15:21:53,149 [INFO] ImportTextPane:194 - (OptionalMessage_ERROR) IP (DMA) : Parameter (SyncEnable) has Id (ADC1) currently not set
2023-11-09 15:21:53,149 [INFO] ImportTextPane:194 - (OptionalMessage_ERROR) IP (DMA) : Parameter (EventEnable) has Id (ADC1) currently not set
2023-11-09 15:21:53,149 [INFO] ImportTextPane:194 - (OptionalMessage_ERROR) IP (DMA) : Parameter (SyncRequestNumber) has Id (ADC1) currently not set
2023-11-09 15:21:53,181 [WARN] IP:2113 - FIFOMode not found: check if there is a RefParameter without a condition.
2023-11-09 15:21:53,181 [WARN] IP:2113 - TXFIFOThreshold not found: check if there is a RefParameter without a condition.
2023-11-09 15:21:53,181 [WARN] IP:2113 - RXFIFOThreshold not found: check if there is a RefParameter without a condition.
2023-11-09 15:21:53,181 [WARN] IP:2113 - AutoBaudRateEnableParam not found: check if there is a RefParameter without a condition.
2023-11-09 15:21:55,287 [INFO] UtilMem:75 - End LoadConfig() Used Memory: 611423232 Bytes (741343232)
2023-11-09 15:21:55,428 [INFO] ApiDb:581 - Connected to CubeFinder SQLite database (C:\Users\KDS-LTP-0415\.stmcufinder\plugins\mcufinder\mcu\cube-finder-db.db)
2023-11-09 15:21:55,498 [INFO] ApiDb:668 - CubeFinder database Data Model version=2.1
2023-11-09 15:21:55,498 [INFO] ApiDb:669 - CubeFinder database Configuration version=3.0.37
2023-11-09 15:21:55,498 [INFO] ApiDb:670 - CubeFinder database generation date=2023-08-09 (1691586011)
2023-11-09 15:21:55,498 [INFO] ApiDb:671 - CubeFinder database FW Pack versions=[FP-ATR-ASTRA1_V2.0.0, FP-SNS-FLIGHT1_V5.0.1, FP-SNS-FLIGHT1_V5.0.2, FP-SNS-MOTENV1_V4.3.1, FP-SNS-MOTENV1_V4.3.2, STM32Cube_FW_C0_V1.1.0, STM32Cube_FW_F4_V1.27.1, STM32Cube_FW_F7_V1.17.0, STM32Cube_FW_G0_V1.6.1, STM32Cube_FW_G4_V1.5.1, STM32Cube_FW_H5_V0.5.1, STM32Cube_FW_H5_V1.1.0, STM32Cube_FW_H7_V1.11.0, STM32Cube_FW_L0_V1.12.2, STM32Cube_FW_L5_V1.5.0, STM32Cube_FW_U5_V1.3.0, STM32Cube_FW_U5_V1.3.0RC4, STM32Cube_FW_WBA_V1.0.0RC1, STM32Cube_FW_WBA_V1.1.0, STM32Cube_FW_WBA_V1.1.0RC1, STM32Cube_FW_WB_V1.15.0RC1, STM32Cube_FW_WB_V1.16.0, STM32Cube_FW_WB_V1.16.0RC2, STM32Cube_FW_WB_V1.17.0, STM32Cube_FW_WL_V1.3.0, X-CUBE-ALGOBUILD_V1.3.0, X-CUBE-ALS_V1.0.1, X-CUBE-AZRTOS-F4_V1.1.0, X-CUBE-AZRTOS-F7_V1.1.0, X-CUBE-AZRTOS-G0_V1.1.0, X-CUBE-AZRTOS-G4_V2.0.0, X-CUBE-AZRTOS-H7_V3.1.0, X-CUBE-AZRTOS-L4_V1.0.0, X-CUBE-AZRTOS-L4_V2.0.0, X-CUBE-AZRTOS-L5_V1.1.0, X-CUBE-AZRTOS-WB_V1.1.0, X-CUBE-AZRTOS-WL_V2.0.0, X-CUBE-BLE1_V7.0.0, X-CUBE-BLE2_V3.3.0, X-CUBE-BLEMGR_V2.0.0, X-CUBE-EEPRMA1_V4.1.0, X-CUBE-FREERTOS_V1.1.0, X-CUBE-GNSS1_V6.0.0, X-CUBE-MEMS1_V9.1.0, X-CUBE-MEMS1_V9.4.0, X-CUBE-MEMS1_V9.6.0, X-CUBE-NFC4_V3.0.0, X-CUBE-NFC7_V1.0.0, X-CUBE-SFXS2LP1_V4.0.0, X-CUBE-SUBG2_V5.0.0, X-CUBE-TOF1_V3.3.1]
2023-11-09 15:21:57,680 [INFO] ApiDb:240 - Found 297 in-development CPN: [B-G473E-ZEST1S, B-WB1M-WPAN1, B-WL5M-SUBG1, NUCLEO-C031C6, NUCLEO-H503RB, NUCLEO-H563ZI, NUCLEO-U545RE-Q, NUCLEO-U5A5ZJ-Q, NUCLEO-WBA52CG, STEVAL-PROTEUS1, STEVAL-STWINBX1, STM320518-EVAL, STM32C0116-DK, STM32C011D6Y3TR, STM32C011D6Y6TR, STM32C011F4P3, STM32C011F4P6, STM32C011F4U3, STM32C011F4U6TR, STM32C011F6P3, STM32C011F6P6, STM32C011F6U3, STM32C011F6U6TR, STM32C011J4M3, STM32C011J4M6, STM32C011J6M3, STM32C011J6M6, STM32C0316-DK, STM32C031C4T3, STM32C031C4T6, STM32C031C4U3, STM32C031C4U6, STM32C031C6T3, STM32C031C6T6, STM32C031C6U3, STM32C031C6U6, STM32C031F4P3, STM32C031F4P6, STM32C031F6P3, STM32C031F6P6, STM32C031G4U3, STM32C031G4U6, STM32C031G6U3, STM32C031G6U6, STM32C031K4T3, STM32C031K4T6, STM32C031K4U3, STM32C031K4U6, STM32C031K6T3, STM32C031K6T6, STM32C031K6U3, STM32C031K6U6, STM32G071K8TXN, STM32G071K8UXN, STM32G081GBU6N, STM32G081KBT6N, STM32G081KBUXN, STM32G0B1CCT6N, STM32G0B1KCT6, STM32G0B1NEY6TR, STM32G0B1RCT6N, STM32G0C1CCT6, STM32G0C1CCT6N, STM32G0C1CCU6N, STM32G0C1CET6N, STM32G0C1CEU6N, STM32G0C1KCT6, STM32G0C1NEY6TR, STM32G0C1RCI6N, STM32G0C1RCT6N, STM32G0C1REI6N, STM32G0C1RET6N, STM32G0C1VCI6, STM32G0C1VEI6, STM32G471CCT6, STM32G471CCU6, STM32G471CET3, STM32G471CET6, STM32G471CEU3, STM32G471CEU6, STM32G471MCT6, STM32G471MET3, STM32G471MET6, STM32G471MEY6TR, STM32G471QCT6, STM32G471QET3, STM32G471RCT6, STM32G471RET3, STM32G471RET6, STM32G471VCH6, STM32G471VCI6, STM32G471VCT6, STM32G471VEH3, STM32G471VEH6, STM32G471VEI3, STM32G471VEI6, STM32G471VET3, STM32G471VET6, STM32G474CCT6, STM32H503CBT6, STM32H503CBU6, STM32H503EBY6TR, STM32H503KBU6, STM32H503RBT6, STM32H562AGI6, STM32H562AII6, STM32H562IGK6, STM32H562IGT6, STM32H562IIK6, STM32H562IIT6, STM32H562RGT6, STM32H562RGV6, STM32H562RIT6, STM32H562RIV6, STM32H562VGT6, STM32H562VIT6, STM32H562ZGT6, STM32H562ZIT6, STM32H563AGI6, STM32H563AII3Q, STM32H563AII6, STM32H563IGK6, STM32H563IGT6, STM32H563IIK3Q, STM32H563IIK6, STM32H563IIT3Q, STM32H563IIT6, STM32H563MIY3QTR, STM32H563RGT6, STM32H563RGV6, STM32H563RIT6, STM32H563RIV6, STM32H563VGT6, STM32H563VIT3Q, STM32H563VIT6, STM32H563ZGT6, STM32H563ZIT3Q, STM32H563ZIT6, STM32H573AII3Q, STM32H573AII6, STM32H573I-DK, STM32H573IIK3Q, STM32H573IIK6, STM32H573IIT3Q, STM32H573IIT6, STM32H573MIY3QTR, STM32H573RIT6, STM32H573RIV6, STM32H573VIT3Q, STM32H573VIT6, STM32H573ZIT3Q, STM32H573ZIT6, STM32L4R5QGI6STR, STM32MP131AAE3, STM32MP131AAF3, STM32MP131AAG3, STM32MP131CAE3, STM32MP131CAF3, STM32MP131CAG3, STM32MP131DAE7, STM32MP131DAF7, STM32MP131DAG7, STM32MP131FAE7, STM32MP131FAF7, STM32MP131FAG7, STM32MP133AAE3, STM32MP133AAF3, STM32MP133AAG3, STM32MP133CAE3, STM32MP133CAF3, STM32MP133CAG3, STM32MP133DAE7, STM32MP133DAF7, STM32MP133DAG7, STM32MP133FAE7, STM32MP133FAF7, STM32MP133FAG7, STM32MP135AAE3, STM32MP135AAF3, STM32MP135AAG3, STM32MP135CAE3, STM32MP135CAF3, STM32MP135CAG3, STM32MP135DAE7, STM32MP135DAF7, STM32MP135DAG7, STM32MP135F-DK, STM32MP135FAE7, STM32MP135FAF7, STM32MP135FAF7T, STM32MP135FAF7U, STM32MP135FAG7, STM32U535CBT6, STM32U535CBT6Q, STM32U535CBU6, STM32U535CBU6Q, STM32U535CCT6, STM32U535CCT6Q, STM32U535CCU6, STM32U535CCU6Q, STM32U535CET6, STM32U535CET6Q, STM32U535CEU6, STM32U535CEU6Q, STM32U535JEY6QTR, STM32U535NCY6QTR, STM32U535NEY6QTR, STM32U535RBI6, STM32U535RBI6Q, STM32U535RBT6, STM32U535RBT6Q, STM32U535RCI6, STM32U535RCI6Q, STM32U535RCT6, STM32U535RCT6Q, STM32U535REI6, STM32U535REI6Q, STM32U535RET6, STM32U535RET6Q, STM32U535VCI6, STM32U535VCI6Q, STM32U535VCT6, STM32U535VCT6Q, STM32U535VEI6, STM32U535VEI6Q, STM32U535VET6, STM32U535VET6Q, STM32U545CET6, STM32U545CET6Q, STM32U545CEU6, STM32U545CEU6Q, STM32U545JEY6QTR, STM32U545NEY6QTR, STM32U545REI6, STM32U545REI6Q, STM32U545RET6, STM32U545RET6Q, STM32U545VEI6, STM32U545VEI6Q, STM32U545VET6, STM32U545VET6Q, STM32U595AIH6, STM32U595AIH6Q, STM32U595AJH6, STM32U595AJH6Q, STM32U595QII6, STM32U595QII6Q, STM32U595QJI6, STM32U595QJI6Q, STM32U595RIT6, STM32U595RIT6Q, STM32U595RJT6, STM32U595RJT6Q, STM32U595VIT6, STM32U595VIT6Q, STM32U595VJT6, STM32U595VJT6Q, STM32U595ZIT6, STM32U595ZIT6Q, STM32U595ZIY6QTR, STM32U595ZJT6, STM32U595ZJT6Q, STM32U595ZJY6QTR, STM32U599BJY6QTR, STM32U599NIH6Q, STM32U599NJH6Q, STM32U599VIT6Q, STM32U599VJT6, STM32U599VJT6Q, STM32U599ZIT6Q, STM32U599ZIY6QTR, STM32U599ZJT6Q, STM32U599ZJY6QTR, STM32U5A5AJH6, STM32U5A5AJH6Q, STM32U5A5QJI6, STM32U5A5QJI6Q, STM32U5A5RJT6, STM32U5A5RJT6Q, STM32U5A5VJT6, STM32U5A5VJT6Q, STM32U5A5ZJT6, STM32U5A5ZJT6Q, STM32U5A5ZJY6QTR, STM32U5A9BJY6QTR, STM32U5A9J-DK, STM32U5A9NJH6Q, STM32U5A9VJT6Q, STM32U5A9ZJT6Q, STM32U5A9ZJY6QTR, STM32WB1MMCH6, STM32WBA52CEU6, STM32WBA52CEU6T, STM32WBA52CGU6, STM32WBA52CGU6T, STM32WL5MOCH6, STM32WL5MOCH6TR]
2023-11-09 15:21:57,688 [INFO] DbMcus:216 - Found 3825 MCUs, 3825 are supported
2023-11-09 15:21:57,688 [INFO] ApiDb:423 - Load user favorites file C:\Users\KDS-LTP-0415/.stm32cubeide/favorites.mcus.txt: 0 item(s)
2023-11-09 15:21:57,688 [INFO] ApiDb:427 - User favorites MCUs=[]
2023-11-09 15:21:57,688 [INFO] DbMcus:222 - Set 0 / 0 favorites MCUs
2023-11-09 15:21:57,968 [WARN] ThirdParty:833 - waiting for thirdparty lock release [change project]
2023-11-09 15:21:57,968 [INFO] ThirdParty:835 - entering critical section [change project]
2023-11-09 15:21:57,968 [INFO] ThirdParty:1030 - CMSIS Pack Vendor :STMicroelectronics X-CUBE-GNSS1 6.0.0
2023-11-09 15:21:57,968 [INFO] ThirdParty:1030 - CMSIS Pack Vendor :STMicroelectronics USB_HOST 2.0.0
2023-11-09 15:21:57,968 [INFO] ThirdParty:1030 - CMSIS Pack Vendor :STMicroelectronics X-CUBE-AZRTOS-F4 1.1.0
2023-11-09 15:21:57,968 [INFO] ThirdParty:1030 - CMSIS Pack Vendor :STMicroelectronics LIBJPEG 8.0.0
2023-11-09 15:21:57,968 [INFO] ThirdParty:1030 - CMSIS Pack Vendor :wolfSSL I-CUBE-wolfSSL 5.6.3
2023-11-09 15:21:57,968 [INFO] ThirdParty:1030 - CMSIS Pack Vendor :STMicroelectronics X-CUBE-SMBUS 2.1.0
2023-11-09 15:21:57,968 [INFO] ThirdParty:1030 - CMSIS Pack Vendor :wolfSSL I-CUBE-wolfSSL 5.6.0
2023-11-09 15:21:57,968 [INFO] ThirdParty:1030 - CMSIS Pack Vendor :STMicroelectronics X-CUBE-BLEMGR 1.2.0
2023-11-09 15:21:57,968 [INFO] ThirdParty:1030 - CMSIS Pack Vendor :STMicroelectronics X-CUBE-AZRTOS-F7 1.1.0
2023-11-09 15:21:57,968 [INFO] ThirdParty:1030 - CMSIS Pack Vendor :STMicroelectronics X-CUBE-AZRTOS-L5 2.0.0
2023-11-09 15:21:57,968 [INFO] ThirdParty:1030 - CMSIS Pack Vendor :STMicroelectronics USB_DEVICE 2.0.0
2023-11-09 15:21:57,968 [INFO] ThirdParty:1030 - CMSIS Pack Vendor :STMicroelectronics X-CUBE-MEMS1 9.6.0
2023-11-09 15:21:57,968 [INFO] ThirdParty:1030 - CMSIS Pack Vendor :STMicroelectronics X-CUBE-EEPRMA1 4.2.0
2023-11-09 15:21:57,968 [INFO] ThirdParty:1030 - CMSIS Pack Vendor :ITTIA_DB I-CUBE-ITTIADB 8.8.0
2023-11-09 15:21:57,968 [INFO] ThirdParty:1030 - CMSIS Pack Vendor :STMicroelectronics FP-SNS-MOTENV1 4.3.0
2023-11-09 15:21:57,968 [INFO] ThirdParty:1030 - CMSIS Pack Vendor :STMicroelectronics FP-SNS-MOTENV1 4.3.2
2023-11-09 15:21:57,968 [INFO] ThirdParty:1030 - CMSIS Pack Vendor :STMicroelectronics FP-SNS-FLIGHT1 5.0.0
2023-11-09 15:21:57,968 [INFO] ThirdParty:1030 - CMSIS Pack Vendor :STMicroelectronics FP-SNS-MOTENV1 4.3.1
2023-11-09 15:21:57,968 [INFO] ThirdParty:1030 - CMSIS Pack Vendor :STMicroelectronics FP-SNS-FLIGHT1 5.0.1
2023-11-09 15:21:57,968 [INFO] ThirdParty:1030 - CMSIS Pack Vendor :STMicroelectronics X-CUBE-BLE1 6.2.3
2023-11-09 15:21:57,968 [INFO] ThirdParty:1030 - CMSIS Pack Vendor :STMicroelectronics X-CUBE-BLE1 6.2.4
2023-11-09 15:21:57,968 [INFO] ThirdParty:1030 - CMSIS Pack Vendor :STMicroelectronics FreeRTOS 0.0.1
2023-11-09 15:21:57,968 [INFO] ThirdParty:1030 - CMSIS Pack Vendor :emotas I-CUBE-CANOPEN 1.1.3
2023-11-09 15:21:57,968 [INFO] ThirdParty:1030 - CMSIS Pack Vendor :STMicroelectronics X-CUBE-BLEMGR 2.0.0
2023-11-09 15:21:57,968 [INFO] ThirdParty:1030 - CMSIS Pack Vendor :STMicroelectronics FP-SNS-FLIGHT1 5.0.2
2023-11-09 15:21:57,968 [INFO] ThirdParty:1030 - CMSIS Pack Vendor :STMicroelectronics X-CUBE-NFC4 2.0.5
2023-11-09 15:21:57,968 [INFO] ThirdParty:1030 - CMSIS Pack Vendor :STMicroelectronics X-CUBE-NFC4 2.0.4
2023-11-09 15:21:57,968 [INFO] ThirdParty:1030 - CMSIS Pack Vendor :STMicroelectronics X-CUBE-AZRTOS-H7 3.1.0
2023-11-09 15:21:57,968 [INFO] ThirdParty:1030 - CMSIS Pack Vendor :STMicroelectronics PDM2PCM 3.3.0
2023-11-09 15:21:57,968 [INFO] ThirdParty:1030 - CMSIS Pack Vendor :STMicroelectronics X-CUBE-TOF1 3.1.0
2023-11-09 15:21:57,968 [INFO] ThirdParty:1030 - CMSIS Pack Vendor :STMicroelectronics X-CUBE-DISPLAY 3.0.0
2023-11-09 15:21:57,968 [INFO] ThirdParty:1030 - CMSIS Pack Vendor :STMicroelectronics X-CUBE-BLE1 7.0.0
2023-11-09 15:21:57,968 [INFO] ThirdParty:1030 - CMSIS Pack Vendor :STMicroelectronics HAL Drivers 0.0.0
2023-11-09 15:21:57,968 [INFO] ThirdParty:1030 - CMSIS Pack Vendor :emotas I-CUBE-CANOPEN 1.3.0
2023-11-09 15:21:57,968 [INFO] ThirdParty:1030 - CMSIS Pack Vendor :STMicroelectronics X-CUBE-TOUCHGFX 4.22.0
2023-11-09 15:21:57,968 [INFO] ThirdParty:1030 - CMSIS Pack Vendor :STMicroelectronics X-CUBE-NFC7 1.0.1
2023-11-09 15:21:57,968 [INFO] ThirdParty:1030 - CMSIS Pack Vendor :STMicroelectronics MBEDTLS 2.14.1
2023-11-09 15:21:57,968 [INFO] ThirdParty:1030 - CMSIS Pack Vendor :STMicroelectronics X-CUBE-NFC7 1.0.0
2023-11-09 15:21:57,968 [INFO] ThirdParty:1030 - CMSIS Pack Vendor :STMicroelectronics X-CUBE-TOUCHGFX 4.22.1
2023-11-09 15:21:57,968 [INFO] ThirdParty:1030 - CMSIS Pack Vendor :STMicroelectronics X-CUBE-NFC6 3.0.0
2023-11-09 15:21:57,968 [INFO] ThirdParty:1030 - CMSIS Pack Vendor :STMicroelectronics X-CUBE-MEMS1 9.3.0
2023-11-09 15:21:57,968 [INFO] ThirdParty:1030 - CMSIS Pack Vendor :STMicroelectronics X-CUBE-EEPRMA1 4.1.0
2023-11-09 15:21:57,968 [INFO] ThirdParty:1030 - CMSIS Pack Vendor :STMicroelectronics X-CUBE-AI 7.2.0
2023-11-09 15:21:57,968 [INFO] ThirdParty:1030 - CMSIS Pack Vendor :STMicroelectronics FP-SNS-SMARTAG2 1.2.0
2023-11-09 15:21:57,968 [INFO] ThirdParty:1030 - CMSIS Pack Vendor :STMicroelectronics X-CUBE-AZRTOS-WL 2.0.0
2023-11-09 15:21:57,968 [INFO] ThirdParty:1030 - CMSIS Pack Vendor :STMicroelectronics USB_DEVICE 1.0.0
2023-11-09 15:21:57,968 [INFO] ThirdParty:1030 - CMSIS Pack Vendor :STMicroelectronics X-CUBE-AI 8.1.0
2023-11-09 15:21:57,968 [INFO] ThirdParty:1030 - CMSIS Pack Vendor :STMicroelectronics X-CUBE-AZRTOS-L4 2.0.0
2023-11-09 15:21:57,968 [INFO] ThirdParty:1030 - CMSIS Pack Vendor :STMicroelectronics ThreadX 0.0.2
2023-11-09 15:21:57,968 [INFO] ThirdParty:1030 - CMSIS Pack Vendor :WES I-CUBE-Cesium 1.3.0
2023-11-09 15:21:57,968 [INFO] ThirdParty:1030 - CMSIS Pack Vendor :STMicroelectronics lwIP 2.1.2
2023-11-09 15:21:57,968 [INFO] ThirdParty:1030 - CMSIS Pack Vendor :STMicroelectronics X-CUBE-SFXS2LP1 4.0.0
2023-11-09 15:21:57,968 [INFO] ThirdParty:1030 - CMSIS Pack Vendor :STMicroelectronics X-CUBE-BLE2 3.3.0
2023-11-09 15:21:57,968 [INFO] ThirdParty:1030 - CMSIS Pack Vendor :STMicroelectronics X-CUBE-DISPLAY 2.2.0
2023-11-09 15:21:57,968 [INFO] ThirdParty:1030 - CMSIS Pack Vendor :STMicroelectronics X-CUBE-TOF1 3.2.0
2023-11-09 15:21:57,968 [INFO] ThirdParty:1030 - CMSIS Pack Vendor :STMicroelectronics PDM2PCM 3.2.0
2023-11-09 15:21:57,968 [INFO] ThirdParty:1030 - CMSIS Pack Vendor :STMicroelectronics X-CUBE-AZRTOS-H7 3.0.0
2023-11-09 15:21:57,968 [INFO] ThirdParty:1030 - CMSIS Pack Vendor :STMicroelectronics X-CUBE-ISPU 1.0.0
2023-11-09 15:21:57,968 [INFO] ThirdParty:1030 - CMSIS Pack Vendor :STMicroelectronics X-CUBE-ISPU 1.1.0
2023-11-09 15:21:57,968 [INFO] ThirdParty:1030 - CMSIS Pack Vendor :RoweBots I-CUBE-UNISONRTOS 5.5.0-4
2023-11-09 15:21:57,976 [INFO] ThirdParty:1030 - CMSIS Pack Vendor :STMicroelectronics X-CUBE-AZRTOS-H7 2.1.0
2023-11-09 15:21:57,976 [INFO] ThirdParty:1030 - CMSIS Pack Vendor :wolfSSL I-CUBE-wolfSSL 5.4.0
2023-11-09 15:21:57,976 [INFO] ThirdParty:1030 - CMSIS Pack Vendor :STMicroelectronics USB_DEVICE 3.0.0
2023-11-09 15:21:57,976 [INFO] ThirdParty:1030 - CMSIS Pack Vendor :STMicroelectronics X-CUBE-AI 8.0.0
2023-11-09 15:21:57,976 [INFO] ThirdParty:1030 - CMSIS Pack Vendor :STMicroelectronics X-CUBE-AZRTOS-WB 2.0.0
2023-11-09 15:21:57,976 [INFO] ThirdParty:1030 - CMSIS Pack Vendor :STMicroelectronics X-CUBE-FREERTOS 1.0.0
2023-11-09 15:21:57,976 [INFO] ThirdParty:1030 - CMSIS Pack Vendor :STMicroelectronics X-CUBE-FREERTOS 1.0.1
2023-11-09 15:21:57,976 [INFO] ThirdParty:1030 - CMSIS Pack Vendor :STMicroelectronics X-CUBE-TOUCHGFX 4.21.1
2023-11-09 15:21:57,976 [INFO] ThirdParty:1030 - CMSIS Pack Vendor :STMicroelectronics X-CUBE-TOUCHGFX 4.21.3
2023-11-09 15:21:57,976 [INFO] ThirdParty:1030 - CMSIS Pack Vendor :STMicroelectronics X-CUBE-BLEMGR 1.0.0
2023-11-09 15:21:57,976 [INFO] ThirdParty:1030 - CMSIS Pack Vendor :STMicroelectronics X-CUBE-TOUCHGFX 4.21.4
2023-11-09 15:21:57,976 [INFO] ThirdParty:1030 - CMSIS Pack Vendor :STMicroelectronics X-CUBE-MEMS1 9.4.0
2023-11-09 15:21:57,976 [INFO] ThirdParty:1030 - CMSIS Pack Vendor :STMicroelectronics X-CUBE-AI 7.3.0
2023-11-09 15:21:57,976 [INFO] ThirdParty:1030 - CMSIS Pack Vendor :EdgeImpulse osugiw-project-1 1.0.1
2023-11-09 15:21:57,976 [INFO] ThirdParty:1030 - CMSIS Pack Vendor :STMicroelectronics X-CUBE-ALGOBUILD 1.3.0
2023-11-09 15:21:57,976 [INFO] ThirdParty:1030 - CMSIS Pack Vendor :STMicroelectronics X-CUBE-AZRTOS-L5 1.1.0
2023-11-09 15:21:57,976 [INFO] ThirdParty:1030 - CMSIS Pack Vendor :STMicroelectronics X-CUBE-AZRTOS-G0 1.1.0
2023-11-09 15:21:57,977 [INFO] ThirdParty:1030 - CMSIS Pack Vendor :STMicroelectronics X-CUBE-AI 8.0.1
2023-11-09 15:21:57,977 [INFO] ThirdParty:1030 - CMSIS Pack Vendor :STMicroelectronics X-CUBE-NFC4 3.0.0
2023-11-09 15:21:57,977 [INFO] ThirdParty:1030 - CMSIS Pack Vendor :SEGGER I-CUBE-embOS 1.2.0
2023-11-09 15:21:57,977 [INFO] ThirdParty:1030 - CMSIS Pack Vendor :STMicroelectronics X-CUBE-SUBG2 5.0.0
2023-11-09 15:21:57,977 [INFO] ThirdParty:1030 - CMSIS Pack Vendor :STMicroelectronics STM32_WPAN 1.0.0
2023-11-09 15:21:57,977 [INFO] ThirdParty:1030 - CMSIS Pack Vendor :STMicroelectronics lwIP 2.0.3
2023-11-09 15:21:57,977 [INFO] ThirdParty:1030 - CMSIS Pack Vendor :STMicroelectronics USB_HOST 1.0.0
2023-11-09 15:21:57,977 [INFO] ThirdParty:1030 - CMSIS Pack Vendor :STMicroelectronics X-CUBE-TOF1 3.3.1
2023-11-09 15:21:57,977 [INFO] ThirdParty:1030 - CMSIS Pack Vendor :STMicroelectronics X-CUBE-AZRTOS-G4 2.0.0
2023-11-09 15:21:57,977 [INFO] ThirdParty:1030 - CMSIS Pack Vendor :STMicroelectronics PDM2PCM 3.1.0
2023-11-09 15:21:57,977 [INFO] ThirdParty:1030 - CMSIS Pack Vendor :STMicroelectronics X-CUBE-TOF1 3.3.0
2023-11-09 15:21:57,977 [INFO] ThirdParty:1030 - CMSIS Pack Vendor :STMicroelectronics FP-ATR-ASTRA1 1.1.1
2023-11-09 15:21:57,977 [INFO] ThirdParty:1030 - CMSIS Pack Vendor :Infineon AIROC-Wi-Fi-Bluetooth-STM32 1.5.1
2023-11-09 15:21:57,977 [INFO] ThirdParty:1030 - CMSIS Pack Vendor :STMicroelectronics X-CUBE-BLEMGR 3.0.0
2023-11-09 15:21:57,977 [INFO] ThirdParty:1030 - CMSIS Pack Vendor :STMicroelectronics FP-ATR-ASTRA1 1.1.0
2023-11-09 15:21:57,977 [INFO] ThirdParty:1030 - CMSIS Pack Vendor :STMicroelectronics X-CUBE-BLEMGR 1.3.0
2023-11-09 15:21:57,977 [INFO] ThirdParty:1030 - CMSIS Pack Vendor :STMicroelectronics FP-ATR-SIGFOX1 3.2.0
2023-11-09 15:21:57,977 [INFO] ThirdParty:1030 - CMSIS Pack Vendor :STMicroelectronics X-CUBE-AZRTOS-G4 1.0.0
2023-11-09 15:21:57,977 [INFO] ThirdParty:1030 - CMSIS Pack Vendor :STMicroelectronics X-CUBE-AZRTOS-L4 1.0.0
2023-11-09 15:21:57,977 [INFO] ThirdParty:1030 - CMSIS Pack Vendor :STMicroelectronics MBEDTLS 2.16.2
2023-11-09 15:21:57,977 [INFO] ThirdParty:1030 - CMSIS Pack Vendor :emotas I-CUBE-CANOPEN 1.1.2
2023-11-09 15:21:57,977 [INFO] ThirdParty:1030 - CMSIS Pack Vendor :STMicroelectronics X-CUBE-TOUCHGFX 4.20.0
2023-11-09 15:21:57,977 [INFO] ThirdParty:1030 - CMSIS Pack Vendor :STMicroelectronics X-CUBE-MEMS1 10.0.0
2023-11-09 15:21:57,977 [INFO] ThirdParty:1030 - CMSIS Pack Vendor :STMicroelectronics X-CUBE-FREERTOS 1.1.0
2023-11-09 15:21:57,977 [INFO] ThirdParty:1030 - CMSIS Pack Vendor :STMicroelectronics X-CUBE-AZRTOS-WL 1.0.0
2023-11-09 15:21:57,977 [INFO] ThirdParty:1030 - CMSIS Pack Vendor :portGmbH I-Cube-SoM-uGOAL 1.1.0
2023-11-09 15:21:57,977 [INFO] ThirdParty:1030 - CMSIS Pack Vendor :STMicroelectronics X-CUBE-ALS 1.0.1
2023-11-09 15:21:57,977 [INFO] ThirdParty:1030 - CMSIS Pack Vendor :STMicroelectronics X-CUBE-MEMS1 9.5.0
2023-11-09 15:21:57,977 [INFO] ThirdParty:1030 - CMSIS Pack Vendor :STMicroelectronics ThreadX 1.0.0
2023-11-09 15:21:57,977 [INFO] ThirdParty:1030 - CMSIS Pack Vendor :STMicroelectronics X-CUBE-AZRTOS-WB 1.1.0
2023-11-09 15:21:57,977 [INFO] ThirdParty:1030 - CMSIS Pack Vendor :SEGGER I-CUBE-embOS 1.3.1
2023-11-09 15:21:57,977 [INFO] ThirdParty:1030 - CMSIS Pack Vendor :STMicroelectronics X-CUBE-AZRTOS-L5 1.0.0
2023-11-09 15:21:57,977 [INFO] ThirdParty:1030 - CMSIS Pack Vendor :STMicroelectronics X-CUBE-EEPRMA1 3.1.1
2023-11-09 15:21:57,977 [INFO] ThirdParty:1030 - CMSIS Pack Vendor :STMicroelectronics FP-ATR-ASTRA1 2.0.0
2023-11-09 15:21:57,977 [INFO] ThirdParty:841 - exiting critical section [change project]
2023-11-09 15:21:58,268 [INFO] PinOutPanel:1499 - setPackage(No Configuration,No Configuration)
2023-11-09 15:21:58,268 [INFO] PinOutPanel:1499 - setPackage(STM32G030C8Tx,LQFP48)
2023-11-09 15:21:58,745 [INFO] UtilMem:75 - Before build in PCC Used Memory: 606993968 Bytes (741343232)
2023-11-09 15:21:59,671 [INFO] UtilMem:75 - After build in PCC Used Memory: 613368512 Bytes (741343232)
2023-11-09 15:21:59,698 [INFO] IPUIPlugin:80 - create IPUIPlugin
2023-11-09 15:21:59,703 [INFO] IPUIPlugin:80 - create IPUIPlugin
2023-11-09 15:21:59,703 [INFO] IPUIPlugin:80 - create IPUIPlugin
2023-11-09 15:21:59,703 [INFO] IPUIPlugin:80 - create IPUIPlugin
2023-11-09 15:21:59,703 [INFO] IPUIPlugin:80 - create IPUIPlugin
2023-11-09 15:21:59,703 [INFO] IPUIPlugin:80 - create IPUIPlugin
2023-11-09 15:21:59,703 [INFO] IPUIPlugin:80 - create IPUIPlugin
2023-11-09 15:21:59,703 [INFO] IPUIPlugin:80 - create IPUIPlugin
2023-11-09 15:21:59,703 [INFO] IPUIPlugin:80 - create IPUIPlugin
2023-11-09 15:21:59,703 [INFO] IPUIPlugin:80 - create IPUIPlugin
2023-11-09 15:21:59,703 [INFO] IPUIPlugin:80 - create IPUIPlugin
2023-11-09 15:21:59,703 [INFO] IPUIPlugin:80 - create IPUIPlugin
2023-11-09 15:21:59,703 [INFO] IPUIPlugin:80 - create IPUIPlugin
2023-11-09 15:21:59,703 [INFO] IPUIPlugin:80 - create IPUIPlugin
2023-11-09 15:21:59,703 [INFO] IPUIPlugin:80 - create IPUIPlugin
2023-11-09 15:21:59,703 [INFO] IPUIPlugin:80 - create IPUIPlugin
2023-11-09 15:21:59,703 [INFO] IPUIPlugin:80 - create IPUIPlugin
2023-11-09 15:21:59,703 [INFO] IPUIPlugin:80 - create IPUIPlugin
2023-11-09 15:21:59,703 [INFO] IPUIPlugin:80 - create IPUIPlugin
2023-11-09 15:21:59,703 [INFO] IPUIPlugin:80 - create IPUIPlugin
2023-11-09 15:21:59,703 [INFO] IPUIPlugin:80 - create IPUIPlugin
2023-11-09 15:21:59,703 [INFO] IPUIPlugin:80 - create IPUIPlugin
2023-11-09 15:21:59,703 [INFO] IPUIPlugin:80 - create IPUIPlugin
2023-11-09 15:21:59,703 [INFO] IPUIPlugin:80 - create IPUIPlugin
2023-11-09 15:21:59,703 [INFO] IPUIPlugin:80 - create IPUIPlugin
2023-11-09 15:21:59,719 [WARN] IP:2113 - FIFOMode not found: check if there is a RefParameter without a condition.
2023-11-09 15:21:59,719 [WARN] IP:2113 - TXFIFOThreshold not found: check if there is a RefParameter without a condition.
2023-11-09 15:21:59,719 [WARN] IP:2113 - RXFIFOThreshold not found: check if there is a RefParameter without a condition.
2023-11-09 15:21:59,719 [WARN] IP:2113 - AutoBaudRateEnableParam not found: check if there is a RefParameter without a condition.
2023-11-09 15:21:59,979 [INFO] CADModel:165 - CPN selected for project levelSTM32G031K8T6
2023-11-09 15:21:59,979 [INFO] CADModel:114 - Register for checkConnection events
2023-11-09 15:22:00,022 [INFO] OpenFileManager:328 - Restore cursor
2023-11-09 15:22:00,168 [WARN] IP:2113 - FIFOMode not found: check if there is a RefParameter without a condition.
2023-11-09 15:22:00,168 [WARN] IP:2113 - TXFIFOThreshold not found: check if there is a RefParameter without a condition.
2023-11-09 15:22:00,168 [WARN] IP:2113 - RXFIFOThreshold not found: check if there is a RefParameter without a condition.
2023-11-09 15:22:00,168 [WARN] IP:2113 - AutoBaudRateEnableParam not found: check if there is a RefParameter without a condition.
2023-11-09 15:22:00,168 [WARN] IP:2113 - FIFOMode not found: check if there is a RefParameter without a condition.
2023-11-09 15:22:00,168 [WARN] IP:2113 - TXFIFOThreshold not found: check if there is a RefParameter without a condition.
2023-11-09 15:22:00,168 [WARN] IP:2113 - RXFIFOThreshold not found: check if there is a RefParameter without a condition.
2023-11-09 15:22:00,168 [WARN] IP:2113 - AutoBaudRateEnableParam not found: check if there is a RefParameter without a condition.
2023-11-09 15:23:12,370 [INFO] NvicIntPanel:101 - NVIC parent = com.st.microxplorer.plugins.ip.nvic.MultiNvicIntPanel[,0,0,0x0,invalid,layout=javax.swing.BoxLayout,alignmentX=0.0,alignmentY=0.0,border=,flags=9,maximumSize=,minimumSize=,preferredSize=]
2023-11-09 15:23:13,670 [INFO] UtilMem:75 - End SaveConfig() Used Memory: 597612704 Bytes (741343232)
2023-11-09 15:23:13,770 [INFO] UtilMem:75 - End SaveConfig() Used Memory: 611561152 Bytes (741343232)
2023-11-09 15:23:14,442 [INFO] UtilMem:75 - End SaveConfig() Used Memory: 640921280 Bytes (741343232)
2023-11-09 15:23:15,179 [INFO] BlockDiagram:2759 - set Specific Code input for plugin: NVIC
2023-11-09 15:23:15,179 [INFO] BlockDiagram:2759 - set Specific Code input for plugin: USART
2023-11-09 15:23:15,179 [INFO] BlockDiagram:2759 - set Specific Code input for plugin: DMA
2023-11-09 15:23:15,179 [INFO] BlockDiagram:2759 - set Specific Code input for plugin: TIM1_8G0
2023-11-09 15:23:15,179 [INFO] BlockDiagram:2759 - set Specific Code input for plugin: TIM1_8G0
2023-11-09 15:23:15,179 [INFO] BlockDiagram:2759 - set Specific Code input for plugin: TIM1_8G0
2023-11-09 15:23:15,179 [INFO] BlockDiagram:2759 - set Specific Code input for plugin: TIM1_8G0
2023-11-09 15:23:15,179 [INFO] BlockDiagram:2759 - set Specific Code input for plugin: SYS
2023-11-09 15:23:15,179 [INFO] BlockDiagram:2759 - set Specific Code input for plugin: GPIO
2023-11-09 15:23:15,179 [INFO] BlockDiagram:2759 - set Specific Code input for plugin: ADC
2023-11-09 15:23:15,179 [INFO] BlockDiagram:2759 - set Specific Code input for plugin: RCC
2023-11-09 15:23:15,179 [INFO] CodeGenerator:793 - code generatio: config db path: C:\ST\STM32CubeIDE_1.12.1\STM32CubeIDE\plugins\com.st.stm32cube.common.mx_6.8.1.202304191431\\db\
2023-11-09 15:23:15,273 [WARN] IP:2113 - FIFOMode not found: check if there is a RefParameter without a condition.
2023-11-09 15:23:15,273 [WARN] IP:2113 - TXFIFOThreshold not found: check if there is a RefParameter without a condition.
2023-11-09 15:23:15,273 [WARN] IP:2113 - RXFIFOThreshold not found: check if there is a RefParameter without a condition.
2023-11-09 15:23:15,273 [WARN] IP:2113 - AutoBaudRateEnableParam not found: check if there is a RefParameter without a condition.
2023-11-09 15:23:15,787 [INFO] CodeEngine:255 - oldGeneratedFile, D:\Project\Rice Cooker\RiceCooker_v1\RiceCooker_v1_CubeIDE\MXTmpFiles\license.tmp_save
2023-11-09 15:23:16,356 [INFO] CodeEngine:279 - Generated code: D:\Project\Rice Cooker\RiceCooker_v1\RiceCooker_v1_CubeIDE\MXTmpFiles\license.tmp
2023-11-09 15:23:16,675 [INFO] CodeEngine:255 - oldGeneratedFile, D:\Project\Rice Cooker\RiceCooker_v1\RiceCooker_v1_CubeIDE\MXTmpFiles\gpio.tmp_save
2023-11-09 15:23:16,811 [INFO] CodeEngine:279 - Generated code: D:\Project\Rice Cooker\RiceCooker_v1\RiceCooker_v1_CubeIDE\MXTmpFiles\gpio.tmp
2023-11-09 15:23:18,443 [INFO] CodeEngine:255 - oldGeneratedFile, D:\Project\Rice Cooker\RiceCooker_v1\RiceCooker_v1_CubeIDE\MXTmpFiles\dma.tmp_save
2023-11-09 15:23:18,522 [INFO] CodeEngine:279 - Generated code: D:\Project\Rice Cooker\RiceCooker_v1\RiceCooker_v1_CubeIDE\MXTmpFiles\dma.tmp
2023-11-09 15:23:18,538 [INFO] CodeEngine:255 - oldGeneratedFile, D:\Project\Rice Cooker\RiceCooker_v1\RiceCooker_v1_CubeIDE\MXTmpFiles\dma_GV.tmp_save
2023-11-09 15:23:18,601 [INFO] CodeEngine:279 - Generated code: D:\Project\Rice Cooker\RiceCooker_v1\RiceCooker_v1_CubeIDE\MXTmpFiles\dma_GV.tmp
2023-11-09 15:23:18,632 [INFO] CodeEngine:255 - oldGeneratedFile, D:\Project\Rice Cooker\RiceCooker_v1\RiceCooker_v1_CubeIDE\Core\Src\stm32g0xx_it.c_save
2023-11-09 15:23:18,742 [INFO] CodeEngine:279 - Generated code: D:\Project\Rice Cooker\RiceCooker_v1\RiceCooker_v1_CubeIDE\Core\Src\stm32g0xx_it.c
2023-11-09 15:23:18,757 [INFO] CodeEngine:255 - oldGeneratedFile, D:\Project\Rice Cooker\RiceCooker_v1\RiceCooker_v1_CubeIDE\Core\Inc\stm32g0xx_it.h_save
2023-11-09 15:23:18,836 [INFO] CodeEngine:279 - Generated code: D:\Project\Rice Cooker\RiceCooker_v1\RiceCooker_v1_CubeIDE\Core\Inc\stm32g0xx_it.h
2023-11-09 15:23:18,851 [INFO] CodeEngine:255 - oldGeneratedFile, D:\Project\Rice Cooker\RiceCooker_v1\RiceCooker_v1_CubeIDE\Core\Src\stm32g0xx_hal_msp.c_save
2023-11-09 15:23:18,993 [INFO] CodeEngine:279 - Generated code: D:\Project\Rice Cooker\RiceCooker_v1\RiceCooker_v1_CubeIDE\Core\Src\stm32g0xx_hal_msp.c
2023-11-09 15:23:18,993 [INFO] CodeEngine:255 - oldGeneratedFile, D:\Project\Rice Cooker\RiceCooker_v1\RiceCooker_v1_CubeIDE\MXTmpFiles\system.tmp_save
2023-11-09 15:23:19,071 [INFO] CodeEngine:279 - Generated code: D:\Project\Rice Cooker\RiceCooker_v1\RiceCooker_v1_CubeIDE\MXTmpFiles\system.tmp
2023-11-09 15:23:19,087 [INFO] CodeEngine:311 - oldGeneratedFile, D:\Project\Rice Cooker\RiceCooker_v1\RiceCooker_v1_CubeIDE\Core\Inc\stm32g0xx_hal_conf.h_save
2023-11-09 15:23:19,150 [INFO] CodeEngine:335 - Generated code: D:\Project\Rice Cooker\RiceCooker_v1\RiceCooker_v1_CubeIDE\Core\Inc\stm32g0xx_hal_conf.h
2023-11-09 15:23:19,165 [WARN] IPConfigManager:3431 - IP not found : TIM
2023-11-09 15:23:19,165 [WARN] CodeGenerator:3754 - IP not found : null
2023-11-09 15:23:19,181 [INFO] CodeEngine:255 - oldGeneratedFile, D:\Project\Rice Cooker\RiceCooker_v1\RiceCooker_v1_CubeIDE\Core\Inc\main.h_save
2023-11-09 15:23:19,280 [INFO] CodeEngine:279 - Generated code: D:\Project\Rice Cooker\RiceCooker_v1\RiceCooker_v1_CubeIDE\Core\Inc\main.h
2023-11-09 15:23:19,291 [INFO] CodeEngine:255 - oldGeneratedFile, D:\Project\Rice Cooker\RiceCooker_v1\RiceCooker_v1_CubeIDE\Core\Src\main.c_save
2023-11-09 15:23:19,557 [INFO] CodeEngine:279 - Generated code: D:\Project\Rice Cooker\RiceCooker_v1\RiceCooker_v1_CubeIDE\Core\Src\main.c
2023-11-09 15:23:20,452 [INFO] ProjectBuilder:2996 - Time for Copy HAL[1] : 204mS.
2023-11-09 15:23:20,467 [INFO] ProjectBuilder:4304 - Project Generator version: 3.19.2
2023-11-09 15:23:20,938 [INFO] ConfigFileManager:1483 - The Die is : DIE466
2023-11-09 15:23:20,954 [INFO] ApiDbMcu:507 - Load IP Config File for FATFS
2023-11-09 15:23:20,954 [INFO] ApiDbMcu:507 - Load IP Config File for FREERTOS
2023-11-09 15:23:22,200 [INFO] LogOutputStream:77 - [STDOUT_REDIRECT] 
2023-11-09 15:23:24,124 [INFO] ProjectBuilder:4505 - Time for Generating toolchain IDE Files: 3657mS.
2023-11-09 15:23:24,124 [INFO] ProjectBuilder:2867 - Time for Copy CMSIS : 0mS.
2023-11-09 15:23:24,129 [INFO] ProjectBuilder:2867 - Time for Copy CMSIS : 0mS.
