2024-08-11 00:09:12,723 [INFO] Activator:176 - 


2024-08-11 00:09:12,738 [INFO] Activator:177 - !SESSION log4j initialized
2024-08-11 00:09:22,864 [INFO] LogOutputStream:77 - [STDOUT_REDIRECT] 
2024-08-11 00:09:27,284 [INFO] ApplicationProperties:184 - Using Application install path: C:\ST\STM32CubeIDE_1.15.1\STM32CubeIDE\plugins\com.st.stm32cube.common.mx_6.11.1.202404110753
2024-08-11 00:09:27,307 [INFO] DbMcusXml:78 - Set database path to: C:\ST\STM32CubeIDE_1.15.1\STM32CubeIDE\plugins\com.st.stm32cube.common.mx_6.11.1.202404110753\\db\/mcu/
2024-08-11 00:09:27,308 [INFO] ApiDb:274 - Set plugin database path to: C:\ST\STM32CubeIDE_1.15.1\STM32CubeIDE\plugins\com.st.stm32cube.common.mx_6.11.1.202404110753\\db\/plugins/boardmanager/
2024-08-11 00:09:27,309 [WARN] ApiDb:259 - Overriding images path with different value:  => C:\ST\STM32CubeIDE_1.15.1\STM32CubeIDE\plugins\com.st.stm32cube.common.mx_6.11.1.202404110753\\db\/plugins/mcufinder/images/
2024-08-11 00:09:27,328 [INFO] ApiDb:250 - Set database path to: C:\Users\KDS-LTP-0415\.stmcufinder\plugins\mcufinder//mcu/
2024-08-11 00:09:27,329 [INFO] DbMcusAds:125 - Set database path to: C:\Users\KDS-LTP-0415\.stmcufinder\plugins\mcufinder//mcu/
2024-08-11 00:09:27,332 [INFO] CrossReferenceDbSqlite:203 - Set database path to: C:\Users\KDS-LTP-0415\.stmcufinder\plugins\mcufinder//mcu/cs/
2024-08-11 00:09:27,531 [INFO] RulesReader:64 - Compatibility file has been processed (297 Rules)
2024-08-11 00:09:27,638 [INFO] DbMcusXml:78 - Set database path to: C:\ST\STM32CubeIDE_1.15.1\STM32CubeIDE\plugins\com.st.stm32cube.common.mx_6.11.1.202404110753\\db\/mcu/
2024-08-11 00:09:27,638 [INFO] ApiDb:274 - Set plugin database path to: C:\ST\STM32CubeIDE_1.15.1\STM32CubeIDE\plugins\com.st.stm32cube.common.mx_6.11.1.202404110753\\db\/plugins/boardmanager/
2024-08-11 00:09:27,638 [INFO] ApiDb:261 - Set plugin images path to: C:\ST\STM32CubeIDE_1.15.1\STM32CubeIDE\plugins\com.st.stm32cube.common.mx_6.11.1.202404110753\\db\/plugins/mcufinder/images/
2024-08-11 00:09:27,638 [WARN] DbFile:41 - Overriding database path with different value: C:\Users\KDS-LTP-0415\.stmcufinder\plugins\mcufinder/ => C:\Users\KDS-LTP-0415\.stmcufinder\plugins\mcufinder
2024-08-11 00:09:27,639 [INFO] ApiDb:250 - Set database path to: C:\Users\KDS-LTP-0415\.stmcufinder\plugins\mcufinder//mcu/
2024-08-11 00:09:27,639 [WARN] DbFile:41 - Overriding database path with different value: C:\Users\KDS-LTP-0415\.stmcufinder\plugins\mcufinder/ => C:\Users\KDS-LTP-0415\.stmcufinder\plugins\mcufinder
2024-08-11 00:09:27,639 [INFO] DbMcusAds:125 - Set database path to: C:\Users\KDS-LTP-0415\.stmcufinder\plugins\mcufinder//mcu/
2024-08-11 00:09:27,639 [WARN] DbFile:41 - Overriding database path with different value: C:\Users\KDS-LTP-0415\.stmcufinder\plugins\mcufinder/ => C:\Users\KDS-LTP-0415\.stmcufinder\plugins\mcufinder
2024-08-11 00:09:27,639 [WARN] DbFile:41 - Overriding database path with different value: C:\Users\KDS-LTP-0415\.stmcufinder\plugins\mcufinder/ => C:\Users\KDS-LTP-0415\.stmcufinder\plugins\mcufinder
2024-08-11 00:09:27,639 [INFO] CrossReferenceDbSqlite:203 - Set database path to: C:\Users\KDS-LTP-0415\.stmcufinder\plugins\mcufinder//mcu/cs/
2024-08-11 00:09:27,743 [INFO] MainPanel:264 - HeapMemory: 268435456
2024-08-11 00:09:27,891 [INFO] DbMcusXml:78 - Set database path to: C:\ST\STM32CubeIDE_1.15.1\STM32CubeIDE\plugins\com.st.stm32cube.common.mx_6.11.1.202404110753\\db\/mcu/
2024-08-11 00:09:27,891 [INFO] ApiDb:274 - Set plugin database path to: C:\ST\STM32CubeIDE_1.15.1\STM32CubeIDE\plugins\com.st.stm32cube.common.mx_6.11.1.202404110753\\db\/plugins/boardmanager/
2024-08-11 00:09:27,891 [INFO] ApiDb:261 - Set plugin images path to: C:\ST\STM32CubeIDE_1.15.1\STM32CubeIDE\plugins\com.st.stm32cube.common.mx_6.11.1.202404110753\\db\/plugins/mcufinder/images/
2024-08-11 00:09:27,892 [WARN] DbFile:41 - Overriding database path with different value: C:\Users\KDS-LTP-0415\.stmcufinder\plugins\mcufinder/ => C:\Users\KDS-LTP-0415\.stmcufinder\plugins\mcufinder
2024-08-11 00:09:27,892 [INFO] ApiDb:250 - Set database path to: C:\Users\KDS-LTP-0415\.stmcufinder\plugins\mcufinder//mcu/
2024-08-11 00:09:27,892 [WARN] DbFile:41 - Overriding database path with different value: C:\Users\KDS-LTP-0415\.stmcufinder\plugins\mcufinder/ => C:\Users\KDS-LTP-0415\.stmcufinder\plugins\mcufinder
2024-08-11 00:09:27,893 [INFO] DbMcusAds:125 - Set database path to: C:\Users\KDS-LTP-0415\.stmcufinder\plugins\mcufinder//mcu/
2024-08-11 00:09:27,893 [WARN] DbFile:41 - Overriding database path with different value: C:\Users\KDS-LTP-0415\.stmcufinder\plugins\mcufinder/ => C:\Users\KDS-LTP-0415\.stmcufinder\plugins\mcufinder
2024-08-11 00:09:27,893 [WARN] DbFile:41 - Overriding database path with different value: C:\Users\KDS-LTP-0415\.stmcufinder\plugins\mcufinder/ => C:\Users\KDS-LTP-0415\.stmcufinder\plugins\mcufinder
2024-08-11 00:09:27,893 [INFO] CrossReferenceDbSqlite:203 - Set database path to: C:\Users\KDS-LTP-0415\.stmcufinder\plugins\mcufinder//mcu/cs/
2024-08-11 00:09:27,918 [INFO] ApplicationProperties:184 - Using Application install path: C:\ST\STM32CubeIDE_1.15.1\STM32CubeIDE\plugins\com.st.stm32cube.common.mx_6.11.1.202404110753
2024-08-11 00:09:27,919 [INFO] PluginManage:196 - Search for loadable plugins [exclusion list=, ]
2024-08-11 00:09:27,923 [INFO] PluginManage:310 - Check plugin analytics
2024-08-11 00:09:28,145 [INFO] AnalyticsPlugin:253 - Accepted Software Licenses: 
2024-08-11 00:09:28,146 [INFO] AnalyticsPlugin:255 - Accepted CMSIS Pack Licenses: STMicroelectronics.X-CUBE-TOF1.3.4.1
2024-08-11 00:09:28,146 [INFO] AnalyticsPlugin:257 - Accepted Firmware Licenses: FW.F4.1.28.0,FW.H7.1.11.0,FW.G0.1.6.0,FW.WB.1.19.0
2024-08-11 00:09:28,150 [INFO] PluginManage:359 - Loaded plugin analytics (category:tool,tabindex:-1)
2024-08-11 00:09:28,150 [INFO] PluginManage:310 - Check plugin cadmodel
2024-08-11 00:09:28,175 [INFO] CADModel:105 - Init CAD model plugin
2024-08-11 00:09:28,175 [INFO] PluginManage:359 - Loaded plugin cadmodel (category:power,tabindex:5)
2024-08-11 00:09:28,176 [INFO] PluginManage:310 - Check plugin clock
2024-08-11 00:09:28,198 [INFO] PluginManage:359 - Loaded plugin clock (category:base,tabindex:2)
2024-08-11 00:09:28,198 [INFO] PluginManage:310 - Check plugin ddr
2024-08-11 00:09:28,202 [INFO] PluginManage:359 - Loaded plugin ddr (category:tool,tabindex:6)
2024-08-11 00:09:28,202 [INFO] PluginManage:310 - Check plugin filemanager
2024-08-11 00:09:28,430 [INFO] PluginManage:359 - Loaded plugin filemanager (category:base,tabindex:10)
2024-08-11 00:09:28,431 [INFO] PluginManage:310 - Check plugin ipmanager
2024-08-11 00:09:28,440 [INFO] PluginManage:359 - Loaded plugin ipmanager (category:base,tabindex:5)
2024-08-11 00:09:28,440 [INFO] PluginManage:310 - Check plugin lpbam
2024-08-11 00:09:28,891 [INFO] PluginManage:359 - Loaded plugin lpbam (category:base,tabindex:0)
2024-08-11 00:09:28,891 [INFO] PluginManage:310 - Check plugin memorymap
2024-08-11 00:09:29,301 [INFO] PluginManage:359 - Loaded plugin memorymap (category:base,tabindex:4)
2024-08-11 00:09:29,301 [INFO] PluginManage:310 - Check plugin pinoutandconfiguration
2024-08-11 00:09:29,330 [INFO] PluginManage:359 - Loaded plugin pinoutandconfiguration (category:base,tabindex:1)
2024-08-11 00:09:29,330 [INFO] PluginManage:310 - Check plugin pinoutconfig
2024-08-11 00:09:29,459 [WARN] SupportedApi:132 - Cannot load RTOS API schema: s4s-elt-must-match.1: The content of 'definitions' must match (annotation?, (simpleType | complexType)?, (unique | key | keyref)*)). A problem was found starting at: attribute.
2024-08-11 00:09:29,647 [INFO] PluginManage:359 - Loaded plugin pinoutconfig (category:base,tabindex:0)
2024-08-11 00:09:29,647 [INFO] PluginManage:310 - Check plugin power
2024-08-11 00:09:29,716 [INFO] PluginManage:359 - Loaded plugin power (category:power,tabindex:4)
2024-08-11 00:09:29,716 [INFO] PluginManage:310 - Check plugin projectmanager
2024-08-11 00:09:29,740 [INFO] PluginManage:359 - Loaded plugin projectmanager (category:projectmanager,tabindex:3)
2024-08-11 00:09:29,740 [INFO] PluginManage:310 - Check plugin thirdparty
2024-08-11 00:09:30,115 [INFO] PluginManage:359 - Loaded plugin thirdparty (category:base,tabindex:-1)
2024-08-11 00:09:30,115 [WARN] IntegrityCheckThread:84 - waiting for thirdparty lock release [integrity check]
2024-08-11 00:09:30,115 [INFO] PluginManage:310 - Check plugin tools
2024-08-11 00:09:30,115 [INFO] IntegrityCheckThread:86 - entering critical section [integrity check]
2024-08-11 00:09:30,116 [INFO] ThirdPartyUpdaterWithRetryManager:70 - Updater plugin not ready yet. [1/15]
2024-08-11 00:09:30,165 [INFO] PluginManage:359 - Loaded plugin tools (category:base,tabindex:7)
2024-08-11 00:09:30,165 [INFO] PluginManage:310 - Check plugin tutovideos
2024-08-11 00:09:30,603 [INFO] PluginManage:359 - Loaded plugin tutovideos (category:base,tabindex:-1)
2024-08-11 00:09:30,603 [INFO] PluginManage:310 - Check plugin updater
2024-08-11 00:09:30,616 [INFO] PluginManage:359 - Loaded plugin updater (category:base,tabindex:12)
2024-08-11 00:09:30,616 [INFO] PluginManage:310 - Check plugin userauth
2024-08-11 00:09:30,624 [INFO] UserAuth:114 - Init User Auth plugin
2024-08-11 00:09:30,624 [INFO] PluginManage:359 - Loaded plugin userauth (category:base,tabindex:14)
2024-08-11 00:09:30,625 [INFO] PluginManage:283 - PluginManage : Loaded plugins [17]
2024-08-11 00:09:30,913 [INFO] PinOutPanel:1561 - setPackage(No Configuration,No Configuration)
2024-08-11 00:09:31,014 [INFO] CADModel:165 - CPN selected for project level
2024-08-11 00:09:31,015 [INFO] CADModel:114 - Register for checkConnection events
2024-08-11 00:09:31,176 [INFO] IPUIPlugin:80 - create IPUIPlugin
2024-08-11 00:09:31,176 [INFO] PluginManager:220 - loadIPPluginJar : add adc
2024-08-11 00:09:31,224 [INFO] IPUIPlugin:80 - create IPUIPlugin
2024-08-11 00:09:31,224 [INFO] PluginManager:220 - loadIPPluginJar : add aes
2024-08-11 00:09:31,281 [INFO] IPUIPlugin:80 - create IPUIPlugin
2024-08-11 00:09:31,281 [INFO] PluginManager:220 - loadIPPluginJar : add can
2024-08-11 00:09:31,320 [INFO] IPUIPlugin:80 - create IPUIPlugin
2024-08-11 00:09:31,321 [INFO] PluginManager:220 - loadIPPluginJar : add comp
2024-08-11 00:09:31,368 [INFO] IPUIPlugin:80 - create IPUIPlugin
2024-08-11 00:09:31,368 [INFO] PluginManager:220 - loadIPPluginJar : add cryp
2024-08-11 00:09:31,413 [INFO] IPUIPlugin:80 - create IPUIPlugin
2024-08-11 00:09:31,413 [INFO] PluginManager:220 - loadIPPluginJar : add dfsdm
2024-08-11 00:09:31,516 [INFO] IPUIPlugin:80 - create IPUIPlugin
2024-08-11 00:09:31,517 [INFO] PluginManager:220 - loadIPPluginJar : add dma
2024-08-11 00:09:31,573 [INFO] IPUIPlugin:80 - create IPUIPlugin
2024-08-11 00:09:31,573 [INFO] PluginManager:220 - loadIPPluginJar : add dma3
2024-08-11 00:09:31,620 [INFO] IPUIPlugin:80 - create IPUIPlugin
2024-08-11 00:09:31,620 [INFO] PluginManager:220 - loadIPPluginJar : add extmemmanager
2024-08-11 00:09:31,651 [INFO] IPUIPlugin:80 - create IPUIPlugin
2024-08-11 00:09:31,652 [INFO] PluginManager:220 - loadIPPluginJar : add fatfs
2024-08-11 00:09:31,702 [INFO] IPUIPlugin:80 - create IPUIPlugin
2024-08-11 00:09:31,702 [INFO] PluginManager:220 - loadIPPluginJar : add fmc
2024-08-11 00:09:31,721 [INFO] IPUIPlugin:80 - create IPUIPlugin
2024-08-11 00:09:31,721 [INFO] PluginManager:220 - loadIPPluginJar : add freertos
2024-08-11 00:09:31,749 [INFO] IPUIPlugin:80 - create IPUIPlugin
2024-08-11 00:09:31,749 [INFO] PluginManager:220 - loadIPPluginJar : add genericplugin
2024-08-11 00:09:31,867 [INFO] IPUIPlugin:80 - create IPUIPlugin
2024-08-11 00:09:31,867 [INFO] PluginManager:220 - loadIPPluginJar : add gfxmmu
2024-08-11 00:09:32,011 [INFO] IPUIPlugin:80 - create IPUIPlugin
2024-08-11 00:09:32,011 [INFO] PluginManager:220 - loadIPPluginJar : add gic
2024-08-11 00:09:32,343 [INFO] IPUIPlugin:80 - create IPUIPlugin
2024-08-11 00:09:32,344 [INFO] PluginManager:220 - loadIPPluginJar : add gpio
2024-08-11 00:09:32,444 [INFO] IPUIPlugin:80 - create IPUIPlugin
2024-08-11 00:09:32,444 [INFO] PluginManager:220 - loadIPPluginJar : add gtzc
2024-08-11 00:09:32,495 [INFO] IPUIPlugin:80 - create IPUIPlugin
2024-08-11 00:09:32,496 [INFO] PluginManager:220 - loadIPPluginJar : add hash
2024-08-11 00:09:32,559 [INFO] IPUIPlugin:80 - create IPUIPlugin
2024-08-11 00:09:32,559 [INFO] PluginManager:220 - loadIPPluginJar : add i2c
2024-08-11 00:09:32,615 [INFO] IPUIPlugin:80 - create IPUIPlugin
2024-08-11 00:09:32,615 [INFO] PluginManager:220 - loadIPPluginJar : add i2s
2024-08-11 00:09:32,665 [INFO] IPUIPlugin:80 - create IPUIPlugin
2024-08-11 00:09:32,665 [INFO] PluginManager:220 - loadIPPluginJar : add i3c
2024-08-11 00:09:32,759 [INFO] IPUIPlugin:80 - create IPUIPlugin
2024-08-11 00:09:32,759 [INFO] PluginManager:220 - loadIPPluginJar : add ipddr
2024-08-11 00:09:32,858 [INFO] IPUIPlugin:80 - create IPUIPlugin
2024-08-11 00:09:32,858 [INFO] PluginManager:220 - loadIPPluginJar : add linkedlist
2024-08-11 00:09:32,904 [INFO] IPUIPlugin:80 - create IPUIPlugin
2024-08-11 00:09:32,904 [INFO] PluginManager:220 - loadIPPluginJar : add lorawan
2024-08-11 00:09:32,951 [INFO] IPUIPlugin:80 - create IPUIPlugin
2024-08-11 00:09:32,951 [INFO] PluginManager:220 - loadIPPluginJar : add ltdc
2024-08-11 00:09:33,117 [INFO] ThirdPartyUpdaterWithRetryManager:70 - Updater plugin not ready yet. [2/15]
2024-08-11 00:09:33,202 [INFO] IPUIPlugin:80 - create IPUIPlugin
2024-08-11 00:09:33,202 [INFO] PluginManager:220 - loadIPPluginJar : add mdma
2024-08-11 00:09:33,462 [INFO] IPUIPlugin:80 - create IPUIPlugin
2024-08-11 00:09:33,462 [INFO] PluginManager:220 - loadIPPluginJar : add nvic
2024-08-11 00:09:33,500 [INFO] IPUIPlugin:80 - create IPUIPlugin
2024-08-11 00:09:33,500 [INFO] PluginManager:220 - loadIPPluginJar : add opamp
2024-08-11 00:09:33,569 [INFO] IPUIPlugin:80 - create IPUIPlugin
2024-08-11 00:09:33,569 [INFO] PluginManager:220 - loadIPPluginJar : add openamp
2024-08-11 00:09:33,630 [INFO] IPUIPlugin:80 - create IPUIPlugin
2024-08-11 00:09:33,631 [INFO] PluginManager:220 - loadIPPluginJar : add pdm2pcm
2024-08-11 00:09:33,904 [INFO] IPUIPlugin:80 - create IPUIPlugin
2024-08-11 00:09:33,908 [INFO] PluginManager:220 - loadIPPluginJar : add plateformsettings
2024-08-11 00:09:33,941 [INFO] IPUIPlugin:80 - create IPUIPlugin
2024-08-11 00:09:33,941 [INFO] PluginManager:220 - loadIPPluginJar : add quadspi
2024-08-11 00:09:33,961 [INFO] IPUIPlugin:80 - create IPUIPlugin
2024-08-11 00:09:33,962 [INFO] PluginManager:220 - loadIPPluginJar : add resmgrutility
2024-08-11 00:09:34,027 [INFO] IPUIPlugin:80 - create IPUIPlugin
2024-08-11 00:09:34,027 [INFO] PluginManager:220 - loadIPPluginJar : add sai
2024-08-11 00:09:34,073 [INFO] IPUIPlugin:80 - create IPUIPlugin
2024-08-11 00:09:34,073 [INFO] PluginManager:220 - loadIPPluginJar : add spi
2024-08-11 00:09:34,153 [INFO] IPUIPlugin:80 - create IPUIPlugin
2024-08-11 00:09:34,153 [INFO] PluginManager:220 - loadIPPluginJar : add stm32_wpan
2024-08-11 00:09:34,182 [INFO] IPUIPlugin:80 - create IPUIPlugin
2024-08-11 00:09:34,182 [INFO] PluginManager:220 - loadIPPluginJar : add tim
2024-08-11 00:09:34,259 [INFO] IPUIPlugin:80 - create IPUIPlugin
2024-08-11 00:09:34,259 [INFO] PluginManager:220 - loadIPPluginJar : add touchsensing
2024-08-11 00:09:34,297 [INFO] IPUIPlugin:80 - create IPUIPlugin
2024-08-11 00:09:34,297 [INFO] PluginManager:220 - loadIPPluginJar : add tracer_emb
2024-08-11 00:09:34,329 [INFO] IPUIPlugin:80 - create IPUIPlugin
2024-08-11 00:09:34,329 [INFO] PluginManager:220 - loadIPPluginJar : add ts
2024-08-11 00:09:34,353 [INFO] IPUIPlugin:80 - create IPUIPlugin
2024-08-11 00:09:34,353 [INFO] PluginManager:220 - loadIPPluginJar : add tsc
2024-08-11 00:09:34,376 [INFO] IPUIPlugin:80 - create IPUIPlugin
2024-08-11 00:09:34,377 [INFO] PluginManager:220 - loadIPPluginJar : add ucpd
2024-08-11 00:09:34,413 [INFO] IPUIPlugin:80 - create IPUIPlugin
2024-08-11 00:09:34,413 [INFO] PluginManager:220 - loadIPPluginJar : add usart
2024-08-11 00:09:34,463 [INFO] IPUIPlugin:80 - create IPUIPlugin
2024-08-11 00:09:34,463 [INFO] PluginManager:220 - loadIPPluginJar : add usbx
2024-08-11 00:09:34,600 [INFO] CADModel:165 - CPN selected for project level
2024-08-11 00:09:34,601 [INFO] CADModel:114 - Register for checkConnection events
2024-08-11 00:09:34,602 [FATAL] Updater:308 - Updater called before beeing initialized
2024-08-11 00:09:34,602 [ERROR] CADModel:125 - Updater not yet initialized, retry later 
2024-08-11 00:09:34,857 [INFO] CADModel:165 - CPN selected for project level
2024-08-11 00:09:34,857 [INFO] CADModel:114 - Register for checkConnection events
2024-08-11 00:09:34,857 [FATAL] Updater:308 - Updater called before beeing initialized
2024-08-11 00:09:34,857 [ERROR] CADModel:125 - Updater not yet initialized, retry later 
2024-08-11 00:09:34,862 [FATAL] Updater:308 - Updater called before beeing initialized
2024-08-11 00:09:35,006 [FATAL] Updater:308 - Updater called before beeing initialized
2024-08-11 00:09:35,021 [INFO] DbMcusAds:53 - JSON generation date=Thu May 16 16:22:00 WIB 2024 (1715851320667)
2024-08-11 00:09:35,021 [FATAL] Updater:308 - Updater called before beeing initialized
2024-08-11 00:09:35,185 [WARN] DetailPanel:346 - Failed to get advertising image, set to default
2024-08-11 00:09:35,297 [FATAL] Updater:308 - Updater called before beeing initialized
2024-08-11 00:09:35,299 [FATAL] Updater:308 - Updater called before beeing initialized
2024-08-11 00:09:35,299 [FATAL] Updater:308 - Updater called before beeing initialized
2024-08-11 00:09:35,299 [WARN] DetailPanel:346 - Failed to get advertising image, set to default
2024-08-11 00:09:35,301 [FATAL] Updater:308 - Updater called before beeing initialized
2024-08-11 00:09:35,383 [ERROR] Updater:1120 - MainUpdater not yet initialized. External WinMGr cannot be set.
2024-08-11 00:09:35,392 [INFO] Updater:1056 - Updater Version found : 6.11.1
2024-08-11 00:09:35,414 [INFO] ApplicationProperties:184 - Using Application install path: C:\ST\STM32CubeIDE_1.15.1\STM32CubeIDE\plugins\com.st.stm32cube.common.mx_6.11.1.202404110753
2024-08-11 00:09:36,120 [INFO] ThirdPartyUpdaterWithRetryManager:70 - Updater plugin not ready yet. [3/15]
2024-08-11 00:09:36,138 [INFO] MainUpdater:2873 - connection check result : 10
2024-08-11 00:09:36,139 [INFO] MainUpdater:3567 - Updater definition file requires update
2024-08-11 00:09:36,141 [INFO] MainUpdater:290 - Updater Check For Update Now.
2024-08-11 00:09:36,141 [INFO] MicroXplorer:498 - Change Database Version : DB.6.0.111
2024-08-11 00:09:36,158 [INFO] McuFinderGlobals:63 - Set McuFinder mode to 2 (CubeIDE integrated)
2024-08-11 00:09:36,172 [INFO] UserAuth:415 - Internet connection configuration mode: 1
2024-08-11 00:09:36,200 [INFO] JxBrowserEngine:152 - Initiate JxBrowser Engine with user profile folder
2024-08-11 00:09:36,260 [INFO] ServerAccessManage:473 - Download File updaters.zip
2024-08-11 00:09:36,407 [INFO] FileExtend:240 - Unzip File : updaters.zip
2024-08-11 00:09:36,407 [INFO] FileExtend:255 - Standard Zip Deflate
2024-08-11 00:09:36,939 [INFO] ServerAccessManage:473 - Download File PacksControlFlags.xml
2024-08-11 00:09:37,136 [INFO] ServerAccessManage:473 - Download File cubemx.pidx
2024-08-11 00:09:37,261 [INFO] LoadServerUpdatesThread:375 - End of LoadServerUpdate Thread
2024-08-11 00:09:37,449 [INFO] CheckServerUpdateThread:120 - End of CheckServer Thread
2024-08-11 00:09:39,546 [WARN] PackLoader:240 - Cannot read IP mode file for STMicroelectronics.FP-SNS-MOTENVWB1.1.4.0
2024-08-11 00:09:39,566 [WARN] PackLoader:240 - Cannot read IP mode file for STMicroelectronics.X-CUBE-SMBUS.2.1.0
2024-08-11 00:09:39,584 [WARN] PackLoader:240 - Cannot read IP mode file for STMicroelectronics.X-CUBE-TOUCHGFX.4.23.0
2024-08-11 00:09:39,596 [WARN] PackLoader:240 - Cannot read IP mode file for STMicroelectronics.X-CUBE-TOUCHGFX.4.23.2
2024-08-11 00:09:39,654 [WARN] PackLoader:240 - Cannot read IP mode file for STMicroelectronics.X-CUBE-AZRTOS-F7.1.1.0
2024-08-11 00:09:39,676 [ERROR] RealEvaluatedCondition:428 - Found unsupported composite condition: CLASS='Data Exchange' GROUP='STM32_MetaDataManager'
2024-08-11 00:09:39,677 [ERROR] RealEvaluatedCondition:428 - Found unsupported composite condition: GROUP='STM32_MetaDataManager' CLASS='Data Exchange'
2024-08-11 00:09:39,679 [WARN] PackLoader:240 - Cannot read IP mode file for STMicroelectronics.FP-SNS-MOTENV1.4.3.0
2024-08-11 00:09:39,698 [WARN] PackLoader:240 - Cannot read IP mode file for STMicroelectronics.FP-SNS-MOTENV1.4.3.2
2024-08-11 00:09:39,719 [WARN] PackLoader:240 - Cannot read IP mode file for STMicroelectronics.FP-SNS-FLIGHT1.5.0.0
2024-08-11 00:09:39,736 [ERROR] RealEvaluatedCondition:428 - Found unsupported composite condition: CLASS='Data Exchange' GROUP='STM32_MetaDataManager'
2024-08-11 00:09:39,737 [ERROR] RealEvaluatedCondition:428 - Found unsupported composite condition: CLASS='Data Exchange' GROUP='STM32_MetaDataManager'
2024-08-11 00:09:39,739 [WARN] PackLoader:240 - Cannot read IP mode file for STMicroelectronics.FP-SNS-MOTENV1.4.3.1
2024-08-11 00:09:39,759 [WARN] PackLoader:240 - Cannot read IP mode file for STMicroelectronics.FP-SNS-FLIGHT1.5.0.1
2024-08-11 00:09:39,779 [WARN] PackLoader:240 - Cannot read IP mode file for STMicroelectronics.X-CUBE-BLE1.6.2.3
2024-08-11 00:09:39,794 [WARN] PackLoader:240 - Cannot read IP mode file for STMicroelectronics.X-CUBE-BLE1.6.2.4
2024-08-11 00:09:39,808 [WARN] PackLoader:240 - Cannot read IP mode file for STMicroelectronics.FP-SNS-FLIGHT1.5.0.2
2024-08-11 00:09:39,836 [WARN] PackLoader:240 - Cannot read IP mode file for STMicroelectronics.X-CUBE-TOF1.3.1.0
2024-08-11 00:09:39,867 [WARN] PackLoader:240 - Cannot read IP mode file for STMicroelectronics.X-CUBE-DISPLAY.3.0.0
2024-08-11 00:09:40,040 [WARN] PackLoader:240 - Cannot read IP mode file for STMicroelectronics.X-CUBE-BLE1.7.0.0
2024-08-11 00:09:40,056 [WARN] PackLoader:240 - Cannot read IP mode file for emotas.I-CUBE-CANOPEN.1.3.0
2024-08-11 00:09:40,074 [WARN] PackLoader:240 - Cannot read IP mode file for STMicroelectronics.X-CUBE-TOUCHGFX.4.22.0
2024-08-11 00:09:40,088 [WARN] PackLoader:240 - Cannot read IP mode file for STMicroelectronics.X-CUBE-TOUCHGFX.4.22.1
2024-08-11 00:09:40,295 [WARN] PackLoader:240 - Cannot read IP mode file for STMicroelectronics.X-CUBE-MEMS1.9.3.0
2024-08-11 00:09:40,559 [WARN] PackLoader:240 - Cannot read IP mode file for STMicroelectronics.X-CUBE-AI.7.2.0
2024-08-11 00:09:40,614 [WARN] PackLoader:240 - Cannot read IP mode file for STMicroelectronics.X-CUBE-BLEMGR.3.1.0
2024-08-11 00:09:40,642 [WARN] PackLoader:240 - Cannot read IP mode file for STMicroelectronics.FP-SNS-SMARTAG2.1.2.0
2024-08-11 00:09:40,691 [INFO] LogOutputStream:77 - [STDOUT_REDIRECT] 1 : Invalid condition id : UX_CORESTACK_Condition cause : null
2024-08-11 00:09:40,692 [INFO] LogOutputStream:77 - [STDOUT_REDIRECT] 1 : Invalid condition id : UX_CORESTACK_Condition cause : null
2024-08-11 00:09:40,694 [INFO] LogOutputStream:77 - [STDOUT_REDIRECT] 1 : Invalid condition id : UX_CORESTACK_Condition cause : null
2024-08-11 00:09:40,695 [INFO] LogOutputStream:77 - [STDOUT_REDIRECT] 1 : Invalid condition id : UX_CORESTACK_Condition cause : null
2024-08-11 00:09:40,697 [INFO] LogOutputStream:77 - [STDOUT_REDIRECT] 1 : Invalid condition id : UX_CORESTACK_Condition cause : null
2024-08-11 00:09:40,701 [WARN] PackLoader:240 - Cannot read IP mode file for STMicroelectronics.X-CUBE-AZRTOS-WL.2.0.0
2024-08-11 00:09:40,722 [WARN] PackLoader:240 - Cannot read IP mode file for STMicroelectronics.FP-SNS-MOTENV1.5.0.0
2024-08-11 00:09:40,737 [WARN] PackLoader:240 - Cannot read IP mode file for wolfSSL.I-CUBE-wolfMQTT.1.19.0
2024-08-11 00:09:40,771 [WARN] PackLoader:240 - Cannot read IP mode file for WES.I-CUBE-Cesium.1.3.0
2024-08-11 00:09:40,792 [WARN] PackLoader:240 - Cannot read IP mode file for STMicroelectronics.X-CUBE-BLE2.3.3.0
2024-08-11 00:09:40,810 [WARN] PackLoader:240 - Cannot read IP mode file for STMicroelectronics.X-CUBE-DISPLAY.2.2.0
2024-08-11 00:09:40,838 [WARN] PackLoader:240 - Cannot read IP mode file for STMicroelectronics.X-CUBE-TOF1.3.2.0
2024-08-11 00:09:40,856 [WARN] PackLoader:240 - Cannot read IP mode file for STMicroelectronics.X-CUBE-ISPU.1.0.0
2024-08-11 00:09:40,865 [INFO] WebApp:161 - Instantiating new browser for Auth
2024-08-11 00:09:40,901 [WARN] PackLoader:240 - Cannot read IP mode file for STMicroelectronics.X-CUBE-AZRTOS-H7.2.1.0
2024-08-11 00:09:40,947 [WARN] PackLoader:240 - Cannot read IP mode file for STMicroelectronics.X-CUBE-TCPP.4.1.0
2024-08-11 00:09:40,970 [WARN] PackLoader:240 - Cannot read IP mode file for STMicroelectronics.X-CUBE-TOUCHGFX.4.21.1
2024-08-11 00:09:41,010 [WARN] PackLoader:240 - Cannot read IP mode file for STMicroelectronics.X-CUBE-TOUCHGFX.4.21.3
2024-08-11 00:09:41,034 [WARN] PackLoader:240 - Cannot read IP mode file for STMicroelectronics.X-CUBE-TOUCHGFX.4.21.4
2024-08-11 00:09:41,123 [WARN] PackLoader:240 - Cannot read IP mode file for STMicroelectronics.X-CUBE-MEMS1.9.4.0
2024-08-11 00:09:41,349 [WARN] PackLoader:240 - Cannot read IP mode file for STMicroelectronics.X-CUBE-AI.7.3.0
2024-08-11 00:09:41,370 [WARN] PackLoader:240 - Cannot read IP mode file for STMicroelectronics.X-CUBE-ALGOBUILD.1.3.0
2024-08-11 00:09:41,411 [WARN] PackLoader:240 - Cannot read IP mode file for STMicroelectronics.X-CUBE-AZRTOS-G0.1.1.0
2024-08-11 00:09:41,432 [WARN] PackLoader:240 - Cannot read IP mode file for STMicroelectronics.X-CUBE-SAFEA1.1.2.2
2024-08-11 00:09:41,451 [WARN] PackLoader:240 - Cannot read IP mode file for STMicroelectronics.X-CUBE-NFC4.3.0.0
2024-08-11 00:09:41,509 [WARN] PackLoader:240 - Cannot read IP mode file for SEGGER.I-CUBE-embOS.1.2.0
2024-08-11 00:09:41,562 [WARN] PackLoader:240 - Cannot read IP mode file for EmbeddedOffice.I-CUBE-FS-RTOS.1.0.1
2024-08-11 00:09:41,564 [ERROR] ConditionMgr:805 - Attr not supported : Dmpu
2024-08-11 00:09:41,564 [ERROR] ConditionMgr:805 - Attr not supported : Dmpu
2024-08-11 00:09:41,564 [ERROR] ConditionMgr:805 - Attr not supported : Dmpu
2024-08-11 00:09:41,564 [ERROR] ConditionMgr:805 - Attr not supported : Dmpu
2024-08-11 00:09:41,564 [ERROR] ConditionMgr:805 - Attr not supported : Dmpu
2024-08-11 00:09:41,564 [ERROR] ConditionMgr:805 - Attr not supported : Dmpu
2024-08-11 00:09:41,565 [ERROR] ConditionMgr:805 - Attr not supported : Dmpu
2024-08-11 00:09:41,565 [ERROR] ConditionMgr:805 - Attr not supported : Dmpu
2024-08-11 00:09:41,565 [ERROR] ConditionMgr:805 - Attr not supported : Dmpu
2024-08-11 00:09:41,565 [ERROR] ConditionMgr:805 - Attr not supported : Dmpu
2024-08-11 00:09:41,565 [ERROR] ConditionMgr:805 - Attr not supported : Dmpu
2024-08-11 00:09:41,565 [ERROR] ConditionMgr:805 - Attr not supported : Dmpu
2024-08-11 00:09:41,565 [ERROR] ConditionMgr:805 - Attr not supported : Dmpu
2024-08-11 00:09:41,565 [ERROR] ConditionMgr:805 - Attr not supported : Dmpu
2024-08-11 00:09:41,565 [ERROR] ConditionMgr:805 - Attr not supported : Dmpu
2024-08-11 00:09:41,565 [ERROR] ConditionMgr:805 - Attr not supported : Dmpu
2024-08-11 00:09:41,565 [ERROR] ConditionMgr:805 - Attr not supported : Dmpu
2024-08-11 00:09:41,565 [ERROR] ConditionMgr:805 - Attr not supported : Dmpu
2024-08-11 00:09:41,565 [ERROR] ConditionMgr:805 - Attr not supported : Dmpu
2024-08-11 00:09:41,566 [ERROR] ConditionMgr:805 - Attr not supported : Dmpu
2024-08-11 00:09:41,566 [ERROR] ConditionMgr:805 - Attr not supported : Dmpu
2024-08-11 00:09:41,566 [ERROR] ConditionMgr:805 - Attr not supported : Dmpu
2024-08-11 00:09:41,566 [ERROR] ConditionMgr:805 - Attr not supported : Dmpu
2024-08-11 00:09:41,566 [ERROR] ConditionMgr:805 - Attr not supported : Dmpu
2024-08-11 00:09:41,566 [ERROR] ConditionMgr:805 - Attr not supported : Dmpu
2024-08-11 00:09:41,566 [ERROR] ConditionMgr:805 - Attr not supported : Dmpu
2024-08-11 00:09:41,566 [ERROR] ConditionMgr:805 - Attr not supported : Dmpu
2024-08-11 00:09:41,566 [ERROR] ConditionMgr:805 - Attr not supported : Dmpu
2024-08-11 00:09:41,566 [ERROR] ConditionMgr:805 - Attr not supported : Dmpu
2024-08-11 00:09:41,566 [ERROR] ConditionMgr:805 - Attr not supported : Dmpu
2024-08-11 00:09:41,566 [ERROR] ConditionMgr:805 - Attr not supported : Dmpu
2024-08-11 00:09:41,566 [ERROR] ConditionMgr:805 - Attr not supported : Dmpu
2024-08-11 00:09:41,566 [ERROR] ConditionMgr:805 - Attr not supported : Dmpu
2024-08-11 00:09:41,567 [ERROR] ConditionMgr:805 - Attr not supported : Dmpu
2024-08-11 00:09:41,567 [ERROR] ConditionMgr:805 - Attr not supported : Dmpu
2024-08-11 00:09:41,567 [ERROR] ConditionMgr:805 - Attr not supported : Dmpu
2024-08-11 00:09:41,567 [ERROR] ConditionMgr:805 - Attr not supported : Dmpu
2024-08-11 00:09:41,567 [ERROR] ConditionMgr:805 - Attr not supported : Dmpu
2024-08-11 00:09:41,567 [ERROR] ConditionMgr:805 - Attr not supported : Dmpu
2024-08-11 00:09:41,567 [ERROR] ConditionMgr:805 - Attr not supported : Dmpu
2024-08-11 00:09:41,567 [ERROR] ConditionMgr:805 - Attr not supported : Dmpu
2024-08-11 00:09:41,567 [ERROR] ConditionMgr:805 - Attr not supported : Dmpu
2024-08-11 00:09:41,567 [ERROR] ConditionMgr:805 - Attr not supported : Dmpu
2024-08-11 00:09:41,567 [ERROR] ConditionMgr:805 - Attr not supported : Dmpu
2024-08-11 00:09:41,567 [ERROR] ConditionMgr:805 - Attr not supported : Dmpu
2024-08-11 00:09:41,568 [ERROR] ConditionMgr:805 - Attr not supported : Dmpu
2024-08-11 00:09:41,568 [ERROR] ConditionMgr:805 - Attr not supported : Dmpu
2024-08-11 00:09:41,568 [ERROR] ConditionMgr:805 - Attr not supported : Dmpu
2024-08-11 00:09:41,568 [ERROR] ConditionMgr:805 - Attr not supported : Dmpu
2024-08-11 00:09:41,568 [ERROR] ConditionMgr:805 - Attr not supported : Dmpu
2024-08-11 00:09:41,568 [ERROR] ConditionMgr:805 - Attr not supported : Dmpu
2024-08-11 00:09:41,568 [ERROR] ConditionMgr:805 - Attr not supported : Dmpu
2024-08-11 00:09:41,568 [ERROR] ConditionMgr:805 - Attr not supported : Dmpu
2024-08-11 00:09:41,568 [ERROR] ConditionMgr:805 - Attr not supported : Dmpu
2024-08-11 00:09:41,568 [ERROR] ConditionMgr:805 - Attr not supported : Dmpu
2024-08-11 00:09:41,568 [ERROR] ConditionMgr:805 - Attr not supported : Dmpu
2024-08-11 00:09:41,568 [ERROR] ConditionMgr:805 - Attr not supported : Dmpu
2024-08-11 00:09:41,568 [ERROR] ConditionMgr:805 - Attr not supported : Dmpu
2024-08-11 00:09:41,569 [ERROR] ConditionMgr:805 - Attr not supported : Dmpu
2024-08-11 00:09:41,569 [ERROR] ConditionMgr:805 - Attr not supported : Dmpu
2024-08-11 00:09:41,569 [ERROR] ConditionMgr:805 - Attr not supported : Dmpu
2024-08-11 00:09:41,569 [ERROR] ConditionMgr:805 - Attr not supported : Dmpu
2024-08-11 00:09:41,569 [ERROR] ConditionMgr:805 - Attr not supported : Dmpu
2024-08-11 00:09:41,569 [ERROR] ConditionMgr:805 - Attr not supported : Dmpu
2024-08-11 00:09:41,590 [WARN] PackLoader:240 - Cannot read IP mode file for STMicroelectronics.X-CUBE-BLEMGR.3.0.0
2024-08-11 00:09:41,614 [WARN] PackLoader:240 - Cannot read IP mode file for STMicroelectronics.X-CUBE-BLEMGR.1.3.0
2024-08-11 00:09:41,634 [WARN] PackLoader:240 - Cannot read IP mode file for RealThread.X-CUBE-RT-Thread_Nano.4.1.1
2024-08-11 00:09:41,649 [WARN] PackLoader:240 - Cannot read IP mode file for STMicroelectronics.FP-ATR-SIGFOX1.3.2.0
2024-08-11 00:09:41,672 [WARN] PackLoader:240 - Cannot read IP mode file for STMicroelectronics.X-CUBE-EEPRMA1.5.1.0
2024-08-11 00:09:41,698 [WARN] PackLoader:240 - Cannot read IP mode file for emotas.I-CUBE-CANOPEN.1.1.2
2024-08-11 00:09:41,711 [WARN] PackLoader:240 - Cannot read IP mode file for STMicroelectronics.X-CUBE-TOUCHGFX.4.20.0
2024-08-11 00:09:41,776 [WARN] PackLoader:240 - Cannot read IP mode file for STMicroelectronics.X-CUBE-MEMS1.9.5.0
2024-08-11 00:09:41,949 [WARN] PackLoader:240 - Cannot read IP mode file for SEGGER.I-CUBE-embOS.1.3.1
2024-08-11 00:09:42,007 [WARN] PackLoader:240 - Cannot read IP mode file for STMicroelectronics.X-CUBE-ALGOBUILD.1.4.0
2024-08-11 00:09:42,026 [WARN] PackLoader:240 - Cannot read IP mode file for STMicroelectronics.X-CUBE-GNSS1.6.0.0
2024-08-11 00:09:42,037 [INFO] WebApp:779 - Register for checkConnection events
2024-08-11 00:09:42,037 [INFO] WebApp:414 - Apply proxy settings
2024-08-11 00:09:42,037 [INFO] WebApp:499 - Chromium requires no authentication
2024-08-11 00:09:42,051 [INFO] WebApp:442 - Direct internet connection detected
2024-08-11 00:09:42,070 [WARN] PackLoader:240 - Cannot read IP mode file for STMicroelectronics.X-CUBE-AZRTOS-F4.1.1.0
2024-08-11 00:09:42,086 [WARN] PackLoader:240 - Cannot read IP mode file for wolfSSL.I-CUBE-wolfSSL.5.6.3
2024-08-11 00:09:42,098 [WARN] PackLoader:240 - Cannot read IP mode file for wolfSSL.I-CUBE-wolfSSL.5.6.0
2024-08-11 00:09:42,112 [WARN] PackLoader:240 - Cannot read IP mode file for STMicroelectronics.X-CUBE-FREERTOS.1.2.0
2024-08-11 00:09:42,128 [WARN] PackLoader:240 - Cannot read IP mode file for wolfSSL.I-CUBE-wolfSSL.5.6.6
2024-08-11 00:09:42,143 [WARN] PackLoader:240 - Cannot read IP mode file for STMicroelectronics.X-CUBE-BLEMGR.1.2.0
2024-08-11 00:09:42,183 [WARN] PackLoader:240 - Cannot read IP mode file for STMicroelectronics.X-CUBE-AZRTOS-L5.2.0.0
2024-08-11 00:09:42,240 [WARN] PackLoader:240 - Cannot read IP mode file for STMicroelectronics.X-CUBE-MEMS1.9.6.0
2024-08-11 00:09:42,391 [INFO] WebApp:192 - Starting web application
2024-08-11 00:09:42,392 [INFO] WebApp:544 - Web application path used C:\ST\STM32CubeIDE_1.15.1\STM32CubeIDE\plugins\com.st.stm32cube.common.mx_6.11.1.202404110753\db\plugins\mcufinder\reactClient1\index.html
2024-08-11 00:09:42,401 [WARN] PackLoader:240 - Cannot read IP mode file for STMicroelectronics.X-CUBE-EEPRMA1.4.2.0
2024-08-11 00:09:42,429 [WARN] PackLoader:240 - Cannot read IP mode file for STMicroelectronics.X-CUBE-NFC6.3.1.0
2024-08-11 00:09:42,450 [WARN] PackLoader:240 - Cannot read IP mode file for ITTIA_DB.I-CUBE-ITTIADB.8.8.0
2024-08-11 00:09:42,468 [WARN] PackLoader:240 - Cannot read IP mode file for emotas.I-CUBE-CANOPEN.1.1.3
2024-08-11 00:09:42,491 [WARN] PackLoader:240 - Cannot read IP mode file for STMicroelectronics.X-CUBE-BLEMGR.2.0.0
2024-08-11 00:09:42,511 [WARN] PackLoader:240 - Cannot read IP mode file for STMicroelectronics.X-CUBE-DPower.1.2.0
2024-08-11 00:09:42,529 [WARN] PackLoader:240 - Cannot read IP mode file for STMicroelectronics.X-CUBE-NFC4.2.0.5
2024-08-11 00:09:42,547 [WARN] PackLoader:240 - Cannot read IP mode file for STMicroelectronics.X-CUBE-NFC4.2.0.4
2024-08-11 00:09:42,561 [WARN] PackLoader:240 - Cannot read IP mode file for STMicroelectronics.X-CUBE-AI.9.0.0
2024-08-11 00:09:42,607 [WARN] ConditionMgr:438 - getConditionDescription Invalid condition id : UX DEVICE CLASS RTOS Condition cause : null
2024-08-11 00:09:42,607 [WARN] ConditionMgr:438 - getConditionDescription Invalid condition id : UX DEVICE CLASS RTOS Condition cause : null
2024-08-11 00:09:42,613 [WARN] PackLoader:240 - Cannot read IP mode file for STMicroelectronics.X-CUBE-AZRTOS-H7.3.1.0
2024-08-11 00:09:42,614 [WARN] ConditionMgr:1039 - genDependencies : Invalid condition id : UX DEVICE CLASS RTOS Condition cause : null
2024-08-11 00:09:42,615 [WARN] ConditionMgr:1039 - genDependencies : Invalid condition id : UX DEVICE CLASS RTOS Condition cause : null
2024-08-11 00:09:42,616 [WARN] ConditionMgr:1039 - genDependencies : Invalid condition id : UX DEVICE CLASS RTOS Condition cause : null
2024-08-11 00:09:42,617 [WARN] ConditionMgr:1039 - genDependencies : Invalid condition id : UX DEVICE CLASS RTOS Condition cause : null
2024-08-11 00:09:42,617 [WARN] ConditionMgr:1039 - genDependencies : Invalid condition id : UX DEVICE CLASS RTOS Condition cause : null
2024-08-11 00:09:42,643 [WARN] PackLoader:240 - Cannot read IP mode file for STMicroelectronics.X-CUBE-NFC7.1.0.1
2024-08-11 00:09:42,660 [WARN] PackLoader:240 - Cannot read IP mode file for STMicroelectronics.X-CUBE-NFC7.1.0.0
2024-08-11 00:09:42,678 [WARN] PackLoader:240 - Cannot read IP mode file for wolfSSL.I-CUBE-wolfTPM.3.2.0
2024-08-11 00:09:42,704 [WARN] PackLoader:240 - Cannot read IP mode file for STMicroelectronics.X-CUBE-NFC6.3.0.0
2024-08-11 00:09:42,739 [WARN] PackLoader:240 - Cannot read IP mode file for STMicroelectronics.X-CUBE-EEPRMA1.4.1.0
2024-08-11 00:09:42,765 [WARN] PackLoader:240 - Cannot read IP mode file for STMicroelectronics.X-CUBE-AI.8.1.0
2024-08-11 00:09:42,810 [WARN] ConditionMgr:438 - getConditionDescription Invalid condition id : LAN8742 Phy interface Condition cause : null
2024-08-11 00:09:42,811 [WARN] PackLoader:240 - Cannot read IP mode file for STMicroelectronics.X-CUBE-AZRTOS-L4.2.0.0
2024-08-11 00:09:42,813 [WARN] ConditionMgr:1039 - genDependencies : Invalid condition id : LAN8742 Phy interface Condition cause : null
2024-08-11 00:09:42,813 [WARN] ConditionMgr:1039 - genDependencies : Invalid condition id : LAN8742 Phy interface Condition cause : null
2024-08-11 00:09:42,814 [WARN] ConditionMgr:1039 - genDependencies : Invalid condition id : LAN8742 Phy interface Condition cause : null
2024-08-11 00:09:42,837 [WARN] PackLoader:240 - Cannot read IP mode file for STMicroelectronics.X-CUBE-SFXS2LP1.4.0.0
2024-08-11 00:09:42,879 [WARN] PackLoader:240 - Cannot read IP mode file for STMicroelectronics.X-CUBE-AZRTOS-H7.3.0.0
2024-08-11 00:09:42,902 [WARN] PackLoader:240 - Cannot read IP mode file for STMicroelectronics.X-CUBE-ISPU.1.1.0
2024-08-11 00:09:42,928 [WARN] PackLoader:240 - Cannot read IP mode file for RoweBots.I-CUBE-UNISONRTOS.5.5.0-4
2024-08-11 00:09:42,942 [WARN] PackLoader:240 - Cannot read IP mode file for wolfSSL.I-CUBE-wolfSSL.5.4.0
2024-08-11 00:09:42,957 [WARN] PackLoader:240 - Cannot read IP mode file for STMicroelectronics.X-CUBE-AI.8.0.0
2024-08-11 00:09:42,994 [WARN] ConditionMgr:438 - getConditionDescription Invalid condition id : UX DEVICE CLASS RTOS Condition cause : null
2024-08-11 00:09:42,994 [WARN] ConditionMgr:438 - getConditionDescription Invalid condition id : UX DEVICE CLASS RTOS Condition cause : null
2024-08-11 00:09:42,995 [WARN] PackLoader:240 - Cannot read IP mode file for STMicroelectronics.X-CUBE-AZRTOS-WB.2.0.0
2024-08-11 00:09:42,996 [WARN] ConditionMgr:1039 - genDependencies : Invalid condition id : UX DEVICE CLASS RTOS Condition cause : null
2024-08-11 00:09:42,996 [WARN] ConditionMgr:1039 - genDependencies : Invalid condition id : UX DEVICE CLASS RTOS Condition cause : null
2024-08-11 00:09:42,996 [WARN] ConditionMgr:1039 - genDependencies : Invalid condition id : UX DEVICE CLASS RTOS Condition cause : null
2024-08-11 00:09:42,998 [WARN] ConditionMgr:1039 - genDependencies : Invalid condition id : UX DEVICE CLASS RTOS Condition cause : null
2024-08-11 00:09:42,998 [WARN] ConditionMgr:1039 - genDependencies : Invalid condition id : UX DEVICE CLASS RTOS Condition cause : null
2024-08-11 00:09:43,012 [WARN] PackLoader:240 - Cannot read IP mode file for STMicroelectronics.X-CUBE-FREERTOS.1.0.0
2024-08-11 00:09:43,029 [WARN] PackLoader:240 - Cannot read IP mode file for STMicroelectronics.X-CUBE-FREERTOS.1.0.1
2024-08-11 00:09:43,047 [WARN] PackLoader:240 - Cannot read IP mode file for STMicroelectronics.X-CUBE-BLEMGR.1.0.0
2024-08-11 00:09:43,072 [WARN] PackLoader:240 - Cannot read IP mode file for STMicroelectronics.FP-SNS-STBOX1.2.0.0
2024-08-11 00:09:43,119 [WARN] PackLoader:240 - Cannot read IP mode file for STMicroelectronics.X-CUBE-AZRTOS-L5.1.1.0
2024-08-11 00:09:43,137 [WARN] PackLoader:240 - Cannot read IP mode file for STMicroelectronics.X-CUBE-AI.8.0.1
2024-08-11 00:09:43,165 [WARN] PackLoader:240 - Cannot read IP mode file for STMicroelectronics.X-CUBE-SUBG2.5.0.0
2024-08-11 00:09:43,186 [WARN] PackLoader:240 - Cannot read IP mode file for Cesanta.I-CUBE-Mongoose.7.13.0
2024-08-11 00:09:43,211 [WARN] PackLoader:240 - Cannot read IP mode file for STMicroelectronics.X-CUBE-TOF1.3.3.1
2024-08-11 00:09:43,257 [WARN] PackLoader:240 - Cannot read IP mode file for STMicroelectronics.X-CUBE-AZRTOS-G4.2.0.0
2024-08-11 00:09:43,286 [WARN] PackLoader:240 - Cannot read IP mode file for STMicroelectronics.X-CUBE-TOF1.3.3.0
2024-08-11 00:09:43,304 [WARN] PackLoader:240 - Cannot read IP mode file for STMicroelectronics.FP-ATR-ASTRA1.1.1.1
2024-08-11 00:09:43,340 [WARN] PackLoader:240 - Cannot read IP mode file for Infineon.AIROC-Wi-Fi-Bluetooth-STM32.1.5.1
2024-08-11 00:09:43,356 [WARN] PackLoader:240 - Cannot read IP mode file for STMicroelectronics.FP-ATR-ASTRA1.1.1.0
2024-08-11 00:09:43,368 [WARN] PackLoader:240 - Cannot read IP mode file for STMicroelectronics.FP-SNS-MOTENVWB1.1.3.0
2024-08-11 00:09:43,381 [WARN] PackLoader:240 - Cannot read IP mode file for STMicroelectronics.FP-SNS-MOTENVWB1.1.3.1
2024-08-11 00:09:43,414 [WARN] PackLoader:240 - Cannot read IP mode file for STMicroelectronics.X-CUBE-AZRTOS-G4.1.0.0
2024-08-11 00:09:43,458 [WARN] PackLoader:240 - Cannot read IP mode file for STMicroelectronics.X-CUBE-AZRTOS-L4.1.0.0
2024-08-11 00:09:43,475 [WARN] PackLoader:240 - Cannot read IP mode file for STMicroelectronics.X-CUBE-ISPU.2.0.0
2024-08-11 00:09:43,488 [WARN] PackLoader:240 - Cannot read IP mode file for STMicroelectronics.X-CUBE-ALS.1.0.2
2024-08-11 00:09:43,543 [WARN] PackLoader:240 - Cannot read IP mode file for STMicroelectronics.X-CUBE-MEMS1.10.0.0
2024-08-11 00:09:43,667 [WARN] PackLoader:240 - Cannot read IP mode file for STMicroelectronics.X-CUBE-FREERTOS.1.1.0
2024-08-11 00:09:43,683 [WARN] PackLoader:240 - Cannot read IP mode file for STMicroelectronics.X-CUBE-TOUCHGFX.4.24.0
2024-08-11 00:09:43,714 [WARN] PackLoader:240 - Cannot read IP mode file for STMicroelectronics.X-CUBE-AZRTOS-WL.1.0.0
2024-08-11 00:09:43,732 [WARN] PackLoader:240 - Cannot read IP mode file for portGmbH.I-Cube-SoM-uGOAL.1.1.0
2024-08-11 00:09:43,746 [WARN] PackLoader:240 - Cannot read IP mode file for STMicroelectronics.X-CUBE-ALS.1.0.1
2024-08-11 00:09:43,778 [WARN] PackLoader:240 - Cannot read IP mode file for STMicroelectronics.X-CUBE-AZRTOS-WB.1.1.0
2024-08-11 00:09:43,813 [WARN] PackLoader:240 - Cannot read IP mode file for STMicroelectronics.X-CUBE-AZRTOS-L5.1.0.0
2024-08-11 00:09:43,828 [WARN] PackLoader:240 - Cannot read IP mode file for STMicroelectronics.X-CUBE-EEPRMA1.3.1.1
2024-08-11 00:09:43,869 [WARN] PackLoader:240 - Cannot read IP mode file for STMicroelectronics.X-CUBE-AZRTOS-H7RS.1.0.0
2024-08-11 00:09:43,886 [WARN] PackLoader:240 - Cannot read IP mode file for STMicroelectronics.FP-ATR-ASTRA1.2.0.0
2024-08-11 00:09:43,911 [WARN] PackLoader:240 - Cannot read IP mode file for STMicroelectronics.X-CUBE-TOF1.3.4.2
2024-08-11 00:09:43,941 [WARN] PackLoader:240 - Cannot read IP mode file for STMicroelectronics.X-CUBE-TOF1.3.4.0
2024-08-11 00:09:43,979 [WARN] PackLoader:240 - Cannot read IP mode file for STMicroelectronics.X-CUBE-TOF1.3.4.1
2024-08-11 00:09:44,144 [WARN] PackLoader:240 - Cannot read IP mode file for STMicroelectronics.X-CUBE-AZRTOS-H7.3.2.0
2024-08-11 00:09:44,164 [WARN] PackLoader:240 - Cannot read IP mode file for wolfSSL.I-CUBE-wolfSSH.1.4.17
2024-08-11 00:09:44,165 [INFO] ThirdParty:978 - Integrity check success = true
2024-08-11 00:09:44,165 [INFO] IntegrityCheckThread:100 - exiting critical section [integrity check]
2024-08-11 00:09:44,165 [INFO] IntegrityCheckThread:103 - End integrity checks thread
2024-08-11 00:11:21,560 [ERROR] LogOutputStream:75 - [STDERR_REDIRECT] 
