2023-12-28 08:21:13,837 [INFO] Activator:176 - 


2023-12-28 08:21:13,850 [INFO] Activator:177 - !SESSION log4j initialized
2023-12-28 08:21:22,255 [INFO] LogOutputStream:77 - [STDOUT_REDIRECT] 
2023-12-28 08:21:25,874 [INFO] ApplicationProperties:184 - Using Application install path: C:\ST\STM32CubeIDE_1.14.0\STM32CubeIDE\plugins\com.st.stm32cube.common.mx_6.10.0.202311202037
2023-12-28 08:21:25,892 [INFO] DbMcusXml:78 - Set database path to: C:\ST\STM32CubeIDE_1.14.0\STM32CubeIDE\plugins\com.st.stm32cube.common.mx_6.10.0.202311202037\\db\/mcu/
2023-12-28 08:21:25,893 [INFO] ApiDb:274 - Set plugin database path to: C:\ST\STM32CubeIDE_1.14.0\STM32CubeIDE\plugins\com.st.stm32cube.common.mx_6.10.0.202311202037\\db\/plugins/boardmanager/
2023-12-28 08:21:25,894 [WARN] ApiDb:259 - Overriding images path with different value:  => C:\ST\STM32CubeIDE_1.14.0\STM32CubeIDE\plugins\com.st.stm32cube.common.mx_6.10.0.202311202037\\db\/plugins/mcufinder/images/
2023-12-28 08:21:25,911 [INFO] ApiDb:250 - Set database path to: C:\Users\KDS-LTP-0415\.stmcufinder\plugins\mcufinder//mcu/
2023-12-28 08:21:25,913 [INFO] DbMcusAds:125 - Set database path to: C:\Users\KDS-LTP-0415\.stmcufinder\plugins\mcufinder//mcu/
2023-12-28 08:21:25,915 [INFO] CrossReferenceDbSqlite:203 - Set database path to: C:\Users\KDS-LTP-0415\.stmcufinder\plugins\mcufinder//mcu/cs/
2023-12-28 08:21:26,044 [INFO] RulesReader:64 - Compatibility file has been processed (297 Rules)
2023-12-28 08:21:26,121 [INFO] DbMcusXml:78 - Set database path to: C:\ST\STM32CubeIDE_1.14.0\STM32CubeIDE\plugins\com.st.stm32cube.common.mx_6.10.0.202311202037\\db\/mcu/
2023-12-28 08:21:26,121 [INFO] ApiDb:274 - Set plugin database path to: C:\ST\STM32CubeIDE_1.14.0\STM32CubeIDE\plugins\com.st.stm32cube.common.mx_6.10.0.202311202037\\db\/plugins/boardmanager/
2023-12-28 08:21:26,121 [INFO] ApiDb:261 - Set plugin images path to: C:\ST\STM32CubeIDE_1.14.0\STM32CubeIDE\plugins\com.st.stm32cube.common.mx_6.10.0.202311202037\\db\/plugins/mcufinder/images/
2023-12-28 08:21:26,121 [WARN] DbFile:41 - Overriding database path with different value: C:\Users\KDS-LTP-0415\.stmcufinder\plugins\mcufinder/ => C:\Users\KDS-LTP-0415\.stmcufinder\plugins\mcufinder
2023-12-28 08:21:26,122 [INFO] ApiDb:250 - Set database path to: C:\Users\KDS-LTP-0415\.stmcufinder\plugins\mcufinder//mcu/
2023-12-28 08:21:26,122 [WARN] DbFile:41 - Overriding database path with different value: C:\Users\KDS-LTP-0415\.stmcufinder\plugins\mcufinder/ => C:\Users\KDS-LTP-0415\.stmcufinder\plugins\mcufinder
2023-12-28 08:21:26,122 [INFO] DbMcusAds:125 - Set database path to: C:\Users\KDS-LTP-0415\.stmcufinder\plugins\mcufinder//mcu/
2023-12-28 08:21:26,122 [WARN] DbFile:41 - Overriding database path with different value: C:\Users\KDS-LTP-0415\.stmcufinder\plugins\mcufinder/ => C:\Users\KDS-LTP-0415\.stmcufinder\plugins\mcufinder
2023-12-28 08:21:26,122 [WARN] DbFile:41 - Overriding database path with different value: C:\Users\KDS-LTP-0415\.stmcufinder\plugins\mcufinder/ => C:\Users\KDS-LTP-0415\.stmcufinder\plugins\mcufinder
2023-12-28 08:21:26,122 [INFO] CrossReferenceDbSqlite:203 - Set database path to: C:\Users\KDS-LTP-0415\.stmcufinder\plugins\mcufinder//mcu/cs/
2023-12-28 08:21:26,247 [INFO] MainPanel:264 - HeapMemory: 268435456
2023-12-28 08:21:26,364 [INFO] DbMcusXml:78 - Set database path to: C:\ST\STM32CubeIDE_1.14.0\STM32CubeIDE\plugins\com.st.stm32cube.common.mx_6.10.0.202311202037\\db\/mcu/
2023-12-28 08:21:26,364 [INFO] ApiDb:274 - Set plugin database path to: C:\ST\STM32CubeIDE_1.14.0\STM32CubeIDE\plugins\com.st.stm32cube.common.mx_6.10.0.202311202037\\db\/plugins/boardmanager/
2023-12-28 08:21:26,364 [INFO] ApiDb:261 - Set plugin images path to: C:\ST\STM32CubeIDE_1.14.0\STM32CubeIDE\plugins\com.st.stm32cube.common.mx_6.10.0.202311202037\\db\/plugins/mcufinder/images/
2023-12-28 08:21:26,365 [WARN] DbFile:41 - Overriding database path with different value: C:\Users\KDS-LTP-0415\.stmcufinder\plugins\mcufinder/ => C:\Users\KDS-LTP-0415\.stmcufinder\plugins\mcufinder
2023-12-28 08:21:26,365 [INFO] ApiDb:250 - Set database path to: C:\Users\KDS-LTP-0415\.stmcufinder\plugins\mcufinder//mcu/
2023-12-28 08:21:26,365 [WARN] DbFile:41 - Overriding database path with different value: C:\Users\KDS-LTP-0415\.stmcufinder\plugins\mcufinder/ => C:\Users\KDS-LTP-0415\.stmcufinder\plugins\mcufinder
2023-12-28 08:21:26,365 [INFO] DbMcusAds:125 - Set database path to: C:\Users\KDS-LTP-0415\.stmcufinder\plugins\mcufinder//mcu/
2023-12-28 08:21:26,365 [WARN] DbFile:41 - Overriding database path with different value: C:\Users\KDS-LTP-0415\.stmcufinder\plugins\mcufinder/ => C:\Users\KDS-LTP-0415\.stmcufinder\plugins\mcufinder
2023-12-28 08:21:26,365 [WARN] DbFile:41 - Overriding database path with different value: C:\Users\KDS-LTP-0415\.stmcufinder\plugins\mcufinder/ => C:\Users\KDS-LTP-0415\.stmcufinder\plugins\mcufinder
2023-12-28 08:21:26,365 [INFO] CrossReferenceDbSqlite:203 - Set database path to: C:\Users\KDS-LTP-0415\.stmcufinder\plugins\mcufinder//mcu/cs/
2023-12-28 08:21:26,386 [INFO] ApplicationProperties:184 - Using Application install path: C:\ST\STM32CubeIDE_1.14.0\STM32CubeIDE\plugins\com.st.stm32cube.common.mx_6.10.0.202311202037
2023-12-28 08:21:26,387 [INFO] PluginManage:196 - Search for loadable plugins [exclusion list=, ]
2023-12-28 08:21:26,389 [INFO] PluginManage:310 - Check plugin analytics
2023-12-28 08:21:26,605 [INFO] AnalyticsPlugin:253 - Accepted Software Licenses: STM32CubeMX.6.2.1,STM32CubeMX.6.6.1,STM32CubeMX.6.7.0,STM32CubeMX.6.8.1,STM32CubeMX.6.9.1
2023-12-28 08:21:26,606 [INFO] AnalyticsPlugin:255 - Accepted CMSIS Pack Licenses: EdgeImpulse.osugiw-project-1.1.0.1
2023-12-28 08:21:26,606 [INFO] AnalyticsPlugin:257 - Accepted Firmware Licenses: FW.G0.1.6.0,FW.WB.1.16.0
2023-12-28 08:21:26,610 [INFO] PluginManage:359 - Loaded plugin analytics (category:tool,tabindex:-1)
2023-12-28 08:21:26,610 [INFO] PluginManage:310 - Check plugin cadmodel
2023-12-28 08:21:26,628 [INFO] CADModel:105 - Init CAD model plugin
2023-12-28 08:21:26,629 [INFO] PluginManage:359 - Loaded plugin cadmodel (category:power,tabindex:5)
2023-12-28 08:21:26,629 [INFO] PluginManage:310 - Check plugin clock
2023-12-28 08:21:26,645 [INFO] PluginManage:359 - Loaded plugin clock (category:base,tabindex:2)
2023-12-28 08:21:26,645 [INFO] PluginManage:310 - Check plugin ddr
2023-12-28 08:21:26,647 [INFO] PluginManage:359 - Loaded plugin ddr (category:tool,tabindex:6)
2023-12-28 08:21:26,647 [INFO] PluginManage:310 - Check plugin filemanager
2023-12-28 08:21:26,801 [INFO] PluginManage:359 - Loaded plugin filemanager (category:base,tabindex:10)
2023-12-28 08:21:26,802 [INFO] PluginManage:310 - Check plugin ipmanager
2023-12-28 08:21:26,807 [INFO] PluginManage:359 - Loaded plugin ipmanager (category:base,tabindex:5)
2023-12-28 08:21:26,807 [INFO] PluginManage:310 - Check plugin lpbam
2023-12-28 08:21:27,075 [INFO] PluginManage:359 - Loaded plugin lpbam (category:base,tabindex:0)
2023-12-28 08:21:27,075 [INFO] PluginManage:310 - Check plugin memorymap
2023-12-28 08:21:27,375 [INFO] PluginManage:359 - Loaded plugin memorymap (category:base,tabindex:4)
2023-12-28 08:21:27,375 [INFO] PluginManage:310 - Check plugin pinoutandconfiguration
2023-12-28 08:21:27,387 [INFO] PluginManage:359 - Loaded plugin pinoutandconfiguration (category:base,tabindex:1)
2023-12-28 08:21:27,388 [INFO] PluginManage:310 - Check plugin pinoutconfig
2023-12-28 08:21:27,470 [WARN] SupportedApi:132 - Cannot load RTOS API schema: s4s-elt-must-match.1: The content of 'definitions' must match (annotation?, (simpleType | complexType)?, (unique | key | keyref)*)). A problem was found starting at: attribute.
2023-12-28 08:21:27,630 [INFO] PluginManage:359 - Loaded plugin pinoutconfig (category:base,tabindex:0)
2023-12-28 08:21:27,630 [INFO] PluginManage:310 - Check plugin power
2023-12-28 08:21:27,667 [INFO] PluginManage:359 - Loaded plugin power (category:power,tabindex:4)
2023-12-28 08:21:27,667 [INFO] PluginManage:310 - Check plugin projectmanager
2023-12-28 08:21:27,682 [INFO] PluginManage:359 - Loaded plugin projectmanager (category:projectmanager,tabindex:3)
2023-12-28 08:21:27,682 [INFO] PluginManage:310 - Check plugin thirdparty
2023-12-28 08:21:27,973 [WARN] IntegrityCheckThread:84 - waiting for thirdparty lock release [integrity check]
2023-12-28 08:21:27,973 [INFO] PluginManage:359 - Loaded plugin thirdparty (category:base,tabindex:-1)
2023-12-28 08:21:27,973 [INFO] IntegrityCheckThread:86 - entering critical section [integrity check]
2023-12-28 08:21:27,974 [INFO] PluginManage:310 - Check plugin tools
2023-12-28 08:21:27,974 [INFO] ThirdPartyUpdaterWithRetryManager:70 - Updater plugin not ready yet. [1/15]
2023-12-28 08:21:28,006 [INFO] PluginManage:359 - Loaded plugin tools (category:base,tabindex:7)
2023-12-28 08:21:28,006 [INFO] PluginManage:310 - Check plugin tutovideos
2023-12-28 08:21:28,253 [INFO] PluginManage:359 - Loaded plugin tutovideos (category:base,tabindex:-1)
2023-12-28 08:21:28,253 [INFO] PluginManage:310 - Check plugin updater
2023-12-28 08:21:28,267 [INFO] PluginManage:359 - Loaded plugin updater (category:base,tabindex:12)
2023-12-28 08:21:28,268 [INFO] PluginManage:310 - Check plugin userauth
2023-12-28 08:21:28,276 [INFO] UserAuth:114 - Init User Auth plugin
2023-12-28 08:21:28,277 [INFO] PluginManage:359 - Loaded plugin userauth (category:base,tabindex:14)
2023-12-28 08:21:28,279 [INFO] PluginManage:283 - PluginManage : Loaded plugins [17]
2023-12-28 08:21:28,535 [INFO] PinOutPanel:1499 - setPackage(No Configuration,No Configuration)
2023-12-28 08:21:28,643 [INFO] CADModel:165 - CPN selected for project level
2023-12-28 08:21:28,643 [INFO] CADModel:114 - Register for checkConnection events
2023-12-28 08:21:28,742 [INFO] IPUIPlugin:80 - create IPUIPlugin
2023-12-28 08:21:28,742 [INFO] PluginManager:220 - loadIPPluginJar : add adc
2023-12-28 08:21:28,770 [INFO] IPUIPlugin:80 - create IPUIPlugin
2023-12-28 08:21:28,770 [INFO] PluginManager:220 - loadIPPluginJar : add aes
2023-12-28 08:21:28,799 [INFO] IPUIPlugin:80 - create IPUIPlugin
2023-12-28 08:21:28,799 [INFO] PluginManager:220 - loadIPPluginJar : add can
2023-12-28 08:21:28,814 [INFO] IPUIPlugin:80 - create IPUIPlugin
2023-12-28 08:21:28,814 [INFO] PluginManager:220 - loadIPPluginJar : add comp
2023-12-28 08:21:28,839 [INFO] IPUIPlugin:80 - create IPUIPlugin
2023-12-28 08:21:28,839 [INFO] PluginManager:220 - loadIPPluginJar : add cryp
2023-12-28 08:21:28,865 [INFO] IPUIPlugin:80 - create IPUIPlugin
2023-12-28 08:21:28,866 [INFO] PluginManager:220 - loadIPPluginJar : add dfsdm
2023-12-28 08:21:28,929 [INFO] IPUIPlugin:80 - create IPUIPlugin
2023-12-28 08:21:28,929 [INFO] PluginManager:220 - loadIPPluginJar : add dma
2023-12-28 08:21:28,969 [INFO] IPUIPlugin:80 - create IPUIPlugin
2023-12-28 08:21:28,969 [INFO] PluginManager:220 - loadIPPluginJar : add dma3
2023-12-28 08:21:28,990 [INFO] IPUIPlugin:80 - create IPUIPlugin
2023-12-28 08:21:28,990 [INFO] PluginManager:220 - loadIPPluginJar : add fatfs
2023-12-28 08:21:29,054 [INFO] IPUIPlugin:80 - create IPUIPlugin
2023-12-28 08:21:29,054 [INFO] PluginManager:220 - loadIPPluginJar : add fmc
2023-12-28 08:21:29,067 [INFO] IPUIPlugin:80 - create IPUIPlugin
2023-12-28 08:21:29,067 [INFO] PluginManager:220 - loadIPPluginJar : add freertos
2023-12-28 08:21:29,087 [INFO] IPUIPlugin:80 - create IPUIPlugin
2023-12-28 08:21:29,087 [INFO] PluginManager:220 - loadIPPluginJar : add genericplugin
2023-12-28 08:21:29,160 [INFO] IPUIPlugin:80 - create IPUIPlugin
2023-12-28 08:21:29,161 [INFO] PluginManager:220 - loadIPPluginJar : add gfxmmu
2023-12-28 08:21:29,251 [INFO] IPUIPlugin:80 - create IPUIPlugin
2023-12-28 08:21:29,252 [INFO] PluginManager:220 - loadIPPluginJar : add gic
2023-12-28 08:21:29,425 [INFO] IPUIPlugin:80 - create IPUIPlugin
2023-12-28 08:21:29,426 [INFO] PluginManager:220 - loadIPPluginJar : add gpio
2023-12-28 08:21:29,510 [INFO] IPUIPlugin:80 - create IPUIPlugin
2023-12-28 08:21:29,511 [INFO] PluginManager:220 - loadIPPluginJar : add gtzc
2023-12-28 08:21:29,536 [INFO] IPUIPlugin:80 - create IPUIPlugin
2023-12-28 08:21:29,536 [INFO] PluginManager:220 - loadIPPluginJar : add hash
2023-12-28 08:21:29,570 [INFO] IPUIPlugin:80 - create IPUIPlugin
2023-12-28 08:21:29,570 [INFO] PluginManager:220 - loadIPPluginJar : add i2c
2023-12-28 08:21:29,597 [INFO] IPUIPlugin:80 - create IPUIPlugin
2023-12-28 08:21:29,597 [INFO] PluginManager:220 - loadIPPluginJar : add i2s
2023-12-28 08:21:29,623 [INFO] IPUIPlugin:80 - create IPUIPlugin
2023-12-28 08:21:29,624 [INFO] PluginManager:220 - loadIPPluginJar : add i3c
2023-12-28 08:21:29,670 [INFO] IPUIPlugin:80 - create IPUIPlugin
2023-12-28 08:21:29,671 [INFO] PluginManager:220 - loadIPPluginJar : add ipddr
2023-12-28 08:21:29,734 [INFO] IPUIPlugin:80 - create IPUIPlugin
2023-12-28 08:21:29,734 [INFO] PluginManager:220 - loadIPPluginJar : add linkedlist
2023-12-28 08:21:29,765 [INFO] IPUIPlugin:80 - create IPUIPlugin
2023-12-28 08:21:29,765 [INFO] PluginManager:220 - loadIPPluginJar : add lorawan
2023-12-28 08:21:29,807 [INFO] IPUIPlugin:80 - create IPUIPlugin
2023-12-28 08:21:29,807 [INFO] PluginManager:220 - loadIPPluginJar : add ltdc
2023-12-28 08:21:29,985 [INFO] IPUIPlugin:80 - create IPUIPlugin
2023-12-28 08:21:29,985 [INFO] PluginManager:220 - loadIPPluginJar : add mdma
2023-12-28 08:21:30,139 [INFO] IPUIPlugin:80 - create IPUIPlugin
2023-12-28 08:21:30,139 [INFO] PluginManager:220 - loadIPPluginJar : add nvic
2023-12-28 08:21:30,179 [INFO] IPUIPlugin:80 - create IPUIPlugin
2023-12-28 08:21:30,179 [INFO] PluginManager:220 - loadIPPluginJar : add opamp
2023-12-28 08:21:30,255 [INFO] IPUIPlugin:80 - create IPUIPlugin
2023-12-28 08:21:30,255 [INFO] PluginManager:220 - loadIPPluginJar : add openamp
2023-12-28 08:21:30,289 [INFO] IPUIPlugin:80 - create IPUIPlugin
2023-12-28 08:21:30,289 [INFO] PluginManager:220 - loadIPPluginJar : add pdm2pcm
2023-12-28 08:21:30,434 [INFO] IPUIPlugin:80 - create IPUIPlugin
2023-12-28 08:21:30,436 [INFO] PluginManager:220 - loadIPPluginJar : add plateformsettings
2023-12-28 08:21:30,452 [INFO] IPUIPlugin:80 - create IPUIPlugin
2023-12-28 08:21:30,452 [INFO] PluginManager:220 - loadIPPluginJar : add quadspi
2023-12-28 08:21:30,462 [INFO] IPUIPlugin:80 - create IPUIPlugin
2023-12-28 08:21:30,462 [INFO] PluginManager:220 - loadIPPluginJar : add resmgrutility
2023-12-28 08:21:30,493 [INFO] IPUIPlugin:80 - create IPUIPlugin
2023-12-28 08:21:30,493 [INFO] PluginManager:220 - loadIPPluginJar : add sai
2023-12-28 08:21:30,544 [INFO] IPUIPlugin:80 - create IPUIPlugin
2023-12-28 08:21:30,545 [INFO] PluginManager:220 - loadIPPluginJar : add spi
2023-12-28 08:21:30,601 [INFO] IPUIPlugin:80 - create IPUIPlugin
2023-12-28 08:21:30,602 [INFO] PluginManager:220 - loadIPPluginJar : add stm32_wpan
2023-12-28 08:21:30,619 [INFO] IPUIPlugin:80 - create IPUIPlugin
2023-12-28 08:21:30,619 [INFO] PluginManager:220 - loadIPPluginJar : add tim
2023-12-28 08:21:30,661 [INFO] IPUIPlugin:80 - create IPUIPlugin
2023-12-28 08:21:30,661 [INFO] PluginManager:220 - loadIPPluginJar : add touchsensing
2023-12-28 08:21:30,679 [INFO] IPUIPlugin:80 - create IPUIPlugin
2023-12-28 08:21:30,679 [INFO] PluginManager:220 - loadIPPluginJar : add tracer_emb
2023-12-28 08:21:30,696 [INFO] IPUIPlugin:80 - create IPUIPlugin
2023-12-28 08:21:30,696 [INFO] PluginManager:220 - loadIPPluginJar : add ts
2023-12-28 08:21:30,713 [INFO] IPUIPlugin:80 - create IPUIPlugin
2023-12-28 08:21:30,713 [INFO] PluginManager:220 - loadIPPluginJar : add tsc
2023-12-28 08:21:30,731 [INFO] IPUIPlugin:80 - create IPUIPlugin
2023-12-28 08:21:30,731 [INFO] PluginManager:220 - loadIPPluginJar : add ucpd
2023-12-28 08:21:30,768 [INFO] IPUIPlugin:80 - create IPUIPlugin
2023-12-28 08:21:30,768 [INFO] PluginManager:220 - loadIPPluginJar : add usart
2023-12-28 08:21:30,798 [INFO] IPUIPlugin:80 - create IPUIPlugin
2023-12-28 08:21:30,798 [INFO] PluginManager:220 - loadIPPluginJar : add usbx
2023-12-28 08:21:30,974 [INFO] CADModel:165 - CPN selected for project level
2023-12-28 08:21:30,974 [INFO] CADModel:114 - Register for checkConnection events
2023-12-28 08:21:30,974 [FATAL] Updater:308 - Updater called before beeing initialized
2023-12-28 08:21:30,974 [ERROR] CADModel:125 - Updater not yet initialized, retry later 
2023-12-28 08:21:30,975 [INFO] ThirdPartyUpdaterWithRetryManager:70 - Updater plugin not ready yet. [2/15]
2023-12-28 08:21:31,137 [INFO] CADModel:165 - CPN selected for project level
2023-12-28 08:21:31,138 [INFO] CADModel:114 - Register for checkConnection events
2023-12-28 08:21:31,139 [FATAL] Updater:308 - Updater called before beeing initialized
2023-12-28 08:21:31,142 [ERROR] CADModel:125 - Updater not yet initialized, retry later 
2023-12-28 08:21:31,151 [FATAL] Updater:308 - Updater called before beeing initialized
2023-12-28 08:21:31,274 [FATAL] Updater:308 - Updater called before beeing initialized
2023-12-28 08:21:31,283 [INFO] DbMcusAds:53 - JSON generation date=Tue Mar 07 15:50:55 WIB 2023 (1678179055335)
2023-12-28 08:21:31,283 [FATAL] Updater:308 - Updater called before beeing initialized
2023-12-28 08:21:31,401 [WARN] DetailPanel:346 - Failed to get advertising image, set to default
2023-12-28 08:21:31,499 [FATAL] Updater:308 - Updater called before beeing initialized
2023-12-28 08:21:31,502 [FATAL] Updater:308 - Updater called before beeing initialized
2023-12-28 08:21:31,502 [FATAL] Updater:308 - Updater called before beeing initialized
2023-12-28 08:21:31,502 [WARN] DetailPanel:346 - Failed to get advertising image, set to default
2023-12-28 08:21:31,503 [FATAL] Updater:308 - Updater called before beeing initialized
2023-12-28 08:21:31,572 [ERROR] Updater:1120 - MainUpdater not yet initialized. External WinMGr cannot be set.
2023-12-28 08:21:31,580 [INFO] Updater:1056 - Updater Version found : 6.10.0
2023-12-28 08:21:31,595 [INFO] ApplicationProperties:184 - Using Application install path: C:\ST\STM32CubeIDE_1.14.0\STM32CubeIDE\plugins\com.st.stm32cube.common.mx_6.10.0.202311202037
2023-12-28 08:21:32,272 [INFO] MainUpdater:2873 - connection check result : 10
2023-12-28 08:21:32,273 [INFO] MainUpdater:3567 - Updater definition file requires update
2023-12-28 08:21:32,277 [INFO] MainUpdater:290 - Updater Check For Update Now.
2023-12-28 08:21:32,277 [INFO] MicroXplorer:498 - Change Database Version : DB.6.0.100
2023-12-28 08:21:32,299 [INFO] McuFinderGlobals:63 - Set McuFinder mode to 2 (CubeIDE integrated)
2023-12-28 08:21:32,299 [INFO] UserAuth:180 - activating auth plugin
2023-12-28 08:21:32,302 [INFO] UserAuth:404 - Internet connection configuration mode: 1
2023-12-28 08:21:32,326 [INFO] JxBrowserEngine:152 - Initiate JxBrowser Engine with user profile folder
2023-12-28 08:21:32,416 [INFO] ServerAccessManage:473 - Download File updaters.zip
2023-12-28 08:21:32,486 [INFO] FileExtend:240 - Unzip File : updaters.zip
2023-12-28 08:21:32,487 [INFO] FileExtend:255 - Standard Zip Deflate
2023-12-28 08:21:33,004 [INFO] ServerAccessManage:473 - Download File PacksControlFlags.xml
2023-12-28 08:21:33,144 [INFO] ServerAccessManage:473 - Download File cubemx.pidx
2023-12-28 08:21:33,597 [INFO] LoadServerUpdatesThread:375 - End of LoadServerUpdate Thread
2023-12-28 08:21:33,803 [INFO] CheckServerUpdateThread:120 - End of CheckServer Thread
2023-12-28 08:21:34,399 [WARN] PackLoader:240 - Cannot read IP mode file for STMicroelectronics.X-CUBE-SMBUS.2.1.0
2023-12-28 08:21:34,418 [WARN] PackLoader:240 - Cannot read IP mode file for STMicroelectronics.X-CUBE-TOUCHGFX.4.23.0
2023-12-28 08:21:34,474 [WARN] PackLoader:240 - Cannot read IP mode file for STMicroelectronics.X-CUBE-AZRTOS-F7.1.1.0
2023-12-28 08:21:34,500 [ERROR] RealEvaluatedCondition:428 - Found unsupported composite condition: GROUP='STM32_MetaDataManager' CLASS='Data Exchange'
2023-12-28 08:21:34,500 [ERROR] RealEvaluatedCondition:428 - Found unsupported composite condition: GROUP='STM32_MetaDataManager' CLASS='Data Exchange'
2023-12-28 08:21:34,503 [WARN] PackLoader:240 - Cannot read IP mode file for STMicroelectronics.FP-SNS-MOTENV1.4.3.0
2023-12-28 08:21:34,525 [WARN] PackLoader:240 - Cannot read IP mode file for STMicroelectronics.FP-SNS-MOTENV1.4.3.2
2023-12-28 08:21:34,570 [WARN] PackLoader:240 - Cannot read IP mode file for STMicroelectronics.FP-SNS-FLIGHT1.5.0.0
2023-12-28 08:21:34,610 [ERROR] RealEvaluatedCondition:428 - Found unsupported composite condition: GROUP='STM32_MetaDataManager' CLASS='Data Exchange'
2023-12-28 08:21:34,610 [ERROR] RealEvaluatedCondition:428 - Found unsupported composite condition: CLASS='Data Exchange' GROUP='STM32_MetaDataManager'
2023-12-28 08:21:34,619 [WARN] PackLoader:240 - Cannot read IP mode file for STMicroelectronics.FP-SNS-MOTENV1.4.3.1
2023-12-28 08:21:34,648 [WARN] PackLoader:240 - Cannot read IP mode file for STMicroelectronics.FP-SNS-FLIGHT1.5.0.1
2023-12-28 08:21:34,689 [WARN] PackLoader:240 - Cannot read IP mode file for STMicroelectronics.X-CUBE-BLE1.6.2.3
2023-12-28 08:21:34,719 [WARN] PackLoader:240 - Cannot read IP mode file for STMicroelectronics.X-CUBE-BLE1.6.2.4
2023-12-28 08:21:34,746 [WARN] PackLoader:240 - Cannot read IP mode file for STMicroelectronics.FP-SNS-FLIGHT1.5.0.2
2023-12-28 08:21:34,778 [WARN] PackLoader:240 - Cannot read IP mode file for STMicroelectronics.X-CUBE-TOF1.3.1.0
2023-12-28 08:21:34,827 [WARN] PackLoader:240 - Cannot read IP mode file for STMicroelectronics.X-CUBE-DISPLAY.3.0.0
2023-12-28 08:21:34,869 [WARN] PackLoader:240 - Cannot read IP mode file for STMicroelectronics.X-CUBE-BLE1.7.0.0
2023-12-28 08:21:34,905 [WARN] PackLoader:240 - Cannot read IP mode file for emotas.I-CUBE-CANOPEN.1.3.0
2023-12-28 08:21:34,924 [WARN] PackLoader:240 - Cannot read IP mode file for STMicroelectronics.X-CUBE-TOUCHGFX.4.22.0
2023-12-28 08:21:34,938 [WARN] PackLoader:240 - Cannot read IP mode file for STMicroelectronics.X-CUBE-TOUCHGFX.4.22.1
2023-12-28 08:21:35,018 [WARN] PackLoader:240 - Cannot read IP mode file for STMicroelectronics.X-CUBE-MEMS1.9.3.0
2023-12-28 08:21:35,373 [WARN] PackLoader:240 - Cannot read IP mode file for STMicroelectronics.X-CUBE-AI.7.2.0
2023-12-28 08:21:35,398 [WARN] PackLoader:240 - Cannot read IP mode file for STMicroelectronics.FP-SNS-SMARTAG2.1.2.0
2023-12-28 08:21:35,443 [INFO] LogOutputStream:77 - [STDOUT_REDIRECT] 1 : Invalid condition id : UX_CORESTACK_Condition cause : null
2023-12-28 08:21:35,447 [INFO] LogOutputStream:77 - [STDOUT_REDIRECT] 1 : Invalid condition id : UX_CORESTACK_Condition cause : null
2023-12-28 08:21:35,450 [INFO] LogOutputStream:77 - [STDOUT_REDIRECT] 1 : Invalid condition id : UX_CORESTACK_Condition cause : null
2023-12-28 08:21:35,452 [INFO] LogOutputStream:77 - [STDOUT_REDIRECT] 1 : Invalid condition id : UX_CORESTACK_Condition cause : null
2023-12-28 08:21:35,454 [INFO] LogOutputStream:77 - [STDOUT_REDIRECT] 1 : Invalid condition id : UX_CORESTACK_Condition cause : null
2023-12-28 08:21:35,459 [WARN] PackLoader:240 - Cannot read IP mode file for STMicroelectronics.X-CUBE-AZRTOS-WL.2.0.0
2023-12-28 08:21:35,487 [WARN] PackLoader:240 - Cannot read IP mode file for WES.I-CUBE-Cesium.1.3.0
2023-12-28 08:21:35,509 [WARN] PackLoader:240 - Cannot read IP mode file for STMicroelectronics.X-CUBE-BLE2.3.3.0
2023-12-28 08:21:35,529 [WARN] PackLoader:240 - Cannot read IP mode file for STMicroelectronics.X-CUBE-DISPLAY.2.2.0
2023-12-28 08:21:35,560 [WARN] PackLoader:240 - Cannot read IP mode file for STMicroelectronics.X-CUBE-TOF1.3.2.0
2023-12-28 08:21:35,593 [WARN] PackLoader:240 - Cannot read IP mode file for STMicroelectronics.X-CUBE-ISPU.1.0.0
2023-12-28 08:21:35,768 [WARN] PackLoader:240 - Cannot read IP mode file for STMicroelectronics.X-CUBE-AZRTOS-H7.2.1.0
2023-12-28 08:21:35,814 [WARN] PackLoader:240 - Cannot read IP mode file for STMicroelectronics.X-CUBE-TOUCHGFX.4.21.1
2023-12-28 08:21:35,830 [WARN] PackLoader:240 - Cannot read IP mode file for STMicroelectronics.X-CUBE-TOUCHGFX.4.21.3
2023-12-28 08:21:35,845 [WARN] PackLoader:240 - Cannot read IP mode file for STMicroelectronics.X-CUBE-TOUCHGFX.4.21.4
2023-12-28 08:21:35,979 [WARN] PackLoader:240 - Cannot read IP mode file for STMicroelectronics.X-CUBE-MEMS1.9.4.0
2023-12-28 08:21:36,182 [WARN] PackLoader:240 - Cannot read IP mode file for STMicroelectronics.X-CUBE-AI.7.3.0
2023-12-28 08:21:36,393 [WARN] PackLoader:240 - Cannot read IP mode file for STMicroelectronics.X-CUBE-ALGOBUILD.1.3.0
2023-12-28 08:21:36,459 [WARN] PackLoader:240 - Cannot read IP mode file for STMicroelectronics.X-CUBE-AZRTOS-G0.1.1.0
2023-12-28 08:21:36,481 [WARN] PackLoader:240 - Cannot read IP mode file for STMicroelectronics.X-CUBE-NFC4.3.0.0
2023-12-28 08:21:36,598 [WARN] PackLoader:240 - Cannot read IP mode file for SEGGER.I-CUBE-embOS.1.2.0
2023-12-28 08:21:36,889 [WARN] PackLoader:240 - Cannot read IP mode file for STMicroelectronics.X-CUBE-BLEMGR.3.0.0
2023-12-28 08:21:36,919 [WARN] PackLoader:240 - Cannot read IP mode file for STMicroelectronics.X-CUBE-BLEMGR.1.3.0
2023-12-28 08:21:36,930 [INFO] WebApp:161 - Instantiating new browser for Auth
2023-12-28 08:21:36,947 [WARN] PackLoader:240 - Cannot read IP mode file for STMicroelectronics.FP-ATR-SIGFOX1.3.2.0
2023-12-28 08:21:36,992 [WARN] PackLoader:240 - Cannot read IP mode file for emotas.I-CUBE-CANOPEN.1.1.2
2023-12-28 08:21:37,005 [WARN] PackLoader:240 - Cannot read IP mode file for STMicroelectronics.X-CUBE-TOUCHGFX.4.20.0
2023-12-28 08:21:37,079 [WARN] PackLoader:240 - Cannot read IP mode file for STMicroelectronics.X-CUBE-MEMS1.9.5.0
2023-12-28 08:21:37,355 [WARN] PackLoader:240 - Cannot read IP mode file for SEGGER.I-CUBE-embOS.1.3.1
2023-12-28 08:21:37,438 [WARN] PackLoader:240 - Cannot read IP mode file for STMicroelectronics.X-CUBE-GNSS1.6.0.0
2023-12-28 08:21:37,481 [WARN] PackLoader:240 - Cannot read IP mode file for STMicroelectronics.X-CUBE-AZRTOS-F4.1.1.0
2023-12-28 08:21:37,497 [WARN] PackLoader:240 - Cannot read IP mode file for wolfSSL.I-CUBE-wolfSSL.5.6.3
2023-12-28 08:21:37,509 [WARN] PackLoader:240 - Cannot read IP mode file for wolfSSL.I-CUBE-wolfSSL.5.6.0
2023-12-28 08:21:37,529 [WARN] PackLoader:240 - Cannot read IP mode file for STMicroelectronics.X-CUBE-BLEMGR.1.2.0
2023-12-28 08:21:37,571 [WARN] PackLoader:240 - Cannot read IP mode file for STMicroelectronics.X-CUBE-AZRTOS-L5.2.0.0
2023-12-28 08:21:37,682 [WARN] PackLoader:240 - Cannot read IP mode file for STMicroelectronics.X-CUBE-MEMS1.9.6.0
2023-12-28 08:21:38,007 [WARN] PackLoader:240 - Cannot read IP mode file for STMicroelectronics.X-CUBE-EEPRMA1.4.2.0
2023-12-28 08:21:38,104 [WARN] PackLoader:240 - Cannot read IP mode file for ITTIA_DB.I-CUBE-ITTIADB.8.8.0
2023-12-28 08:21:38,137 [WARN] PackLoader:240 - Cannot read IP mode file for emotas.I-CUBE-CANOPEN.1.1.3
2023-12-28 08:21:38,188 [WARN] PackLoader:240 - Cannot read IP mode file for STMicroelectronics.X-CUBE-BLEMGR.2.0.0
2023-12-28 08:21:38,215 [WARN] PackLoader:240 - Cannot read IP mode file for STMicroelectronics.X-CUBE-NFC4.2.0.5
2023-12-28 08:21:38,239 [WARN] PackLoader:240 - Cannot read IP mode file for STMicroelectronics.X-CUBE-NFC4.2.0.4
2023-12-28 08:21:38,276 [WARN] ConditionMgr:438 - getConditionDescription Invalid condition id : UX DEVICE CLASS RTOS Condition cause : null
2023-12-28 08:21:38,277 [WARN] ConditionMgr:438 - getConditionDescription Invalid condition id : UX DEVICE CLASS RTOS Condition cause : null
2023-12-28 08:21:38,280 [WARN] PackLoader:240 - Cannot read IP mode file for STMicroelectronics.X-CUBE-AZRTOS-H7.3.1.0
2023-12-28 08:21:38,281 [WARN] ConditionMgr:1039 - genDependencies : Invalid condition id : UX DEVICE CLASS RTOS Condition cause : null
2023-12-28 08:21:38,281 [WARN] ConditionMgr:1039 - genDependencies : Invalid condition id : UX DEVICE CLASS RTOS Condition cause : null
2023-12-28 08:21:38,281 [WARN] ConditionMgr:1039 - genDependencies : Invalid condition id : UX DEVICE CLASS RTOS Condition cause : null
2023-12-28 08:21:38,282 [WARN] ConditionMgr:1039 - genDependencies : Invalid condition id : UX DEVICE CLASS RTOS Condition cause : null
2023-12-28 08:21:38,282 [WARN] ConditionMgr:1039 - genDependencies : Invalid condition id : UX DEVICE CLASS RTOS Condition cause : null
2023-12-28 08:21:38,299 [WARN] PackLoader:240 - Cannot read IP mode file for STMicroelectronics.X-CUBE-NFC7.1.0.1
2023-12-28 08:21:38,317 [WARN] PackLoader:240 - Cannot read IP mode file for STMicroelectronics.X-CUBE-NFC7.1.0.0
2023-12-28 08:21:38,340 [WARN] PackLoader:240 - Cannot read IP mode file for STMicroelectronics.X-CUBE-NFC6.3.0.0
2023-12-28 08:21:38,360 [WARN] PackLoader:240 - Cannot read IP mode file for STMicroelectronics.X-CUBE-EEPRMA1.4.1.0
2023-12-28 08:21:38,377 [WARN] PackLoader:240 - Cannot read IP mode file for STMicroelectronics.X-CUBE-AI.8.1.0
2023-12-28 08:21:38,438 [WARN] ConditionMgr:438 - getConditionDescription Invalid condition id : LAN8742 Phy interface Condition cause : null
2023-12-28 08:21:38,440 [WARN] PackLoader:240 - Cannot read IP mode file for STMicroelectronics.X-CUBE-AZRTOS-L4.2.0.0
2023-12-28 08:21:38,442 [WARN] ConditionMgr:1039 - genDependencies : Invalid condition id : LAN8742 Phy interface Condition cause : null
2023-12-28 08:21:38,443 [WARN] ConditionMgr:1039 - genDependencies : Invalid condition id : LAN8742 Phy interface Condition cause : null
2023-12-28 08:21:38,445 [WARN] ConditionMgr:1039 - genDependencies : Invalid condition id : LAN8742 Phy interface Condition cause : null
2023-12-28 08:21:38,478 [WARN] PackLoader:240 - Cannot read IP mode file for STMicroelectronics.X-CUBE-SFXS2LP1.4.0.0
2023-12-28 08:21:38,546 [WARN] PackLoader:240 - Cannot read IP mode file for STMicroelectronics.X-CUBE-AZRTOS-H7.3.0.0
2023-12-28 08:21:38,583 [WARN] PackLoader:240 - Cannot read IP mode file for STMicroelectronics.X-CUBE-ISPU.1.1.0
2023-12-28 08:21:38,621 [WARN] PackLoader:240 - Cannot read IP mode file for RoweBots.I-CUBE-UNISONRTOS.5.5.0-4
2023-12-28 08:21:38,653 [WARN] PackLoader:240 - Cannot read IP mode file for wolfSSL.I-CUBE-wolfSSL.5.4.0
2023-12-28 08:21:38,719 [WARN] PackLoader:240 - Cannot read IP mode file for STMicroelectronics.X-CUBE-AI.8.0.0
2023-12-28 08:21:38,840 [INFO] WebApp:780 - Register for checkConnection events
2023-12-28 08:21:38,848 [INFO] WebApp:414 - Apply proxy settings
2023-12-28 08:21:38,859 [WARN] ConditionMgr:438 - getConditionDescription Invalid condition id : UX DEVICE CLASS RTOS Condition cause : null
2023-12-28 08:21:38,859 [WARN] ConditionMgr:438 - getConditionDescription Invalid condition id : UX DEVICE CLASS RTOS Condition cause : null
2023-12-28 08:21:38,860 [INFO] WebApp:499 - Chromium requires no authentication
2023-12-28 08:21:38,863 [WARN] PackLoader:240 - Cannot read IP mode file for STMicroelectronics.X-CUBE-AZRTOS-WB.2.0.0
2023-12-28 08:21:38,864 [WARN] ConditionMgr:1039 - genDependencies : Invalid condition id : UX DEVICE CLASS RTOS Condition cause : null
2023-12-28 08:21:38,864 [WARN] ConditionMgr:1039 - genDependencies : Invalid condition id : UX DEVICE CLASS RTOS Condition cause : null
2023-12-28 08:21:38,865 [WARN] ConditionMgr:1039 - genDependencies : Invalid condition id : UX DEVICE CLASS RTOS Condition cause : null
2023-12-28 08:21:38,865 [WARN] ConditionMgr:1039 - genDependencies : Invalid condition id : UX DEVICE CLASS RTOS Condition cause : null
2023-12-28 08:21:38,866 [WARN] ConditionMgr:1039 - genDependencies : Invalid condition id : UX DEVICE CLASS RTOS Condition cause : null
2023-12-28 08:21:38,883 [INFO] WebApp:442 - Direct internet connection detected
2023-12-28 08:21:38,888 [WARN] PackLoader:240 - Cannot read IP mode file for STMicroelectronics.X-CUBE-FREERTOS.1.0.0
2023-12-28 08:21:38,908 [WARN] PackLoader:240 - Cannot read IP mode file for STMicroelectronics.X-CUBE-FREERTOS.1.0.1
2023-12-28 08:21:38,941 [WARN] PackLoader:240 - Cannot read IP mode file for STMicroelectronics.X-CUBE-BLEMGR.1.0.0
2023-12-28 08:21:39,023 [WARN] PackLoader:240 - Cannot read IP mode file for STMicroelectronics.X-CUBE-AZRTOS-L5.1.1.0
2023-12-28 08:21:39,045 [WARN] PackLoader:240 - Cannot read IP mode file for STMicroelectronics.X-CUBE-AI.8.0.1
2023-12-28 08:21:39,076 [WARN] PackLoader:240 - Cannot read IP mode file for STMicroelectronics.X-CUBE-SUBG2.5.0.0
2023-12-28 08:21:39,105 [WARN] PackLoader:240 - Cannot read IP mode file for STMicroelectronics.X-CUBE-TOF1.3.3.1
2023-12-28 08:21:39,148 [WARN] PackLoader:240 - Cannot read IP mode file for STMicroelectronics.X-CUBE-AZRTOS-G4.2.0.0
2023-12-28 08:21:39,175 [WARN] PackLoader:240 - Cannot read IP mode file for STMicroelectronics.X-CUBE-TOF1.3.3.0
2023-12-28 08:21:39,202 [WARN] PackLoader:240 - Cannot read IP mode file for STMicroelectronics.FP-ATR-ASTRA1.1.1.1
2023-12-28 08:21:39,246 [WARN] PackLoader:240 - Cannot read IP mode file for Infineon.AIROC-Wi-Fi-Bluetooth-STM32.1.5.1
2023-12-28 08:21:39,276 [WARN] PackLoader:240 - Cannot read IP mode file for STMicroelectronics.FP-ATR-ASTRA1.1.1.0
2023-12-28 08:21:39,293 [WARN] PackLoader:240 - Cannot read IP mode file for STMicroelectronics.FP-SNS-MOTENVWB1.1.3.0
2023-12-28 08:21:39,311 [WARN] PackLoader:240 - Cannot read IP mode file for STMicroelectronics.FP-SNS-MOTENVWB1.1.3.1
2023-12-28 08:21:39,344 [WARN] PackLoader:240 - Cannot read IP mode file for STMicroelectronics.X-CUBE-AZRTOS-G4.1.0.0
2023-12-28 08:21:39,400 [WARN] PackLoader:240 - Cannot read IP mode file for STMicroelectronics.X-CUBE-AZRTOS-L4.1.0.0
2023-12-28 08:21:39,418 [WARN] PackLoader:240 - Cannot read IP mode file for STMicroelectronics.X-CUBE-ISPU.2.0.0
2023-12-28 08:21:39,423 [INFO] WebApp:192 - Starting web application
2023-12-28 08:21:39,423 [INFO] WebApp:544 - Web application path used C:\ST\STM32CubeIDE_1.14.0\STM32CubeIDE\plugins\com.st.stm32cube.common.mx_6.10.0.202311202037\db\plugins\mcufinder\reactClient1\index.html
2023-12-28 08:21:39,484 [WARN] PackLoader:240 - Cannot read IP mode file for STMicroelectronics.X-CUBE-MEMS1.10.0.0
2023-12-28 08:21:39,679 [WARN] PackLoader:240 - Cannot read IP mode file for STMicroelectronics.X-CUBE-FREERTOS.1.1.0
2023-12-28 08:21:39,717 [WARN] PackLoader:240 - Cannot read IP mode file for STMicroelectronics.X-CUBE-AZRTOS-WL.1.0.0
2023-12-28 08:21:39,751 [WARN] PackLoader:240 - Cannot read IP mode file for portGmbH.I-Cube-SoM-uGOAL.1.1.0
2023-12-28 08:21:39,824 [WARN] PackLoader:240 - Cannot read IP mode file for STMicroelectronics.X-CUBE-ALS.1.0.1
2023-12-28 08:21:39,867 [WARN] PackLoader:240 - Cannot read IP mode file for STMicroelectronics.X-CUBE-AZRTOS-WB.1.1.0
2023-12-28 08:21:39,907 [WARN] PackLoader:240 - Cannot read IP mode file for STMicroelectronics.X-CUBE-AZRTOS-L5.1.0.0
2023-12-28 08:21:39,923 [WARN] PackLoader:240 - Cannot read IP mode file for STMicroelectronics.X-CUBE-EEPRMA1.3.1.1
2023-12-28 08:21:39,938 [WARN] PackLoader:240 - Cannot read IP mode file for STMicroelectronics.FP-ATR-ASTRA1.2.0.0
2023-12-28 08:21:39,967 [WARN] PackLoader:240 - Cannot read IP mode file for STMicroelectronics.X-CUBE-TOF1.3.4.0
2023-12-28 08:21:40,065 [WARN] PackLoader:240 - Cannot read IP mode file for STMicroelectronics.X-CUBE-AZRTOS-H7.3.2.0
2023-12-28 08:21:40,081 [INFO] ThirdParty:978 - Integrity check success = true
2023-12-28 08:21:40,081 [INFO] IntegrityCheckThread:100 - exiting critical section [integrity check]
2023-12-28 08:21:40,081 [INFO] IntegrityCheckThread:103 - End integrity checks thread
2023-12-28 08:22:01,508 [ERROR] LogOutputStream:75 - [STDERR_REDIRECT] SLF4J: Failed to load class "org.slf4j.impl.StaticLoggerBinder".
2023-12-28 08:22:01,511 [ERROR] LogOutputStream:75 - [STDERR_REDIRECT] SLF4J: Defaulting to no-operation (NOP) logger implementation
2023-12-28 08:22:01,514 [ERROR] LogOutputStream:75 - [STDERR_REDIRECT] SLF4J: See http://www.slf4j.org/codes.html#StaticLoggerBinder for further details.
2023-12-28 08:39:35,258 [ERROR] LogOutputStream:75 - [STDERR_REDIRECT] 
