2024-08-14 08:36:23,323 [INFO] Activator:176 - 


2024-08-14 08:36:23,329 [INFO] Activator:177 - !SESSION log4j initialized
2024-08-14 08:36:31,421 [INFO] LogOutputStream:77 - [STDOUT_REDIRECT] 
2024-08-14 08:36:37,000 [INFO] ApplicationProperties:184 - Using Application install path: C:\ST\STM32CubeIDE_1.15.1\STM32CubeIDE\plugins\com.st.stm32cube.common.mx_6.11.1.202404110753
2024-08-14 08:36:37,023 [INFO] DbMcusXml:78 - Set database path to: C:\ST\STM32CubeIDE_1.15.1\STM32CubeIDE\plugins\com.st.stm32cube.common.mx_6.11.1.202404110753\\db\/mcu/
2024-08-14 08:36:37,023 [INFO] ApiDb:274 - Set plugin database path to: C:\ST\STM32CubeIDE_1.15.1\STM32CubeIDE\plugins\com.st.stm32cube.common.mx_6.11.1.202404110753\\db\/plugins/boardmanager/
2024-08-14 08:36:37,024 [WARN] ApiDb:259 - Overriding images path with different value:  => C:\ST\STM32CubeIDE_1.15.1\STM32CubeIDE\plugins\com.st.stm32cube.common.mx_6.11.1.202404110753\\db\/plugins/mcufinder/images/
2024-08-14 08:36:37,045 [INFO] ApiDb:250 - Set database path to: C:\Users\KDS-LTP-0415\.stmcufinder\plugins\mcufinder//mcu/
2024-08-14 08:36:37,047 [INFO] DbMcusAds:125 - Set database path to: C:\Users\KDS-LTP-0415\.stmcufinder\plugins\mcufinder//mcu/
2024-08-14 08:36:37,049 [INFO] CrossReferenceDbSqlite:203 - Set database path to: C:\Users\KDS-LTP-0415\.stmcufinder\plugins\mcufinder//mcu/cs/
2024-08-14 08:36:37,185 [INFO] RulesReader:64 - Compatibility file has been processed (297 Rules)
2024-08-14 08:36:37,272 [INFO] DbMcusXml:78 - Set database path to: C:\ST\STM32CubeIDE_1.15.1\STM32CubeIDE\plugins\com.st.stm32cube.common.mx_6.11.1.202404110753\\db\/mcu/
2024-08-14 08:36:37,274 [INFO] ApiDb:274 - Set plugin database path to: C:\ST\STM32CubeIDE_1.15.1\STM32CubeIDE\plugins\com.st.stm32cube.common.mx_6.11.1.202404110753\\db\/plugins/boardmanager/
2024-08-14 08:36:37,274 [INFO] ApiDb:261 - Set plugin images path to: C:\ST\STM32CubeIDE_1.15.1\STM32CubeIDE\plugins\com.st.stm32cube.common.mx_6.11.1.202404110753\\db\/plugins/mcufinder/images/
2024-08-14 08:36:37,274 [WARN] DbFile:41 - Overriding database path with different value: C:\Users\KDS-LTP-0415\.stmcufinder\plugins\mcufinder/ => C:\Users\KDS-LTP-0415\.stmcufinder\plugins\mcufinder
2024-08-14 08:36:37,274 [INFO] ApiDb:250 - Set database path to: C:\Users\KDS-LTP-0415\.stmcufinder\plugins\mcufinder//mcu/
2024-08-14 08:36:37,274 [WARN] DbFile:41 - Overriding database path with different value: C:\Users\KDS-LTP-0415\.stmcufinder\plugins\mcufinder/ => C:\Users\KDS-LTP-0415\.stmcufinder\plugins\mcufinder
2024-08-14 08:36:37,274 [INFO] DbMcusAds:125 - Set database path to: C:\Users\KDS-LTP-0415\.stmcufinder\plugins\mcufinder//mcu/
2024-08-14 08:36:37,274 [WARN] DbFile:41 - Overriding database path with different value: C:\Users\KDS-LTP-0415\.stmcufinder\plugins\mcufinder/ => C:\Users\KDS-LTP-0415\.stmcufinder\plugins\mcufinder
2024-08-14 08:36:37,274 [WARN] DbFile:41 - Overriding database path with different value: C:\Users\KDS-LTP-0415\.stmcufinder\plugins\mcufinder/ => C:\Users\KDS-LTP-0415\.stmcufinder\plugins\mcufinder
2024-08-14 08:36:37,274 [INFO] CrossReferenceDbSqlite:203 - Set database path to: C:\Users\KDS-LTP-0415\.stmcufinder\plugins\mcufinder//mcu/cs/
2024-08-14 08:36:37,349 [INFO] MainPanel:264 - HeapMemory: 268435456
2024-08-14 08:36:37,440 [INFO] DbMcusXml:78 - Set database path to: C:\ST\STM32CubeIDE_1.15.1\STM32CubeIDE\plugins\com.st.stm32cube.common.mx_6.11.1.202404110753\\db\/mcu/
2024-08-14 08:36:37,440 [INFO] ApiDb:274 - Set plugin database path to: C:\ST\STM32CubeIDE_1.15.1\STM32CubeIDE\plugins\com.st.stm32cube.common.mx_6.11.1.202404110753\\db\/plugins/boardmanager/
2024-08-14 08:36:37,441 [INFO] ApiDb:261 - Set plugin images path to: C:\ST\STM32CubeIDE_1.15.1\STM32CubeIDE\plugins\com.st.stm32cube.common.mx_6.11.1.202404110753\\db\/plugins/mcufinder/images/
2024-08-14 08:36:37,441 [WARN] DbFile:41 - Overriding database path with different value: C:\Users\KDS-LTP-0415\.stmcufinder\plugins\mcufinder/ => C:\Users\KDS-LTP-0415\.stmcufinder\plugins\mcufinder
2024-08-14 08:36:37,441 [INFO] ApiDb:250 - Set database path to: C:\Users\KDS-LTP-0415\.stmcufinder\plugins\mcufinder//mcu/
2024-08-14 08:36:37,441 [WARN] DbFile:41 - Overriding database path with different value: C:\Users\KDS-LTP-0415\.stmcufinder\plugins\mcufinder/ => C:\Users\KDS-LTP-0415\.stmcufinder\plugins\mcufinder
2024-08-14 08:36:37,441 [INFO] DbMcusAds:125 - Set database path to: C:\Users\KDS-LTP-0415\.stmcufinder\plugins\mcufinder//mcu/
2024-08-14 08:36:37,441 [WARN] DbFile:41 - Overriding database path with different value: C:\Users\KDS-LTP-0415\.stmcufinder\plugins\mcufinder/ => C:\Users\KDS-LTP-0415\.stmcufinder\plugins\mcufinder
2024-08-14 08:36:37,441 [WARN] DbFile:41 - Overriding database path with different value: C:\Users\KDS-LTP-0415\.stmcufinder\plugins\mcufinder/ => C:\Users\KDS-LTP-0415\.stmcufinder\plugins\mcufinder
2024-08-14 08:36:37,441 [INFO] CrossReferenceDbSqlite:203 - Set database path to: C:\Users\KDS-LTP-0415\.stmcufinder\plugins\mcufinder//mcu/cs/
2024-08-14 08:36:37,462 [INFO] ApplicationProperties:184 - Using Application install path: C:\ST\STM32CubeIDE_1.15.1\STM32CubeIDE\plugins\com.st.stm32cube.common.mx_6.11.1.202404110753
2024-08-14 08:36:37,464 [INFO] PluginManage:196 - Search for loadable plugins [exclusion list=, ]
2024-08-14 08:36:37,465 [INFO] PluginManage:310 - Check plugin analytics
2024-08-14 08:36:37,624 [INFO] AnalyticsPlugin:253 - Accepted Software Licenses: 
2024-08-14 08:36:37,624 [INFO] AnalyticsPlugin:255 - Accepted CMSIS Pack Licenses: STMicroelectronics.X-CUBE-TOF1.3.4.1
2024-08-14 08:36:37,624 [INFO] AnalyticsPlugin:257 - Accepted Firmware Licenses: FW.F4.1.28.0,FW.H7.1.11.0,FW.G0.1.6.0,FW.WB.1.19.0
2024-08-14 08:36:37,627 [INFO] PluginManage:359 - Loaded plugin analytics (category:tool,tabindex:-1)
2024-08-14 08:36:37,628 [INFO] PluginManage:310 - Check plugin cadmodel
2024-08-14 08:36:37,635 [INFO] CADModel:105 - Init CAD model plugin
2024-08-14 08:36:37,635 [INFO] PluginManage:359 - Loaded plugin cadmodel (category:power,tabindex:5)
2024-08-14 08:36:37,635 [INFO] PluginManage:310 - Check plugin clock
2024-08-14 08:36:37,646 [INFO] PluginManage:359 - Loaded plugin clock (category:base,tabindex:2)
2024-08-14 08:36:37,646 [INFO] PluginManage:310 - Check plugin ddr
2024-08-14 08:36:37,648 [INFO] PluginManage:359 - Loaded plugin ddr (category:tool,tabindex:6)
2024-08-14 08:36:37,648 [INFO] PluginManage:310 - Check plugin filemanager
2024-08-14 08:36:37,766 [INFO] PluginManage:359 - Loaded plugin filemanager (category:base,tabindex:10)
2024-08-14 08:36:37,766 [INFO] PluginManage:310 - Check plugin ipmanager
2024-08-14 08:36:37,772 [INFO] PluginManage:359 - Loaded plugin ipmanager (category:base,tabindex:5)
2024-08-14 08:36:37,773 [INFO] PluginManage:310 - Check plugin lpbam
2024-08-14 08:36:37,780 [INFO] PluginManage:359 - Loaded plugin lpbam (category:base,tabindex:0)
2024-08-14 08:36:37,781 [INFO] PluginManage:310 - Check plugin memorymap
2024-08-14 08:36:37,794 [INFO] PluginManage:359 - Loaded plugin memorymap (category:base,tabindex:4)
2024-08-14 08:36:37,794 [INFO] PluginManage:310 - Check plugin pinoutandconfiguration
2024-08-14 08:36:37,802 [INFO] PluginManage:359 - Loaded plugin pinoutandconfiguration (category:base,tabindex:1)
2024-08-14 08:36:37,802 [INFO] PluginManage:310 - Check plugin pinoutconfig
2024-08-14 08:36:37,876 [WARN] SupportedApi:132 - Cannot load RTOS API schema: s4s-elt-must-match.1: The content of 'definitions' must match (annotation?, (simpleType | complexType)?, (unique | key | keyref)*)). A problem was found starting at: attribute.
2024-08-14 08:36:38,004 [INFO] PluginManage:359 - Loaded plugin pinoutconfig (category:base,tabindex:0)
2024-08-14 08:36:38,004 [INFO] PluginManage:310 - Check plugin power
2024-08-14 08:36:38,016 [INFO] PluginManage:359 - Loaded plugin power (category:power,tabindex:4)
2024-08-14 08:36:38,016 [INFO] PluginManage:310 - Check plugin projectmanager
2024-08-14 08:36:38,032 [INFO] PluginManage:359 - Loaded plugin projectmanager (category:projectmanager,tabindex:3)
2024-08-14 08:36:38,032 [INFO] PluginManage:310 - Check plugin thirdparty
2024-08-14 08:36:38,251 [INFO] PluginManage:359 - Loaded plugin thirdparty (category:base,tabindex:-1)
2024-08-14 08:36:38,251 [INFO] PluginManage:310 - Check plugin tools
2024-08-14 08:36:38,251 [WARN] IntegrityCheckThread:84 - waiting for thirdparty lock release [integrity check]
2024-08-14 08:36:38,252 [INFO] IntegrityCheckThread:86 - entering critical section [integrity check]
2024-08-14 08:36:38,252 [INFO] ThirdPartyUpdaterWithRetryManager:70 - Updater plugin not ready yet. [1/15]
2024-08-14 08:36:38,255 [INFO] PluginManage:359 - Loaded plugin tools (category:base,tabindex:7)
2024-08-14 08:36:38,255 [INFO] PluginManage:310 - Check plugin tutovideos
2024-08-14 08:36:38,418 [INFO] PluginManage:359 - Loaded plugin tutovideos (category:base,tabindex:-1)
2024-08-14 08:36:38,418 [INFO] PluginManage:310 - Check plugin updater
2024-08-14 08:36:38,428 [INFO] PluginManage:359 - Loaded plugin updater (category:base,tabindex:12)
2024-08-14 08:36:38,428 [INFO] PluginManage:310 - Check plugin userauth
2024-08-14 08:36:38,434 [INFO] UserAuth:114 - Init User Auth plugin
2024-08-14 08:36:38,434 [INFO] PluginManage:359 - Loaded plugin userauth (category:base,tabindex:14)
2024-08-14 08:36:38,435 [INFO] PluginManage:283 - PluginManage : Loaded plugins [17]
2024-08-14 08:36:38,648 [INFO] PinOutPanel:1561 - setPackage(No Configuration,No Configuration)
2024-08-14 08:36:38,738 [INFO] CADModel:165 - CPN selected for project level
2024-08-14 08:36:38,739 [INFO] CADModel:114 - Register for checkConnection events
2024-08-14 08:36:38,759 [INFO] IPUIPlugin:80 - create IPUIPlugin
2024-08-14 08:36:38,760 [INFO] PluginManager:220 - loadIPPluginJar : add adc
2024-08-14 08:36:38,763 [INFO] IPUIPlugin:80 - create IPUIPlugin
2024-08-14 08:36:38,763 [INFO] PluginManager:220 - loadIPPluginJar : add aes
2024-08-14 08:36:38,768 [INFO] IPUIPlugin:80 - create IPUIPlugin
2024-08-14 08:36:38,768 [INFO] PluginManager:220 - loadIPPluginJar : add can
2024-08-14 08:36:38,771 [INFO] IPUIPlugin:80 - create IPUIPlugin
2024-08-14 08:36:38,771 [INFO] PluginManager:220 - loadIPPluginJar : add comp
2024-08-14 08:36:38,776 [INFO] IPUIPlugin:80 - create IPUIPlugin
2024-08-14 08:36:38,776 [INFO] PluginManager:220 - loadIPPluginJar : add cryp
2024-08-14 08:36:38,780 [INFO] IPUIPlugin:80 - create IPUIPlugin
2024-08-14 08:36:38,780 [INFO] PluginManager:220 - loadIPPluginJar : add dfsdm
2024-08-14 08:36:38,786 [INFO] IPUIPlugin:80 - create IPUIPlugin
2024-08-14 08:36:38,786 [INFO] PluginManager:220 - loadIPPluginJar : add dma
2024-08-14 08:36:38,791 [INFO] IPUIPlugin:80 - create IPUIPlugin
2024-08-14 08:36:38,791 [INFO] PluginManager:220 - loadIPPluginJar : add dma3
2024-08-14 08:36:38,795 [INFO] IPUIPlugin:80 - create IPUIPlugin
2024-08-14 08:36:38,795 [INFO] PluginManager:220 - loadIPPluginJar : add extmemmanager
2024-08-14 08:36:38,799 [INFO] IPUIPlugin:80 - create IPUIPlugin
2024-08-14 08:36:38,800 [INFO] PluginManager:220 - loadIPPluginJar : add fatfs
2024-08-14 08:36:38,805 [INFO] IPUIPlugin:80 - create IPUIPlugin
2024-08-14 08:36:38,805 [INFO] PluginManager:220 - loadIPPluginJar : add fmc
2024-08-14 08:36:38,812 [INFO] IPUIPlugin:80 - create IPUIPlugin
2024-08-14 08:36:38,813 [INFO] PluginManager:220 - loadIPPluginJar : add freertos
2024-08-14 08:36:38,816 [INFO] IPUIPlugin:80 - create IPUIPlugin
2024-08-14 08:36:38,816 [INFO] PluginManager:220 - loadIPPluginJar : add genericplugin
2024-08-14 08:36:38,820 [INFO] IPUIPlugin:80 - create IPUIPlugin
2024-08-14 08:36:38,820 [INFO] PluginManager:220 - loadIPPluginJar : add gfxmmu
2024-08-14 08:36:38,826 [INFO] IPUIPlugin:80 - create IPUIPlugin
2024-08-14 08:36:38,826 [INFO] PluginManager:220 - loadIPPluginJar : add gic
2024-08-14 08:36:38,832 [INFO] IPUIPlugin:80 - create IPUIPlugin
2024-08-14 08:36:38,832 [INFO] PluginManager:220 - loadIPPluginJar : add gpio
2024-08-14 08:36:38,837 [INFO] IPUIPlugin:80 - create IPUIPlugin
2024-08-14 08:36:38,837 [INFO] PluginManager:220 - loadIPPluginJar : add gtzc
2024-08-14 08:36:38,841 [INFO] IPUIPlugin:80 - create IPUIPlugin
2024-08-14 08:36:38,841 [INFO] PluginManager:220 - loadIPPluginJar : add hash
2024-08-14 08:36:38,845 [INFO] IPUIPlugin:80 - create IPUIPlugin
2024-08-14 08:36:38,845 [INFO] PluginManager:220 - loadIPPluginJar : add i2c
2024-08-14 08:36:38,849 [INFO] IPUIPlugin:80 - create IPUIPlugin
2024-08-14 08:36:38,849 [INFO] PluginManager:220 - loadIPPluginJar : add i2s
2024-08-14 08:36:38,854 [INFO] IPUIPlugin:80 - create IPUIPlugin
2024-08-14 08:36:38,854 [INFO] PluginManager:220 - loadIPPluginJar : add i3c
2024-08-14 08:36:38,858 [INFO] IPUIPlugin:80 - create IPUIPlugin
2024-08-14 08:36:38,858 [INFO] PluginManager:220 - loadIPPluginJar : add ipddr
2024-08-14 08:36:38,866 [INFO] IPUIPlugin:80 - create IPUIPlugin
2024-08-14 08:36:38,866 [INFO] PluginManager:220 - loadIPPluginJar : add linkedlist
2024-08-14 08:36:38,871 [INFO] IPUIPlugin:80 - create IPUIPlugin
2024-08-14 08:36:38,871 [INFO] PluginManager:220 - loadIPPluginJar : add lorawan
2024-08-14 08:36:38,875 [INFO] IPUIPlugin:80 - create IPUIPlugin
2024-08-14 08:36:38,875 [INFO] PluginManager:220 - loadIPPluginJar : add ltdc
2024-08-14 08:36:38,882 [INFO] IPUIPlugin:80 - create IPUIPlugin
2024-08-14 08:36:38,883 [INFO] PluginManager:220 - loadIPPluginJar : add mdma
2024-08-14 08:36:38,888 [INFO] IPUIPlugin:80 - create IPUIPlugin
2024-08-14 08:36:38,888 [INFO] PluginManager:220 - loadIPPluginJar : add nvic
2024-08-14 08:36:38,892 [INFO] IPUIPlugin:80 - create IPUIPlugin
2024-08-14 08:36:38,893 [INFO] PluginManager:220 - loadIPPluginJar : add opamp
2024-08-14 08:36:38,898 [INFO] IPUIPlugin:80 - create IPUIPlugin
2024-08-14 08:36:38,898 [INFO] PluginManager:220 - loadIPPluginJar : add openamp
2024-08-14 08:36:38,905 [INFO] IPUIPlugin:80 - create IPUIPlugin
2024-08-14 08:36:38,905 [INFO] PluginManager:220 - loadIPPluginJar : add pdm2pcm
2024-08-14 08:36:38,912 [INFO] IPUIPlugin:80 - create IPUIPlugin
2024-08-14 08:36:38,914 [INFO] PluginManager:220 - loadIPPluginJar : add plateformsettings
2024-08-14 08:36:38,918 [INFO] IPUIPlugin:80 - create IPUIPlugin
2024-08-14 08:36:38,918 [INFO] PluginManager:220 - loadIPPluginJar : add quadspi
2024-08-14 08:36:38,925 [INFO] IPUIPlugin:80 - create IPUIPlugin
2024-08-14 08:36:38,926 [INFO] PluginManager:220 - loadIPPluginJar : add resmgrutility
2024-08-14 08:36:38,932 [INFO] IPUIPlugin:80 - create IPUIPlugin
2024-08-14 08:36:38,932 [INFO] PluginManager:220 - loadIPPluginJar : add sai
2024-08-14 08:36:38,936 [INFO] IPUIPlugin:80 - create IPUIPlugin
2024-08-14 08:36:38,937 [INFO] PluginManager:220 - loadIPPluginJar : add spi
2024-08-14 08:36:38,942 [INFO] IPUIPlugin:80 - create IPUIPlugin
2024-08-14 08:36:38,943 [INFO] PluginManager:220 - loadIPPluginJar : add stm32_wpan
2024-08-14 08:36:38,946 [INFO] IPUIPlugin:80 - create IPUIPlugin
2024-08-14 08:36:38,946 [INFO] PluginManager:220 - loadIPPluginJar : add tim
2024-08-14 08:36:38,951 [INFO] IPUIPlugin:80 - create IPUIPlugin
2024-08-14 08:36:38,951 [INFO] PluginManager:220 - loadIPPluginJar : add touchsensing
2024-08-14 08:36:38,954 [INFO] IPUIPlugin:80 - create IPUIPlugin
2024-08-14 08:36:38,954 [INFO] PluginManager:220 - loadIPPluginJar : add tracer_emb
2024-08-14 08:36:38,958 [INFO] IPUIPlugin:80 - create IPUIPlugin
2024-08-14 08:36:38,958 [INFO] PluginManager:220 - loadIPPluginJar : add ts
2024-08-14 08:36:38,961 [INFO] IPUIPlugin:80 - create IPUIPlugin
2024-08-14 08:36:38,962 [INFO] PluginManager:220 - loadIPPluginJar : add tsc
2024-08-14 08:36:38,966 [INFO] IPUIPlugin:80 - create IPUIPlugin
2024-08-14 08:36:38,966 [INFO] PluginManager:220 - loadIPPluginJar : add ucpd
2024-08-14 08:36:38,970 [INFO] IPUIPlugin:80 - create IPUIPlugin
2024-08-14 08:36:38,971 [INFO] PluginManager:220 - loadIPPluginJar : add usart
2024-08-14 08:36:38,975 [INFO] IPUIPlugin:80 - create IPUIPlugin
2024-08-14 08:36:38,975 [INFO] PluginManager:220 - loadIPPluginJar : add usbx
2024-08-14 08:36:39,097 [INFO] CADModel:165 - CPN selected for project level
2024-08-14 08:36:39,097 [INFO] CADModel:114 - Register for checkConnection events
2024-08-14 08:36:39,097 [FATAL] Updater:308 - Updater called before beeing initialized
2024-08-14 08:36:39,098 [ERROR] CADModel:125 - Updater not yet initialized, retry later 
2024-08-14 08:36:39,251 [INFO] CADModel:165 - CPN selected for project level
2024-08-14 08:36:39,252 [INFO] CADModel:114 - Register for checkConnection events
2024-08-14 08:36:39,252 [FATAL] Updater:308 - Updater called before beeing initialized
2024-08-14 08:36:39,252 [ERROR] CADModel:125 - Updater not yet initialized, retry later 
2024-08-14 08:36:39,256 [FATAL] Updater:308 - Updater called before beeing initialized
2024-08-14 08:36:39,428 [FATAL] Updater:308 - Updater called before beeing initialized
2024-08-14 08:36:39,437 [INFO] DbMcusAds:53 - JSON generation date=Thu May 16 16:22:00 WIB 2024 (1715851320667)
2024-08-14 08:36:39,437 [FATAL] Updater:308 - Updater called before beeing initialized
2024-08-14 08:36:39,479 [WARN] DetailPanel:346 - Failed to get advertising image, set to default
2024-08-14 08:36:39,552 [FATAL] Updater:308 - Updater called before beeing initialized
2024-08-14 08:36:39,554 [FATAL] Updater:308 - Updater called before beeing initialized
2024-08-14 08:36:39,554 [FATAL] Updater:308 - Updater called before beeing initialized
2024-08-14 08:36:39,554 [WARN] DetailPanel:346 - Failed to get advertising image, set to default
2024-08-14 08:36:39,555 [FATAL] Updater:308 - Updater called before beeing initialized
2024-08-14 08:36:39,614 [ERROR] Updater:1120 - MainUpdater not yet initialized. External WinMGr cannot be set.
2024-08-14 08:36:39,622 [INFO] Updater:1056 - Updater Version found : 6.11.1
2024-08-14 08:36:39,638 [INFO] ApplicationProperties:184 - Using Application install path: C:\ST\STM32CubeIDE_1.15.1\STM32CubeIDE\plugins\com.st.stm32cube.common.mx_6.11.1.202404110753
2024-08-14 08:36:41,254 [INFO] ThirdPartyUpdaterWithRetryManager:70 - Updater plugin not ready yet. [2/15]
2024-08-14 08:36:42,040 [INFO] MainUpdater:2873 - connection check result : 10
2024-08-14 08:36:42,040 [INFO] MainUpdater:290 - Updater Check For Update Now.
2024-08-14 08:36:42,040 [INFO] MicroXplorer:498 - Change Database Version : DB.6.0.111
2024-08-14 08:36:42,051 [INFO] McuFinderGlobals:63 - Set McuFinder mode to 2 (CubeIDE integrated)
2024-08-14 08:36:42,063 [INFO] UserAuth:415 - Internet connection configuration mode: 1
2024-08-14 08:36:42,088 [INFO] JxBrowserEngine:152 - Initiate JxBrowser Engine with user profile folder
2024-08-14 08:36:42,244 [INFO] CheckServerUpdateThread:120 - End of CheckServer Thread
2024-08-14 08:36:43,648 [INFO] WebApp:161 - Instantiating new browser for Auth
2024-08-14 08:36:44,420 [INFO] WebApp:779 - Register for checkConnection events
2024-08-14 08:36:44,420 [INFO] WebApp:414 - Apply proxy settings
2024-08-14 08:36:44,420 [INFO] WebApp:499 - Chromium requires no authentication
2024-08-14 08:36:44,433 [INFO] WebApp:442 - Direct internet connection detected
2024-08-14 08:36:44,587 [WARN] PackLoader:240 - Cannot read IP mode file for STMicroelectronics.FP-SNS-MOTENVWB1.1.4.0
2024-08-14 08:36:44,600 [WARN] PackLoader:240 - Cannot read IP mode file for STMicroelectronics.X-CUBE-SMBUS.2.1.0
2024-08-14 08:36:44,611 [WARN] PackLoader:240 - Cannot read IP mode file for STMicroelectronics.X-CUBE-TOUCHGFX.4.23.0
2024-08-14 08:36:44,620 [WARN] PackLoader:240 - Cannot read IP mode file for STMicroelectronics.X-CUBE-TOUCHGFX.4.23.2
2024-08-14 08:36:44,658 [INFO] WebApp:192 - Starting web application
2024-08-14 08:36:44,658 [INFO] WebApp:544 - Web application path used C:\ST\STM32CubeIDE_1.15.1\STM32CubeIDE\plugins\com.st.stm32cube.common.mx_6.11.1.202404110753\db\plugins\mcufinder\reactClient1\index.html
2024-08-14 08:36:44,661 [WARN] PackLoader:240 - Cannot read IP mode file for STMicroelectronics.X-CUBE-AZRTOS-F7.1.1.0
2024-08-14 08:36:44,677 [ERROR] RealEvaluatedCondition:428 - Found unsupported composite condition: CLASS='Data Exchange' GROUP='STM32_MetaDataManager'
2024-08-14 08:36:44,677 [ERROR] RealEvaluatedCondition:428 - Found unsupported composite condition: GROUP='STM32_MetaDataManager' CLASS='Data Exchange'
2024-08-14 08:36:44,678 [WARN] PackLoader:240 - Cannot read IP mode file for STMicroelectronics.FP-SNS-MOTENV1.4.3.0
2024-08-14 08:36:44,693 [WARN] PackLoader:240 - Cannot read IP mode file for STMicroelectronics.FP-SNS-MOTENV1.4.3.2
2024-08-14 08:36:44,704 [WARN] PackLoader:240 - Cannot read IP mode file for STMicroelectronics.FP-SNS-FLIGHT1.5.0.0
2024-08-14 08:36:44,715 [ERROR] RealEvaluatedCondition:428 - Found unsupported composite condition: GROUP='STM32_MetaDataManager' CLASS='Data Exchange'
2024-08-14 08:36:44,715 [ERROR] RealEvaluatedCondition:428 - Found unsupported composite condition: CLASS='Data Exchange' GROUP='STM32_MetaDataManager'
2024-08-14 08:36:44,717 [WARN] PackLoader:240 - Cannot read IP mode file for STMicroelectronics.FP-SNS-MOTENV1.4.3.1
2024-08-14 08:36:44,727 [WARN] PackLoader:240 - Cannot read IP mode file for STMicroelectronics.FP-SNS-FLIGHT1.5.0.1
2024-08-14 08:36:44,742 [WARN] PackLoader:240 - Cannot read IP mode file for STMicroelectronics.X-CUBE-BLE1.6.2.3
2024-08-14 08:36:44,752 [WARN] PackLoader:240 - Cannot read IP mode file for STMicroelectronics.X-CUBE-BLE1.6.2.4
2024-08-14 08:36:44,762 [WARN] PackLoader:240 - Cannot read IP mode file for STMicroelectronics.FP-SNS-FLIGHT1.5.0.2
2024-08-14 08:36:44,784 [WARN] PackLoader:240 - Cannot read IP mode file for STMicroelectronics.X-CUBE-TOF1.3.1.0
2024-08-14 08:36:44,825 [WARN] PackLoader:240 - Cannot read IP mode file for STMicroelectronics.X-CUBE-DISPLAY.3.0.0
2024-08-14 08:36:45,045 [WARN] PackLoader:240 - Cannot read IP mode file for STMicroelectronics.X-CUBE-BLE1.7.0.0
2024-08-14 08:36:45,072 [WARN] PackLoader:240 - Cannot read IP mode file for emotas.I-CUBE-CANOPEN.1.3.0
2024-08-14 08:36:45,088 [WARN] PackLoader:240 - Cannot read IP mode file for STMicroelectronics.X-CUBE-TOUCHGFX.4.22.0
2024-08-14 08:36:45,101 [WARN] PackLoader:240 - Cannot read IP mode file for STMicroelectronics.X-CUBE-TOUCHGFX.4.22.1
2024-08-14 08:36:45,348 [WARN] PackLoader:240 - Cannot read IP mode file for STMicroelectronics.X-CUBE-MEMS1.9.3.0
2024-08-14 08:36:45,482 [WARN] PackLoader:240 - Cannot read IP mode file for STMicroelectronics.X-CUBE-AI.7.2.0
2024-08-14 08:36:45,500 [WARN] PackLoader:240 - Cannot read IP mode file for STMicroelectronics.X-CUBE-BLEMGR.3.1.0
2024-08-14 08:36:45,513 [WARN] PackLoader:240 - Cannot read IP mode file for STMicroelectronics.FP-SNS-SMARTAG2.1.2.0
2024-08-14 08:36:45,529 [INFO] LogOutputStream:77 - [STDOUT_REDIRECT] 1 : Invalid condition id : UX_CORESTACK_Condition cause : null
2024-08-14 08:36:45,529 [INFO] LogOutputStream:77 - [STDOUT_REDIRECT] 1 : Invalid condition id : UX_CORESTACK_Condition cause : null
2024-08-14 08:36:45,530 [INFO] LogOutputStream:77 - [STDOUT_REDIRECT] 1 : Invalid condition id : UX_CORESTACK_Condition cause : null
2024-08-14 08:36:45,531 [INFO] LogOutputStream:77 - [STDOUT_REDIRECT] 1 : Invalid condition id : UX_CORESTACK_Condition cause : null
2024-08-14 08:36:45,531 [INFO] LogOutputStream:77 - [STDOUT_REDIRECT] 1 : Invalid condition id : UX_CORESTACK_Condition cause : null
2024-08-14 08:36:45,535 [WARN] PackLoader:240 - Cannot read IP mode file for STMicroelectronics.X-CUBE-AZRTOS-WL.2.0.0
2024-08-14 08:36:45,544 [WARN] PackLoader:240 - Cannot read IP mode file for STMicroelectronics.FP-SNS-MOTENV1.5.0.0
2024-08-14 08:36:45,554 [WARN] PackLoader:240 - Cannot read IP mode file for wolfSSL.I-CUBE-wolfMQTT.1.19.0
2024-08-14 08:36:45,568 [WARN] PackLoader:240 - Cannot read IP mode file for WES.I-CUBE-Cesium.1.3.0
2024-08-14 08:36:45,575 [WARN] PackLoader:240 - Cannot read IP mode file for STMicroelectronics.X-CUBE-BLE2.3.3.0
2024-08-14 08:36:45,587 [WARN] PackLoader:240 - Cannot read IP mode file for STMicroelectronics.X-CUBE-DISPLAY.2.2.0
2024-08-14 08:36:45,603 [WARN] PackLoader:240 - Cannot read IP mode file for STMicroelectronics.X-CUBE-TOF1.3.2.0
2024-08-14 08:36:45,620 [WARN] PackLoader:240 - Cannot read IP mode file for STMicroelectronics.X-CUBE-ISPU.1.0.0
2024-08-14 08:36:45,655 [WARN] PackLoader:240 - Cannot read IP mode file for STMicroelectronics.X-CUBE-AZRTOS-H7.2.1.0
2024-08-14 08:36:45,670 [WARN] PackLoader:240 - Cannot read IP mode file for STMicroelectronics.X-CUBE-TCPP.4.1.0
2024-08-14 08:36:45,681 [WARN] PackLoader:240 - Cannot read IP mode file for STMicroelectronics.X-CUBE-TOUCHGFX.4.21.1
2024-08-14 08:36:45,694 [WARN] PackLoader:240 - Cannot read IP mode file for STMicroelectronics.X-CUBE-TOUCHGFX.4.21.3
2024-08-14 08:36:45,702 [WARN] PackLoader:240 - Cannot read IP mode file for STMicroelectronics.X-CUBE-TOUCHGFX.4.21.4
2024-08-14 08:36:45,758 [WARN] PackLoader:240 - Cannot read IP mode file for STMicroelectronics.X-CUBE-MEMS1.9.4.0
2024-08-14 08:36:46,047 [WARN] PackLoader:240 - Cannot read IP mode file for STMicroelectronics.X-CUBE-AI.7.3.0
2024-08-14 08:36:46,061 [WARN] PackLoader:240 - Cannot read IP mode file for STMicroelectronics.X-CUBE-ALGOBUILD.1.3.0
2024-08-14 08:36:46,090 [WARN] PackLoader:240 - Cannot read IP mode file for STMicroelectronics.X-CUBE-AZRTOS-G0.1.1.0
2024-08-14 08:36:46,107 [WARN] PackLoader:240 - Cannot read IP mode file for STMicroelectronics.X-CUBE-SAFEA1.1.2.2
2024-08-14 08:36:46,118 [WARN] PackLoader:240 - Cannot read IP mode file for STMicroelectronics.X-CUBE-NFC4.3.0.0
2024-08-14 08:36:46,163 [WARN] PackLoader:240 - Cannot read IP mode file for SEGGER.I-CUBE-embOS.1.2.0
2024-08-14 08:36:46,219 [WARN] PackLoader:240 - Cannot read IP mode file for EmbeddedOffice.I-CUBE-FS-RTOS.1.0.1
2024-08-14 08:36:46,220 [ERROR] ConditionMgr:805 - Attr not supported : Dmpu
2024-08-14 08:36:46,220 [ERROR] ConditionMgr:805 - Attr not supported : Dmpu
2024-08-14 08:36:46,220 [ERROR] ConditionMgr:805 - Attr not supported : Dmpu
2024-08-14 08:36:46,221 [ERROR] ConditionMgr:805 - Attr not supported : Dmpu
2024-08-14 08:36:46,221 [ERROR] ConditionMgr:805 - Attr not supported : Dmpu
2024-08-14 08:36:46,221 [ERROR] ConditionMgr:805 - Attr not supported : Dmpu
2024-08-14 08:36:46,221 [ERROR] ConditionMgr:805 - Attr not supported : Dmpu
2024-08-14 08:36:46,222 [ERROR] ConditionMgr:805 - Attr not supported : Dmpu
2024-08-14 08:36:46,222 [ERROR] ConditionMgr:805 - Attr not supported : Dmpu
2024-08-14 08:36:46,222 [ERROR] ConditionMgr:805 - Attr not supported : Dmpu
2024-08-14 08:36:46,222 [ERROR] ConditionMgr:805 - Attr not supported : Dmpu
2024-08-14 08:36:46,222 [ERROR] ConditionMgr:805 - Attr not supported : Dmpu
2024-08-14 08:36:46,222 [ERROR] ConditionMgr:805 - Attr not supported : Dmpu
2024-08-14 08:36:46,223 [ERROR] ConditionMgr:805 - Attr not supported : Dmpu
2024-08-14 08:36:46,223 [ERROR] ConditionMgr:805 - Attr not supported : Dmpu
2024-08-14 08:36:46,223 [ERROR] ConditionMgr:805 - Attr not supported : Dmpu
2024-08-14 08:36:46,223 [ERROR] ConditionMgr:805 - Attr not supported : Dmpu
2024-08-14 08:36:46,223 [ERROR] ConditionMgr:805 - Attr not supported : Dmpu
2024-08-14 08:36:46,223 [ERROR] ConditionMgr:805 - Attr not supported : Dmpu
2024-08-14 08:36:46,223 [ERROR] ConditionMgr:805 - Attr not supported : Dmpu
2024-08-14 08:36:46,223 [ERROR] ConditionMgr:805 - Attr not supported : Dmpu
2024-08-14 08:36:46,223 [ERROR] ConditionMgr:805 - Attr not supported : Dmpu
2024-08-14 08:36:46,223 [ERROR] ConditionMgr:805 - Attr not supported : Dmpu
2024-08-14 08:36:46,223 [ERROR] ConditionMgr:805 - Attr not supported : Dmpu
2024-08-14 08:36:46,223 [ERROR] ConditionMgr:805 - Attr not supported : Dmpu
2024-08-14 08:36:46,223 [ERROR] ConditionMgr:805 - Attr not supported : Dmpu
2024-08-14 08:36:46,223 [ERROR] ConditionMgr:805 - Attr not supported : Dmpu
2024-08-14 08:36:46,223 [ERROR] ConditionMgr:805 - Attr not supported : Dmpu
2024-08-14 08:36:46,224 [ERROR] ConditionMgr:805 - Attr not supported : Dmpu
2024-08-14 08:36:46,224 [ERROR] ConditionMgr:805 - Attr not supported : Dmpu
2024-08-14 08:36:46,224 [ERROR] ConditionMgr:805 - Attr not supported : Dmpu
2024-08-14 08:36:46,224 [ERROR] ConditionMgr:805 - Attr not supported : Dmpu
2024-08-14 08:36:46,224 [ERROR] ConditionMgr:805 - Attr not supported : Dmpu
2024-08-14 08:36:46,224 [ERROR] ConditionMgr:805 - Attr not supported : Dmpu
2024-08-14 08:36:46,224 [ERROR] ConditionMgr:805 - Attr not supported : Dmpu
2024-08-14 08:36:46,224 [ERROR] ConditionMgr:805 - Attr not supported : Dmpu
2024-08-14 08:36:46,224 [ERROR] ConditionMgr:805 - Attr not supported : Dmpu
2024-08-14 08:36:46,224 [ERROR] ConditionMgr:805 - Attr not supported : Dmpu
2024-08-14 08:36:46,224 [ERROR] ConditionMgr:805 - Attr not supported : Dmpu
2024-08-14 08:36:46,224 [ERROR] ConditionMgr:805 - Attr not supported : Dmpu
2024-08-14 08:36:46,224 [ERROR] ConditionMgr:805 - Attr not supported : Dmpu
2024-08-14 08:36:46,224 [ERROR] ConditionMgr:805 - Attr not supported : Dmpu
2024-08-14 08:36:46,224 [ERROR] ConditionMgr:805 - Attr not supported : Dmpu
2024-08-14 08:36:46,224 [ERROR] ConditionMgr:805 - Attr not supported : Dmpu
2024-08-14 08:36:46,225 [ERROR] ConditionMgr:805 - Attr not supported : Dmpu
2024-08-14 08:36:46,225 [ERROR] ConditionMgr:805 - Attr not supported : Dmpu
2024-08-14 08:36:46,225 [ERROR] ConditionMgr:805 - Attr not supported : Dmpu
2024-08-14 08:36:46,225 [ERROR] ConditionMgr:805 - Attr not supported : Dmpu
2024-08-14 08:36:46,225 [ERROR] ConditionMgr:805 - Attr not supported : Dmpu
2024-08-14 08:36:46,225 [ERROR] ConditionMgr:805 - Attr not supported : Dmpu
2024-08-14 08:36:46,225 [ERROR] ConditionMgr:805 - Attr not supported : Dmpu
2024-08-14 08:36:46,225 [ERROR] ConditionMgr:805 - Attr not supported : Dmpu
2024-08-14 08:36:46,225 [ERROR] ConditionMgr:805 - Attr not supported : Dmpu
2024-08-14 08:36:46,225 [ERROR] ConditionMgr:805 - Attr not supported : Dmpu
2024-08-14 08:36:46,225 [ERROR] ConditionMgr:805 - Attr not supported : Dmpu
2024-08-14 08:36:46,225 [ERROR] ConditionMgr:805 - Attr not supported : Dmpu
2024-08-14 08:36:46,225 [ERROR] ConditionMgr:805 - Attr not supported : Dmpu
2024-08-14 08:36:46,225 [ERROR] ConditionMgr:805 - Attr not supported : Dmpu
2024-08-14 08:36:46,225 [ERROR] ConditionMgr:805 - Attr not supported : Dmpu
2024-08-14 08:36:46,225 [ERROR] ConditionMgr:805 - Attr not supported : Dmpu
2024-08-14 08:36:46,225 [ERROR] ConditionMgr:805 - Attr not supported : Dmpu
2024-08-14 08:36:46,225 [ERROR] ConditionMgr:805 - Attr not supported : Dmpu
2024-08-14 08:36:46,225 [ERROR] ConditionMgr:805 - Attr not supported : Dmpu
2024-08-14 08:36:46,225 [ERROR] ConditionMgr:805 - Attr not supported : Dmpu
2024-08-14 08:36:46,240 [WARN] PackLoader:240 - Cannot read IP mode file for STMicroelectronics.X-CUBE-BLEMGR.3.0.0
2024-08-14 08:36:46,252 [WARN] PackLoader:240 - Cannot read IP mode file for STMicroelectronics.X-CUBE-BLEMGR.1.3.0
2024-08-14 08:36:46,264 [WARN] PackLoader:240 - Cannot read IP mode file for RealThread.X-CUBE-RT-Thread_Nano.4.1.1
2024-08-14 08:36:46,275 [WARN] PackLoader:240 - Cannot read IP mode file for STMicroelectronics.FP-ATR-SIGFOX1.3.2.0
2024-08-14 08:36:46,286 [WARN] PackLoader:240 - Cannot read IP mode file for STMicroelectronics.X-CUBE-EEPRMA1.5.1.0
2024-08-14 08:36:46,299 [WARN] PackLoader:240 - Cannot read IP mode file for emotas.I-CUBE-CANOPEN.1.1.2
2024-08-14 08:36:46,309 [WARN] PackLoader:240 - Cannot read IP mode file for STMicroelectronics.X-CUBE-TOUCHGFX.4.20.0
2024-08-14 08:36:46,357 [WARN] PackLoader:240 - Cannot read IP mode file for STMicroelectronics.X-CUBE-MEMS1.9.5.0
2024-08-14 08:36:46,544 [WARN] PackLoader:240 - Cannot read IP mode file for SEGGER.I-CUBE-embOS.1.3.1
2024-08-14 08:36:46,594 [WARN] PackLoader:240 - Cannot read IP mode file for STMicroelectronics.X-CUBE-ALGOBUILD.1.4.0
2024-08-14 08:36:46,606 [WARN] PackLoader:240 - Cannot read IP mode file for STMicroelectronics.X-CUBE-GNSS1.6.0.0
2024-08-14 08:36:46,635 [WARN] PackLoader:240 - Cannot read IP mode file for STMicroelectronics.X-CUBE-AZRTOS-F4.1.1.0
2024-08-14 08:36:46,648 [WARN] PackLoader:240 - Cannot read IP mode file for wolfSSL.I-CUBE-wolfSSL.5.6.3
2024-08-14 08:36:46,657 [WARN] PackLoader:240 - Cannot read IP mode file for wolfSSL.I-CUBE-wolfSSL.5.6.0
2024-08-14 08:36:46,668 [WARN] PackLoader:240 - Cannot read IP mode file for STMicroelectronics.X-CUBE-FREERTOS.1.2.0
2024-08-14 08:36:46,679 [WARN] PackLoader:240 - Cannot read IP mode file for wolfSSL.I-CUBE-wolfSSL.5.6.6
2024-08-14 08:36:46,694 [WARN] PackLoader:240 - Cannot read IP mode file for STMicroelectronics.X-CUBE-BLEMGR.1.2.0
2024-08-14 08:36:46,725 [WARN] PackLoader:240 - Cannot read IP mode file for STMicroelectronics.X-CUBE-AZRTOS-L5.2.0.0
2024-08-14 08:36:46,772 [WARN] PackLoader:240 - Cannot read IP mode file for STMicroelectronics.X-CUBE-MEMS1.9.6.0
2024-08-14 08:36:46,892 [WARN] PackLoader:240 - Cannot read IP mode file for STMicroelectronics.X-CUBE-EEPRMA1.4.2.0
2024-08-14 08:36:46,908 [WARN] PackLoader:240 - Cannot read IP mode file for STMicroelectronics.X-CUBE-NFC6.3.1.0
2024-08-14 08:36:46,923 [WARN] PackLoader:240 - Cannot read IP mode file for ITTIA_DB.I-CUBE-ITTIADB.8.8.0
2024-08-14 08:36:46,934 [WARN] PackLoader:240 - Cannot read IP mode file for emotas.I-CUBE-CANOPEN.1.1.3
2024-08-14 08:36:46,948 [WARN] PackLoader:240 - Cannot read IP mode file for STMicroelectronics.X-CUBE-BLEMGR.2.0.0
2024-08-14 08:36:46,964 [WARN] PackLoader:240 - Cannot read IP mode file for STMicroelectronics.X-CUBE-DPower.1.2.0
2024-08-14 08:36:46,980 [WARN] PackLoader:240 - Cannot read IP mode file for STMicroelectronics.X-CUBE-NFC4.2.0.5
2024-08-14 08:36:46,992 [WARN] PackLoader:240 - Cannot read IP mode file for STMicroelectronics.X-CUBE-NFC4.2.0.4
2024-08-14 08:36:47,004 [WARN] PackLoader:240 - Cannot read IP mode file for STMicroelectronics.X-CUBE-AI.9.0.0
2024-08-14 08:36:47,024 [WARN] ConditionMgr:438 - getConditionDescription Invalid condition id : UX DEVICE CLASS RTOS Condition cause : null
2024-08-14 08:36:47,025 [WARN] ConditionMgr:438 - getConditionDescription Invalid condition id : UX DEVICE CLASS RTOS Condition cause : null
2024-08-14 08:36:47,029 [WARN] PackLoader:240 - Cannot read IP mode file for STMicroelectronics.X-CUBE-AZRTOS-H7.3.1.0
2024-08-14 08:36:47,030 [WARN] ConditionMgr:1039 - genDependencies : Invalid condition id : UX DEVICE CLASS RTOS Condition cause : null
2024-08-14 08:36:47,030 [WARN] ConditionMgr:1039 - genDependencies : Invalid condition id : UX DEVICE CLASS RTOS Condition cause : null
2024-08-14 08:36:47,031 [WARN] ConditionMgr:1039 - genDependencies : Invalid condition id : UX DEVICE CLASS RTOS Condition cause : null
2024-08-14 08:36:47,031 [WARN] ConditionMgr:1039 - genDependencies : Invalid condition id : UX DEVICE CLASS RTOS Condition cause : null
2024-08-14 08:36:47,031 [WARN] ConditionMgr:1039 - genDependencies : Invalid condition id : UX DEVICE CLASS RTOS Condition cause : null
2024-08-14 08:36:47,043 [WARN] PackLoader:240 - Cannot read IP mode file for STMicroelectronics.X-CUBE-NFC7.1.0.1
2024-08-14 08:36:47,056 [WARN] PackLoader:240 - Cannot read IP mode file for STMicroelectronics.X-CUBE-NFC7.1.0.0
2024-08-14 08:36:47,066 [WARN] PackLoader:240 - Cannot read IP mode file for wolfSSL.I-CUBE-wolfTPM.3.2.0
2024-08-14 08:36:47,082 [WARN] PackLoader:240 - Cannot read IP mode file for STMicroelectronics.X-CUBE-NFC6.3.0.0
2024-08-14 08:36:47,098 [WARN] PackLoader:240 - Cannot read IP mode file for STMicroelectronics.X-CUBE-EEPRMA1.4.1.0
2024-08-14 08:36:47,109 [WARN] PackLoader:240 - Cannot read IP mode file for STMicroelectronics.X-CUBE-AI.8.1.0
2024-08-14 08:36:47,131 [WARN] ConditionMgr:438 - getConditionDescription Invalid condition id : LAN8742 Phy interface Condition cause : null
2024-08-14 08:36:47,132 [WARN] PackLoader:240 - Cannot read IP mode file for STMicroelectronics.X-CUBE-AZRTOS-L4.2.0.0
2024-08-14 08:36:47,132 [WARN] ConditionMgr:1039 - genDependencies : Invalid condition id : LAN8742 Phy interface Condition cause : null
2024-08-14 08:36:47,132 [WARN] ConditionMgr:1039 - genDependencies : Invalid condition id : LAN8742 Phy interface Condition cause : null
2024-08-14 08:36:47,132 [WARN] ConditionMgr:1039 - genDependencies : Invalid condition id : LAN8742 Phy interface Condition cause : null
2024-08-14 08:36:47,149 [WARN] PackLoader:240 - Cannot read IP mode file for STMicroelectronics.X-CUBE-SFXS2LP1.4.0.0
2024-08-14 08:36:47,186 [WARN] PackLoader:240 - Cannot read IP mode file for STMicroelectronics.X-CUBE-AZRTOS-H7.3.0.0
2024-08-14 08:36:47,199 [WARN] PackLoader:240 - Cannot read IP mode file for STMicroelectronics.X-CUBE-ISPU.1.1.0
2024-08-14 08:36:47,214 [WARN] PackLoader:240 - Cannot read IP mode file for RoweBots.I-CUBE-UNISONRTOS.5.5.0-4
2024-08-14 08:36:47,223 [WARN] PackLoader:240 - Cannot read IP mode file for wolfSSL.I-CUBE-wolfSSL.5.4.0
2024-08-14 08:36:47,233 [WARN] PackLoader:240 - Cannot read IP mode file for STMicroelectronics.X-CUBE-AI.8.0.0
2024-08-14 08:36:47,259 [WARN] ConditionMgr:438 - getConditionDescription Invalid condition id : UX DEVICE CLASS RTOS Condition cause : null
2024-08-14 08:36:47,259 [WARN] ConditionMgr:438 - getConditionDescription Invalid condition id : UX DEVICE CLASS RTOS Condition cause : null
2024-08-14 08:36:47,261 [WARN] PackLoader:240 - Cannot read IP mode file for STMicroelectronics.X-CUBE-AZRTOS-WB.2.0.0
2024-08-14 08:36:47,262 [WARN] ConditionMgr:1039 - genDependencies : Invalid condition id : UX DEVICE CLASS RTOS Condition cause : null
2024-08-14 08:36:47,262 [WARN] ConditionMgr:1039 - genDependencies : Invalid condition id : UX DEVICE CLASS RTOS Condition cause : null
2024-08-14 08:36:47,262 [WARN] ConditionMgr:1039 - genDependencies : Invalid condition id : UX DEVICE CLASS RTOS Condition cause : null
2024-08-14 08:36:47,262 [WARN] ConditionMgr:1039 - genDependencies : Invalid condition id : UX DEVICE CLASS RTOS Condition cause : null
2024-08-14 08:36:47,262 [WARN] ConditionMgr:1039 - genDependencies : Invalid condition id : UX DEVICE CLASS RTOS Condition cause : null
2024-08-14 08:36:47,271 [WARN] PackLoader:240 - Cannot read IP mode file for STMicroelectronics.X-CUBE-FREERTOS.1.0.0
2024-08-14 08:36:47,277 [WARN] PackLoader:240 - Cannot read IP mode file for STMicroelectronics.X-CUBE-FREERTOS.1.0.1
2024-08-14 08:36:47,292 [WARN] PackLoader:240 - Cannot read IP mode file for STMicroelectronics.X-CUBE-BLEMGR.1.0.0
2024-08-14 08:36:47,302 [WARN] PackLoader:240 - Cannot read IP mode file for STMicroelectronics.FP-SNS-STBOX1.2.0.0
2024-08-14 08:36:47,325 [WARN] PackLoader:240 - Cannot read IP mode file for STMicroelectronics.X-CUBE-AZRTOS-L5.1.1.0
2024-08-14 08:36:47,333 [WARN] PackLoader:240 - Cannot read IP mode file for STMicroelectronics.X-CUBE-AI.8.0.1
2024-08-14 08:36:47,345 [WARN] PackLoader:240 - Cannot read IP mode file for STMicroelectronics.X-CUBE-SUBG2.5.0.0
2024-08-14 08:36:47,356 [WARN] PackLoader:240 - Cannot read IP mode file for Cesanta.I-CUBE-Mongoose.7.13.0
2024-08-14 08:36:47,371 [WARN] PackLoader:240 - Cannot read IP mode file for STMicroelectronics.X-CUBE-TOF1.3.3.1
2024-08-14 08:36:47,395 [WARN] PackLoader:240 - Cannot read IP mode file for STMicroelectronics.X-CUBE-AZRTOS-G4.2.0.0
2024-08-14 08:36:47,410 [WARN] PackLoader:240 - Cannot read IP mode file for STMicroelectronics.X-CUBE-TOF1.3.3.0
2024-08-14 08:36:47,421 [WARN] PackLoader:240 - Cannot read IP mode file for STMicroelectronics.FP-ATR-ASTRA1.1.1.1
2024-08-14 08:36:47,437 [WARN] PackLoader:240 - Cannot read IP mode file for Infineon.AIROC-Wi-Fi-Bluetooth-STM32.1.5.1
2024-08-14 08:36:47,447 [WARN] PackLoader:240 - Cannot read IP mode file for STMicroelectronics.FP-ATR-ASTRA1.1.1.0
2024-08-14 08:36:47,452 [WARN] PackLoader:240 - Cannot read IP mode file for STMicroelectronics.FP-SNS-MOTENVWB1.1.3.0
2024-08-14 08:36:47,460 [WARN] PackLoader:240 - Cannot read IP mode file for STMicroelectronics.FP-SNS-MOTENVWB1.1.3.1
2024-08-14 08:36:47,483 [WARN] PackLoader:240 - Cannot read IP mode file for STMicroelectronics.X-CUBE-AZRTOS-G4.1.0.0
2024-08-14 08:36:47,503 [WARN] PackLoader:240 - Cannot read IP mode file for STMicroelectronics.X-CUBE-AZRTOS-L4.1.0.0
2024-08-14 08:36:47,515 [WARN] PackLoader:240 - Cannot read IP mode file for STMicroelectronics.X-CUBE-ISPU.2.0.0
2024-08-14 08:36:47,525 [WARN] PackLoader:240 - Cannot read IP mode file for STMicroelectronics.X-CUBE-ALS.1.0.2
2024-08-14 08:36:47,567 [WARN] PackLoader:240 - Cannot read IP mode file for STMicroelectronics.X-CUBE-MEMS1.10.0.0
2024-08-14 08:36:47,679 [WARN] PackLoader:240 - Cannot read IP mode file for STMicroelectronics.X-CUBE-FREERTOS.1.1.0
2024-08-14 08:36:47,690 [WARN] PackLoader:240 - Cannot read IP mode file for STMicroelectronics.X-CUBE-TOUCHGFX.4.24.0
2024-08-14 08:36:47,709 [WARN] PackLoader:240 - Cannot read IP mode file for STMicroelectronics.X-CUBE-AZRTOS-WL.1.0.0
2024-08-14 08:36:47,722 [WARN] PackLoader:240 - Cannot read IP mode file for portGmbH.I-Cube-SoM-uGOAL.1.1.0
2024-08-14 08:36:47,732 [WARN] PackLoader:240 - Cannot read IP mode file for STMicroelectronics.X-CUBE-ALS.1.0.1
2024-08-14 08:36:47,756 [WARN] PackLoader:240 - Cannot read IP mode file for STMicroelectronics.X-CUBE-AZRTOS-WB.1.1.0
2024-08-14 08:36:47,783 [WARN] PackLoader:240 - Cannot read IP mode file for STMicroelectronics.X-CUBE-AZRTOS-L5.1.0.0
2024-08-14 08:36:47,795 [WARN] PackLoader:240 - Cannot read IP mode file for STMicroelectronics.X-CUBE-EEPRMA1.3.1.1
2024-08-14 08:36:47,824 [WARN] PackLoader:240 - Cannot read IP mode file for STMicroelectronics.X-CUBE-AZRTOS-H7RS.1.0.0
2024-08-14 08:36:47,830 [WARN] PackLoader:240 - Cannot read IP mode file for STMicroelectronics.FP-ATR-ASTRA1.2.0.0
2024-08-14 08:36:47,850 [WARN] PackLoader:240 - Cannot read IP mode file for STMicroelectronics.X-CUBE-TOF1.3.4.2
2024-08-14 08:36:47,882 [WARN] PackLoader:240 - Cannot read IP mode file for STMicroelectronics.X-CUBE-TOF1.3.4.0
2024-08-14 08:36:47,913 [WARN] PackLoader:240 - Cannot read IP mode file for STMicroelectronics.X-CUBE-TOF1.3.4.1
2024-08-14 08:36:48,011 [WARN] PackLoader:240 - Cannot read IP mode file for STMicroelectronics.X-CUBE-AZRTOS-H7.3.2.0
2024-08-14 08:36:48,024 [WARN] PackLoader:240 - Cannot read IP mode file for wolfSSL.I-CUBE-wolfSSH.1.4.17
2024-08-14 08:36:48,025 [INFO] ThirdParty:978 - Integrity check success = true
2024-08-14 08:36:48,025 [INFO] IntegrityCheckThread:100 - exiting critical section [integrity check]
2024-08-14 08:36:48,025 [INFO] IntegrityCheckThread:103 - End integrity checks thread
2024-08-14 09:33:16,980 [ERROR] LogOutputStream:75 - [STDERR_REDIRECT] 
