2024-01-04 13:44:08,636 [INFO] Activator:176 - 


2024-01-04 13:44:08,636 [INFO] Activator:177 - !SESSION log4j initialized
2024-01-04 13:44:16,273 [INFO] LogOutputStream:77 - [STDOUT_REDIRECT] 
2024-01-04 13:44:18,909 [INFO] ApplicationProperties:184 - Using Application install path: C:\ST\STM32CubeIDE_1.14.0\STM32CubeIDE\plugins\com.st.stm32cube.common.mx_6.10.0.202311202037
2024-01-04 13:44:18,927 [INFO] DbMcusXml:78 - Set database path to: C:\ST\STM32CubeIDE_1.14.0\STM32CubeIDE\plugins\com.st.stm32cube.common.mx_6.10.0.202311202037\\db\/mcu/
2024-01-04 13:44:18,927 [INFO] ApiDb:274 - Set plugin database path to: C:\ST\STM32CubeIDE_1.14.0\STM32CubeIDE\plugins\com.st.stm32cube.common.mx_6.10.0.202311202037\\db\/plugins/boardmanager/
2024-01-04 13:44:18,927 [WARN] ApiDb:259 - Overriding images path with different value:  => C:\ST\STM32CubeIDE_1.14.0\STM32CubeIDE\plugins\com.st.stm32cube.common.mx_6.10.0.202311202037\\db\/plugins/mcufinder/images/
2024-01-04 13:44:18,947 [INFO] ApiDb:250 - Set database path to: C:\Users\KDS-LTP-0415\.stmcufinder\plugins\mcufinder//mcu/
2024-01-04 13:44:18,949 [INFO] DbMcusAds:125 - Set database path to: C:\Users\KDS-LTP-0415\.stmcufinder\plugins\mcufinder//mcu/
2024-01-04 13:44:18,951 [INFO] CrossReferenceDbSqlite:203 - Set database path to: C:\Users\KDS-LTP-0415\.stmcufinder\plugins\mcufinder//mcu/cs/
2024-01-04 13:44:19,070 [INFO] RulesReader:64 - Compatibility file has been processed (297 Rules)
2024-01-04 13:44:19,173 [INFO] DbMcusXml:78 - Set database path to: C:\ST\STM32CubeIDE_1.14.0\STM32CubeIDE\plugins\com.st.stm32cube.common.mx_6.10.0.202311202037\\db\/mcu/
2024-01-04 13:44:19,173 [INFO] ApiDb:274 - Set plugin database path to: C:\ST\STM32CubeIDE_1.14.0\STM32CubeIDE\plugins\com.st.stm32cube.common.mx_6.10.0.202311202037\\db\/plugins/boardmanager/
2024-01-04 13:44:19,174 [INFO] ApiDb:261 - Set plugin images path to: C:\ST\STM32CubeIDE_1.14.0\STM32CubeIDE\plugins\com.st.stm32cube.common.mx_6.10.0.202311202037\\db\/plugins/mcufinder/images/
2024-01-04 13:44:19,174 [WARN] DbFile:41 - Overriding database path with different value: C:\Users\KDS-LTP-0415\.stmcufinder\plugins\mcufinder/ => C:\Users\KDS-LTP-0415\.stmcufinder\plugins\mcufinder
2024-01-04 13:44:19,174 [INFO] ApiDb:250 - Set database path to: C:\Users\KDS-LTP-0415\.stmcufinder\plugins\mcufinder//mcu/
2024-01-04 13:44:19,174 [WARN] DbFile:41 - Overriding database path with different value: C:\Users\KDS-LTP-0415\.stmcufinder\plugins\mcufinder/ => C:\Users\KDS-LTP-0415\.stmcufinder\plugins\mcufinder
2024-01-04 13:44:19,174 [INFO] DbMcusAds:125 - Set database path to: C:\Users\KDS-LTP-0415\.stmcufinder\plugins\mcufinder//mcu/
2024-01-04 13:44:19,174 [WARN] DbFile:41 - Overriding database path with different value: C:\Users\KDS-LTP-0415\.stmcufinder\plugins\mcufinder/ => C:\Users\KDS-LTP-0415\.stmcufinder\plugins\mcufinder
2024-01-04 13:44:19,174 [WARN] DbFile:41 - Overriding database path with different value: C:\Users\KDS-LTP-0415\.stmcufinder\plugins\mcufinder/ => C:\Users\KDS-LTP-0415\.stmcufinder\plugins\mcufinder
2024-01-04 13:44:19,174 [INFO] CrossReferenceDbSqlite:203 - Set database path to: C:\Users\KDS-LTP-0415\.stmcufinder\plugins\mcufinder//mcu/cs/
2024-01-04 13:44:19,245 [INFO] MainPanel:264 - HeapMemory: 268435456
2024-01-04 13:44:19,348 [INFO] DbMcusXml:78 - Set database path to: C:\ST\STM32CubeIDE_1.14.0\STM32CubeIDE\plugins\com.st.stm32cube.common.mx_6.10.0.202311202037\\db\/mcu/
2024-01-04 13:44:19,349 [INFO] ApiDb:274 - Set plugin database path to: C:\ST\STM32CubeIDE_1.14.0\STM32CubeIDE\plugins\com.st.stm32cube.common.mx_6.10.0.202311202037\\db\/plugins/boardmanager/
2024-01-04 13:44:19,349 [INFO] ApiDb:261 - Set plugin images path to: C:\ST\STM32CubeIDE_1.14.0\STM32CubeIDE\plugins\com.st.stm32cube.common.mx_6.10.0.202311202037\\db\/plugins/mcufinder/images/
2024-01-04 13:44:19,349 [WARN] DbFile:41 - Overriding database path with different value: C:\Users\KDS-LTP-0415\.stmcufinder\plugins\mcufinder/ => C:\Users\KDS-LTP-0415\.stmcufinder\plugins\mcufinder
2024-01-04 13:44:19,349 [INFO] ApiDb:250 - Set database path to: C:\Users\KDS-LTP-0415\.stmcufinder\plugins\mcufinder//mcu/
2024-01-04 13:44:19,349 [WARN] DbFile:41 - Overriding database path with different value: C:\Users\KDS-LTP-0415\.stmcufinder\plugins\mcufinder/ => C:\Users\KDS-LTP-0415\.stmcufinder\plugins\mcufinder
2024-01-04 13:44:19,350 [INFO] DbMcusAds:125 - Set database path to: C:\Users\KDS-LTP-0415\.stmcufinder\plugins\mcufinder//mcu/
2024-01-04 13:44:19,350 [WARN] DbFile:41 - Overriding database path with different value: C:\Users\KDS-LTP-0415\.stmcufinder\plugins\mcufinder/ => C:\Users\KDS-LTP-0415\.stmcufinder\plugins\mcufinder
2024-01-04 13:44:19,350 [WARN] DbFile:41 - Overriding database path with different value: C:\Users\KDS-LTP-0415\.stmcufinder\plugins\mcufinder/ => C:\Users\KDS-LTP-0415\.stmcufinder\plugins\mcufinder
2024-01-04 13:44:19,350 [INFO] CrossReferenceDbSqlite:203 - Set database path to: C:\Users\KDS-LTP-0415\.stmcufinder\plugins\mcufinder//mcu/cs/
2024-01-04 13:44:19,366 [INFO] ApplicationProperties:184 - Using Application install path: C:\ST\STM32CubeIDE_1.14.0\STM32CubeIDE\plugins\com.st.stm32cube.common.mx_6.10.0.202311202037
2024-01-04 13:44:19,367 [INFO] PluginManage:196 - Search for loadable plugins [exclusion list=, ]
2024-01-04 13:44:19,369 [INFO] PluginManage:310 - Check plugin analytics
2024-01-04 13:44:19,531 [INFO] AnalyticsPlugin:253 - Accepted Software Licenses: STM32CubeMX.6.2.1,STM32CubeMX.6.6.1,STM32CubeMX.6.7.0,STM32CubeMX.6.8.1,STM32CubeMX.6.9.1
2024-01-04 13:44:19,531 [INFO] AnalyticsPlugin:255 - Accepted CMSIS Pack Licenses: EdgeImpulse.osugiw-project-1.1.0.1
2024-01-04 13:44:19,532 [INFO] AnalyticsPlugin:257 - Accepted Firmware Licenses: FW.G0.1.6.0,FW.WB.1.16.0
2024-01-04 13:44:19,534 [INFO] PluginManage:359 - Loaded plugin analytics (category:tool,tabindex:-1)
2024-01-04 13:44:19,534 [INFO] PluginManage:310 - Check plugin cadmodel
2024-01-04 13:44:19,557 [INFO] CADModel:105 - Init CAD model plugin
2024-01-04 13:44:19,558 [INFO] PluginManage:359 - Loaded plugin cadmodel (category:power,tabindex:5)
2024-01-04 13:44:19,558 [INFO] PluginManage:310 - Check plugin clock
2024-01-04 13:44:19,574 [INFO] PluginManage:359 - Loaded plugin clock (category:base,tabindex:2)
2024-01-04 13:44:19,574 [INFO] PluginManage:310 - Check plugin ddr
2024-01-04 13:44:19,576 [INFO] PluginManage:359 - Loaded plugin ddr (category:tool,tabindex:6)
2024-01-04 13:44:19,576 [INFO] PluginManage:310 - Check plugin filemanager
2024-01-04 13:44:19,697 [INFO] PluginManage:359 - Loaded plugin filemanager (category:base,tabindex:10)
2024-01-04 13:44:19,697 [INFO] PluginManage:310 - Check plugin ipmanager
2024-01-04 13:44:19,702 [INFO] PluginManage:359 - Loaded plugin ipmanager (category:base,tabindex:5)
2024-01-04 13:44:19,702 [INFO] PluginManage:310 - Check plugin lpbam
2024-01-04 13:44:19,963 [INFO] PluginManage:359 - Loaded plugin lpbam (category:base,tabindex:0)
2024-01-04 13:44:19,963 [INFO] PluginManage:310 - Check plugin memorymap
2024-01-04 13:44:20,170 [INFO] PluginManage:359 - Loaded plugin memorymap (category:base,tabindex:4)
2024-01-04 13:44:20,170 [INFO] PluginManage:310 - Check plugin pinoutandconfiguration
2024-01-04 13:44:20,182 [INFO] PluginManage:359 - Loaded plugin pinoutandconfiguration (category:base,tabindex:1)
2024-01-04 13:44:20,182 [INFO] PluginManage:310 - Check plugin pinoutconfig
2024-01-04 13:44:20,276 [WARN] SupportedApi:132 - Cannot load RTOS API schema: s4s-elt-must-match.1: The content of 'definitions' must match (annotation?, (simpleType | complexType)?, (unique | key | keyref)*)). A problem was found starting at: attribute.
2024-01-04 13:44:20,395 [INFO] PluginManage:359 - Loaded plugin pinoutconfig (category:base,tabindex:0)
2024-01-04 13:44:20,395 [INFO] PluginManage:310 - Check plugin power
2024-01-04 13:44:20,431 [INFO] PluginManage:359 - Loaded plugin power (category:power,tabindex:4)
2024-01-04 13:44:20,431 [INFO] PluginManage:310 - Check plugin projectmanager
2024-01-04 13:44:20,444 [INFO] PluginManage:359 - Loaded plugin projectmanager (category:projectmanager,tabindex:3)
2024-01-04 13:44:20,444 [INFO] PluginManage:310 - Check plugin thirdparty
2024-01-04 13:44:20,680 [INFO] PluginManage:359 - Loaded plugin thirdparty (category:base,tabindex:-1)
2024-01-04 13:44:20,680 [WARN] IntegrityCheckThread:84 - waiting for thirdparty lock release [integrity check]
2024-01-04 13:44:20,681 [INFO] PluginManage:310 - Check plugin tools
2024-01-04 13:44:20,681 [INFO] IntegrityCheckThread:86 - entering critical section [integrity check]
2024-01-04 13:44:20,681 [INFO] ThirdPartyUpdaterWithRetryManager:70 - Updater plugin not ready yet. [1/15]
2024-01-04 13:44:20,712 [INFO] PluginManage:359 - Loaded plugin tools (category:base,tabindex:7)
2024-01-04 13:44:20,713 [INFO] PluginManage:310 - Check plugin tutovideos
2024-01-04 13:44:20,960 [INFO] PluginManage:359 - Loaded plugin tutovideos (category:base,tabindex:-1)
2024-01-04 13:44:20,960 [INFO] PluginManage:310 - Check plugin updater
2024-01-04 13:44:20,968 [INFO] PluginManage:359 - Loaded plugin updater (category:base,tabindex:12)
2024-01-04 13:44:20,969 [INFO] PluginManage:310 - Check plugin userauth
2024-01-04 13:44:20,974 [INFO] UserAuth:114 - Init User Auth plugin
2024-01-04 13:44:20,974 [INFO] PluginManage:359 - Loaded plugin userauth (category:base,tabindex:14)
2024-01-04 13:44:20,974 [INFO] PluginManage:283 - PluginManage : Loaded plugins [17]
2024-01-04 13:44:21,182 [INFO] PinOutPanel:1499 - setPackage(No Configuration,No Configuration)
2024-01-04 13:44:21,254 [INFO] CADModel:165 - CPN selected for project level
2024-01-04 13:44:21,255 [INFO] CADModel:114 - Register for checkConnection events
2024-01-04 13:44:21,329 [INFO] IPUIPlugin:80 - create IPUIPlugin
2024-01-04 13:44:21,329 [INFO] PluginManager:220 - loadIPPluginJar : add adc
2024-01-04 13:44:21,353 [INFO] IPUIPlugin:80 - create IPUIPlugin
2024-01-04 13:44:21,353 [INFO] PluginManager:220 - loadIPPluginJar : add aes
2024-01-04 13:44:21,377 [INFO] IPUIPlugin:80 - create IPUIPlugin
2024-01-04 13:44:21,377 [INFO] PluginManager:220 - loadIPPluginJar : add can
2024-01-04 13:44:21,392 [INFO] IPUIPlugin:80 - create IPUIPlugin
2024-01-04 13:44:21,392 [INFO] PluginManager:220 - loadIPPluginJar : add comp
2024-01-04 13:44:21,415 [INFO] IPUIPlugin:80 - create IPUIPlugin
2024-01-04 13:44:21,416 [INFO] PluginManager:220 - loadIPPluginJar : add cryp
2024-01-04 13:44:21,441 [INFO] IPUIPlugin:80 - create IPUIPlugin
2024-01-04 13:44:21,441 [INFO] PluginManager:220 - loadIPPluginJar : add dfsdm
2024-01-04 13:44:21,505 [INFO] IPUIPlugin:80 - create IPUIPlugin
2024-01-04 13:44:21,506 [INFO] PluginManager:220 - loadIPPluginJar : add dma
2024-01-04 13:44:21,537 [INFO] IPUIPlugin:80 - create IPUIPlugin
2024-01-04 13:44:21,537 [INFO] PluginManager:220 - loadIPPluginJar : add dma3
2024-01-04 13:44:21,552 [INFO] IPUIPlugin:80 - create IPUIPlugin
2024-01-04 13:44:21,552 [INFO] PluginManager:220 - loadIPPluginJar : add fatfs
2024-01-04 13:44:21,578 [INFO] IPUIPlugin:80 - create IPUIPlugin
2024-01-04 13:44:21,578 [INFO] PluginManager:220 - loadIPPluginJar : add fmc
2024-01-04 13:44:21,590 [INFO] IPUIPlugin:80 - create IPUIPlugin
2024-01-04 13:44:21,590 [INFO] PluginManager:220 - loadIPPluginJar : add freertos
2024-01-04 13:44:21,605 [INFO] IPUIPlugin:80 - create IPUIPlugin
2024-01-04 13:44:21,605 [INFO] PluginManager:220 - loadIPPluginJar : add genericplugin
2024-01-04 13:44:21,665 [INFO] IPUIPlugin:80 - create IPUIPlugin
2024-01-04 13:44:21,665 [INFO] PluginManager:220 - loadIPPluginJar : add gfxmmu
2024-01-04 13:44:21,757 [INFO] IPUIPlugin:80 - create IPUIPlugin
2024-01-04 13:44:21,757 [INFO] PluginManager:220 - loadIPPluginJar : add gic
2024-01-04 13:44:21,908 [INFO] IPUIPlugin:80 - create IPUIPlugin
2024-01-04 13:44:21,908 [INFO] PluginManager:220 - loadIPPluginJar : add gpio
2024-01-04 13:44:21,959 [INFO] IPUIPlugin:80 - create IPUIPlugin
2024-01-04 13:44:21,959 [INFO] PluginManager:220 - loadIPPluginJar : add gtzc
2024-01-04 13:44:21,981 [INFO] IPUIPlugin:80 - create IPUIPlugin
2024-01-04 13:44:21,981 [INFO] PluginManager:220 - loadIPPluginJar : add hash
2024-01-04 13:44:22,016 [INFO] IPUIPlugin:80 - create IPUIPlugin
2024-01-04 13:44:22,016 [INFO] PluginManager:220 - loadIPPluginJar : add i2c
2024-01-04 13:44:22,042 [INFO] IPUIPlugin:80 - create IPUIPlugin
2024-01-04 13:44:22,042 [INFO] PluginManager:220 - loadIPPluginJar : add i2s
2024-01-04 13:44:22,084 [INFO] IPUIPlugin:80 - create IPUIPlugin
2024-01-04 13:44:22,084 [INFO] PluginManager:220 - loadIPPluginJar : add i3c
2024-01-04 13:44:22,139 [INFO] IPUIPlugin:80 - create IPUIPlugin
2024-01-04 13:44:22,139 [INFO] PluginManager:220 - loadIPPluginJar : add ipddr
2024-01-04 13:44:22,209 [INFO] IPUIPlugin:80 - create IPUIPlugin
2024-01-04 13:44:22,209 [INFO] PluginManager:220 - loadIPPluginJar : add linkedlist
2024-01-04 13:44:22,722 [INFO] IPUIPlugin:80 - create IPUIPlugin
2024-01-04 13:44:22,722 [INFO] PluginManager:220 - loadIPPluginJar : add lorawan
2024-01-04 13:44:22,957 [INFO] IPUIPlugin:80 - create IPUIPlugin
2024-01-04 13:44:22,957 [INFO] PluginManager:220 - loadIPPluginJar : add ltdc
2024-01-04 13:44:23,470 [INFO] IPUIPlugin:80 - create IPUIPlugin
2024-01-04 13:44:23,470 [INFO] PluginManager:220 - loadIPPluginJar : add mdma
2024-01-04 13:44:23,669 [INFO] IPUIPlugin:80 - create IPUIPlugin
2024-01-04 13:44:23,669 [INFO] PluginManager:220 - loadIPPluginJar : add nvic
2024-01-04 13:44:23,681 [INFO] ThirdPartyUpdaterWithRetryManager:70 - Updater plugin not ready yet. [2/15]
2024-01-04 13:44:23,699 [INFO] IPUIPlugin:80 - create IPUIPlugin
2024-01-04 13:44:23,700 [INFO] PluginManager:220 - loadIPPluginJar : add opamp
2024-01-04 13:44:23,752 [INFO] IPUIPlugin:80 - create IPUIPlugin
2024-01-04 13:44:23,753 [INFO] PluginManager:220 - loadIPPluginJar : add openamp
2024-01-04 13:44:23,783 [INFO] IPUIPlugin:80 - create IPUIPlugin
2024-01-04 13:44:23,784 [INFO] PluginManager:220 - loadIPPluginJar : add pdm2pcm
2024-01-04 13:44:23,946 [INFO] IPUIPlugin:80 - create IPUIPlugin
2024-01-04 13:44:23,948 [INFO] PluginManager:220 - loadIPPluginJar : add plateformsettings
2024-01-04 13:44:23,964 [INFO] IPUIPlugin:80 - create IPUIPlugin
2024-01-04 13:44:23,964 [INFO] PluginManager:220 - loadIPPluginJar : add quadspi
2024-01-04 13:44:23,975 [INFO] IPUIPlugin:80 - create IPUIPlugin
2024-01-04 13:44:23,975 [INFO] PluginManager:220 - loadIPPluginJar : add resmgrutility
2024-01-04 13:44:24,017 [INFO] IPUIPlugin:80 - create IPUIPlugin
2024-01-04 13:44:24,017 [INFO] PluginManager:220 - loadIPPluginJar : add sai
2024-01-04 13:44:24,049 [INFO] IPUIPlugin:80 - create IPUIPlugin
2024-01-04 13:44:24,049 [INFO] PluginManager:220 - loadIPPluginJar : add spi
2024-01-04 13:44:24,093 [INFO] IPUIPlugin:80 - create IPUIPlugin
2024-01-04 13:44:24,093 [INFO] PluginManager:220 - loadIPPluginJar : add stm32_wpan
2024-01-04 13:44:24,108 [INFO] IPUIPlugin:80 - create IPUIPlugin
2024-01-04 13:44:24,108 [INFO] PluginManager:220 - loadIPPluginJar : add tim
2024-01-04 13:44:24,143 [INFO] IPUIPlugin:80 - create IPUIPlugin
2024-01-04 13:44:24,143 [INFO] PluginManager:220 - loadIPPluginJar : add touchsensing
2024-01-04 13:44:24,159 [INFO] IPUIPlugin:80 - create IPUIPlugin
2024-01-04 13:44:24,159 [INFO] PluginManager:220 - loadIPPluginJar : add tracer_emb
2024-01-04 13:44:24,176 [INFO] IPUIPlugin:80 - create IPUIPlugin
2024-01-04 13:44:24,176 [INFO] PluginManager:220 - loadIPPluginJar : add ts
2024-01-04 13:44:24,192 [INFO] IPUIPlugin:80 - create IPUIPlugin
2024-01-04 13:44:24,192 [INFO] PluginManager:220 - loadIPPluginJar : add tsc
2024-01-04 13:44:24,217 [INFO] IPUIPlugin:80 - create IPUIPlugin
2024-01-04 13:44:24,218 [INFO] PluginManager:220 - loadIPPluginJar : add ucpd
2024-01-04 13:44:24,253 [INFO] IPUIPlugin:80 - create IPUIPlugin
2024-01-04 13:44:24,253 [INFO] PluginManager:220 - loadIPPluginJar : add usart
2024-01-04 13:44:24,280 [INFO] IPUIPlugin:80 - create IPUIPlugin
2024-01-04 13:44:24,280 [INFO] PluginManager:220 - loadIPPluginJar : add usbx
2024-01-04 13:44:24,420 [INFO] CADModel:165 - CPN selected for project level
2024-01-04 13:44:24,421 [INFO] CADModel:114 - Register for checkConnection events
2024-01-04 13:44:24,421 [FATAL] Updater:308 - Updater called before beeing initialized
2024-01-04 13:44:24,421 [ERROR] CADModel:125 - Updater not yet initialized, retry later 
2024-01-04 13:44:24,613 [INFO] CADModel:165 - CPN selected for project level
2024-01-04 13:44:24,613 [INFO] CADModel:114 - Register for checkConnection events
2024-01-04 13:44:24,613 [FATAL] Updater:308 - Updater called before beeing initialized
2024-01-04 13:44:24,613 [ERROR] CADModel:125 - Updater not yet initialized, retry later 
2024-01-04 13:44:24,616 [FATAL] Updater:308 - Updater called before beeing initialized
2024-01-04 13:44:24,745 [FATAL] Updater:308 - Updater called before beeing initialized
2024-01-04 13:44:24,754 [INFO] DbMcusAds:53 - JSON generation date=Tue Mar 07 15:50:55 WIB 2023 (1678179055335)
2024-01-04 13:44:24,754 [FATAL] Updater:308 - Updater called before beeing initialized
2024-01-04 13:44:24,818 [WARN] DetailPanel:346 - Failed to get advertising image, set to default
2024-01-04 13:44:24,909 [FATAL] Updater:308 - Updater called before beeing initialized
2024-01-04 13:44:24,911 [FATAL] Updater:308 - Updater called before beeing initialized
2024-01-04 13:44:24,911 [FATAL] Updater:308 - Updater called before beeing initialized
2024-01-04 13:44:24,911 [WARN] DetailPanel:346 - Failed to get advertising image, set to default
2024-01-04 13:44:24,911 [FATAL] Updater:308 - Updater called before beeing initialized
2024-01-04 13:44:24,978 [ERROR] Updater:1120 - MainUpdater not yet initialized. External WinMGr cannot be set.
2024-01-04 13:44:24,984 [INFO] Updater:1056 - Updater Version found : 6.10.0
2024-01-04 13:44:24,997 [INFO] ApplicationProperties:184 - Using Application install path: C:\ST\STM32CubeIDE_1.14.0\STM32CubeIDE\plugins\com.st.stm32cube.common.mx_6.10.0.202311202037
2024-01-04 13:44:25,937 [INFO] MainUpdater:2873 - connection check result : 10
2024-01-04 13:44:25,937 [INFO] MainUpdater:3567 - Updater definition file requires update
2024-01-04 13:44:25,943 [INFO] MainUpdater:290 - Updater Check For Update Now.
2024-01-04 13:44:25,943 [INFO] MicroXplorer:498 - Change Database Version : DB.6.0.100
2024-01-04 13:44:25,956 [INFO] McuFinderGlobals:63 - Set McuFinder mode to 2 (CubeIDE integrated)
2024-01-04 13:44:25,956 [INFO] UserAuth:180 - activating auth plugin
2024-01-04 13:44:25,959 [INFO] UserAuth:404 - Internet connection configuration mode: 1
2024-01-04 13:44:25,978 [INFO] JxBrowserEngine:152 - Initiate JxBrowser Engine with user profile folder
2024-01-04 13:44:26,682 [WARN] MainUpdater:1194 - Updater busy. Cannot search thirdparties
2024-01-04 13:44:26,682 [INFO] ThirdPartyUpdaterWithRetryManager:96 - Updater plugin is busy. [1/15]
2024-01-04 13:44:27,481 [INFO] ServerAccessManage:473 - Download File updaters.zip
2024-01-04 13:44:29,684 [WARN] MainUpdater:1194 - Updater busy. Cannot search thirdparties
2024-01-04 13:44:29,684 [INFO] ThirdPartyUpdaterWithRetryManager:96 - Updater plugin is busy. [2/15]
2024-01-04 13:44:30,200 [INFO] FileExtend:240 - Unzip File : updaters.zip
2024-01-04 13:44:30,200 [INFO] FileExtend:255 - Standard Zip Deflate
2024-01-04 13:44:32,632 [INFO] ServerAccessManage:473 - Download File PacksControlFlags.xml
2024-01-04 13:44:32,687 [WARN] MainUpdater:1194 - Updater busy. Cannot search thirdparties
2024-01-04 13:44:32,687 [INFO] ThirdPartyUpdaterWithRetryManager:96 - Updater plugin is busy. [3/15]
2024-01-04 13:44:33,403 [INFO] WebApp:161 - Instantiating new browser for Auth
2024-01-04 13:44:33,547 [INFO] ServerAccessManage:473 - Download File cubemx.pidx
2024-01-04 13:44:33,815 [INFO] LoadServerUpdatesThread:375 - End of LoadServerUpdate Thread
2024-01-04 13:44:34,027 [INFO] CheckServerUpdateThread:120 - End of CheckServer Thread
2024-01-04 13:44:34,650 [INFO] WebApp:780 - Register for checkConnection events
2024-01-04 13:44:34,651 [INFO] WebApp:414 - Apply proxy settings
2024-01-04 13:44:34,651 [INFO] WebApp:499 - Chromium requires no authentication
2024-01-04 13:44:34,661 [INFO] WebApp:442 - Direct internet connection detected
2024-01-04 13:44:34,975 [INFO] WebApp:192 - Starting web application
2024-01-04 13:44:34,975 [INFO] WebApp:544 - Web application path used C:\ST\STM32CubeIDE_1.14.0\STM32CubeIDE\plugins\com.st.stm32cube.common.mx_6.10.0.202311202037\db\plugins\mcufinder\reactClient1\index.html
2024-01-04 13:44:35,979 [WARN] PackLoader:240 - Cannot read IP mode file for STMicroelectronics.X-CUBE-SMBUS.2.1.0
2024-01-04 13:44:35,993 [WARN] PackLoader:240 - Cannot read IP mode file for STMicroelectronics.X-CUBE-TOUCHGFX.4.23.0
2024-01-04 13:44:36,031 [WARN] PackLoader:240 - Cannot read IP mode file for STMicroelectronics.X-CUBE-AZRTOS-F7.1.1.0
2024-01-04 13:44:36,046 [ERROR] RealEvaluatedCondition:428 - Found unsupported composite condition: CLASS='Data Exchange' GROUP='STM32_MetaDataManager'
2024-01-04 13:44:36,046 [ERROR] RealEvaluatedCondition:428 - Found unsupported composite condition: CLASS='Data Exchange' GROUP='STM32_MetaDataManager'
2024-01-04 13:44:36,049 [WARN] PackLoader:240 - Cannot read IP mode file for STMicroelectronics.FP-SNS-MOTENV1.4.3.0
2024-01-04 13:44:36,065 [WARN] PackLoader:240 - Cannot read IP mode file for STMicroelectronics.FP-SNS-MOTENV1.4.3.2
2024-01-04 13:44:36,078 [WARN] PackLoader:240 - Cannot read IP mode file for STMicroelectronics.FP-SNS-FLIGHT1.5.0.0
2024-01-04 13:44:36,088 [ERROR] RealEvaluatedCondition:428 - Found unsupported composite condition: CLASS='Data Exchange' GROUP='STM32_MetaDataManager'
2024-01-04 13:44:36,088 [ERROR] RealEvaluatedCondition:428 - Found unsupported composite condition: GROUP='STM32_MetaDataManager' CLASS='Data Exchange'
2024-01-04 13:44:36,089 [WARN] PackLoader:240 - Cannot read IP mode file for STMicroelectronics.FP-SNS-MOTENV1.4.3.1
2024-01-04 13:44:36,102 [WARN] PackLoader:240 - Cannot read IP mode file for STMicroelectronics.FP-SNS-FLIGHT1.5.0.1
2024-01-04 13:44:36,119 [WARN] PackLoader:240 - Cannot read IP mode file for STMicroelectronics.X-CUBE-BLE1.6.2.3
2024-01-04 13:44:36,132 [WARN] PackLoader:240 - Cannot read IP mode file for STMicroelectronics.X-CUBE-BLE1.6.2.4
2024-01-04 13:44:36,143 [WARN] PackLoader:240 - Cannot read IP mode file for STMicroelectronics.FP-SNS-FLIGHT1.5.0.2
2024-01-04 13:44:36,161 [WARN] PackLoader:240 - Cannot read IP mode file for STMicroelectronics.X-CUBE-TOF1.3.1.0
2024-01-04 13:44:36,184 [WARN] PackLoader:240 - Cannot read IP mode file for STMicroelectronics.X-CUBE-DISPLAY.3.0.0
2024-01-04 13:44:36,214 [WARN] PackLoader:240 - Cannot read IP mode file for STMicroelectronics.X-CUBE-BLE1.7.0.0
2024-01-04 13:44:36,243 [WARN] PackLoader:240 - Cannot read IP mode file for emotas.I-CUBE-CANOPEN.1.3.0
2024-01-04 13:44:36,253 [WARN] PackLoader:240 - Cannot read IP mode file for STMicroelectronics.X-CUBE-TOUCHGFX.4.22.0
2024-01-04 13:44:36,263 [WARN] PackLoader:240 - Cannot read IP mode file for STMicroelectronics.X-CUBE-TOUCHGFX.4.22.1
2024-01-04 13:44:36,310 [WARN] PackLoader:240 - Cannot read IP mode file for STMicroelectronics.X-CUBE-MEMS1.9.3.0
2024-01-04 13:44:36,426 [WARN] PackLoader:240 - Cannot read IP mode file for STMicroelectronics.X-CUBE-AI.7.2.0
2024-01-04 13:44:36,438 [WARN] PackLoader:240 - Cannot read IP mode file for STMicroelectronics.FP-SNS-SMARTAG2.1.2.0
2024-01-04 13:44:36,458 [INFO] LogOutputStream:77 - [STDOUT_REDIRECT] 1 : Invalid condition id : UX_CORESTACK_Condition cause : null
2024-01-04 13:44:36,459 [INFO] LogOutputStream:77 - [STDOUT_REDIRECT] 1 : Invalid condition id : UX_CORESTACK_Condition cause : null
2024-01-04 13:44:36,460 [INFO] LogOutputStream:77 - [STDOUT_REDIRECT] 1 : Invalid condition id : UX_CORESTACK_Condition cause : null
2024-01-04 13:44:36,461 [INFO] LogOutputStream:77 - [STDOUT_REDIRECT] 1 : Invalid condition id : UX_CORESTACK_Condition cause : null
2024-01-04 13:44:36,462 [INFO] LogOutputStream:77 - [STDOUT_REDIRECT] 1 : Invalid condition id : UX_CORESTACK_Condition cause : null
2024-01-04 13:44:36,466 [WARN] PackLoader:240 - Cannot read IP mode file for STMicroelectronics.X-CUBE-AZRTOS-WL.2.0.0
2024-01-04 13:44:36,484 [WARN] PackLoader:240 - Cannot read IP mode file for WES.I-CUBE-Cesium.1.3.0
2024-01-04 13:44:36,496 [WARN] PackLoader:240 - Cannot read IP mode file for STMicroelectronics.X-CUBE-BLE2.3.3.0
2024-01-04 13:44:36,507 [WARN] PackLoader:240 - Cannot read IP mode file for STMicroelectronics.X-CUBE-DISPLAY.2.2.0
2024-01-04 13:44:36,523 [WARN] PackLoader:240 - Cannot read IP mode file for STMicroelectronics.X-CUBE-TOF1.3.2.0
2024-01-04 13:44:36,539 [WARN] PackLoader:240 - Cannot read IP mode file for STMicroelectronics.X-CUBE-ISPU.1.0.0
2024-01-04 13:44:36,564 [WARN] PackLoader:240 - Cannot read IP mode file for STMicroelectronics.X-CUBE-AZRTOS-H7.2.1.0
2024-01-04 13:44:36,577 [WARN] PackLoader:240 - Cannot read IP mode file for STMicroelectronics.X-CUBE-TOUCHGFX.4.21.1
2024-01-04 13:44:36,590 [WARN] PackLoader:240 - Cannot read IP mode file for STMicroelectronics.X-CUBE-TOUCHGFX.4.21.3
2024-01-04 13:44:36,599 [WARN] PackLoader:240 - Cannot read IP mode file for STMicroelectronics.X-CUBE-TOUCHGFX.4.21.4
2024-01-04 13:44:36,645 [WARN] PackLoader:240 - Cannot read IP mode file for STMicroelectronics.X-CUBE-MEMS1.9.4.0
2024-01-04 13:44:36,763 [WARN] PackLoader:240 - Cannot read IP mode file for STMicroelectronics.X-CUBE-AI.7.3.0
2024-01-04 13:44:38,827 [WARN] PackLoader:240 - Cannot read IP mode file for STMicroelectronics.X-CUBE-ALGOBUILD.1.3.0
2024-01-04 13:44:39,024 [WARN] PackLoader:240 - Cannot read IP mode file for STMicroelectronics.X-CUBE-AZRTOS-G0.1.1.0
2024-01-04 13:44:39,042 [WARN] PackLoader:240 - Cannot read IP mode file for STMicroelectronics.X-CUBE-NFC4.3.0.0
2024-01-04 13:44:39,099 [WARN] PackLoader:240 - Cannot read IP mode file for SEGGER.I-CUBE-embOS.1.2.0
2024-01-04 13:44:39,149 [WARN] PackLoader:240 - Cannot read IP mode file for STMicroelectronics.X-CUBE-BLEMGR.3.0.0
2024-01-04 13:44:39,165 [WARN] PackLoader:240 - Cannot read IP mode file for STMicroelectronics.X-CUBE-BLEMGR.1.3.0
2024-01-04 13:44:39,179 [WARN] PackLoader:240 - Cannot read IP mode file for STMicroelectronics.FP-ATR-SIGFOX1.3.2.0
2024-01-04 13:44:39,191 [WARN] PackLoader:240 - Cannot read IP mode file for emotas.I-CUBE-CANOPEN.1.1.2
2024-01-04 13:44:39,200 [WARN] PackLoader:240 - Cannot read IP mode file for STMicroelectronics.X-CUBE-TOUCHGFX.4.20.0
2024-01-04 13:44:39,234 [WARN] PackLoader:240 - Cannot read IP mode file for STMicroelectronics.X-CUBE-MEMS1.9.5.0
2024-01-04 13:44:39,354 [WARN] PackLoader:240 - Cannot read IP mode file for SEGGER.I-CUBE-embOS.1.3.1
2024-01-04 13:44:39,390 [WARN] PackLoader:240 - Cannot read IP mode file for STMicroelectronics.X-CUBE-GNSS1.6.0.0
2024-01-04 13:44:39,565 [WARN] PackLoader:240 - Cannot read IP mode file for STMicroelectronics.X-CUBE-AZRTOS-F4.1.1.0
2024-01-04 13:44:39,722 [WARN] PackLoader:240 - Cannot read IP mode file for wolfSSL.I-CUBE-wolfSSL.5.6.3
2024-01-04 13:44:39,739 [WARN] PackLoader:240 - Cannot read IP mode file for wolfSSL.I-CUBE-wolfSSL.5.6.0
2024-01-04 13:44:39,762 [WARN] PackLoader:240 - Cannot read IP mode file for STMicroelectronics.X-CUBE-BLEMGR.1.2.0
2024-01-04 13:44:39,797 [WARN] PackLoader:240 - Cannot read IP mode file for STMicroelectronics.X-CUBE-AZRTOS-L5.2.0.0
2024-01-04 13:44:39,871 [WARN] PackLoader:240 - Cannot read IP mode file for STMicroelectronics.X-CUBE-MEMS1.9.6.0
2024-01-04 13:44:39,989 [WARN] PackLoader:240 - Cannot read IP mode file for STMicroelectronics.X-CUBE-EEPRMA1.4.2.0
2024-01-04 13:44:40,007 [WARN] PackLoader:240 - Cannot read IP mode file for ITTIA_DB.I-CUBE-ITTIADB.8.8.0
2024-01-04 13:44:40,028 [WARN] PackLoader:240 - Cannot read IP mode file for emotas.I-CUBE-CANOPEN.1.1.3
2024-01-04 13:44:40,046 [WARN] PackLoader:240 - Cannot read IP mode file for STMicroelectronics.X-CUBE-BLEMGR.2.0.0
2024-01-04 13:44:40,060 [WARN] PackLoader:240 - Cannot read IP mode file for STMicroelectronics.X-CUBE-NFC4.2.0.5
2024-01-04 13:44:40,076 [WARN] PackLoader:240 - Cannot read IP mode file for STMicroelectronics.X-CUBE-NFC4.2.0.4
2024-01-04 13:44:40,107 [WARN] ConditionMgr:438 - getConditionDescription Invalid condition id : UX DEVICE CLASS RTOS Condition cause : null
2024-01-04 13:44:40,107 [WARN] ConditionMgr:438 - getConditionDescription Invalid condition id : UX DEVICE CLASS RTOS Condition cause : null
2024-01-04 13:44:40,109 [WARN] PackLoader:240 - Cannot read IP mode file for STMicroelectronics.X-CUBE-AZRTOS-H7.3.1.0
2024-01-04 13:44:40,111 [WARN] ConditionMgr:1039 - genDependencies : Invalid condition id : UX DEVICE CLASS RTOS Condition cause : null
2024-01-04 13:44:40,111 [WARN] ConditionMgr:1039 - genDependencies : Invalid condition id : UX DEVICE CLASS RTOS Condition cause : null
2024-01-04 13:44:40,111 [WARN] ConditionMgr:1039 - genDependencies : Invalid condition id : UX DEVICE CLASS RTOS Condition cause : null
2024-01-04 13:44:40,112 [WARN] ConditionMgr:1039 - genDependencies : Invalid condition id : UX DEVICE CLASS RTOS Condition cause : null
2024-01-04 13:44:40,112 [WARN] ConditionMgr:1039 - genDependencies : Invalid condition id : UX DEVICE CLASS RTOS Condition cause : null
2024-01-04 13:44:40,132 [WARN] PackLoader:240 - Cannot read IP mode file for STMicroelectronics.X-CUBE-NFC7.1.0.1
2024-01-04 13:44:40,147 [WARN] PackLoader:240 - Cannot read IP mode file for STMicroelectronics.X-CUBE-NFC7.1.0.0
2024-01-04 13:44:40,163 [WARN] PackLoader:240 - Cannot read IP mode file for STMicroelectronics.X-CUBE-NFC6.3.0.0
2024-01-04 13:44:40,185 [WARN] PackLoader:240 - Cannot read IP mode file for STMicroelectronics.X-CUBE-EEPRMA1.4.1.0
2024-01-04 13:44:40,198 [WARN] PackLoader:240 - Cannot read IP mode file for STMicroelectronics.X-CUBE-AI.8.1.0
2024-01-04 13:44:40,225 [WARN] ConditionMgr:438 - getConditionDescription Invalid condition id : LAN8742 Phy interface Condition cause : null
2024-01-04 13:44:40,226 [WARN] PackLoader:240 - Cannot read IP mode file for STMicroelectronics.X-CUBE-AZRTOS-L4.2.0.0
2024-01-04 13:44:40,234 [WARN] ConditionMgr:1039 - genDependencies : Invalid condition id : LAN8742 Phy interface Condition cause : null
2024-01-04 13:44:40,234 [WARN] ConditionMgr:1039 - genDependencies : Invalid condition id : LAN8742 Phy interface Condition cause : null
2024-01-04 13:44:40,234 [WARN] ConditionMgr:1039 - genDependencies : Invalid condition id : LAN8742 Phy interface Condition cause : null
2024-01-04 13:44:40,253 [WARN] PackLoader:240 - Cannot read IP mode file for STMicroelectronics.X-CUBE-SFXS2LP1.4.0.0
2024-01-04 13:44:40,285 [WARN] PackLoader:240 - Cannot read IP mode file for STMicroelectronics.X-CUBE-AZRTOS-H7.3.0.0
2024-01-04 13:44:40,300 [WARN] PackLoader:240 - Cannot read IP mode file for STMicroelectronics.X-CUBE-ISPU.1.1.0
2024-01-04 13:44:40,317 [WARN] PackLoader:240 - Cannot read IP mode file for RoweBots.I-CUBE-UNISONRTOS.5.5.0-4
2024-01-04 13:44:40,344 [WARN] PackLoader:240 - Cannot read IP mode file for wolfSSL.I-CUBE-wolfSSL.5.4.0
2024-01-04 13:44:40,418 [WARN] PackLoader:240 - Cannot read IP mode file for STMicroelectronics.X-CUBE-AI.8.0.0
2024-01-04 13:44:40,464 [WARN] ConditionMgr:438 - getConditionDescription Invalid condition id : UX DEVICE CLASS RTOS Condition cause : null
2024-01-04 13:44:40,464 [WARN] ConditionMgr:438 - getConditionDescription Invalid condition id : UX DEVICE CLASS RTOS Condition cause : null
2024-01-04 13:44:40,465 [WARN] PackLoader:240 - Cannot read IP mode file for STMicroelectronics.X-CUBE-AZRTOS-WB.2.0.0
2024-01-04 13:44:40,466 [WARN] ConditionMgr:1039 - genDependencies : Invalid condition id : UX DEVICE CLASS RTOS Condition cause : null
2024-01-04 13:44:40,466 [WARN] ConditionMgr:1039 - genDependencies : Invalid condition id : UX DEVICE CLASS RTOS Condition cause : null
2024-01-04 13:44:40,467 [WARN] ConditionMgr:1039 - genDependencies : Invalid condition id : UX DEVICE CLASS RTOS Condition cause : null
2024-01-04 13:44:40,467 [WARN] ConditionMgr:1039 - genDependencies : Invalid condition id : UX DEVICE CLASS RTOS Condition cause : null
2024-01-04 13:44:40,467 [WARN] ConditionMgr:1039 - genDependencies : Invalid condition id : UX DEVICE CLASS RTOS Condition cause : null
2024-01-04 13:44:40,489 [WARN] PackLoader:240 - Cannot read IP mode file for STMicroelectronics.X-CUBE-FREERTOS.1.0.0
2024-01-04 13:44:40,542 [WARN] PackLoader:240 - Cannot read IP mode file for STMicroelectronics.X-CUBE-FREERTOS.1.0.1
2024-01-04 13:44:40,565 [WARN] PackLoader:240 - Cannot read IP mode file for STMicroelectronics.X-CUBE-BLEMGR.1.0.0
2024-01-04 13:44:40,600 [WARN] PackLoader:240 - Cannot read IP mode file for STMicroelectronics.X-CUBE-AZRTOS-L5.1.1.0
2024-01-04 13:44:40,612 [WARN] PackLoader:240 - Cannot read IP mode file for STMicroelectronics.X-CUBE-AI.8.0.1
2024-01-04 13:44:40,631 [WARN] PackLoader:240 - Cannot read IP mode file for STMicroelectronics.X-CUBE-SUBG2.5.0.0
2024-01-04 13:44:40,656 [WARN] PackLoader:240 - Cannot read IP mode file for STMicroelectronics.X-CUBE-TOF1.3.3.1
2024-01-04 13:44:40,691 [WARN] PackLoader:240 - Cannot read IP mode file for STMicroelectronics.X-CUBE-AZRTOS-G4.2.0.0
2024-01-04 13:44:40,712 [WARN] PackLoader:240 - Cannot read IP mode file for STMicroelectronics.X-CUBE-TOF1.3.3.0
2024-01-04 13:44:40,732 [WARN] PackLoader:240 - Cannot read IP mode file for STMicroelectronics.FP-ATR-ASTRA1.1.1.1
2024-01-04 13:44:40,756 [WARN] PackLoader:240 - Cannot read IP mode file for Infineon.AIROC-Wi-Fi-Bluetooth-STM32.1.5.1
2024-01-04 13:44:40,770 [WARN] PackLoader:240 - Cannot read IP mode file for STMicroelectronics.FP-ATR-ASTRA1.1.1.0
2024-01-04 13:44:40,782 [WARN] PackLoader:240 - Cannot read IP mode file for STMicroelectronics.FP-SNS-MOTENVWB1.1.3.0
2024-01-04 13:44:40,793 [WARN] PackLoader:240 - Cannot read IP mode file for STMicroelectronics.FP-SNS-MOTENVWB1.1.3.1
2024-01-04 13:44:40,818 [WARN] PackLoader:240 - Cannot read IP mode file for STMicroelectronics.X-CUBE-AZRTOS-G4.1.0.0
2024-01-04 13:44:40,843 [WARN] PackLoader:240 - Cannot read IP mode file for STMicroelectronics.X-CUBE-AZRTOS-L4.1.0.0
2024-01-04 13:44:40,853 [WARN] PackLoader:240 - Cannot read IP mode file for STMicroelectronics.X-CUBE-ISPU.2.0.0
2024-01-04 13:44:40,889 [WARN] PackLoader:240 - Cannot read IP mode file for STMicroelectronics.X-CUBE-MEMS1.10.0.0
2024-01-04 13:44:40,992 [WARN] PackLoader:240 - Cannot read IP mode file for STMicroelectronics.X-CUBE-FREERTOS.1.1.0
2024-01-04 13:44:41,014 [WARN] PackLoader:240 - Cannot read IP mode file for STMicroelectronics.X-CUBE-AZRTOS-WL.1.0.0
2024-01-04 13:44:41,030 [WARN] PackLoader:240 - Cannot read IP mode file for portGmbH.I-Cube-SoM-uGOAL.1.1.0
2024-01-04 13:44:41,044 [WARN] PackLoader:240 - Cannot read IP mode file for STMicroelectronics.X-CUBE-ALS.1.0.1
2024-01-04 13:44:41,066 [WARN] PackLoader:240 - Cannot read IP mode file for STMicroelectronics.X-CUBE-AZRTOS-WB.1.1.0
2024-01-04 13:44:41,090 [WARN] PackLoader:240 - Cannot read IP mode file for STMicroelectronics.X-CUBE-AZRTOS-L5.1.0.0
2024-01-04 13:44:41,101 [WARN] PackLoader:240 - Cannot read IP mode file for STMicroelectronics.X-CUBE-EEPRMA1.3.1.1
2024-01-04 13:44:41,111 [WARN] PackLoader:240 - Cannot read IP mode file for STMicroelectronics.FP-ATR-ASTRA1.2.0.0
2024-01-04 13:44:41,127 [WARN] PackLoader:240 - Cannot read IP mode file for STMicroelectronics.X-CUBE-TOF1.3.4.0
2024-01-04 13:44:41,158 [WARN] PackLoader:240 - Cannot read IP mode file for STMicroelectronics.X-CUBE-AZRTOS-H7.3.2.0
2024-01-04 13:44:41,160 [INFO] ThirdParty:978 - Integrity check success = true
2024-01-04 13:44:41,160 [INFO] IntegrityCheckThread:100 - exiting critical section [integrity check]
2024-01-04 13:44:41,160 [INFO] IntegrityCheckThread:103 - End integrity checks thread
2024-01-04 13:44:56,468 [ERROR] LogOutputStream:75 - [STDERR_REDIRECT] SLF4J: Failed to load class "org.slf4j.impl.StaticLoggerBinder".
2024-01-04 13:44:56,469 [ERROR] LogOutputStream:75 - [STDERR_REDIRECT] SLF4J: Defaulting to no-operation (NOP) logger implementation
2024-01-04 13:44:56,469 [ERROR] LogOutputStream:75 - [STDERR_REDIRECT] SLF4J: See http://www.slf4j.org/codes.html#StaticLoggerBinder for further details.
