2023-11-21 09:21:55,287 [INFO] Activator:176 - 


2023-11-21 09:21:55,287 [INFO] Activator:177 - !SESSION log4j initialized
2023-11-21 09:22:03,052 [INFO] LogOutputStream:77 - [STDOUT_REDIRECT] 
2023-11-21 09:22:24,766 [ERROR] LogOutputStream:75 - [STDERR_REDIRECT] SLF4J: Failed to load class "org.slf4j.impl.StaticLoggerBinder".
2023-11-21 09:22:24,767 [ERROR] LogOutputStream:75 - [STDERR_REDIRECT] SLF4J: Defaulting to no-operation (NOP) logger implementation
2023-11-21 09:22:24,768 [ERROR] LogOutputStream:75 - [STDERR_REDIRECT] SLF4J: See http://www.slf4j.org/codes.html#StaticLoggerBinder for further details.
2023-11-21 09:24:30,599 [ERROR] ConfigurationRetriever:142 - IOException on connection: Read timed out
2023-11-21 09:24:32,613 [ERROR] ConfigurationRetriever:142 - IOException on connection: connect timed out
2023-11-21 09:24:34,762 [ERROR] ConfigurationRetriever:142 - IOException on connection: connect timed out
2023-11-21 09:24:36,772 [ERROR] ConfigurationRetriever:142 - IOException on connection: connect timed out
2023-11-21 09:24:38,775 [ERROR] ConfigurationRetriever:142 - IOException on connection: connect timed out
2023-11-21 10:25:31,888 [INFO] Activator:176 - 


2023-11-21 10:25:31,889 [INFO] Activator:177 - !SESSION log4j initialized
2023-11-21 10:25:42,374 [INFO] LogOutputStream:77 - [STDOUT_REDIRECT] 
2023-11-21 10:25:49,537 [ERROR] ConfigurationRetriever:142 - IOException on connection: Read timed out
2023-11-21 10:26:05,539 [ERROR] LogOutputStream:75 - [STDERR_REDIRECT] SLF4J: Failed to load class "org.slf4j.impl.StaticLoggerBinder".
2023-11-21 10:26:05,540 [ERROR] LogOutputStream:75 - [STDERR_REDIRECT] SLF4J: Defaulting to no-operation (NOP) logger implementation
2023-11-21 10:26:05,541 [ERROR] LogOutputStream:75 - [STDERR_REDIRECT] SLF4J: See http://www.slf4j.org/codes.html#StaticLoggerBinder for further details.
2023-11-21 11:27:26,892 [INFO] Activator:176 - 


2023-11-21 11:27:26,896 [INFO] Activator:177 - !SESSION log4j initialized
2023-11-21 11:27:33,672 [INFO] LogOutputStream:77 - [STDOUT_REDIRECT] 
2023-11-21 11:27:55,421 [ERROR] LogOutputStream:75 - [STDERR_REDIRECT] SLF4J: Failed to load class "org.slf4j.impl.StaticLoggerBinder".
2023-11-21 11:27:55,421 [ERROR] LogOutputStream:75 - [STDERR_REDIRECT] SLF4J: Defaulting to no-operation (NOP) logger implementation
2023-11-21 11:27:55,422 [ERROR] LogOutputStream:75 - [STDERR_REDIRECT] SLF4J: See http://www.slf4j.org/codes.html#StaticLoggerBinder for further details.
2023-11-21 11:29:50,689 [INFO] ApplicationProperties:184 - Using Application install path: C:\ST\STM32CubeIDE_1.12.1\STM32CubeIDE\plugins\com.st.stm32cube.common.mx_6.8.1.202304191431
2023-11-21 11:29:50,717 [INFO] DbMcusXml:78 - Set database path to: C:\ST\STM32CubeIDE_1.12.1\STM32CubeIDE\plugins\com.st.stm32cube.common.mx_6.8.1.202304191431\\db\/mcu/
2023-11-21 11:29:50,717 [INFO] ApiDb:274 - Set plugin database path to: C:\ST\STM32CubeIDE_1.12.1\STM32CubeIDE\plugins\com.st.stm32cube.common.mx_6.8.1.202304191431\\db\/plugins/boardmanager/
2023-11-21 11:29:50,719 [WARN] ApiDb:259 - Overriding images path with different value:  => C:\ST\STM32CubeIDE_1.12.1\STM32CubeIDE\plugins\com.st.stm32cube.common.mx_6.8.1.202304191431\\db\/plugins/mcufinder/images/
2023-11-21 11:29:50,746 [INFO] ApiDb:250 - Set database path to: C:\Users\KDS-LTP-0415\.stmcufinder\plugins\mcufinder//mcu/
2023-11-21 11:29:50,748 [INFO] DbMcusAds:125 - Set database path to: C:\Users\KDS-LTP-0415\.stmcufinder\plugins\mcufinder//mcu/
2023-11-21 11:29:50,802 [INFO] CrossReferenceDbSqlite:203 - Set database path to: C:\Users\KDS-LTP-0415\.stmcufinder\plugins\mcufinder//mcu/cs/
2023-11-21 11:29:50,916 [INFO] RulesReader:64 - Compatibility file has been processed (293 Rules)
2023-11-21 11:29:51,003 [INFO] DbMcusXml:78 - Set database path to: C:\ST\STM32CubeIDE_1.12.1\STM32CubeIDE\plugins\com.st.stm32cube.common.mx_6.8.1.202304191431\\db\/mcu/
2023-11-21 11:29:51,003 [INFO] ApiDb:274 - Set plugin database path to: C:\ST\STM32CubeIDE_1.12.1\STM32CubeIDE\plugins\com.st.stm32cube.common.mx_6.8.1.202304191431\\db\/plugins/boardmanager/
2023-11-21 11:29:51,004 [INFO] ApiDb:261 - Set plugin images path to: C:\ST\STM32CubeIDE_1.12.1\STM32CubeIDE\plugins\com.st.stm32cube.common.mx_6.8.1.202304191431\\db\/plugins/mcufinder/images/
2023-11-21 11:29:51,004 [WARN] DbFile:41 - Overriding database path with different value: C:\Users\KDS-LTP-0415\.stmcufinder\plugins\mcufinder/ => C:\Users\KDS-LTP-0415\.stmcufinder\plugins\mcufinder
2023-11-21 11:29:51,004 [INFO] ApiDb:250 - Set database path to: C:\Users\KDS-LTP-0415\.stmcufinder\plugins\mcufinder//mcu/
2023-11-21 11:29:51,004 [WARN] DbFile:41 - Overriding database path with different value: C:\Users\KDS-LTP-0415\.stmcufinder\plugins\mcufinder/ => C:\Users\KDS-LTP-0415\.stmcufinder\plugins\mcufinder
2023-11-21 11:29:51,004 [INFO] DbMcusAds:125 - Set database path to: C:\Users\KDS-LTP-0415\.stmcufinder\plugins\mcufinder//mcu/
2023-11-21 11:29:51,004 [WARN] DbFile:41 - Overriding database path with different value: C:\Users\KDS-LTP-0415\.stmcufinder\plugins\mcufinder/ => C:\Users\KDS-LTP-0415\.stmcufinder\plugins\mcufinder
2023-11-21 11:29:51,004 [WARN] DbFile:41 - Overriding database path with different value: C:\Users\KDS-LTP-0415\.stmcufinder\plugins\mcufinder/ => C:\Users\KDS-LTP-0415\.stmcufinder\plugins\mcufinder
2023-11-21 11:29:51,004 [INFO] CrossReferenceDbSqlite:203 - Set database path to: C:\Users\KDS-LTP-0415\.stmcufinder\plugins\mcufinder//mcu/cs/
2023-11-21 11:29:51,110 [INFO] MainPanel:253 - HeapMemory: 502267904
2023-11-21 11:29:51,253 [INFO] DbMcusXml:78 - Set database path to: C:\ST\STM32CubeIDE_1.12.1\STM32CubeIDE\plugins\com.st.stm32cube.common.mx_6.8.1.202304191431\\db\/mcu/
2023-11-21 11:29:51,253 [INFO] ApiDb:274 - Set plugin database path to: C:\ST\STM32CubeIDE_1.12.1\STM32CubeIDE\plugins\com.st.stm32cube.common.mx_6.8.1.202304191431\\db\/plugins/boardmanager/
2023-11-21 11:29:51,253 [INFO] ApiDb:261 - Set plugin images path to: C:\ST\STM32CubeIDE_1.12.1\STM32CubeIDE\plugins\com.st.stm32cube.common.mx_6.8.1.202304191431\\db\/plugins/mcufinder/images/
2023-11-21 11:29:51,255 [WARN] DbFile:41 - Overriding database path with different value: C:\Users\KDS-LTP-0415\.stmcufinder\plugins\mcufinder/ => C:\Users\KDS-LTP-0415\.stmcufinder\plugins\mcufinder
2023-11-21 11:29:51,255 [INFO] ApiDb:250 - Set database path to: C:\Users\KDS-LTP-0415\.stmcufinder\plugins\mcufinder//mcu/
2023-11-21 11:29:51,255 [WARN] DbFile:41 - Overriding database path with different value: C:\Users\KDS-LTP-0415\.stmcufinder\plugins\mcufinder/ => C:\Users\KDS-LTP-0415\.stmcufinder\plugins\mcufinder
2023-11-21 11:29:51,255 [INFO] DbMcusAds:125 - Set database path to: C:\Users\KDS-LTP-0415\.stmcufinder\plugins\mcufinder//mcu/
2023-11-21 11:29:51,255 [WARN] DbFile:41 - Overriding database path with different value: C:\Users\KDS-LTP-0415\.stmcufinder\plugins\mcufinder/ => C:\Users\KDS-LTP-0415\.stmcufinder\plugins\mcufinder
2023-11-21 11:29:51,255 [WARN] DbFile:41 - Overriding database path with different value: C:\Users\KDS-LTP-0415\.stmcufinder\plugins\mcufinder/ => C:\Users\KDS-LTP-0415\.stmcufinder\plugins\mcufinder
2023-11-21 11:29:51,256 [INFO] CrossReferenceDbSqlite:203 - Set database path to: C:\Users\KDS-LTP-0415\.stmcufinder\plugins\mcufinder//mcu/cs/
2023-11-21 11:29:51,277 [INFO] ApplicationProperties:184 - Using Application install path: C:\ST\STM32CubeIDE_1.12.1\STM32CubeIDE\plugins\com.st.stm32cube.common.mx_6.8.1.202304191431
2023-11-21 11:29:51,279 [INFO] PluginManage:196 - Search for loadable plugins [exclusion list=, ]
2023-11-21 11:29:51,281 [INFO] PluginManage:310 - Check plugin analytics
2023-11-21 11:29:51,523 [INFO] AnalyticsPlugin:253 - Accepted Software Licenses: STM32CubeMX.6.2.1,STM32CubeMX.6.6.1,STM32CubeMX.6.7.0,STM32CubeMX.6.8.1,STM32CubeMX.6.9.1
2023-11-21 11:29:51,524 [INFO] AnalyticsPlugin:255 - Accepted CMSIS Pack Licenses: EdgeImpulse.osugiw-project-1.1.0.1
2023-11-21 11:29:51,524 [INFO] AnalyticsPlugin:257 - Accepted Firmware Licenses: FW.G0.1.6.0,FW.WB.1.16.0
2023-11-21 11:29:51,542 [INFO] PluginManage:359 - Loaded plugin analytics (category:tool,tabindex:-1)
2023-11-21 11:29:51,542 [INFO] PluginManage:310 - Check plugin cadmodel
2023-11-21 11:29:51,559 [INFO] CADModel:105 - Init CAD model plugin
2023-11-21 11:29:51,560 [INFO] PluginManage:359 - Loaded plugin cadmodel (category:power,tabindex:5)
2023-11-21 11:29:51,560 [INFO] PluginManage:310 - Check plugin clock
2023-11-21 11:29:51,578 [INFO] PluginManage:359 - Loaded plugin clock (category:base,tabindex:2)
2023-11-21 11:29:51,578 [INFO] PluginManage:310 - Check plugin ddr
2023-11-21 11:29:51,586 [INFO] PluginManage:359 - Loaded plugin ddr (category:tool,tabindex:6)
2023-11-21 11:29:51,586 [INFO] PluginManage:310 - Check plugin filemanager
2023-11-21 11:29:51,742 [INFO] PluginManage:359 - Loaded plugin filemanager (category:base,tabindex:10)
2023-11-21 11:29:51,742 [INFO] PluginManage:310 - Check plugin ipmanager
2023-11-21 11:29:51,751 [INFO] PluginManage:359 - Loaded plugin ipmanager (category:base,tabindex:5)
2023-11-21 11:29:51,752 [INFO] PluginManage:310 - Check plugin lpbam
2023-11-21 11:29:51,767 [INFO] PluginManage:359 - Loaded plugin lpbam (category:base,tabindex:0)
2023-11-21 11:29:51,767 [INFO] PluginManage:310 - Check plugin pinoutandconfiguration
2023-11-21 11:29:51,785 [INFO] PluginManage:359 - Loaded plugin pinoutandconfiguration (category:base,tabindex:1)
2023-11-21 11:29:51,785 [INFO] PluginManage:310 - Check plugin pinoutconfig
2023-11-21 11:29:51,882 [WARN] SupportedApi:132 - Cannot load RTOS API schema: s4s-elt-must-match.1: The content of 'definitions' must match (annotation?, (simpleType | complexType)?, (unique | key | keyref)*)). A problem was found starting at: attribute.
2023-11-21 11:29:52,065 [INFO] PluginManage:359 - Loaded plugin pinoutconfig (category:base,tabindex:0)
2023-11-21 11:29:52,065 [INFO] PluginManage:310 - Check plugin power
2023-11-21 11:29:52,092 [INFO] PluginManage:359 - Loaded plugin power (category:power,tabindex:4)
2023-11-21 11:29:52,093 [INFO] PluginManage:310 - Check plugin projectmanager
2023-11-21 11:29:52,118 [INFO] PluginManage:359 - Loaded plugin projectmanager (category:projectmanager,tabindex:3)
2023-11-21 11:29:52,119 [INFO] PluginManage:310 - Check plugin thirdparty
2023-11-21 11:29:52,463 [WARN] IntegrityCheckThread:84 - waiting for thirdparty lock release [integrity check]
2023-11-21 11:29:52,463 [INFO] IntegrityCheckThread:86 - entering critical section [integrity check]
2023-11-21 11:29:52,464 [INFO] PluginManage:359 - Loaded plugin thirdparty (category:base,tabindex:-1)
2023-11-21 11:29:52,464 [INFO] PluginManage:310 - Check plugin tools
2023-11-21 11:29:52,465 [INFO] ThirdPartyUpdaterWithRetryManager:70 - Updater plugin not ready yet. [1/15]
2023-11-21 11:29:52,469 [INFO] PluginManage:359 - Loaded plugin tools (category:base,tabindex:7)
2023-11-21 11:29:52,469 [INFO] PluginManage:310 - Check plugin tutovideos
2023-11-21 11:29:52,754 [INFO] PluginManage:359 - Loaded plugin tutovideos (category:base,tabindex:-1)
2023-11-21 11:29:52,754 [INFO] PluginManage:310 - Check plugin updater
2023-11-21 11:29:52,775 [INFO] PluginManage:359 - Loaded plugin updater (category:base,tabindex:12)
2023-11-21 11:29:52,777 [INFO] PluginManage:283 - PluginManage : Loaded plugins [15]
2023-11-21 11:29:53,104 [INFO] PinOutPanel:1499 - setPackage(No Configuration,No Configuration)
2023-11-21 11:29:53,172 [INFO] CADModel:165 - CPN selected for project level
2023-11-21 11:29:53,172 [INFO] CADModel:114 - Register for checkConnection events
2023-11-21 11:29:53,197 [INFO] IPUIPlugin:80 - create IPUIPlugin
2023-11-21 11:29:53,197 [INFO] PluginManager:220 - loadIPPluginJar : add adc
2023-11-21 11:29:53,204 [INFO] IPUIPlugin:80 - create IPUIPlugin
2023-11-21 11:29:53,204 [INFO] PluginManager:220 - loadIPPluginJar : add aes
2023-11-21 11:29:53,210 [INFO] IPUIPlugin:80 - create IPUIPlugin
2023-11-21 11:29:53,210 [INFO] PluginManager:220 - loadIPPluginJar : add can
2023-11-21 11:29:53,216 [INFO] IPUIPlugin:80 - create IPUIPlugin
2023-11-21 11:29:53,216 [INFO] PluginManager:220 - loadIPPluginJar : add comp
2023-11-21 11:29:53,221 [INFO] IPUIPlugin:80 - create IPUIPlugin
2023-11-21 11:29:53,221 [INFO] PluginManager:220 - loadIPPluginJar : add cryp
2023-11-21 11:29:53,228 [INFO] IPUIPlugin:80 - create IPUIPlugin
2023-11-21 11:29:53,228 [INFO] PluginManager:220 - loadIPPluginJar : add dfsdm
2023-11-21 11:29:53,236 [INFO] IPUIPlugin:80 - create IPUIPlugin
2023-11-21 11:29:53,236 [INFO] PluginManager:220 - loadIPPluginJar : add dma
2023-11-21 11:29:53,242 [INFO] IPUIPlugin:80 - create IPUIPlugin
2023-11-21 11:29:53,242 [INFO] PluginManager:220 - loadIPPluginJar : add dma3
2023-11-21 11:29:53,246 [INFO] IPUIPlugin:80 - create IPUIPlugin
2023-11-21 11:29:53,246 [INFO] PluginManager:220 - loadIPPluginJar : add fatfs
2023-11-21 11:29:53,256 [INFO] IPUIPlugin:80 - create IPUIPlugin
2023-11-21 11:29:53,256 [INFO] PluginManager:220 - loadIPPluginJar : add fmc
2023-11-21 11:29:53,267 [INFO] IPUIPlugin:80 - create IPUIPlugin
2023-11-21 11:29:53,268 [INFO] PluginManager:220 - loadIPPluginJar : add freertos
2023-11-21 11:29:53,273 [INFO] IPUIPlugin:80 - create IPUIPlugin
2023-11-21 11:29:53,273 [INFO] PluginManager:220 - loadIPPluginJar : add genericplugin
2023-11-21 11:29:53,278 [INFO] IPUIPlugin:80 - create IPUIPlugin
2023-11-21 11:29:53,278 [INFO] PluginManager:220 - loadIPPluginJar : add gfxmmu
2023-11-21 11:29:53,284 [INFO] IPUIPlugin:80 - create IPUIPlugin
2023-11-21 11:29:53,284 [INFO] PluginManager:220 - loadIPPluginJar : add gic
2023-11-21 11:29:53,292 [INFO] IPUIPlugin:80 - create IPUIPlugin
2023-11-21 11:29:53,293 [INFO] PluginManager:220 - loadIPPluginJar : add gpio
2023-11-21 11:29:53,298 [INFO] IPUIPlugin:80 - create IPUIPlugin
2023-11-21 11:29:53,299 [INFO] PluginManager:220 - loadIPPluginJar : add gtzc
2023-11-21 11:29:53,317 [INFO] IPUIPlugin:80 - create IPUIPlugin
2023-11-21 11:29:53,317 [INFO] PluginManager:220 - loadIPPluginJar : add hash
2023-11-21 11:29:53,323 [INFO] IPUIPlugin:80 - create IPUIPlugin
2023-11-21 11:29:53,323 [INFO] PluginManager:220 - loadIPPluginJar : add i2c
2023-11-21 11:29:53,328 [INFO] IPUIPlugin:80 - create IPUIPlugin
2023-11-21 11:29:53,328 [INFO] PluginManager:220 - loadIPPluginJar : add i2s
2023-11-21 11:29:53,333 [INFO] IPUIPlugin:80 - create IPUIPlugin
2023-11-21 11:29:53,333 [INFO] PluginManager:220 - loadIPPluginJar : add i3c
2023-11-21 11:29:53,340 [INFO] IPUIPlugin:80 - create IPUIPlugin
2023-11-21 11:29:53,340 [INFO] PluginManager:220 - loadIPPluginJar : add ipddr
2023-11-21 11:29:53,353 [INFO] IPUIPlugin:80 - create IPUIPlugin
2023-11-21 11:29:53,353 [INFO] PluginManager:220 - loadIPPluginJar : add linkedlist
2023-11-21 11:29:53,358 [INFO] IPUIPlugin:80 - create IPUIPlugin
2023-11-21 11:29:53,358 [INFO] PluginManager:220 - loadIPPluginJar : add lorawan
2023-11-21 11:29:53,363 [INFO] IPUIPlugin:80 - create IPUIPlugin
2023-11-21 11:29:53,363 [INFO] PluginManager:220 - loadIPPluginJar : add ltdc
2023-11-21 11:29:53,370 [INFO] IPUIPlugin:80 - create IPUIPlugin
2023-11-21 11:29:53,371 [INFO] PluginManager:220 - loadIPPluginJar : add mdma
2023-11-21 11:29:53,377 [INFO] IPUIPlugin:80 - create IPUIPlugin
2023-11-21 11:29:53,378 [INFO] PluginManager:220 - loadIPPluginJar : add nvic
2023-11-21 11:29:53,383 [INFO] IPUIPlugin:80 - create IPUIPlugin
2023-11-21 11:29:53,383 [INFO] PluginManager:220 - loadIPPluginJar : add opamp
2023-11-21 11:29:53,390 [INFO] IPUIPlugin:80 - create IPUIPlugin
2023-11-21 11:29:53,390 [INFO] PluginManager:220 - loadIPPluginJar : add openamp
2023-11-21 11:29:53,394 [INFO] IPUIPlugin:80 - create IPUIPlugin
2023-11-21 11:29:53,394 [INFO] PluginManager:220 - loadIPPluginJar : add pdm2pcm
2023-11-21 11:29:53,404 [INFO] IPUIPlugin:80 - create IPUIPlugin
2023-11-21 11:29:53,406 [INFO] PluginManager:220 - loadIPPluginJar : add plateformsettings
2023-11-21 11:29:53,411 [INFO] IPUIPlugin:80 - create IPUIPlugin
2023-11-21 11:29:53,411 [INFO] PluginManager:220 - loadIPPluginJar : add quadspi
2023-11-21 11:29:53,419 [INFO] IPUIPlugin:80 - create IPUIPlugin
2023-11-21 11:29:53,419 [INFO] PluginManager:220 - loadIPPluginJar : add resmgrutility
2023-11-21 11:29:53,424 [INFO] IPUIPlugin:80 - create IPUIPlugin
2023-11-21 11:29:53,424 [INFO] PluginManager:220 - loadIPPluginJar : add sai
2023-11-21 11:29:53,430 [INFO] IPUIPlugin:80 - create IPUIPlugin
2023-11-21 11:29:53,430 [INFO] PluginManager:220 - loadIPPluginJar : add spi
2023-11-21 11:29:53,438 [INFO] IPUIPlugin:80 - create IPUIPlugin
2023-11-21 11:29:53,439 [INFO] PluginManager:220 - loadIPPluginJar : add stm32_wpan
2023-11-21 11:29:53,444 [INFO] IPUIPlugin:80 - create IPUIPlugin
2023-11-21 11:29:53,444 [INFO] PluginManager:220 - loadIPPluginJar : add tim
2023-11-21 11:29:53,450 [INFO] IPUIPlugin:80 - create IPUIPlugin
2023-11-21 11:29:53,450 [INFO] PluginManager:220 - loadIPPluginJar : add touchsensing
2023-11-21 11:29:53,454 [INFO] IPUIPlugin:80 - create IPUIPlugin
2023-11-21 11:29:53,455 [INFO] PluginManager:220 - loadIPPluginJar : add tracer_emb
2023-11-21 11:29:53,460 [INFO] IPUIPlugin:80 - create IPUIPlugin
2023-11-21 11:29:53,460 [INFO] PluginManager:220 - loadIPPluginJar : add ts
2023-11-21 11:29:53,465 [INFO] IPUIPlugin:80 - create IPUIPlugin
2023-11-21 11:29:53,465 [INFO] PluginManager:220 - loadIPPluginJar : add tsc
2023-11-21 11:29:53,469 [INFO] IPUIPlugin:80 - create IPUIPlugin
2023-11-21 11:29:53,469 [INFO] PluginManager:220 - loadIPPluginJar : add ucpd
2023-11-21 11:29:53,476 [INFO] IPUIPlugin:80 - create IPUIPlugin
2023-11-21 11:29:53,476 [INFO] PluginManager:220 - loadIPPluginJar : add usart
2023-11-21 11:29:53,483 [INFO] IPUIPlugin:80 - create IPUIPlugin
2023-11-21 11:29:53,483 [INFO] PluginManager:220 - loadIPPluginJar : add usbx
2023-11-21 11:29:53,624 [INFO] CADModel:165 - CPN selected for project level
2023-11-21 11:29:53,624 [INFO] CADModel:114 - Register for checkConnection events
2023-11-21 11:29:53,624 [FATAL] Updater:308 - Updater called before beeing initialized
2023-11-21 11:29:53,624 [ERROR] CADModel:125 - Updater not yet initialized, retry later 
2023-11-21 11:29:53,792 [INFO] CADModel:165 - CPN selected for project level
2023-11-21 11:29:53,792 [INFO] CADModel:114 - Register for checkConnection events
2023-11-21 11:29:53,792 [FATAL] Updater:308 - Updater called before beeing initialized
2023-11-21 11:29:53,792 [ERROR] CADModel:125 - Updater not yet initialized, retry later 
2023-11-21 11:29:53,799 [FATAL] Updater:308 - Updater called before beeing initialized
2023-11-21 11:29:53,941 [FATAL] Updater:308 - Updater called before beeing initialized
2023-11-21 11:29:53,956 [INFO] DbMcusAds:53 - JSON generation date=Tue Mar 07 15:50:55 ICT 2023 (1678179055335)
2023-11-21 11:29:53,957 [FATAL] Updater:308 - Updater called before beeing initialized
2023-11-21 11:29:54,038 [WARN] DetailPanel:346 - Failed to get advertising image, set to default
2023-11-21 11:29:54,182 [FATAL] Updater:308 - Updater called before beeing initialized
2023-11-21 11:29:54,186 [FATAL] Updater:308 - Updater called before beeing initialized
2023-11-21 11:29:54,187 [FATAL] Updater:308 - Updater called before beeing initialized
2023-11-21 11:29:54,187 [WARN] DetailPanel:346 - Failed to get advertising image, set to default
2023-11-21 11:29:54,188 [FATAL] Updater:308 - Updater called before beeing initialized
2023-11-21 11:29:54,276 [ERROR] Updater:1120 - MainUpdater not yet initialized. External WinMGr cannot be set.
2023-11-21 11:29:54,285 [INFO] Updater:1056 - Updater Version found : 6.8.1
2023-11-21 11:29:54,307 [INFO] ApplicationProperties:184 - Using Application install path: C:\ST\STM32CubeIDE_1.12.1\STM32CubeIDE\plugins\com.st.stm32cube.common.mx_6.8.1.202304191431
2023-11-21 11:29:55,471 [INFO] ThirdPartyUpdaterWithRetryManager:70 - Updater plugin not ready yet. [2/15]
2023-11-21 11:29:55,536 [INFO] MainUpdater:2854 - connection check result : 10
2023-11-21 11:29:55,549 [INFO] MainUpdater:283 - Updater Check For Update Now.
2023-11-21 11:29:55,549 [INFO] MicroXplorer:498 - Change Database Version : DB.6.0.81
2023-11-21 11:29:55,759 [INFO] CheckServerUpdateThread:120 - End of CheckServer Thread
2023-11-21 11:29:55,773 [INFO] MainUpdater:2854 - connection check result : 10
2023-11-21 11:29:55,943 [INFO] MicroXplorer:468 - Change Database Path : 
2023-11-21 11:29:55,943 [INFO] MicroXplorer:498 - Change Database Version : DB.6.0.81
2023-11-21 11:29:55,944 [WARN] ThirdParty:871 - waiting for thirdparty lock release [close project]
2023-11-21 11:29:58,745 [WARN] PackLoader:240 - Cannot read IP mode file for STMicroelectronics.X-CUBE-SMBUS.2.1.0
2023-11-21 11:29:58,784 [WARN] PackLoader:240 - Cannot read IP mode file for STMicroelectronics.X-CUBE-AZRTOS-F7.1.1.0
2023-11-21 11:29:58,798 [ERROR] RealEvaluatedCondition:428 - Found unsupported composite condition: GROUP='STM32_MetaDataManager' CLASS='Data Exchange'
2023-11-21 11:29:58,798 [ERROR] RealEvaluatedCondition:428 - Found unsupported composite condition: GROUP='STM32_MetaDataManager' CLASS='Data Exchange'
2023-11-21 11:29:58,799 [WARN] PackLoader:240 - Cannot read IP mode file for STMicroelectronics.FP-SNS-MOTENV1.4.3.0
2023-11-21 11:29:58,814 [WARN] PackLoader:240 - Cannot read IP mode file for STMicroelectronics.FP-SNS-MOTENV1.4.3.2
2023-11-21 11:29:58,828 [WARN] PackLoader:240 - Cannot read IP mode file for STMicroelectronics.FP-SNS-FLIGHT1.5.0.0
2023-11-21 11:29:58,840 [ERROR] RealEvaluatedCondition:428 - Found unsupported composite condition: CLASS='Data Exchange' GROUP='STM32_MetaDataManager'
2023-11-21 11:29:58,840 [ERROR] RealEvaluatedCondition:428 - Found unsupported composite condition: CLASS='Data Exchange' GROUP='STM32_MetaDataManager'
2023-11-21 11:29:58,841 [WARN] PackLoader:240 - Cannot read IP mode file for STMicroelectronics.FP-SNS-MOTENV1.4.3.1
2023-11-21 11:29:58,851 [WARN] PackLoader:240 - Cannot read IP mode file for STMicroelectronics.FP-SNS-FLIGHT1.5.0.1
2023-11-21 11:29:58,863 [WARN] PackLoader:240 - Cannot read IP mode file for STMicroelectronics.X-CUBE-BLE1.6.2.3
2023-11-21 11:29:58,883 [WARN] PackLoader:240 - Cannot read IP mode file for STMicroelectronics.X-CUBE-BLE1.6.2.4
2023-11-21 11:29:58,893 [WARN] PackLoader:240 - Cannot read IP mode file for STMicroelectronics.FP-SNS-FLIGHT1.5.0.2
2023-11-21 11:29:58,907 [WARN] PackLoader:240 - Cannot read IP mode file for STMicroelectronics.X-CUBE-TOF1.3.1.0
2023-11-21 11:29:58,923 [WARN] PackLoader:240 - Cannot read IP mode file for STMicroelectronics.X-CUBE-DISPLAY.3.0.0
2023-11-21 11:29:58,941 [WARN] PackLoader:240 - Cannot read IP mode file for STMicroelectronics.X-CUBE-BLE1.7.0.0
2023-11-21 11:29:58,952 [WARN] PackLoader:240 - Cannot read IP mode file for emotas.I-CUBE-CANOPEN.1.3.0
2023-11-21 11:29:58,962 [WARN] PackLoader:240 - Cannot read IP mode file for STMicroelectronics.X-CUBE-TOUCHGFX.4.22.0
2023-11-21 11:29:58,971 [WARN] PackLoader:240 - Cannot read IP mode file for STMicroelectronics.X-CUBE-TOUCHGFX.4.22.1
2023-11-21 11:29:59,024 [WARN] PackLoader:240 - Cannot read IP mode file for STMicroelectronics.X-CUBE-MEMS1.9.3.0
2023-11-21 11:29:59,169 [WARN] PackLoader:240 - Cannot read IP mode file for STMicroelectronics.X-CUBE-AI.7.2.0
2023-11-21 11:29:59,183 [WARN] PackLoader:240 - Cannot read IP mode file for STMicroelectronics.FP-SNS-SMARTAG2.1.2.0
2023-11-21 11:29:59,206 [INFO] LogOutputStream:77 - [STDOUT_REDIRECT] 1 : Invalid condition id : UX_CORESTACK_Condition cause : null
2023-11-21 11:29:59,207 [INFO] LogOutputStream:77 - [STDOUT_REDIRECT] 1 : Invalid condition id : UX_CORESTACK_Condition cause : null
2023-11-21 11:29:59,209 [INFO] LogOutputStream:77 - [STDOUT_REDIRECT] 1 : Invalid condition id : UX_CORESTACK_Condition cause : null
2023-11-21 11:29:59,209 [INFO] LogOutputStream:77 - [STDOUT_REDIRECT] 1 : Invalid condition id : UX_CORESTACK_Condition cause : null
2023-11-21 11:29:59,210 [INFO] LogOutputStream:77 - [STDOUT_REDIRECT] 1 : Invalid condition id : UX_CORESTACK_Condition cause : null
2023-11-21 11:29:59,213 [WARN] PackLoader:240 - Cannot read IP mode file for STMicroelectronics.X-CUBE-AZRTOS-WL.2.0.0
2023-11-21 11:29:59,241 [WARN] PackLoader:240 - Cannot read IP mode file for WES.I-CUBE-Cesium.1.3.0
2023-11-21 11:29:59,253 [WARN] PackLoader:240 - Cannot read IP mode file for STMicroelectronics.X-CUBE-BLE2.3.3.0
2023-11-21 11:29:59,266 [WARN] PackLoader:240 - Cannot read IP mode file for STMicroelectronics.X-CUBE-DISPLAY.2.2.0
2023-11-21 11:29:59,288 [WARN] PackLoader:240 - Cannot read IP mode file for STMicroelectronics.X-CUBE-TOF1.3.2.0
2023-11-21 11:29:59,303 [WARN] PackLoader:240 - Cannot read IP mode file for STMicroelectronics.X-CUBE-ISPU.1.0.0
2023-11-21 11:29:59,338 [WARN] PackLoader:240 - Cannot read IP mode file for STMicroelectronics.X-CUBE-AZRTOS-H7.2.1.0
2023-11-21 11:29:59,350 [WARN] PackLoader:240 - Cannot read IP mode file for STMicroelectronics.X-CUBE-TOUCHGFX.4.21.1
2023-11-21 11:29:59,359 [WARN] PackLoader:240 - Cannot read IP mode file for STMicroelectronics.X-CUBE-TOUCHGFX.4.21.3
2023-11-21 11:29:59,370 [WARN] PackLoader:240 - Cannot read IP mode file for STMicroelectronics.X-CUBE-TOUCHGFX.4.21.4
2023-11-21 11:29:59,420 [WARN] PackLoader:240 - Cannot read IP mode file for STMicroelectronics.X-CUBE-MEMS1.9.4.0
2023-11-21 11:29:59,572 [WARN] PackLoader:240 - Cannot read IP mode file for STMicroelectronics.X-CUBE-AI.7.3.0
2023-11-21 11:29:59,635 [WARN] PackLoader:240 - Cannot read IP mode file for STMicroelectronics.X-CUBE-ALGOBUILD.1.3.0
2023-11-21 11:29:59,663 [WARN] PackLoader:240 - Cannot read IP mode file for STMicroelectronics.X-CUBE-AZRTOS-G0.1.1.0
2023-11-21 11:29:59,677 [WARN] PackLoader:240 - Cannot read IP mode file for STMicroelectronics.X-CUBE-NFC4.3.0.0
2023-11-21 11:29:59,726 [WARN] PackLoader:240 - Cannot read IP mode file for SEGGER.I-CUBE-embOS.1.2.0
2023-11-21 11:29:59,777 [WARN] PackLoader:240 - Cannot read IP mode file for STMicroelectronics.X-CUBE-BLEMGR.3.0.0
2023-11-21 11:29:59,789 [WARN] PackLoader:240 - Cannot read IP mode file for STMicroelectronics.X-CUBE-BLEMGR.1.3.0
2023-11-21 11:29:59,800 [WARN] PackLoader:240 - Cannot read IP mode file for STMicroelectronics.FP-ATR-SIGFOX1.3.2.0
2023-11-21 11:29:59,815 [WARN] PackLoader:240 - Cannot read IP mode file for emotas.I-CUBE-CANOPEN.1.1.2
2023-11-21 11:29:59,823 [WARN] PackLoader:240 - Cannot read IP mode file for STMicroelectronics.X-CUBE-TOUCHGFX.4.20.0
2023-11-21 11:29:59,879 [WARN] PackLoader:240 - Cannot read IP mode file for STMicroelectronics.X-CUBE-MEMS1.9.5.0
2023-11-21 11:30:00,065 [WARN] PackLoader:240 - Cannot read IP mode file for SEGGER.I-CUBE-embOS.1.3.1
2023-11-21 11:30:00,124 [WARN] PackLoader:240 - Cannot read IP mode file for STMicroelectronics.X-CUBE-GNSS1.6.0.0
2023-11-21 11:30:00,155 [WARN] PackLoader:240 - Cannot read IP mode file for STMicroelectronics.X-CUBE-AZRTOS-F4.1.1.0
2023-11-21 11:30:00,172 [WARN] PackLoader:240 - Cannot read IP mode file for wolfSSL.I-CUBE-wolfSSL.5.6.3
2023-11-21 11:30:00,184 [WARN] PackLoader:240 - Cannot read IP mode file for wolfSSL.I-CUBE-wolfSSL.5.6.0
2023-11-21 11:30:00,203 [WARN] PackLoader:240 - Cannot read IP mode file for STMicroelectronics.X-CUBE-BLEMGR.1.2.0
2023-11-21 11:30:00,244 [WARN] PackLoader:240 - Cannot read IP mode file for STMicroelectronics.X-CUBE-AZRTOS-L5.2.0.0
2023-11-21 11:30:00,332 [WARN] PackLoader:240 - Cannot read IP mode file for STMicroelectronics.X-CUBE-MEMS1.9.6.0
2023-11-21 11:30:00,501 [WARN] PackLoader:240 - Cannot read IP mode file for STMicroelectronics.X-CUBE-EEPRMA1.4.2.0
2023-11-21 11:30:00,517 [WARN] PackLoader:240 - Cannot read IP mode file for ITTIA_DB.I-CUBE-ITTIADB.8.8.0
2023-11-21 11:30:00,535 [WARN] PackLoader:240 - Cannot read IP mode file for emotas.I-CUBE-CANOPEN.1.1.3
2023-11-21 11:30:00,554 [WARN] PackLoader:240 - Cannot read IP mode file for STMicroelectronics.X-CUBE-BLEMGR.2.0.0
2023-11-21 11:30:00,568 [WARN] PackLoader:240 - Cannot read IP mode file for STMicroelectronics.X-CUBE-NFC4.2.0.5
2023-11-21 11:30:00,580 [WARN] PackLoader:240 - Cannot read IP mode file for STMicroelectronics.X-CUBE-NFC4.2.0.4
2023-11-21 11:30:00,610 [WARN] ConditionMgr:438 - getConditionDescription Invalid condition id : UX DEVICE CLASS RTOS Condition cause : null
2023-11-21 11:30:00,610 [WARN] ConditionMgr:438 - getConditionDescription Invalid condition id : UX DEVICE CLASS RTOS Condition cause : null
2023-11-21 11:30:00,614 [WARN] PackLoader:240 - Cannot read IP mode file for STMicroelectronics.X-CUBE-AZRTOS-H7.3.1.0
2023-11-21 11:30:00,614 [WARN] ConditionMgr:1039 - genDependencies : Invalid condition id : UX DEVICE CLASS RTOS Condition cause : null
2023-11-21 11:30:00,614 [WARN] ConditionMgr:1039 - genDependencies : Invalid condition id : UX DEVICE CLASS RTOS Condition cause : null
2023-11-21 11:30:00,615 [WARN] ConditionMgr:1039 - genDependencies : Invalid condition id : UX DEVICE CLASS RTOS Condition cause : null
2023-11-21 11:30:00,615 [WARN] ConditionMgr:1039 - genDependencies : Invalid condition id : UX DEVICE CLASS RTOS Condition cause : null
2023-11-21 11:30:00,615 [WARN] ConditionMgr:1039 - genDependencies : Invalid condition id : UX DEVICE CLASS RTOS Condition cause : null
2023-11-21 11:30:00,634 [WARN] PackLoader:240 - Cannot read IP mode file for STMicroelectronics.X-CUBE-NFC7.1.0.1
2023-11-21 11:30:00,644 [WARN] PackLoader:240 - Cannot read IP mode file for STMicroelectronics.X-CUBE-NFC7.1.0.0
2023-11-21 11:30:00,659 [WARN] PackLoader:240 - Cannot read IP mode file for STMicroelectronics.X-CUBE-NFC6.3.0.0
2023-11-21 11:30:00,670 [WARN] PackLoader:240 - Cannot read IP mode file for STMicroelectronics.X-CUBE-EEPRMA1.4.1.0
2023-11-21 11:30:00,682 [WARN] PackLoader:240 - Cannot read IP mode file for STMicroelectronics.X-CUBE-AI.8.1.0
2023-11-21 11:30:00,724 [WARN] ConditionMgr:438 - getConditionDescription Invalid condition id : LAN8742 Phy interface Condition cause : null
2023-11-21 11:30:00,724 [WARN] PackLoader:240 - Cannot read IP mode file for STMicroelectronics.X-CUBE-AZRTOS-L4.2.0.0
2023-11-21 11:30:00,726 [WARN] ConditionMgr:1039 - genDependencies : Invalid condition id : LAN8742 Phy interface Condition cause : null
2023-11-21 11:30:00,727 [WARN] ConditionMgr:1039 - genDependencies : Invalid condition id : LAN8742 Phy interface Condition cause : null
2023-11-21 11:30:00,728 [WARN] ConditionMgr:1039 - genDependencies : Invalid condition id : LAN8742 Phy interface Condition cause : null
2023-11-21 11:30:00,749 [WARN] PackLoader:240 - Cannot read IP mode file for STMicroelectronics.X-CUBE-SFXS2LP1.4.0.0
2023-11-21 11:30:00,796 [WARN] PackLoader:240 - Cannot read IP mode file for STMicroelectronics.X-CUBE-AZRTOS-H7.3.0.0
2023-11-21 11:30:00,814 [WARN] PackLoader:240 - Cannot read IP mode file for STMicroelectronics.X-CUBE-ISPU.1.1.0
2023-11-21 11:30:00,830 [WARN] PackLoader:240 - Cannot read IP mode file for RoweBots.I-CUBE-UNISONRTOS.5.5.0-4
2023-11-21 11:30:00,842 [WARN] PackLoader:240 - Cannot read IP mode file for wolfSSL.I-CUBE-wolfSSL.5.4.0
2023-11-21 11:30:00,853 [WARN] PackLoader:240 - Cannot read IP mode file for STMicroelectronics.X-CUBE-AI.8.0.0
2023-11-21 11:30:00,879 [WARN] ConditionMgr:438 - getConditionDescription Invalid condition id : UX DEVICE CLASS RTOS Condition cause : null
2023-11-21 11:30:00,879 [WARN] ConditionMgr:438 - getConditionDescription Invalid condition id : UX DEVICE CLASS RTOS Condition cause : null
2023-11-21 11:30:00,880 [WARN] PackLoader:240 - Cannot read IP mode file for STMicroelectronics.X-CUBE-AZRTOS-WB.2.0.0
2023-11-21 11:30:00,880 [WARN] ConditionMgr:1039 - genDependencies : Invalid condition id : UX DEVICE CLASS RTOS Condition cause : null
2023-11-21 11:30:00,880 [WARN] ConditionMgr:1039 - genDependencies : Invalid condition id : UX DEVICE CLASS RTOS Condition cause : null
2023-11-21 11:30:00,881 [WARN] ConditionMgr:1039 - genDependencies : Invalid condition id : UX DEVICE CLASS RTOS Condition cause : null
2023-11-21 11:30:00,881 [WARN] ConditionMgr:1039 - genDependencies : Invalid condition id : UX DEVICE CLASS RTOS Condition cause : null
2023-11-21 11:30:00,881 [WARN] ConditionMgr:1039 - genDependencies : Invalid condition id : UX DEVICE CLASS RTOS Condition cause : null
2023-11-21 11:30:00,893 [WARN] PackLoader:240 - Cannot read IP mode file for STMicroelectronics.X-CUBE-FREERTOS.1.0.0
2023-11-21 11:30:00,904 [WARN] PackLoader:240 - Cannot read IP mode file for STMicroelectronics.X-CUBE-FREERTOS.1.0.1
2023-11-21 11:30:00,917 [WARN] PackLoader:240 - Cannot read IP mode file for STMicroelectronics.X-CUBE-BLEMGR.1.0.0
2023-11-21 11:30:00,947 [WARN] PackLoader:240 - Cannot read IP mode file for STMicroelectronics.X-CUBE-AZRTOS-L5.1.1.0
2023-11-21 11:30:00,960 [WARN] PackLoader:240 - Cannot read IP mode file for STMicroelectronics.X-CUBE-AI.8.0.1
2023-11-21 11:30:00,983 [WARN] PackLoader:240 - Cannot read IP mode file for STMicroelectronics.X-CUBE-SUBG2.5.0.0
2023-11-21 11:30:01,007 [WARN] PackLoader:240 - Cannot read IP mode file for STMicroelectronics.X-CUBE-TOF1.3.3.1
2023-11-21 11:30:01,045 [WARN] PackLoader:240 - Cannot read IP mode file for STMicroelectronics.X-CUBE-AZRTOS-G4.2.0.0
2023-11-21 11:30:01,066 [WARN] PackLoader:240 - Cannot read IP mode file for STMicroelectronics.X-CUBE-TOF1.3.3.0
2023-11-21 11:30:01,092 [WARN] PackLoader:240 - Cannot read IP mode file for STMicroelectronics.FP-ATR-ASTRA1.1.1.1
2023-11-21 11:30:01,113 [WARN] PackLoader:240 - Cannot read IP mode file for Infineon.AIROC-Wi-Fi-Bluetooth-STM32.1.5.1
2023-11-21 11:30:01,125 [WARN] PackLoader:240 - Cannot read IP mode file for STMicroelectronics.FP-ATR-ASTRA1.1.1.0
2023-11-21 11:30:01,136 [WARN] PackLoader:240 - Cannot read IP mode file for STMicroelectronics.FP-SNS-MOTENVWB1.1.3.0
2023-11-21 11:30:01,161 [WARN] PackLoader:240 - Cannot read IP mode file for STMicroelectronics.X-CUBE-AZRTOS-G4.1.0.0
2023-11-21 11:30:01,197 [WARN] PackLoader:240 - Cannot read IP mode file for STMicroelectronics.X-CUBE-AZRTOS-L4.1.0.0
2023-11-21 11:30:01,248 [WARN] PackLoader:240 - Cannot read IP mode file for STMicroelectronics.X-CUBE-MEMS1.10.0.0
2023-11-21 11:30:01,341 [WARN] PackLoader:240 - Cannot read IP mode file for STMicroelectronics.X-CUBE-FREERTOS.1.1.0
2023-11-21 11:30:01,362 [WARN] PackLoader:240 - Cannot read IP mode file for STMicroelectronics.X-CUBE-AZRTOS-WL.1.0.0
2023-11-21 11:30:01,395 [WARN] PackLoader:240 - Cannot read IP mode file for portGmbH.I-Cube-SoM-uGOAL.1.1.0
2023-11-21 11:30:01,406 [WARN] PackLoader:240 - Cannot read IP mode file for STMicroelectronics.X-CUBE-ALS.1.0.1
2023-11-21 11:30:01,436 [WARN] PackLoader:240 - Cannot read IP mode file for STMicroelectronics.X-CUBE-AZRTOS-WB.1.1.0
2023-11-21 11:30:01,460 [WARN] PackLoader:240 - Cannot read IP mode file for STMicroelectronics.X-CUBE-AZRTOS-L5.1.0.0
2023-11-21 11:30:01,475 [WARN] PackLoader:240 - Cannot read IP mode file for STMicroelectronics.X-CUBE-EEPRMA1.3.1.1
2023-11-21 11:30:01,485 [WARN] PackLoader:240 - Cannot read IP mode file for STMicroelectronics.FP-ATR-ASTRA1.2.0.0
2023-11-21 11:30:01,486 [INFO] ThirdParty:978 - Integrity check success = true
2023-11-21 11:30:01,487 [INFO] IntegrityCheckThread:100 - exiting critical section [integrity check]
2023-11-21 11:30:01,487 [INFO] IntegrityCheckThread:103 - End integrity checks thread
2023-11-21 11:30:01,487 [INFO] ThirdParty:873 - entering critical section [close project]
2023-11-21 11:30:01,488 [INFO] ThirdParty:883 - exiting critical section [close project]
2023-11-21 11:30:01,494 [INFO] PinOutPanel:1499 - setPackage(No Configuration,No Configuration)
2023-11-21 11:30:01,499 [INFO] UtilMem:75 - Begin LoadConfig() Used Memory: 519293872 Bytes (588251136)
2023-11-21 11:30:01,501 [INFO] MicroXplorer:468 - Change Database Path : 
2023-11-21 11:30:01,501 [INFO] MicroXplorer:498 - Change Database Version : DB.6.0.81
2023-11-21 11:30:01,501 [INFO] OpenFileManager:308 - Change cursor
2023-11-21 11:30:01,589 [INFO] Mcu:1937 - Initializing MCU STM32G030C(6-8)Tx STM32G030C8Tx STM32G031K8T6
2023-11-21 11:30:24,767 [INFO] Context:659 - Trying to add GPIOservice into a context  which must be forbidden
2023-11-21 11:30:25,532 [INFO] RtosManager:555 - Registered RTOS mode: class=CMSIS, group=RTOS, mode=CMSIS_V1, owner=FREERTOS
2023-11-21 11:30:25,532 [INFO] RtosManager:555 - Registered RTOS mode: class=CMSIS, group=RTOS2, mode=CMSIS_V2, owner=FREERTOS
2023-11-21 11:30:25,532 [INFO] RtosManager:555 - Registered RTOS mode: class=RTOS, group=Core, mode=CMSIS_V1, owner=FREERTOS
2023-11-21 11:30:25,532 [INFO] RtosManager:555 - Registered RTOS mode: class=RTOS, group=Core, mode=CMSIS_V2, owner=FREERTOS
2023-11-21 11:30:25,533 [WARN] ModelIntegratedComponent:184 - Missing modes for component STMicroelectronics:FreeRTOS:0.0.1:STMicroelectronics:RTOS:FreeRTOS:Core:::10.2.0:
2023-11-21 11:30:25,541 [WARN] ModelIntegratedComponent:63 - No mode defined for component null
2023-11-21 11:30:25,541 [WARN] ModelIntegratedComponent:63 - No mode defined for component null
2023-11-21 11:30:25,541 [WARN] ModelIntegratedComponent:63 - No mode defined for component null
2023-11-21 11:30:25,541 [WARN] ModelIntegratedComponent:63 - No mode defined for component null
2023-11-21 11:30:25,541 [WARN] ModelIntegratedComponent:63 - No mode defined for component null
2023-11-21 11:30:25,541 [WARN] ModelIntegratedComponent:63 - No mode defined for component null
2023-11-21 11:30:25,541 [WARN] ModelIntegratedComponent:63 - No mode defined for component null
2023-11-21 11:30:25,541 [WARN] ModelIntegratedComponent:63 - No mode defined for component null
2023-11-21 11:30:25,541 [WARN] ModelIntegratedComponent:63 - No mode defined for component null
2023-11-21 11:30:25,541 [WARN] ModelIntegratedComponent:63 - No mode defined for component null
2023-11-21 11:30:25,541 [WARN] ModelIntegratedComponent:63 - No mode defined for component null
2023-11-21 11:30:25,541 [WARN] ModelIntegratedComponent:63 - No mode defined for component null
2023-11-21 11:30:25,541 [WARN] ModelIntegratedComponent:63 - No mode defined for component null
2023-11-21 11:30:25,541 [WARN] ModelIntegratedComponent:63 - No mode defined for component null
2023-11-21 11:30:25,541 [WARN] ModelIntegratedComponent:63 - No mode defined for component null
2023-11-21 11:30:25,541 [WARN] ModelIntegratedComponent:63 - No mode defined for component null
2023-11-21 11:30:25,541 [WARN] ModelIntegratedComponent:63 - No mode defined for component null
2023-11-21 11:30:25,541 [WARN] ModelIntegratedComponent:63 - No mode defined for component null
2023-11-21 11:30:25,541 [WARN] ModelIntegratedComponent:63 - No mode defined for component null
2023-11-21 11:30:25,541 [WARN] ModelIntegratedComponent:63 - No mode defined for component null
2023-11-21 11:30:25,541 [WARN] ModelIntegratedComponent:63 - No mode defined for component null
2023-11-21 11:30:25,541 [WARN] ModelIntegratedComponent:63 - No mode defined for component null
2023-11-21 11:30:25,541 [WARN] ModelIntegratedComponent:63 - No mode defined for component null
2023-11-21 11:30:25,541 [WARN] ModelIntegratedComponent:63 - No mode defined for component null
2023-11-21 11:30:25,541 [WARN] ModelIntegratedComponent:63 - No mode defined for component null
2023-11-21 11:30:25,541 [WARN] ModelIntegratedComponent:63 - No mode defined for component null
2023-11-21 11:30:25,541 [WARN] ModelIntegratedComponent:63 - No mode defined for component null
2023-11-21 11:30:25,541 [WARN] ModelIntegratedComponent:63 - No mode defined for component null
2023-11-21 11:30:25,542 [WARN] ModelIntegratedComponent:63 - No mode defined for component null
2023-11-21 11:30:25,542 [WARN] ModelIntegratedComponent:63 - No mode defined for component null
2023-11-21 11:30:25,542 [WARN] ModelIntegratedComponent:63 - No mode defined for component null
2023-11-21 11:30:25,542 [WARN] ModelIntegratedComponent:63 - No mode defined for component null
2023-11-21 11:30:25,542 [WARN] ModelIntegratedComponent:63 - No mode defined for component null
2023-11-21 11:30:25,853 [INFO] ThirdPartyModel:298 - Start build external matchings
2023-11-21 11:30:27,341 [INFO] ThirdPartyModel:316 - End build external matchings
2023-11-21 11:30:27,453 [INFO] ImportTextPane:194 - (OptionalMessage_ERROR) IP (DMA) : Parameter (Instance) has Id (ADC1) currently not set
2023-11-21 11:30:27,454 [INFO] ImportTextPane:194 - (OptionalMessage_ERROR) IP (DMA) : Parameter (Request) has Id (ADC1) currently not set
2023-11-21 11:30:27,455 [INFO] ImportTextPane:194 - (OptionalMessage_ERROR) IP (DMA) : Parameter (Direction) has Id (ADC1) currently not set
2023-11-21 11:30:27,455 [INFO] ImportTextPane:194 - (OptionalMessage_ERROR) IP (DMA) : Parameter (PeriphInc) has Id (ADC1) currently not set
2023-11-21 11:30:27,455 [INFO] ImportTextPane:194 - (OptionalMessage_ERROR) IP (DMA) : Parameter (MemInc) has Id (ADC1) currently not set
2023-11-21 11:30:27,455 [INFO] ImportTextPane:194 - (OptionalMessage_ERROR) IP (DMA) : Parameter (PeriphDataAlignment) has Id (ADC1) currently not set
2023-11-21 11:30:27,456 [INFO] ImportTextPane:194 - (OptionalMessage_ERROR) IP (DMA) : Parameter (MemDataAlignment) has Id (ADC1) currently not set
2023-11-21 11:30:27,456 [INFO] ImportTextPane:194 - (OptionalMessage_ERROR) IP (DMA) : Parameter (Mode) has Id (ADC1) currently not set
2023-11-21 11:30:27,456 [INFO] ImportTextPane:194 - (OptionalMessage_ERROR) IP (DMA) : Parameter (Priority) has Id (ADC1) currently not set
2023-11-21 11:30:27,456 [INFO] ImportTextPane:194 - (OptionalMessage_ERROR) IP (DMA) : Parameter (SignalID) has Id (ADC1) currently not set
2023-11-21 11:30:27,456 [INFO] ImportTextPane:194 - (OptionalMessage_ERROR) IP (DMA) : Parameter (Polarity) has Id (ADC1) currently not set
2023-11-21 11:30:27,456 [INFO] ImportTextPane:194 - (OptionalMessage_ERROR) IP (DMA) : Parameter (RequestNumber) has Id (ADC1) currently not set
2023-11-21 11:30:27,456 [INFO] ImportTextPane:194 - (OptionalMessage_ERROR) IP (DMA) : Parameter (SyncSignalID) has Id (ADC1) currently not set
2023-11-21 11:30:27,456 [INFO] ImportTextPane:194 - (OptionalMessage_ERROR) IP (DMA) : Parameter (SyncPolarity) has Id (ADC1) currently not set
2023-11-21 11:30:27,456 [INFO] ImportTextPane:194 - (OptionalMessage_ERROR) IP (DMA) : Parameter (SyncEnable) has Id (ADC1) currently not set
2023-11-21 11:30:27,456 [INFO] ImportTextPane:194 - (OptionalMessage_ERROR) IP (DMA) : Parameter (EventEnable) has Id (ADC1) currently not set
2023-11-21 11:30:27,457 [INFO] ImportTextPane:194 - (OptionalMessage_ERROR) IP (DMA) : Parameter (SyncRequestNumber) has Id (ADC1) currently not set
2023-11-21 11:30:27,494 [WARN] IP:2113 - FIFOMode not found: check if there is a RefParameter without a condition.
2023-11-21 11:30:27,494 [WARN] IP:2113 - TXFIFOThreshold not found: check if there is a RefParameter without a condition.
2023-11-21 11:30:27,494 [WARN] IP:2113 - RXFIFOThreshold not found: check if there is a RefParameter without a condition.
2023-11-21 11:30:27,494 [WARN] IP:2113 - AutoBaudRateEnableParam not found: check if there is a RefParameter without a condition.
2023-11-21 11:30:29,472 [INFO] UtilMem:75 - End LoadConfig() Used Memory: 507963568 Bytes (588251136)
2023-11-21 11:30:29,664 [INFO] ApiDb:581 - Connected to CubeFinder SQLite database (C:\Users\KDS-LTP-0415\.stmcufinder\plugins\mcufinder\mcu\cube-finder-db.db)
2023-11-21 11:30:29,820 [INFO] ApiDb:668 - CubeFinder database Data Model version=2.1
2023-11-21 11:30:29,820 [INFO] ApiDb:669 - CubeFinder database Configuration version=3.0.37
2023-11-21 11:30:29,820 [INFO] ApiDb:670 - CubeFinder database generation date=2023-08-09 (1691586011)
2023-11-21 11:30:29,821 [INFO] ApiDb:671 - CubeFinder database FW Pack versions=[FP-ATR-ASTRA1_V2.0.0, FP-SNS-FLIGHT1_V5.0.1, FP-SNS-FLIGHT1_V5.0.2, FP-SNS-MOTENV1_V4.3.1, FP-SNS-MOTENV1_V4.3.2, STM32Cube_FW_C0_V1.1.0, STM32Cube_FW_F4_V1.27.1, STM32Cube_FW_F7_V1.17.0, STM32Cube_FW_G0_V1.6.1, STM32Cube_FW_G4_V1.5.1, STM32Cube_FW_H5_V0.5.1, STM32Cube_FW_H5_V1.1.0, STM32Cube_FW_H7_V1.11.0, STM32Cube_FW_L0_V1.12.2, STM32Cube_FW_L5_V1.5.0, STM32Cube_FW_U5_V1.3.0, STM32Cube_FW_U5_V1.3.0RC4, STM32Cube_FW_WBA_V1.0.0RC1, STM32Cube_FW_WBA_V1.1.0, STM32Cube_FW_WBA_V1.1.0RC1, STM32Cube_FW_WB_V1.15.0RC1, STM32Cube_FW_WB_V1.16.0, STM32Cube_FW_WB_V1.16.0RC2, STM32Cube_FW_WB_V1.17.0, STM32Cube_FW_WL_V1.3.0, X-CUBE-ALGOBUILD_V1.3.0, X-CUBE-ALS_V1.0.1, X-CUBE-AZRTOS-F4_V1.1.0, X-CUBE-AZRTOS-F7_V1.1.0, X-CUBE-AZRTOS-G0_V1.1.0, X-CUBE-AZRTOS-G4_V2.0.0, X-CUBE-AZRTOS-H7_V3.1.0, X-CUBE-AZRTOS-L4_V1.0.0, X-CUBE-AZRTOS-L4_V2.0.0, X-CUBE-AZRTOS-L5_V1.1.0, X-CUBE-AZRTOS-WB_V1.1.0, X-CUBE-AZRTOS-WL_V2.0.0, X-CUBE-BLE1_V7.0.0, X-CUBE-BLE2_V3.3.0, X-CUBE-BLEMGR_V2.0.0, X-CUBE-EEPRMA1_V4.1.0, X-CUBE-FREERTOS_V1.1.0, X-CUBE-GNSS1_V6.0.0, X-CUBE-MEMS1_V9.1.0, X-CUBE-MEMS1_V9.4.0, X-CUBE-MEMS1_V9.6.0, X-CUBE-NFC4_V3.0.0, X-CUBE-NFC7_V1.0.0, X-CUBE-SFXS2LP1_V4.0.0, X-CUBE-SUBG2_V5.0.0, X-CUBE-TOF1_V3.3.1]
2023-11-21 11:30:32,738 [INFO] ApiDb:240 - Found 297 in-development CPN: [B-G473E-ZEST1S, B-WB1M-WPAN1, B-WL5M-SUBG1, NUCLEO-C031C6, NUCLEO-H503RB, NUCLEO-H563ZI, NUCLEO-U545RE-Q, NUCLEO-U5A5ZJ-Q, NUCLEO-WBA52CG, STEVAL-PROTEUS1, STEVAL-STWINBX1, STM320518-EVAL, STM32C0116-DK, STM32C011D6Y3TR, STM32C011D6Y6TR, STM32C011F4P3, STM32C011F4P6, STM32C011F4U3, STM32C011F4U6TR, STM32C011F6P3, STM32C011F6P6, STM32C011F6U3, STM32C011F6U6TR, STM32C011J4M3, STM32C011J4M6, STM32C011J6M3, STM32C011J6M6, STM32C0316-DK, STM32C031C4T3, STM32C031C4T6, STM32C031C4U3, STM32C031C4U6, STM32C031C6T3, STM32C031C6T6, STM32C031C6U3, STM32C031C6U6, STM32C031F4P3, STM32C031F4P6, STM32C031F6P3, STM32C031F6P6, STM32C031G4U3, STM32C031G4U6, STM32C031G6U3, STM32C031G6U6, STM32C031K4T3, STM32C031K4T6, STM32C031K4U3, STM32C031K4U6, STM32C031K6T3, STM32C031K6T6, STM32C031K6U3, STM32C031K6U6, STM32G071K8TXN, STM32G071K8UXN, STM32G081GBU6N, STM32G081KBT6N, STM32G081KBUXN, STM32G0B1CCT6N, STM32G0B1KCT6, STM32G0B1NEY6TR, STM32G0B1RCT6N, STM32G0C1CCT6, STM32G0C1CCT6N, STM32G0C1CCU6N, STM32G0C1CET6N, STM32G0C1CEU6N, STM32G0C1KCT6, STM32G0C1NEY6TR, STM32G0C1RCI6N, STM32G0C1RCT6N, STM32G0C1REI6N, STM32G0C1RET6N, STM32G0C1VCI6, STM32G0C1VEI6, STM32G471CCT6, STM32G471CCU6, STM32G471CET3, STM32G471CET6, STM32G471CEU3, STM32G471CEU6, STM32G471MCT6, STM32G471MET3, STM32G471MET6, STM32G471MEY6TR, STM32G471QCT6, STM32G471QET3, STM32G471RCT6, STM32G471RET3, STM32G471RET6, STM32G471VCH6, STM32G471VCI6, STM32G471VCT6, STM32G471VEH3, STM32G471VEH6, STM32G471VEI3, STM32G471VEI6, STM32G471VET3, STM32G471VET6, STM32G474CCT6, STM32H503CBT6, STM32H503CBU6, STM32H503EBY6TR, STM32H503KBU6, STM32H503RBT6, STM32H562AGI6, STM32H562AII6, STM32H562IGK6, STM32H562IGT6, STM32H562IIK6, STM32H562IIT6, STM32H562RGT6, STM32H562RGV6, STM32H562RIT6, STM32H562RIV6, STM32H562VGT6, STM32H562VIT6, STM32H562ZGT6, STM32H562ZIT6, STM32H563AGI6, STM32H563AII3Q, STM32H563AII6, STM32H563IGK6, STM32H563IGT6, STM32H563IIK3Q, STM32H563IIK6, STM32H563IIT3Q, STM32H563IIT6, STM32H563MIY3QTR, STM32H563RGT6, STM32H563RGV6, STM32H563RIT6, STM32H563RIV6, STM32H563VGT6, STM32H563VIT3Q, STM32H563VIT6, STM32H563ZGT6, STM32H563ZIT3Q, STM32H563ZIT6, STM32H573AII3Q, STM32H573AII6, STM32H573I-DK, STM32H573IIK3Q, STM32H573IIK6, STM32H573IIT3Q, STM32H573IIT6, STM32H573MIY3QTR, STM32H573RIT6, STM32H573RIV6, STM32H573VIT3Q, STM32H573VIT6, STM32H573ZIT3Q, STM32H573ZIT6, STM32L4R5QGI6STR, STM32MP131AAE3, STM32MP131AAF3, STM32MP131AAG3, STM32MP131CAE3, STM32MP131CAF3, STM32MP131CAG3, STM32MP131DAE7, STM32MP131DAF7, STM32MP131DAG7, STM32MP131FAE7, STM32MP131FAF7, STM32MP131FAG7, STM32MP133AAE3, STM32MP133AAF3, STM32MP133AAG3, STM32MP133CAE3, STM32MP133CAF3, STM32MP133CAG3, STM32MP133DAE7, STM32MP133DAF7, STM32MP133DAG7, STM32MP133FAE7, STM32MP133FAF7, STM32MP133FAG7, STM32MP135AAE3, STM32MP135AAF3, STM32MP135AAG3, STM32MP135CAE3, STM32MP135CAF3, STM32MP135CAG3, STM32MP135DAE7, STM32MP135DAF7, STM32MP135DAG7, STM32MP135F-DK, STM32MP135FAE7, STM32MP135FAF7, STM32MP135FAF7T, STM32MP135FAF7U, STM32MP135FAG7, STM32U535CBT6, STM32U535CBT6Q, STM32U535CBU6, STM32U535CBU6Q, STM32U535CCT6, STM32U535CCT6Q, STM32U535CCU6, STM32U535CCU6Q, STM32U535CET6, STM32U535CET6Q, STM32U535CEU6, STM32U535CEU6Q, STM32U535JEY6QTR, STM32U535NCY6QTR, STM32U535NEY6QTR, STM32U535RBI6, STM32U535RBI6Q, STM32U535RBT6, STM32U535RBT6Q, STM32U535RCI6, STM32U535RCI6Q, STM32U535RCT6, STM32U535RCT6Q, STM32U535REI6, STM32U535REI6Q, STM32U535RET6, STM32U535RET6Q, STM32U535VCI6, STM32U535VCI6Q, STM32U535VCT6, STM32U535VCT6Q, STM32U535VEI6, STM32U535VEI6Q, STM32U535VET6, STM32U535VET6Q, STM32U545CET6, STM32U545CET6Q, STM32U545CEU6, STM32U545CEU6Q, STM32U545JEY6QTR, STM32U545NEY6QTR, STM32U545REI6, STM32U545REI6Q, STM32U545RET6, STM32U545RET6Q, STM32U545VEI6, STM32U545VEI6Q, STM32U545VET6, STM32U545VET6Q, STM32U595AIH6, STM32U595AIH6Q, STM32U595AJH6, STM32U595AJH6Q, STM32U595QII6, STM32U595QII6Q, STM32U595QJI6, STM32U595QJI6Q, STM32U595RIT6, STM32U595RIT6Q, STM32U595RJT6, STM32U595RJT6Q, STM32U595VIT6, STM32U595VIT6Q, STM32U595VJT6, STM32U595VJT6Q, STM32U595ZIT6, STM32U595ZIT6Q, STM32U595ZIY6QTR, STM32U595ZJT6, STM32U595ZJT6Q, STM32U595ZJY6QTR, STM32U599BJY6QTR, STM32U599NIH6Q, STM32U599NJH6Q, STM32U599VIT6Q, STM32U599VJT6, STM32U599VJT6Q, STM32U599ZIT6Q, STM32U599ZIY6QTR, STM32U599ZJT6Q, STM32U599ZJY6QTR, STM32U5A5AJH6, STM32U5A5AJH6Q, STM32U5A5QJI6, STM32U5A5QJI6Q, STM32U5A5RJT6, STM32U5A5RJT6Q, STM32U5A5VJT6, STM32U5A5VJT6Q, STM32U5A5ZJT6, STM32U5A5ZJT6Q, STM32U5A5ZJY6QTR, STM32U5A9BJY6QTR, STM32U5A9J-DK, STM32U5A9NJH6Q, STM32U5A9VJT6Q, STM32U5A9ZJT6Q, STM32U5A9ZJY6QTR, STM32WB1MMCH6, STM32WBA52CEU6, STM32WBA52CEU6T, STM32WBA52CGU6, STM32WBA52CGU6T, STM32WL5MOCH6, STM32WL5MOCH6TR]
2023-11-21 11:30:32,742 [INFO] DbMcus:216 - Found 3825 MCUs, 3825 are supported
2023-11-21 11:30:32,747 [INFO] ApiDb:423 - Load user favorites file C:\Users\KDS-LTP-0415/.stm32cubeide/favorites.mcus.txt: 0 item(s)
2023-11-21 11:30:32,747 [INFO] ApiDb:427 - User favorites MCUs=[]
2023-11-21 11:30:32,748 [INFO] DbMcus:222 - Set 0 / 0 favorites MCUs
2023-11-21 11:30:33,351 [WARN] ThirdParty:833 - waiting for thirdparty lock release [change project]
2023-11-21 11:30:33,351 [INFO] ThirdParty:835 - entering critical section [change project]
2023-11-21 11:30:33,351 [INFO] ThirdParty:1030 - CMSIS Pack Vendor :STMicroelectronics X-CUBE-GNSS1 6.0.0
2023-11-21 11:30:33,351 [INFO] ThirdParty:1030 - CMSIS Pack Vendor :STMicroelectronics USB_HOST 2.0.0
2023-11-21 11:30:33,351 [INFO] ThirdParty:1030 - CMSIS Pack Vendor :STMicroelectronics X-CUBE-AZRTOS-F4 1.1.0
2023-11-21 11:30:33,352 [INFO] ThirdParty:1030 - CMSIS Pack Vendor :STMicroelectronics LIBJPEG 8.0.0
2023-11-21 11:30:33,352 [INFO] ThirdParty:1030 - CMSIS Pack Vendor :wolfSSL I-CUBE-wolfSSL 5.6.3
2023-11-21 11:30:33,352 [INFO] ThirdParty:1030 - CMSIS Pack Vendor :STMicroelectronics X-CUBE-SMBUS 2.1.0
2023-11-21 11:30:33,352 [INFO] ThirdParty:1030 - CMSIS Pack Vendor :wolfSSL I-CUBE-wolfSSL 5.6.0
2023-11-21 11:30:33,352 [INFO] ThirdParty:1030 - CMSIS Pack Vendor :STMicroelectronics X-CUBE-BLEMGR 1.2.0
2023-11-21 11:30:33,352 [INFO] ThirdParty:1030 - CMSIS Pack Vendor :STMicroelectronics X-CUBE-AZRTOS-F7 1.1.0
2023-11-21 11:30:33,352 [INFO] ThirdParty:1030 - CMSIS Pack Vendor :STMicroelectronics X-CUBE-AZRTOS-L5 2.0.0
2023-11-21 11:30:33,352 [INFO] ThirdParty:1030 - CMSIS Pack Vendor :STMicroelectronics USB_DEVICE 2.0.0
2023-11-21 11:30:33,352 [INFO] ThirdParty:1030 - CMSIS Pack Vendor :STMicroelectronics X-CUBE-MEMS1 9.6.0
2023-11-21 11:30:33,352 [INFO] ThirdParty:1030 - CMSIS Pack Vendor :STMicroelectronics X-CUBE-EEPRMA1 4.2.0
2023-11-21 11:30:33,352 [INFO] ThirdParty:1030 - CMSIS Pack Vendor :ITTIA_DB I-CUBE-ITTIADB 8.8.0
2023-11-21 11:30:33,352 [INFO] ThirdParty:1030 - CMSIS Pack Vendor :STMicroelectronics FP-SNS-MOTENV1 4.3.0
2023-11-21 11:30:33,352 [INFO] ThirdParty:1030 - CMSIS Pack Vendor :STMicroelectronics FP-SNS-MOTENV1 4.3.2
2023-11-21 11:30:33,352 [INFO] ThirdParty:1030 - CMSIS Pack Vendor :STMicroelectronics FP-SNS-FLIGHT1 5.0.0
2023-11-21 11:30:33,352 [INFO] ThirdParty:1030 - CMSIS Pack Vendor :STMicroelectronics FP-SNS-MOTENV1 4.3.1
2023-11-21 11:30:33,352 [INFO] ThirdParty:1030 - CMSIS Pack Vendor :STMicroelectronics FP-SNS-FLIGHT1 5.0.1
2023-11-21 11:30:33,352 [INFO] ThirdParty:1030 - CMSIS Pack Vendor :STMicroelectronics X-CUBE-BLE1 6.2.3
2023-11-21 11:30:33,353 [INFO] ThirdParty:1030 - CMSIS Pack Vendor :STMicroelectronics X-CUBE-BLE1 6.2.4
2023-11-21 11:30:33,353 [INFO] ThirdParty:1030 - CMSIS Pack Vendor :STMicroelectronics FreeRTOS 0.0.1
2023-11-21 11:30:33,353 [INFO] ThirdParty:1030 - CMSIS Pack Vendor :emotas I-CUBE-CANOPEN 1.1.3
2023-11-21 11:30:33,353 [INFO] ThirdParty:1030 - CMSIS Pack Vendor :STMicroelectronics X-CUBE-BLEMGR 2.0.0
2023-11-21 11:30:33,353 [INFO] ThirdParty:1030 - CMSIS Pack Vendor :STMicroelectronics FP-SNS-FLIGHT1 5.0.2
2023-11-21 11:30:33,353 [INFO] ThirdParty:1030 - CMSIS Pack Vendor :STMicroelectronics X-CUBE-NFC4 2.0.5
2023-11-21 11:30:33,353 [INFO] ThirdParty:1030 - CMSIS Pack Vendor :STMicroelectronics X-CUBE-NFC4 2.0.4
2023-11-21 11:30:33,353 [INFO] ThirdParty:1030 - CMSIS Pack Vendor :STMicroelectronics X-CUBE-AZRTOS-H7 3.1.0
2023-11-21 11:30:33,353 [INFO] ThirdParty:1030 - CMSIS Pack Vendor :STMicroelectronics PDM2PCM 3.3.0
2023-11-21 11:30:33,353 [INFO] ThirdParty:1030 - CMSIS Pack Vendor :STMicroelectronics X-CUBE-TOF1 3.1.0
2023-11-21 11:30:33,353 [INFO] ThirdParty:1030 - CMSIS Pack Vendor :STMicroelectronics X-CUBE-DISPLAY 3.0.0
2023-11-21 11:30:33,353 [INFO] ThirdParty:1030 - CMSIS Pack Vendor :STMicroelectronics X-CUBE-BLE1 7.0.0
2023-11-21 11:30:33,353 [INFO] ThirdParty:1030 - CMSIS Pack Vendor :STMicroelectronics HAL Drivers 0.0.0
2023-11-21 11:30:33,353 [INFO] ThirdParty:1030 - CMSIS Pack Vendor :emotas I-CUBE-CANOPEN 1.3.0
2023-11-21 11:30:33,353 [INFO] ThirdParty:1030 - CMSIS Pack Vendor :STMicroelectronics X-CUBE-TOUCHGFX 4.22.0
2023-11-21 11:30:33,353 [INFO] ThirdParty:1030 - CMSIS Pack Vendor :STMicroelectronics X-CUBE-NFC7 1.0.1
2023-11-21 11:30:33,353 [INFO] ThirdParty:1030 - CMSIS Pack Vendor :STMicroelectronics MBEDTLS 2.14.1
2023-11-21 11:30:33,353 [INFO] ThirdParty:1030 - CMSIS Pack Vendor :STMicroelectronics X-CUBE-NFC7 1.0.0
2023-11-21 11:30:33,353 [INFO] ThirdParty:1030 - CMSIS Pack Vendor :STMicroelectronics X-CUBE-TOUCHGFX 4.22.1
2023-11-21 11:30:33,353 [INFO] ThirdParty:1030 - CMSIS Pack Vendor :STMicroelectronics X-CUBE-NFC6 3.0.0
2023-11-21 11:30:33,353 [INFO] ThirdParty:1030 - CMSIS Pack Vendor :STMicroelectronics X-CUBE-MEMS1 9.3.0
2023-11-21 11:30:33,353 [INFO] ThirdParty:1030 - CMSIS Pack Vendor :STMicroelectronics X-CUBE-EEPRMA1 4.1.0
2023-11-21 11:30:33,353 [INFO] ThirdParty:1030 - CMSIS Pack Vendor :STMicroelectronics X-CUBE-AI 7.2.0
2023-11-21 11:30:33,353 [INFO] ThirdParty:1030 - CMSIS Pack Vendor :STMicroelectronics FP-SNS-SMARTAG2 1.2.0
2023-11-21 11:30:33,353 [INFO] ThirdParty:1030 - CMSIS Pack Vendor :STMicroelectronics X-CUBE-AZRTOS-WL 2.0.0
2023-11-21 11:30:33,353 [INFO] ThirdParty:1030 - CMSIS Pack Vendor :STMicroelectronics USB_DEVICE 1.0.0
2023-11-21 11:30:33,353 [INFO] ThirdParty:1030 - CMSIS Pack Vendor :STMicroelectronics X-CUBE-AI 8.1.0
2023-11-21 11:30:33,354 [INFO] ThirdParty:1030 - CMSIS Pack Vendor :STMicroelectronics X-CUBE-AZRTOS-L4 2.0.0
2023-11-21 11:30:33,354 [INFO] ThirdParty:1030 - CMSIS Pack Vendor :STMicroelectronics ThreadX 0.0.2
2023-11-21 11:30:33,354 [INFO] ThirdParty:1030 - CMSIS Pack Vendor :WES I-CUBE-Cesium 1.3.0
2023-11-21 11:30:33,354 [INFO] ThirdParty:1030 - CMSIS Pack Vendor :STMicroelectronics lwIP 2.1.2
2023-11-21 11:30:33,354 [INFO] ThirdParty:1030 - CMSIS Pack Vendor :STMicroelectronics X-CUBE-SFXS2LP1 4.0.0
2023-11-21 11:30:33,354 [INFO] ThirdParty:1030 - CMSIS Pack Vendor :STMicroelectronics X-CUBE-BLE2 3.3.0
2023-11-21 11:30:33,354 [INFO] ThirdParty:1030 - CMSIS Pack Vendor :STMicroelectronics X-CUBE-DISPLAY 2.2.0
2023-11-21 11:30:33,354 [INFO] ThirdParty:1030 - CMSIS Pack Vendor :STMicroelectronics X-CUBE-TOF1 3.2.0
2023-11-21 11:30:33,354 [INFO] ThirdParty:1030 - CMSIS Pack Vendor :STMicroelectronics PDM2PCM 3.2.0
2023-11-21 11:30:33,354 [INFO] ThirdParty:1030 - CMSIS Pack Vendor :STMicroelectronics X-CUBE-AZRTOS-H7 3.0.0
2023-11-21 11:30:33,354 [INFO] ThirdParty:1030 - CMSIS Pack Vendor :STMicroelectronics X-CUBE-ISPU 1.0.0
2023-11-21 11:30:33,354 [INFO] ThirdParty:1030 - CMSIS Pack Vendor :STMicroelectronics X-CUBE-ISPU 1.1.0
2023-11-21 11:30:33,354 [INFO] ThirdParty:1030 - CMSIS Pack Vendor :RoweBots I-CUBE-UNISONRTOS 5.5.0-4
2023-11-21 11:30:33,354 [INFO] ThirdParty:1030 - CMSIS Pack Vendor :STMicroelectronics X-CUBE-AZRTOS-H7 2.1.0
2023-11-21 11:30:33,354 [INFO] ThirdParty:1030 - CMSIS Pack Vendor :wolfSSL I-CUBE-wolfSSL 5.4.0
2023-11-21 11:30:33,354 [INFO] ThirdParty:1030 - CMSIS Pack Vendor :STMicroelectronics USB_DEVICE 3.0.0
2023-11-21 11:30:33,354 [INFO] ThirdParty:1030 - CMSIS Pack Vendor :STMicroelectronics X-CUBE-AI 8.0.0
2023-11-21 11:30:33,354 [INFO] ThirdParty:1030 - CMSIS Pack Vendor :STMicroelectronics X-CUBE-AZRTOS-WB 2.0.0
2023-11-21 11:30:33,354 [INFO] ThirdParty:1030 - CMSIS Pack Vendor :STMicroelectronics X-CUBE-FREERTOS 1.0.0
2023-11-21 11:30:33,354 [INFO] ThirdParty:1030 - CMSIS Pack Vendor :STMicroelectronics X-CUBE-FREERTOS 1.0.1
2023-11-21 11:30:33,354 [INFO] ThirdParty:1030 - CMSIS Pack Vendor :STMicroelectronics X-CUBE-TOUCHGFX 4.21.1
2023-11-21 11:30:33,354 [INFO] ThirdParty:1030 - CMSIS Pack Vendor :STMicroelectronics X-CUBE-TOUCHGFX 4.21.3
2023-11-21 11:30:33,354 [INFO] ThirdParty:1030 - CMSIS Pack Vendor :STMicroelectronics X-CUBE-BLEMGR 1.0.0
2023-11-21 11:30:33,354 [INFO] ThirdParty:1030 - CMSIS Pack Vendor :STMicroelectronics X-CUBE-TOUCHGFX 4.21.4
2023-11-21 11:30:33,354 [INFO] ThirdParty:1030 - CMSIS Pack Vendor :STMicroelectronics X-CUBE-MEMS1 9.4.0
2023-11-21 11:30:33,354 [INFO] ThirdParty:1030 - CMSIS Pack Vendor :STMicroelectronics X-CUBE-AI 7.3.0
2023-11-21 11:30:33,354 [INFO] ThirdParty:1030 - CMSIS Pack Vendor :EdgeImpulse osugiw-project-1 1.0.1
2023-11-21 11:30:33,354 [INFO] ThirdParty:1030 - CMSIS Pack Vendor :STMicroelectronics X-CUBE-ALGOBUILD 1.3.0
2023-11-21 11:30:33,354 [INFO] ThirdParty:1030 - CMSIS Pack Vendor :STMicroelectronics X-CUBE-AZRTOS-L5 1.1.0
2023-11-21 11:30:33,356 [INFO] ThirdParty:1030 - CMSIS Pack Vendor :STMicroelectronics X-CUBE-AZRTOS-G0 1.1.0
2023-11-21 11:30:33,356 [INFO] ThirdParty:1030 - CMSIS Pack Vendor :STMicroelectronics X-CUBE-AI 8.0.1
2023-11-21 11:30:33,356 [INFO] ThirdParty:1030 - CMSIS Pack Vendor :STMicroelectronics X-CUBE-NFC4 3.0.0
2023-11-21 11:30:33,356 [INFO] ThirdParty:1030 - CMSIS Pack Vendor :SEGGER I-CUBE-embOS 1.2.0
2023-11-21 11:30:33,356 [INFO] ThirdParty:1030 - CMSIS Pack Vendor :STMicroelectronics X-CUBE-SUBG2 5.0.0
2023-11-21 11:30:33,356 [INFO] ThirdParty:1030 - CMSIS Pack Vendor :STMicroelectronics STM32_WPAN 1.0.0
2023-11-21 11:30:33,356 [INFO] ThirdParty:1030 - CMSIS Pack Vendor :STMicroelectronics lwIP 2.0.3
2023-11-21 11:30:33,356 [INFO] ThirdParty:1030 - CMSIS Pack Vendor :STMicroelectronics USB_HOST 1.0.0
2023-11-21 11:30:33,356 [INFO] ThirdParty:1030 - CMSIS Pack Vendor :STMicroelectronics X-CUBE-TOF1 3.3.1
2023-11-21 11:30:33,356 [INFO] ThirdParty:1030 - CMSIS Pack Vendor :STMicroelectronics X-CUBE-AZRTOS-G4 2.0.0
2023-11-21 11:30:33,356 [INFO] ThirdParty:1030 - CMSIS Pack Vendor :STMicroelectronics PDM2PCM 3.1.0
2023-11-21 11:30:33,356 [INFO] ThirdParty:1030 - CMSIS Pack Vendor :STMicroelectronics X-CUBE-TOF1 3.3.0
2023-11-21 11:30:33,356 [INFO] ThirdParty:1030 - CMSIS Pack Vendor :STMicroelectronics FP-ATR-ASTRA1 1.1.1
2023-11-21 11:30:33,356 [INFO] ThirdParty:1030 - CMSIS Pack Vendor :Infineon AIROC-Wi-Fi-Bluetooth-STM32 1.5.1
2023-11-21 11:30:33,356 [INFO] ThirdParty:1030 - CMSIS Pack Vendor :STMicroelectronics X-CUBE-BLEMGR 3.0.0
2023-11-21 11:30:33,356 [INFO] ThirdParty:1030 - CMSIS Pack Vendor :STMicroelectronics FP-ATR-ASTRA1 1.1.0
2023-11-21 11:30:33,356 [INFO] ThirdParty:1030 - CMSIS Pack Vendor :STMicroelectronics X-CUBE-BLEMGR 1.3.0
2023-11-21 11:30:33,356 [INFO] ThirdParty:1030 - CMSIS Pack Vendor :STMicroelectronics FP-SNS-MOTENVWB1 1.3.0
2023-11-21 11:30:33,356 [INFO] ThirdParty:1030 - CMSIS Pack Vendor :STMicroelectronics FP-ATR-SIGFOX1 3.2.0
2023-11-21 11:30:33,356 [INFO] ThirdParty:1030 - CMSIS Pack Vendor :STMicroelectronics X-CUBE-AZRTOS-G4 1.0.0
2023-11-21 11:30:33,356 [INFO] ThirdParty:1030 - CMSIS Pack Vendor :STMicroelectronics X-CUBE-AZRTOS-L4 1.0.0
2023-11-21 11:30:33,357 [INFO] ThirdParty:1030 - CMSIS Pack Vendor :STMicroelectronics MBEDTLS 2.16.2
2023-11-21 11:30:33,357 [INFO] ThirdParty:1030 - CMSIS Pack Vendor :emotas I-CUBE-CANOPEN 1.1.2
2023-11-21 11:30:33,357 [INFO] ThirdParty:1030 - CMSIS Pack Vendor :STMicroelectronics X-CUBE-TOUCHGFX 4.20.0
2023-11-21 11:30:33,357 [INFO] ThirdParty:1030 - CMSIS Pack Vendor :STMicroelectronics X-CUBE-MEMS1 10.0.0
2023-11-21 11:30:33,357 [INFO] ThirdParty:1030 - CMSIS Pack Vendor :STMicroelectronics X-CUBE-FREERTOS 1.1.0
2023-11-21 11:30:33,357 [INFO] ThirdParty:1030 - CMSIS Pack Vendor :STMicroelectronics X-CUBE-AZRTOS-WL 1.0.0
2023-11-21 11:30:33,357 [INFO] ThirdParty:1030 - CMSIS Pack Vendor :portGmbH I-Cube-SoM-uGOAL 1.1.0
2023-11-21 11:30:33,357 [INFO] ThirdParty:1030 - CMSIS Pack Vendor :STMicroelectronics X-CUBE-ALS 1.0.1
2023-11-21 11:30:33,357 [INFO] ThirdParty:1030 - CMSIS Pack Vendor :STMicroelectronics X-CUBE-MEMS1 9.5.0
2023-11-21 11:30:33,357 [INFO] ThirdParty:1030 - CMSIS Pack Vendor :STMicroelectronics ThreadX 1.0.0
2023-11-21 11:30:33,357 [INFO] ThirdParty:1030 - CMSIS Pack Vendor :STMicroelectronics X-CUBE-AZRTOS-WB 1.1.0
2023-11-21 11:30:33,357 [INFO] ThirdParty:1030 - CMSIS Pack Vendor :SEGGER I-CUBE-embOS 1.3.1
2023-11-21 11:30:33,357 [INFO] ThirdParty:1030 - CMSIS Pack Vendor :STMicroelectronics X-CUBE-AZRTOS-L5 1.0.0
2023-11-21 11:30:33,357 [INFO] ThirdParty:1030 - CMSIS Pack Vendor :STMicroelectronics X-CUBE-EEPRMA1 3.1.1
2023-11-21 11:30:33,357 [INFO] ThirdParty:1030 - CMSIS Pack Vendor :STMicroelectronics FP-ATR-ASTRA1 2.0.0
2023-11-21 11:30:33,358 [INFO] ThirdParty:841 - exiting critical section [change project]
2023-11-21 11:30:33,846 [INFO] PinOutPanel:1499 - setPackage(No Configuration,No Configuration)
2023-11-21 11:30:33,849 [INFO] PinOutPanel:1499 - setPackage(STM32G030C8Tx,LQFP48)
2023-11-21 11:30:34,388 [INFO] UtilMem:75 - Before build in PCC Used Memory: 543517544 Bytes (588251136)
2023-11-21 11:30:35,934 [INFO] UtilMem:75 - After build in PCC Used Memory: 524448912 Bytes (588251136)
2023-11-21 11:30:35,972 [INFO] IPUIPlugin:80 - create IPUIPlugin
2023-11-21 11:30:35,973 [INFO] IPUIPlugin:80 - create IPUIPlugin
2023-11-21 11:30:35,973 [INFO] IPUIPlugin:80 - create IPUIPlugin
2023-11-21 11:30:35,973 [INFO] IPUIPlugin:80 - create IPUIPlugin
2023-11-21 11:30:35,974 [INFO] IPUIPlugin:80 - create IPUIPlugin
2023-11-21 11:30:35,974 [INFO] IPUIPlugin:80 - create IPUIPlugin
2023-11-21 11:30:35,974 [INFO] IPUIPlugin:80 - create IPUIPlugin
2023-11-21 11:30:35,974 [INFO] IPUIPlugin:80 - create IPUIPlugin
2023-11-21 11:30:35,974 [INFO] IPUIPlugin:80 - create IPUIPlugin
2023-11-21 11:30:35,974 [INFO] IPUIPlugin:80 - create IPUIPlugin
2023-11-21 11:30:35,976 [INFO] IPUIPlugin:80 - create IPUIPlugin
2023-11-21 11:30:35,976 [INFO] IPUIPlugin:80 - create IPUIPlugin
2023-11-21 11:30:35,976 [INFO] IPUIPlugin:80 - create IPUIPlugin
2023-11-21 11:30:35,977 [INFO] IPUIPlugin:80 - create IPUIPlugin
2023-11-21 11:30:35,977 [INFO] IPUIPlugin:80 - create IPUIPlugin
2023-11-21 11:30:35,977 [INFO] IPUIPlugin:80 - create IPUIPlugin
2023-11-21 11:30:35,977 [INFO] IPUIPlugin:80 - create IPUIPlugin
2023-11-21 11:30:35,978 [INFO] IPUIPlugin:80 - create IPUIPlugin
2023-11-21 11:30:35,978 [INFO] IPUIPlugin:80 - create IPUIPlugin
2023-11-21 11:30:35,978 [INFO] IPUIPlugin:80 - create IPUIPlugin
2023-11-21 11:30:35,979 [INFO] IPUIPlugin:80 - create IPUIPlugin
2023-11-21 11:30:35,979 [INFO] IPUIPlugin:80 - create IPUIPlugin
2023-11-21 11:30:35,979 [INFO] IPUIPlugin:80 - create IPUIPlugin
2023-11-21 11:30:35,980 [INFO] IPUIPlugin:80 - create IPUIPlugin
2023-11-21 11:30:35,980 [INFO] IPUIPlugin:80 - create IPUIPlugin
2023-11-21 11:30:36,002 [WARN] IP:2113 - FIFOMode not found: check if there is a RefParameter without a condition.
2023-11-21 11:30:36,002 [WARN] IP:2113 - TXFIFOThreshold not found: check if there is a RefParameter without a condition.
2023-11-21 11:30:36,003 [WARN] IP:2113 - RXFIFOThreshold not found: check if there is a RefParameter without a condition.
2023-11-21 11:30:36,003 [WARN] IP:2113 - AutoBaudRateEnableParam not found: check if there is a RefParameter without a condition.
2023-11-21 11:30:36,459 [INFO] CADModel:165 - CPN selected for project levelSTM32G031K8T6
2023-11-21 11:30:36,459 [INFO] CADModel:114 - Register for checkConnection events
2023-11-21 11:30:36,512 [INFO] OpenFileManager:328 - Restore cursor
2023-11-21 11:30:36,820 [WARN] IP:2113 - FIFOMode not found: check if there is a RefParameter without a condition.
2023-11-21 11:30:36,820 [WARN] IP:2113 - TXFIFOThreshold not found: check if there is a RefParameter without a condition.
2023-11-21 11:30:36,820 [WARN] IP:2113 - RXFIFOThreshold not found: check if there is a RefParameter without a condition.
2023-11-21 11:30:36,820 [WARN] IP:2113 - AutoBaudRateEnableParam not found: check if there is a RefParameter without a condition.
2023-11-21 11:30:36,827 [WARN] IP:2113 - FIFOMode not found: check if there is a RefParameter without a condition.
2023-11-21 11:30:36,827 [WARN] IP:2113 - TXFIFOThreshold not found: check if there is a RefParameter without a condition.
2023-11-21 11:30:36,827 [WARN] IP:2113 - RXFIFOThreshold not found: check if there is a RefParameter without a condition.
2023-11-21 11:30:36,827 [WARN] IP:2113 - AutoBaudRateEnableParam not found: check if there is a RefParameter without a condition.
2023-11-21 11:31:25,896 [INFO] ADCParametersView:116 -                Rank 1 : false
2023-11-21 11:31:25,897 [INFO] ADCParametersView:116 -                Rank 1 : false
2023-11-21 11:31:25,897 [INFO] ADCParametersView:116 -                Rank 2 : false
2023-11-21 11:31:26,176 [INFO] ADCParametersView:116 -                Rank 1 : false
2023-11-21 11:31:26,176 [INFO] ADCParametersView:116 -                Rank 2 : false
2023-11-21 11:31:26,176 [INFO] ADCParametersView:116 -                Rank 1 : false
2023-11-21 11:31:26,177 [INFO] ADCParametersView:116 -                Rank 2 : false
2023-11-21 11:31:26,177 [INFO] ADCParametersView:116 -                Rank 1 : false
2023-11-21 11:31:26,178 [INFO] ADCParametersView:116 -                Rank 2 : false
2023-11-21 11:31:26,178 [INFO] ADCParametersView:116 -                Rank 1 : false
2023-11-21 11:31:26,178 [INFO] ADCParametersView:116 -                Rank 2 : false
2023-11-21 11:31:26,179 [INFO] ADCParametersView:116 -                Rank 1 : false
2023-11-21 11:31:26,179 [INFO] ADCParametersView:116 -                Rank 2 : false
2023-11-21 11:31:26,179 [INFO] ADCParametersView:116 -                Rank 1 : false
2023-11-21 11:31:26,179 [INFO] ADCParametersView:116 -                Rank 2 : false
2023-11-21 11:31:26,179 [INFO] ADCParametersView:116 -                Rank 1 : false
2023-11-21 11:31:26,179 [INFO] ADCParametersView:116 -                Rank 2 : false
2023-11-21 11:31:26,179 [INFO] ADCParametersView:116 -                Rank 1 : false
2023-11-21 11:31:26,180 [INFO] ADCParametersView:116 -                Rank 2 : false
2023-11-21 11:31:26,180 [INFO] ADCParametersView:116 -                Rank 1 : false
2023-11-21 11:31:26,180 [INFO] ADCParametersView:116 -                Rank 2 : false
2023-11-21 11:31:26,180 [INFO] ADCParametersView:116 -                Rank 1 : false
2023-11-21 11:31:26,180 [INFO] ADCParametersView:116 -                Rank 2 : false
2023-11-21 11:31:26,181 [INFO] ADCParametersView:116 -                Rank 1 : false
2023-11-21 11:31:26,181 [INFO] ADCParametersView:116 -                Rank 2 : false
2023-11-21 11:31:26,181 [INFO] ADCParametersView:116 -                Rank 1 : false
2023-11-21 11:31:26,181 [INFO] ADCParametersView:116 -                Rank 2 : false
2023-11-21 11:31:26,181 [INFO] ADCParametersView:116 -                Rank 1 : false
2023-11-21 11:31:26,181 [INFO] ADCParametersView:116 -                Rank 2 : false
2023-11-21 11:31:26,182 [INFO] ADCParametersView:116 -                Rank 1 : false
2023-11-21 11:31:26,182 [INFO] ADCParametersView:116 -                Rank 2 : false
2023-11-21 11:31:26,182 [INFO] ADCParametersView:116 -                Rank 1 : false
2023-11-21 11:31:26,182 [INFO] ADCParametersView:116 -                Rank 2 : false
2023-11-21 11:31:26,182 [INFO] ADCParametersView:116 -                Rank 1 : false
2023-11-21 11:31:26,182 [INFO] ADCParametersView:116 -                Rank 2 : false
2023-11-21 11:31:26,182 [INFO] ADCParametersView:116 -                Rank 1 : false
2023-11-21 11:31:26,182 [INFO] ADCParametersView:116 -                Rank 2 : false
2023-11-21 11:31:26,182 [INFO] ADCParametersView:116 -                Rank 1 : false
2023-11-21 11:31:26,182 [INFO] ADCParametersView:116 -                Rank 2 : false
2023-11-21 11:31:26,182 [INFO] ADCParametersView:116 -                Rank 1 : false
2023-11-21 11:31:26,183 [INFO] ADCParametersView:116 -                Rank 2 : false
2023-11-21 11:31:26,183 [INFO] ADCParametersView:116 -                Rank 1 : false
2023-11-21 11:31:26,183 [INFO] ADCParametersView:116 -                Rank 2 : false
2023-11-21 11:31:26,184 [INFO] ADCParametersView:116 -                Rank 1 : false
2023-11-21 11:31:26,184 [INFO] ADCParametersView:116 -                Rank 2 : false
2023-11-21 11:31:26,184 [INFO] ADCParametersView:116 -                Rank 2 : false
2023-11-21 11:31:26,228 [INFO] ADCParametersView:116 -                Rank 1 : false
2023-11-21 11:31:26,229 [INFO] ADCParametersView:116 -                Rank 1 : false
2023-11-21 11:31:26,229 [INFO] ADCParametersView:116 -                Rank 2 : false
2023-11-21 11:31:26,309 [INFO] ADCParametersView:116 -                Rank 1 : false
2023-11-21 11:31:26,309 [INFO] ADCParametersView:116 -                Rank 2 : false
2023-11-21 11:31:26,309 [INFO] ADCParametersView:116 -                Rank 1 : false
2023-11-21 11:31:26,309 [INFO] ADCParametersView:116 -                Rank 2 : false
2023-11-21 11:31:26,310 [INFO] ADCParametersView:116 -                Rank 1 : false
2023-11-21 11:31:26,310 [INFO] ADCParametersView:116 -                Rank 2 : false
2023-11-21 11:31:26,310 [INFO] ADCParametersView:116 -                Rank 1 : false
2023-11-21 11:31:26,310 [INFO] ADCParametersView:116 -                Rank 2 : false
2023-11-21 11:31:26,311 [INFO] ADCParametersView:116 -                Rank 1 : false
2023-11-21 11:31:26,311 [INFO] ADCParametersView:116 -                Rank 2 : false
2023-11-21 11:31:26,311 [INFO] ADCParametersView:116 -                Rank 1 : false
2023-11-21 11:31:26,311 [INFO] ADCParametersView:116 -                Rank 2 : false
2023-11-21 11:31:26,311 [INFO] ADCParametersView:116 -                Rank 1 : false
2023-11-21 11:31:26,311 [INFO] ADCParametersView:116 -                Rank 2 : false
2023-11-21 11:31:26,312 [INFO] ADCParametersView:116 -                Rank 1 : false
2023-11-21 11:31:26,312 [INFO] ADCParametersView:116 -                Rank 2 : false
2023-11-21 11:31:26,312 [INFO] ADCParametersView:116 -                Rank 1 : false
2023-11-21 11:31:26,312 [INFO] ADCParametersView:116 -                Rank 2 : false
2023-11-21 11:31:26,312 [INFO] ADCParametersView:116 -                Rank 1 : false
2023-11-21 11:31:26,313 [INFO] ADCParametersView:116 -                Rank 2 : false
2023-11-21 11:31:26,313 [INFO] ADCParametersView:116 -                Rank 1 : false
2023-11-21 11:31:26,313 [INFO] ADCParametersView:116 -                Rank 2 : false
2023-11-21 11:31:26,313 [INFO] ADCParametersView:116 -                Rank 1 : false
2023-11-21 11:31:26,313 [INFO] ADCParametersView:116 -                Rank 2 : false
2023-11-21 11:31:26,313 [INFO] ADCParametersView:116 -                Rank 1 : false
2023-11-21 11:31:26,313 [INFO] ADCParametersView:116 -                Rank 2 : false
2023-11-21 11:31:26,314 [INFO] ADCParametersView:116 -                Rank 1 : false
2023-11-21 11:31:26,314 [INFO] ADCParametersView:116 -                Rank 2 : false
2023-11-21 11:31:26,314 [INFO] ADCParametersView:116 -                Rank 1 : false
2023-11-21 11:31:26,314 [INFO] ADCParametersView:116 -                Rank 2 : false
2023-11-21 11:31:26,314 [INFO] ADCParametersView:116 -                Rank 1 : false
2023-11-21 11:31:26,315 [INFO] ADCParametersView:116 -                Rank 2 : false
2023-11-21 11:31:26,315 [INFO] ADCParametersView:116 -                Rank 1 : false
2023-11-21 11:31:26,315 [INFO] ADCParametersView:116 -                Rank 2 : false
2023-11-21 11:31:26,315 [INFO] ADCParametersView:116 -                Rank 1 : false
2023-11-21 11:31:26,315 [INFO] ADCParametersView:116 -                Rank 2 : false
2023-11-21 11:31:26,316 [INFO] ADCParametersView:116 -                Rank 1 : false
2023-11-21 11:31:26,316 [INFO] ADCParametersView:116 -                Rank 2 : false
2023-11-21 11:31:26,316 [INFO] ADCParametersView:116 -                Rank 1 : false
2023-11-21 11:31:26,316 [INFO] ADCParametersView:116 -                Rank 2 : false
2023-11-21 11:31:26,316 [INFO] ADCParametersView:116 -                Rank 1 : false
2023-11-21 11:31:26,316 [INFO] ADCParametersView:116 -                Rank 2 : false
2023-11-21 11:31:26,317 [INFO] ADCParametersView:116 -                Rank 2 : false
2023-11-21 11:31:26,359 [INFO] ADCParametersView:116 -                Rank 1 : false
2023-11-21 11:31:26,360 [INFO] ADCParametersView:116 -                Rank 1 : false
2023-11-21 11:31:26,360 [INFO] ADCParametersView:116 -                Rank 2 : false
2023-11-21 11:31:26,624 [INFO] NvicIntPanel:101 - NVIC parent = com.st.microxplorer.plugins.ip.nvic.MultiNvicIntPanel[,0,0,0x0,invalid,layout=javax.swing.BoxLayout,alignmentX=0.0,alignmentY=0.0,border=,flags=9,maximumSize=,minimumSize=,preferredSize=]
2023-11-21 11:31:26,679 [INFO] ADCParametersView:116 -                Rank 1 : false
2023-11-21 11:31:26,679 [INFO] ADCParametersView:116 -                Rank 2 : false
2023-11-21 11:31:26,679 [INFO] ADCParametersView:116 -                Rank 1 : false
2023-11-21 11:31:26,679 [INFO] ADCParametersView:116 -                Rank 2 : false
2023-11-21 11:31:26,679 [INFO] ADCParametersView:116 -                Rank 1 : false
2023-11-21 11:31:26,679 [INFO] ADCParametersView:116 -                Rank 2 : false
2023-11-21 11:31:26,679 [INFO] ADCParametersView:116 -                Rank 1 : false
2023-11-21 11:31:26,681 [INFO] ADCParametersView:116 -                Rank 2 : false
2023-11-21 11:31:26,681 [INFO] ADCParametersView:116 -                Rank 1 : false
2023-11-21 11:31:26,681 [INFO] ADCParametersView:116 -                Rank 2 : false
2023-11-21 11:31:26,683 [INFO] ADCParametersView:116 -                Rank 1 : false
2023-11-21 11:31:26,683 [INFO] ADCParametersView:116 -                Rank 2 : false
2023-11-21 11:31:26,683 [INFO] ADCParametersView:116 -                Rank 1 : false
2023-11-21 11:31:26,683 [INFO] ADCParametersView:116 -                Rank 2 : false
2023-11-21 11:31:26,683 [INFO] ADCParametersView:116 -                Rank 1 : false
2023-11-21 11:31:26,683 [INFO] ADCParametersView:116 -                Rank 2 : false
2023-11-21 11:31:26,684 [INFO] ADCParametersView:116 -                Rank 1 : false
2023-11-21 11:31:26,684 [INFO] ADCParametersView:116 -                Rank 2 : false
2023-11-21 11:31:26,684 [INFO] ADCParametersView:116 -                Rank 1 : false
2023-11-21 11:31:26,684 [INFO] ADCParametersView:116 -                Rank 2 : false
2023-11-21 11:31:26,684 [INFO] ADCParametersView:116 -                Rank 1 : false
2023-11-21 11:31:26,684 [INFO] ADCParametersView:116 -                Rank 2 : false
2023-11-21 11:31:26,685 [INFO] ADCParametersView:116 -                Rank 1 : false
2023-11-21 11:31:26,685 [INFO] ADCParametersView:116 -                Rank 2 : false
2023-11-21 11:31:26,685 [INFO] ADCParametersView:116 -                Rank 1 : false
2023-11-21 11:31:26,685 [INFO] ADCParametersView:116 -                Rank 2 : false
2023-11-21 11:31:26,685 [INFO] ADCParametersView:116 -                Rank 1 : false
2023-11-21 11:31:26,685 [INFO] ADCParametersView:116 -                Rank 2 : false
2023-11-21 11:31:26,685 [INFO] ADCParametersView:116 -                Rank 1 : false
2023-11-21 11:31:26,685 [INFO] ADCParametersView:116 -                Rank 2 : false
2023-11-21 11:31:26,685 [INFO] ADCParametersView:116 -                Rank 1 : false
2023-11-21 11:31:26,685 [INFO] ADCParametersView:116 -                Rank 2 : false
2023-11-21 11:31:26,686 [INFO] ADCParametersView:116 -                Rank 1 : false
2023-11-21 11:31:26,686 [INFO] ADCParametersView:116 -                Rank 2 : false
2023-11-21 11:31:26,686 [INFO] ADCParametersView:116 -                Rank 1 : false
2023-11-21 11:31:26,686 [INFO] ADCParametersView:116 -                Rank 2 : false
2023-11-21 11:31:26,686 [INFO] ADCParametersView:116 -                Rank 1 : false
2023-11-21 11:31:26,686 [INFO] ADCParametersView:116 -                Rank 2 : false
2023-11-21 11:31:26,686 [INFO] ADCParametersView:116 -                Rank 1 : false
2023-11-21 11:31:26,687 [INFO] ADCParametersView:116 -                Rank 2 : false
2023-11-21 11:31:26,687 [INFO] ADCParametersView:116 -                Rank 1 : false
2023-11-21 11:31:26,687 [INFO] ADCParametersView:116 -                Rank 2 : false
2023-11-21 11:31:26,687 [INFO] ADCParametersView:116 -                Rank 2 : false
2023-11-21 11:31:26,879 [INFO] NvicIntPanel:101 - NVIC parent = com.st.microxplorer.plugins.ip.nvic.MultiNvicIntPanel[,0,0,0x0,invalid,layout=javax.swing.BoxLayout,alignmentX=0.0,alignmentY=0.0,border=,flags=9,maximumSize=,minimumSize=,preferredSize=]
2023-11-21 11:31:27,136 [INFO] NvicIntPanel:101 - NVIC parent = com.st.microxplorer.plugins.ip.nvic.MultiNvicIntPanel[,0,0,0x0,invalid,layout=javax.swing.BoxLayout,alignmentX=0.0,alignmentY=0.0,border=,flags=9,maximumSize=,minimumSize=,preferredSize=]
2023-11-21 11:31:27,192 [INFO] ADCParametersView:116 -                Rank 1 : false
2023-11-21 11:31:27,193 [INFO] ADCParametersView:116 -                Rank 1 : false
2023-11-21 11:31:27,193 [INFO] ADCParametersView:116 -                Rank 2 : false
2023-11-21 11:31:44,345 [INFO] ADCParametersView:116 -                Rank 1 : true
2023-11-21 11:31:44,345 [INFO] ADCParametersView:116 -                Rank 2 : false
