2023-08-04 08:28:08,861 [INFO] Activator:176 - 


2023-08-04 08:28:08,870 [INFO] Activator:177 - !SESSION log4j initialized
2023-08-04 08:28:15,210 [INFO] LogOutputStream:77 - [STDOUT_REDIRECT] 
2023-08-04 08:28:18,681 [ERROR] ConfigurationRetriever:142 - IOException on connection: Read timed out
2023-08-04 08:28:36,390 [ERROR] LogOutputStream:75 - [STDERR_REDIRECT] SLF4J: Failed to load class "org.slf4j.impl.StaticLoggerBinder".
2023-08-04 08:28:36,390 [ERROR] LogOutputStream:75 - [STDERR_REDIRECT] SLF4J: Defaulting to no-operation (NOP) logger implementation
2023-08-04 08:28:36,390 [ERROR] LogOutputStream:75 - [STDERR_REDIRECT] SLF4J: See http://www.slf4j.org/codes.html#StaticLoggerBinder for further details.
2023-08-04 08:31:38,960 [ERROR] ConfigurationRetriever:142 - IOException on connection: connect timed out
2023-08-04 08:31:41,526 [ERROR] AdobePublisher:162 - Exception while opening the connection: java.net.SocketTimeoutException: connect timed out
2023-08-04 15:46:21,531 [INFO] Activator:176 - 


2023-08-04 15:46:21,531 [INFO] Activator:177 - !SESSION log4j initialized
2023-08-04 15:46:30,115 [INFO] LogOutputStream:77 - [STDOUT_REDIRECT] 
2023-08-04 15:46:42,755 [INFO] ApplicationProperties:184 - Using Application install path: C:\ST\STM32CubeIDE_1.12.1\STM32CubeIDE\plugins\com.st.stm32cube.common.mx_6.8.1.202304191431
2023-08-04 15:46:42,786 [INFO] DbMcusXml:78 - Set database path to: C:\ST\STM32CubeIDE_1.12.1\STM32CubeIDE\plugins\com.st.stm32cube.common.mx_6.8.1.202304191431\\db\/mcu/
2023-08-04 15:46:42,786 [INFO] ApiDb:274 - Set plugin database path to: C:\ST\STM32CubeIDE_1.12.1\STM32CubeIDE\plugins\com.st.stm32cube.common.mx_6.8.1.202304191431\\db\/plugins/boardmanager/
2023-08-04 15:46:42,786 [WARN] ApiDb:259 - Overriding images path with different value:  => C:\ST\STM32CubeIDE_1.12.1\STM32CubeIDE\plugins\com.st.stm32cube.common.mx_6.8.1.202304191431\\db\/plugins/mcufinder/images/
2023-08-04 15:46:42,802 [INFO] ApiDb:250 - Set database path to: C:\Users\KDS-LTP-0415\.stmcufinder\plugins\mcufinder//mcu/
2023-08-04 15:46:42,817 [INFO] DbMcusAds:125 - Set database path to: C:\Users\KDS-LTP-0415\.stmcufinder\plugins\mcufinder//mcu/
2023-08-04 15:46:42,912 [INFO] CrossReferenceDbSqlite:203 - Set database path to: C:\Users\KDS-LTP-0415\.stmcufinder\plugins\mcufinder//mcu/cs/
2023-08-04 15:46:43,074 [INFO] RulesReader:64 - Compatibility file has been processed (293 Rules)
2023-08-04 15:46:43,195 [INFO] DbMcusXml:78 - Set database path to: C:\ST\STM32CubeIDE_1.12.1\STM32CubeIDE\plugins\com.st.stm32cube.common.mx_6.8.1.202304191431\\db\/mcu/
2023-08-04 15:46:43,195 [INFO] ApiDb:274 - Set plugin database path to: C:\ST\STM32CubeIDE_1.12.1\STM32CubeIDE\plugins\com.st.stm32cube.common.mx_6.8.1.202304191431\\db\/plugins/boardmanager/
2023-08-04 15:46:43,195 [INFO] ApiDb:261 - Set plugin images path to: C:\ST\STM32CubeIDE_1.12.1\STM32CubeIDE\plugins\com.st.stm32cube.common.mx_6.8.1.202304191431\\db\/plugins/mcufinder/images/
2023-08-04 15:46:43,195 [WARN] DbFile:41 - Overriding database path with different value: C:\Users\KDS-LTP-0415\.stmcufinder\plugins\mcufinder/ => C:\Users\KDS-LTP-0415\.stmcufinder\plugins\mcufinder
2023-08-04 15:46:43,195 [INFO] ApiDb:250 - Set database path to: C:\Users\KDS-LTP-0415\.stmcufinder\plugins\mcufinder//mcu/
2023-08-04 15:46:43,195 [WARN] DbFile:41 - Overriding database path with different value: C:\Users\KDS-LTP-0415\.stmcufinder\plugins\mcufinder/ => C:\Users\KDS-LTP-0415\.stmcufinder\plugins\mcufinder
2023-08-04 15:46:43,195 [INFO] DbMcusAds:125 - Set database path to: C:\Users\KDS-LTP-0415\.stmcufinder\plugins\mcufinder//mcu/
2023-08-04 15:46:43,195 [WARN] DbFile:41 - Overriding database path with different value: C:\Users\KDS-LTP-0415\.stmcufinder\plugins\mcufinder/ => C:\Users\KDS-LTP-0415\.stmcufinder\plugins\mcufinder
2023-08-04 15:46:43,195 [WARN] DbFile:41 - Overriding database path with different value: C:\Users\KDS-LTP-0415\.stmcufinder\plugins\mcufinder/ => C:\Users\KDS-LTP-0415\.stmcufinder\plugins\mcufinder
2023-08-04 15:46:43,195 [INFO] CrossReferenceDbSqlite:203 - Set database path to: C:\Users\KDS-LTP-0415\.stmcufinder\plugins\mcufinder//mcu/cs/
2023-08-04 15:46:43,305 [INFO] MainPanel:253 - HeapMemory: 268435456
2023-08-04 15:46:43,478 [INFO] DbMcusXml:78 - Set database path to: C:\ST\STM32CubeIDE_1.12.1\STM32CubeIDE\plugins\com.st.stm32cube.common.mx_6.8.1.202304191431\\db\/mcu/
2023-08-04 15:46:43,478 [INFO] ApiDb:274 - Set plugin database path to: C:\ST\STM32CubeIDE_1.12.1\STM32CubeIDE\plugins\com.st.stm32cube.common.mx_6.8.1.202304191431\\db\/plugins/boardmanager/
2023-08-04 15:46:43,478 [INFO] ApiDb:261 - Set plugin images path to: C:\ST\STM32CubeIDE_1.12.1\STM32CubeIDE\plugins\com.st.stm32cube.common.mx_6.8.1.202304191431\\db\/plugins/mcufinder/images/
2023-08-04 15:46:43,478 [WARN] DbFile:41 - Overriding database path with different value: C:\Users\KDS-LTP-0415\.stmcufinder\plugins\mcufinder/ => C:\Users\KDS-LTP-0415\.stmcufinder\plugins\mcufinder
2023-08-04 15:46:43,478 [INFO] ApiDb:250 - Set database path to: C:\Users\KDS-LTP-0415\.stmcufinder\plugins\mcufinder//mcu/
2023-08-04 15:46:43,494 [WARN] DbFile:41 - Overriding database path with different value: C:\Users\KDS-LTP-0415\.stmcufinder\plugins\mcufinder/ => C:\Users\KDS-LTP-0415\.stmcufinder\plugins\mcufinder
2023-08-04 15:46:43,494 [INFO] DbMcusAds:125 - Set database path to: C:\Users\KDS-LTP-0415\.stmcufinder\plugins\mcufinder//mcu/
2023-08-04 15:46:43,494 [WARN] DbFile:41 - Overriding database path with different value: C:\Users\KDS-LTP-0415\.stmcufinder\plugins\mcufinder/ => C:\Users\KDS-LTP-0415\.stmcufinder\plugins\mcufinder
2023-08-04 15:46:43,494 [WARN] DbFile:41 - Overriding database path with different value: C:\Users\KDS-LTP-0415\.stmcufinder\plugins\mcufinder/ => C:\Users\KDS-LTP-0415\.stmcufinder\plugins\mcufinder
2023-08-04 15:46:43,494 [INFO] CrossReferenceDbSqlite:203 - Set database path to: C:\Users\KDS-LTP-0415\.stmcufinder\plugins\mcufinder//mcu/cs/
2023-08-04 15:46:43,509 [INFO] ApplicationProperties:184 - Using Application install path: C:\ST\STM32CubeIDE_1.12.1\STM32CubeIDE\plugins\com.st.stm32cube.common.mx_6.8.1.202304191431
2023-08-04 15:46:43,525 [INFO] PluginManage:196 - Search for loadable plugins [exclusion list=, ]
2023-08-04 15:46:43,528 [INFO] PluginManage:310 - Check plugin analytics
2023-08-04 15:46:43,738 [INFO] AnalyticsPlugin:253 - Accepted Software Licenses: STM32CubeMX.6.2.1,STM32CubeMX.6.6.1,STM32CubeMX.6.7.0,STM32CubeMX.6.8.1
2023-08-04 15:46:43,738 [INFO] AnalyticsPlugin:255 - Accepted CMSIS Pack Licenses: EdgeImpulse.osugiw-project-1.1.0.1
2023-08-04 15:46:43,738 [INFO] AnalyticsPlugin:257 - Accepted Firmware Licenses: FW.G0.1.6.0,FW.WB.1.16.0
2023-08-04 15:46:43,745 [INFO] PluginManage:359 - Loaded plugin analytics (category:tool,tabindex:-1)
2023-08-04 15:46:43,745 [INFO] PluginManage:310 - Check plugin cadmodel
2023-08-04 15:46:43,761 [INFO] CADModel:105 - Init CAD model plugin
2023-08-04 15:46:43,761 [INFO] PluginManage:359 - Loaded plugin cadmodel (category:power,tabindex:5)
2023-08-04 15:46:43,761 [INFO] PluginManage:310 - Check plugin clock
2023-08-04 15:46:43,777 [INFO] PluginManage:359 - Loaded plugin clock (category:base,tabindex:2)
2023-08-04 15:46:43,777 [INFO] PluginManage:310 - Check plugin ddr
2023-08-04 15:46:43,777 [INFO] PluginManage:359 - Loaded plugin ddr (category:tool,tabindex:6)
2023-08-04 15:46:43,777 [INFO] PluginManage:310 - Check plugin filemanager
2023-08-04 15:46:43,938 [INFO] PluginManage:359 - Loaded plugin filemanager (category:base,tabindex:10)
2023-08-04 15:46:43,938 [INFO] PluginManage:310 - Check plugin ipmanager
2023-08-04 15:46:43,950 [INFO] PluginManage:359 - Loaded plugin ipmanager (category:base,tabindex:5)
2023-08-04 15:46:43,950 [INFO] PluginManage:310 - Check plugin lpbam
2023-08-04 15:46:43,965 [INFO] PluginManage:359 - Loaded plugin lpbam (category:base,tabindex:0)
2023-08-04 15:46:43,965 [INFO] PluginManage:310 - Check plugin pinoutandconfiguration
2023-08-04 15:46:43,982 [INFO] PluginManage:359 - Loaded plugin pinoutandconfiguration (category:base,tabindex:1)
2023-08-04 15:46:43,982 [INFO] PluginManage:310 - Check plugin pinoutconfig
2023-08-04 15:46:44,091 [WARN] SupportedApi:132 - Cannot load RTOS API schema: s4s-elt-must-match.1: The content of 'definitions' must match (annotation?, (simpleType | complexType)?, (unique | key | keyref)*)). A problem was found starting at: attribute.
2023-08-04 15:46:44,265 [INFO] PluginManage:359 - Loaded plugin pinoutconfig (category:base,tabindex:0)
2023-08-04 15:46:44,265 [INFO] PluginManage:310 - Check plugin power
2023-08-04 15:46:44,281 [INFO] PluginManage:359 - Loaded plugin power (category:power,tabindex:4)
2023-08-04 15:46:44,281 [INFO] PluginManage:310 - Check plugin projectmanager
2023-08-04 15:46:44,312 [INFO] PluginManage:359 - Loaded plugin projectmanager (category:projectmanager,tabindex:3)
2023-08-04 15:46:44,312 [INFO] PluginManage:310 - Check plugin thirdparty
2023-08-04 15:46:44,486 [WARN] IntegrityCheckThread:84 - waiting for thirdparty lock release [integrity check]
2023-08-04 15:46:44,486 [INFO] PluginManage:359 - Loaded plugin thirdparty (category:base,tabindex:-1)
2023-08-04 15:46:44,486 [INFO] IntegrityCheckThread:86 - entering critical section [integrity check]
2023-08-04 15:46:44,486 [INFO] PluginManage:310 - Check plugin tools
2023-08-04 15:46:44,502 [INFO] ThirdPartyUpdaterWithRetryManager:70 - Updater plugin not ready yet. [1/15]
2023-08-04 15:46:44,502 [INFO] PluginManage:359 - Loaded plugin tools (category:base,tabindex:7)
2023-08-04 15:46:44,502 [INFO] PluginManage:310 - Check plugin tutovideos
2023-08-04 15:46:44,753 [INFO] PluginManage:359 - Loaded plugin tutovideos (category:base,tabindex:-1)
2023-08-04 15:46:44,769 [INFO] PluginManage:310 - Check plugin updater
2023-08-04 15:46:44,800 [INFO] PluginManage:359 - Loaded plugin updater (category:base,tabindex:12)
2023-08-04 15:46:44,800 [INFO] PluginManage:283 - PluginManage : Loaded plugins [15]
2023-08-04 15:46:45,165 [INFO] PinOutPanel:1499 - setPackage(No Configuration,No Configuration)
2023-08-04 15:46:45,258 [INFO] CADModel:165 - CPN selected for project level
2023-08-04 15:46:45,258 [INFO] CADModel:114 - Register for checkConnection events
2023-08-04 15:46:45,289 [INFO] IPUIPlugin:80 - create IPUIPlugin
2023-08-04 15:46:45,289 [INFO] PluginManager:220 - loadIPPluginJar : add adc
2023-08-04 15:46:45,289 [INFO] IPUIPlugin:80 - create IPUIPlugin
2023-08-04 15:46:45,289 [INFO] PluginManager:220 - loadIPPluginJar : add aes
2023-08-04 15:46:45,289 [INFO] IPUIPlugin:80 - create IPUIPlugin
2023-08-04 15:46:45,289 [INFO] PluginManager:220 - loadIPPluginJar : add can
2023-08-04 15:46:45,289 [INFO] IPUIPlugin:80 - create IPUIPlugin
2023-08-04 15:46:45,289 [INFO] PluginManager:220 - loadIPPluginJar : add comp
2023-08-04 15:46:45,305 [INFO] IPUIPlugin:80 - create IPUIPlugin
2023-08-04 15:46:45,305 [INFO] PluginManager:220 - loadIPPluginJar : add cryp
2023-08-04 15:46:45,305 [INFO] IPUIPlugin:80 - create IPUIPlugin
2023-08-04 15:46:45,305 [INFO] PluginManager:220 - loadIPPluginJar : add dfsdm
2023-08-04 15:46:45,320 [INFO] IPUIPlugin:80 - create IPUIPlugin
2023-08-04 15:46:45,320 [INFO] PluginManager:220 - loadIPPluginJar : add dma
2023-08-04 15:46:45,320 [INFO] IPUIPlugin:80 - create IPUIPlugin
2023-08-04 15:46:45,320 [INFO] PluginManager:220 - loadIPPluginJar : add dma3
2023-08-04 15:46:45,320 [INFO] IPUIPlugin:80 - create IPUIPlugin
2023-08-04 15:46:45,320 [INFO] PluginManager:220 - loadIPPluginJar : add fatfs
2023-08-04 15:46:45,336 [INFO] IPUIPlugin:80 - create IPUIPlugin
2023-08-04 15:46:45,336 [INFO] PluginManager:220 - loadIPPluginJar : add fmc
2023-08-04 15:46:45,341 [INFO] IPUIPlugin:80 - create IPUIPlugin
2023-08-04 15:46:45,341 [INFO] PluginManager:220 - loadIPPluginJar : add freertos
2023-08-04 15:46:45,341 [INFO] IPUIPlugin:80 - create IPUIPlugin
2023-08-04 15:46:45,341 [INFO] PluginManager:220 - loadIPPluginJar : add genericplugin
2023-08-04 15:46:45,352 [INFO] IPUIPlugin:80 - create IPUIPlugin
2023-08-04 15:46:45,352 [INFO] PluginManager:220 - loadIPPluginJar : add gfxmmu
2023-08-04 15:46:45,352 [INFO] IPUIPlugin:80 - create IPUIPlugin
2023-08-04 15:46:45,352 [INFO] PluginManager:220 - loadIPPluginJar : add gic
2023-08-04 15:46:45,368 [INFO] IPUIPlugin:80 - create IPUIPlugin
2023-08-04 15:46:45,368 [INFO] PluginManager:220 - loadIPPluginJar : add gpio
2023-08-04 15:46:45,368 [INFO] IPUIPlugin:80 - create IPUIPlugin
2023-08-04 15:46:45,368 [INFO] PluginManager:220 - loadIPPluginJar : add gtzc
2023-08-04 15:46:45,368 [INFO] IPUIPlugin:80 - create IPUIPlugin
2023-08-04 15:46:45,368 [INFO] PluginManager:220 - loadIPPluginJar : add hash
2023-08-04 15:46:45,383 [INFO] IPUIPlugin:80 - create IPUIPlugin
2023-08-04 15:46:45,383 [INFO] PluginManager:220 - loadIPPluginJar : add i2c
2023-08-04 15:46:45,383 [INFO] IPUIPlugin:80 - create IPUIPlugin
2023-08-04 15:46:45,383 [INFO] PluginManager:220 - loadIPPluginJar : add i2s
2023-08-04 15:46:45,383 [INFO] IPUIPlugin:80 - create IPUIPlugin
2023-08-04 15:46:45,383 [INFO] PluginManager:220 - loadIPPluginJar : add i3c
2023-08-04 15:46:45,383 [INFO] IPUIPlugin:80 - create IPUIPlugin
2023-08-04 15:46:45,383 [INFO] PluginManager:220 - loadIPPluginJar : add ipddr
2023-08-04 15:46:45,399 [INFO] IPUIPlugin:80 - create IPUIPlugin
2023-08-04 15:46:45,399 [INFO] PluginManager:220 - loadIPPluginJar : add linkedlist
2023-08-04 15:46:45,399 [INFO] IPUIPlugin:80 - create IPUIPlugin
2023-08-04 15:46:45,399 [INFO] PluginManager:220 - loadIPPluginJar : add lorawan
2023-08-04 15:46:45,399 [INFO] IPUIPlugin:80 - create IPUIPlugin
2023-08-04 15:46:45,399 [INFO] PluginManager:220 - loadIPPluginJar : add ltdc
2023-08-04 15:46:45,415 [INFO] IPUIPlugin:80 - create IPUIPlugin
2023-08-04 15:46:45,415 [INFO] PluginManager:220 - loadIPPluginJar : add mdma
2023-08-04 15:46:45,415 [INFO] IPUIPlugin:80 - create IPUIPlugin
2023-08-04 15:46:45,415 [INFO] PluginManager:220 - loadIPPluginJar : add nvic
2023-08-04 15:46:45,430 [INFO] IPUIPlugin:80 - create IPUIPlugin
2023-08-04 15:46:45,430 [INFO] PluginManager:220 - loadIPPluginJar : add opamp
2023-08-04 15:46:45,430 [INFO] IPUIPlugin:80 - create IPUIPlugin
2023-08-04 15:46:45,430 [INFO] PluginManager:220 - loadIPPluginJar : add openamp
2023-08-04 15:46:45,430 [INFO] IPUIPlugin:80 - create IPUIPlugin
2023-08-04 15:46:45,430 [INFO] PluginManager:220 - loadIPPluginJar : add pdm2pcm
2023-08-04 15:46:45,446 [INFO] IPUIPlugin:80 - create IPUIPlugin
2023-08-04 15:46:45,446 [INFO] PluginManager:220 - loadIPPluginJar : add plateformsettings
2023-08-04 15:46:45,446 [INFO] IPUIPlugin:80 - create IPUIPlugin
2023-08-04 15:46:45,446 [INFO] PluginManager:220 - loadIPPluginJar : add quadspi
2023-08-04 15:46:45,462 [INFO] IPUIPlugin:80 - create IPUIPlugin
2023-08-04 15:46:45,462 [INFO] PluginManager:220 - loadIPPluginJar : add resmgrutility
2023-08-04 15:46:45,462 [INFO] IPUIPlugin:80 - create IPUIPlugin
2023-08-04 15:46:45,462 [INFO] PluginManager:220 - loadIPPluginJar : add sai
2023-08-04 15:46:45,462 [INFO] IPUIPlugin:80 - create IPUIPlugin
2023-08-04 15:46:45,462 [INFO] PluginManager:220 - loadIPPluginJar : add spi
2023-08-04 15:46:45,478 [INFO] IPUIPlugin:80 - create IPUIPlugin
2023-08-04 15:46:45,478 [INFO] PluginManager:220 - loadIPPluginJar : add stm32_wpan
2023-08-04 15:46:45,478 [INFO] IPUIPlugin:80 - create IPUIPlugin
2023-08-04 15:46:45,478 [INFO] PluginManager:220 - loadIPPluginJar : add tim
2023-08-04 15:46:45,478 [INFO] IPUIPlugin:80 - create IPUIPlugin
2023-08-04 15:46:45,478 [INFO] PluginManager:220 - loadIPPluginJar : add touchsensing
2023-08-04 15:46:45,478 [INFO] IPUIPlugin:80 - create IPUIPlugin
2023-08-04 15:46:45,478 [INFO] PluginManager:220 - loadIPPluginJar : add tracer_emb
2023-08-04 15:46:45,478 [INFO] IPUIPlugin:80 - create IPUIPlugin
2023-08-04 15:46:45,478 [INFO] PluginManager:220 - loadIPPluginJar : add ts
2023-08-04 15:46:45,493 [INFO] IPUIPlugin:80 - create IPUIPlugin
2023-08-04 15:46:45,493 [INFO] PluginManager:220 - loadIPPluginJar : add tsc
2023-08-04 15:46:45,493 [INFO] IPUIPlugin:80 - create IPUIPlugin
2023-08-04 15:46:45,493 [INFO] PluginManager:220 - loadIPPluginJar : add ucpd
2023-08-04 15:46:45,493 [INFO] IPUIPlugin:80 - create IPUIPlugin
2023-08-04 15:46:45,493 [INFO] PluginManager:220 - loadIPPluginJar : add usart
2023-08-04 15:46:45,493 [INFO] IPUIPlugin:80 - create IPUIPlugin
2023-08-04 15:46:45,493 [INFO] PluginManager:220 - loadIPPluginJar : add usbx
2023-08-04 15:46:45,641 [INFO] CADModel:165 - CPN selected for project level
2023-08-04 15:46:45,641 [INFO] CADModel:114 - Register for checkConnection events
2023-08-04 15:46:45,641 [FATAL] Updater:308 - Updater called before beeing initialized
2023-08-04 15:46:45,641 [ERROR] CADModel:125 - Updater not yet initialized, retry later 
2023-08-04 15:46:45,921 [INFO] CADModel:165 - CPN selected for project level
2023-08-04 15:46:45,921 [INFO] CADModel:114 - Register for checkConnection events
2023-08-04 15:46:45,921 [FATAL] Updater:308 - Updater called before beeing initialized
2023-08-04 15:46:45,921 [ERROR] CADModel:125 - Updater not yet initialized, retry later 
2023-08-04 15:46:45,936 [FATAL] Updater:308 - Updater called before beeing initialized
2023-08-04 15:46:46,110 [FATAL] Updater:308 - Updater called before beeing initialized
2023-08-04 15:46:46,110 [INFO] DbMcusAds:53 - JSON generation date=Tue Mar 07 15:50:55 ICT 2023 (1678179055114)
2023-08-04 15:46:46,110 [FATAL] Updater:308 - Updater called before beeing initialized
2023-08-04 15:46:46,158 [WARN] DetailPanel:346 - Failed to get advertising image, set to default
2023-08-04 15:46:46,284 [FATAL] Updater:308 - Updater called before beeing initialized
2023-08-04 15:46:46,299 [FATAL] Updater:308 - Updater called before beeing initialized
2023-08-04 15:46:46,299 [FATAL] Updater:308 - Updater called before beeing initialized
2023-08-04 15:46:46,299 [WARN] DetailPanel:346 - Failed to get advertising image, set to default
2023-08-04 15:46:46,299 [FATAL] Updater:308 - Updater called before beeing initialized
2023-08-04 15:46:46,411 [ERROR] Updater:1120 - MainUpdater not yet initialized. External WinMGr cannot be set.
2023-08-04 15:46:46,411 [INFO] Updater:1056 - Updater Version found : 6.8.1
2023-08-04 15:46:46,441 [INFO] ApplicationProperties:184 - Using Application install path: C:\ST\STM32CubeIDE_1.12.1\STM32CubeIDE\plugins\com.st.stm32cube.common.mx_6.8.1.202304191431
2023-08-04 15:46:46,521 [INFO] MainUpdater:519 - Copy updater definitions from MX database
2023-08-04 15:46:46,929 [INFO] MainUpdater:2854 - connection check result : 10
2023-08-04 15:46:46,929 [INFO] MainUpdater:3548 - Updater definition file requires update
2023-08-04 15:46:46,946 [INFO] MainUpdater:283 - Updater Check For Update Now.
2023-08-04 15:46:46,947 [INFO] MicroXplorer:498 - Change Database Version : DB.6.0.81
2023-08-04 15:46:47,509 [WARN] MainUpdater:1187 - Updater busy. Cannot search thirdparties
2023-08-04 15:46:47,509 [INFO] ThirdPartyUpdaterWithRetryManager:96 - Updater plugin is busy. [1/15]
2023-08-04 15:46:49,031 [INFO] ServerAccessManage:473 - Download File updaters.zip
2023-08-04 15:46:50,521 [WARN] MainUpdater:1187 - Updater busy. Cannot search thirdparties
2023-08-04 15:46:50,521 [INFO] ThirdPartyUpdaterWithRetryManager:96 - Updater plugin is busy. [2/15]
2023-08-04 15:46:50,752 [INFO] FileExtend:240 - Unzip File : updaters.zip
2023-08-04 15:46:50,752 [INFO] FileExtend:255 - Standard Zip Deflate
2023-08-04 15:46:52,629 [INFO] ServerAccessManage:473 - Download File PacksControlFlags.xml
2023-08-04 15:46:53,447 [ERROR] LogOutputStream:75 - [STDERR_REDIRECT] SLF4J: Failed to load class "org.slf4j.impl.StaticLoggerBinder".
2023-08-04 15:46:53,447 [ERROR] LogOutputStream:75 - [STDERR_REDIRECT] SLF4J: Defaulting to no-operation (NOP) logger implementation
2023-08-04 15:46:53,447 [ERROR] LogOutputStream:75 - [STDERR_REDIRECT] SLF4J: See http://www.slf4j.org/codes.html#StaticLoggerBinder for further details.
2023-08-04 15:46:53,525 [WARN] MainUpdater:1187 - Updater busy. Cannot search thirdparties
2023-08-04 15:46:53,526 [INFO] ThirdPartyUpdaterWithRetryManager:96 - Updater plugin is busy. [3/15]
2023-08-04 15:46:54,462 [INFO] ServerAccessManage:473 - Download File cubemx.pidx
2023-08-04 15:46:54,626 [INFO] LoadServerUpdatesThread:373 - End of LoadServerUpdate Thread
2023-08-04 15:46:54,814 [INFO] CheckServerUpdateThread:120 - End of CheckServer Thread
2023-08-04 15:46:54,956 [INFO] MainUpdater:2854 - connection check result : 10
2023-08-04 15:46:55,063 [INFO] MicroXplorer:468 - Change Database Path : 
2023-08-04 15:46:55,067 [INFO] MicroXplorer:498 - Change Database Version : DB.6.0.81
2023-08-04 15:46:55,067 [WARN] ThirdParty:871 - waiting for thirdparty lock release [close project]
2023-08-04 15:46:56,803 [WARN] PackLoader:240 - Cannot read IP mode file for STMicroelectronics.X-CUBE-SMBUS.2.1.0
2023-08-04 15:46:56,835 [WARN] PackLoader:240 - Cannot read IP mode file for STMicroelectronics.X-CUBE-AZRTOS-F7.1.1.0
2023-08-04 15:46:56,850 [ERROR] RealEvaluatedCondition:428 - Found unsupported composite condition: CLASS='Data Exchange' GROUP='STM32_MetaDataManager'
2023-08-04 15:46:56,850 [ERROR] RealEvaluatedCondition:428 - Found unsupported composite condition: CLASS='Data Exchange' GROUP='STM32_MetaDataManager'
2023-08-04 15:46:56,850 [WARN] PackLoader:240 - Cannot read IP mode file for STMicroelectronics.FP-SNS-MOTENV1.4.3.0
2023-08-04 15:46:56,866 [WARN] PackLoader:240 - Cannot read IP mode file for STMicroelectronics.FP-SNS-MOTENV1.4.3.2
2023-08-04 15:46:56,866 [WARN] PackLoader:240 - Cannot read IP mode file for STMicroelectronics.FP-SNS-FLIGHT1.5.0.0
2023-08-04 15:46:56,866 [ERROR] RealEvaluatedCondition:428 - Found unsupported composite condition: CLASS='Data Exchange' GROUP='STM32_MetaDataManager'
2023-08-04 15:46:56,882 [ERROR] RealEvaluatedCondition:428 - Found unsupported composite condition: GROUP='STM32_MetaDataManager' CLASS='Data Exchange'
2023-08-04 15:46:56,882 [WARN] PackLoader:240 - Cannot read IP mode file for STMicroelectronics.FP-SNS-MOTENV1.4.3.1
2023-08-04 15:46:56,882 [WARN] PackLoader:240 - Cannot read IP mode file for STMicroelectronics.FP-SNS-FLIGHT1.5.0.1
2023-08-04 15:46:56,903 [WARN] PackLoader:240 - Cannot read IP mode file for STMicroelectronics.X-CUBE-BLE1.6.2.3
2023-08-04 15:46:56,903 [WARN] PackLoader:240 - Cannot read IP mode file for STMicroelectronics.X-CUBE-BLE1.6.2.4
2023-08-04 15:46:56,914 [WARN] PackLoader:240 - Cannot read IP mode file for STMicroelectronics.FP-SNS-FLIGHT1.5.0.2
2023-08-04 15:46:56,929 [WARN] PackLoader:240 - Cannot read IP mode file for STMicroelectronics.X-CUBE-TOF1.3.1.0
2023-08-04 15:46:56,945 [WARN] PackLoader:240 - Cannot read IP mode file for STMicroelectronics.X-CUBE-DISPLAY.3.0.0
2023-08-04 15:46:56,960 [WARN] PackLoader:240 - Cannot read IP mode file for emotas.I-CUBE-CANOPEN.1.3.0
2023-08-04 15:46:56,964 [WARN] PackLoader:240 - Cannot read IP mode file for STMicroelectronics.X-CUBE-TOUCHGFX.4.22.0
2023-08-04 15:46:57,026 [WARN] PackLoader:240 - Cannot read IP mode file for STMicroelectronics.X-CUBE-MEMS1.9.3.0
2023-08-04 15:46:57,198 [WARN] PackLoader:240 - Cannot read IP mode file for STMicroelectronics.X-CUBE-AI.7.2.0
2023-08-04 15:46:57,213 [INFO] LogOutputStream:77 - [STDOUT_REDIRECT] 1 : Invalid condition id : UX_CORESTACK_Condition cause : null
2023-08-04 15:46:57,213 [INFO] LogOutputStream:77 - [STDOUT_REDIRECT] 1 : Invalid condition id : UX_CORESTACK_Condition cause : null
2023-08-04 15:46:57,213 [INFO] LogOutputStream:77 - [STDOUT_REDIRECT] 1 : Invalid condition id : UX_CORESTACK_Condition cause : null
2023-08-04 15:46:57,213 [INFO] LogOutputStream:77 - [STDOUT_REDIRECT] 1 : Invalid condition id : UX_CORESTACK_Condition cause : null
2023-08-04 15:46:57,213 [INFO] LogOutputStream:77 - [STDOUT_REDIRECT] 1 : Invalid condition id : UX_CORESTACK_Condition cause : null
2023-08-04 15:46:57,230 [WARN] PackLoader:240 - Cannot read IP mode file for STMicroelectronics.X-CUBE-AZRTOS-WL.2.0.0
2023-08-04 15:46:57,230 [WARN] PackLoader:240 - Cannot read IP mode file for WES.I-CUBE-Cesium.1.3.0
2023-08-04 15:46:57,244 [WARN] PackLoader:240 - Cannot read IP mode file for STMicroelectronics.X-CUBE-BLE2.3.3.0
2023-08-04 15:46:57,244 [WARN] PackLoader:240 - Cannot read IP mode file for STMicroelectronics.X-CUBE-DISPLAY.2.2.0
2023-08-04 15:46:57,265 [WARN] PackLoader:240 - Cannot read IP mode file for STMicroelectronics.X-CUBE-TOF1.3.2.0
2023-08-04 15:46:57,276 [WARN] PackLoader:240 - Cannot read IP mode file for STMicroelectronics.X-CUBE-ISPU.1.0.0
2023-08-04 15:46:57,307 [WARN] PackLoader:240 - Cannot read IP mode file for STMicroelectronics.X-CUBE-AZRTOS-H7.2.1.0
2023-08-04 15:46:57,307 [WARN] PackLoader:240 - Cannot read IP mode file for STMicroelectronics.X-CUBE-TOUCHGFX.4.21.1
2023-08-04 15:46:57,307 [WARN] PackLoader:240 - Cannot read IP mode file for STMicroelectronics.X-CUBE-TOUCHGFX.4.21.3
2023-08-04 15:46:57,323 [WARN] PackLoader:240 - Cannot read IP mode file for STMicroelectronics.X-CUBE-TOUCHGFX.4.21.4
2023-08-04 15:46:57,370 [WARN] PackLoader:240 - Cannot read IP mode file for STMicroelectronics.X-CUBE-MEMS1.9.4.0
2023-08-04 15:46:57,496 [WARN] PackLoader:240 - Cannot read IP mode file for STMicroelectronics.X-CUBE-AI.7.3.0
2023-08-04 15:46:57,558 [WARN] PackLoader:240 - Cannot read IP mode file for STMicroelectronics.X-CUBE-ALGOBUILD.1.3.0
2023-08-04 15:46:57,574 [WARN] PackLoader:240 - Cannot read IP mode file for STMicroelectronics.X-CUBE-AZRTOS-G0.1.1.0
2023-08-04 15:46:57,574 [WARN] PackLoader:240 - Cannot read IP mode file for STMicroelectronics.X-CUBE-NFC4.3.0.0
2023-08-04 15:46:57,621 [WARN] PackLoader:240 - Cannot read IP mode file for SEGGER.I-CUBE-embOS.1.2.0
2023-08-04 15:46:57,668 [WARN] PackLoader:240 - Cannot read IP mode file for STMicroelectronics.X-CUBE-BLEMGR.1.3.0
2023-08-04 15:46:57,683 [WARN] PackLoader:240 - Cannot read IP mode file for STMicroelectronics.FP-ATR-SIGFOX1.3.2.0
2023-08-04 15:46:57,690 [WARN] PackLoader:240 - Cannot read IP mode file for emotas.I-CUBE-CANOPEN.1.1.2
2023-08-04 15:46:57,690 [WARN] PackLoader:240 - Cannot read IP mode file for STMicroelectronics.X-CUBE-TOUCHGFX.4.20.0
2023-08-04 15:46:57,731 [WARN] PackLoader:240 - Cannot read IP mode file for STMicroelectronics.X-CUBE-MEMS1.9.5.0
2023-08-04 15:46:57,889 [WARN] PackLoader:240 - Cannot read IP mode file for SEGGER.I-CUBE-embOS.1.3.1
2023-08-04 15:46:57,920 [WARN] PackLoader:240 - Cannot read IP mode file for STMicroelectronics.X-CUBE-GNSS1.6.0.0
2023-08-04 15:46:57,951 [WARN] PackLoader:240 - Cannot read IP mode file for STMicroelectronics.X-CUBE-AZRTOS-F4.1.1.0
2023-08-04 15:46:57,966 [WARN] PackLoader:240 - Cannot read IP mode file for wolfSSL.I-CUBE-wolfSSL.5.6.3
2023-08-04 15:46:57,969 [WARN] PackLoader:240 - Cannot read IP mode file for wolfSSL.I-CUBE-wolfSSL.5.6.0
2023-08-04 15:46:57,983 [WARN] PackLoader:240 - Cannot read IP mode file for STMicroelectronics.X-CUBE-BLEMGR.1.2.0
2023-08-04 15:46:58,030 [WARN] PackLoader:240 - Cannot read IP mode file for STMicroelectronics.X-CUBE-MEMS1.9.6.0
2023-08-04 15:46:58,156 [WARN] PackLoader:240 - Cannot read IP mode file for emotas.I-CUBE-CANOPEN.1.1.3
2023-08-04 15:46:58,162 [WARN] PackLoader:240 - Cannot read IP mode file for STMicroelectronics.X-CUBE-BLEMGR.2.0.0
2023-08-04 15:46:58,172 [WARN] PackLoader:240 - Cannot read IP mode file for STMicroelectronics.X-CUBE-NFC4.2.0.5
2023-08-04 15:46:58,172 [WARN] PackLoader:240 - Cannot read IP mode file for STMicroelectronics.X-CUBE-NFC4.2.0.4
2023-08-04 15:46:58,187 [WARN] ConditionMgr:438 - getConditionDescription Invalid condition id : UX DEVICE CLASS RTOS Condition cause : null
2023-08-04 15:46:58,187 [WARN] ConditionMgr:438 - getConditionDescription Invalid condition id : UX DEVICE CLASS RTOS Condition cause : null
2023-08-04 15:46:58,203 [WARN] PackLoader:240 - Cannot read IP mode file for STMicroelectronics.X-CUBE-AZRTOS-H7.3.1.0
2023-08-04 15:46:58,203 [WARN] ConditionMgr:1039 - genDependencies : Invalid condition id : UX DEVICE CLASS RTOS Condition cause : null
2023-08-04 15:46:58,203 [WARN] ConditionMgr:1039 - genDependencies : Invalid condition id : UX DEVICE CLASS RTOS Condition cause : null
2023-08-04 15:46:58,203 [WARN] ConditionMgr:1039 - genDependencies : Invalid condition id : UX DEVICE CLASS RTOS Condition cause : null
2023-08-04 15:46:58,203 [WARN] ConditionMgr:1039 - genDependencies : Invalid condition id : UX DEVICE CLASS RTOS Condition cause : null
2023-08-04 15:46:58,203 [WARN] ConditionMgr:1039 - genDependencies : Invalid condition id : UX DEVICE CLASS RTOS Condition cause : null
2023-08-04 15:46:58,203 [WARN] PackLoader:240 - Cannot read IP mode file for STMicroelectronics.X-CUBE-NFC7.1.0.1
2023-08-04 15:46:58,219 [WARN] PackLoader:240 - Cannot read IP mode file for STMicroelectronics.X-CUBE-NFC7.1.0.0
2023-08-04 15:46:58,219 [WARN] PackLoader:240 - Cannot read IP mode file for STMicroelectronics.X-CUBE-EEPRMA1.4.1.0
2023-08-04 15:46:58,234 [WARN] ConditionMgr:438 - getConditionDescription Invalid condition id : LAN8742 Phy interface Condition cause : null
2023-08-04 15:46:58,234 [WARN] PackLoader:240 - Cannot read IP mode file for STMicroelectronics.X-CUBE-AZRTOS-L4.2.0.0
2023-08-04 15:46:58,234 [WARN] ConditionMgr:1039 - genDependencies : Invalid condition id : LAN8742 Phy interface Condition cause : null
2023-08-04 15:46:58,234 [WARN] ConditionMgr:1039 - genDependencies : Invalid condition id : LAN8742 Phy interface Condition cause : null
2023-08-04 15:46:58,234 [WARN] ConditionMgr:1039 - genDependencies : Invalid condition id : LAN8742 Phy interface Condition cause : null
2023-08-04 15:46:58,256 [WARN] PackLoader:240 - Cannot read IP mode file for STMicroelectronics.X-CUBE-SFXS2LP1.4.0.0
2023-08-04 15:46:58,266 [WARN] PackLoader:240 - Cannot read IP mode file for STMicroelectronics.X-CUBE-AZRTOS-H7.3.0.0
2023-08-04 15:46:58,281 [WARN] PackLoader:240 - Cannot read IP mode file for STMicroelectronics.X-CUBE-ISPU.1.1.0
2023-08-04 15:46:58,281 [WARN] PackLoader:240 - Cannot read IP mode file for RoweBots.I-CUBE-UNISONRTOS.5.5.0-4
2023-08-04 15:46:58,297 [WARN] PackLoader:240 - Cannot read IP mode file for wolfSSL.I-CUBE-wolfSSL.5.4.0
2023-08-04 15:46:58,297 [WARN] PackLoader:240 - Cannot read IP mode file for STMicroelectronics.X-CUBE-AI.8.0.0
2023-08-04 15:46:58,297 [WARN] PackLoader:240 - Cannot read IP mode file for STMicroelectronics.X-CUBE-FREERTOS.1.0.0
2023-08-04 15:46:58,313 [WARN] PackLoader:240 - Cannot read IP mode file for STMicroelectronics.X-CUBE-FREERTOS.1.0.1
2023-08-04 15:46:58,313 [WARN] PackLoader:240 - Cannot read IP mode file for STMicroelectronics.X-CUBE-BLEMGR.1.0.0
2023-08-04 15:46:58,328 [WARN] PackLoader:240 - Cannot read IP mode file for STMicroelectronics.X-CUBE-AZRTOS-L5.1.1.0
2023-08-04 15:46:58,328 [WARN] PackLoader:240 - Cannot read IP mode file for STMicroelectronics.X-CUBE-AI.8.0.1
2023-08-04 15:46:58,344 [WARN] PackLoader:240 - Cannot read IP mode file for STMicroelectronics.X-CUBE-SUBG2.5.0.0
2023-08-04 15:46:58,367 [WARN] PackLoader:240 - Cannot read IP mode file for STMicroelectronics.X-CUBE-TOF1.3.3.1
2023-08-04 15:46:58,391 [WARN] PackLoader:240 - Cannot read IP mode file for STMicroelectronics.X-CUBE-AZRTOS-G4.2.0.0
2023-08-04 15:46:58,407 [WARN] PackLoader:240 - Cannot read IP mode file for STMicroelectronics.X-CUBE-TOF1.3.3.0
2023-08-04 15:46:58,423 [WARN] PackLoader:240 - Cannot read IP mode file for STMicroelectronics.FP-ATR-ASTRA1.1.1.1
2023-08-04 15:46:58,423 [WARN] PackLoader:240 - Cannot read IP mode file for STMicroelectronics.FP-ATR-ASTRA1.1.1.0
2023-08-04 15:46:58,438 [WARN] PackLoader:240 - Cannot read IP mode file for STMicroelectronics.X-CUBE-AZRTOS-G4.1.0.0
2023-08-04 15:46:58,454 [WARN] PackLoader:240 - Cannot read IP mode file for STMicroelectronics.X-CUBE-AZRTOS-L4.1.0.0
2023-08-04 15:46:58,470 [WARN] PackLoader:240 - Cannot read IP mode file for STMicroelectronics.X-CUBE-AZRTOS-WL.1.0.0
2023-08-04 15:46:58,486 [WARN] PackLoader:240 - Cannot read IP mode file for portGmbH.I-Cube-SoM-uGOAL.1.1.0
2023-08-04 15:46:58,486 [WARN] PackLoader:240 - Cannot read IP mode file for STMicroelectronics.X-CUBE-ALS.1.0.1
2023-08-04 15:46:58,502 [WARN] PackLoader:240 - Cannot read IP mode file for STMicroelectronics.X-CUBE-AZRTOS-WB.1.1.0
2023-08-04 15:46:58,517 [WARN] PackLoader:240 - Cannot read IP mode file for STMicroelectronics.X-CUBE-AZRTOS-L5.1.0.0
2023-08-04 15:46:58,517 [WARN] PackLoader:240 - Cannot read IP mode file for STMicroelectronics.X-CUBE-EEPRMA1.3.1.1
2023-08-04 15:46:58,533 [WARN] PackLoader:240 - Cannot read IP mode file for STMicroelectronics.FP-ATR-ASTRA1.2.0.0
2023-08-04 15:46:58,533 [INFO] ThirdParty:978 - Integrity check success = true
2023-08-04 15:46:58,533 [INFO] IntegrityCheckThread:100 - exiting critical section [integrity check]
2023-08-04 15:46:58,533 [INFO] IntegrityCheckThread:103 - End integrity checks thread
2023-08-04 15:46:58,533 [INFO] ThirdParty:873 - entering critical section [close project]
2023-08-04 15:46:58,533 [INFO] ThirdParty:883 - exiting critical section [close project]
2023-08-04 15:46:58,533 [INFO] PinOutPanel:1499 - setPackage(No Configuration,No Configuration)
2023-08-04 15:46:58,549 [INFO] UtilMem:75 - Begin LoadConfig() Used Memory: 358551352 Bytes (546308096)
2023-08-04 15:46:58,549 [INFO] MicroXplorer:468 - Change Database Path : 
2023-08-04 15:46:58,549 [INFO] MicroXplorer:498 - Change Database Version : DB.6.0.81
2023-08-04 15:46:58,549 [INFO] OpenFileManager:308 - Change cursor
2023-08-04 15:46:58,627 [INFO] Mcu:1937 - Initializing MCU STM32G030K(6-8)Tx STM32G030K6Tx STM32G031K8T6
2023-08-04 15:47:22,941 [INFO] Context:659 - Trying to add GPIOservice into a context  which must be forbidden
2023-08-04 15:47:23,538 [INFO] RtosManager:555 - Registered RTOS mode: class=CMSIS, group=RTOS, mode=CMSIS_V1, owner=FREERTOS
2023-08-04 15:47:23,538 [INFO] RtosManager:555 - Registered RTOS mode: class=CMSIS, group=RTOS2, mode=CMSIS_V2, owner=FREERTOS
2023-08-04 15:47:23,538 [INFO] RtosManager:555 - Registered RTOS mode: class=RTOS, group=Core, mode=CMSIS_V1, owner=FREERTOS
2023-08-04 15:47:23,538 [INFO] RtosManager:555 - Registered RTOS mode: class=RTOS, group=Core, mode=CMSIS_V2, owner=FREERTOS
2023-08-04 15:47:23,538 [WARN] ModelIntegratedComponent:184 - Missing modes for component STMicroelectronics:FreeRTOS:0.0.1:STMicroelectronics:RTOS:FreeRTOS:Core:::10.2.0:
2023-08-04 15:47:23,553 [WARN] ModelIntegratedComponent:63 - No mode defined for component null
2023-08-04 15:47:23,553 [WARN] ModelIntegratedComponent:63 - No mode defined for component null
2023-08-04 15:47:23,553 [WARN] ModelIntegratedComponent:63 - No mode defined for component null
2023-08-04 15:47:23,553 [WARN] ModelIntegratedComponent:63 - No mode defined for component null
2023-08-04 15:47:23,553 [WARN] ModelIntegratedComponent:63 - No mode defined for component null
2023-08-04 15:47:23,553 [WARN] ModelIntegratedComponent:63 - No mode defined for component null
2023-08-04 15:47:23,553 [WARN] ModelIntegratedComponent:63 - No mode defined for component null
2023-08-04 15:47:23,553 [WARN] ModelIntegratedComponent:63 - No mode defined for component null
2023-08-04 15:47:23,553 [WARN] ModelIntegratedComponent:63 - No mode defined for component null
2023-08-04 15:47:23,553 [WARN] ModelIntegratedComponent:63 - No mode defined for component null
2023-08-04 15:47:23,553 [WARN] ModelIntegratedComponent:63 - No mode defined for component null
2023-08-04 15:47:23,553 [WARN] ModelIntegratedComponent:63 - No mode defined for component null
2023-08-04 15:47:23,553 [WARN] ModelIntegratedComponent:63 - No mode defined for component null
2023-08-04 15:47:23,553 [WARN] ModelIntegratedComponent:63 - No mode defined for component null
2023-08-04 15:47:23,553 [WARN] ModelIntegratedComponent:63 - No mode defined for component null
2023-08-04 15:47:23,553 [WARN] ModelIntegratedComponent:63 - No mode defined for component null
2023-08-04 15:47:23,553 [WARN] ModelIntegratedComponent:63 - No mode defined for component null
2023-08-04 15:47:23,553 [WARN] ModelIntegratedComponent:63 - No mode defined for component null
2023-08-04 15:47:23,553 [WARN] ModelIntegratedComponent:63 - No mode defined for component null
2023-08-04 15:47:23,553 [WARN] ModelIntegratedComponent:63 - No mode defined for component null
2023-08-04 15:47:23,553 [WARN] ModelIntegratedComponent:63 - No mode defined for component null
2023-08-04 15:47:23,553 [WARN] ModelIntegratedComponent:63 - No mode defined for component null
2023-08-04 15:47:23,553 [WARN] ModelIntegratedComponent:63 - No mode defined for component null
2023-08-04 15:47:23,553 [WARN] ModelIntegratedComponent:63 - No mode defined for component null
2023-08-04 15:47:23,553 [WARN] ModelIntegratedComponent:63 - No mode defined for component null
2023-08-04 15:47:23,553 [WARN] ModelIntegratedComponent:63 - No mode defined for component null
2023-08-04 15:47:23,553 [WARN] ModelIntegratedComponent:63 - No mode defined for component null
2023-08-04 15:47:23,553 [WARN] ModelIntegratedComponent:63 - No mode defined for component null
2023-08-04 15:47:23,553 [WARN] ModelIntegratedComponent:63 - No mode defined for component null
2023-08-04 15:47:23,553 [WARN] ModelIntegratedComponent:63 - No mode defined for component null
2023-08-04 15:47:23,553 [WARN] ModelIntegratedComponent:63 - No mode defined for component null
2023-08-04 15:47:23,553 [WARN] ModelIntegratedComponent:63 - No mode defined for component null
2023-08-04 15:47:23,553 [WARN] ModelIntegratedComponent:63 - No mode defined for component null
2023-08-04 15:47:23,789 [INFO] ThirdPartyModel:298 - Start build external matchings
2023-08-04 15:47:24,767 [INFO] ThirdPartyModel:316 - End build external matchings
2023-08-04 15:47:24,826 [INFO] ImportTextPane:194 - (OptionalMessage_ERROR) IP (ADC1) : Parameter (DiscontinuousConvMode) has invalid value (DISABLE)
2023-08-04 15:47:24,826 [INFO] ImportTextPane:194 - (OptionalMessage_ERROR) IP (DMA) : Parameter (Instance) has Id (ADC1) currently not set
2023-08-04 15:47:24,826 [INFO] ImportTextPane:194 - (OptionalMessage_ERROR) IP (DMA) : Parameter (Request) has Id (ADC1) currently not set
2023-08-04 15:47:24,826 [INFO] ImportTextPane:194 - (OptionalMessage_ERROR) IP (DMA) : Parameter (Direction) has Id (ADC1) currently not set
2023-08-04 15:47:24,826 [INFO] ImportTextPane:194 - (OptionalMessage_ERROR) IP (DMA) : Parameter (PeriphInc) has Id (ADC1) currently not set
2023-08-04 15:47:24,826 [INFO] ImportTextPane:194 - (OptionalMessage_ERROR) IP (DMA) : Parameter (MemInc) has Id (ADC1) currently not set
2023-08-04 15:47:24,826 [INFO] ImportTextPane:194 - (OptionalMessage_ERROR) IP (DMA) : Parameter (PeriphDataAlignment) has Id (ADC1) currently not set
2023-08-04 15:47:24,826 [INFO] ImportTextPane:194 - (OptionalMessage_ERROR) IP (DMA) : Parameter (MemDataAlignment) has Id (ADC1) currently not set
2023-08-04 15:47:24,826 [INFO] ImportTextPane:194 - (OptionalMessage_ERROR) IP (DMA) : Parameter (Mode) has Id (ADC1) currently not set
2023-08-04 15:47:24,826 [INFO] ImportTextPane:194 - (OptionalMessage_ERROR) IP (DMA) : Parameter (Priority) has Id (ADC1) currently not set
2023-08-04 15:47:24,826 [INFO] ImportTextPane:194 - (OptionalMessage_ERROR) IP (DMA) : Parameter (SignalID) has Id (ADC1) currently not set
2023-08-04 15:47:24,826 [INFO] ImportTextPane:194 - (OptionalMessage_ERROR) IP (DMA) : Parameter (Polarity) has Id (ADC1) currently not set
2023-08-04 15:47:24,826 [INFO] ImportTextPane:194 - (OptionalMessage_ERROR) IP (DMA) : Parameter (RequestNumber) has Id (ADC1) currently not set
2023-08-04 15:47:24,826 [INFO] ImportTextPane:194 - (OptionalMessage_ERROR) IP (DMA) : Parameter (SyncSignalID) has Id (ADC1) currently not set
2023-08-04 15:47:24,826 [INFO] ImportTextPane:194 - (OptionalMessage_ERROR) IP (DMA) : Parameter (SyncPolarity) has Id (ADC1) currently not set
2023-08-04 15:47:24,826 [INFO] ImportTextPane:194 - (OptionalMessage_ERROR) IP (DMA) : Parameter (SyncEnable) has Id (ADC1) currently not set
2023-08-04 15:47:24,826 [INFO] ImportTextPane:194 - (OptionalMessage_ERROR) IP (DMA) : Parameter (EventEnable) has Id (ADC1) currently not set
2023-08-04 15:47:24,826 [INFO] ImportTextPane:194 - (OptionalMessage_ERROR) IP (DMA) : Parameter (SyncRequestNumber) has Id (ADC1) currently not set
2023-08-04 15:47:24,845 [INFO] ImportTextPane:194 - (OptionalMessage_ERROR) IP (RCC) : Invalid parameter (FamilyName)
2023-08-04 15:47:24,857 [WARN] IP:2113 - FIFOMode not found: check if there is a RefParameter without a condition.
2023-08-04 15:47:24,857 [WARN] IP:2113 - TXFIFOThreshold not found: check if there is a RefParameter without a condition.
2023-08-04 15:47:24,857 [WARN] IP:2113 - RXFIFOThreshold not found: check if there is a RefParameter without a condition.
2023-08-04 15:47:24,857 [WARN] IP:2113 - AutoBaudRateEnableParam not found: check if there is a RefParameter without a condition.
2023-08-04 15:47:26,705 [INFO] UtilMem:75 - End LoadConfig() Used Memory: 270295032 Bytes (546308096)
2023-08-04 15:47:29,198 [INFO] ApiDb:581 - Connected to CubeFinder SQLite database (C:\Users\KDS-LTP-0415\.stmcufinder\plugins\mcufinder\mcu\cube-finder-db.db)
2023-08-04 15:47:29,293 [INFO] ApiDb:668 - CubeFinder database Data Model version=2.1
2023-08-04 15:47:29,293 [INFO] ApiDb:669 - CubeFinder database Configuration version=3.0.37
2023-08-04 15:47:29,293 [INFO] ApiDb:670 - CubeFinder database generation date=2023-06-26 (1687786131)
2023-08-04 15:47:29,293 [INFO] ApiDb:671 - CubeFinder database FW Pack versions=[FP-ATR-ASTRA1_V2.0.0, FP-SNS-FLIGHT1_V5.0.1, FP-SNS-MOTENV1_V4.3.1, STM32Cube_FW_C0_V1.1.0, STM32Cube_FW_F4_V1.27.1, STM32Cube_FW_F7_V1.17.0, STM32Cube_FW_G0_V1.6.1, STM32Cube_FW_G4_V1.5.1, STM32Cube_FW_H5_V0.5.1, STM32Cube_FW_H5_V1.1.0, STM32Cube_FW_H7_V1.11.0, STM32Cube_FW_L0_V1.12.2, STM32Cube_FW_L5_V1.5.0, STM32Cube_FW_U5_V1.3.0, STM32Cube_FW_U5_V1.3.0RC4, STM32Cube_FW_WBA_V1.0.0RC1, STM32Cube_FW_WBA_V1.1.0, STM32Cube_FW_WBA_V1.1.0RC1, STM32Cube_FW_WB_V1.15.0RC1, STM32Cube_FW_WB_V1.16.0, STM32Cube_FW_WB_V1.16.0RC2, STM32Cube_FW_WB_V1.17.0, STM32Cube_FW_WL_V1.3.0, X-CUBE-ALGOBUILD_V1.3.0, X-CUBE-ALS_V1.0.1, X-CUBE-AZRTOS-F4_V1.1.0, X-CUBE-AZRTOS-F7_V1.1.0, X-CUBE-AZRTOS-G0_V1.1.0, X-CUBE-AZRTOS-G4_V2.0.0, X-CUBE-AZRTOS-H7_V3.1.0, X-CUBE-AZRTOS-L4_V1.0.0, X-CUBE-AZRTOS-L4_V2.0.0, X-CUBE-AZRTOS-L5_V1.1.0, X-CUBE-AZRTOS-WB_V1.1.0, X-CUBE-AZRTOS-WL_V2.0.0, X-CUBE-BLE1_V6.2.4, X-CUBE-BLE2_V3.3.0, X-CUBE-BLEMGR_V2.0.0, X-CUBE-EEPRMA1_V4.1.0, X-CUBE-FREERTOS_V1.0.1, X-CUBE-GNSS1_V6.0.0, X-CUBE-MEMS1_V9.1.0, X-CUBE-MEMS1_V9.4.0, X-CUBE-MEMS1_V9.6.0, X-CUBE-NFC4_V3.0.0, X-CUBE-NFC7_V1.0.0, X-CUBE-SFXS2LP1_V4.0.0, X-CUBE-SUBG2_V5.0.0]
2023-08-04 15:47:31,734 [INFO] ApiDb:240 - Found 297 in-development CPN: [B-G473E-ZEST1S, B-WB1M-WPAN1, B-WL5M-SUBG1, NUCLEO-C031C6, NUCLEO-H503RB, NUCLEO-H563ZI, NUCLEO-U545RE-Q, NUCLEO-U5A5ZJ-Q, NUCLEO-WBA52CG, STEVAL-PROTEUS1, STEVAL-STWINBX1, STM320518-EVAL, STM32C0116-DK, STM32C011D6Y3TR, STM32C011D6Y6TR, STM32C011F4P3, STM32C011F4P6, STM32C011F4U3, STM32C011F4U6TR, STM32C011F6P3, STM32C011F6P6, STM32C011F6U3, STM32C011F6U6TR, STM32C011J4M3, STM32C011J4M6, STM32C011J6M3, STM32C011J6M6, STM32C0316-DK, STM32C031C4T3, STM32C031C4T6, STM32C031C4U3, STM32C031C4U6, STM32C031C6T3, STM32C031C6T6, STM32C031C6U3, STM32C031C6U6, STM32C031F4P3, STM32C031F4P6, STM32C031F6P3, STM32C031F6P6, STM32C031G4U3, STM32C031G4U6, STM32C031G6U3, STM32C031G6U6, STM32C031K4T3, STM32C031K4T6, STM32C031K4U3, STM32C031K4U6, STM32C031K6T3, STM32C031K6T6, STM32C031K6U3, STM32C031K6U6, STM32G071K8TXN, STM32G071K8UXN, STM32G081GBU6N, STM32G081KBT6N, STM32G081KBUXN, STM32G0B1CCT6N, STM32G0B1KCT6, STM32G0B1NEY6TR, STM32G0B1RCT6N, STM32G0C1CCT6, STM32G0C1CCT6N, STM32G0C1CCU6N, STM32G0C1CET6N, STM32G0C1CEU6N, STM32G0C1KCT6, STM32G0C1NEY6TR, STM32G0C1RCI6N, STM32G0C1RCT6N, STM32G0C1REI6N, STM32G0C1RET6N, STM32G0C1VCI6, STM32G0C1VEI6, STM32G471CCT6, STM32G471CCU6, STM32G471CET3, STM32G471CET6, STM32G471CEU3, STM32G471CEU6, STM32G471MCT6, STM32G471MET3, STM32G471MET6, STM32G471MEY6TR, STM32G471QCT6, STM32G471QET3, STM32G471RCT6, STM32G471RET3, STM32G471RET6, STM32G471VCH6, STM32G471VCI6, STM32G471VCT6, STM32G471VEH3, STM32G471VEH6, STM32G471VEI3, STM32G471VEI6, STM32G471VET3, STM32G471VET6, STM32G474CCT6, STM32H503CBT6, STM32H503CBU6, STM32H503EBY6TR, STM32H503KBU6, STM32H503RBT6, STM32H562AGI6, STM32H562AII6, STM32H562IGK6, STM32H562IGT6, STM32H562IIK6, STM32H562IIT6, STM32H562RGT6, STM32H562RGV6, STM32H562RIT6, STM32H562RIV6, STM32H562VGT6, STM32H562VIT6, STM32H562ZGT6, STM32H562ZIT6, STM32H563AGI6, STM32H563AII3Q, STM32H563AII6, STM32H563IGK6, STM32H563IGT6, STM32H563IIK3Q, STM32H563IIK6, STM32H563IIT3Q, STM32H563IIT6, STM32H563MIY3QTR, STM32H563RGT6, STM32H563RGV6, STM32H563RIT6, STM32H563RIV6, STM32H563VGT6, STM32H563VIT3Q, STM32H563VIT6, STM32H563ZGT6, STM32H563ZIT3Q, STM32H563ZIT6, STM32H573AII3Q, STM32H573AII6, STM32H573I-DK, STM32H573IIK3Q, STM32H573IIK6, STM32H573IIT3Q, STM32H573IIT6, STM32H573MIY3QTR, STM32H573RIT6, STM32H573RIV6, STM32H573VIT3Q, STM32H573VIT6, STM32H573ZIT3Q, STM32H573ZIT6, STM32L4R5QGI6STR, STM32MP131AAE3, STM32MP131AAF3, STM32MP131AAG3, STM32MP131CAE3, STM32MP131CAF3, STM32MP131CAG3, STM32MP131DAE7, STM32MP131DAF7, STM32MP131DAG7, STM32MP131FAE7, STM32MP131FAF7, STM32MP131FAG7, STM32MP133AAE3, STM32MP133AAF3, STM32MP133AAG3, STM32MP133CAE3, STM32MP133CAF3, STM32MP133CAG3, STM32MP133DAE7, STM32MP133DAF7, STM32MP133DAG7, STM32MP133FAE7, STM32MP133FAF7, STM32MP133FAG7, STM32MP135AAE3, STM32MP135AAF3, STM32MP135AAG3, STM32MP135CAE3, STM32MP135CAF3, STM32MP135CAG3, STM32MP135DAE7, STM32MP135DAF7, STM32MP135DAG7, STM32MP135F-DK, STM32MP135FAE7, STM32MP135FAF7, STM32MP135FAF7T, STM32MP135FAF7U, STM32MP135FAG7, STM32U535CBT6, STM32U535CBT6Q, STM32U535CBU6, STM32U535CBU6Q, STM32U535CCT6, STM32U535CCT6Q, STM32U535CCU6, STM32U535CCU6Q, STM32U535CET6, STM32U535CET6Q, STM32U535CEU6, STM32U535CEU6Q, STM32U535JEY6QTR, STM32U535NCY6QTR, STM32U535NEY6QTR, STM32U535RBI6, STM32U535RBI6Q, STM32U535RBT6, STM32U535RBT6Q, STM32U535RCI6, STM32U535RCI6Q, STM32U535RCT6, STM32U535RCT6Q, STM32U535REI6, STM32U535REI6Q, STM32U535RET6, STM32U535RET6Q, STM32U535VCI6, STM32U535VCI6Q, STM32U535VCT6, STM32U535VCT6Q, STM32U535VEI6, STM32U535VEI6Q, STM32U535VET6, STM32U535VET6Q, STM32U545CET6, STM32U545CET6Q, STM32U545CEU6, STM32U545CEU6Q, STM32U545JEY6QTR, STM32U545NEY6QTR, STM32U545REI6, STM32U545REI6Q, STM32U545RET6, STM32U545RET6Q, STM32U545VEI6, STM32U545VEI6Q, STM32U545VET6, STM32U545VET6Q, STM32U595AIH6, STM32U595AIH6Q, STM32U595AJH6, STM32U595AJH6Q, STM32U595QII6, STM32U595QII6Q, STM32U595QJI6, STM32U595QJI6Q, STM32U595RIT6, STM32U595RIT6Q, STM32U595RJT6, STM32U595RJT6Q, STM32U595VIT6, STM32U595VIT6Q, STM32U595VJT6, STM32U595VJT6Q, STM32U595ZIT6, STM32U595ZIT6Q, STM32U595ZIY6QTR, STM32U595ZJT6, STM32U595ZJT6Q, STM32U595ZJY6QTR, STM32U599BJY6QTR, STM32U599NIH6Q, STM32U599NJH6Q, STM32U599VIT6Q, STM32U599VJT6, STM32U599VJT6Q, STM32U599ZIT6Q, STM32U599ZIY6QTR, STM32U599ZJT6Q, STM32U599ZJY6QTR, STM32U5A5AJH6, STM32U5A5AJH6Q, STM32U5A5QJI6, STM32U5A5QJI6Q, STM32U5A5RJT6, STM32U5A5RJT6Q, STM32U5A5VJT6, STM32U5A5VJT6Q, STM32U5A5ZJT6, STM32U5A5ZJT6Q, STM32U5A5ZJY6QTR, STM32U5A9BJY6QTR, STM32U5A9J-DK, STM32U5A9NJH6Q, STM32U5A9VJT6Q, STM32U5A9ZJT6Q, STM32U5A9ZJY6QTR, STM32WB1MMCH6, STM32WBA52CEU6, STM32WBA52CEU6T, STM32WBA52CGU6, STM32WBA52CGU6T, STM32WL5MOCH6, STM32WL5MOCH6TR]
2023-08-04 15:47:31,734 [INFO] DbMcus:216 - Found 3825 MCUs, 3825 are supported
2023-08-04 15:47:31,750 [INFO] ApiDb:423 - Load user favorites file C:\Users\KDS-LTP-0415/.stm32cubeide/favorites.mcus.txt: 0 item(s)
2023-08-04 15:47:31,750 [INFO] ApiDb:427 - User favorites MCUs=[]
2023-08-04 15:47:31,750 [INFO] DbMcus:222 - Set 0 / 0 favorites MCUs
2023-08-04 15:47:32,079 [WARN] ThirdParty:833 - waiting for thirdparty lock release [change project]
2023-08-04 15:47:32,079 [INFO] ThirdParty:835 - entering critical section [change project]
2023-08-04 15:47:32,079 [INFO] ThirdParty:1030 - CMSIS Pack Vendor :STMicroelectronics X-CUBE-GNSS1 6.0.0
2023-08-04 15:47:32,079 [INFO] ThirdParty:1030 - CMSIS Pack Vendor :STMicroelectronics USB_HOST 2.0.0
2023-08-04 15:47:32,079 [INFO] ThirdParty:1030 - CMSIS Pack Vendor :STMicroelectronics X-CUBE-AZRTOS-F4 1.1.0
2023-08-04 15:47:32,079 [INFO] ThirdParty:1030 - CMSIS Pack Vendor :STMicroelectronics LIBJPEG 8.0.0
2023-08-04 15:47:32,079 [INFO] ThirdParty:1030 - CMSIS Pack Vendor :wolfSSL I-CUBE-wolfSSL 5.6.3
2023-08-04 15:47:32,079 [INFO] ThirdParty:1030 - CMSIS Pack Vendor :STMicroelectronics X-CUBE-SMBUS 2.1.0
2023-08-04 15:47:32,079 [INFO] ThirdParty:1030 - CMSIS Pack Vendor :wolfSSL I-CUBE-wolfSSL 5.6.0
2023-08-04 15:47:32,079 [INFO] ThirdParty:1030 - CMSIS Pack Vendor :STMicroelectronics X-CUBE-BLEMGR 1.2.0
2023-08-04 15:47:32,079 [INFO] ThirdParty:1030 - CMSIS Pack Vendor :STMicroelectronics X-CUBE-AZRTOS-F7 1.1.0
2023-08-04 15:47:32,094 [INFO] ThirdParty:1030 - CMSIS Pack Vendor :STMicroelectronics USB_DEVICE 2.0.0
2023-08-04 15:47:32,094 [INFO] ThirdParty:1030 - CMSIS Pack Vendor :STMicroelectronics X-CUBE-MEMS1 9.6.0
2023-08-04 15:47:32,094 [INFO] ThirdParty:1030 - CMSIS Pack Vendor :STMicroelectronics FP-SNS-MOTENV1 4.3.0
2023-08-04 15:47:32,094 [INFO] ThirdParty:1030 - CMSIS Pack Vendor :STMicroelectronics FP-SNS-MOTENV1 4.3.2
2023-08-04 15:47:32,094 [INFO] ThirdParty:1030 - CMSIS Pack Vendor :STMicroelectronics FP-SNS-FLIGHT1 5.0.0
2023-08-04 15:47:32,094 [INFO] ThirdParty:1030 - CMSIS Pack Vendor :STMicroelectronics FP-SNS-MOTENV1 4.3.1
2023-08-04 15:47:32,094 [INFO] ThirdParty:1030 - CMSIS Pack Vendor :STMicroelectronics FP-SNS-FLIGHT1 5.0.1
2023-08-04 15:47:32,094 [INFO] ThirdParty:1030 - CMSIS Pack Vendor :STMicroelectronics X-CUBE-BLE1 6.2.3
2023-08-04 15:47:32,094 [INFO] ThirdParty:1030 - CMSIS Pack Vendor :STMicroelectronics X-CUBE-BLE1 6.2.4
2023-08-04 15:47:32,094 [INFO] ThirdParty:1030 - CMSIS Pack Vendor :STMicroelectronics FreeRTOS 0.0.1
2023-08-04 15:47:32,094 [INFO] ThirdParty:1030 - CMSIS Pack Vendor :emotas I-CUBE-CANOPEN 1.1.3
2023-08-04 15:47:32,094 [INFO] ThirdParty:1030 - CMSIS Pack Vendor :STMicroelectronics X-CUBE-BLEMGR 2.0.0
2023-08-04 15:47:32,095 [INFO] ThirdParty:1030 - CMSIS Pack Vendor :STMicroelectronics FP-SNS-FLIGHT1 5.0.2
2023-08-04 15:47:32,095 [INFO] ThirdParty:1030 - CMSIS Pack Vendor :STMicroelectronics X-CUBE-NFC4 2.0.5
2023-08-04 15:47:32,095 [INFO] ThirdParty:1030 - CMSIS Pack Vendor :STMicroelectronics X-CUBE-NFC4 2.0.4
2023-08-04 15:47:32,095 [INFO] ThirdParty:1030 - CMSIS Pack Vendor :STMicroelectronics X-CUBE-AZRTOS-H7 3.1.0
2023-08-04 15:47:32,095 [INFO] ThirdParty:1030 - CMSIS Pack Vendor :STMicroelectronics PDM2PCM 3.3.0
2023-08-04 15:47:32,095 [INFO] ThirdParty:1030 - CMSIS Pack Vendor :STMicroelectronics X-CUBE-TOF1 3.1.0
2023-08-04 15:47:32,095 [INFO] ThirdParty:1030 - CMSIS Pack Vendor :STMicroelectronics X-CUBE-DISPLAY 3.0.0
2023-08-04 15:47:32,095 [INFO] ThirdParty:1030 - CMSIS Pack Vendor :STMicroelectronics HAL Drivers 0.0.0
2023-08-04 15:47:32,095 [INFO] ThirdParty:1030 - CMSIS Pack Vendor :emotas I-CUBE-CANOPEN 1.3.0
2023-08-04 15:47:32,095 [INFO] ThirdParty:1030 - CMSIS Pack Vendor :STMicroelectronics X-CUBE-TOUCHGFX 4.22.0
2023-08-04 15:47:32,095 [INFO] ThirdParty:1030 - CMSIS Pack Vendor :STMicroelectronics X-CUBE-NFC7 1.0.1
2023-08-04 15:47:32,095 [INFO] ThirdParty:1030 - CMSIS Pack Vendor :STMicroelectronics MBEDTLS 2.14.1
2023-08-04 15:47:32,095 [INFO] ThirdParty:1030 - CMSIS Pack Vendor :STMicroelectronics X-CUBE-NFC7 1.0.0
2023-08-04 15:47:32,095 [INFO] ThirdParty:1030 - CMSIS Pack Vendor :STMicroelectronics X-CUBE-MEMS1 9.3.0
2023-08-04 15:47:32,095 [INFO] ThirdParty:1030 - CMSIS Pack Vendor :STMicroelectronics X-CUBE-EEPRMA1 4.1.0
2023-08-04 15:47:32,095 [INFO] ThirdParty:1030 - CMSIS Pack Vendor :STMicroelectronics X-CUBE-AI 7.2.0
2023-08-04 15:47:32,095 [INFO] ThirdParty:1030 - CMSIS Pack Vendor :STMicroelectronics X-CUBE-AZRTOS-WL 2.0.0
2023-08-04 15:47:32,095 [INFO] ThirdParty:1030 - CMSIS Pack Vendor :STMicroelectronics USB_DEVICE 1.0.0
2023-08-04 15:47:32,095 [INFO] ThirdParty:1030 - CMSIS Pack Vendor :STMicroelectronics X-CUBE-AZRTOS-L4 2.0.0
2023-08-04 15:47:32,095 [INFO] ThirdParty:1030 - CMSIS Pack Vendor :STMicroelectronics ThreadX 0.0.2
2023-08-04 15:47:32,095 [INFO] ThirdParty:1030 - CMSIS Pack Vendor :WES I-CUBE-Cesium 1.3.0
2023-08-04 15:47:32,095 [INFO] ThirdParty:1030 - CMSIS Pack Vendor :STMicroelectronics lwIP 2.1.2
2023-08-04 15:47:32,095 [INFO] ThirdParty:1030 - CMSIS Pack Vendor :STMicroelectronics X-CUBE-SFXS2LP1 4.0.0
2023-08-04 15:47:32,095 [INFO] ThirdParty:1030 - CMSIS Pack Vendor :STMicroelectronics X-CUBE-BLE2 3.3.0
2023-08-04 15:47:32,095 [INFO] ThirdParty:1030 - CMSIS Pack Vendor :STMicroelectronics X-CUBE-DISPLAY 2.2.0
2023-08-04 15:47:32,095 [INFO] ThirdParty:1030 - CMSIS Pack Vendor :STMicroelectronics X-CUBE-TOF1 3.2.0
2023-08-04 15:47:32,095 [INFO] ThirdParty:1030 - CMSIS Pack Vendor :STMicroelectronics PDM2PCM 3.2.0
2023-08-04 15:47:32,095 [INFO] ThirdParty:1030 - CMSIS Pack Vendor :STMicroelectronics X-CUBE-AZRTOS-H7 3.0.0
2023-08-04 15:47:32,095 [INFO] ThirdParty:1030 - CMSIS Pack Vendor :STMicroelectronics X-CUBE-ISPU 1.0.0
2023-08-04 15:47:32,095 [INFO] ThirdParty:1030 - CMSIS Pack Vendor :STMicroelectronics X-CUBE-ISPU 1.1.0
2023-08-04 15:47:32,095 [INFO] ThirdParty:1030 - CMSIS Pack Vendor :RoweBots I-CUBE-UNISONRTOS 5.5.0-4
2023-08-04 15:47:32,095 [INFO] ThirdParty:1030 - CMSIS Pack Vendor :STMicroelectronics X-CUBE-AZRTOS-H7 2.1.0
2023-08-04 15:47:32,095 [INFO] ThirdParty:1030 - CMSIS Pack Vendor :wolfSSL I-CUBE-wolfSSL 5.4.0
2023-08-04 15:47:32,095 [INFO] ThirdParty:1030 - CMSIS Pack Vendor :STMicroelectronics USB_DEVICE 3.0.0
2023-08-04 15:47:32,095 [INFO] ThirdParty:1030 - CMSIS Pack Vendor :STMicroelectronics X-CUBE-AI 8.0.0
2023-08-04 15:47:32,095 [INFO] ThirdParty:1030 - CMSIS Pack Vendor :STMicroelectronics X-CUBE-FREERTOS 1.0.0
2023-08-04 15:47:32,095 [INFO] ThirdParty:1030 - CMSIS Pack Vendor :STMicroelectronics X-CUBE-FREERTOS 1.0.1
2023-08-04 15:47:32,095 [INFO] ThirdParty:1030 - CMSIS Pack Vendor :STMicroelectronics X-CUBE-TOUCHGFX 4.21.1
2023-08-04 15:47:32,095 [INFO] ThirdParty:1030 - CMSIS Pack Vendor :STMicroelectronics X-CUBE-TOUCHGFX 4.21.3
2023-08-04 15:47:32,095 [INFO] ThirdParty:1030 - CMSIS Pack Vendor :STMicroelectronics X-CUBE-BLEMGR 1.0.0
2023-08-04 15:47:32,095 [INFO] ThirdParty:1030 - CMSIS Pack Vendor :STMicroelectronics X-CUBE-TOUCHGFX 4.21.4
2023-08-04 15:47:32,095 [INFO] ThirdParty:1030 - CMSIS Pack Vendor :STMicroelectronics X-CUBE-MEMS1 9.4.0
2023-08-04 15:47:32,095 [INFO] ThirdParty:1030 - CMSIS Pack Vendor :STMicroelectronics X-CUBE-AI 7.3.0
2023-08-04 15:47:32,095 [INFO] ThirdParty:1030 - CMSIS Pack Vendor :EdgeImpulse osugiw-project-1 1.0.1
2023-08-04 15:47:32,095 [INFO] ThirdParty:1030 - CMSIS Pack Vendor :STMicroelectronics X-CUBE-ALGOBUILD 1.3.0
2023-08-04 15:47:32,095 [INFO] ThirdParty:1030 - CMSIS Pack Vendor :STMicroelectronics X-CUBE-AZRTOS-L5 1.1.0
2023-08-04 15:47:32,095 [INFO] ThirdParty:1030 - CMSIS Pack Vendor :STMicroelectronics X-CUBE-AZRTOS-G0 1.1.0
2023-08-04 15:47:32,095 [INFO] ThirdParty:1030 - CMSIS Pack Vendor :STMicroelectronics X-CUBE-AI 8.0.1
2023-08-04 15:47:32,095 [INFO] ThirdParty:1030 - CMSIS Pack Vendor :STMicroelectronics X-CUBE-NFC4 3.0.0
2023-08-04 15:47:32,095 [INFO] ThirdParty:1030 - CMSIS Pack Vendor :SEGGER I-CUBE-embOS 1.2.0
2023-08-04 15:47:32,095 [INFO] ThirdParty:1030 - CMSIS Pack Vendor :STMicroelectronics X-CUBE-SUBG2 5.0.0
2023-08-04 15:47:32,095 [INFO] ThirdParty:1030 - CMSIS Pack Vendor :STMicroelectronics STM32_WPAN 1.0.0
2023-08-04 15:47:32,095 [INFO] ThirdParty:1030 - CMSIS Pack Vendor :STMicroelectronics lwIP 2.0.3
2023-08-04 15:47:32,095 [INFO] ThirdParty:1030 - CMSIS Pack Vendor :STMicroelectronics USB_HOST 1.0.0
2023-08-04 15:47:32,095 [INFO] ThirdParty:1030 - CMSIS Pack Vendor :STMicroelectronics X-CUBE-TOF1 3.3.1
2023-08-04 15:47:32,095 [INFO] ThirdParty:1030 - CMSIS Pack Vendor :STMicroelectronics X-CUBE-AZRTOS-G4 2.0.0
2023-08-04 15:47:32,095 [INFO] ThirdParty:1030 - CMSIS Pack Vendor :STMicroelectronics PDM2PCM 3.1.0
2023-08-04 15:47:32,095 [INFO] ThirdParty:1030 - CMSIS Pack Vendor :STMicroelectronics X-CUBE-TOF1 3.3.0
2023-08-04 15:47:32,095 [INFO] ThirdParty:1030 - CMSIS Pack Vendor :STMicroelectronics FP-ATR-ASTRA1 1.1.1
2023-08-04 15:47:32,095 [INFO] ThirdParty:1030 - CMSIS Pack Vendor :STMicroelectronics FP-ATR-ASTRA1 1.1.0
2023-08-04 15:47:32,095 [INFO] ThirdParty:1030 - CMSIS Pack Vendor :STMicroelectronics X-CUBE-BLEMGR 1.3.0
2023-08-04 15:47:32,095 [INFO] ThirdParty:1030 - CMSIS Pack Vendor :STMicroelectronics FP-ATR-SIGFOX1 3.2.0
2023-08-04 15:47:32,095 [INFO] ThirdParty:1030 - CMSIS Pack Vendor :STMicroelectronics X-CUBE-AZRTOS-G4 1.0.0
2023-08-04 15:47:32,095 [INFO] ThirdParty:1030 - CMSIS Pack Vendor :STMicroelectronics X-CUBE-AZRTOS-L4 1.0.0
2023-08-04 15:47:32,095 [INFO] ThirdParty:1030 - CMSIS Pack Vendor :STMicroelectronics MBEDTLS 2.16.2
2023-08-04 15:47:32,095 [INFO] ThirdParty:1030 - CMSIS Pack Vendor :emotas I-CUBE-CANOPEN 1.1.2
2023-08-04 15:47:32,095 [INFO] ThirdParty:1030 - CMSIS Pack Vendor :STMicroelectronics X-CUBE-TOUCHGFX 4.20.0
2023-08-04 15:47:32,095 [INFO] ThirdParty:1030 - CMSIS Pack Vendor :STMicroelectronics X-CUBE-AZRTOS-WL 1.0.0
2023-08-04 15:47:32,095 [INFO] ThirdParty:1030 - CMSIS Pack Vendor :portGmbH I-Cube-SoM-uGOAL 1.1.0
2023-08-04 15:47:32,095 [INFO] ThirdParty:1030 - CMSIS Pack Vendor :STMicroelectronics X-CUBE-ALS 1.0.1
2023-08-04 15:47:32,095 [INFO] ThirdParty:1030 - CMSIS Pack Vendor :STMicroelectronics X-CUBE-MEMS1 9.5.0
2023-08-04 15:47:32,095 [INFO] ThirdParty:1030 - CMSIS Pack Vendor :STMicroelectronics ThreadX 1.0.0
2023-08-04 15:47:32,095 [INFO] ThirdParty:1030 - CMSIS Pack Vendor :STMicroelectronics X-CUBE-AZRTOS-WB 1.1.0
2023-08-04 15:47:32,095 [INFO] ThirdParty:1030 - CMSIS Pack Vendor :SEGGER I-CUBE-embOS 1.3.1
2023-08-04 15:47:32,095 [INFO] ThirdParty:1030 - CMSIS Pack Vendor :STMicroelectronics X-CUBE-AZRTOS-L5 1.0.0
2023-08-04 15:47:32,095 [INFO] ThirdParty:1030 - CMSIS Pack Vendor :STMicroelectronics X-CUBE-EEPRMA1 3.1.1
2023-08-04 15:47:32,095 [INFO] ThirdParty:1030 - CMSIS Pack Vendor :STMicroelectronics FP-ATR-ASTRA1 2.0.0
2023-08-04 15:47:32,095 [INFO] ThirdParty:841 - exiting critical section [change project]
2023-08-04 15:47:32,539 [INFO] PinOutPanel:1499 - setPackage(No Configuration,No Configuration)
2023-08-04 15:47:32,555 [INFO] PinOutPanel:1499 - setPackage(STM32G030K6Tx,LQFP32)
2023-08-04 15:47:33,202 [INFO] UtilMem:75 - Before build in PCC Used Memory: 274389336 Bytes (546308096)
2023-08-04 15:47:34,316 [INFO] UtilMem:75 - After build in PCC Used Memory: 270814720 Bytes (546308096)
2023-08-04 15:47:34,353 [INFO] IPUIPlugin:80 - create IPUIPlugin
2023-08-04 15:47:34,353 [INFO] IPUIPlugin:80 - create IPUIPlugin
2023-08-04 15:47:34,353 [INFO] IPUIPlugin:80 - create IPUIPlugin
2023-08-04 15:47:34,353 [INFO] IPUIPlugin:80 - create IPUIPlugin
2023-08-04 15:47:34,353 [INFO] IPUIPlugin:80 - create IPUIPlugin
2023-08-04 15:47:34,353 [INFO] IPUIPlugin:80 - create IPUIPlugin
2023-08-04 15:47:34,353 [INFO] IPUIPlugin:80 - create IPUIPlugin
2023-08-04 15:47:34,353 [INFO] IPUIPlugin:80 - create IPUIPlugin
2023-08-04 15:47:34,353 [INFO] IPUIPlugin:80 - create IPUIPlugin
2023-08-04 15:47:34,353 [INFO] IPUIPlugin:80 - create IPUIPlugin
2023-08-04 15:47:34,353 [INFO] IPUIPlugin:80 - create IPUIPlugin
2023-08-04 15:47:34,353 [INFO] IPUIPlugin:80 - create IPUIPlugin
2023-08-04 15:47:34,353 [INFO] IPUIPlugin:80 - create IPUIPlugin
2023-08-04 15:47:34,353 [INFO] IPUIPlugin:80 - create IPUIPlugin
2023-08-04 15:47:34,353 [INFO] IPUIPlugin:80 - create IPUIPlugin
2023-08-04 15:47:34,353 [INFO] IPUIPlugin:80 - create IPUIPlugin
2023-08-04 15:47:34,353 [INFO] IPUIPlugin:80 - create IPUIPlugin
2023-08-04 15:47:34,353 [INFO] IPUIPlugin:80 - create IPUIPlugin
2023-08-04 15:47:34,353 [INFO] IPUIPlugin:80 - create IPUIPlugin
2023-08-04 15:47:34,353 [INFO] IPUIPlugin:80 - create IPUIPlugin
2023-08-04 15:47:34,353 [INFO] IPUIPlugin:80 - create IPUIPlugin
2023-08-04 15:47:34,353 [INFO] IPUIPlugin:80 - create IPUIPlugin
2023-08-04 15:47:34,353 [INFO] IPUIPlugin:80 - create IPUIPlugin
2023-08-04 15:47:34,353 [INFO] IPUIPlugin:80 - create IPUIPlugin
2023-08-04 15:47:34,353 [INFO] IPUIPlugin:80 - create IPUIPlugin
2023-08-04 15:47:34,368 [WARN] IP:2113 - FIFOMode not found: check if there is a RefParameter without a condition.
2023-08-04 15:47:34,368 [WARN] IP:2113 - TXFIFOThreshold not found: check if there is a RefParameter without a condition.
2023-08-04 15:47:34,368 [WARN] IP:2113 - RXFIFOThreshold not found: check if there is a RefParameter without a condition.
2023-08-04 15:47:34,368 [WARN] IP:2113 - AutoBaudRateEnableParam not found: check if there is a RefParameter without a condition.
2023-08-04 15:47:34,636 [INFO] CADModel:165 - CPN selected for project levelSTM32G031K8T6
2023-08-04 15:47:34,636 [INFO] CADModel:114 - Register for checkConnection events
2023-08-04 15:47:34,710 [INFO] OpenFileManager:328 - Restore cursor
2023-08-04 15:47:34,905 [WARN] IP:2113 - FIFOMode not found: check if there is a RefParameter without a condition.
2023-08-04 15:47:34,905 [WARN] IP:2113 - TXFIFOThreshold not found: check if there is a RefParameter without a condition.
2023-08-04 15:47:34,905 [WARN] IP:2113 - RXFIFOThreshold not found: check if there is a RefParameter without a condition.
2023-08-04 15:47:34,905 [WARN] IP:2113 - AutoBaudRateEnableParam not found: check if there is a RefParameter without a condition.
2023-08-04 15:47:34,905 [WARN] IP:2113 - FIFOMode not found: check if there is a RefParameter without a condition.
2023-08-04 15:47:34,905 [WARN] IP:2113 - TXFIFOThreshold not found: check if there is a RefParameter without a condition.
2023-08-04 15:47:34,905 [WARN] IP:2113 - RXFIFOThreshold not found: check if there is a RefParameter without a condition.
2023-08-04 15:47:34,905 [WARN] IP:2113 - AutoBaudRateEnableParam not found: check if there is a RefParameter without a condition.
