08:32:09 **** Build of configuration Debug for project RiceCooker_dbgr ****
make -j8 all 
arm-none-eabi-gcc "C:/Users/KDS-LTP-0415/STM32Cube/Repository/STM32Cube_FW_WB_V1.16.0/Utilities/lpm/tiny_lpm/stm32_lpm.c" -mcpu=cortex-m4 -std=gnu11 -g3 -DDEBUG -DUSE_STM32WBXX_NUCLEO -DUSE_HAL_DRIVER -DSTM32WB15xx -c -I../../Core/Inc -I../../STM32_WPAN/App -I../../../../../../../Drivers/STM32WBxx_HAL_Driver/Inc -I../../../../../../../Drivers/STM32WBxx_HAL_Driver/Inc/Legacy -I../../../../../../../Utilities/lpm/tiny_lpm -I../../../../../../../Middlewares/ST/STM32_WPAN -I../../../../../../../Middlewares/ST/STM32_WPAN/interface/patterns/ble_thread -I../../../../../../../Middlewares/ST/STM32_WPAN/interface/patterns/ble_thread/tl -I../../../../../../../Middlewares/ST/STM32_WPAN/interface/patterns/ble_thread/shci -I../../../../../../../Middlewares/ST/STM32_WPAN/utilities -I../../../../../../../Middlewares/ST/STM32_WPAN/ble/core -I../../../../../../../Middlewares/ST/STM32_WPAN/ble/core/auto -I../../../../../../../Middlewares/ST/STM32_WPAN/ble/core/template -I../../../../../../../Middlewares/ST/STM32_WPAN/ble/svc/Inc -I../../../../../../../Middlewares/ST/STM32_WPAN/ble/svc/Src -I../../../../../../../Drivers/CMSIS/Device/ST/STM32WBxx/Include -I../../../../../../../Utilities/sequencer -I../../../../../../../Middlewares/ST/STM32_WPAN/ble -I../../../../../../../Drivers/CMSIS/Include -I../../../../../../../Drivers/BSP/NUCLEO-WB15CC -O0 -ffunction-sections -fdata-sections -Wall -fstack-usage -fcyclomatic-complexity -MMD -MP -MF"Utilities/stm32_lpm.d" -MT"Utilities/stm32_lpm.o" --specs=nano.specs -mfpu=fpv4-sp-d16 -mfloat-abi=hard -mthumb -o "Utilities/stm32_lpm.o"
arm-none-eabi-gcc "C:/Users/KDS-LTP-0415/STM32Cube/Repository/STM32Cube_FW_WB_V1.16.0/Utilities/sequencer/stm32_seq.c" -mcpu=cortex-m4 -std=gnu11 -g3 -DDEBUG -DUSE_STM32WBXX_NUCLEO -DUSE_HAL_DRIVER -DSTM32WB15xx -c -I../../Core/Inc -I../../STM32_WPAN/App -I../../../../../../../Drivers/STM32WBxx_HAL_Driver/Inc -I../../../../../../../Drivers/STM32WBxx_HAL_Driver/Inc/Legacy -I../../../../../../../Utilities/lpm/tiny_lpm -I../../../../../../../Middlewares/ST/STM32_WPAN -I../../../../../../../Middlewares/ST/STM32_WPAN/interface/patterns/ble_thread -I../../../../../../../Middlewares/ST/STM32_WPAN/interface/patterns/ble_thread/tl -I../../../../../../../Middlewares/ST/STM32_WPAN/interface/patterns/ble_thread/shci -I../../../../../../../Middlewares/ST/STM32_WPAN/utilities -I../../../../../../../Middlewares/ST/STM32_WPAN/ble/core -I../../../../../../../Middlewares/ST/STM32_WPAN/ble/core/auto -I../../../../../../../Middlewares/ST/STM32_WPAN/ble/core/template -I../../../../../../../Middlewares/ST/STM32_WPAN/ble/svc/Inc -I../../../../../../../Middlewares/ST/STM32_WPAN/ble/svc/Src -I../../../../../../../Drivers/CMSIS/Device/ST/STM32WBxx/Include -I../../../../../../../Utilities/sequencer -I../../../../../../../Middlewares/ST/STM32_WPAN/ble -I../../../../../../../Drivers/CMSIS/Include -I../../../../../../../Drivers/BSP/NUCLEO-WB15CC -O0 -ffunction-sections -fdata-sections -Wall -fstack-usage -fcyclomatic-complexity -MMD -MP -MF"Utilities/stm32_seq.d" -MT"Utilities/stm32_seq.o" --specs=nano.specs -mfpu=fpv4-sp-d16 -mfloat-abi=hard -mthumb -o "Utilities/stm32_seq.o"
arm-none-eabi-gcc "C:/Users/KDS-LTP-0415/STM32Cube/Repository/STM32Cube_FW_WB_V1.16.0/Middlewares/ST/STM32_WPAN/ble/core/auto/ble_gap_aci.c" -mcpu=cortex-m4 -std=gnu11 -g3 -DDEBUG -DUSE_STM32WBXX_NUCLEO -DUSE_HAL_DRIVER -DSTM32WB15xx -c -I../../Core/Inc -I../../STM32_WPAN/App -I../../../../../../../Drivers/STM32WBxx_HAL_Driver/Inc -I../../../../../../../Drivers/STM32WBxx_HAL_Driver/Inc/Legacy -I../../../../../../../Utilities/lpm/tiny_lpm -I../../../../../../../Middlewares/ST/STM32_WPAN -I../../../../../../../Middlewares/ST/STM32_WPAN/interface/patterns/ble_thread -I../../../../../../../Middlewares/ST/STM32_WPAN/interface/patterns/ble_thread/tl -I../../../../../../../Middlewares/ST/STM32_WPAN/interface/patterns/ble_thread/shci -I../../../../../../../Middlewares/ST/STM32_WPAN/utilities -I../../../../../../../Middlewares/ST/STM32_WPAN/ble/core -I../../../../../../../Middlewares/ST/STM32_WPAN/ble/core/auto -I../../../../../../../Middlewares/ST/STM32_WPAN/ble/core/template -I../../../../../../../Middlewares/ST/STM32_WPAN/ble/svc/Inc -I../../../../../../../Middlewares/ST/STM32_WPAN/ble/svc/Src -I../../../../../../../Drivers/CMSIS/Device/ST/STM32WBxx/Include -I../../../../../../../Utilities/sequencer -I../../../../../../../Middlewares/ST/STM32_WPAN/ble -I../../../../../../../Drivers/CMSIS/Include -I../../../../../../../Drivers/BSP/NUCLEO-WB15CC -O0 -ffunction-sections -fdata-sections -Wall -fstack-usage -fcyclomatic-complexity -MMD -MP -MF"Middlewares/STM32_WPAN/ble_gap_aci.d" -MT"Middlewares/STM32_WPAN/ble_gap_aci.o" --specs=nano.specs -mfpu=fpv4-sp-d16 -mfloat-abi=hard -mthumb -o "Middlewares/STM32_WPAN/ble_gap_aci.o"
arm-none-eabi-gcc "C:/Users/KDS-LTP-0415/STM32Cube/Repository/STM32Cube_FW_WB_V1.16.0/Middlewares/ST/STM32_WPAN/ble/core/auto/ble_gatt_aci.c" -mcpu=cortex-m4 -std=gnu11 -g3 -DDEBUG -DUSE_STM32WBXX_NUCLEO -DUSE_HAL_DRIVER -DSTM32WB15xx -c -I../../Core/Inc -I../../STM32_WPAN/App -I../../../../../../../Drivers/STM32WBxx_HAL_Driver/Inc -I../../../../../../../Drivers/STM32WBxx_HAL_Driver/Inc/Legacy -I../../../../../../../Utilities/lpm/tiny_lpm -I../../../../../../../Middlewares/ST/STM32_WPAN -I../../../../../../../Middlewares/ST/STM32_WPAN/interface/patterns/ble_thread -I../../../../../../../Middlewares/ST/STM32_WPAN/interface/patterns/ble_thread/tl -I../../../../../../../Middlewares/ST/STM32_WPAN/interface/patterns/ble_thread/shci -I../../../../../../../Middlewares/ST/STM32_WPAN/utilities -I../../../../../../../Middlewares/ST/STM32_WPAN/ble/core -I../../../../../../../Middlewares/ST/STM32_WPAN/ble/core/auto -I../../../../../../../Middlewares/ST/STM32_WPAN/ble/core/template -I../../../../../../../Middlewares/ST/STM32_WPAN/ble/svc/Inc -I../../../../../../../Middlewares/ST/STM32_WPAN/ble/svc/Src -I../../../../../../../Drivers/CMSIS/Device/ST/STM32WBxx/Include -I../../../../../../../Utilities/sequencer -I../../../../../../../Middlewares/ST/STM32_WPAN/ble -I../../../../../../../Drivers/CMSIS/Include -I../../../../../../../Drivers/BSP/NUCLEO-WB15CC -O0 -ffunction-sections -fdata-sections -Wall -fstack-usage -fcyclomatic-complexity -MMD -MP -MF"Middlewares/STM32_WPAN/ble_gatt_aci.d" -MT"Middlewares/STM32_WPAN/ble_gatt_aci.o" --specs=nano.specs -mfpu=fpv4-sp-d16 -mfloat-abi=hard -mthumb -o "Middlewares/STM32_WPAN/ble_gatt_aci.o"
arm-none-eabi-gcc "C:/Users/KDS-LTP-0415/STM32Cube/Repository/STM32Cube_FW_WB_V1.16.0/Middlewares/ST/STM32_WPAN/ble/core/auto/ble_hal_aci.c" -mcpu=cortex-m4 -std=gnu11 -g3 -DDEBUG -DUSE_STM32WBXX_NUCLEO -DUSE_HAL_DRIVER -DSTM32WB15xx -c -I../../Core/Inc -I../../STM32_WPAN/App -I../../../../../../../Drivers/STM32WBxx_HAL_Driver/Inc -I../../../../../../../Drivers/STM32WBxx_HAL_Driver/Inc/Legacy -I../../../../../../../Utilities/lpm/tiny_lpm -I../../../../../../../Middlewares/ST/STM32_WPAN -I../../../../../../../Middlewares/ST/STM32_WPAN/interface/patterns/ble_thread -I../../../../../../../Middlewares/ST/STM32_WPAN/interface/patterns/ble_thread/tl -I../../../../../../../Middlewares/ST/STM32_WPAN/interface/patterns/ble_thread/shci -I../../../../../../../Middlewares/ST/STM32_WPAN/utilities -I../../../../../../../Middlewares/ST/STM32_WPAN/ble/core -I../../../../../../../Middlewares/ST/STM32_WPAN/ble/core/auto -I../../../../../../../Middlewares/ST/STM32_WPAN/ble/core/template -I../../../../../../../Middlewares/ST/STM32_WPAN/ble/svc/Inc -I../../../../../../../Middlewares/ST/STM32_WPAN/ble/svc/Src -I../../../../../../../Drivers/CMSIS/Device/ST/STM32WBxx/Include -I../../../../../../../Utilities/sequencer -I../../../../../../../Middlewares/ST/STM32_WPAN/ble -I../../../../../../../Drivers/CMSIS/Include -I../../../../../../../Drivers/BSP/NUCLEO-WB15CC -O0 -ffunction-sections -fdata-sections -Wall -fstack-usage -fcyclomatic-complexity -MMD -MP -MF"Middlewares/STM32_WPAN/ble_hal_aci.d" -MT"Middlewares/STM32_WPAN/ble_hal_aci.o" --specs=nano.specs -mfpu=fpv4-sp-d16 -mfloat-abi=hard -mthumb -o "Middlewares/STM32_WPAN/ble_hal_aci.o"
arm-none-eabi-gcc "C:/Users/KDS-LTP-0415/STM32Cube/Repository/STM32Cube_FW_WB_V1.16.0/Middlewares/ST/STM32_WPAN/ble/core/auto/ble_hci_le.c" -mcpu=cortex-m4 -std=gnu11 -g3 -DDEBUG -DUSE_STM32WBXX_NUCLEO -DUSE_HAL_DRIVER -DSTM32WB15xx -c -I../../Core/Inc -I../../STM32_WPAN/App -I../../../../../../../Drivers/STM32WBxx_HAL_Driver/Inc -I../../../../../../../Drivers/STM32WBxx_HAL_Driver/Inc/Legacy -I../../../../../../../Utilities/lpm/tiny_lpm -I../../../../../../../Middlewares/ST/STM32_WPAN -I../../../../../../../Middlewares/ST/STM32_WPAN/interface/patterns/ble_thread -I../../../../../../../Middlewares/ST/STM32_WPAN/interface/patterns/ble_thread/tl -I../../../../../../../Middlewares/ST/STM32_WPAN/interface/patterns/ble_thread/shci -I../../../../../../../Middlewares/ST/STM32_WPAN/utilities -I../../../../../../../Middlewares/ST/STM32_WPAN/ble/core -I../../../../../../../Middlewares/ST/STM32_WPAN/ble/core/auto -I../../../../../../../Middlewares/ST/STM32_WPAN/ble/core/template -I../../../../../../../Middlewares/ST/STM32_WPAN/ble/svc/Inc -I../../../../../../../Middlewares/ST/STM32_WPAN/ble/svc/Src -I../../../../../../../Drivers/CMSIS/Device/ST/STM32WBxx/Include -I../../../../../../../Utilities/sequencer -I../../../../../../../Middlewares/ST/STM32_WPAN/ble -I../../../../../../../Drivers/CMSIS/Include -I../../../../../../../Drivers/BSP/NUCLEO-WB15CC -O0 -ffunction-sections -fdata-sections -Wall -fstack-usage -fcyclomatic-complexity -MMD -MP -MF"Middlewares/STM32_WPAN/ble_hci_le.d" -MT"Middlewares/STM32_WPAN/ble_hci_le.o" --specs=nano.specs -mfpu=fpv4-sp-d16 -mfloat-abi=hard -mthumb -o "Middlewares/STM32_WPAN/ble_hci_le.o"
arm-none-eabi-gcc "C:/Users/KDS-LTP-0415/STM32Cube/Repository/STM32Cube_FW_WB_V1.16.0/Middlewares/ST/STM32_WPAN/ble/core/auto/ble_l2cap_aci.c" -mcpu=cortex-m4 -std=gnu11 -g3 -DDEBUG -DUSE_STM32WBXX_NUCLEO -DUSE_HAL_DRIVER -DSTM32WB15xx -c -I../../Core/Inc -I../../STM32_WPAN/App -I../../../../../../../Drivers/STM32WBxx_HAL_Driver/Inc -I../../../../../../../Drivers/STM32WBxx_HAL_Driver/Inc/Legacy -I../../../../../../../Utilities/lpm/tiny_lpm -I../../../../../../../Middlewares/ST/STM32_WPAN -I../../../../../../../Middlewares/ST/STM32_WPAN/interface/patterns/ble_thread -I../../../../../../../Middlewares/ST/STM32_WPAN/interface/patterns/ble_thread/tl -I../../../../../../../Middlewares/ST/STM32_WPAN/interface/patterns/ble_thread/shci -I../../../../../../../Middlewares/ST/STM32_WPAN/utilities -I../../../../../../../Middlewares/ST/STM32_WPAN/ble/core -I../../../../../../../Middlewares/ST/STM32_WPAN/ble/core/auto -I../../../../../../../Middlewares/ST/STM32_WPAN/ble/core/template -I../../../../../../../Middlewares/ST/STM32_WPAN/ble/svc/Inc -I../../../../../../../Middlewares/ST/STM32_WPAN/ble/svc/Src -I../../../../../../../Drivers/CMSIS/Device/ST/STM32WBxx/Include -I../../../../../../../Utilities/sequencer -I../../../../../../../Middlewares/ST/STM32_WPAN/ble -I../../../../../../../Drivers/CMSIS/Include -I../../../../../../../Drivers/BSP/NUCLEO-WB15CC -O0 -ffunction-sections -fdata-sections -Wall -fstack-usage -fcyclomatic-complexity -MMD -MP -MF"Middlewares/STM32_WPAN/ble_l2cap_aci.d" -MT"Middlewares/STM32_WPAN/ble_l2cap_aci.o" --specs=nano.specs -mfpu=fpv4-sp-d16 -mfloat-abi=hard -mthumb -o "Middlewares/STM32_WPAN/ble_l2cap_aci.o"
arm-none-eabi-gcc "C:/Users/KDS-LTP-0415/STM32Cube/Repository/STM32Cube_FW_WB_V1.16.0/Middlewares/ST/STM32_WPAN/utilities/dbg_trace.c" -mcpu=cortex-m4 -std=gnu11 -g3 -DDEBUG -DUSE_STM32WBXX_NUCLEO -DUSE_HAL_DRIVER -DSTM32WB15xx -c -I../../Core/Inc -I../../STM32_WPAN/App -I../../../../../../../Drivers/STM32WBxx_HAL_Driver/Inc -I../../../../../../../Drivers/STM32WBxx_HAL_Driver/Inc/Legacy -I../../../../../../../Utilities/lpm/tiny_lpm -I../../../../../../../Middlewares/ST/STM32_WPAN -I../../../../../../../Middlewares/ST/STM32_WPAN/interface/patterns/ble_thread -I../../../../../../../Middlewares/ST/STM32_WPAN/interface/patterns/ble_thread/tl -I../../../../../../../Middlewares/ST/STM32_WPAN/interface/patterns/ble_thread/shci -I../../../../../../../Middlewares/ST/STM32_WPAN/utilities -I../../../../../../../Middlewares/ST/STM32_WPAN/ble/core -I../../../../../../../Middlewares/ST/STM32_WPAN/ble/core/auto -I../../../../../../../Middlewares/ST/STM32_WPAN/ble/core/template -I../../../../../../../Middlewares/ST/STM32_WPAN/ble/svc/Inc -I../../../../../../../Middlewares/ST/STM32_WPAN/ble/svc/Src -I../../../../../../../Drivers/CMSIS/Device/ST/STM32WBxx/Include -I../../../../../../../Utilities/sequencer -I../../../../../../../Middlewares/ST/STM32_WPAN/ble -I../../../../../../../Drivers/CMSIS/Include -I../../../../../../../Drivers/BSP/NUCLEO-WB15CC -O0 -ffunction-sections -fdata-sections -Wall -fstack-usage -fcyclomatic-complexity -MMD -MP -MF"Middlewares/STM32_WPAN/dbg_trace.d" -MT"Middlewares/STM32_WPAN/dbg_trace.o" --specs=nano.specs -mfpu=fpv4-sp-d16 -mfloat-abi=hard -mthumb -o "Middlewares/STM32_WPAN/dbg_trace.o"
C:/Users/KDS-LTP-0415/STM32Cube/Repository/STM32Cube_FW_WB_V1.16.0/Utilities/sequencer/stm32_seq.c:21:10: fatal error: utilities_conf.h: No such file or directory
   21 | #include "utilities_conf.h"
      |          ^~~~~~~~~~~~~~~~~~
In file included from C:/Users/KDS-LTP-0415/STM32Cube/Repository/STM32Cube_FW_WB_V1.16.0/Middlewares/ST/STM32_WPAN/ble/core/auto/ble_gap_aci.h:23,
                 from C:/Users/KDS-LTP-0415/STM32Cube/Repository/STM32Cube_FW_WB_V1.16.0/Middlewares/ST/STM32_WPAN/ble/core/auto/ble_gap_aci.c:19:
C:/Users/KDS-LTP-0415/STM32Cube/Repository/STM32Cube_FW_WB_V1.16.0/Middlewares/ST/STM32_WPAN/ble/core/auto/ble_types.h:24:10: fatal error: ble_const.h: No such file or directory
   24 | #include "ble_const.h"
      |          ^~~~~~~~~~~~~
compilation terminated.
C:/Users/KDS-LTP-0415/STM32Cube/Repository/STM32Cube_FW_WB_V1.16.0/Utilities/lpm/tiny_lpm/stm32_lpm.c:21:10: fatal error: utilities_conf.h: No such file or directory
   21 | #include "utilities_conf.h"
      |          ^~~~~~~~~~~~~~~~~~
compilation terminated.
compilation terminated.
make: *** [Utilities/subdir.mk:22: Utilities/stm32_lpm.o] Error 1
make: *** Waiting for unfinished jobs....
make: *** [Utilities/subdir.mk:24: Utilities/stm32_seq.o] Error 1
make: *** [Middlewares/STM32_WPAN/subdir.mk:70: Middlewares/STM32_WPAN/ble_gap_aci.o] Error 1
In file included from C:/Users/KDS-LTP-0415/STM32Cube/Repository/STM32Cube_FW_WB_V1.16.0/Middlewares/ST/STM32_WPAN/ble/core/auto/ble_gatt_aci.h:23,
                 from C:/Users/KDS-LTP-0415/STM32Cube/Repository/STM32Cube_FW_WB_V1.16.0/Middlewares/ST/STM32_WPAN/ble/core/auto/ble_gatt_aci.c:19:
C:/Users/KDS-LTP-0415/STM32Cube/Repository/STM32Cube_FW_WB_V1.16.0/Middlewares/ST/STM32_WPAN/ble/core/auto/ble_types.h:24:10: fatal error: ble_const.h: No such file or directory
   24 | #include "ble_const.h"
      |          ^~~~~~~~~~~~~
compilation terminated.
make: *** [Middlewares/STM32_WPAN/subdir.mk:72: Middlewares/STM32_WPAN/ble_gatt_aci.o] Error 1
In file included from C:/Users/KDS-LTP-0415/STM32Cube/Repository/STM32Cube_FW_WB_V1.16.0/Middlewares/ST/STM32_WPAN/ble/core/auto/ble_hal_aci.h:23,
                 from C:/Users/KDS-LTP-0415/STM32Cube/Repository/STM32Cube_FW_WB_V1.16.0/Middlewares/ST/STM32_WPAN/ble/core/auto/ble_hal_aci.c:19:
C:/Users/KDS-LTP-0415/STM32Cube/Repository/STM32Cube_FW_WB_V1.16.0/Middlewares/ST/STM32_WPAN/ble/core/auto/ble_types.h:24:10: fatal error: ble_const.h: No such file or directory
   24 | #include "ble_const.h"
      |          ^~~~~~~~~~~~~
compilation terminated.
make: *** [Middlewares/STM32_WPAN/subdir.mk:74: Middlewares/STM32_WPAN/ble_hal_aci.o] Error 1
In file included from C:/Users/KDS-LTP-0415/STM32Cube/Repository/STM32Cube_FW_WB_V1.16.0/Middlewares/ST/STM32_WPAN/ble/core/auto/ble_hci_le.h:23,
                 from C:/Users/KDS-LTP-0415/STM32Cube/Repository/STM32Cube_FW_WB_V1.16.0/Middlewares/ST/STM32_WPAN/ble/core/auto/ble_hci_le.c:19:
C:/Users/KDS-LTP-0415/STM32Cube/Repository/STM32Cube_FW_WB_V1.16.0/Middlewares/ST/STM32_WPAN/ble/core/auto/ble_types.h:24:10: fatal error: ble_const.h: No such file or directory
   24 | #include "ble_const.h"
      |          ^~~~~~~~~~~~~
compilation terminated.
In file included from C:/Users/KDS-LTP-0415/STM32Cube/Repository/STM32Cube_FW_WB_V1.16.0/Middlewares/ST/STM32_WPAN/ble/core/auto/ble_l2cap_aci.h:23,
                 from C:/Users/KDS-LTP-0415/STM32Cube/Repository/STM32Cube_FW_WB_V1.16.0/Middlewares/ST/STM32_WPAN/ble/core/auto/ble_l2cap_aci.c:19:
C:/Users/KDS-LTP-0415/STM32Cube/Repository/STM32Cube_FW_WB_V1.16.0/Middlewares/ST/STM32_WPAN/ble/core/auto/ble_types.h:24:10: fatal error: ble_const.h: No such file or directory
   24 | #include "ble_const.h"
      |          ^~~~~~~~~~~~~
compilation terminated.
make: *** [Middlewares/STM32_WPAN/subdir.mk:76: Middlewares/STM32_WPAN/ble_hci_le.o] Error 1
make: *** [Middlewares/STM32_WPAN/subdir.mk:78: Middlewares/STM32_WPAN/ble_l2cap_aci.o] Error 1
In file included from C:/Users/KDS-LTP-0415/STM32Cube/Repository/STM32Cube_FW_WB_V1.16.0/Middlewares/ST/STM32_WPAN/utilities/dbg_trace.c:21:
C:/Users/KDS-LTP-0415/STM32Cube/Repository/STM32Cube_FW_WB_V1.16.0/Middlewares/ST/STM32_WPAN/utilities/utilities_common.h:34:10: fatal error: app_conf.h: No such file or directory
   34 | #include "app_conf.h"
      |          ^~~~~~~~~~~~
compilation terminated.
make: *** [Middlewares/STM32_WPAN/subdir.mk:80: Middlewares/STM32_WPAN/dbg_trace.o] Error 1
"make -j8 all" terminated with exit code 2. Build might be incomplete.

08:32:10 Build Failed. 17 errors, 0 warnings. (took 708ms)

